[2023-12-15T12:18:17.546+0000] {taskinstance.py:1159} INFO - Dependencies all met for dep_context=non-requeueable deps ti=<TaskInstance: snow_pipeline.data_loading_table2 manual__2023-12-15T12:18:14.095373+00:00 [queued]>
[2023-12-15T12:18:17.551+0000] {taskinstance.py:1159} INFO - Dependencies all met for dep_context=requeueable deps ti=<TaskInstance: snow_pipeline.data_loading_table2 manual__2023-12-15T12:18:14.095373+00:00 [queued]>
[2023-12-15T12:18:17.551+0000] {taskinstance.py:1361} INFO - Starting attempt 1 of 3
[2023-12-15T12:18:17.558+0000] {taskinstance.py:1382} INFO - Executing <Task(SnowflakeOperator): data_loading_table2> on 2023-12-15 12:18:14.095373+00:00
[2023-12-15T12:18:17.560+0000] {standard_task_runner.py:57} INFO - Started process 440 to run task
[2023-12-15T12:18:17.563+0000] {standard_task_runner.py:84} INFO - Running: ['***', 'tasks', 'run', 'snow_pipeline', 'data_loading_table2', 'manual__2023-12-15T12:18:14.095373+00:00', '--job-id', '245', '--raw', '--subdir', 'DAGS_FOLDER/snowflake_dag.py', '--cfg-path', '/tmp/tmp07fkcszt']
[2023-12-15T12:18:17.566+0000] {standard_task_runner.py:85} INFO - Job 245: Subtask data_loading_table2
[2023-12-15T12:18:17.602+0000] {task_command.py:416} INFO - Running <TaskInstance: snow_pipeline.data_loading_table2 manual__2023-12-15T12:18:14.095373+00:00 [running]> on host e65e9d73b232
[2023-12-15T12:18:17.650+0000] {taskinstance.py:1662} INFO - Exporting env vars: AIRFLOW_CTX_DAG_OWNER='sarthak' AIRFLOW_CTX_DAG_ID='snow_pipeline' AIRFLOW_CTX_TASK_ID='data_loading_table2' AIRFLOW_CTX_EXECUTION_DATE='2023-12-15T12:18:14.095373+00:00' AIRFLOW_CTX_TRY_NUMBER='1' AIRFLOW_CTX_DAG_RUN_ID='manual__2023-12-15T12:18:14.095373+00:00'
[2023-12-15T12:18:17.651+0000] {sql.py:274} INFO - Executing: 
insert into DEMO_DB2.DEMO_SCHEMA.webpage_sales(webpage_sk,orderno,qty,net_profit)
select WS_WEB_PAGE_SK,WS_ORDER_NUMBER,WS_QUANTITY,WS_NET_PROFIT from SNOWFLAKE_SAMPLE_DATA.TPCDS_SF100TCL.WEB_SALES
limit 50000;
[2023-12-15T12:18:17.657+0000] {base.py:73} INFO - Using connection ID 'snowflake_2' for task execution.
[2023-12-15T12:18:17.662+0000] {base.py:73} INFO - Using connection ID 'snowflake_2' for task execution.
[2023-12-15T12:18:17.663+0000] {connection.py:334} INFO - Snowflake Connector for Python Version: 3.3.1, Python Version: 3.8.18, Platform: Linux-6.5.11-linuxkit-aarch64-with-glibc2.17
[2023-12-15T12:18:17.663+0000] {connection.py:1103} INFO - This connection is in OCSP Fail Open Mode. TLS Certificates would be checked for validity and revocation status. Any other Certificate Revocation related exceptions or OCSP Responder failures would be disregarded in favor of connectivity.
[2023-12-15T12:18:17.664+0000] {connection.py:1121} INFO - Setting use_openssl_only mode to False
[2023-12-15T12:18:18.084+0000] {cursor.py:833} INFO - query: [ALTER SESSION SET autocommit=False]
[2023-12-15T12:18:18.184+0000] {cursor.py:846} INFO - query execution done
[2023-12-15T12:18:18.184+0000] {cursor.py:988} INFO - Number of results in first chunk: 1
[2023-12-15T12:18:18.185+0000] {sql.py:418} INFO - Running statement: insert into DEMO_DB2.DEMO_SCHEMA.webpage_sales(webpage_sk,orderno,qty,net_profit)
select WS_WEB_PAGE_SK,WS_ORDER_NUMBER,WS_QUANTITY,WS_NET_PROFIT from SNOWFLAKE_SAMPLE_DATA.TPCDS_SF100TCL.WEB_SALES
limit 50000;, parameters: None
[2023-12-15T12:18:18.185+0000] {cursor.py:833} INFO - query: [insert into DEMO_DB2.DEMO_SCHEMA.webpage_sales(webpage_sk,orderno,qty,net_profit...]
[2023-12-15T12:18:23.160+0000] {cursor.py:846} INFO - query execution done
[2023-12-15T12:18:23.162+0000] {sql.py:427} INFO - Rows affected: 50000
[2023-12-15T12:18:23.163+0000] {snowflake.py:400} INFO - Rows affected: 50000
[2023-12-15T12:18:23.164+0000] {snowflake.py:401} INFO - Snowflake query id: 01b10122-3200-f714-0007-4442000245ea
[2023-12-15T12:18:23.164+0000] {cursor.py:833} INFO - query: [COMMIT]
[2023-12-15T12:18:23.391+0000] {cursor.py:846} INFO - query execution done
[2023-12-15T12:18:23.397+0000] {cursor.py:988} INFO - Number of results in first chunk: 1
[2023-12-15T12:18:23.400+0000] {connection.py:677} INFO - closed
[2023-12-15T12:18:23.470+0000] {connection.py:683} INFO - No async queries seem to be running, deleting session
[2023-12-15T12:18:23.559+0000] {taskinstance.py:1400} INFO - Marking task as SUCCESS. dag_id=snow_pipeline, task_id=data_loading_table2, execution_date=20231215T121814, start_date=20231215T121817, end_date=20231215T121823
[2023-12-15T12:18:23.591+0000] {local_task_job_runner.py:228} INFO - Task exited with return code 0
[2023-12-15T12:18:23.603+0000] {taskinstance.py:2778} INFO - 1 downstream tasks scheduled from follow-on schedule check
