[2023-12-12T00:00:31.971+0000] {taskinstance.py:1159} INFO - Dependencies all met for dep_context=non-requeueable deps ti=<TaskInstance: s3_upload.s3_file_upload scheduled__2023-12-11T00:00:00+00:00 [queued]>
[2023-12-12T00:00:31.976+0000] {taskinstance.py:1159} INFO - Dependencies all met for dep_context=requeueable deps ti=<TaskInstance: s3_upload.s3_file_upload scheduled__2023-12-11T00:00:00+00:00 [queued]>
[2023-12-12T00:00:31.977+0000] {taskinstance.py:1361} INFO - Starting attempt 1 of 4
[2023-12-12T00:00:31.984+0000] {taskinstance.py:1382} INFO - Executing <Task(PythonOperator): s3_file_upload> on 2023-12-11 00:00:00+00:00
[2023-12-12T00:00:31.987+0000] {standard_task_runner.py:57} INFO - Started process 4246 to run task
[2023-12-12T00:00:31.990+0000] {standard_task_runner.py:84} INFO - Running: ['***', 'tasks', 'run', 's3_upload', 's3_file_upload', 'scheduled__2023-12-11T00:00:00+00:00', '--job-id', '28', '--raw', '--subdir', 'DAGS_FOLDER/s3_upload_dag.py', '--cfg-path', '/tmp/tmpm46uomcw']
[2023-12-12T00:00:31.992+0000] {standard_task_runner.py:85} INFO - Job 28: Subtask s3_file_upload
[2023-12-12T00:00:32.019+0000] {task_command.py:416} INFO - Running <TaskInstance: s3_upload.s3_file_upload scheduled__2023-12-11T00:00:00+00:00 [running]> on host 7e4ff88a419b
[2023-12-12T00:00:32.082+0000] {taskinstance.py:1662} INFO - Exporting env vars: AIRFLOW_CTX_DAG_OWNER='sarthak' AIRFLOW_CTX_DAG_ID='s3_upload' AIRFLOW_CTX_TASK_ID='s3_file_upload' AIRFLOW_CTX_EXECUTION_DATE='2023-12-11T00:00:00+00:00' AIRFLOW_CTX_TRY_NUMBER='1' AIRFLOW_CTX_DAG_RUN_ID='scheduled__2023-12-11T00:00:00+00:00'
[2023-12-12T00:00:34.485+0000] {logging_mixin.py:154} INFO - upload completed
[2023-12-12T00:00:34.486+0000] {python.py:194} INFO - Done. Returned value was: None
[2023-12-12T00:00:34.494+0000] {taskinstance.py:1400} INFO - Marking task as SUCCESS. dag_id=s3_upload, task_id=s3_file_upload, execution_date=20231211T000000, start_date=20231212T000031, end_date=20231212T000034
[2023-12-12T00:00:34.535+0000] {local_task_job_runner.py:228} INFO - Task exited with return code 0
[2023-12-12T00:00:34.549+0000] {taskinstance.py:2778} INFO - 0 downstream tasks scheduled from follow-on schedule check
[2023-12-12T06:29:38.106+0000] {taskinstance.py:1159} INFO - Dependencies all met for dep_context=non-requeueable deps ti=<TaskInstance: s3_upload.s3_file_upload scheduled__2023-12-11T00:00:00+00:00 [queued]>
[2023-12-12T06:29:38.112+0000] {taskinstance.py:1159} INFO - Dependencies all met for dep_context=requeueable deps ti=<TaskInstance: s3_upload.s3_file_upload scheduled__2023-12-11T00:00:00+00:00 [queued]>
[2023-12-12T06:29:38.112+0000] {taskinstance.py:1361} INFO - Starting attempt 1 of 4
[2023-12-12T06:29:38.120+0000] {taskinstance.py:1382} INFO - Executing <Task(PythonOperator): s3_file_upload> on 2023-12-11 00:00:00+00:00
[2023-12-12T06:29:38.124+0000] {standard_task_runner.py:57} INFO - Started process 393 to run task
[2023-12-12T06:29:38.127+0000] {standard_task_runner.py:84} INFO - Running: ['***', 'tasks', 'run', 's3_upload', 's3_file_upload', 'scheduled__2023-12-11T00:00:00+00:00', '--job-id', '4', '--raw', '--subdir', 'DAGS_FOLDER/s3_upload_dag.py', '--cfg-path', '/tmp/tmpiaz__4f4']
[2023-12-12T06:29:38.129+0000] {standard_task_runner.py:85} INFO - Job 4: Subtask s3_file_upload
[2023-12-12T06:29:38.163+0000] {task_command.py:416} INFO - Running <TaskInstance: s3_upload.s3_file_upload scheduled__2023-12-11T00:00:00+00:00 [running]> on host 5a4938192ef0
[2023-12-12T06:29:38.209+0000] {taskinstance.py:1662} INFO - Exporting env vars: AIRFLOW_CTX_DAG_OWNER='sarthak' AIRFLOW_CTX_DAG_ID='s3_upload' AIRFLOW_CTX_TASK_ID='s3_file_upload' AIRFLOW_CTX_EXECUTION_DATE='2023-12-11T00:00:00+00:00' AIRFLOW_CTX_TRY_NUMBER='1' AIRFLOW_CTX_DAG_RUN_ID='scheduled__2023-12-11T00:00:00+00:00'
[2023-12-12T06:29:40.520+0000] {logging_mixin.py:154} INFO - upload completed
[2023-12-12T06:29:40.521+0000] {python.py:194} INFO - Done. Returned value was: None
[2023-12-12T06:29:40.532+0000] {taskinstance.py:1400} INFO - Marking task as SUCCESS. dag_id=s3_upload, task_id=s3_file_upload, execution_date=20231211T000000, start_date=20231212T062938, end_date=20231212T062940
[2023-12-12T06:29:40.581+0000] {local_task_job_runner.py:228} INFO - Task exited with return code 0
[2023-12-12T06:29:40.598+0000] {taskinstance.py:2778} INFO - 0 downstream tasks scheduled from follow-on schedule check
