[2023-12-09T14:08:17.486+0000] {processor.py:157} INFO - Started process (PID=206) to work on /home/airflow/.local/lib/python3.8/site-packages/airflow/example_dags/example_kubernetes_executor.py
[2023-12-09T14:08:17.487+0000] {processor.py:829} INFO - Processing file /home/airflow/.local/lib/python3.8/site-packages/airflow/example_dags/example_kubernetes_executor.py for tasks to queue
[2023-12-09T14:08:17.487+0000] {logging_mixin.py:154} INFO - [2023-12-09T14:08:17.487+0000] {dagbag.py:536} INFO - Filling up the DagBag from /home/airflow/.local/lib/python3.8/site-packages/airflow/example_dags/example_kubernetes_executor.py
[2023-12-09T14:08:17.498+0000] {processor.py:839} INFO - DAG(s) dict_keys(['example_kubernetes_executor']) retrieved from /home/airflow/.local/lib/python3.8/site-packages/airflow/example_dags/example_kubernetes_executor.py
[2023-12-09T14:08:17.505+0000] {logging_mixin.py:154} INFO - [2023-12-09T14:08:17.505+0000] {dag.py:2941} INFO - Sync 1 DAGs
[2023-12-09T14:08:17.515+0000] {logging_mixin.py:154} INFO - [2023-12-09T14:08:17.515+0000] {dag.py:3722} INFO - Setting next_dagrun for example_kubernetes_executor to None, run_after=None
[2023-12-09T14:08:17.524+0000] {processor.py:179} INFO - Processing /home/airflow/.local/lib/python3.8/site-packages/airflow/example_dags/example_kubernetes_executor.py took 0.040 seconds
[2023-12-09T14:08:47.976+0000] {processor.py:157} INFO - Started process (PID=446) to work on /home/airflow/.local/lib/python3.8/site-packages/airflow/example_dags/example_kubernetes_executor.py
[2023-12-09T14:08:47.977+0000] {processor.py:829} INFO - Processing file /home/airflow/.local/lib/python3.8/site-packages/airflow/example_dags/example_kubernetes_executor.py for tasks to queue
[2023-12-09T14:08:47.977+0000] {logging_mixin.py:154} INFO - [2023-12-09T14:08:47.977+0000] {dagbag.py:536} INFO - Filling up the DagBag from /home/airflow/.local/lib/python3.8/site-packages/airflow/example_dags/example_kubernetes_executor.py
[2023-12-09T14:08:47.985+0000] {processor.py:839} INFO - DAG(s) dict_keys(['example_kubernetes_executor']) retrieved from /home/airflow/.local/lib/python3.8/site-packages/airflow/example_dags/example_kubernetes_executor.py
[2023-12-09T14:08:48.009+0000] {logging_mixin.py:154} INFO - [2023-12-09T14:08:48.009+0000] {dag.py:2941} INFO - Sync 1 DAGs
[2023-12-09T14:08:48.015+0000] {logging_mixin.py:154} INFO - [2023-12-09T14:08:48.015+0000] {dag.py:3722} INFO - Setting next_dagrun for example_kubernetes_executor to None, run_after=None
[2023-12-09T14:08:48.022+0000] {processor.py:179} INFO - Processing /home/airflow/.local/lib/python3.8/site-packages/airflow/example_dags/example_kubernetes_executor.py took 0.048 seconds
[2023-12-09T14:09:18.748+0000] {processor.py:157} INFO - Started process (PID=682) to work on /home/airflow/.local/lib/python3.8/site-packages/airflow/example_dags/example_kubernetes_executor.py
[2023-12-09T14:09:18.749+0000] {processor.py:829} INFO - Processing file /home/airflow/.local/lib/python3.8/site-packages/airflow/example_dags/example_kubernetes_executor.py for tasks to queue
[2023-12-09T14:09:18.750+0000] {logging_mixin.py:154} INFO - [2023-12-09T14:09:18.749+0000] {dagbag.py:536} INFO - Filling up the DagBag from /home/airflow/.local/lib/python3.8/site-packages/airflow/example_dags/example_kubernetes_executor.py
[2023-12-09T14:09:18.758+0000] {processor.py:839} INFO - DAG(s) dict_keys(['example_kubernetes_executor']) retrieved from /home/airflow/.local/lib/python3.8/site-packages/airflow/example_dags/example_kubernetes_executor.py
[2023-12-09T14:09:18.780+0000] {logging_mixin.py:154} INFO - [2023-12-09T14:09:18.780+0000] {dag.py:2941} INFO - Sync 1 DAGs
[2023-12-09T14:09:18.787+0000] {logging_mixin.py:154} INFO - [2023-12-09T14:09:18.787+0000] {dag.py:3722} INFO - Setting next_dagrun for example_kubernetes_executor to None, run_after=None
[2023-12-09T14:09:18.795+0000] {processor.py:179} INFO - Processing /home/airflow/.local/lib/python3.8/site-packages/airflow/example_dags/example_kubernetes_executor.py took 0.050 seconds
[2023-12-09T14:09:48.910+0000] {processor.py:157} INFO - Started process (PID=920) to work on /home/airflow/.local/lib/python3.8/site-packages/airflow/example_dags/example_kubernetes_executor.py
[2023-12-09T14:09:48.911+0000] {processor.py:829} INFO - Processing file /home/airflow/.local/lib/python3.8/site-packages/airflow/example_dags/example_kubernetes_executor.py for tasks to queue
[2023-12-09T14:09:48.911+0000] {logging_mixin.py:154} INFO - [2023-12-09T14:09:48.911+0000] {dagbag.py:536} INFO - Filling up the DagBag from /home/airflow/.local/lib/python3.8/site-packages/airflow/example_dags/example_kubernetes_executor.py
[2023-12-09T14:09:48.920+0000] {processor.py:839} INFO - DAG(s) dict_keys(['example_kubernetes_executor']) retrieved from /home/airflow/.local/lib/python3.8/site-packages/airflow/example_dags/example_kubernetes_executor.py
[2023-12-09T14:09:48.943+0000] {logging_mixin.py:154} INFO - [2023-12-09T14:09:48.943+0000] {dag.py:2941} INFO - Sync 1 DAGs
[2023-12-09T14:09:48.949+0000] {logging_mixin.py:154} INFO - [2023-12-09T14:09:48.949+0000] {dag.py:3722} INFO - Setting next_dagrun for example_kubernetes_executor to None, run_after=None
[2023-12-09T14:09:48.958+0000] {processor.py:179} INFO - Processing /home/airflow/.local/lib/python3.8/site-packages/airflow/example_dags/example_kubernetes_executor.py took 0.050 seconds
[2023-12-09T14:10:18.981+0000] {processor.py:157} INFO - Started process (PID=1158) to work on /home/airflow/.local/lib/python3.8/site-packages/airflow/example_dags/example_kubernetes_executor.py
[2023-12-09T14:10:18.982+0000] {processor.py:829} INFO - Processing file /home/airflow/.local/lib/python3.8/site-packages/airflow/example_dags/example_kubernetes_executor.py for tasks to queue
[2023-12-09T14:10:18.982+0000] {logging_mixin.py:154} INFO - [2023-12-09T14:10:18.982+0000] {dagbag.py:536} INFO - Filling up the DagBag from /home/airflow/.local/lib/python3.8/site-packages/airflow/example_dags/example_kubernetes_executor.py
[2023-12-09T14:10:18.990+0000] {processor.py:839} INFO - DAG(s) dict_keys(['example_kubernetes_executor']) retrieved from /home/airflow/.local/lib/python3.8/site-packages/airflow/example_dags/example_kubernetes_executor.py
[2023-12-09T14:10:19.013+0000] {logging_mixin.py:154} INFO - [2023-12-09T14:10:19.013+0000] {dag.py:2941} INFO - Sync 1 DAGs
[2023-12-09T14:10:19.020+0000] {logging_mixin.py:154} INFO - [2023-12-09T14:10:19.020+0000] {dag.py:3722} INFO - Setting next_dagrun for example_kubernetes_executor to None, run_after=None
[2023-12-09T14:10:19.029+0000] {processor.py:179} INFO - Processing /home/airflow/.local/lib/python3.8/site-packages/airflow/example_dags/example_kubernetes_executor.py took 0.050 seconds
[2023-12-09T14:10:49.852+0000] {processor.py:157} INFO - Started process (PID=1396) to work on /home/airflow/.local/lib/python3.8/site-packages/airflow/example_dags/example_kubernetes_executor.py
[2023-12-09T14:10:49.852+0000] {processor.py:829} INFO - Processing file /home/airflow/.local/lib/python3.8/site-packages/airflow/example_dags/example_kubernetes_executor.py for tasks to queue
[2023-12-09T14:10:49.853+0000] {logging_mixin.py:154} INFO - [2023-12-09T14:10:49.853+0000] {dagbag.py:536} INFO - Filling up the DagBag from /home/airflow/.local/lib/python3.8/site-packages/airflow/example_dags/example_kubernetes_executor.py
[2023-12-09T14:10:49.861+0000] {processor.py:839} INFO - DAG(s) dict_keys(['example_kubernetes_executor']) retrieved from /home/airflow/.local/lib/python3.8/site-packages/airflow/example_dags/example_kubernetes_executor.py
[2023-12-09T14:10:49.883+0000] {logging_mixin.py:154} INFO - [2023-12-09T14:10:49.882+0000] {dag.py:2941} INFO - Sync 1 DAGs
[2023-12-09T14:10:49.889+0000] {logging_mixin.py:154} INFO - [2023-12-09T14:10:49.889+0000] {dag.py:3722} INFO - Setting next_dagrun for example_kubernetes_executor to None, run_after=None
[2023-12-09T14:10:49.898+0000] {processor.py:179} INFO - Processing /home/airflow/.local/lib/python3.8/site-packages/airflow/example_dags/example_kubernetes_executor.py took 0.048 seconds
[2023-12-09T14:11:20.683+0000] {processor.py:157} INFO - Started process (PID=1634) to work on /home/airflow/.local/lib/python3.8/site-packages/airflow/example_dags/example_kubernetes_executor.py
[2023-12-09T14:11:20.684+0000] {processor.py:829} INFO - Processing file /home/airflow/.local/lib/python3.8/site-packages/airflow/example_dags/example_kubernetes_executor.py for tasks to queue
[2023-12-09T14:11:20.685+0000] {logging_mixin.py:154} INFO - [2023-12-09T14:11:20.685+0000] {dagbag.py:536} INFO - Filling up the DagBag from /home/airflow/.local/lib/python3.8/site-packages/airflow/example_dags/example_kubernetes_executor.py
[2023-12-09T14:11:20.694+0000] {processor.py:839} INFO - DAG(s) dict_keys(['example_kubernetes_executor']) retrieved from /home/airflow/.local/lib/python3.8/site-packages/airflow/example_dags/example_kubernetes_executor.py
[2023-12-09T14:11:20.721+0000] {logging_mixin.py:154} INFO - [2023-12-09T14:11:20.721+0000] {dag.py:2941} INFO - Sync 1 DAGs
[2023-12-09T14:11:20.730+0000] {logging_mixin.py:154} INFO - [2023-12-09T14:11:20.730+0000] {dag.py:3722} INFO - Setting next_dagrun for example_kubernetes_executor to None, run_after=None
[2023-12-09T14:11:20.768+0000] {processor.py:179} INFO - Processing /home/airflow/.local/lib/python3.8/site-packages/airflow/example_dags/example_kubernetes_executor.py took 0.088 seconds
[2023-12-09T14:11:50.854+0000] {processor.py:157} INFO - Started process (PID=1874) to work on /home/airflow/.local/lib/python3.8/site-packages/airflow/example_dags/example_kubernetes_executor.py
[2023-12-09T14:11:50.855+0000] {processor.py:829} INFO - Processing file /home/airflow/.local/lib/python3.8/site-packages/airflow/example_dags/example_kubernetes_executor.py for tasks to queue
[2023-12-09T14:11:50.855+0000] {logging_mixin.py:154} INFO - [2023-12-09T14:11:50.855+0000] {dagbag.py:536} INFO - Filling up the DagBag from /home/airflow/.local/lib/python3.8/site-packages/airflow/example_dags/example_kubernetes_executor.py
[2023-12-09T14:11:50.865+0000] {processor.py:839} INFO - DAG(s) dict_keys(['example_kubernetes_executor']) retrieved from /home/airflow/.local/lib/python3.8/site-packages/airflow/example_dags/example_kubernetes_executor.py
[2023-12-09T14:11:50.887+0000] {logging_mixin.py:154} INFO - [2023-12-09T14:11:50.887+0000] {dag.py:2941} INFO - Sync 1 DAGs
[2023-12-09T14:11:50.894+0000] {logging_mixin.py:154} INFO - [2023-12-09T14:11:50.894+0000] {dag.py:3722} INFO - Setting next_dagrun for example_kubernetes_executor to None, run_after=None
[2023-12-09T14:11:50.903+0000] {processor.py:179} INFO - Processing /home/airflow/.local/lib/python3.8/site-packages/airflow/example_dags/example_kubernetes_executor.py took 0.052 seconds
[2023-12-09T14:12:21.038+0000] {processor.py:157} INFO - Started process (PID=2112) to work on /home/airflow/.local/lib/python3.8/site-packages/airflow/example_dags/example_kubernetes_executor.py
[2023-12-09T14:12:21.039+0000] {processor.py:829} INFO - Processing file /home/airflow/.local/lib/python3.8/site-packages/airflow/example_dags/example_kubernetes_executor.py for tasks to queue
[2023-12-09T14:12:21.039+0000] {logging_mixin.py:154} INFO - [2023-12-09T14:12:21.039+0000] {dagbag.py:536} INFO - Filling up the DagBag from /home/airflow/.local/lib/python3.8/site-packages/airflow/example_dags/example_kubernetes_executor.py
[2023-12-09T14:12:21.048+0000] {processor.py:839} INFO - DAG(s) dict_keys(['example_kubernetes_executor']) retrieved from /home/airflow/.local/lib/python3.8/site-packages/airflow/example_dags/example_kubernetes_executor.py
[2023-12-09T14:12:21.068+0000] {logging_mixin.py:154} INFO - [2023-12-09T14:12:21.068+0000] {dag.py:2941} INFO - Sync 1 DAGs
[2023-12-09T14:12:21.075+0000] {logging_mixin.py:154} INFO - [2023-12-09T14:12:21.075+0000] {dag.py:3722} INFO - Setting next_dagrun for example_kubernetes_executor to None, run_after=None
[2023-12-09T14:12:21.084+0000] {processor.py:179} INFO - Processing /home/airflow/.local/lib/python3.8/site-packages/airflow/example_dags/example_kubernetes_executor.py took 0.054 seconds
[2023-12-09T14:12:51.712+0000] {processor.py:157} INFO - Started process (PID=2348) to work on /home/airflow/.local/lib/python3.8/site-packages/airflow/example_dags/example_kubernetes_executor.py
[2023-12-09T14:12:51.712+0000] {processor.py:829} INFO - Processing file /home/airflow/.local/lib/python3.8/site-packages/airflow/example_dags/example_kubernetes_executor.py for tasks to queue
[2023-12-09T14:12:51.713+0000] {logging_mixin.py:154} INFO - [2023-12-09T14:12:51.713+0000] {dagbag.py:536} INFO - Filling up the DagBag from /home/airflow/.local/lib/python3.8/site-packages/airflow/example_dags/example_kubernetes_executor.py
[2023-12-09T14:12:51.723+0000] {processor.py:839} INFO - DAG(s) dict_keys(['example_kubernetes_executor']) retrieved from /home/airflow/.local/lib/python3.8/site-packages/airflow/example_dags/example_kubernetes_executor.py
[2023-12-09T14:12:51.746+0000] {logging_mixin.py:154} INFO - [2023-12-09T14:12:51.746+0000] {dag.py:2941} INFO - Sync 1 DAGs
[2023-12-09T14:12:51.754+0000] {logging_mixin.py:154} INFO - [2023-12-09T14:12:51.754+0000] {dag.py:3722} INFO - Setting next_dagrun for example_kubernetes_executor to None, run_after=None
[2023-12-09T14:12:51.770+0000] {processor.py:179} INFO - Processing /home/airflow/.local/lib/python3.8/site-packages/airflow/example_dags/example_kubernetes_executor.py took 0.061 seconds
[2023-12-09T14:13:21.788+0000] {processor.py:157} INFO - Started process (PID=2586) to work on /home/airflow/.local/lib/python3.8/site-packages/airflow/example_dags/example_kubernetes_executor.py
[2023-12-09T14:13:21.789+0000] {processor.py:829} INFO - Processing file /home/airflow/.local/lib/python3.8/site-packages/airflow/example_dags/example_kubernetes_executor.py for tasks to queue
[2023-12-09T14:13:21.789+0000] {logging_mixin.py:154} INFO - [2023-12-09T14:13:21.789+0000] {dagbag.py:536} INFO - Filling up the DagBag from /home/airflow/.local/lib/python3.8/site-packages/airflow/example_dags/example_kubernetes_executor.py
[2023-12-09T14:13:21.797+0000] {processor.py:839} INFO - DAG(s) dict_keys(['example_kubernetes_executor']) retrieved from /home/airflow/.local/lib/python3.8/site-packages/airflow/example_dags/example_kubernetes_executor.py
[2023-12-09T14:13:21.818+0000] {logging_mixin.py:154} INFO - [2023-12-09T14:13:21.818+0000] {dag.py:2941} INFO - Sync 1 DAGs
[2023-12-09T14:13:21.824+0000] {logging_mixin.py:154} INFO - [2023-12-09T14:13:21.824+0000] {dag.py:3722} INFO - Setting next_dagrun for example_kubernetes_executor to None, run_after=None
[2023-12-09T14:13:21.834+0000] {processor.py:179} INFO - Processing /home/airflow/.local/lib/python3.8/site-packages/airflow/example_dags/example_kubernetes_executor.py took 0.048 seconds
[2023-12-09T14:13:52.606+0000] {processor.py:157} INFO - Started process (PID=2824) to work on /home/airflow/.local/lib/python3.8/site-packages/airflow/example_dags/example_kubernetes_executor.py
[2023-12-09T14:13:52.607+0000] {processor.py:829} INFO - Processing file /home/airflow/.local/lib/python3.8/site-packages/airflow/example_dags/example_kubernetes_executor.py for tasks to queue
[2023-12-09T14:13:52.607+0000] {logging_mixin.py:154} INFO - [2023-12-09T14:13:52.607+0000] {dagbag.py:536} INFO - Filling up the DagBag from /home/airflow/.local/lib/python3.8/site-packages/airflow/example_dags/example_kubernetes_executor.py
[2023-12-09T14:13:52.615+0000] {processor.py:839} INFO - DAG(s) dict_keys(['example_kubernetes_executor']) retrieved from /home/airflow/.local/lib/python3.8/site-packages/airflow/example_dags/example_kubernetes_executor.py
[2023-12-09T14:13:52.637+0000] {logging_mixin.py:154} INFO - [2023-12-09T14:13:52.636+0000] {dag.py:2941} INFO - Sync 1 DAGs
[2023-12-09T14:13:52.643+0000] {logging_mixin.py:154} INFO - [2023-12-09T14:13:52.643+0000] {dag.py:3722} INFO - Setting next_dagrun for example_kubernetes_executor to None, run_after=None
[2023-12-09T14:13:52.651+0000] {processor.py:179} INFO - Processing /home/airflow/.local/lib/python3.8/site-packages/airflow/example_dags/example_kubernetes_executor.py took 0.048 seconds
[2023-12-09T14:14:23.340+0000] {processor.py:157} INFO - Started process (PID=3062) to work on /home/airflow/.local/lib/python3.8/site-packages/airflow/example_dags/example_kubernetes_executor.py
[2023-12-09T14:14:23.340+0000] {processor.py:829} INFO - Processing file /home/airflow/.local/lib/python3.8/site-packages/airflow/example_dags/example_kubernetes_executor.py for tasks to queue
[2023-12-09T14:14:23.341+0000] {logging_mixin.py:154} INFO - [2023-12-09T14:14:23.341+0000] {dagbag.py:536} INFO - Filling up the DagBag from /home/airflow/.local/lib/python3.8/site-packages/airflow/example_dags/example_kubernetes_executor.py
[2023-12-09T14:14:23.349+0000] {processor.py:839} INFO - DAG(s) dict_keys(['example_kubernetes_executor']) retrieved from /home/airflow/.local/lib/python3.8/site-packages/airflow/example_dags/example_kubernetes_executor.py
[2023-12-09T14:14:23.370+0000] {logging_mixin.py:154} INFO - [2023-12-09T14:14:23.370+0000] {dag.py:2941} INFO - Sync 1 DAGs
[2023-12-09T14:14:23.377+0000] {logging_mixin.py:154} INFO - [2023-12-09T14:14:23.377+0000] {dag.py:3722} INFO - Setting next_dagrun for example_kubernetes_executor to None, run_after=None
[2023-12-09T14:14:23.385+0000] {processor.py:179} INFO - Processing /home/airflow/.local/lib/python3.8/site-packages/airflow/example_dags/example_kubernetes_executor.py took 0.048 seconds
[2023-12-09T14:14:54.126+0000] {processor.py:157} INFO - Started process (PID=3300) to work on /home/airflow/.local/lib/python3.8/site-packages/airflow/example_dags/example_kubernetes_executor.py
[2023-12-09T14:14:54.127+0000] {processor.py:829} INFO - Processing file /home/airflow/.local/lib/python3.8/site-packages/airflow/example_dags/example_kubernetes_executor.py for tasks to queue
[2023-12-09T14:14:54.128+0000] {logging_mixin.py:154} INFO - [2023-12-09T14:14:54.128+0000] {dagbag.py:536} INFO - Filling up the DagBag from /home/airflow/.local/lib/python3.8/site-packages/airflow/example_dags/example_kubernetes_executor.py
[2023-12-09T14:14:54.136+0000] {processor.py:839} INFO - DAG(s) dict_keys(['example_kubernetes_executor']) retrieved from /home/airflow/.local/lib/python3.8/site-packages/airflow/example_dags/example_kubernetes_executor.py
[2023-12-09T14:14:54.158+0000] {logging_mixin.py:154} INFO - [2023-12-09T14:14:54.158+0000] {dag.py:2941} INFO - Sync 1 DAGs
[2023-12-09T14:14:54.164+0000] {logging_mixin.py:154} INFO - [2023-12-09T14:14:54.164+0000] {dag.py:3722} INFO - Setting next_dagrun for example_kubernetes_executor to None, run_after=None
[2023-12-09T14:14:54.173+0000] {processor.py:179} INFO - Processing /home/airflow/.local/lib/python3.8/site-packages/airflow/example_dags/example_kubernetes_executor.py took 0.049 seconds
[2023-12-09T14:15:24.849+0000] {processor.py:157} INFO - Started process (PID=3538) to work on /home/airflow/.local/lib/python3.8/site-packages/airflow/example_dags/example_kubernetes_executor.py
[2023-12-09T14:15:24.850+0000] {processor.py:829} INFO - Processing file /home/airflow/.local/lib/python3.8/site-packages/airflow/example_dags/example_kubernetes_executor.py for tasks to queue
[2023-12-09T14:15:24.851+0000] {logging_mixin.py:154} INFO - [2023-12-09T14:15:24.851+0000] {dagbag.py:536} INFO - Filling up the DagBag from /home/airflow/.local/lib/python3.8/site-packages/airflow/example_dags/example_kubernetes_executor.py
[2023-12-09T14:15:24.859+0000] {processor.py:839} INFO - DAG(s) dict_keys(['example_kubernetes_executor']) retrieved from /home/airflow/.local/lib/python3.8/site-packages/airflow/example_dags/example_kubernetes_executor.py
[2023-12-09T14:15:24.881+0000] {logging_mixin.py:154} INFO - [2023-12-09T14:15:24.880+0000] {dag.py:2941} INFO - Sync 1 DAGs
[2023-12-09T14:15:24.887+0000] {logging_mixin.py:154} INFO - [2023-12-09T14:15:24.887+0000] {dag.py:3722} INFO - Setting next_dagrun for example_kubernetes_executor to None, run_after=None
[2023-12-09T14:15:24.896+0000] {processor.py:179} INFO - Processing /home/airflow/.local/lib/python3.8/site-packages/airflow/example_dags/example_kubernetes_executor.py took 0.049 seconds
[2023-12-09T14:15:55.682+0000] {processor.py:157} INFO - Started process (PID=3776) to work on /home/airflow/.local/lib/python3.8/site-packages/airflow/example_dags/example_kubernetes_executor.py
[2023-12-09T14:15:55.683+0000] {processor.py:829} INFO - Processing file /home/airflow/.local/lib/python3.8/site-packages/airflow/example_dags/example_kubernetes_executor.py for tasks to queue
[2023-12-09T14:15:55.684+0000] {logging_mixin.py:154} INFO - [2023-12-09T14:15:55.684+0000] {dagbag.py:536} INFO - Filling up the DagBag from /home/airflow/.local/lib/python3.8/site-packages/airflow/example_dags/example_kubernetes_executor.py
[2023-12-09T14:15:55.695+0000] {processor.py:839} INFO - DAG(s) dict_keys(['example_kubernetes_executor']) retrieved from /home/airflow/.local/lib/python3.8/site-packages/airflow/example_dags/example_kubernetes_executor.py
[2023-12-09T14:15:55.720+0000] {logging_mixin.py:154} INFO - [2023-12-09T14:15:55.720+0000] {dag.py:2941} INFO - Sync 1 DAGs
[2023-12-09T14:15:55.728+0000] {logging_mixin.py:154} INFO - [2023-12-09T14:15:55.728+0000] {dag.py:3722} INFO - Setting next_dagrun for example_kubernetes_executor to None, run_after=None
[2023-12-09T14:15:55.742+0000] {processor.py:179} INFO - Processing /home/airflow/.local/lib/python3.8/site-packages/airflow/example_dags/example_kubernetes_executor.py took 0.061 seconds
[2023-12-09T14:16:25.770+0000] {processor.py:157} INFO - Started process (PID=4014) to work on /home/airflow/.local/lib/python3.8/site-packages/airflow/example_dags/example_kubernetes_executor.py
[2023-12-09T14:16:25.771+0000] {processor.py:829} INFO - Processing file /home/airflow/.local/lib/python3.8/site-packages/airflow/example_dags/example_kubernetes_executor.py for tasks to queue
[2023-12-09T14:16:25.771+0000] {logging_mixin.py:154} INFO - [2023-12-09T14:16:25.771+0000] {dagbag.py:536} INFO - Filling up the DagBag from /home/airflow/.local/lib/python3.8/site-packages/airflow/example_dags/example_kubernetes_executor.py
[2023-12-09T14:16:25.785+0000] {processor.py:839} INFO - DAG(s) dict_keys(['example_kubernetes_executor']) retrieved from /home/airflow/.local/lib/python3.8/site-packages/airflow/example_dags/example_kubernetes_executor.py
[2023-12-09T14:16:25.809+0000] {logging_mixin.py:154} INFO - [2023-12-09T14:16:25.809+0000] {dag.py:2941} INFO - Sync 1 DAGs
[2023-12-09T14:16:25.815+0000] {logging_mixin.py:154} INFO - [2023-12-09T14:16:25.815+0000] {dag.py:3722} INFO - Setting next_dagrun for example_kubernetes_executor to None, run_after=None
[2023-12-09T14:16:25.826+0000] {processor.py:179} INFO - Processing /home/airflow/.local/lib/python3.8/site-packages/airflow/example_dags/example_kubernetes_executor.py took 0.058 seconds
[2023-12-09T14:16:56.421+0000] {processor.py:157} INFO - Started process (PID=4252) to work on /home/airflow/.local/lib/python3.8/site-packages/airflow/example_dags/example_kubernetes_executor.py
[2023-12-09T14:16:56.421+0000] {processor.py:829} INFO - Processing file /home/airflow/.local/lib/python3.8/site-packages/airflow/example_dags/example_kubernetes_executor.py for tasks to queue
[2023-12-09T14:16:56.422+0000] {logging_mixin.py:154} INFO - [2023-12-09T14:16:56.422+0000] {dagbag.py:536} INFO - Filling up the DagBag from /home/airflow/.local/lib/python3.8/site-packages/airflow/example_dags/example_kubernetes_executor.py
[2023-12-09T14:16:56.430+0000] {processor.py:839} INFO - DAG(s) dict_keys(['example_kubernetes_executor']) retrieved from /home/airflow/.local/lib/python3.8/site-packages/airflow/example_dags/example_kubernetes_executor.py
[2023-12-09T14:16:56.451+0000] {logging_mixin.py:154} INFO - [2023-12-09T14:16:56.451+0000] {dag.py:2941} INFO - Sync 1 DAGs
[2023-12-09T14:16:56.458+0000] {logging_mixin.py:154} INFO - [2023-12-09T14:16:56.458+0000] {dag.py:3722} INFO - Setting next_dagrun for example_kubernetes_executor to None, run_after=None
[2023-12-09T14:16:56.466+0000] {processor.py:179} INFO - Processing /home/airflow/.local/lib/python3.8/site-packages/airflow/example_dags/example_kubernetes_executor.py took 0.048 seconds
[2023-12-09T14:17:27.085+0000] {processor.py:157} INFO - Started process (PID=4490) to work on /home/airflow/.local/lib/python3.8/site-packages/airflow/example_dags/example_kubernetes_executor.py
[2023-12-09T14:17:27.086+0000] {processor.py:829} INFO - Processing file /home/airflow/.local/lib/python3.8/site-packages/airflow/example_dags/example_kubernetes_executor.py for tasks to queue
[2023-12-09T14:17:27.087+0000] {logging_mixin.py:154} INFO - [2023-12-09T14:17:27.086+0000] {dagbag.py:536} INFO - Filling up the DagBag from /home/airflow/.local/lib/python3.8/site-packages/airflow/example_dags/example_kubernetes_executor.py
[2023-12-09T14:17:27.095+0000] {processor.py:839} INFO - DAG(s) dict_keys(['example_kubernetes_executor']) retrieved from /home/airflow/.local/lib/python3.8/site-packages/airflow/example_dags/example_kubernetes_executor.py
[2023-12-09T14:17:27.117+0000] {logging_mixin.py:154} INFO - [2023-12-09T14:17:27.117+0000] {dag.py:2941} INFO - Sync 1 DAGs
[2023-12-09T14:17:27.124+0000] {logging_mixin.py:154} INFO - [2023-12-09T14:17:27.124+0000] {dag.py:3722} INFO - Setting next_dagrun for example_kubernetes_executor to None, run_after=None
[2023-12-09T14:17:27.133+0000] {processor.py:179} INFO - Processing /home/airflow/.local/lib/python3.8/site-packages/airflow/example_dags/example_kubernetes_executor.py took 0.050 seconds
[2023-12-09T14:17:57.914+0000] {processor.py:157} INFO - Started process (PID=4728) to work on /home/airflow/.local/lib/python3.8/site-packages/airflow/example_dags/example_kubernetes_executor.py
[2023-12-09T14:17:57.915+0000] {processor.py:829} INFO - Processing file /home/airflow/.local/lib/python3.8/site-packages/airflow/example_dags/example_kubernetes_executor.py for tasks to queue
[2023-12-09T14:17:57.916+0000] {logging_mixin.py:154} INFO - [2023-12-09T14:17:57.916+0000] {dagbag.py:536} INFO - Filling up the DagBag from /home/airflow/.local/lib/python3.8/site-packages/airflow/example_dags/example_kubernetes_executor.py
[2023-12-09T14:17:57.924+0000] {processor.py:839} INFO - DAG(s) dict_keys(['example_kubernetes_executor']) retrieved from /home/airflow/.local/lib/python3.8/site-packages/airflow/example_dags/example_kubernetes_executor.py
[2023-12-09T14:17:57.948+0000] {logging_mixin.py:154} INFO - [2023-12-09T14:17:57.948+0000] {dag.py:2941} INFO - Sync 1 DAGs
[2023-12-09T14:17:57.955+0000] {logging_mixin.py:154} INFO - [2023-12-09T14:17:57.955+0000] {dag.py:3722} INFO - Setting next_dagrun for example_kubernetes_executor to None, run_after=None
[2023-12-09T14:17:57.964+0000] {processor.py:179} INFO - Processing /home/airflow/.local/lib/python3.8/site-packages/airflow/example_dags/example_kubernetes_executor.py took 0.052 seconds
[2023-12-09T14:18:28.707+0000] {processor.py:157} INFO - Started process (PID=4966) to work on /home/airflow/.local/lib/python3.8/site-packages/airflow/example_dags/example_kubernetes_executor.py
[2023-12-09T14:18:28.708+0000] {processor.py:829} INFO - Processing file /home/airflow/.local/lib/python3.8/site-packages/airflow/example_dags/example_kubernetes_executor.py for tasks to queue
[2023-12-09T14:18:28.709+0000] {logging_mixin.py:154} INFO - [2023-12-09T14:18:28.708+0000] {dagbag.py:536} INFO - Filling up the DagBag from /home/airflow/.local/lib/python3.8/site-packages/airflow/example_dags/example_kubernetes_executor.py
[2023-12-09T14:18:28.717+0000] {processor.py:839} INFO - DAG(s) dict_keys(['example_kubernetes_executor']) retrieved from /home/airflow/.local/lib/python3.8/site-packages/airflow/example_dags/example_kubernetes_executor.py
[2023-12-09T14:18:28.738+0000] {logging_mixin.py:154} INFO - [2023-12-09T14:18:28.738+0000] {dag.py:2941} INFO - Sync 1 DAGs
[2023-12-09T14:18:28.745+0000] {logging_mixin.py:154} INFO - [2023-12-09T14:18:28.744+0000] {dag.py:3722} INFO - Setting next_dagrun for example_kubernetes_executor to None, run_after=None
[2023-12-09T14:18:28.753+0000] {processor.py:179} INFO - Processing /home/airflow/.local/lib/python3.8/site-packages/airflow/example_dags/example_kubernetes_executor.py took 0.048 seconds
[2023-12-09T14:18:59.389+0000] {processor.py:157} INFO - Started process (PID=5204) to work on /home/airflow/.local/lib/python3.8/site-packages/airflow/example_dags/example_kubernetes_executor.py
[2023-12-09T14:18:59.391+0000] {processor.py:829} INFO - Processing file /home/airflow/.local/lib/python3.8/site-packages/airflow/example_dags/example_kubernetes_executor.py for tasks to queue
[2023-12-09T14:18:59.391+0000] {logging_mixin.py:154} INFO - [2023-12-09T14:18:59.391+0000] {dagbag.py:536} INFO - Filling up the DagBag from /home/airflow/.local/lib/python3.8/site-packages/airflow/example_dags/example_kubernetes_executor.py
[2023-12-09T14:18:59.399+0000] {processor.py:839} INFO - DAG(s) dict_keys(['example_kubernetes_executor']) retrieved from /home/airflow/.local/lib/python3.8/site-packages/airflow/example_dags/example_kubernetes_executor.py
[2023-12-09T14:18:59.424+0000] {logging_mixin.py:154} INFO - [2023-12-09T14:18:59.424+0000] {dag.py:2941} INFO - Sync 1 DAGs
[2023-12-09T14:18:59.431+0000] {logging_mixin.py:154} INFO - [2023-12-09T14:18:59.431+0000] {dag.py:3722} INFO - Setting next_dagrun for example_kubernetes_executor to None, run_after=None
[2023-12-09T14:18:59.442+0000] {processor.py:179} INFO - Processing /home/airflow/.local/lib/python3.8/site-packages/airflow/example_dags/example_kubernetes_executor.py took 0.055 seconds
