[2023-12-09T14:08:17.294+0000] {processor.py:157} INFO - Started process (PID=176) to work on /home/airflow/.local/lib/python3.8/site-packages/airflow/example_dags/example_external_task_marker_dag.py
[2023-12-09T14:08:17.295+0000] {processor.py:829} INFO - Processing file /home/airflow/.local/lib/python3.8/site-packages/airflow/example_dags/example_external_task_marker_dag.py for tasks to queue
[2023-12-09T14:08:17.296+0000] {logging_mixin.py:154} INFO - [2023-12-09T14:08:17.296+0000] {dagbag.py:536} INFO - Filling up the DagBag from /home/airflow/.local/lib/python3.8/site-packages/airflow/example_dags/example_external_task_marker_dag.py
[2023-12-09T14:08:17.302+0000] {processor.py:839} INFO - DAG(s) dict_keys(['example_external_task_marker_child', 'example_external_task_marker_parent']) retrieved from /home/airflow/.local/lib/python3.8/site-packages/airflow/example_dags/example_external_task_marker_dag.py
[2023-12-09T14:08:17.310+0000] {logging_mixin.py:154} INFO - [2023-12-09T14:08:17.310+0000] {dag.py:2941} INFO - Sync 2 DAGs
[2023-12-09T14:08:17.319+0000] {logging_mixin.py:154} INFO - [2023-12-09T14:08:17.319+0000] {dag.py:3722} INFO - Setting next_dagrun for example_external_task_marker_child to None, run_after=None
[2023-12-09T14:08:17.322+0000] {logging_mixin.py:154} INFO - [2023-12-09T14:08:17.322+0000] {dag.py:3722} INFO - Setting next_dagrun for example_external_task_marker_parent to None, run_after=None
[2023-12-09T14:08:17.333+0000] {processor.py:179} INFO - Processing /home/airflow/.local/lib/python3.8/site-packages/airflow/example_dags/example_external_task_marker_dag.py took 0.042 seconds
[2023-12-09T14:08:47.773+0000] {processor.py:157} INFO - Started process (PID=414) to work on /home/airflow/.local/lib/python3.8/site-packages/airflow/example_dags/example_external_task_marker_dag.py
[2023-12-09T14:08:47.773+0000] {processor.py:829} INFO - Processing file /home/airflow/.local/lib/python3.8/site-packages/airflow/example_dags/example_external_task_marker_dag.py for tasks to queue
[2023-12-09T14:08:47.774+0000] {logging_mixin.py:154} INFO - [2023-12-09T14:08:47.774+0000] {dagbag.py:536} INFO - Filling up the DagBag from /home/airflow/.local/lib/python3.8/site-packages/airflow/example_dags/example_external_task_marker_dag.py
[2023-12-09T14:08:47.778+0000] {processor.py:839} INFO - DAG(s) dict_keys(['example_external_task_marker_child', 'example_external_task_marker_parent']) retrieved from /home/airflow/.local/lib/python3.8/site-packages/airflow/example_dags/example_external_task_marker_dag.py
[2023-12-09T14:08:47.793+0000] {logging_mixin.py:154} INFO - [2023-12-09T14:08:47.793+0000] {dag.py:2941} INFO - Sync 2 DAGs
[2023-12-09T14:08:47.800+0000] {logging_mixin.py:154} INFO - [2023-12-09T14:08:47.800+0000] {dag.py:3722} INFO - Setting next_dagrun for example_external_task_marker_child to None, run_after=None
[2023-12-09T14:08:47.802+0000] {logging_mixin.py:154} INFO - [2023-12-09T14:08:47.802+0000] {dag.py:3722} INFO - Setting next_dagrun for example_external_task_marker_parent to None, run_after=None
[2023-12-09T14:08:47.809+0000] {processor.py:179} INFO - Processing /home/airflow/.local/lib/python3.8/site-packages/airflow/example_dags/example_external_task_marker_dag.py took 0.038 seconds
[2023-12-09T14:09:18.542+0000] {processor.py:157} INFO - Started process (PID=654) to work on /home/airflow/.local/lib/python3.8/site-packages/airflow/example_dags/example_external_task_marker_dag.py
[2023-12-09T14:09:18.543+0000] {processor.py:829} INFO - Processing file /home/airflow/.local/lib/python3.8/site-packages/airflow/example_dags/example_external_task_marker_dag.py for tasks to queue
[2023-12-09T14:09:18.543+0000] {logging_mixin.py:154} INFO - [2023-12-09T14:09:18.543+0000] {dagbag.py:536} INFO - Filling up the DagBag from /home/airflow/.local/lib/python3.8/site-packages/airflow/example_dags/example_external_task_marker_dag.py
[2023-12-09T14:09:18.549+0000] {processor.py:839} INFO - DAG(s) dict_keys(['example_external_task_marker_parent', 'example_external_task_marker_child']) retrieved from /home/airflow/.local/lib/python3.8/site-packages/airflow/example_dags/example_external_task_marker_dag.py
[2023-12-09T14:09:18.564+0000] {logging_mixin.py:154} INFO - [2023-12-09T14:09:18.564+0000] {dag.py:2941} INFO - Sync 2 DAGs
[2023-12-09T14:09:18.571+0000] {logging_mixin.py:154} INFO - [2023-12-09T14:09:18.571+0000] {dag.py:3722} INFO - Setting next_dagrun for example_external_task_marker_child to None, run_after=None
[2023-12-09T14:09:18.573+0000] {logging_mixin.py:154} INFO - [2023-12-09T14:09:18.573+0000] {dag.py:3722} INFO - Setting next_dagrun for example_external_task_marker_parent to None, run_after=None
[2023-12-09T14:09:18.581+0000] {processor.py:179} INFO - Processing /home/airflow/.local/lib/python3.8/site-packages/airflow/example_dags/example_external_task_marker_dag.py took 0.041 seconds
[2023-12-09T14:09:48.692+0000] {processor.py:157} INFO - Started process (PID=892) to work on /home/airflow/.local/lib/python3.8/site-packages/airflow/example_dags/example_external_task_marker_dag.py
[2023-12-09T14:09:48.693+0000] {processor.py:829} INFO - Processing file /home/airflow/.local/lib/python3.8/site-packages/airflow/example_dags/example_external_task_marker_dag.py for tasks to queue
[2023-12-09T14:09:48.693+0000] {logging_mixin.py:154} INFO - [2023-12-09T14:09:48.693+0000] {dagbag.py:536} INFO - Filling up the DagBag from /home/airflow/.local/lib/python3.8/site-packages/airflow/example_dags/example_external_task_marker_dag.py
[2023-12-09T14:09:48.698+0000] {processor.py:839} INFO - DAG(s) dict_keys(['example_external_task_marker_parent', 'example_external_task_marker_child']) retrieved from /home/airflow/.local/lib/python3.8/site-packages/airflow/example_dags/example_external_task_marker_dag.py
[2023-12-09T14:09:48.715+0000] {logging_mixin.py:154} INFO - [2023-12-09T14:09:48.715+0000] {dag.py:2941} INFO - Sync 2 DAGs
[2023-12-09T14:09:48.722+0000] {logging_mixin.py:154} INFO - [2023-12-09T14:09:48.722+0000] {dag.py:3722} INFO - Setting next_dagrun for example_external_task_marker_child to None, run_after=None
[2023-12-09T14:09:48.724+0000] {logging_mixin.py:154} INFO - [2023-12-09T14:09:48.724+0000] {dag.py:3722} INFO - Setting next_dagrun for example_external_task_marker_parent to None, run_after=None
[2023-12-09T14:09:48.732+0000] {processor.py:179} INFO - Processing /home/airflow/.local/lib/python3.8/site-packages/airflow/example_dags/example_external_task_marker_dag.py took 0.043 seconds
[2023-12-09T14:10:18.826+0000] {processor.py:157} INFO - Started process (PID=1130) to work on /home/airflow/.local/lib/python3.8/site-packages/airflow/example_dags/example_external_task_marker_dag.py
[2023-12-09T14:10:18.827+0000] {processor.py:829} INFO - Processing file /home/airflow/.local/lib/python3.8/site-packages/airflow/example_dags/example_external_task_marker_dag.py for tasks to queue
[2023-12-09T14:10:18.827+0000] {logging_mixin.py:154} INFO - [2023-12-09T14:10:18.827+0000] {dagbag.py:536} INFO - Filling up the DagBag from /home/airflow/.local/lib/python3.8/site-packages/airflow/example_dags/example_external_task_marker_dag.py
[2023-12-09T14:10:18.831+0000] {processor.py:839} INFO - DAG(s) dict_keys(['example_external_task_marker_parent', 'example_external_task_marker_child']) retrieved from /home/airflow/.local/lib/python3.8/site-packages/airflow/example_dags/example_external_task_marker_dag.py
[2023-12-09T14:10:18.846+0000] {logging_mixin.py:154} INFO - [2023-12-09T14:10:18.846+0000] {dag.py:2941} INFO - Sync 2 DAGs
[2023-12-09T14:10:18.853+0000] {logging_mixin.py:154} INFO - [2023-12-09T14:10:18.853+0000] {dag.py:3722} INFO - Setting next_dagrun for example_external_task_marker_child to None, run_after=None
[2023-12-09T14:10:18.855+0000] {logging_mixin.py:154} INFO - [2023-12-09T14:10:18.855+0000] {dag.py:3722} INFO - Setting next_dagrun for example_external_task_marker_parent to None, run_after=None
[2023-12-09T14:10:18.863+0000] {processor.py:179} INFO - Processing /home/airflow/.local/lib/python3.8/site-packages/airflow/example_dags/example_external_task_marker_dag.py took 0.039 seconds
[2023-12-09T14:10:49.692+0000] {processor.py:157} INFO - Started process (PID=1366) to work on /home/airflow/.local/lib/python3.8/site-packages/airflow/example_dags/example_external_task_marker_dag.py
[2023-12-09T14:10:49.693+0000] {processor.py:829} INFO - Processing file /home/airflow/.local/lib/python3.8/site-packages/airflow/example_dags/example_external_task_marker_dag.py for tasks to queue
[2023-12-09T14:10:49.693+0000] {logging_mixin.py:154} INFO - [2023-12-09T14:10:49.693+0000] {dagbag.py:536} INFO - Filling up the DagBag from /home/airflow/.local/lib/python3.8/site-packages/airflow/example_dags/example_external_task_marker_dag.py
[2023-12-09T14:10:49.697+0000] {processor.py:839} INFO - DAG(s) dict_keys(['example_external_task_marker_parent', 'example_external_task_marker_child']) retrieved from /home/airflow/.local/lib/python3.8/site-packages/airflow/example_dags/example_external_task_marker_dag.py
[2023-12-09T14:10:49.712+0000] {logging_mixin.py:154} INFO - [2023-12-09T14:10:49.712+0000] {dag.py:2941} INFO - Sync 2 DAGs
[2023-12-09T14:10:49.719+0000] {logging_mixin.py:154} INFO - [2023-12-09T14:10:49.719+0000] {dag.py:3722} INFO - Setting next_dagrun for example_external_task_marker_child to None, run_after=None
[2023-12-09T14:10:49.721+0000] {logging_mixin.py:154} INFO - [2023-12-09T14:10:49.721+0000] {dag.py:3722} INFO - Setting next_dagrun for example_external_task_marker_parent to None, run_after=None
[2023-12-09T14:10:49.729+0000] {processor.py:179} INFO - Processing /home/airflow/.local/lib/python3.8/site-packages/airflow/example_dags/example_external_task_marker_dag.py took 0.039 seconds
[2023-12-09T14:11:20.526+0000] {processor.py:157} INFO - Started process (PID=1606) to work on /home/airflow/.local/lib/python3.8/site-packages/airflow/example_dags/example_external_task_marker_dag.py
[2023-12-09T14:11:20.527+0000] {processor.py:829} INFO - Processing file /home/airflow/.local/lib/python3.8/site-packages/airflow/example_dags/example_external_task_marker_dag.py for tasks to queue
[2023-12-09T14:11:20.527+0000] {logging_mixin.py:154} INFO - [2023-12-09T14:11:20.527+0000] {dagbag.py:536} INFO - Filling up the DagBag from /home/airflow/.local/lib/python3.8/site-packages/airflow/example_dags/example_external_task_marker_dag.py
[2023-12-09T14:11:20.531+0000] {processor.py:839} INFO - DAG(s) dict_keys(['example_external_task_marker_parent', 'example_external_task_marker_child']) retrieved from /home/airflow/.local/lib/python3.8/site-packages/airflow/example_dags/example_external_task_marker_dag.py
[2023-12-09T14:11:20.546+0000] {logging_mixin.py:154} INFO - [2023-12-09T14:11:20.546+0000] {dag.py:2941} INFO - Sync 2 DAGs
[2023-12-09T14:11:20.553+0000] {logging_mixin.py:154} INFO - [2023-12-09T14:11:20.553+0000] {dag.py:3722} INFO - Setting next_dagrun for example_external_task_marker_child to None, run_after=None
[2023-12-09T14:11:20.554+0000] {logging_mixin.py:154} INFO - [2023-12-09T14:11:20.554+0000] {dag.py:3722} INFO - Setting next_dagrun for example_external_task_marker_parent to None, run_after=None
[2023-12-09T14:11:20.563+0000] {processor.py:179} INFO - Processing /home/airflow/.local/lib/python3.8/site-packages/airflow/example_dags/example_external_task_marker_dag.py took 0.039 seconds
[2023-12-09T14:11:50.586+0000] {processor.py:157} INFO - Started process (PID=1842) to work on /home/airflow/.local/lib/python3.8/site-packages/airflow/example_dags/example_external_task_marker_dag.py
[2023-12-09T14:11:50.587+0000] {processor.py:829} INFO - Processing file /home/airflow/.local/lib/python3.8/site-packages/airflow/example_dags/example_external_task_marker_dag.py for tasks to queue
[2023-12-09T14:11:50.587+0000] {logging_mixin.py:154} INFO - [2023-12-09T14:11:50.587+0000] {dagbag.py:536} INFO - Filling up the DagBag from /home/airflow/.local/lib/python3.8/site-packages/airflow/example_dags/example_external_task_marker_dag.py
[2023-12-09T14:11:50.591+0000] {processor.py:839} INFO - DAG(s) dict_keys(['example_external_task_marker_parent', 'example_external_task_marker_child']) retrieved from /home/airflow/.local/lib/python3.8/site-packages/airflow/example_dags/example_external_task_marker_dag.py
[2023-12-09T14:11:50.607+0000] {logging_mixin.py:154} INFO - [2023-12-09T14:11:50.607+0000] {dag.py:2941} INFO - Sync 2 DAGs
[2023-12-09T14:11:50.613+0000] {logging_mixin.py:154} INFO - [2023-12-09T14:11:50.613+0000] {dag.py:3722} INFO - Setting next_dagrun for example_external_task_marker_child to None, run_after=None
[2023-12-09T14:11:50.615+0000] {logging_mixin.py:154} INFO - [2023-12-09T14:11:50.615+0000] {dag.py:3722} INFO - Setting next_dagrun for example_external_task_marker_parent to None, run_after=None
[2023-12-09T14:11:50.623+0000] {processor.py:179} INFO - Processing /home/airflow/.local/lib/python3.8/site-packages/airflow/example_dags/example_external_task_marker_dag.py took 0.039 seconds
[2023-12-09T14:12:20.771+0000] {processor.py:157} INFO - Started process (PID=2080) to work on /home/airflow/.local/lib/python3.8/site-packages/airflow/example_dags/example_external_task_marker_dag.py
[2023-12-09T14:12:20.772+0000] {processor.py:829} INFO - Processing file /home/airflow/.local/lib/python3.8/site-packages/airflow/example_dags/example_external_task_marker_dag.py for tasks to queue
[2023-12-09T14:12:20.773+0000] {logging_mixin.py:154} INFO - [2023-12-09T14:12:20.772+0000] {dagbag.py:536} INFO - Filling up the DagBag from /home/airflow/.local/lib/python3.8/site-packages/airflow/example_dags/example_external_task_marker_dag.py
[2023-12-09T14:12:20.790+0000] {processor.py:839} INFO - DAG(s) dict_keys(['example_external_task_marker_child', 'example_external_task_marker_parent']) retrieved from /home/airflow/.local/lib/python3.8/site-packages/airflow/example_dags/example_external_task_marker_dag.py
[2023-12-09T14:12:20.822+0000] {logging_mixin.py:154} INFO - [2023-12-09T14:12:20.822+0000] {dag.py:2941} INFO - Sync 2 DAGs
[2023-12-09T14:12:20.831+0000] {logging_mixin.py:154} INFO - [2023-12-09T14:12:20.831+0000] {dag.py:3722} INFO - Setting next_dagrun for example_external_task_marker_child to None, run_after=None
[2023-12-09T14:12:20.833+0000] {logging_mixin.py:154} INFO - [2023-12-09T14:12:20.833+0000] {dag.py:3722} INFO - Setting next_dagrun for example_external_task_marker_parent to None, run_after=None
[2023-12-09T14:12:20.842+0000] {processor.py:179} INFO - Processing /home/airflow/.local/lib/python3.8/site-packages/airflow/example_dags/example_external_task_marker_dag.py took 0.076 seconds
[2023-12-09T14:12:51.493+0000] {processor.py:157} INFO - Started process (PID=2320) to work on /home/airflow/.local/lib/python3.8/site-packages/airflow/example_dags/example_external_task_marker_dag.py
[2023-12-09T14:12:51.494+0000] {processor.py:829} INFO - Processing file /home/airflow/.local/lib/python3.8/site-packages/airflow/example_dags/example_external_task_marker_dag.py for tasks to queue
[2023-12-09T14:12:51.494+0000] {logging_mixin.py:154} INFO - [2023-12-09T14:12:51.494+0000] {dagbag.py:536} INFO - Filling up the DagBag from /home/airflow/.local/lib/python3.8/site-packages/airflow/example_dags/example_external_task_marker_dag.py
[2023-12-09T14:12:51.498+0000] {processor.py:839} INFO - DAG(s) dict_keys(['example_external_task_marker_child', 'example_external_task_marker_parent']) retrieved from /home/airflow/.local/lib/python3.8/site-packages/airflow/example_dags/example_external_task_marker_dag.py
[2023-12-09T14:12:51.513+0000] {logging_mixin.py:154} INFO - [2023-12-09T14:12:51.513+0000] {dag.py:2941} INFO - Sync 2 DAGs
[2023-12-09T14:12:51.520+0000] {logging_mixin.py:154} INFO - [2023-12-09T14:12:51.519+0000] {dag.py:3722} INFO - Setting next_dagrun for example_external_task_marker_child to None, run_after=None
[2023-12-09T14:12:51.521+0000] {logging_mixin.py:154} INFO - [2023-12-09T14:12:51.521+0000] {dag.py:3722} INFO - Setting next_dagrun for example_external_task_marker_parent to None, run_after=None
[2023-12-09T14:12:51.529+0000] {processor.py:179} INFO - Processing /home/airflow/.local/lib/python3.8/site-packages/airflow/example_dags/example_external_task_marker_dag.py took 0.038 seconds
[2023-12-09T14:13:21.627+0000] {processor.py:157} INFO - Started process (PID=2558) to work on /home/airflow/.local/lib/python3.8/site-packages/airflow/example_dags/example_external_task_marker_dag.py
[2023-12-09T14:13:21.628+0000] {processor.py:829} INFO - Processing file /home/airflow/.local/lib/python3.8/site-packages/airflow/example_dags/example_external_task_marker_dag.py for tasks to queue
[2023-12-09T14:13:21.629+0000] {logging_mixin.py:154} INFO - [2023-12-09T14:13:21.628+0000] {dagbag.py:536} INFO - Filling up the DagBag from /home/airflow/.local/lib/python3.8/site-packages/airflow/example_dags/example_external_task_marker_dag.py
[2023-12-09T14:13:21.632+0000] {processor.py:839} INFO - DAG(s) dict_keys(['example_external_task_marker_child', 'example_external_task_marker_parent']) retrieved from /home/airflow/.local/lib/python3.8/site-packages/airflow/example_dags/example_external_task_marker_dag.py
[2023-12-09T14:13:21.648+0000] {logging_mixin.py:154} INFO - [2023-12-09T14:13:21.648+0000] {dag.py:2941} INFO - Sync 2 DAGs
[2023-12-09T14:13:21.655+0000] {logging_mixin.py:154} INFO - [2023-12-09T14:13:21.654+0000] {dag.py:3722} INFO - Setting next_dagrun for example_external_task_marker_child to None, run_after=None
[2023-12-09T14:13:21.656+0000] {logging_mixin.py:154} INFO - [2023-12-09T14:13:21.656+0000] {dag.py:3722} INFO - Setting next_dagrun for example_external_task_marker_parent to None, run_after=None
[2023-12-09T14:13:21.664+0000] {processor.py:179} INFO - Processing /home/airflow/.local/lib/python3.8/site-packages/airflow/example_dags/example_external_task_marker_dag.py took 0.039 seconds
[2023-12-09T14:13:52.452+0000] {processor.py:157} INFO - Started process (PID=2795) to work on /home/airflow/.local/lib/python3.8/site-packages/airflow/example_dags/example_external_task_marker_dag.py
[2023-12-09T14:13:52.452+0000] {processor.py:829} INFO - Processing file /home/airflow/.local/lib/python3.8/site-packages/airflow/example_dags/example_external_task_marker_dag.py for tasks to queue
[2023-12-09T14:13:52.453+0000] {logging_mixin.py:154} INFO - [2023-12-09T14:13:52.453+0000] {dagbag.py:536} INFO - Filling up the DagBag from /home/airflow/.local/lib/python3.8/site-packages/airflow/example_dags/example_external_task_marker_dag.py
[2023-12-09T14:13:52.457+0000] {processor.py:839} INFO - DAG(s) dict_keys(['example_external_task_marker_parent', 'example_external_task_marker_child']) retrieved from /home/airflow/.local/lib/python3.8/site-packages/airflow/example_dags/example_external_task_marker_dag.py
[2023-12-09T14:13:52.472+0000] {logging_mixin.py:154} INFO - [2023-12-09T14:13:52.472+0000] {dag.py:2941} INFO - Sync 2 DAGs
[2023-12-09T14:13:52.479+0000] {logging_mixin.py:154} INFO - [2023-12-09T14:13:52.479+0000] {dag.py:3722} INFO - Setting next_dagrun for example_external_task_marker_child to None, run_after=None
[2023-12-09T14:13:52.480+0000] {logging_mixin.py:154} INFO - [2023-12-09T14:13:52.480+0000] {dag.py:3722} INFO - Setting next_dagrun for example_external_task_marker_parent to None, run_after=None
[2023-12-09T14:13:52.490+0000] {processor.py:179} INFO - Processing /home/airflow/.local/lib/python3.8/site-packages/airflow/example_dags/example_external_task_marker_dag.py took 0.040 seconds
[2023-12-09T14:14:23.187+0000] {processor.py:157} INFO - Started process (PID=3034) to work on /home/airflow/.local/lib/python3.8/site-packages/airflow/example_dags/example_external_task_marker_dag.py
[2023-12-09T14:14:23.188+0000] {processor.py:829} INFO - Processing file /home/airflow/.local/lib/python3.8/site-packages/airflow/example_dags/example_external_task_marker_dag.py for tasks to queue
[2023-12-09T14:14:23.188+0000] {logging_mixin.py:154} INFO - [2023-12-09T14:14:23.188+0000] {dagbag.py:536} INFO - Filling up the DagBag from /home/airflow/.local/lib/python3.8/site-packages/airflow/example_dags/example_external_task_marker_dag.py
[2023-12-09T14:14:23.193+0000] {processor.py:839} INFO - DAG(s) dict_keys(['example_external_task_marker_child', 'example_external_task_marker_parent']) retrieved from /home/airflow/.local/lib/python3.8/site-packages/airflow/example_dags/example_external_task_marker_dag.py
[2023-12-09T14:14:23.207+0000] {logging_mixin.py:154} INFO - [2023-12-09T14:14:23.207+0000] {dag.py:2941} INFO - Sync 2 DAGs
[2023-12-09T14:14:23.214+0000] {logging_mixin.py:154} INFO - [2023-12-09T14:14:23.214+0000] {dag.py:3722} INFO - Setting next_dagrun for example_external_task_marker_child to None, run_after=None
[2023-12-09T14:14:23.216+0000] {logging_mixin.py:154} INFO - [2023-12-09T14:14:23.216+0000] {dag.py:3722} INFO - Setting next_dagrun for example_external_task_marker_parent to None, run_after=None
[2023-12-09T14:14:23.223+0000] {processor.py:179} INFO - Processing /home/airflow/.local/lib/python3.8/site-packages/airflow/example_dags/example_external_task_marker_dag.py took 0.039 seconds
[2023-12-09T14:14:53.971+0000] {processor.py:157} INFO - Started process (PID=3272) to work on /home/airflow/.local/lib/python3.8/site-packages/airflow/example_dags/example_external_task_marker_dag.py
[2023-12-09T14:14:53.972+0000] {processor.py:829} INFO - Processing file /home/airflow/.local/lib/python3.8/site-packages/airflow/example_dags/example_external_task_marker_dag.py for tasks to queue
[2023-12-09T14:14:53.972+0000] {logging_mixin.py:154} INFO - [2023-12-09T14:14:53.972+0000] {dagbag.py:536} INFO - Filling up the DagBag from /home/airflow/.local/lib/python3.8/site-packages/airflow/example_dags/example_external_task_marker_dag.py
[2023-12-09T14:14:53.976+0000] {processor.py:839} INFO - DAG(s) dict_keys(['example_external_task_marker_parent', 'example_external_task_marker_child']) retrieved from /home/airflow/.local/lib/python3.8/site-packages/airflow/example_dags/example_external_task_marker_dag.py
[2023-12-09T14:14:53.991+0000] {logging_mixin.py:154} INFO - [2023-12-09T14:14:53.991+0000] {dag.py:2941} INFO - Sync 2 DAGs
[2023-12-09T14:14:53.998+0000] {logging_mixin.py:154} INFO - [2023-12-09T14:14:53.998+0000] {dag.py:3722} INFO - Setting next_dagrun for example_external_task_marker_child to None, run_after=None
[2023-12-09T14:14:54.000+0000] {logging_mixin.py:154} INFO - [2023-12-09T14:14:54.000+0000] {dag.py:3722} INFO - Setting next_dagrun for example_external_task_marker_parent to None, run_after=None
[2023-12-09T14:14:54.008+0000] {processor.py:179} INFO - Processing /home/airflow/.local/lib/python3.8/site-packages/airflow/example_dags/example_external_task_marker_dag.py took 0.039 seconds
[2023-12-09T14:15:24.697+0000] {processor.py:157} INFO - Started process (PID=3510) to work on /home/airflow/.local/lib/python3.8/site-packages/airflow/example_dags/example_external_task_marker_dag.py
[2023-12-09T14:15:24.698+0000] {processor.py:829} INFO - Processing file /home/airflow/.local/lib/python3.8/site-packages/airflow/example_dags/example_external_task_marker_dag.py for tasks to queue
[2023-12-09T14:15:24.698+0000] {logging_mixin.py:154} INFO - [2023-12-09T14:15:24.698+0000] {dagbag.py:536} INFO - Filling up the DagBag from /home/airflow/.local/lib/python3.8/site-packages/airflow/example_dags/example_external_task_marker_dag.py
[2023-12-09T14:15:24.702+0000] {processor.py:839} INFO - DAG(s) dict_keys(['example_external_task_marker_parent', 'example_external_task_marker_child']) retrieved from /home/airflow/.local/lib/python3.8/site-packages/airflow/example_dags/example_external_task_marker_dag.py
[2023-12-09T14:15:24.717+0000] {logging_mixin.py:154} INFO - [2023-12-09T14:15:24.717+0000] {dag.py:2941} INFO - Sync 2 DAGs
[2023-12-09T14:15:24.723+0000] {logging_mixin.py:154} INFO - [2023-12-09T14:15:24.723+0000] {dag.py:3722} INFO - Setting next_dagrun for example_external_task_marker_child to None, run_after=None
[2023-12-09T14:15:24.725+0000] {logging_mixin.py:154} INFO - [2023-12-09T14:15:24.725+0000] {dag.py:3722} INFO - Setting next_dagrun for example_external_task_marker_parent to None, run_after=None
[2023-12-09T14:15:24.733+0000] {processor.py:179} INFO - Processing /home/airflow/.local/lib/python3.8/site-packages/airflow/example_dags/example_external_task_marker_dag.py took 0.038 seconds
[2023-12-09T14:15:55.383+0000] {processor.py:157} INFO - Started process (PID=3748) to work on /home/airflow/.local/lib/python3.8/site-packages/airflow/example_dags/example_external_task_marker_dag.py
[2023-12-09T14:15:55.384+0000] {processor.py:829} INFO - Processing file /home/airflow/.local/lib/python3.8/site-packages/airflow/example_dags/example_external_task_marker_dag.py for tasks to queue
[2023-12-09T14:15:55.384+0000] {logging_mixin.py:154} INFO - [2023-12-09T14:15:55.384+0000] {dagbag.py:536} INFO - Filling up the DagBag from /home/airflow/.local/lib/python3.8/site-packages/airflow/example_dags/example_external_task_marker_dag.py
[2023-12-09T14:15:55.389+0000] {processor.py:839} INFO - DAG(s) dict_keys(['example_external_task_marker_child', 'example_external_task_marker_parent']) retrieved from /home/airflow/.local/lib/python3.8/site-packages/airflow/example_dags/example_external_task_marker_dag.py
[2023-12-09T14:15:55.411+0000] {logging_mixin.py:154} INFO - [2023-12-09T14:15:55.411+0000] {dag.py:2941} INFO - Sync 2 DAGs
[2023-12-09T14:15:55.418+0000] {logging_mixin.py:154} INFO - [2023-12-09T14:15:55.418+0000] {dag.py:3722} INFO - Setting next_dagrun for example_external_task_marker_child to None, run_after=None
[2023-12-09T14:15:55.420+0000] {logging_mixin.py:154} INFO - [2023-12-09T14:15:55.420+0000] {dag.py:3722} INFO - Setting next_dagrun for example_external_task_marker_parent to None, run_after=None
[2023-12-09T14:15:55.430+0000] {processor.py:179} INFO - Processing /home/airflow/.local/lib/python3.8/site-packages/airflow/example_dags/example_external_task_marker_dag.py took 0.050 seconds
[2023-12-09T14:16:25.557+0000] {processor.py:157} INFO - Started process (PID=3986) to work on /home/airflow/.local/lib/python3.8/site-packages/airflow/example_dags/example_external_task_marker_dag.py
[2023-12-09T14:16:25.558+0000] {processor.py:829} INFO - Processing file /home/airflow/.local/lib/python3.8/site-packages/airflow/example_dags/example_external_task_marker_dag.py for tasks to queue
[2023-12-09T14:16:25.558+0000] {logging_mixin.py:154} INFO - [2023-12-09T14:16:25.558+0000] {dagbag.py:536} INFO - Filling up the DagBag from /home/airflow/.local/lib/python3.8/site-packages/airflow/example_dags/example_external_task_marker_dag.py
[2023-12-09T14:16:25.562+0000] {processor.py:839} INFO - DAG(s) dict_keys(['example_external_task_marker_child', 'example_external_task_marker_parent']) retrieved from /home/airflow/.local/lib/python3.8/site-packages/airflow/example_dags/example_external_task_marker_dag.py
[2023-12-09T14:16:25.576+0000] {logging_mixin.py:154} INFO - [2023-12-09T14:16:25.576+0000] {dag.py:2941} INFO - Sync 2 DAGs
[2023-12-09T14:16:25.582+0000] {logging_mixin.py:154} INFO - [2023-12-09T14:16:25.582+0000] {dag.py:3722} INFO - Setting next_dagrun for example_external_task_marker_child to None, run_after=None
[2023-12-09T14:16:25.584+0000] {logging_mixin.py:154} INFO - [2023-12-09T14:16:25.584+0000] {dag.py:3722} INFO - Setting next_dagrun for example_external_task_marker_parent to None, run_after=None
[2023-12-09T14:16:25.591+0000] {processor.py:179} INFO - Processing /home/airflow/.local/lib/python3.8/site-packages/airflow/example_dags/example_external_task_marker_dag.py took 0.036 seconds
[2023-12-09T14:16:56.263+0000] {processor.py:157} INFO - Started process (PID=4224) to work on /home/airflow/.local/lib/python3.8/site-packages/airflow/example_dags/example_external_task_marker_dag.py
[2023-12-09T14:16:56.264+0000] {processor.py:829} INFO - Processing file /home/airflow/.local/lib/python3.8/site-packages/airflow/example_dags/example_external_task_marker_dag.py for tasks to queue
[2023-12-09T14:16:56.264+0000] {logging_mixin.py:154} INFO - [2023-12-09T14:16:56.264+0000] {dagbag.py:536} INFO - Filling up the DagBag from /home/airflow/.local/lib/python3.8/site-packages/airflow/example_dags/example_external_task_marker_dag.py
[2023-12-09T14:16:56.268+0000] {processor.py:839} INFO - DAG(s) dict_keys(['example_external_task_marker_child', 'example_external_task_marker_parent']) retrieved from /home/airflow/.local/lib/python3.8/site-packages/airflow/example_dags/example_external_task_marker_dag.py
[2023-12-09T14:16:56.285+0000] {logging_mixin.py:154} INFO - [2023-12-09T14:16:56.285+0000] {dag.py:2941} INFO - Sync 2 DAGs
[2023-12-09T14:16:56.292+0000] {logging_mixin.py:154} INFO - [2023-12-09T14:16:56.292+0000] {dag.py:3722} INFO - Setting next_dagrun for example_external_task_marker_child to None, run_after=None
[2023-12-09T14:16:56.294+0000] {logging_mixin.py:154} INFO - [2023-12-09T14:16:56.294+0000] {dag.py:3722} INFO - Setting next_dagrun for example_external_task_marker_parent to None, run_after=None
[2023-12-09T14:16:56.302+0000] {processor.py:179} INFO - Processing /home/airflow/.local/lib/python3.8/site-packages/airflow/example_dags/example_external_task_marker_dag.py took 0.041 seconds
[2023-12-09T14:17:26.930+0000] {processor.py:157} INFO - Started process (PID=4462) to work on /home/airflow/.local/lib/python3.8/site-packages/airflow/example_dags/example_external_task_marker_dag.py
[2023-12-09T14:17:26.931+0000] {processor.py:829} INFO - Processing file /home/airflow/.local/lib/python3.8/site-packages/airflow/example_dags/example_external_task_marker_dag.py for tasks to queue
[2023-12-09T14:17:26.931+0000] {logging_mixin.py:154} INFO - [2023-12-09T14:17:26.931+0000] {dagbag.py:536} INFO - Filling up the DagBag from /home/airflow/.local/lib/python3.8/site-packages/airflow/example_dags/example_external_task_marker_dag.py
[2023-12-09T14:17:26.935+0000] {processor.py:839} INFO - DAG(s) dict_keys(['example_external_task_marker_child', 'example_external_task_marker_parent']) retrieved from /home/airflow/.local/lib/python3.8/site-packages/airflow/example_dags/example_external_task_marker_dag.py
[2023-12-09T14:17:26.950+0000] {logging_mixin.py:154} INFO - [2023-12-09T14:17:26.950+0000] {dag.py:2941} INFO - Sync 2 DAGs
[2023-12-09T14:17:26.957+0000] {logging_mixin.py:154} INFO - [2023-12-09T14:17:26.957+0000] {dag.py:3722} INFO - Setting next_dagrun for example_external_task_marker_child to None, run_after=None
[2023-12-09T14:17:26.959+0000] {logging_mixin.py:154} INFO - [2023-12-09T14:17:26.959+0000] {dag.py:3722} INFO - Setting next_dagrun for example_external_task_marker_parent to None, run_after=None
[2023-12-09T14:17:26.966+0000] {processor.py:179} INFO - Processing /home/airflow/.local/lib/python3.8/site-packages/airflow/example_dags/example_external_task_marker_dag.py took 0.038 seconds
[2023-12-09T14:17:57.706+0000] {processor.py:157} INFO - Started process (PID=4700) to work on /home/airflow/.local/lib/python3.8/site-packages/airflow/example_dags/example_external_task_marker_dag.py
[2023-12-09T14:17:57.707+0000] {processor.py:829} INFO - Processing file /home/airflow/.local/lib/python3.8/site-packages/airflow/example_dags/example_external_task_marker_dag.py for tasks to queue
[2023-12-09T14:17:57.707+0000] {logging_mixin.py:154} INFO - [2023-12-09T14:17:57.707+0000] {dagbag.py:536} INFO - Filling up the DagBag from /home/airflow/.local/lib/python3.8/site-packages/airflow/example_dags/example_external_task_marker_dag.py
[2023-12-09T14:17:57.711+0000] {processor.py:839} INFO - DAG(s) dict_keys(['example_external_task_marker_child', 'example_external_task_marker_parent']) retrieved from /home/airflow/.local/lib/python3.8/site-packages/airflow/example_dags/example_external_task_marker_dag.py
[2023-12-09T14:17:57.725+0000] {logging_mixin.py:154} INFO - [2023-12-09T14:17:57.725+0000] {dag.py:2941} INFO - Sync 2 DAGs
[2023-12-09T14:17:57.731+0000] {logging_mixin.py:154} INFO - [2023-12-09T14:17:57.731+0000] {dag.py:3722} INFO - Setting next_dagrun for example_external_task_marker_child to None, run_after=None
[2023-12-09T14:17:57.733+0000] {logging_mixin.py:154} INFO - [2023-12-09T14:17:57.733+0000] {dag.py:3722} INFO - Setting next_dagrun for example_external_task_marker_parent to None, run_after=None
[2023-12-09T14:17:57.740+0000] {processor.py:179} INFO - Processing /home/airflow/.local/lib/python3.8/site-packages/airflow/example_dags/example_external_task_marker_dag.py took 0.036 seconds
[2023-12-09T14:18:28.551+0000] {processor.py:157} INFO - Started process (PID=4938) to work on /home/airflow/.local/lib/python3.8/site-packages/airflow/example_dags/example_external_task_marker_dag.py
[2023-12-09T14:18:28.552+0000] {processor.py:829} INFO - Processing file /home/airflow/.local/lib/python3.8/site-packages/airflow/example_dags/example_external_task_marker_dag.py for tasks to queue
[2023-12-09T14:18:28.552+0000] {logging_mixin.py:154} INFO - [2023-12-09T14:18:28.552+0000] {dagbag.py:536} INFO - Filling up the DagBag from /home/airflow/.local/lib/python3.8/site-packages/airflow/example_dags/example_external_task_marker_dag.py
[2023-12-09T14:18:28.556+0000] {processor.py:839} INFO - DAG(s) dict_keys(['example_external_task_marker_child', 'example_external_task_marker_parent']) retrieved from /home/airflow/.local/lib/python3.8/site-packages/airflow/example_dags/example_external_task_marker_dag.py
[2023-12-09T14:18:28.569+0000] {logging_mixin.py:154} INFO - [2023-12-09T14:18:28.569+0000] {dag.py:2941} INFO - Sync 2 DAGs
[2023-12-09T14:18:28.575+0000] {logging_mixin.py:154} INFO - [2023-12-09T14:18:28.575+0000] {dag.py:3722} INFO - Setting next_dagrun for example_external_task_marker_child to None, run_after=None
[2023-12-09T14:18:28.577+0000] {logging_mixin.py:154} INFO - [2023-12-09T14:18:28.577+0000] {dag.py:3722} INFO - Setting next_dagrun for example_external_task_marker_parent to None, run_after=None
[2023-12-09T14:18:28.584+0000] {processor.py:179} INFO - Processing /home/airflow/.local/lib/python3.8/site-packages/airflow/example_dags/example_external_task_marker_dag.py took 0.035 seconds
[2023-12-09T14:18:59.230+0000] {processor.py:157} INFO - Started process (PID=5176) to work on /home/airflow/.local/lib/python3.8/site-packages/airflow/example_dags/example_external_task_marker_dag.py
[2023-12-09T14:18:59.231+0000] {processor.py:829} INFO - Processing file /home/airflow/.local/lib/python3.8/site-packages/airflow/example_dags/example_external_task_marker_dag.py for tasks to queue
[2023-12-09T14:18:59.231+0000] {logging_mixin.py:154} INFO - [2023-12-09T14:18:59.231+0000] {dagbag.py:536} INFO - Filling up the DagBag from /home/airflow/.local/lib/python3.8/site-packages/airflow/example_dags/example_external_task_marker_dag.py
[2023-12-09T14:18:59.235+0000] {processor.py:839} INFO - DAG(s) dict_keys(['example_external_task_marker_child', 'example_external_task_marker_parent']) retrieved from /home/airflow/.local/lib/python3.8/site-packages/airflow/example_dags/example_external_task_marker_dag.py
[2023-12-09T14:18:59.249+0000] {logging_mixin.py:154} INFO - [2023-12-09T14:18:59.249+0000] {dag.py:2941} INFO - Sync 2 DAGs
[2023-12-09T14:18:59.256+0000] {logging_mixin.py:154} INFO - [2023-12-09T14:18:59.256+0000] {dag.py:3722} INFO - Setting next_dagrun for example_external_task_marker_child to None, run_after=None
[2023-12-09T14:18:59.258+0000] {logging_mixin.py:154} INFO - [2023-12-09T14:18:59.258+0000] {dag.py:3722} INFO - Setting next_dagrun for example_external_task_marker_parent to None, run_after=None
[2023-12-09T14:18:59.265+0000] {processor.py:179} INFO - Processing /home/airflow/.local/lib/python3.8/site-packages/airflow/example_dags/example_external_task_marker_dag.py took 0.038 seconds
