[2023-12-09T14:08:17.566+0000] {processor.py:157} INFO - Started process (PID=221) to work on /home/airflow/.local/lib/python3.8/site-packages/airflow/example_dags/example_branch_operator.py
[2023-12-09T14:08:17.567+0000] {processor.py:829} INFO - Processing file /home/airflow/.local/lib/python3.8/site-packages/airflow/example_dags/example_branch_operator.py for tasks to queue
[2023-12-09T14:08:17.567+0000] {logging_mixin.py:154} INFO - [2023-12-09T14:08:17.567+0000] {dagbag.py:536} INFO - Filling up the DagBag from /home/airflow/.local/lib/python3.8/site-packages/airflow/example_dags/example_branch_operator.py
[2023-12-09T14:08:17.576+0000] {processor.py:839} INFO - DAG(s) dict_keys(['example_branch_operator']) retrieved from /home/airflow/.local/lib/python3.8/site-packages/airflow/example_dags/example_branch_operator.py
[2023-12-09T14:08:17.584+0000] {logging_mixin.py:154} INFO - [2023-12-09T14:08:17.584+0000] {dag.py:2941} INFO - Sync 1 DAGs
[2023-12-09T14:08:17.602+0000] {logging_mixin.py:154} INFO - [2023-12-09T14:08:17.602+0000] {dag.py:3722} INFO - Setting next_dagrun for example_branch_operator to 2023-12-08T00:00:00+00:00, run_after=2023-12-09T00:00:00+00:00
[2023-12-09T14:08:17.619+0000] {processor.py:179} INFO - Processing /home/airflow/.local/lib/python3.8/site-packages/airflow/example_dags/example_branch_operator.py took 0.056 seconds
[2023-12-09T14:08:48.083+0000] {processor.py:157} INFO - Started process (PID=461) to work on /home/airflow/.local/lib/python3.8/site-packages/airflow/example_dags/example_branch_operator.py
[2023-12-09T14:08:48.084+0000] {processor.py:829} INFO - Processing file /home/airflow/.local/lib/python3.8/site-packages/airflow/example_dags/example_branch_operator.py for tasks to queue
[2023-12-09T14:08:48.084+0000] {logging_mixin.py:154} INFO - [2023-12-09T14:08:48.084+0000] {dagbag.py:536} INFO - Filling up the DagBag from /home/airflow/.local/lib/python3.8/site-packages/airflow/example_dags/example_branch_operator.py
[2023-12-09T14:08:48.090+0000] {processor.py:839} INFO - DAG(s) dict_keys(['example_branch_operator']) retrieved from /home/airflow/.local/lib/python3.8/site-packages/airflow/example_dags/example_branch_operator.py
[2023-12-09T14:08:48.102+0000] {logging_mixin.py:154} INFO - [2023-12-09T14:08:48.102+0000] {dag.py:2941} INFO - Sync 1 DAGs
[2023-12-09T14:08:48.113+0000] {logging_mixin.py:154} INFO - [2023-12-09T14:08:48.113+0000] {dag.py:3722} INFO - Setting next_dagrun for example_branch_operator to 2023-12-08T00:00:00+00:00, run_after=2023-12-09T00:00:00+00:00
[2023-12-09T14:08:48.121+0000] {processor.py:179} INFO - Processing /home/airflow/.local/lib/python3.8/site-packages/airflow/example_dags/example_branch_operator.py took 0.040 seconds
[2023-12-09T14:09:18.862+0000] {processor.py:157} INFO - Started process (PID=699) to work on /home/airflow/.local/lib/python3.8/site-packages/airflow/example_dags/example_branch_operator.py
[2023-12-09T14:09:18.863+0000] {processor.py:829} INFO - Processing file /home/airflow/.local/lib/python3.8/site-packages/airflow/example_dags/example_branch_operator.py for tasks to queue
[2023-12-09T14:09:18.864+0000] {logging_mixin.py:154} INFO - [2023-12-09T14:09:18.864+0000] {dagbag.py:536} INFO - Filling up the DagBag from /home/airflow/.local/lib/python3.8/site-packages/airflow/example_dags/example_branch_operator.py
[2023-12-09T14:09:18.870+0000] {processor.py:839} INFO - DAG(s) dict_keys(['example_branch_operator']) retrieved from /home/airflow/.local/lib/python3.8/site-packages/airflow/example_dags/example_branch_operator.py
[2023-12-09T14:09:18.884+0000] {logging_mixin.py:154} INFO - [2023-12-09T14:09:18.883+0000] {dag.py:2941} INFO - Sync 1 DAGs
[2023-12-09T14:09:18.895+0000] {logging_mixin.py:154} INFO - [2023-12-09T14:09:18.895+0000] {dag.py:3722} INFO - Setting next_dagrun for example_branch_operator to 2023-12-08T00:00:00+00:00, run_after=2023-12-09T00:00:00+00:00
[2023-12-09T14:09:18.905+0000] {processor.py:179} INFO - Processing /home/airflow/.local/lib/python3.8/site-packages/airflow/example_dags/example_branch_operator.py took 0.045 seconds
[2023-12-09T14:09:49.027+0000] {processor.py:157} INFO - Started process (PID=937) to work on /home/airflow/.local/lib/python3.8/site-packages/airflow/example_dags/example_branch_operator.py
[2023-12-09T14:09:49.028+0000] {processor.py:829} INFO - Processing file /home/airflow/.local/lib/python3.8/site-packages/airflow/example_dags/example_branch_operator.py for tasks to queue
[2023-12-09T14:09:49.029+0000] {logging_mixin.py:154} INFO - [2023-12-09T14:09:49.029+0000] {dagbag.py:536} INFO - Filling up the DagBag from /home/airflow/.local/lib/python3.8/site-packages/airflow/example_dags/example_branch_operator.py
[2023-12-09T14:09:49.035+0000] {processor.py:839} INFO - DAG(s) dict_keys(['example_branch_operator']) retrieved from /home/airflow/.local/lib/python3.8/site-packages/airflow/example_dags/example_branch_operator.py
[2023-12-09T14:09:49.050+0000] {logging_mixin.py:154} INFO - [2023-12-09T14:09:49.050+0000] {dag.py:2941} INFO - Sync 1 DAGs
[2023-12-09T14:09:49.064+0000] {logging_mixin.py:154} INFO - [2023-12-09T14:09:49.064+0000] {dag.py:3722} INFO - Setting next_dagrun for example_branch_operator to 2023-12-08T00:00:00+00:00, run_after=2023-12-09T00:00:00+00:00
[2023-12-09T14:09:49.072+0000] {processor.py:179} INFO - Processing /home/airflow/.local/lib/python3.8/site-packages/airflow/example_dags/example_branch_operator.py took 0.048 seconds
[2023-12-09T14:10:19.094+0000] {processor.py:157} INFO - Started process (PID=1175) to work on /home/airflow/.local/lib/python3.8/site-packages/airflow/example_dags/example_branch_operator.py
[2023-12-09T14:10:19.095+0000] {processor.py:829} INFO - Processing file /home/airflow/.local/lib/python3.8/site-packages/airflow/example_dags/example_branch_operator.py for tasks to queue
[2023-12-09T14:10:19.095+0000] {logging_mixin.py:154} INFO - [2023-12-09T14:10:19.095+0000] {dagbag.py:536} INFO - Filling up the DagBag from /home/airflow/.local/lib/python3.8/site-packages/airflow/example_dags/example_branch_operator.py
[2023-12-09T14:10:19.101+0000] {processor.py:839} INFO - DAG(s) dict_keys(['example_branch_operator']) retrieved from /home/airflow/.local/lib/python3.8/site-packages/airflow/example_dags/example_branch_operator.py
[2023-12-09T14:10:19.115+0000] {logging_mixin.py:154} INFO - [2023-12-09T14:10:19.115+0000] {dag.py:2941} INFO - Sync 1 DAGs
[2023-12-09T14:10:19.127+0000] {logging_mixin.py:154} INFO - [2023-12-09T14:10:19.126+0000] {dag.py:3722} INFO - Setting next_dagrun for example_branch_operator to 2023-12-08T00:00:00+00:00, run_after=2023-12-09T00:00:00+00:00
[2023-12-09T14:10:19.135+0000] {processor.py:179} INFO - Processing /home/airflow/.local/lib/python3.8/site-packages/airflow/example_dags/example_branch_operator.py took 0.043 seconds
[2023-12-09T14:10:49.922+0000] {processor.py:157} INFO - Started process (PID=1411) to work on /home/airflow/.local/lib/python3.8/site-packages/airflow/example_dags/example_branch_operator.py
[2023-12-09T14:10:49.923+0000] {processor.py:829} INFO - Processing file /home/airflow/.local/lib/python3.8/site-packages/airflow/example_dags/example_branch_operator.py for tasks to queue
[2023-12-09T14:10:49.923+0000] {logging_mixin.py:154} INFO - [2023-12-09T14:10:49.923+0000] {dagbag.py:536} INFO - Filling up the DagBag from /home/airflow/.local/lib/python3.8/site-packages/airflow/example_dags/example_branch_operator.py
[2023-12-09T14:10:49.929+0000] {processor.py:839} INFO - DAG(s) dict_keys(['example_branch_operator']) retrieved from /home/airflow/.local/lib/python3.8/site-packages/airflow/example_dags/example_branch_operator.py
[2023-12-09T14:10:49.942+0000] {logging_mixin.py:154} INFO - [2023-12-09T14:10:49.942+0000] {dag.py:2941} INFO - Sync 1 DAGs
[2023-12-09T14:10:49.954+0000] {logging_mixin.py:154} INFO - [2023-12-09T14:10:49.954+0000] {dag.py:3722} INFO - Setting next_dagrun for example_branch_operator to 2023-12-08T00:00:00+00:00, run_after=2023-12-09T00:00:00+00:00
[2023-12-09T14:10:49.984+0000] {processor.py:179} INFO - Processing /home/airflow/.local/lib/python3.8/site-packages/airflow/example_dags/example_branch_operator.py took 0.064 seconds
[2023-12-09T14:11:20.807+0000] {processor.py:157} INFO - Started process (PID=1649) to work on /home/airflow/.local/lib/python3.8/site-packages/airflow/example_dags/example_branch_operator.py
[2023-12-09T14:11:20.808+0000] {processor.py:829} INFO - Processing file /home/airflow/.local/lib/python3.8/site-packages/airflow/example_dags/example_branch_operator.py for tasks to queue
[2023-12-09T14:11:20.809+0000] {logging_mixin.py:154} INFO - [2023-12-09T14:11:20.809+0000] {dagbag.py:536} INFO - Filling up the DagBag from /home/airflow/.local/lib/python3.8/site-packages/airflow/example_dags/example_branch_operator.py
[2023-12-09T14:11:20.815+0000] {processor.py:839} INFO - DAG(s) dict_keys(['example_branch_operator']) retrieved from /home/airflow/.local/lib/python3.8/site-packages/airflow/example_dags/example_branch_operator.py
[2023-12-09T14:11:20.829+0000] {logging_mixin.py:154} INFO - [2023-12-09T14:11:20.829+0000] {dag.py:2941} INFO - Sync 1 DAGs
[2023-12-09T14:11:20.842+0000] {logging_mixin.py:154} INFO - [2023-12-09T14:11:20.842+0000] {dag.py:3722} INFO - Setting next_dagrun for example_branch_operator to 2023-12-08T00:00:00+00:00, run_after=2023-12-09T00:00:00+00:00
[2023-12-09T14:11:20.852+0000] {processor.py:179} INFO - Processing /home/airflow/.local/lib/python3.8/site-packages/airflow/example_dags/example_branch_operator.py took 0.048 seconds
[2023-12-09T14:11:50.922+0000] {processor.py:157} INFO - Started process (PID=1887) to work on /home/airflow/.local/lib/python3.8/site-packages/airflow/example_dags/example_branch_operator.py
[2023-12-09T14:11:50.923+0000] {processor.py:829} INFO - Processing file /home/airflow/.local/lib/python3.8/site-packages/airflow/example_dags/example_branch_operator.py for tasks to queue
[2023-12-09T14:11:50.923+0000] {logging_mixin.py:154} INFO - [2023-12-09T14:11:50.923+0000] {dagbag.py:536} INFO - Filling up the DagBag from /home/airflow/.local/lib/python3.8/site-packages/airflow/example_dags/example_branch_operator.py
[2023-12-09T14:11:50.930+0000] {processor.py:839} INFO - DAG(s) dict_keys(['example_branch_operator']) retrieved from /home/airflow/.local/lib/python3.8/site-packages/airflow/example_dags/example_branch_operator.py
[2023-12-09T14:11:50.943+0000] {logging_mixin.py:154} INFO - [2023-12-09T14:11:50.943+0000] {dag.py:2941} INFO - Sync 1 DAGs
[2023-12-09T14:11:50.955+0000] {logging_mixin.py:154} INFO - [2023-12-09T14:11:50.955+0000] {dag.py:3722} INFO - Setting next_dagrun for example_branch_operator to 2023-12-08T00:00:00+00:00, run_after=2023-12-09T00:00:00+00:00
[2023-12-09T14:11:50.971+0000] {processor.py:179} INFO - Processing /home/airflow/.local/lib/python3.8/site-packages/airflow/example_dags/example_branch_operator.py took 0.052 seconds
[2023-12-09T14:12:21.101+0000] {processor.py:157} INFO - Started process (PID=2125) to work on /home/airflow/.local/lib/python3.8/site-packages/airflow/example_dags/example_branch_operator.py
[2023-12-09T14:12:21.101+0000] {processor.py:829} INFO - Processing file /home/airflow/.local/lib/python3.8/site-packages/airflow/example_dags/example_branch_operator.py for tasks to queue
[2023-12-09T14:12:21.102+0000] {logging_mixin.py:154} INFO - [2023-12-09T14:12:21.102+0000] {dagbag.py:536} INFO - Filling up the DagBag from /home/airflow/.local/lib/python3.8/site-packages/airflow/example_dags/example_branch_operator.py
[2023-12-09T14:12:21.108+0000] {processor.py:839} INFO - DAG(s) dict_keys(['example_branch_operator']) retrieved from /home/airflow/.local/lib/python3.8/site-packages/airflow/example_dags/example_branch_operator.py
[2023-12-09T14:12:21.121+0000] {logging_mixin.py:154} INFO - [2023-12-09T14:12:21.121+0000] {dag.py:2941} INFO - Sync 1 DAGs
[2023-12-09T14:12:21.135+0000] {logging_mixin.py:154} INFO - [2023-12-09T14:12:21.135+0000] {dag.py:3722} INFO - Setting next_dagrun for example_branch_operator to 2023-12-08T00:00:00+00:00, run_after=2023-12-09T00:00:00+00:00
[2023-12-09T14:12:21.145+0000] {processor.py:179} INFO - Processing /home/airflow/.local/lib/python3.8/site-packages/airflow/example_dags/example_branch_operator.py took 0.047 seconds
[2023-12-09T14:12:51.851+0000] {processor.py:157} INFO - Started process (PID=2365) to work on /home/airflow/.local/lib/python3.8/site-packages/airflow/example_dags/example_branch_operator.py
[2023-12-09T14:12:51.851+0000] {processor.py:829} INFO - Processing file /home/airflow/.local/lib/python3.8/site-packages/airflow/example_dags/example_branch_operator.py for tasks to queue
[2023-12-09T14:12:51.852+0000] {logging_mixin.py:154} INFO - [2023-12-09T14:12:51.852+0000] {dagbag.py:536} INFO - Filling up the DagBag from /home/airflow/.local/lib/python3.8/site-packages/airflow/example_dags/example_branch_operator.py
[2023-12-09T14:12:51.858+0000] {processor.py:839} INFO - DAG(s) dict_keys(['example_branch_operator']) retrieved from /home/airflow/.local/lib/python3.8/site-packages/airflow/example_dags/example_branch_operator.py
[2023-12-09T14:12:51.874+0000] {logging_mixin.py:154} INFO - [2023-12-09T14:12:51.874+0000] {dag.py:2941} INFO - Sync 1 DAGs
[2023-12-09T14:12:51.889+0000] {logging_mixin.py:154} INFO - [2023-12-09T14:12:51.889+0000] {dag.py:3722} INFO - Setting next_dagrun for example_branch_operator to 2023-12-08T00:00:00+00:00, run_after=2023-12-09T00:00:00+00:00
[2023-12-09T14:12:51.900+0000] {processor.py:179} INFO - Processing /home/airflow/.local/lib/python3.8/site-packages/airflow/example_dags/example_branch_operator.py took 0.052 seconds
[2023-12-09T14:13:22.859+0000] {processor.py:157} INFO - Started process (PID=2603) to work on /home/airflow/.local/lib/python3.8/site-packages/airflow/example_dags/example_branch_operator.py
[2023-12-09T14:13:22.860+0000] {processor.py:829} INFO - Processing file /home/airflow/.local/lib/python3.8/site-packages/airflow/example_dags/example_branch_operator.py for tasks to queue
[2023-12-09T14:13:22.861+0000] {logging_mixin.py:154} INFO - [2023-12-09T14:13:22.860+0000] {dagbag.py:536} INFO - Filling up the DagBag from /home/airflow/.local/lib/python3.8/site-packages/airflow/example_dags/example_branch_operator.py
[2023-12-09T14:13:22.867+0000] {processor.py:839} INFO - DAG(s) dict_keys(['example_branch_operator']) retrieved from /home/airflow/.local/lib/python3.8/site-packages/airflow/example_dags/example_branch_operator.py
[2023-12-09T14:13:22.881+0000] {logging_mixin.py:154} INFO - [2023-12-09T14:13:22.881+0000] {dag.py:2941} INFO - Sync 1 DAGs
[2023-12-09T14:13:22.895+0000] {logging_mixin.py:154} INFO - [2023-12-09T14:13:22.895+0000] {dag.py:3722} INFO - Setting next_dagrun for example_branch_operator to 2023-12-08T00:00:00+00:00, run_after=2023-12-09T00:00:00+00:00
[2023-12-09T14:13:22.907+0000] {processor.py:179} INFO - Processing /home/airflow/.local/lib/python3.8/site-packages/airflow/example_dags/example_branch_operator.py took 0.050 seconds
[2023-12-09T14:13:53.702+0000] {processor.py:157} INFO - Started process (PID=2841) to work on /home/airflow/.local/lib/python3.8/site-packages/airflow/example_dags/example_branch_operator.py
[2023-12-09T14:13:53.703+0000] {processor.py:829} INFO - Processing file /home/airflow/.local/lib/python3.8/site-packages/airflow/example_dags/example_branch_operator.py for tasks to queue
[2023-12-09T14:13:53.704+0000] {logging_mixin.py:154} INFO - [2023-12-09T14:13:53.704+0000] {dagbag.py:536} INFO - Filling up the DagBag from /home/airflow/.local/lib/python3.8/site-packages/airflow/example_dags/example_branch_operator.py
[2023-12-09T14:13:53.714+0000] {processor.py:839} INFO - DAG(s) dict_keys(['example_branch_operator']) retrieved from /home/airflow/.local/lib/python3.8/site-packages/airflow/example_dags/example_branch_operator.py
[2023-12-09T14:13:53.734+0000] {logging_mixin.py:154} INFO - [2023-12-09T14:13:53.734+0000] {dag.py:2941} INFO - Sync 1 DAGs
[2023-12-09T14:13:53.748+0000] {logging_mixin.py:154} INFO - [2023-12-09T14:13:53.748+0000] {dag.py:3722} INFO - Setting next_dagrun for example_branch_operator to 2023-12-08T00:00:00+00:00, run_after=2023-12-09T00:00:00+00:00
[2023-12-09T14:13:53.758+0000] {processor.py:179} INFO - Processing /home/airflow/.local/lib/python3.8/site-packages/airflow/example_dags/example_branch_operator.py took 0.061 seconds
[2023-12-09T14:14:24.435+0000] {processor.py:157} INFO - Started process (PID=3079) to work on /home/airflow/.local/lib/python3.8/site-packages/airflow/example_dags/example_branch_operator.py
[2023-12-09T14:14:24.437+0000] {processor.py:829} INFO - Processing file /home/airflow/.local/lib/python3.8/site-packages/airflow/example_dags/example_branch_operator.py for tasks to queue
[2023-12-09T14:14:24.438+0000] {logging_mixin.py:154} INFO - [2023-12-09T14:14:24.438+0000] {dagbag.py:536} INFO - Filling up the DagBag from /home/airflow/.local/lib/python3.8/site-packages/airflow/example_dags/example_branch_operator.py
[2023-12-09T14:14:24.450+0000] {processor.py:839} INFO - DAG(s) dict_keys(['example_branch_operator']) retrieved from /home/airflow/.local/lib/python3.8/site-packages/airflow/example_dags/example_branch_operator.py
[2023-12-09T14:14:24.469+0000] {logging_mixin.py:154} INFO - [2023-12-09T14:14:24.469+0000] {dag.py:2941} INFO - Sync 1 DAGs
[2023-12-09T14:14:24.483+0000] {logging_mixin.py:154} INFO - [2023-12-09T14:14:24.483+0000] {dag.py:3722} INFO - Setting next_dagrun for example_branch_operator to 2023-12-08T00:00:00+00:00, run_after=2023-12-09T00:00:00+00:00
[2023-12-09T14:14:24.492+0000] {processor.py:179} INFO - Processing /home/airflow/.local/lib/python3.8/site-packages/airflow/example_dags/example_branch_operator.py took 0.061 seconds
[2023-12-09T14:14:55.226+0000] {processor.py:157} INFO - Started process (PID=3317) to work on /home/airflow/.local/lib/python3.8/site-packages/airflow/example_dags/example_branch_operator.py
[2023-12-09T14:14:55.228+0000] {processor.py:829} INFO - Processing file /home/airflow/.local/lib/python3.8/site-packages/airflow/example_dags/example_branch_operator.py for tasks to queue
[2023-12-09T14:14:55.229+0000] {logging_mixin.py:154} INFO - [2023-12-09T14:14:55.229+0000] {dagbag.py:536} INFO - Filling up the DagBag from /home/airflow/.local/lib/python3.8/site-packages/airflow/example_dags/example_branch_operator.py
[2023-12-09T14:14:55.242+0000] {processor.py:839} INFO - DAG(s) dict_keys(['example_branch_operator']) retrieved from /home/airflow/.local/lib/python3.8/site-packages/airflow/example_dags/example_branch_operator.py
[2023-12-09T14:14:55.264+0000] {logging_mixin.py:154} INFO - [2023-12-09T14:14:55.264+0000] {dag.py:2941} INFO - Sync 1 DAGs
[2023-12-09T14:14:55.279+0000] {logging_mixin.py:154} INFO - [2023-12-09T14:14:55.279+0000] {dag.py:3722} INFO - Setting next_dagrun for example_branch_operator to 2023-12-08T00:00:00+00:00, run_after=2023-12-09T00:00:00+00:00
[2023-12-09T14:14:55.289+0000] {processor.py:179} INFO - Processing /home/airflow/.local/lib/python3.8/site-packages/airflow/example_dags/example_branch_operator.py took 0.070 seconds
[2023-12-09T14:15:25.951+0000] {processor.py:157} INFO - Started process (PID=3555) to work on /home/airflow/.local/lib/python3.8/site-packages/airflow/example_dags/example_branch_operator.py
[2023-12-09T14:15:25.952+0000] {processor.py:829} INFO - Processing file /home/airflow/.local/lib/python3.8/site-packages/airflow/example_dags/example_branch_operator.py for tasks to queue
[2023-12-09T14:15:25.954+0000] {logging_mixin.py:154} INFO - [2023-12-09T14:15:25.953+0000] {dagbag.py:536} INFO - Filling up the DagBag from /home/airflow/.local/lib/python3.8/site-packages/airflow/example_dags/example_branch_operator.py
[2023-12-09T14:15:25.965+0000] {processor.py:839} INFO - DAG(s) dict_keys(['example_branch_operator']) retrieved from /home/airflow/.local/lib/python3.8/site-packages/airflow/example_dags/example_branch_operator.py
[2023-12-09T14:15:25.985+0000] {logging_mixin.py:154} INFO - [2023-12-09T14:15:25.985+0000] {dag.py:2941} INFO - Sync 1 DAGs
[2023-12-09T14:15:25.999+0000] {logging_mixin.py:154} INFO - [2023-12-09T14:15:25.999+0000] {dag.py:3722} INFO - Setting next_dagrun for example_branch_operator to 2023-12-08T00:00:00+00:00, run_after=2023-12-09T00:00:00+00:00
[2023-12-09T14:15:26.009+0000] {processor.py:179} INFO - Processing /home/airflow/.local/lib/python3.8/site-packages/airflow/example_dags/example_branch_operator.py took 0.064 seconds
[2023-12-09T14:15:56.849+0000] {processor.py:157} INFO - Started process (PID=3793) to work on /home/airflow/.local/lib/python3.8/site-packages/airflow/example_dags/example_branch_operator.py
[2023-12-09T14:15:56.851+0000] {processor.py:829} INFO - Processing file /home/airflow/.local/lib/python3.8/site-packages/airflow/example_dags/example_branch_operator.py for tasks to queue
[2023-12-09T14:15:56.852+0000] {logging_mixin.py:154} INFO - [2023-12-09T14:15:56.852+0000] {dagbag.py:536} INFO - Filling up the DagBag from /home/airflow/.local/lib/python3.8/site-packages/airflow/example_dags/example_branch_operator.py
[2023-12-09T14:15:56.860+0000] {processor.py:839} INFO - DAG(s) dict_keys(['example_branch_operator']) retrieved from /home/airflow/.local/lib/python3.8/site-packages/airflow/example_dags/example_branch_operator.py
[2023-12-09T14:15:56.878+0000] {logging_mixin.py:154} INFO - [2023-12-09T14:15:56.878+0000] {dag.py:2941} INFO - Sync 1 DAGs
[2023-12-09T14:15:56.894+0000] {logging_mixin.py:154} INFO - [2023-12-09T14:15:56.893+0000] {dag.py:3722} INFO - Setting next_dagrun for example_branch_operator to 2023-12-08T00:00:00+00:00, run_after=2023-12-09T00:00:00+00:00
[2023-12-09T14:15:56.907+0000] {processor.py:179} INFO - Processing /home/airflow/.local/lib/python3.8/site-packages/airflow/example_dags/example_branch_operator.py took 0.061 seconds
[2023-12-09T14:16:27.898+0000] {processor.py:157} INFO - Started process (PID=4031) to work on /home/airflow/.local/lib/python3.8/site-packages/airflow/example_dags/example_branch_operator.py
[2023-12-09T14:16:27.898+0000] {processor.py:829} INFO - Processing file /home/airflow/.local/lib/python3.8/site-packages/airflow/example_dags/example_branch_operator.py for tasks to queue
[2023-12-09T14:16:27.899+0000] {logging_mixin.py:154} INFO - [2023-12-09T14:16:27.899+0000] {dagbag.py:536} INFO - Filling up the DagBag from /home/airflow/.local/lib/python3.8/site-packages/airflow/example_dags/example_branch_operator.py
[2023-12-09T14:16:27.905+0000] {processor.py:839} INFO - DAG(s) dict_keys(['example_branch_operator']) retrieved from /home/airflow/.local/lib/python3.8/site-packages/airflow/example_dags/example_branch_operator.py
[2023-12-09T14:16:27.920+0000] {logging_mixin.py:154} INFO - [2023-12-09T14:16:27.920+0000] {dag.py:2941} INFO - Sync 1 DAGs
[2023-12-09T14:16:27.932+0000] {logging_mixin.py:154} INFO - [2023-12-09T14:16:27.932+0000] {dag.py:3722} INFO - Setting next_dagrun for example_branch_operator to 2023-12-08T00:00:00+00:00, run_after=2023-12-09T00:00:00+00:00
[2023-12-09T14:16:27.941+0000] {processor.py:179} INFO - Processing /home/airflow/.local/lib/python3.8/site-packages/airflow/example_dags/example_branch_operator.py took 0.046 seconds
[2023-12-09T14:16:58.529+0000] {processor.py:157} INFO - Started process (PID=4269) to work on /home/airflow/.local/lib/python3.8/site-packages/airflow/example_dags/example_branch_operator.py
[2023-12-09T14:16:58.531+0000] {processor.py:829} INFO - Processing file /home/airflow/.local/lib/python3.8/site-packages/airflow/example_dags/example_branch_operator.py for tasks to queue
[2023-12-09T14:16:58.532+0000] {logging_mixin.py:154} INFO - [2023-12-09T14:16:58.532+0000] {dagbag.py:536} INFO - Filling up the DagBag from /home/airflow/.local/lib/python3.8/site-packages/airflow/example_dags/example_branch_operator.py
[2023-12-09T14:16:58.545+0000] {processor.py:839} INFO - DAG(s) dict_keys(['example_branch_operator']) retrieved from /home/airflow/.local/lib/python3.8/site-packages/airflow/example_dags/example_branch_operator.py
[2023-12-09T14:16:58.568+0000] {logging_mixin.py:154} INFO - [2023-12-09T14:16:58.567+0000] {dag.py:2941} INFO - Sync 1 DAGs
[2023-12-09T14:16:58.582+0000] {logging_mixin.py:154} INFO - [2023-12-09T14:16:58.582+0000] {dag.py:3722} INFO - Setting next_dagrun for example_branch_operator to 2023-12-08T00:00:00+00:00, run_after=2023-12-09T00:00:00+00:00
[2023-12-09T14:16:58.592+0000] {processor.py:179} INFO - Processing /home/airflow/.local/lib/python3.8/site-packages/airflow/example_dags/example_branch_operator.py took 0.070 seconds
[2023-12-09T14:17:29.192+0000] {processor.py:157} INFO - Started process (PID=4507) to work on /home/airflow/.local/lib/python3.8/site-packages/airflow/example_dags/example_branch_operator.py
[2023-12-09T14:17:29.194+0000] {processor.py:829} INFO - Processing file /home/airflow/.local/lib/python3.8/site-packages/airflow/example_dags/example_branch_operator.py for tasks to queue
[2023-12-09T14:17:29.195+0000] {logging_mixin.py:154} INFO - [2023-12-09T14:17:29.195+0000] {dagbag.py:536} INFO - Filling up the DagBag from /home/airflow/.local/lib/python3.8/site-packages/airflow/example_dags/example_branch_operator.py
[2023-12-09T14:17:29.208+0000] {processor.py:839} INFO - DAG(s) dict_keys(['example_branch_operator']) retrieved from /home/airflow/.local/lib/python3.8/site-packages/airflow/example_dags/example_branch_operator.py
[2023-12-09T14:17:29.227+0000] {logging_mixin.py:154} INFO - [2023-12-09T14:17:29.227+0000] {dag.py:2941} INFO - Sync 1 DAGs
[2023-12-09T14:17:29.241+0000] {logging_mixin.py:154} INFO - [2023-12-09T14:17:29.240+0000] {dag.py:3722} INFO - Setting next_dagrun for example_branch_operator to 2023-12-08T00:00:00+00:00, run_after=2023-12-09T00:00:00+00:00
[2023-12-09T14:17:29.250+0000] {processor.py:179} INFO - Processing /home/airflow/.local/lib/python3.8/site-packages/airflow/example_dags/example_branch_operator.py took 0.065 seconds
[2023-12-09T14:18:00.005+0000] {processor.py:157} INFO - Started process (PID=4745) to work on /home/airflow/.local/lib/python3.8/site-packages/airflow/example_dags/example_branch_operator.py
[2023-12-09T14:18:00.006+0000] {processor.py:829} INFO - Processing file /home/airflow/.local/lib/python3.8/site-packages/airflow/example_dags/example_branch_operator.py for tasks to queue
[2023-12-09T14:18:00.007+0000] {logging_mixin.py:154} INFO - [2023-12-09T14:18:00.006+0000] {dagbag.py:536} INFO - Filling up the DagBag from /home/airflow/.local/lib/python3.8/site-packages/airflow/example_dags/example_branch_operator.py
[2023-12-09T14:18:00.017+0000] {processor.py:839} INFO - DAG(s) dict_keys(['example_branch_operator']) retrieved from /home/airflow/.local/lib/python3.8/site-packages/airflow/example_dags/example_branch_operator.py
[2023-12-09T14:18:00.036+0000] {logging_mixin.py:154} INFO - [2023-12-09T14:18:00.036+0000] {dag.py:2941} INFO - Sync 1 DAGs
[2023-12-09T14:18:00.050+0000] {logging_mixin.py:154} INFO - [2023-12-09T14:18:00.049+0000] {dag.py:3722} INFO - Setting next_dagrun for example_branch_operator to 2023-12-08T00:00:00+00:00, run_after=2023-12-09T00:00:00+00:00
[2023-12-09T14:18:00.060+0000] {processor.py:179} INFO - Processing /home/airflow/.local/lib/python3.8/site-packages/airflow/example_dags/example_branch_operator.py took 0.060 seconds
[2023-12-09T14:18:30.840+0000] {processor.py:157} INFO - Started process (PID=4983) to work on /home/airflow/.local/lib/python3.8/site-packages/airflow/example_dags/example_branch_operator.py
[2023-12-09T14:18:30.841+0000] {processor.py:829} INFO - Processing file /home/airflow/.local/lib/python3.8/site-packages/airflow/example_dags/example_branch_operator.py for tasks to queue
[2023-12-09T14:18:30.843+0000] {logging_mixin.py:154} INFO - [2023-12-09T14:18:30.842+0000] {dagbag.py:536} INFO - Filling up the DagBag from /home/airflow/.local/lib/python3.8/site-packages/airflow/example_dags/example_branch_operator.py
[2023-12-09T14:18:30.852+0000] {processor.py:839} INFO - DAG(s) dict_keys(['example_branch_operator']) retrieved from /home/airflow/.local/lib/python3.8/site-packages/airflow/example_dags/example_branch_operator.py
[2023-12-09T14:18:30.871+0000] {logging_mixin.py:154} INFO - [2023-12-09T14:18:30.871+0000] {dag.py:2941} INFO - Sync 1 DAGs
[2023-12-09T14:18:30.885+0000] {logging_mixin.py:154} INFO - [2023-12-09T14:18:30.885+0000] {dag.py:3722} INFO - Setting next_dagrun for example_branch_operator to 2023-12-08T00:00:00+00:00, run_after=2023-12-09T00:00:00+00:00
[2023-12-09T14:18:30.894+0000] {processor.py:179} INFO - Processing /home/airflow/.local/lib/python3.8/site-packages/airflow/example_dags/example_branch_operator.py took 0.059 seconds
[2023-12-09T14:19:01.509+0000] {processor.py:157} INFO - Started process (PID=5221) to work on /home/airflow/.local/lib/python3.8/site-packages/airflow/example_dags/example_branch_operator.py
[2023-12-09T14:19:01.511+0000] {processor.py:829} INFO - Processing file /home/airflow/.local/lib/python3.8/site-packages/airflow/example_dags/example_branch_operator.py for tasks to queue
[2023-12-09T14:19:01.512+0000] {logging_mixin.py:154} INFO - [2023-12-09T14:19:01.511+0000] {dagbag.py:536} INFO - Filling up the DagBag from /home/airflow/.local/lib/python3.8/site-packages/airflow/example_dags/example_branch_operator.py
[2023-12-09T14:19:01.524+0000] {processor.py:839} INFO - DAG(s) dict_keys(['example_branch_operator']) retrieved from /home/airflow/.local/lib/python3.8/site-packages/airflow/example_dags/example_branch_operator.py
[2023-12-09T14:19:01.545+0000] {logging_mixin.py:154} INFO - [2023-12-09T14:19:01.544+0000] {dag.py:2941} INFO - Sync 1 DAGs
[2023-12-09T14:19:01.559+0000] {logging_mixin.py:154} INFO - [2023-12-09T14:19:01.559+0000] {dag.py:3722} INFO - Setting next_dagrun for example_branch_operator to 2023-12-08T00:00:00+00:00, run_after=2023-12-09T00:00:00+00:00
[2023-12-09T14:19:01.569+0000] {processor.py:179} INFO - Processing /home/airflow/.local/lib/python3.8/site-packages/airflow/example_dags/example_branch_operator.py took 0.066 seconds
