[2023-12-09T14:08:17.824+0000] {processor.py:157} INFO - Started process (PID=251) to work on /home/airflow/.local/lib/python3.8/site-packages/airflow/example_dags/example_dynamic_task_mapping_with_no_taskflow_operators.py
[2023-12-09T14:08:17.825+0000] {processor.py:829} INFO - Processing file /home/airflow/.local/lib/python3.8/site-packages/airflow/example_dags/example_dynamic_task_mapping_with_no_taskflow_operators.py for tasks to queue
[2023-12-09T14:08:17.826+0000] {logging_mixin.py:154} INFO - [2023-12-09T14:08:17.825+0000] {dagbag.py:536} INFO - Filling up the DagBag from /home/airflow/.local/lib/python3.8/site-packages/airflow/example_dags/example_dynamic_task_mapping_with_no_taskflow_operators.py
[2023-12-09T14:08:17.832+0000] {processor.py:839} INFO - DAG(s) dict_keys(['example_dynamic_task_mapping_with_no_taskflow_operators']) retrieved from /home/airflow/.local/lib/python3.8/site-packages/airflow/example_dags/example_dynamic_task_mapping_with_no_taskflow_operators.py
[2023-12-09T14:08:17.839+0000] {logging_mixin.py:154} INFO - [2023-12-09T14:08:17.839+0000] {dag.py:2941} INFO - Sync 1 DAGs
[2023-12-09T14:08:17.853+0000] {logging_mixin.py:154} INFO - [2023-12-09T14:08:17.853+0000] {dag.py:3722} INFO - Setting next_dagrun for example_dynamic_task_mapping_with_no_taskflow_operators to 2023-12-08T14:08:17.853021+00:00, run_after=2023-12-09T14:08:17.853021+00:00
[2023-12-09T14:08:17.863+0000] {processor.py:179} INFO - Processing /home/airflow/.local/lib/python3.8/site-packages/airflow/example_dags/example_dynamic_task_mapping_with_no_taskflow_operators.py took 0.041 seconds
[2023-12-09T14:08:48.267+0000] {processor.py:157} INFO - Started process (PID=489) to work on /home/airflow/.local/lib/python3.8/site-packages/airflow/example_dags/example_dynamic_task_mapping_with_no_taskflow_operators.py
[2023-12-09T14:08:48.268+0000] {processor.py:829} INFO - Processing file /home/airflow/.local/lib/python3.8/site-packages/airflow/example_dags/example_dynamic_task_mapping_with_no_taskflow_operators.py for tasks to queue
[2023-12-09T14:08:48.269+0000] {logging_mixin.py:154} INFO - [2023-12-09T14:08:48.269+0000] {dagbag.py:536} INFO - Filling up the DagBag from /home/airflow/.local/lib/python3.8/site-packages/airflow/example_dags/example_dynamic_task_mapping_with_no_taskflow_operators.py
[2023-12-09T14:08:48.273+0000] {processor.py:839} INFO - DAG(s) dict_keys(['example_dynamic_task_mapping_with_no_taskflow_operators']) retrieved from /home/airflow/.local/lib/python3.8/site-packages/airflow/example_dags/example_dynamic_task_mapping_with_no_taskflow_operators.py
[2023-12-09T14:08:48.285+0000] {logging_mixin.py:154} INFO - [2023-12-09T14:08:48.284+0000] {dag.py:2941} INFO - Sync 1 DAGs
[2023-12-09T14:08:48.296+0000] {logging_mixin.py:154} INFO - [2023-12-09T14:08:48.295+0000] {dag.py:3722} INFO - Setting next_dagrun for example_dynamic_task_mapping_with_no_taskflow_operators to 2023-12-08T14:08:48.295831+00:00, run_after=2023-12-09T14:08:48.295831+00:00
[2023-12-09T14:08:48.305+0000] {processor.py:179} INFO - Processing /home/airflow/.local/lib/python3.8/site-packages/airflow/example_dags/example_dynamic_task_mapping_with_no_taskflow_operators.py took 0.040 seconds
[2023-12-09T14:09:19.053+0000] {processor.py:157} INFO - Started process (PID=727) to work on /home/airflow/.local/lib/python3.8/site-packages/airflow/example_dags/example_dynamic_task_mapping_with_no_taskflow_operators.py
[2023-12-09T14:09:19.053+0000] {processor.py:829} INFO - Processing file /home/airflow/.local/lib/python3.8/site-packages/airflow/example_dags/example_dynamic_task_mapping_with_no_taskflow_operators.py for tasks to queue
[2023-12-09T14:09:19.054+0000] {logging_mixin.py:154} INFO - [2023-12-09T14:09:19.054+0000] {dagbag.py:536} INFO - Filling up the DagBag from /home/airflow/.local/lib/python3.8/site-packages/airflow/example_dags/example_dynamic_task_mapping_with_no_taskflow_operators.py
[2023-12-09T14:09:19.059+0000] {processor.py:839} INFO - DAG(s) dict_keys(['example_dynamic_task_mapping_with_no_taskflow_operators']) retrieved from /home/airflow/.local/lib/python3.8/site-packages/airflow/example_dags/example_dynamic_task_mapping_with_no_taskflow_operators.py
[2023-12-09T14:09:19.071+0000] {logging_mixin.py:154} INFO - [2023-12-09T14:09:19.071+0000] {dag.py:2941} INFO - Sync 1 DAGs
[2023-12-09T14:09:19.082+0000] {logging_mixin.py:154} INFO - [2023-12-09T14:09:19.082+0000] {dag.py:3722} INFO - Setting next_dagrun for example_dynamic_task_mapping_with_no_taskflow_operators to 2023-12-08T14:09:19.082714+00:00, run_after=2023-12-09T14:09:19.082714+00:00
[2023-12-09T14:09:19.092+0000] {processor.py:179} INFO - Processing /home/airflow/.local/lib/python3.8/site-packages/airflow/example_dags/example_dynamic_task_mapping_with_no_taskflow_operators.py took 0.042 seconds
[2023-12-09T14:09:49.216+0000] {processor.py:157} INFO - Started process (PID=962) to work on /home/airflow/.local/lib/python3.8/site-packages/airflow/example_dags/example_dynamic_task_mapping_with_no_taskflow_operators.py
[2023-12-09T14:09:49.217+0000] {processor.py:829} INFO - Processing file /home/airflow/.local/lib/python3.8/site-packages/airflow/example_dags/example_dynamic_task_mapping_with_no_taskflow_operators.py for tasks to queue
[2023-12-09T14:09:49.217+0000] {logging_mixin.py:154} INFO - [2023-12-09T14:09:49.217+0000] {dagbag.py:536} INFO - Filling up the DagBag from /home/airflow/.local/lib/python3.8/site-packages/airflow/example_dags/example_dynamic_task_mapping_with_no_taskflow_operators.py
[2023-12-09T14:09:49.222+0000] {processor.py:839} INFO - DAG(s) dict_keys(['example_dynamic_task_mapping_with_no_taskflow_operators']) retrieved from /home/airflow/.local/lib/python3.8/site-packages/airflow/example_dags/example_dynamic_task_mapping_with_no_taskflow_operators.py
[2023-12-09T14:09:49.234+0000] {logging_mixin.py:154} INFO - [2023-12-09T14:09:49.233+0000] {dag.py:2941} INFO - Sync 1 DAGs
[2023-12-09T14:09:49.244+0000] {logging_mixin.py:154} INFO - [2023-12-09T14:09:49.244+0000] {dag.py:3722} INFO - Setting next_dagrun for example_dynamic_task_mapping_with_no_taskflow_operators to 2023-12-08T14:09:49.244631+00:00, run_after=2023-12-09T14:09:49.244631+00:00
[2023-12-09T14:09:49.252+0000] {processor.py:179} INFO - Processing /home/airflow/.local/lib/python3.8/site-packages/airflow/example_dags/example_dynamic_task_mapping_with_no_taskflow_operators.py took 0.038 seconds
[2023-12-09T14:10:19.316+0000] {processor.py:157} INFO - Started process (PID=1200) to work on /home/airflow/.local/lib/python3.8/site-packages/airflow/example_dags/example_dynamic_task_mapping_with_no_taskflow_operators.py
[2023-12-09T14:10:19.317+0000] {processor.py:829} INFO - Processing file /home/airflow/.local/lib/python3.8/site-packages/airflow/example_dags/example_dynamic_task_mapping_with_no_taskflow_operators.py for tasks to queue
[2023-12-09T14:10:19.317+0000] {logging_mixin.py:154} INFO - [2023-12-09T14:10:19.317+0000] {dagbag.py:536} INFO - Filling up the DagBag from /home/airflow/.local/lib/python3.8/site-packages/airflow/example_dags/example_dynamic_task_mapping_with_no_taskflow_operators.py
[2023-12-09T14:10:19.322+0000] {processor.py:839} INFO - DAG(s) dict_keys(['example_dynamic_task_mapping_with_no_taskflow_operators']) retrieved from /home/airflow/.local/lib/python3.8/site-packages/airflow/example_dags/example_dynamic_task_mapping_with_no_taskflow_operators.py
[2023-12-09T14:10:19.333+0000] {logging_mixin.py:154} INFO - [2023-12-09T14:10:19.333+0000] {dag.py:2941} INFO - Sync 1 DAGs
[2023-12-09T14:10:19.343+0000] {logging_mixin.py:154} INFO - [2023-12-09T14:10:19.343+0000] {dag.py:3722} INFO - Setting next_dagrun for example_dynamic_task_mapping_with_no_taskflow_operators to 2023-12-08T14:10:19.342950+00:00, run_after=2023-12-09T14:10:19.342950+00:00
[2023-12-09T14:10:19.351+0000] {processor.py:179} INFO - Processing /home/airflow/.local/lib/python3.8/site-packages/airflow/example_dags/example_dynamic_task_mapping_with_no_taskflow_operators.py took 0.037 seconds
[2023-12-09T14:10:50.164+0000] {processor.py:157} INFO - Started process (PID=1441) to work on /home/airflow/.local/lib/python3.8/site-packages/airflow/example_dags/example_dynamic_task_mapping_with_no_taskflow_operators.py
[2023-12-09T14:10:50.164+0000] {processor.py:829} INFO - Processing file /home/airflow/.local/lib/python3.8/site-packages/airflow/example_dags/example_dynamic_task_mapping_with_no_taskflow_operators.py for tasks to queue
[2023-12-09T14:10:50.165+0000] {logging_mixin.py:154} INFO - [2023-12-09T14:10:50.165+0000] {dagbag.py:536} INFO - Filling up the DagBag from /home/airflow/.local/lib/python3.8/site-packages/airflow/example_dags/example_dynamic_task_mapping_with_no_taskflow_operators.py
[2023-12-09T14:10:50.170+0000] {processor.py:839} INFO - DAG(s) dict_keys(['example_dynamic_task_mapping_with_no_taskflow_operators']) retrieved from /home/airflow/.local/lib/python3.8/site-packages/airflow/example_dags/example_dynamic_task_mapping_with_no_taskflow_operators.py
[2023-12-09T14:10:50.182+0000] {logging_mixin.py:154} INFO - [2023-12-09T14:10:50.182+0000] {dag.py:2941} INFO - Sync 1 DAGs
[2023-12-09T14:10:50.193+0000] {logging_mixin.py:154} INFO - [2023-12-09T14:10:50.193+0000] {dag.py:3722} INFO - Setting next_dagrun for example_dynamic_task_mapping_with_no_taskflow_operators to 2023-12-08T14:10:50.193098+00:00, run_after=2023-12-09T14:10:50.193098+00:00
[2023-12-09T14:10:50.201+0000] {processor.py:179} INFO - Processing /home/airflow/.local/lib/python3.8/site-packages/airflow/example_dags/example_dynamic_task_mapping_with_no_taskflow_operators.py took 0.040 seconds
[2023-12-09T14:11:21.006+0000] {processor.py:157} INFO - Started process (PID=1679) to work on /home/airflow/.local/lib/python3.8/site-packages/airflow/example_dags/example_dynamic_task_mapping_with_no_taskflow_operators.py
[2023-12-09T14:11:21.007+0000] {processor.py:829} INFO - Processing file /home/airflow/.local/lib/python3.8/site-packages/airflow/example_dags/example_dynamic_task_mapping_with_no_taskflow_operators.py for tasks to queue
[2023-12-09T14:11:21.007+0000] {logging_mixin.py:154} INFO - [2023-12-09T14:11:21.007+0000] {dagbag.py:536} INFO - Filling up the DagBag from /home/airflow/.local/lib/python3.8/site-packages/airflow/example_dags/example_dynamic_task_mapping_with_no_taskflow_operators.py
[2023-12-09T14:11:21.012+0000] {processor.py:839} INFO - DAG(s) dict_keys(['example_dynamic_task_mapping_with_no_taskflow_operators']) retrieved from /home/airflow/.local/lib/python3.8/site-packages/airflow/example_dags/example_dynamic_task_mapping_with_no_taskflow_operators.py
[2023-12-09T14:11:21.024+0000] {logging_mixin.py:154} INFO - [2023-12-09T14:11:21.024+0000] {dag.py:2941} INFO - Sync 1 DAGs
[2023-12-09T14:11:21.039+0000] {logging_mixin.py:154} INFO - [2023-12-09T14:11:21.039+0000] {dag.py:3722} INFO - Setting next_dagrun for example_dynamic_task_mapping_with_no_taskflow_operators to 2023-12-08T14:11:21.038923+00:00, run_after=2023-12-09T14:11:21.038923+00:00
[2023-12-09T14:11:21.047+0000] {processor.py:179} INFO - Processing /home/airflow/.local/lib/python3.8/site-packages/airflow/example_dags/example_dynamic_task_mapping_with_no_taskflow_operators.py took 0.043 seconds
[2023-12-09T14:11:51.134+0000] {processor.py:157} INFO - Started process (PID=1912) to work on /home/airflow/.local/lib/python3.8/site-packages/airflow/example_dags/example_dynamic_task_mapping_with_no_taskflow_operators.py
[2023-12-09T14:11:51.135+0000] {processor.py:829} INFO - Processing file /home/airflow/.local/lib/python3.8/site-packages/airflow/example_dags/example_dynamic_task_mapping_with_no_taskflow_operators.py for tasks to queue
[2023-12-09T14:11:51.136+0000] {logging_mixin.py:154} INFO - [2023-12-09T14:11:51.135+0000] {dagbag.py:536} INFO - Filling up the DagBag from /home/airflow/.local/lib/python3.8/site-packages/airflow/example_dags/example_dynamic_task_mapping_with_no_taskflow_operators.py
[2023-12-09T14:11:51.141+0000] {processor.py:839} INFO - DAG(s) dict_keys(['example_dynamic_task_mapping_with_no_taskflow_operators']) retrieved from /home/airflow/.local/lib/python3.8/site-packages/airflow/example_dags/example_dynamic_task_mapping_with_no_taskflow_operators.py
[2023-12-09T14:11:51.152+0000] {logging_mixin.py:154} INFO - [2023-12-09T14:11:51.152+0000] {dag.py:2941} INFO - Sync 1 DAGs
[2023-12-09T14:11:51.165+0000] {logging_mixin.py:154} INFO - [2023-12-09T14:11:51.164+0000] {dag.py:3722} INFO - Setting next_dagrun for example_dynamic_task_mapping_with_no_taskflow_operators to 2023-12-08T14:11:51.164755+00:00, run_after=2023-12-09T14:11:51.164755+00:00
[2023-12-09T14:11:51.174+0000] {processor.py:179} INFO - Processing /home/airflow/.local/lib/python3.8/site-packages/airflow/example_dags/example_dynamic_task_mapping_with_no_taskflow_operators.py took 0.042 seconds
[2023-12-09T14:12:21.260+0000] {processor.py:157} INFO - Started process (PID=2150) to work on /home/airflow/.local/lib/python3.8/site-packages/airflow/example_dags/example_dynamic_task_mapping_with_no_taskflow_operators.py
[2023-12-09T14:12:21.260+0000] {processor.py:829} INFO - Processing file /home/airflow/.local/lib/python3.8/site-packages/airflow/example_dags/example_dynamic_task_mapping_with_no_taskflow_operators.py for tasks to queue
[2023-12-09T14:12:21.261+0000] {logging_mixin.py:154} INFO - [2023-12-09T14:12:21.261+0000] {dagbag.py:536} INFO - Filling up the DagBag from /home/airflow/.local/lib/python3.8/site-packages/airflow/example_dags/example_dynamic_task_mapping_with_no_taskflow_operators.py
[2023-12-09T14:12:21.266+0000] {processor.py:839} INFO - DAG(s) dict_keys(['example_dynamic_task_mapping_with_no_taskflow_operators']) retrieved from /home/airflow/.local/lib/python3.8/site-packages/airflow/example_dags/example_dynamic_task_mapping_with_no_taskflow_operators.py
[2023-12-09T14:12:21.277+0000] {logging_mixin.py:154} INFO - [2023-12-09T14:12:21.277+0000] {dag.py:2941} INFO - Sync 1 DAGs
[2023-12-09T14:12:21.290+0000] {logging_mixin.py:154} INFO - [2023-12-09T14:12:21.290+0000] {dag.py:3722} INFO - Setting next_dagrun for example_dynamic_task_mapping_with_no_taskflow_operators to 2023-12-08T14:12:21.290155+00:00, run_after=2023-12-09T14:12:21.290155+00:00
[2023-12-09T14:12:21.301+0000] {processor.py:179} INFO - Processing /home/airflow/.local/lib/python3.8/site-packages/airflow/example_dags/example_dynamic_task_mapping_with_no_taskflow_operators.py took 0.044 seconds
[2023-12-09T14:12:51.985+0000] {processor.py:157} INFO - Started process (PID=2388) to work on /home/airflow/.local/lib/python3.8/site-packages/airflow/example_dags/example_dynamic_task_mapping_with_no_taskflow_operators.py
[2023-12-09T14:12:51.986+0000] {processor.py:829} INFO - Processing file /home/airflow/.local/lib/python3.8/site-packages/airflow/example_dags/example_dynamic_task_mapping_with_no_taskflow_operators.py for tasks to queue
[2023-12-09T14:12:51.987+0000] {logging_mixin.py:154} INFO - [2023-12-09T14:12:51.987+0000] {dagbag.py:536} INFO - Filling up the DagBag from /home/airflow/.local/lib/python3.8/site-packages/airflow/example_dags/example_dynamic_task_mapping_with_no_taskflow_operators.py
[2023-12-09T14:12:51.992+0000] {processor.py:839} INFO - DAG(s) dict_keys(['example_dynamic_task_mapping_with_no_taskflow_operators']) retrieved from /home/airflow/.local/lib/python3.8/site-packages/airflow/example_dags/example_dynamic_task_mapping_with_no_taskflow_operators.py
[2023-12-09T14:12:52.004+0000] {logging_mixin.py:154} INFO - [2023-12-09T14:12:52.004+0000] {dag.py:2941} INFO - Sync 1 DAGs
[2023-12-09T14:12:52.015+0000] {logging_mixin.py:154} INFO - [2023-12-09T14:12:52.015+0000] {dag.py:3722} INFO - Setting next_dagrun for example_dynamic_task_mapping_with_no_taskflow_operators to 2023-12-08T14:12:52.015539+00:00, run_after=2023-12-09T14:12:52.015539+00:00
[2023-12-09T14:12:52.025+0000] {processor.py:179} INFO - Processing /home/airflow/.local/lib/python3.8/site-packages/airflow/example_dags/example_dynamic_task_mapping_with_no_taskflow_operators.py took 0.042 seconds
[2023-12-09T14:13:23.061+0000] {processor.py:157} INFO - Started process (PID=2631) to work on /home/airflow/.local/lib/python3.8/site-packages/airflow/example_dags/example_dynamic_task_mapping_with_no_taskflow_operators.py
[2023-12-09T14:13:23.062+0000] {processor.py:829} INFO - Processing file /home/airflow/.local/lib/python3.8/site-packages/airflow/example_dags/example_dynamic_task_mapping_with_no_taskflow_operators.py for tasks to queue
[2023-12-09T14:13:23.063+0000] {logging_mixin.py:154} INFO - [2023-12-09T14:13:23.062+0000] {dagbag.py:536} INFO - Filling up the DagBag from /home/airflow/.local/lib/python3.8/site-packages/airflow/example_dags/example_dynamic_task_mapping_with_no_taskflow_operators.py
[2023-12-09T14:13:23.068+0000] {processor.py:839} INFO - DAG(s) dict_keys(['example_dynamic_task_mapping_with_no_taskflow_operators']) retrieved from /home/airflow/.local/lib/python3.8/site-packages/airflow/example_dags/example_dynamic_task_mapping_with_no_taskflow_operators.py
[2023-12-09T14:13:23.083+0000] {logging_mixin.py:154} INFO - [2023-12-09T14:13:23.083+0000] {dag.py:2941} INFO - Sync 1 DAGs
[2023-12-09T14:13:23.095+0000] {logging_mixin.py:154} INFO - [2023-12-09T14:13:23.094+0000] {dag.py:3722} INFO - Setting next_dagrun for example_dynamic_task_mapping_with_no_taskflow_operators to 2023-12-08T14:13:23.094761+00:00, run_after=2023-12-09T14:13:23.094761+00:00
[2023-12-09T14:13:23.113+0000] {processor.py:179} INFO - Processing /home/airflow/.local/lib/python3.8/site-packages/airflow/example_dags/example_dynamic_task_mapping_with_no_taskflow_operators.py took 0.055 seconds
[2023-12-09T14:13:53.908+0000] {processor.py:157} INFO - Started process (PID=2869) to work on /home/airflow/.local/lib/python3.8/site-packages/airflow/example_dags/example_dynamic_task_mapping_with_no_taskflow_operators.py
[2023-12-09T14:13:53.909+0000] {processor.py:829} INFO - Processing file /home/airflow/.local/lib/python3.8/site-packages/airflow/example_dags/example_dynamic_task_mapping_with_no_taskflow_operators.py for tasks to queue
[2023-12-09T14:13:53.910+0000] {logging_mixin.py:154} INFO - [2023-12-09T14:13:53.909+0000] {dagbag.py:536} INFO - Filling up the DagBag from /home/airflow/.local/lib/python3.8/site-packages/airflow/example_dags/example_dynamic_task_mapping_with_no_taskflow_operators.py
[2023-12-09T14:13:53.915+0000] {processor.py:839} INFO - DAG(s) dict_keys(['example_dynamic_task_mapping_with_no_taskflow_operators']) retrieved from /home/airflow/.local/lib/python3.8/site-packages/airflow/example_dags/example_dynamic_task_mapping_with_no_taskflow_operators.py
[2023-12-09T14:13:53.927+0000] {logging_mixin.py:154} INFO - [2023-12-09T14:13:53.927+0000] {dag.py:2941} INFO - Sync 1 DAGs
[2023-12-09T14:13:53.939+0000] {logging_mixin.py:154} INFO - [2023-12-09T14:13:53.939+0000] {dag.py:3722} INFO - Setting next_dagrun for example_dynamic_task_mapping_with_no_taskflow_operators to 2023-12-08T14:13:53.939308+00:00, run_after=2023-12-09T14:13:53.939308+00:00
[2023-12-09T14:13:53.949+0000] {processor.py:179} INFO - Processing /home/airflow/.local/lib/python3.8/site-packages/airflow/example_dags/example_dynamic_task_mapping_with_no_taskflow_operators.py took 0.043 seconds
[2023-12-09T14:14:24.633+0000] {processor.py:157} INFO - Started process (PID=3107) to work on /home/airflow/.local/lib/python3.8/site-packages/airflow/example_dags/example_dynamic_task_mapping_with_no_taskflow_operators.py
[2023-12-09T14:14:24.634+0000] {processor.py:829} INFO - Processing file /home/airflow/.local/lib/python3.8/site-packages/airflow/example_dags/example_dynamic_task_mapping_with_no_taskflow_operators.py for tasks to queue
[2023-12-09T14:14:24.634+0000] {logging_mixin.py:154} INFO - [2023-12-09T14:14:24.634+0000] {dagbag.py:536} INFO - Filling up the DagBag from /home/airflow/.local/lib/python3.8/site-packages/airflow/example_dags/example_dynamic_task_mapping_with_no_taskflow_operators.py
[2023-12-09T14:14:24.639+0000] {processor.py:839} INFO - DAG(s) dict_keys(['example_dynamic_task_mapping_with_no_taskflow_operators']) retrieved from /home/airflow/.local/lib/python3.8/site-packages/airflow/example_dags/example_dynamic_task_mapping_with_no_taskflow_operators.py
[2023-12-09T14:14:24.651+0000] {logging_mixin.py:154} INFO - [2023-12-09T14:14:24.650+0000] {dag.py:2941} INFO - Sync 1 DAGs
[2023-12-09T14:14:24.662+0000] {logging_mixin.py:154} INFO - [2023-12-09T14:14:24.662+0000] {dag.py:3722} INFO - Setting next_dagrun for example_dynamic_task_mapping_with_no_taskflow_operators to 2023-12-08T14:14:24.662017+00:00, run_after=2023-12-09T14:14:24.662017+00:00
[2023-12-09T14:14:24.671+0000] {processor.py:179} INFO - Processing /home/airflow/.local/lib/python3.8/site-packages/airflow/example_dags/example_dynamic_task_mapping_with_no_taskflow_operators.py took 0.040 seconds
[2023-12-09T14:14:55.434+0000] {processor.py:157} INFO - Started process (PID=3345) to work on /home/airflow/.local/lib/python3.8/site-packages/airflow/example_dags/example_dynamic_task_mapping_with_no_taskflow_operators.py
[2023-12-09T14:14:55.435+0000] {processor.py:829} INFO - Processing file /home/airflow/.local/lib/python3.8/site-packages/airflow/example_dags/example_dynamic_task_mapping_with_no_taskflow_operators.py for tasks to queue
[2023-12-09T14:14:55.435+0000] {logging_mixin.py:154} INFO - [2023-12-09T14:14:55.435+0000] {dagbag.py:536} INFO - Filling up the DagBag from /home/airflow/.local/lib/python3.8/site-packages/airflow/example_dags/example_dynamic_task_mapping_with_no_taskflow_operators.py
[2023-12-09T14:14:55.440+0000] {processor.py:839} INFO - DAG(s) dict_keys(['example_dynamic_task_mapping_with_no_taskflow_operators']) retrieved from /home/airflow/.local/lib/python3.8/site-packages/airflow/example_dags/example_dynamic_task_mapping_with_no_taskflow_operators.py
[2023-12-09T14:14:55.452+0000] {logging_mixin.py:154} INFO - [2023-12-09T14:14:55.452+0000] {dag.py:2941} INFO - Sync 1 DAGs
[2023-12-09T14:14:55.463+0000] {logging_mixin.py:154} INFO - [2023-12-09T14:14:55.462+0000] {dag.py:3722} INFO - Setting next_dagrun for example_dynamic_task_mapping_with_no_taskflow_operators to 2023-12-08T14:14:55.462804+00:00, run_after=2023-12-09T14:14:55.462804+00:00
[2023-12-09T14:14:55.472+0000] {processor.py:179} INFO - Processing /home/airflow/.local/lib/python3.8/site-packages/airflow/example_dags/example_dynamic_task_mapping_with_no_taskflow_operators.py took 0.040 seconds
[2023-12-09T14:15:26.150+0000] {processor.py:157} INFO - Started process (PID=3583) to work on /home/airflow/.local/lib/python3.8/site-packages/airflow/example_dags/example_dynamic_task_mapping_with_no_taskflow_operators.py
[2023-12-09T14:15:26.151+0000] {processor.py:829} INFO - Processing file /home/airflow/.local/lib/python3.8/site-packages/airflow/example_dags/example_dynamic_task_mapping_with_no_taskflow_operators.py for tasks to queue
[2023-12-09T14:15:26.151+0000] {logging_mixin.py:154} INFO - [2023-12-09T14:15:26.151+0000] {dagbag.py:536} INFO - Filling up the DagBag from /home/airflow/.local/lib/python3.8/site-packages/airflow/example_dags/example_dynamic_task_mapping_with_no_taskflow_operators.py
[2023-12-09T14:15:26.156+0000] {processor.py:839} INFO - DAG(s) dict_keys(['example_dynamic_task_mapping_with_no_taskflow_operators']) retrieved from /home/airflow/.local/lib/python3.8/site-packages/airflow/example_dags/example_dynamic_task_mapping_with_no_taskflow_operators.py
[2023-12-09T14:15:26.168+0000] {logging_mixin.py:154} INFO - [2023-12-09T14:15:26.168+0000] {dag.py:2941} INFO - Sync 1 DAGs
[2023-12-09T14:15:26.179+0000] {logging_mixin.py:154} INFO - [2023-12-09T14:15:26.179+0000] {dag.py:3722} INFO - Setting next_dagrun for example_dynamic_task_mapping_with_no_taskflow_operators to 2023-12-08T14:15:26.179355+00:00, run_after=2023-12-09T14:15:26.179355+00:00
[2023-12-09T14:15:26.187+0000] {processor.py:179} INFO - Processing /home/airflow/.local/lib/python3.8/site-packages/airflow/example_dags/example_dynamic_task_mapping_with_no_taskflow_operators.py took 0.039 seconds
[2023-12-09T14:15:57.112+0000] {processor.py:157} INFO - Started process (PID=3821) to work on /home/airflow/.local/lib/python3.8/site-packages/airflow/example_dags/example_dynamic_task_mapping_with_no_taskflow_operators.py
[2023-12-09T14:15:57.112+0000] {processor.py:829} INFO - Processing file /home/airflow/.local/lib/python3.8/site-packages/airflow/example_dags/example_dynamic_task_mapping_with_no_taskflow_operators.py for tasks to queue
[2023-12-09T14:15:57.114+0000] {logging_mixin.py:154} INFO - [2023-12-09T14:15:57.113+0000] {dagbag.py:536} INFO - Filling up the DagBag from /home/airflow/.local/lib/python3.8/site-packages/airflow/example_dags/example_dynamic_task_mapping_with_no_taskflow_operators.py
[2023-12-09T14:15:57.120+0000] {processor.py:839} INFO - DAG(s) dict_keys(['example_dynamic_task_mapping_with_no_taskflow_operators']) retrieved from /home/airflow/.local/lib/python3.8/site-packages/airflow/example_dags/example_dynamic_task_mapping_with_no_taskflow_operators.py
[2023-12-09T14:15:57.138+0000] {logging_mixin.py:154} INFO - [2023-12-09T14:15:57.138+0000] {dag.py:2941} INFO - Sync 1 DAGs
[2023-12-09T14:15:57.153+0000] {logging_mixin.py:154} INFO - [2023-12-09T14:15:57.153+0000] {dag.py:3722} INFO - Setting next_dagrun for example_dynamic_task_mapping_with_no_taskflow_operators to 2023-12-08T14:15:57.152928+00:00, run_after=2023-12-09T14:15:57.152928+00:00
[2023-12-09T14:15:57.167+0000] {processor.py:179} INFO - Processing /home/airflow/.local/lib/python3.8/site-packages/airflow/example_dags/example_dynamic_task_mapping_with_no_taskflow_operators.py took 0.058 seconds
[2023-12-09T14:16:28.087+0000] {processor.py:157} INFO - Started process (PID=4059) to work on /home/airflow/.local/lib/python3.8/site-packages/airflow/example_dags/example_dynamic_task_mapping_with_no_taskflow_operators.py
[2023-12-09T14:16:28.087+0000] {processor.py:829} INFO - Processing file /home/airflow/.local/lib/python3.8/site-packages/airflow/example_dags/example_dynamic_task_mapping_with_no_taskflow_operators.py for tasks to queue
[2023-12-09T14:16:28.088+0000] {logging_mixin.py:154} INFO - [2023-12-09T14:16:28.088+0000] {dagbag.py:536} INFO - Filling up the DagBag from /home/airflow/.local/lib/python3.8/site-packages/airflow/example_dags/example_dynamic_task_mapping_with_no_taskflow_operators.py
[2023-12-09T14:16:28.093+0000] {processor.py:839} INFO - DAG(s) dict_keys(['example_dynamic_task_mapping_with_no_taskflow_operators']) retrieved from /home/airflow/.local/lib/python3.8/site-packages/airflow/example_dags/example_dynamic_task_mapping_with_no_taskflow_operators.py
[2023-12-09T14:16:28.105+0000] {logging_mixin.py:154} INFO - [2023-12-09T14:16:28.105+0000] {dag.py:2941} INFO - Sync 1 DAGs
[2023-12-09T14:16:28.116+0000] {logging_mixin.py:154} INFO - [2023-12-09T14:16:28.116+0000] {dag.py:3722} INFO - Setting next_dagrun for example_dynamic_task_mapping_with_no_taskflow_operators to 2023-12-08T14:16:28.116012+00:00, run_after=2023-12-09T14:16:28.116012+00:00
[2023-12-09T14:16:28.125+0000] {processor.py:179} INFO - Processing /home/airflow/.local/lib/python3.8/site-packages/airflow/example_dags/example_dynamic_task_mapping_with_no_taskflow_operators.py took 0.041 seconds
[2023-12-09T14:16:58.735+0000] {processor.py:157} INFO - Started process (PID=4297) to work on /home/airflow/.local/lib/python3.8/site-packages/airflow/example_dags/example_dynamic_task_mapping_with_no_taskflow_operators.py
[2023-12-09T14:16:58.736+0000] {processor.py:829} INFO - Processing file /home/airflow/.local/lib/python3.8/site-packages/airflow/example_dags/example_dynamic_task_mapping_with_no_taskflow_operators.py for tasks to queue
[2023-12-09T14:16:58.736+0000] {logging_mixin.py:154} INFO - [2023-12-09T14:16:58.736+0000] {dagbag.py:536} INFO - Filling up the DagBag from /home/airflow/.local/lib/python3.8/site-packages/airflow/example_dags/example_dynamic_task_mapping_with_no_taskflow_operators.py
[2023-12-09T14:16:58.742+0000] {processor.py:839} INFO - DAG(s) dict_keys(['example_dynamic_task_mapping_with_no_taskflow_operators']) retrieved from /home/airflow/.local/lib/python3.8/site-packages/airflow/example_dags/example_dynamic_task_mapping_with_no_taskflow_operators.py
[2023-12-09T14:16:58.753+0000] {logging_mixin.py:154} INFO - [2023-12-09T14:16:58.753+0000] {dag.py:2941} INFO - Sync 1 DAGs
[2023-12-09T14:16:58.765+0000] {logging_mixin.py:154} INFO - [2023-12-09T14:16:58.765+0000] {dag.py:3722} INFO - Setting next_dagrun for example_dynamic_task_mapping_with_no_taskflow_operators to 2023-12-08T14:16:58.765524+00:00, run_after=2023-12-09T14:16:58.765524+00:00
[2023-12-09T14:16:58.775+0000] {processor.py:179} INFO - Processing /home/airflow/.local/lib/python3.8/site-packages/airflow/example_dags/example_dynamic_task_mapping_with_no_taskflow_operators.py took 0.042 seconds
[2023-12-09T14:17:29.398+0000] {processor.py:157} INFO - Started process (PID=4535) to work on /home/airflow/.local/lib/python3.8/site-packages/airflow/example_dags/example_dynamic_task_mapping_with_no_taskflow_operators.py
[2023-12-09T14:17:29.399+0000] {processor.py:829} INFO - Processing file /home/airflow/.local/lib/python3.8/site-packages/airflow/example_dags/example_dynamic_task_mapping_with_no_taskflow_operators.py for tasks to queue
[2023-12-09T14:17:29.399+0000] {logging_mixin.py:154} INFO - [2023-12-09T14:17:29.399+0000] {dagbag.py:536} INFO - Filling up the DagBag from /home/airflow/.local/lib/python3.8/site-packages/airflow/example_dags/example_dynamic_task_mapping_with_no_taskflow_operators.py
[2023-12-09T14:17:29.405+0000] {processor.py:839} INFO - DAG(s) dict_keys(['example_dynamic_task_mapping_with_no_taskflow_operators']) retrieved from /home/airflow/.local/lib/python3.8/site-packages/airflow/example_dags/example_dynamic_task_mapping_with_no_taskflow_operators.py
[2023-12-09T14:17:29.418+0000] {logging_mixin.py:154} INFO - [2023-12-09T14:17:29.417+0000] {dag.py:2941} INFO - Sync 1 DAGs
[2023-12-09T14:17:29.432+0000] {logging_mixin.py:154} INFO - [2023-12-09T14:17:29.432+0000] {dag.py:3722} INFO - Setting next_dagrun for example_dynamic_task_mapping_with_no_taskflow_operators to 2023-12-08T14:17:29.432447+00:00, run_after=2023-12-09T14:17:29.432447+00:00
[2023-12-09T14:17:29.446+0000] {processor.py:179} INFO - Processing /home/airflow/.local/lib/python3.8/site-packages/airflow/example_dags/example_dynamic_task_mapping_with_no_taskflow_operators.py took 0.050 seconds
[2023-12-09T14:18:00.206+0000] {processor.py:157} INFO - Started process (PID=4773) to work on /home/airflow/.local/lib/python3.8/site-packages/airflow/example_dags/example_dynamic_task_mapping_with_no_taskflow_operators.py
[2023-12-09T14:18:00.207+0000] {processor.py:829} INFO - Processing file /home/airflow/.local/lib/python3.8/site-packages/airflow/example_dags/example_dynamic_task_mapping_with_no_taskflow_operators.py for tasks to queue
[2023-12-09T14:18:00.207+0000] {logging_mixin.py:154} INFO - [2023-12-09T14:18:00.207+0000] {dagbag.py:536} INFO - Filling up the DagBag from /home/airflow/.local/lib/python3.8/site-packages/airflow/example_dags/example_dynamic_task_mapping_with_no_taskflow_operators.py
[2023-12-09T14:18:00.212+0000] {processor.py:839} INFO - DAG(s) dict_keys(['example_dynamic_task_mapping_with_no_taskflow_operators']) retrieved from /home/airflow/.local/lib/python3.8/site-packages/airflow/example_dags/example_dynamic_task_mapping_with_no_taskflow_operators.py
[2023-12-09T14:18:00.225+0000] {logging_mixin.py:154} INFO - [2023-12-09T14:18:00.224+0000] {dag.py:2941} INFO - Sync 1 DAGs
[2023-12-09T14:18:00.236+0000] {logging_mixin.py:154} INFO - [2023-12-09T14:18:00.236+0000] {dag.py:3722} INFO - Setting next_dagrun for example_dynamic_task_mapping_with_no_taskflow_operators to 2023-12-08T14:18:00.235958+00:00, run_after=2023-12-09T14:18:00.235958+00:00
[2023-12-09T14:18:00.245+0000] {processor.py:179} INFO - Processing /home/airflow/.local/lib/python3.8/site-packages/airflow/example_dags/example_dynamic_task_mapping_with_no_taskflow_operators.py took 0.041 seconds
[2023-12-09T14:18:31.035+0000] {processor.py:157} INFO - Started process (PID=5011) to work on /home/airflow/.local/lib/python3.8/site-packages/airflow/example_dags/example_dynamic_task_mapping_with_no_taskflow_operators.py
[2023-12-09T14:18:31.035+0000] {processor.py:829} INFO - Processing file /home/airflow/.local/lib/python3.8/site-packages/airflow/example_dags/example_dynamic_task_mapping_with_no_taskflow_operators.py for tasks to queue
[2023-12-09T14:18:31.036+0000] {logging_mixin.py:154} INFO - [2023-12-09T14:18:31.036+0000] {dagbag.py:536} INFO - Filling up the DagBag from /home/airflow/.local/lib/python3.8/site-packages/airflow/example_dags/example_dynamic_task_mapping_with_no_taskflow_operators.py
[2023-12-09T14:18:31.041+0000] {processor.py:839} INFO - DAG(s) dict_keys(['example_dynamic_task_mapping_with_no_taskflow_operators']) retrieved from /home/airflow/.local/lib/python3.8/site-packages/airflow/example_dags/example_dynamic_task_mapping_with_no_taskflow_operators.py
[2023-12-09T14:18:31.053+0000] {logging_mixin.py:154} INFO - [2023-12-09T14:18:31.053+0000] {dag.py:2941} INFO - Sync 1 DAGs
[2023-12-09T14:18:31.064+0000] {logging_mixin.py:154} INFO - [2023-12-09T14:18:31.064+0000] {dag.py:3722} INFO - Setting next_dagrun for example_dynamic_task_mapping_with_no_taskflow_operators to 2023-12-08T14:18:31.064408+00:00, run_after=2023-12-09T14:18:31.064408+00:00
[2023-12-09T14:18:31.073+0000] {processor.py:179} INFO - Processing /home/airflow/.local/lib/python3.8/site-packages/airflow/example_dags/example_dynamic_task_mapping_with_no_taskflow_operators.py took 0.040 seconds
[2023-12-09T14:19:01.712+0000] {processor.py:157} INFO - Started process (PID=5249) to work on /home/airflow/.local/lib/python3.8/site-packages/airflow/example_dags/example_dynamic_task_mapping_with_no_taskflow_operators.py
[2023-12-09T14:19:01.713+0000] {processor.py:829} INFO - Processing file /home/airflow/.local/lib/python3.8/site-packages/airflow/example_dags/example_dynamic_task_mapping_with_no_taskflow_operators.py for tasks to queue
[2023-12-09T14:19:01.713+0000] {logging_mixin.py:154} INFO - [2023-12-09T14:19:01.713+0000] {dagbag.py:536} INFO - Filling up the DagBag from /home/airflow/.local/lib/python3.8/site-packages/airflow/example_dags/example_dynamic_task_mapping_with_no_taskflow_operators.py
[2023-12-09T14:19:01.718+0000] {processor.py:839} INFO - DAG(s) dict_keys(['example_dynamic_task_mapping_with_no_taskflow_operators']) retrieved from /home/airflow/.local/lib/python3.8/site-packages/airflow/example_dags/example_dynamic_task_mapping_with_no_taskflow_operators.py
[2023-12-09T14:19:01.732+0000] {logging_mixin.py:154} INFO - [2023-12-09T14:19:01.732+0000] {dag.py:2941} INFO - Sync 1 DAGs
[2023-12-09T14:19:01.745+0000] {logging_mixin.py:154} INFO - [2023-12-09T14:19:01.745+0000] {dag.py:3722} INFO - Setting next_dagrun for example_dynamic_task_mapping_with_no_taskflow_operators to 2023-12-08T14:19:01.744976+00:00, run_after=2023-12-09T14:19:01.744976+00:00
[2023-12-09T14:19:01.753+0000] {processor.py:179} INFO - Processing /home/airflow/.local/lib/python3.8/site-packages/airflow/example_dags/example_dynamic_task_mapping_with_no_taskflow_operators.py took 0.043 seconds
