[2023-12-09T14:08:17.997+0000] {processor.py:157} INFO - Started process (PID=276) to work on /home/airflow/.local/lib/python3.8/site-packages/airflow/example_dags/example_short_circuit_operator.py
[2023-12-09T14:08:17.997+0000] {processor.py:829} INFO - Processing file /home/airflow/.local/lib/python3.8/site-packages/airflow/example_dags/example_short_circuit_operator.py for tasks to queue
[2023-12-09T14:08:17.998+0000] {logging_mixin.py:154} INFO - [2023-12-09T14:08:17.998+0000] {dagbag.py:536} INFO - Filling up the DagBag from /home/airflow/.local/lib/python3.8/site-packages/airflow/example_dags/example_short_circuit_operator.py
[2023-12-09T14:08:18.005+0000] {processor.py:839} INFO - DAG(s) dict_keys(['example_short_circuit_operator']) retrieved from /home/airflow/.local/lib/python3.8/site-packages/airflow/example_dags/example_short_circuit_operator.py
[2023-12-09T14:08:18.014+0000] {logging_mixin.py:154} INFO - [2023-12-09T14:08:18.014+0000] {dag.py:2941} INFO - Sync 1 DAGs
[2023-12-09T14:08:18.027+0000] {logging_mixin.py:154} INFO - [2023-12-09T14:08:18.027+0000] {dag.py:3722} INFO - Setting next_dagrun for example_short_circuit_operator to 2023-12-08T14:08:18.027268+00:00, run_after=2023-12-09T14:08:18.027268+00:00
[2023-12-09T14:08:18.038+0000] {processor.py:179} INFO - Processing /home/airflow/.local/lib/python3.8/site-packages/airflow/example_dags/example_short_circuit_operator.py took 0.044 seconds
[2023-12-09T14:08:48.490+0000] {processor.py:157} INFO - Started process (PID=516) to work on /home/airflow/.local/lib/python3.8/site-packages/airflow/example_dags/example_short_circuit_operator.py
[2023-12-09T14:08:48.490+0000] {processor.py:829} INFO - Processing file /home/airflow/.local/lib/python3.8/site-packages/airflow/example_dags/example_short_circuit_operator.py for tasks to queue
[2023-12-09T14:08:48.491+0000] {logging_mixin.py:154} INFO - [2023-12-09T14:08:48.491+0000] {dagbag.py:536} INFO - Filling up the DagBag from /home/airflow/.local/lib/python3.8/site-packages/airflow/example_dags/example_short_circuit_operator.py
[2023-12-09T14:08:48.496+0000] {processor.py:839} INFO - DAG(s) dict_keys(['example_short_circuit_operator']) retrieved from /home/airflow/.local/lib/python3.8/site-packages/airflow/example_dags/example_short_circuit_operator.py
[2023-12-09T14:08:48.508+0000] {logging_mixin.py:154} INFO - [2023-12-09T14:08:48.508+0000] {dag.py:2941} INFO - Sync 1 DAGs
[2023-12-09T14:08:48.519+0000] {logging_mixin.py:154} INFO - [2023-12-09T14:08:48.518+0000] {dag.py:3722} INFO - Setting next_dagrun for example_short_circuit_operator to 2023-12-08T14:08:48.518822+00:00, run_after=2023-12-09T14:08:48.518822+00:00
[2023-12-09T14:08:48.527+0000] {processor.py:179} INFO - Processing /home/airflow/.local/lib/python3.8/site-packages/airflow/example_dags/example_short_circuit_operator.py took 0.040 seconds
[2023-12-09T14:09:19.276+0000] {processor.py:157} INFO - Started process (PID=752) to work on /home/airflow/.local/lib/python3.8/site-packages/airflow/example_dags/example_short_circuit_operator.py
[2023-12-09T14:09:19.276+0000] {processor.py:829} INFO - Processing file /home/airflow/.local/lib/python3.8/site-packages/airflow/example_dags/example_short_circuit_operator.py for tasks to queue
[2023-12-09T14:09:19.277+0000] {logging_mixin.py:154} INFO - [2023-12-09T14:09:19.277+0000] {dagbag.py:536} INFO - Filling up the DagBag from /home/airflow/.local/lib/python3.8/site-packages/airflow/example_dags/example_short_circuit_operator.py
[2023-12-09T14:09:19.282+0000] {processor.py:839} INFO - DAG(s) dict_keys(['example_short_circuit_operator']) retrieved from /home/airflow/.local/lib/python3.8/site-packages/airflow/example_dags/example_short_circuit_operator.py
[2023-12-09T14:09:19.295+0000] {logging_mixin.py:154} INFO - [2023-12-09T14:09:19.295+0000] {dag.py:2941} INFO - Sync 1 DAGs
[2023-12-09T14:09:19.306+0000] {logging_mixin.py:154} INFO - [2023-12-09T14:09:19.306+0000] {dag.py:3722} INFO - Setting next_dagrun for example_short_circuit_operator to 2023-12-08T14:09:19.306358+00:00, run_after=2023-12-09T14:09:19.306358+00:00
[2023-12-09T14:09:19.315+0000] {processor.py:179} INFO - Processing /home/airflow/.local/lib/python3.8/site-packages/airflow/example_dags/example_short_circuit_operator.py took 0.042 seconds
[2023-12-09T14:09:49.453+0000] {processor.py:157} INFO - Started process (PID=990) to work on /home/airflow/.local/lib/python3.8/site-packages/airflow/example_dags/example_short_circuit_operator.py
[2023-12-09T14:09:49.454+0000] {processor.py:829} INFO - Processing file /home/airflow/.local/lib/python3.8/site-packages/airflow/example_dags/example_short_circuit_operator.py for tasks to queue
[2023-12-09T14:09:49.455+0000] {logging_mixin.py:154} INFO - [2023-12-09T14:09:49.455+0000] {dagbag.py:536} INFO - Filling up the DagBag from /home/airflow/.local/lib/python3.8/site-packages/airflow/example_dags/example_short_circuit_operator.py
[2023-12-09T14:09:49.460+0000] {processor.py:839} INFO - DAG(s) dict_keys(['example_short_circuit_operator']) retrieved from /home/airflow/.local/lib/python3.8/site-packages/airflow/example_dags/example_short_circuit_operator.py
[2023-12-09T14:09:49.473+0000] {logging_mixin.py:154} INFO - [2023-12-09T14:09:49.473+0000] {dag.py:2941} INFO - Sync 1 DAGs
[2023-12-09T14:09:49.485+0000] {logging_mixin.py:154} INFO - [2023-12-09T14:09:49.485+0000] {dag.py:3722} INFO - Setting next_dagrun for example_short_circuit_operator to 2023-12-08T14:09:49.485672+00:00, run_after=2023-12-09T14:09:49.485672+00:00
[2023-12-09T14:09:49.495+0000] {processor.py:179} INFO - Processing /home/airflow/.local/lib/python3.8/site-packages/airflow/example_dags/example_short_circuit_operator.py took 0.044 seconds
[2023-12-09T14:10:19.607+0000] {processor.py:157} INFO - Started process (PID=1230) to work on /home/airflow/.local/lib/python3.8/site-packages/airflow/example_dags/example_short_circuit_operator.py
[2023-12-09T14:10:19.607+0000] {processor.py:829} INFO - Processing file /home/airflow/.local/lib/python3.8/site-packages/airflow/example_dags/example_short_circuit_operator.py for tasks to queue
[2023-12-09T14:10:19.608+0000] {logging_mixin.py:154} INFO - [2023-12-09T14:10:19.608+0000] {dagbag.py:536} INFO - Filling up the DagBag from /home/airflow/.local/lib/python3.8/site-packages/airflow/example_dags/example_short_circuit_operator.py
[2023-12-09T14:10:19.613+0000] {processor.py:839} INFO - DAG(s) dict_keys(['example_short_circuit_operator']) retrieved from /home/airflow/.local/lib/python3.8/site-packages/airflow/example_dags/example_short_circuit_operator.py
[2023-12-09T14:10:19.626+0000] {logging_mixin.py:154} INFO - [2023-12-09T14:10:19.626+0000] {dag.py:2941} INFO - Sync 1 DAGs
[2023-12-09T14:10:19.637+0000] {logging_mixin.py:154} INFO - [2023-12-09T14:10:19.637+0000] {dag.py:3722} INFO - Setting next_dagrun for example_short_circuit_operator to 2023-12-08T14:10:19.637132+00:00, run_after=2023-12-09T14:10:19.637132+00:00
[2023-12-09T14:10:19.645+0000] {processor.py:179} INFO - Processing /home/airflow/.local/lib/python3.8/site-packages/airflow/example_dags/example_short_circuit_operator.py took 0.040 seconds
[2023-12-09T14:10:50.420+0000] {processor.py:157} INFO - Started process (PID=1468) to work on /home/airflow/.local/lib/python3.8/site-packages/airflow/example_dags/example_short_circuit_operator.py
[2023-12-09T14:10:50.421+0000] {processor.py:829} INFO - Processing file /home/airflow/.local/lib/python3.8/site-packages/airflow/example_dags/example_short_circuit_operator.py for tasks to queue
[2023-12-09T14:10:50.421+0000] {logging_mixin.py:154} INFO - [2023-12-09T14:10:50.421+0000] {dagbag.py:536} INFO - Filling up the DagBag from /home/airflow/.local/lib/python3.8/site-packages/airflow/example_dags/example_short_circuit_operator.py
[2023-12-09T14:10:50.427+0000] {processor.py:839} INFO - DAG(s) dict_keys(['example_short_circuit_operator']) retrieved from /home/airflow/.local/lib/python3.8/site-packages/airflow/example_dags/example_short_circuit_operator.py
[2023-12-09T14:10:50.441+0000] {logging_mixin.py:154} INFO - [2023-12-09T14:10:50.441+0000] {dag.py:2941} INFO - Sync 1 DAGs
[2023-12-09T14:10:50.451+0000] {logging_mixin.py:154} INFO - [2023-12-09T14:10:50.451+0000] {dag.py:3722} INFO - Setting next_dagrun for example_short_circuit_operator to 2023-12-08T14:10:50.451643+00:00, run_after=2023-12-09T14:10:50.451643+00:00
[2023-12-09T14:10:50.460+0000] {processor.py:179} INFO - Processing /home/airflow/.local/lib/python3.8/site-packages/airflow/example_dags/example_short_circuit_operator.py took 0.043 seconds
[2023-12-09T14:11:21.247+0000] {processor.py:157} INFO - Started process (PID=1706) to work on /home/airflow/.local/lib/python3.8/site-packages/airflow/example_dags/example_short_circuit_operator.py
[2023-12-09T14:11:21.247+0000] {processor.py:829} INFO - Processing file /home/airflow/.local/lib/python3.8/site-packages/airflow/example_dags/example_short_circuit_operator.py for tasks to queue
[2023-12-09T14:11:21.248+0000] {logging_mixin.py:154} INFO - [2023-12-09T14:11:21.248+0000] {dagbag.py:536} INFO - Filling up the DagBag from /home/airflow/.local/lib/python3.8/site-packages/airflow/example_dags/example_short_circuit_operator.py
[2023-12-09T14:11:21.255+0000] {processor.py:839} INFO - DAG(s) dict_keys(['example_short_circuit_operator']) retrieved from /home/airflow/.local/lib/python3.8/site-packages/airflow/example_dags/example_short_circuit_operator.py
[2023-12-09T14:11:21.273+0000] {logging_mixin.py:154} INFO - [2023-12-09T14:11:21.273+0000] {dag.py:2941} INFO - Sync 1 DAGs
[2023-12-09T14:11:21.286+0000] {logging_mixin.py:154} INFO - [2023-12-09T14:11:21.286+0000] {dag.py:3722} INFO - Setting next_dagrun for example_short_circuit_operator to 2023-12-08T14:11:21.285927+00:00, run_after=2023-12-09T14:11:21.285927+00:00
[2023-12-09T14:11:21.296+0000] {processor.py:179} INFO - Processing /home/airflow/.local/lib/python3.8/site-packages/airflow/example_dags/example_short_circuit_operator.py took 0.052 seconds
[2023-12-09T14:11:51.395+0000] {processor.py:157} INFO - Started process (PID=1947) to work on /home/airflow/.local/lib/python3.8/site-packages/airflow/example_dags/example_short_circuit_operator.py
[2023-12-09T14:11:51.396+0000] {processor.py:829} INFO - Processing file /home/airflow/.local/lib/python3.8/site-packages/airflow/example_dags/example_short_circuit_operator.py for tasks to queue
[2023-12-09T14:11:51.397+0000] {logging_mixin.py:154} INFO - [2023-12-09T14:11:51.397+0000] {dagbag.py:536} INFO - Filling up the DagBag from /home/airflow/.local/lib/python3.8/site-packages/airflow/example_dags/example_short_circuit_operator.py
[2023-12-09T14:11:51.403+0000] {processor.py:839} INFO - DAG(s) dict_keys(['example_short_circuit_operator']) retrieved from /home/airflow/.local/lib/python3.8/site-packages/airflow/example_dags/example_short_circuit_operator.py
[2023-12-09T14:11:51.417+0000] {logging_mixin.py:154} INFO - [2023-12-09T14:11:51.417+0000] {dag.py:2941} INFO - Sync 1 DAGs
[2023-12-09T14:11:51.432+0000] {logging_mixin.py:154} INFO - [2023-12-09T14:11:51.432+0000] {dag.py:3722} INFO - Setting next_dagrun for example_short_circuit_operator to 2023-12-08T14:11:51.432439+00:00, run_after=2023-12-09T14:11:51.432439+00:00
[2023-12-09T14:11:51.457+0000] {processor.py:179} INFO - Processing /home/airflow/.local/lib/python3.8/site-packages/airflow/example_dags/example_short_circuit_operator.py took 0.064 seconds
[2023-12-09T14:12:21.509+0000] {processor.py:157} INFO - Started process (PID=2187) to work on /home/airflow/.local/lib/python3.8/site-packages/airflow/example_dags/example_short_circuit_operator.py
[2023-12-09T14:12:21.510+0000] {processor.py:829} INFO - Processing file /home/airflow/.local/lib/python3.8/site-packages/airflow/example_dags/example_short_circuit_operator.py for tasks to queue
[2023-12-09T14:12:21.511+0000] {logging_mixin.py:154} INFO - [2023-12-09T14:12:21.510+0000] {dagbag.py:536} INFO - Filling up the DagBag from /home/airflow/.local/lib/python3.8/site-packages/airflow/example_dags/example_short_circuit_operator.py
[2023-12-09T14:12:21.516+0000] {processor.py:839} INFO - DAG(s) dict_keys(['example_short_circuit_operator']) retrieved from /home/airflow/.local/lib/python3.8/site-packages/airflow/example_dags/example_short_circuit_operator.py
[2023-12-09T14:12:21.528+0000] {logging_mixin.py:154} INFO - [2023-12-09T14:12:21.528+0000] {dag.py:2941} INFO - Sync 1 DAGs
[2023-12-09T14:12:21.538+0000] {logging_mixin.py:154} INFO - [2023-12-09T14:12:21.538+0000] {dag.py:3722} INFO - Setting next_dagrun for example_short_circuit_operator to 2023-12-08T14:12:21.538611+00:00, run_after=2023-12-09T14:12:21.538611+00:00
[2023-12-09T14:12:21.546+0000] {processor.py:179} INFO - Processing /home/airflow/.local/lib/python3.8/site-packages/airflow/example_dags/example_short_circuit_operator.py took 0.039 seconds
[2023-12-09T14:12:52.290+0000] {processor.py:157} INFO - Started process (PID=2418) to work on /home/airflow/.local/lib/python3.8/site-packages/airflow/example_dags/example_short_circuit_operator.py
[2023-12-09T14:12:52.290+0000] {processor.py:829} INFO - Processing file /home/airflow/.local/lib/python3.8/site-packages/airflow/example_dags/example_short_circuit_operator.py for tasks to queue
[2023-12-09T14:12:52.291+0000] {logging_mixin.py:154} INFO - [2023-12-09T14:12:52.291+0000] {dagbag.py:536} INFO - Filling up the DagBag from /home/airflow/.local/lib/python3.8/site-packages/airflow/example_dags/example_short_circuit_operator.py
[2023-12-09T14:12:52.297+0000] {processor.py:839} INFO - DAG(s) dict_keys(['example_short_circuit_operator']) retrieved from /home/airflow/.local/lib/python3.8/site-packages/airflow/example_dags/example_short_circuit_operator.py
[2023-12-09T14:12:52.311+0000] {logging_mixin.py:154} INFO - [2023-12-09T14:12:52.311+0000] {dag.py:2941} INFO - Sync 1 DAGs
[2023-12-09T14:12:52.324+0000] {logging_mixin.py:154} INFO - [2023-12-09T14:12:52.324+0000] {dag.py:3722} INFO - Setting next_dagrun for example_short_circuit_operator to 2023-12-08T14:12:52.324161+00:00, run_after=2023-12-09T14:12:52.324161+00:00
[2023-12-09T14:12:52.333+0000] {processor.py:179} INFO - Processing /home/airflow/.local/lib/python3.8/site-packages/airflow/example_dags/example_short_circuit_operator.py took 0.047 seconds
[2023-12-09T14:13:23.364+0000] {processor.py:157} INFO - Started process (PID=2656) to work on /home/airflow/.local/lib/python3.8/site-packages/airflow/example_dags/example_short_circuit_operator.py
[2023-12-09T14:13:23.365+0000] {processor.py:829} INFO - Processing file /home/airflow/.local/lib/python3.8/site-packages/airflow/example_dags/example_short_circuit_operator.py for tasks to queue
[2023-12-09T14:13:23.366+0000] {logging_mixin.py:154} INFO - [2023-12-09T14:13:23.366+0000] {dagbag.py:536} INFO - Filling up the DagBag from /home/airflow/.local/lib/python3.8/site-packages/airflow/example_dags/example_short_circuit_operator.py
[2023-12-09T14:13:23.372+0000] {processor.py:839} INFO - DAG(s) dict_keys(['example_short_circuit_operator']) retrieved from /home/airflow/.local/lib/python3.8/site-packages/airflow/example_dags/example_short_circuit_operator.py
[2023-12-09T14:13:23.386+0000] {logging_mixin.py:154} INFO - [2023-12-09T14:13:23.386+0000] {dag.py:2941} INFO - Sync 1 DAGs
[2023-12-09T14:13:23.399+0000] {logging_mixin.py:154} INFO - [2023-12-09T14:13:23.399+0000] {dag.py:3722} INFO - Setting next_dagrun for example_short_circuit_operator to 2023-12-08T14:13:23.399336+00:00, run_after=2023-12-09T14:13:23.399336+00:00
[2023-12-09T14:13:23.410+0000] {processor.py:179} INFO - Processing /home/airflow/.local/lib/python3.8/site-packages/airflow/example_dags/example_short_circuit_operator.py took 0.048 seconds
[2023-12-09T14:13:54.078+0000] {processor.py:157} INFO - Started process (PID=2894) to work on /home/airflow/.local/lib/python3.8/site-packages/airflow/example_dags/example_short_circuit_operator.py
[2023-12-09T14:13:54.079+0000] {processor.py:829} INFO - Processing file /home/airflow/.local/lib/python3.8/site-packages/airflow/example_dags/example_short_circuit_operator.py for tasks to queue
[2023-12-09T14:13:54.079+0000] {logging_mixin.py:154} INFO - [2023-12-09T14:13:54.079+0000] {dagbag.py:536} INFO - Filling up the DagBag from /home/airflow/.local/lib/python3.8/site-packages/airflow/example_dags/example_short_circuit_operator.py
[2023-12-09T14:13:54.084+0000] {processor.py:839} INFO - DAG(s) dict_keys(['example_short_circuit_operator']) retrieved from /home/airflow/.local/lib/python3.8/site-packages/airflow/example_dags/example_short_circuit_operator.py
[2023-12-09T14:13:54.098+0000] {logging_mixin.py:154} INFO - [2023-12-09T14:13:54.098+0000] {dag.py:2941} INFO - Sync 1 DAGs
[2023-12-09T14:13:54.109+0000] {logging_mixin.py:154} INFO - [2023-12-09T14:13:54.109+0000] {dag.py:3722} INFO - Setting next_dagrun for example_short_circuit_operator to 2023-12-08T14:13:54.109695+00:00, run_after=2023-12-09T14:13:54.109695+00:00
[2023-12-09T14:13:54.119+0000] {processor.py:179} INFO - Processing /home/airflow/.local/lib/python3.8/site-packages/airflow/example_dags/example_short_circuit_operator.py took 0.043 seconds
[2023-12-09T14:14:24.842+0000] {processor.py:157} INFO - Started process (PID=3132) to work on /home/airflow/.local/lib/python3.8/site-packages/airflow/example_dags/example_short_circuit_operator.py
[2023-12-09T14:14:24.843+0000] {processor.py:829} INFO - Processing file /home/airflow/.local/lib/python3.8/site-packages/airflow/example_dags/example_short_circuit_operator.py for tasks to queue
[2023-12-09T14:14:24.844+0000] {logging_mixin.py:154} INFO - [2023-12-09T14:14:24.844+0000] {dagbag.py:536} INFO - Filling up the DagBag from /home/airflow/.local/lib/python3.8/site-packages/airflow/example_dags/example_short_circuit_operator.py
[2023-12-09T14:14:24.849+0000] {processor.py:839} INFO - DAG(s) dict_keys(['example_short_circuit_operator']) retrieved from /home/airflow/.local/lib/python3.8/site-packages/airflow/example_dags/example_short_circuit_operator.py
[2023-12-09T14:14:24.861+0000] {logging_mixin.py:154} INFO - [2023-12-09T14:14:24.861+0000] {dag.py:2941} INFO - Sync 1 DAGs
[2023-12-09T14:14:24.872+0000] {logging_mixin.py:154} INFO - [2023-12-09T14:14:24.872+0000] {dag.py:3722} INFO - Setting next_dagrun for example_short_circuit_operator to 2023-12-08T14:14:24.872115+00:00, run_after=2023-12-09T14:14:24.872115+00:00
[2023-12-09T14:14:24.880+0000] {processor.py:179} INFO - Processing /home/airflow/.local/lib/python3.8/site-packages/airflow/example_dags/example_short_circuit_operator.py took 0.040 seconds
[2023-12-09T14:14:55.638+0000] {processor.py:157} INFO - Started process (PID=3370) to work on /home/airflow/.local/lib/python3.8/site-packages/airflow/example_dags/example_short_circuit_operator.py
[2023-12-09T14:14:55.638+0000] {processor.py:829} INFO - Processing file /home/airflow/.local/lib/python3.8/site-packages/airflow/example_dags/example_short_circuit_operator.py for tasks to queue
[2023-12-09T14:14:55.639+0000] {logging_mixin.py:154} INFO - [2023-12-09T14:14:55.639+0000] {dagbag.py:536} INFO - Filling up the DagBag from /home/airflow/.local/lib/python3.8/site-packages/airflow/example_dags/example_short_circuit_operator.py
[2023-12-09T14:14:55.644+0000] {processor.py:839} INFO - DAG(s) dict_keys(['example_short_circuit_operator']) retrieved from /home/airflow/.local/lib/python3.8/site-packages/airflow/example_dags/example_short_circuit_operator.py
[2023-12-09T14:14:55.657+0000] {logging_mixin.py:154} INFO - [2023-12-09T14:14:55.657+0000] {dag.py:2941} INFO - Sync 1 DAGs
[2023-12-09T14:14:55.668+0000] {logging_mixin.py:154} INFO - [2023-12-09T14:14:55.668+0000] {dag.py:3722} INFO - Setting next_dagrun for example_short_circuit_operator to 2023-12-08T14:14:55.668366+00:00, run_after=2023-12-09T14:14:55.668366+00:00
[2023-12-09T14:14:55.677+0000] {processor.py:179} INFO - Processing /home/airflow/.local/lib/python3.8/site-packages/airflow/example_dags/example_short_circuit_operator.py took 0.041 seconds
[2023-12-09T14:15:26.358+0000] {processor.py:157} INFO - Started process (PID=3608) to work on /home/airflow/.local/lib/python3.8/site-packages/airflow/example_dags/example_short_circuit_operator.py
[2023-12-09T14:15:26.358+0000] {processor.py:829} INFO - Processing file /home/airflow/.local/lib/python3.8/site-packages/airflow/example_dags/example_short_circuit_operator.py for tasks to queue
[2023-12-09T14:15:26.359+0000] {logging_mixin.py:154} INFO - [2023-12-09T14:15:26.359+0000] {dagbag.py:536} INFO - Filling up the DagBag from /home/airflow/.local/lib/python3.8/site-packages/airflow/example_dags/example_short_circuit_operator.py
[2023-12-09T14:15:26.364+0000] {processor.py:839} INFO - DAG(s) dict_keys(['example_short_circuit_operator']) retrieved from /home/airflow/.local/lib/python3.8/site-packages/airflow/example_dags/example_short_circuit_operator.py
[2023-12-09T14:15:26.377+0000] {logging_mixin.py:154} INFO - [2023-12-09T14:15:26.377+0000] {dag.py:2941} INFO - Sync 1 DAGs
[2023-12-09T14:15:26.389+0000] {logging_mixin.py:154} INFO - [2023-12-09T14:15:26.389+0000] {dag.py:3722} INFO - Setting next_dagrun for example_short_circuit_operator to 2023-12-08T14:15:26.389620+00:00, run_after=2023-12-09T14:15:26.389620+00:00
[2023-12-09T14:15:26.398+0000] {processor.py:179} INFO - Processing /home/airflow/.local/lib/python3.8/site-packages/airflow/example_dags/example_short_circuit_operator.py took 0.042 seconds
[2023-12-09T14:15:57.413+0000] {processor.py:157} INFO - Started process (PID=3848) to work on /home/airflow/.local/lib/python3.8/site-packages/airflow/example_dags/example_short_circuit_operator.py
[2023-12-09T14:15:57.414+0000] {processor.py:829} INFO - Processing file /home/airflow/.local/lib/python3.8/site-packages/airflow/example_dags/example_short_circuit_operator.py for tasks to queue
[2023-12-09T14:15:57.415+0000] {logging_mixin.py:154} INFO - [2023-12-09T14:15:57.414+0000] {dagbag.py:536} INFO - Filling up the DagBag from /home/airflow/.local/lib/python3.8/site-packages/airflow/example_dags/example_short_circuit_operator.py
[2023-12-09T14:15:57.420+0000] {processor.py:839} INFO - DAG(s) dict_keys(['example_short_circuit_operator']) retrieved from /home/airflow/.local/lib/python3.8/site-packages/airflow/example_dags/example_short_circuit_operator.py
[2023-12-09T14:15:57.435+0000] {logging_mixin.py:154} INFO - [2023-12-09T14:15:57.435+0000] {dag.py:2941} INFO - Sync 1 DAGs
[2023-12-09T14:15:57.447+0000] {logging_mixin.py:154} INFO - [2023-12-09T14:15:57.447+0000] {dag.py:3722} INFO - Setting next_dagrun for example_short_circuit_operator to 2023-12-08T14:15:57.447242+00:00, run_after=2023-12-09T14:15:57.447242+00:00
[2023-12-09T14:15:57.457+0000] {processor.py:179} INFO - Processing /home/airflow/.local/lib/python3.8/site-packages/airflow/example_dags/example_short_circuit_operator.py took 0.047 seconds
[2023-12-09T14:16:28.253+0000] {processor.py:157} INFO - Started process (PID=4084) to work on /home/airflow/.local/lib/python3.8/site-packages/airflow/example_dags/example_short_circuit_operator.py
[2023-12-09T14:16:28.253+0000] {processor.py:829} INFO - Processing file /home/airflow/.local/lib/python3.8/site-packages/airflow/example_dags/example_short_circuit_operator.py for tasks to queue
[2023-12-09T14:16:28.254+0000] {logging_mixin.py:154} INFO - [2023-12-09T14:16:28.254+0000] {dagbag.py:536} INFO - Filling up the DagBag from /home/airflow/.local/lib/python3.8/site-packages/airflow/example_dags/example_short_circuit_operator.py
[2023-12-09T14:16:28.259+0000] {processor.py:839} INFO - DAG(s) dict_keys(['example_short_circuit_operator']) retrieved from /home/airflow/.local/lib/python3.8/site-packages/airflow/example_dags/example_short_circuit_operator.py
[2023-12-09T14:16:28.272+0000] {logging_mixin.py:154} INFO - [2023-12-09T14:16:28.272+0000] {dag.py:2941} INFO - Sync 1 DAGs
[2023-12-09T14:16:28.284+0000] {logging_mixin.py:154} INFO - [2023-12-09T14:16:28.284+0000] {dag.py:3722} INFO - Setting next_dagrun for example_short_circuit_operator to 2023-12-08T14:16:28.284511+00:00, run_after=2023-12-09T14:16:28.284511+00:00
[2023-12-09T14:16:28.294+0000] {processor.py:179} INFO - Processing /home/airflow/.local/lib/python3.8/site-packages/airflow/example_dags/example_short_circuit_operator.py took 0.043 seconds
[2023-12-09T14:16:58.946+0000] {processor.py:157} INFO - Started process (PID=4322) to work on /home/airflow/.local/lib/python3.8/site-packages/airflow/example_dags/example_short_circuit_operator.py
[2023-12-09T14:16:58.947+0000] {processor.py:829} INFO - Processing file /home/airflow/.local/lib/python3.8/site-packages/airflow/example_dags/example_short_circuit_operator.py for tasks to queue
[2023-12-09T14:16:58.947+0000] {logging_mixin.py:154} INFO - [2023-12-09T14:16:58.947+0000] {dagbag.py:536} INFO - Filling up the DagBag from /home/airflow/.local/lib/python3.8/site-packages/airflow/example_dags/example_short_circuit_operator.py
[2023-12-09T14:16:58.952+0000] {processor.py:839} INFO - DAG(s) dict_keys(['example_short_circuit_operator']) retrieved from /home/airflow/.local/lib/python3.8/site-packages/airflow/example_dags/example_short_circuit_operator.py
[2023-12-09T14:16:58.965+0000] {logging_mixin.py:154} INFO - [2023-12-09T14:16:58.965+0000] {dag.py:2941} INFO - Sync 1 DAGs
[2023-12-09T14:16:58.977+0000] {logging_mixin.py:154} INFO - [2023-12-09T14:16:58.977+0000] {dag.py:3722} INFO - Setting next_dagrun for example_short_circuit_operator to 2023-12-08T14:16:58.977280+00:00, run_after=2023-12-09T14:16:58.977280+00:00
[2023-12-09T14:16:58.986+0000] {processor.py:179} INFO - Processing /home/airflow/.local/lib/python3.8/site-packages/airflow/example_dags/example_short_circuit_operator.py took 0.042 seconds
[2023-12-09T14:17:29.627+0000] {processor.py:157} INFO - Started process (PID=4560) to work on /home/airflow/.local/lib/python3.8/site-packages/airflow/example_dags/example_short_circuit_operator.py
[2023-12-09T14:17:29.628+0000] {processor.py:829} INFO - Processing file /home/airflow/.local/lib/python3.8/site-packages/airflow/example_dags/example_short_circuit_operator.py for tasks to queue
[2023-12-09T14:17:29.629+0000] {logging_mixin.py:154} INFO - [2023-12-09T14:17:29.628+0000] {dagbag.py:536} INFO - Filling up the DagBag from /home/airflow/.local/lib/python3.8/site-packages/airflow/example_dags/example_short_circuit_operator.py
[2023-12-09T14:17:29.634+0000] {processor.py:839} INFO - DAG(s) dict_keys(['example_short_circuit_operator']) retrieved from /home/airflow/.local/lib/python3.8/site-packages/airflow/example_dags/example_short_circuit_operator.py
[2023-12-09T14:17:29.648+0000] {logging_mixin.py:154} INFO - [2023-12-09T14:17:29.647+0000] {dag.py:2941} INFO - Sync 1 DAGs
[2023-12-09T14:17:29.658+0000] {logging_mixin.py:154} INFO - [2023-12-09T14:17:29.658+0000] {dag.py:3722} INFO - Setting next_dagrun for example_short_circuit_operator to 2023-12-08T14:17:29.658299+00:00, run_after=2023-12-09T14:17:29.658299+00:00
[2023-12-09T14:17:29.667+0000] {processor.py:179} INFO - Processing /home/airflow/.local/lib/python3.8/site-packages/airflow/example_dags/example_short_circuit_operator.py took 0.041 seconds
[2023-12-09T14:18:00.485+0000] {processor.py:157} INFO - Started process (PID=4798) to work on /home/airflow/.local/lib/python3.8/site-packages/airflow/example_dags/example_short_circuit_operator.py
[2023-12-09T14:18:00.485+0000] {processor.py:829} INFO - Processing file /home/airflow/.local/lib/python3.8/site-packages/airflow/example_dags/example_short_circuit_operator.py for tasks to queue
[2023-12-09T14:18:00.486+0000] {logging_mixin.py:154} INFO - [2023-12-09T14:18:00.486+0000] {dagbag.py:536} INFO - Filling up the DagBag from /home/airflow/.local/lib/python3.8/site-packages/airflow/example_dags/example_short_circuit_operator.py
[2023-12-09T14:18:00.493+0000] {processor.py:839} INFO - DAG(s) dict_keys(['example_short_circuit_operator']) retrieved from /home/airflow/.local/lib/python3.8/site-packages/airflow/example_dags/example_short_circuit_operator.py
[2023-12-09T14:18:00.507+0000] {logging_mixin.py:154} INFO - [2023-12-09T14:18:00.507+0000] {dag.py:2941} INFO - Sync 1 DAGs
[2023-12-09T14:18:00.519+0000] {logging_mixin.py:154} INFO - [2023-12-09T14:18:00.519+0000] {dag.py:3722} INFO - Setting next_dagrun for example_short_circuit_operator to 2023-12-08T14:18:00.519254+00:00, run_after=2023-12-09T14:18:00.519254+00:00
[2023-12-09T14:18:00.530+0000] {processor.py:179} INFO - Processing /home/airflow/.local/lib/python3.8/site-packages/airflow/example_dags/example_short_circuit_operator.py took 0.048 seconds
[2023-12-09T14:18:31.273+0000] {processor.py:157} INFO - Started process (PID=5036) to work on /home/airflow/.local/lib/python3.8/site-packages/airflow/example_dags/example_short_circuit_operator.py
[2023-12-09T14:18:31.274+0000] {processor.py:829} INFO - Processing file /home/airflow/.local/lib/python3.8/site-packages/airflow/example_dags/example_short_circuit_operator.py for tasks to queue
[2023-12-09T14:18:31.274+0000] {logging_mixin.py:154} INFO - [2023-12-09T14:18:31.274+0000] {dagbag.py:536} INFO - Filling up the DagBag from /home/airflow/.local/lib/python3.8/site-packages/airflow/example_dags/example_short_circuit_operator.py
[2023-12-09T14:18:31.280+0000] {processor.py:839} INFO - DAG(s) dict_keys(['example_short_circuit_operator']) retrieved from /home/airflow/.local/lib/python3.8/site-packages/airflow/example_dags/example_short_circuit_operator.py
[2023-12-09T14:18:31.292+0000] {logging_mixin.py:154} INFO - [2023-12-09T14:18:31.292+0000] {dag.py:2941} INFO - Sync 1 DAGs
[2023-12-09T14:18:31.303+0000] {logging_mixin.py:154} INFO - [2023-12-09T14:18:31.303+0000] {dag.py:3722} INFO - Setting next_dagrun for example_short_circuit_operator to 2023-12-08T14:18:31.303523+00:00, run_after=2023-12-09T14:18:31.303523+00:00
[2023-12-09T14:18:31.312+0000] {processor.py:179} INFO - Processing /home/airflow/.local/lib/python3.8/site-packages/airflow/example_dags/example_short_circuit_operator.py took 0.041 seconds
[2023-12-09T14:19:01.958+0000] {processor.py:157} INFO - Started process (PID=5274) to work on /home/airflow/.local/lib/python3.8/site-packages/airflow/example_dags/example_short_circuit_operator.py
[2023-12-09T14:19:01.958+0000] {processor.py:829} INFO - Processing file /home/airflow/.local/lib/python3.8/site-packages/airflow/example_dags/example_short_circuit_operator.py for tasks to queue
[2023-12-09T14:19:01.959+0000] {logging_mixin.py:154} INFO - [2023-12-09T14:19:01.959+0000] {dagbag.py:536} INFO - Filling up the DagBag from /home/airflow/.local/lib/python3.8/site-packages/airflow/example_dags/example_short_circuit_operator.py
[2023-12-09T14:19:01.964+0000] {processor.py:839} INFO - DAG(s) dict_keys(['example_short_circuit_operator']) retrieved from /home/airflow/.local/lib/python3.8/site-packages/airflow/example_dags/example_short_circuit_operator.py
[2023-12-09T14:19:01.977+0000] {logging_mixin.py:154} INFO - [2023-12-09T14:19:01.977+0000] {dag.py:2941} INFO - Sync 1 DAGs
[2023-12-09T14:19:01.989+0000] {logging_mixin.py:154} INFO - [2023-12-09T14:19:01.989+0000] {dag.py:3722} INFO - Setting next_dagrun for example_short_circuit_operator to 2023-12-08T14:19:01.988910+00:00, run_after=2023-12-09T14:19:01.988910+00:00
[2023-12-09T14:19:01.998+0000] {processor.py:179} INFO - Processing /home/airflow/.local/lib/python3.8/site-packages/airflow/example_dags/example_short_circuit_operator.py took 0.042 seconds
