[2023-12-09T14:08:18.649+0000] {processor.py:157} INFO - Started process (PID=371) to work on /home/airflow/.local/lib/python3.8/site-packages/airflow/example_dags/example_nested_branch_dag.py
[2023-12-09T14:08:18.650+0000] {processor.py:829} INFO - Processing file /home/airflow/.local/lib/python3.8/site-packages/airflow/example_dags/example_nested_branch_dag.py for tasks to queue
[2023-12-09T14:08:18.651+0000] {logging_mixin.py:154} INFO - [2023-12-09T14:08:18.651+0000] {dagbag.py:536} INFO - Filling up the DagBag from /home/airflow/.local/lib/python3.8/site-packages/airflow/example_dags/example_nested_branch_dag.py
[2023-12-09T14:08:18.658+0000] {processor.py:839} INFO - DAG(s) dict_keys(['example_nested_branch_dag']) retrieved from /home/airflow/.local/lib/python3.8/site-packages/airflow/example_dags/example_nested_branch_dag.py
[2023-12-09T14:08:18.665+0000] {logging_mixin.py:154} INFO - [2023-12-09T14:08:18.665+0000] {dag.py:2941} INFO - Sync 1 DAGs
[2023-12-09T14:08:18.679+0000] {logging_mixin.py:154} INFO - [2023-12-09T14:08:18.679+0000] {dag.py:3722} INFO - Setting next_dagrun for example_nested_branch_dag to 2023-12-08T00:00:00+00:00, run_after=2023-12-09T00:00:00+00:00
[2023-12-09T14:08:18.689+0000] {processor.py:179} INFO - Processing /home/airflow/.local/lib/python3.8/site-packages/airflow/example_dags/example_nested_branch_dag.py took 0.043 seconds
[2023-12-09T14:08:49.072+0000] {processor.py:157} INFO - Started process (PID=611) to work on /home/airflow/.local/lib/python3.8/site-packages/airflow/example_dags/example_nested_branch_dag.py
[2023-12-09T14:08:49.072+0000] {processor.py:829} INFO - Processing file /home/airflow/.local/lib/python3.8/site-packages/airflow/example_dags/example_nested_branch_dag.py for tasks to queue
[2023-12-09T14:08:49.073+0000] {logging_mixin.py:154} INFO - [2023-12-09T14:08:49.073+0000] {dagbag.py:536} INFO - Filling up the DagBag from /home/airflow/.local/lib/python3.8/site-packages/airflow/example_dags/example_nested_branch_dag.py
[2023-12-09T14:08:49.080+0000] {processor.py:839} INFO - DAG(s) dict_keys(['example_nested_branch_dag']) retrieved from /home/airflow/.local/lib/python3.8/site-packages/airflow/example_dags/example_nested_branch_dag.py
[2023-12-09T14:08:49.093+0000] {logging_mixin.py:154} INFO - [2023-12-09T14:08:49.092+0000] {dag.py:2941} INFO - Sync 1 DAGs
[2023-12-09T14:08:49.103+0000] {logging_mixin.py:154} INFO - [2023-12-09T14:08:49.103+0000] {dag.py:3722} INFO - Setting next_dagrun for example_nested_branch_dag to 2023-12-08T00:00:00+00:00, run_after=2023-12-09T00:00:00+00:00
[2023-12-09T14:08:49.112+0000] {processor.py:179} INFO - Processing /home/airflow/.local/lib/python3.8/site-packages/airflow/example_dags/example_nested_branch_dag.py took 0.042 seconds
[2023-12-09T14:09:19.976+0000] {processor.py:157} INFO - Started process (PID=847) to work on /home/airflow/.local/lib/python3.8/site-packages/airflow/example_dags/example_nested_branch_dag.py
[2023-12-09T14:09:19.978+0000] {processor.py:829} INFO - Processing file /home/airflow/.local/lib/python3.8/site-packages/airflow/example_dags/example_nested_branch_dag.py for tasks to queue
[2023-12-09T14:09:19.979+0000] {logging_mixin.py:154} INFO - [2023-12-09T14:09:19.978+0000] {dagbag.py:536} INFO - Filling up the DagBag from /home/airflow/.local/lib/python3.8/site-packages/airflow/example_dags/example_nested_branch_dag.py
[2023-12-09T14:09:19.985+0000] {processor.py:839} INFO - DAG(s) dict_keys(['example_nested_branch_dag']) retrieved from /home/airflow/.local/lib/python3.8/site-packages/airflow/example_dags/example_nested_branch_dag.py
[2023-12-09T14:09:19.998+0000] {logging_mixin.py:154} INFO - [2023-12-09T14:09:19.998+0000] {dag.py:2941} INFO - Sync 1 DAGs
[2023-12-09T14:09:20.012+0000] {logging_mixin.py:154} INFO - [2023-12-09T14:09:20.012+0000] {dag.py:3722} INFO - Setting next_dagrun for example_nested_branch_dag to 2023-12-08T00:00:00+00:00, run_after=2023-12-09T00:00:00+00:00
[2023-12-09T14:09:20.021+0000] {processor.py:179} INFO - Processing /home/airflow/.local/lib/python3.8/site-packages/airflow/example_dags/example_nested_branch_dag.py took 0.047 seconds
[2023-12-09T14:09:50.074+0000] {processor.py:157} INFO - Started process (PID=1085) to work on /home/airflow/.local/lib/python3.8/site-packages/airflow/example_dags/example_nested_branch_dag.py
[2023-12-09T14:09:50.075+0000] {processor.py:829} INFO - Processing file /home/airflow/.local/lib/python3.8/site-packages/airflow/example_dags/example_nested_branch_dag.py for tasks to queue
[2023-12-09T14:09:50.075+0000] {logging_mixin.py:154} INFO - [2023-12-09T14:09:50.075+0000] {dagbag.py:536} INFO - Filling up the DagBag from /home/airflow/.local/lib/python3.8/site-packages/airflow/example_dags/example_nested_branch_dag.py
[2023-12-09T14:09:50.082+0000] {processor.py:839} INFO - DAG(s) dict_keys(['example_nested_branch_dag']) retrieved from /home/airflow/.local/lib/python3.8/site-packages/airflow/example_dags/example_nested_branch_dag.py
[2023-12-09T14:09:50.096+0000] {logging_mixin.py:154} INFO - [2023-12-09T14:09:50.096+0000] {dag.py:2941} INFO - Sync 1 DAGs
[2023-12-09T14:09:50.111+0000] {logging_mixin.py:154} INFO - [2023-12-09T14:09:50.111+0000] {dag.py:3722} INFO - Setting next_dagrun for example_nested_branch_dag to 2023-12-08T00:00:00+00:00, run_after=2023-12-09T00:00:00+00:00
[2023-12-09T14:09:50.122+0000] {processor.py:179} INFO - Processing /home/airflow/.local/lib/python3.8/site-packages/airflow/example_dags/example_nested_branch_dag.py took 0.051 seconds
[2023-12-09T14:10:20.208+0000] {processor.py:157} INFO - Started process (PID=1323) to work on /home/airflow/.local/lib/python3.8/site-packages/airflow/example_dags/example_nested_branch_dag.py
[2023-12-09T14:10:20.209+0000] {processor.py:829} INFO - Processing file /home/airflow/.local/lib/python3.8/site-packages/airflow/example_dags/example_nested_branch_dag.py for tasks to queue
[2023-12-09T14:10:20.210+0000] {logging_mixin.py:154} INFO - [2023-12-09T14:10:20.210+0000] {dagbag.py:536} INFO - Filling up the DagBag from /home/airflow/.local/lib/python3.8/site-packages/airflow/example_dags/example_nested_branch_dag.py
[2023-12-09T14:10:20.216+0000] {processor.py:839} INFO - DAG(s) dict_keys(['example_nested_branch_dag']) retrieved from /home/airflow/.local/lib/python3.8/site-packages/airflow/example_dags/example_nested_branch_dag.py
[2023-12-09T14:10:20.229+0000] {logging_mixin.py:154} INFO - [2023-12-09T14:10:20.229+0000] {dag.py:2941} INFO - Sync 1 DAGs
[2023-12-09T14:10:20.241+0000] {logging_mixin.py:154} INFO - [2023-12-09T14:10:20.241+0000] {dag.py:3722} INFO - Setting next_dagrun for example_nested_branch_dag to 2023-12-08T00:00:00+00:00, run_after=2023-12-09T00:00:00+00:00
[2023-12-09T14:10:20.249+0000] {processor.py:179} INFO - Processing /home/airflow/.local/lib/python3.8/site-packages/airflow/example_dags/example_nested_branch_dag.py took 0.043 seconds
[2023-12-09T14:10:51.017+0000] {processor.py:157} INFO - Started process (PID=1563) to work on /home/airflow/.local/lib/python3.8/site-packages/airflow/example_dags/example_nested_branch_dag.py
[2023-12-09T14:10:51.018+0000] {processor.py:829} INFO - Processing file /home/airflow/.local/lib/python3.8/site-packages/airflow/example_dags/example_nested_branch_dag.py for tasks to queue
[2023-12-09T14:10:51.019+0000] {logging_mixin.py:154} INFO - [2023-12-09T14:10:51.019+0000] {dagbag.py:536} INFO - Filling up the DagBag from /home/airflow/.local/lib/python3.8/site-packages/airflow/example_dags/example_nested_branch_dag.py
[2023-12-09T14:10:51.031+0000] {processor.py:839} INFO - DAG(s) dict_keys(['example_nested_branch_dag']) retrieved from /home/airflow/.local/lib/python3.8/site-packages/airflow/example_dags/example_nested_branch_dag.py
[2023-12-09T14:10:51.076+0000] {logging_mixin.py:154} INFO - [2023-12-09T14:10:51.076+0000] {dag.py:2941} INFO - Sync 1 DAGs
[2023-12-09T14:10:51.089+0000] {logging_mixin.py:154} INFO - [2023-12-09T14:10:51.088+0000] {dag.py:3722} INFO - Setting next_dagrun for example_nested_branch_dag to 2023-12-08T00:00:00+00:00, run_after=2023-12-09T00:00:00+00:00
[2023-12-09T14:10:51.098+0000] {processor.py:179} INFO - Processing /home/airflow/.local/lib/python3.8/site-packages/airflow/example_dags/example_nested_branch_dag.py took 0.083 seconds
[2023-12-09T14:11:21.895+0000] {processor.py:157} INFO - Started process (PID=1801) to work on /home/airflow/.local/lib/python3.8/site-packages/airflow/example_dags/example_nested_branch_dag.py
[2023-12-09T14:11:21.896+0000] {processor.py:829} INFO - Processing file /home/airflow/.local/lib/python3.8/site-packages/airflow/example_dags/example_nested_branch_dag.py for tasks to queue
[2023-12-09T14:11:21.896+0000] {logging_mixin.py:154} INFO - [2023-12-09T14:11:21.896+0000] {dagbag.py:536} INFO - Filling up the DagBag from /home/airflow/.local/lib/python3.8/site-packages/airflow/example_dags/example_nested_branch_dag.py
[2023-12-09T14:11:21.903+0000] {processor.py:839} INFO - DAG(s) dict_keys(['example_nested_branch_dag']) retrieved from /home/airflow/.local/lib/python3.8/site-packages/airflow/example_dags/example_nested_branch_dag.py
[2023-12-09T14:11:21.916+0000] {logging_mixin.py:154} INFO - [2023-12-09T14:11:21.916+0000] {dag.py:2941} INFO - Sync 1 DAGs
[2023-12-09T14:11:21.927+0000] {logging_mixin.py:154} INFO - [2023-12-09T14:11:21.927+0000] {dag.py:3722} INFO - Setting next_dagrun for example_nested_branch_dag to 2023-12-08T00:00:00+00:00, run_after=2023-12-09T00:00:00+00:00
[2023-12-09T14:11:21.935+0000] {processor.py:179} INFO - Processing /home/airflow/.local/lib/python3.8/site-packages/airflow/example_dags/example_nested_branch_dag.py took 0.043 seconds
[2023-12-09T14:11:52.041+0000] {processor.py:157} INFO - Started process (PID=2039) to work on /home/airflow/.local/lib/python3.8/site-packages/airflow/example_dags/example_nested_branch_dag.py
[2023-12-09T14:11:52.042+0000] {processor.py:829} INFO - Processing file /home/airflow/.local/lib/python3.8/site-packages/airflow/example_dags/example_nested_branch_dag.py for tasks to queue
[2023-12-09T14:11:52.042+0000] {logging_mixin.py:154} INFO - [2023-12-09T14:11:52.042+0000] {dagbag.py:536} INFO - Filling up the DagBag from /home/airflow/.local/lib/python3.8/site-packages/airflow/example_dags/example_nested_branch_dag.py
[2023-12-09T14:11:52.049+0000] {processor.py:839} INFO - DAG(s) dict_keys(['example_nested_branch_dag']) retrieved from /home/airflow/.local/lib/python3.8/site-packages/airflow/example_dags/example_nested_branch_dag.py
[2023-12-09T14:11:52.062+0000] {logging_mixin.py:154} INFO - [2023-12-09T14:11:52.062+0000] {dag.py:2941} INFO - Sync 1 DAGs
[2023-12-09T14:11:52.073+0000] {logging_mixin.py:154} INFO - [2023-12-09T14:11:52.073+0000] {dag.py:3722} INFO - Setting next_dagrun for example_nested_branch_dag to 2023-12-08T00:00:00+00:00, run_after=2023-12-09T00:00:00+00:00
[2023-12-09T14:11:52.082+0000] {processor.py:179} INFO - Processing /home/airflow/.local/lib/python3.8/site-packages/airflow/example_dags/example_nested_branch_dag.py took 0.043 seconds
[2023-12-09T14:12:22.115+0000] {processor.py:157} INFO - Started process (PID=2277) to work on /home/airflow/.local/lib/python3.8/site-packages/airflow/example_dags/example_nested_branch_dag.py
[2023-12-09T14:12:22.115+0000] {processor.py:829} INFO - Processing file /home/airflow/.local/lib/python3.8/site-packages/airflow/example_dags/example_nested_branch_dag.py for tasks to queue
[2023-12-09T14:12:22.116+0000] {logging_mixin.py:154} INFO - [2023-12-09T14:12:22.116+0000] {dagbag.py:536} INFO - Filling up the DagBag from /home/airflow/.local/lib/python3.8/site-packages/airflow/example_dags/example_nested_branch_dag.py
[2023-12-09T14:12:22.122+0000] {processor.py:839} INFO - DAG(s) dict_keys(['example_nested_branch_dag']) retrieved from /home/airflow/.local/lib/python3.8/site-packages/airflow/example_dags/example_nested_branch_dag.py
[2023-12-09T14:12:22.135+0000] {logging_mixin.py:154} INFO - [2023-12-09T14:12:22.135+0000] {dag.py:2941} INFO - Sync 1 DAGs
[2023-12-09T14:12:22.147+0000] {logging_mixin.py:154} INFO - [2023-12-09T14:12:22.147+0000] {dag.py:3722} INFO - Setting next_dagrun for example_nested_branch_dag to 2023-12-08T00:00:00+00:00, run_after=2023-12-09T00:00:00+00:00
[2023-12-09T14:12:22.155+0000] {processor.py:179} INFO - Processing /home/airflow/.local/lib/python3.8/site-packages/airflow/example_dags/example_nested_branch_dag.py took 0.043 seconds
[2023-12-09T14:12:52.825+0000] {processor.py:157} INFO - Started process (PID=2513) to work on /home/airflow/.local/lib/python3.8/site-packages/airflow/example_dags/example_nested_branch_dag.py
[2023-12-09T14:12:52.826+0000] {processor.py:829} INFO - Processing file /home/airflow/.local/lib/python3.8/site-packages/airflow/example_dags/example_nested_branch_dag.py for tasks to queue
[2023-12-09T14:12:52.826+0000] {logging_mixin.py:154} INFO - [2023-12-09T14:12:52.826+0000] {dagbag.py:536} INFO - Filling up the DagBag from /home/airflow/.local/lib/python3.8/site-packages/airflow/example_dags/example_nested_branch_dag.py
[2023-12-09T14:12:52.832+0000] {processor.py:839} INFO - DAG(s) dict_keys(['example_nested_branch_dag']) retrieved from /home/airflow/.local/lib/python3.8/site-packages/airflow/example_dags/example_nested_branch_dag.py
[2023-12-09T14:12:52.845+0000] {logging_mixin.py:154} INFO - [2023-12-09T14:12:52.845+0000] {dag.py:2941} INFO - Sync 1 DAGs
[2023-12-09T14:12:52.858+0000] {logging_mixin.py:154} INFO - [2023-12-09T14:12:52.858+0000] {dag.py:3722} INFO - Setting next_dagrun for example_nested_branch_dag to 2023-12-08T00:00:00+00:00, run_after=2023-12-09T00:00:00+00:00
[2023-12-09T14:12:52.867+0000] {processor.py:179} INFO - Processing /home/airflow/.local/lib/python3.8/site-packages/airflow/example_dags/example_nested_branch_dag.py took 0.044 seconds
[2023-12-09T14:13:23.979+0000] {processor.py:157} INFO - Started process (PID=2751) to work on /home/airflow/.local/lib/python3.8/site-packages/airflow/example_dags/example_nested_branch_dag.py
[2023-12-09T14:13:23.979+0000] {processor.py:829} INFO - Processing file /home/airflow/.local/lib/python3.8/site-packages/airflow/example_dags/example_nested_branch_dag.py for tasks to queue
[2023-12-09T14:13:23.980+0000] {logging_mixin.py:154} INFO - [2023-12-09T14:13:23.980+0000] {dagbag.py:536} INFO - Filling up the DagBag from /home/airflow/.local/lib/python3.8/site-packages/airflow/example_dags/example_nested_branch_dag.py
[2023-12-09T14:13:23.986+0000] {processor.py:839} INFO - DAG(s) dict_keys(['example_nested_branch_dag']) retrieved from /home/airflow/.local/lib/python3.8/site-packages/airflow/example_dags/example_nested_branch_dag.py
[2023-12-09T14:13:23.999+0000] {logging_mixin.py:154} INFO - [2023-12-09T14:13:23.999+0000] {dag.py:2941} INFO - Sync 1 DAGs
[2023-12-09T14:13:24.012+0000] {logging_mixin.py:154} INFO - [2023-12-09T14:13:24.012+0000] {dag.py:3722} INFO - Setting next_dagrun for example_nested_branch_dag to 2023-12-08T00:00:00+00:00, run_after=2023-12-09T00:00:00+00:00
[2023-12-09T14:13:24.022+0000] {processor.py:179} INFO - Processing /home/airflow/.local/lib/python3.8/site-packages/airflow/example_dags/example_nested_branch_dag.py took 0.045 seconds
[2023-12-09T14:13:54.703+0000] {processor.py:157} INFO - Started process (PID=2989) to work on /home/airflow/.local/lib/python3.8/site-packages/airflow/example_dags/example_nested_branch_dag.py
[2023-12-09T14:13:54.704+0000] {processor.py:829} INFO - Processing file /home/airflow/.local/lib/python3.8/site-packages/airflow/example_dags/example_nested_branch_dag.py for tasks to queue
[2023-12-09T14:13:54.704+0000] {logging_mixin.py:154} INFO - [2023-12-09T14:13:54.704+0000] {dagbag.py:536} INFO - Filling up the DagBag from /home/airflow/.local/lib/python3.8/site-packages/airflow/example_dags/example_nested_branch_dag.py
[2023-12-09T14:13:54.710+0000] {processor.py:839} INFO - DAG(s) dict_keys(['example_nested_branch_dag']) retrieved from /home/airflow/.local/lib/python3.8/site-packages/airflow/example_dags/example_nested_branch_dag.py
[2023-12-09T14:13:54.724+0000] {logging_mixin.py:154} INFO - [2023-12-09T14:13:54.724+0000] {dag.py:2941} INFO - Sync 1 DAGs
[2023-12-09T14:13:54.737+0000] {logging_mixin.py:154} INFO - [2023-12-09T14:13:54.737+0000] {dag.py:3722} INFO - Setting next_dagrun for example_nested_branch_dag to 2023-12-08T00:00:00+00:00, run_after=2023-12-09T00:00:00+00:00
[2023-12-09T14:13:54.747+0000] {processor.py:179} INFO - Processing /home/airflow/.local/lib/python3.8/site-packages/airflow/example_dags/example_nested_branch_dag.py took 0.047 seconds
[2023-12-09T14:14:25.511+0000] {processor.py:157} INFO - Started process (PID=3229) to work on /home/airflow/.local/lib/python3.8/site-packages/airflow/example_dags/example_nested_branch_dag.py
[2023-12-09T14:14:25.512+0000] {processor.py:829} INFO - Processing file /home/airflow/.local/lib/python3.8/site-packages/airflow/example_dags/example_nested_branch_dag.py for tasks to queue
[2023-12-09T14:14:25.512+0000] {logging_mixin.py:154} INFO - [2023-12-09T14:14:25.512+0000] {dagbag.py:536} INFO - Filling up the DagBag from /home/airflow/.local/lib/python3.8/site-packages/airflow/example_dags/example_nested_branch_dag.py
[2023-12-09T14:14:25.519+0000] {processor.py:839} INFO - DAG(s) dict_keys(['example_nested_branch_dag']) retrieved from /home/airflow/.local/lib/python3.8/site-packages/airflow/example_dags/example_nested_branch_dag.py
[2023-12-09T14:14:25.532+0000] {logging_mixin.py:154} INFO - [2023-12-09T14:14:25.532+0000] {dag.py:2941} INFO - Sync 1 DAGs
[2023-12-09T14:14:25.545+0000] {logging_mixin.py:154} INFO - [2023-12-09T14:14:25.545+0000] {dag.py:3722} INFO - Setting next_dagrun for example_nested_branch_dag to 2023-12-08T00:00:00+00:00, run_after=2023-12-09T00:00:00+00:00
[2023-12-09T14:14:25.555+0000] {processor.py:179} INFO - Processing /home/airflow/.local/lib/python3.8/site-packages/airflow/example_dags/example_nested_branch_dag.py took 0.046 seconds
[2023-12-09T14:14:56.222+0000] {processor.py:157} INFO - Started process (PID=3465) to work on /home/airflow/.local/lib/python3.8/site-packages/airflow/example_dags/example_nested_branch_dag.py
[2023-12-09T14:14:56.223+0000] {processor.py:829} INFO - Processing file /home/airflow/.local/lib/python3.8/site-packages/airflow/example_dags/example_nested_branch_dag.py for tasks to queue
[2023-12-09T14:14:56.224+0000] {logging_mixin.py:154} INFO - [2023-12-09T14:14:56.224+0000] {dagbag.py:536} INFO - Filling up the DagBag from /home/airflow/.local/lib/python3.8/site-packages/airflow/example_dags/example_nested_branch_dag.py
[2023-12-09T14:14:56.230+0000] {processor.py:839} INFO - DAG(s) dict_keys(['example_nested_branch_dag']) retrieved from /home/airflow/.local/lib/python3.8/site-packages/airflow/example_dags/example_nested_branch_dag.py
[2023-12-09T14:14:56.244+0000] {logging_mixin.py:154} INFO - [2023-12-09T14:14:56.244+0000] {dag.py:2941} INFO - Sync 1 DAGs
[2023-12-09T14:14:56.256+0000] {logging_mixin.py:154} INFO - [2023-12-09T14:14:56.256+0000] {dag.py:3722} INFO - Setting next_dagrun for example_nested_branch_dag to 2023-12-08T00:00:00+00:00, run_after=2023-12-09T00:00:00+00:00
[2023-12-09T14:14:56.266+0000] {processor.py:179} INFO - Processing /home/airflow/.local/lib/python3.8/site-packages/airflow/example_dags/example_nested_branch_dag.py took 0.046 seconds
[2023-12-09T14:15:26.879+0000] {processor.py:157} INFO - Started process (PID=3703) to work on /home/airflow/.local/lib/python3.8/site-packages/airflow/example_dags/example_nested_branch_dag.py
[2023-12-09T14:15:26.880+0000] {processor.py:829} INFO - Processing file /home/airflow/.local/lib/python3.8/site-packages/airflow/example_dags/example_nested_branch_dag.py for tasks to queue
[2023-12-09T14:15:26.880+0000] {logging_mixin.py:154} INFO - [2023-12-09T14:15:26.880+0000] {dagbag.py:536} INFO - Filling up the DagBag from /home/airflow/.local/lib/python3.8/site-packages/airflow/example_dags/example_nested_branch_dag.py
[2023-12-09T14:15:26.886+0000] {processor.py:839} INFO - DAG(s) dict_keys(['example_nested_branch_dag']) retrieved from /home/airflow/.local/lib/python3.8/site-packages/airflow/example_dags/example_nested_branch_dag.py
[2023-12-09T14:15:26.898+0000] {logging_mixin.py:154} INFO - [2023-12-09T14:15:26.898+0000] {dag.py:2941} INFO - Sync 1 DAGs
[2023-12-09T14:15:26.910+0000] {logging_mixin.py:154} INFO - [2023-12-09T14:15:26.910+0000] {dag.py:3722} INFO - Setting next_dagrun for example_nested_branch_dag to 2023-12-08T00:00:00+00:00, run_after=2023-12-09T00:00:00+00:00
[2023-12-09T14:15:26.920+0000] {processor.py:179} INFO - Processing /home/airflow/.local/lib/python3.8/site-packages/airflow/example_dags/example_nested_branch_dag.py took 0.043 seconds
[2023-12-09T14:15:58.167+0000] {processor.py:157} INFO - Started process (PID=3943) to work on /home/airflow/.local/lib/python3.8/site-packages/airflow/example_dags/example_nested_branch_dag.py
[2023-12-09T14:15:58.168+0000] {processor.py:829} INFO - Processing file /home/airflow/.local/lib/python3.8/site-packages/airflow/example_dags/example_nested_branch_dag.py for tasks to queue
[2023-12-09T14:15:58.168+0000] {logging_mixin.py:154} INFO - [2023-12-09T14:15:58.168+0000] {dagbag.py:536} INFO - Filling up the DagBag from /home/airflow/.local/lib/python3.8/site-packages/airflow/example_dags/example_nested_branch_dag.py
[2023-12-09T14:15:58.176+0000] {processor.py:839} INFO - DAG(s) dict_keys(['example_nested_branch_dag']) retrieved from /home/airflow/.local/lib/python3.8/site-packages/airflow/example_dags/example_nested_branch_dag.py
[2023-12-09T14:15:58.191+0000] {logging_mixin.py:154} INFO - [2023-12-09T14:15:58.191+0000] {dag.py:2941} INFO - Sync 1 DAGs
[2023-12-09T14:15:58.206+0000] {logging_mixin.py:154} INFO - [2023-12-09T14:15:58.205+0000] {dag.py:3722} INFO - Setting next_dagrun for example_nested_branch_dag to 2023-12-08T00:00:00+00:00, run_after=2023-12-09T00:00:00+00:00
[2023-12-09T14:15:58.218+0000] {processor.py:179} INFO - Processing /home/airflow/.local/lib/python3.8/site-packages/airflow/example_dags/example_nested_branch_dag.py took 0.053 seconds
[2023-12-09T14:16:28.828+0000] {processor.py:157} INFO - Started process (PID=4179) to work on /home/airflow/.local/lib/python3.8/site-packages/airflow/example_dags/example_nested_branch_dag.py
[2023-12-09T14:16:28.829+0000] {processor.py:829} INFO - Processing file /home/airflow/.local/lib/python3.8/site-packages/airflow/example_dags/example_nested_branch_dag.py for tasks to queue
[2023-12-09T14:16:28.830+0000] {logging_mixin.py:154} INFO - [2023-12-09T14:16:28.830+0000] {dagbag.py:536} INFO - Filling up the DagBag from /home/airflow/.local/lib/python3.8/site-packages/airflow/example_dags/example_nested_branch_dag.py
[2023-12-09T14:16:28.836+0000] {processor.py:839} INFO - DAG(s) dict_keys(['example_nested_branch_dag']) retrieved from /home/airflow/.local/lib/python3.8/site-packages/airflow/example_dags/example_nested_branch_dag.py
[2023-12-09T14:16:28.849+0000] {logging_mixin.py:154} INFO - [2023-12-09T14:16:28.849+0000] {dag.py:2941} INFO - Sync 1 DAGs
[2023-12-09T14:16:28.862+0000] {logging_mixin.py:154} INFO - [2023-12-09T14:16:28.862+0000] {dag.py:3722} INFO - Setting next_dagrun for example_nested_branch_dag to 2023-12-08T00:00:00+00:00, run_after=2023-12-09T00:00:00+00:00
[2023-12-09T14:16:28.873+0000] {processor.py:179} INFO - Processing /home/airflow/.local/lib/python3.8/site-packages/airflow/example_dags/example_nested_branch_dag.py took 0.047 seconds
[2023-12-09T14:16:59.551+0000] {processor.py:157} INFO - Started process (PID=4417) to work on /home/airflow/.local/lib/python3.8/site-packages/airflow/example_dags/example_nested_branch_dag.py
[2023-12-09T14:16:59.552+0000] {processor.py:829} INFO - Processing file /home/airflow/.local/lib/python3.8/site-packages/airflow/example_dags/example_nested_branch_dag.py for tasks to queue
[2023-12-09T14:16:59.553+0000] {logging_mixin.py:154} INFO - [2023-12-09T14:16:59.552+0000] {dagbag.py:536} INFO - Filling up the DagBag from /home/airflow/.local/lib/python3.8/site-packages/airflow/example_dags/example_nested_branch_dag.py
[2023-12-09T14:16:59.559+0000] {processor.py:839} INFO - DAG(s) dict_keys(['example_nested_branch_dag']) retrieved from /home/airflow/.local/lib/python3.8/site-packages/airflow/example_dags/example_nested_branch_dag.py
[2023-12-09T14:16:59.572+0000] {logging_mixin.py:154} INFO - [2023-12-09T14:16:59.572+0000] {dag.py:2941} INFO - Sync 1 DAGs
[2023-12-09T14:16:59.584+0000] {logging_mixin.py:154} INFO - [2023-12-09T14:16:59.584+0000] {dag.py:3722} INFO - Setting next_dagrun for example_nested_branch_dag to 2023-12-08T00:00:00+00:00, run_after=2023-12-09T00:00:00+00:00
[2023-12-09T14:16:59.594+0000] {processor.py:179} INFO - Processing /home/airflow/.local/lib/python3.8/site-packages/airflow/example_dags/example_nested_branch_dag.py took 0.045 seconds
[2023-12-09T14:17:30.222+0000] {processor.py:157} INFO - Started process (PID=4655) to work on /home/airflow/.local/lib/python3.8/site-packages/airflow/example_dags/example_nested_branch_dag.py
[2023-12-09T14:17:30.222+0000] {processor.py:829} INFO - Processing file /home/airflow/.local/lib/python3.8/site-packages/airflow/example_dags/example_nested_branch_dag.py for tasks to queue
[2023-12-09T14:17:30.223+0000] {logging_mixin.py:154} INFO - [2023-12-09T14:17:30.223+0000] {dagbag.py:536} INFO - Filling up the DagBag from /home/airflow/.local/lib/python3.8/site-packages/airflow/example_dags/example_nested_branch_dag.py
[2023-12-09T14:17:30.228+0000] {processor.py:839} INFO - DAG(s) dict_keys(['example_nested_branch_dag']) retrieved from /home/airflow/.local/lib/python3.8/site-packages/airflow/example_dags/example_nested_branch_dag.py
[2023-12-09T14:17:30.241+0000] {logging_mixin.py:154} INFO - [2023-12-09T14:17:30.241+0000] {dag.py:2941} INFO - Sync 1 DAGs
[2023-12-09T14:17:30.252+0000] {logging_mixin.py:154} INFO - [2023-12-09T14:17:30.252+0000] {dag.py:3722} INFO - Setting next_dagrun for example_nested_branch_dag to 2023-12-08T00:00:00+00:00, run_after=2023-12-09T00:00:00+00:00
[2023-12-09T14:17:30.262+0000] {processor.py:179} INFO - Processing /home/airflow/.local/lib/python3.8/site-packages/airflow/example_dags/example_nested_branch_dag.py took 0.042 seconds
[2023-12-09T14:18:01.063+0000] {processor.py:157} INFO - Started process (PID=4893) to work on /home/airflow/.local/lib/python3.8/site-packages/airflow/example_dags/example_nested_branch_dag.py
[2023-12-09T14:18:01.064+0000] {processor.py:829} INFO - Processing file /home/airflow/.local/lib/python3.8/site-packages/airflow/example_dags/example_nested_branch_dag.py for tasks to queue
[2023-12-09T14:18:01.064+0000] {logging_mixin.py:154} INFO - [2023-12-09T14:18:01.064+0000] {dagbag.py:536} INFO - Filling up the DagBag from /home/airflow/.local/lib/python3.8/site-packages/airflow/example_dags/example_nested_branch_dag.py
[2023-12-09T14:18:01.070+0000] {processor.py:839} INFO - DAG(s) dict_keys(['example_nested_branch_dag']) retrieved from /home/airflow/.local/lib/python3.8/site-packages/airflow/example_dags/example_nested_branch_dag.py
[2023-12-09T14:18:01.083+0000] {logging_mixin.py:154} INFO - [2023-12-09T14:18:01.083+0000] {dag.py:2941} INFO - Sync 1 DAGs
[2023-12-09T14:18:01.096+0000] {logging_mixin.py:154} INFO - [2023-12-09T14:18:01.096+0000] {dag.py:3722} INFO - Setting next_dagrun for example_nested_branch_dag to 2023-12-08T00:00:00+00:00, run_after=2023-12-09T00:00:00+00:00
[2023-12-09T14:18:01.105+0000] {processor.py:179} INFO - Processing /home/airflow/.local/lib/python3.8/site-packages/airflow/example_dags/example_nested_branch_dag.py took 0.044 seconds
[2023-12-09T14:18:31.808+0000] {processor.py:157} INFO - Started process (PID=5131) to work on /home/airflow/.local/lib/python3.8/site-packages/airflow/example_dags/example_nested_branch_dag.py
[2023-12-09T14:18:31.809+0000] {processor.py:829} INFO - Processing file /home/airflow/.local/lib/python3.8/site-packages/airflow/example_dags/example_nested_branch_dag.py for tasks to queue
[2023-12-09T14:18:31.810+0000] {logging_mixin.py:154} INFO - [2023-12-09T14:18:31.810+0000] {dagbag.py:536} INFO - Filling up the DagBag from /home/airflow/.local/lib/python3.8/site-packages/airflow/example_dags/example_nested_branch_dag.py
[2023-12-09T14:18:31.816+0000] {processor.py:839} INFO - DAG(s) dict_keys(['example_nested_branch_dag']) retrieved from /home/airflow/.local/lib/python3.8/site-packages/airflow/example_dags/example_nested_branch_dag.py
[2023-12-09T14:18:31.829+0000] {logging_mixin.py:154} INFO - [2023-12-09T14:18:31.829+0000] {dag.py:2941} INFO - Sync 1 DAGs
[2023-12-09T14:18:31.841+0000] {logging_mixin.py:154} INFO - [2023-12-09T14:18:31.841+0000] {dag.py:3722} INFO - Setting next_dagrun for example_nested_branch_dag to 2023-12-08T00:00:00+00:00, run_after=2023-12-09T00:00:00+00:00
[2023-12-09T14:18:31.851+0000] {processor.py:179} INFO - Processing /home/airflow/.local/lib/python3.8/site-packages/airflow/example_dags/example_nested_branch_dag.py took 0.044 seconds
[2023-12-09T14:19:02.486+0000] {processor.py:157} INFO - Started process (PID=5369) to work on /home/airflow/.local/lib/python3.8/site-packages/airflow/example_dags/example_nested_branch_dag.py
[2023-12-09T14:19:02.487+0000] {processor.py:829} INFO - Processing file /home/airflow/.local/lib/python3.8/site-packages/airflow/example_dags/example_nested_branch_dag.py for tasks to queue
[2023-12-09T14:19:02.487+0000] {logging_mixin.py:154} INFO - [2023-12-09T14:19:02.487+0000] {dagbag.py:536} INFO - Filling up the DagBag from /home/airflow/.local/lib/python3.8/site-packages/airflow/example_dags/example_nested_branch_dag.py
[2023-12-09T14:19:02.493+0000] {processor.py:839} INFO - DAG(s) dict_keys(['example_nested_branch_dag']) retrieved from /home/airflow/.local/lib/python3.8/site-packages/airflow/example_dags/example_nested_branch_dag.py
[2023-12-09T14:19:02.507+0000] {logging_mixin.py:154} INFO - [2023-12-09T14:19:02.506+0000] {dag.py:2941} INFO - Sync 1 DAGs
[2023-12-09T14:19:02.519+0000] {logging_mixin.py:154} INFO - [2023-12-09T14:19:02.519+0000] {dag.py:3722} INFO - Setting next_dagrun for example_nested_branch_dag to 2023-12-08T00:00:00+00:00, run_after=2023-12-09T00:00:00+00:00
[2023-12-09T14:19:02.528+0000] {processor.py:179} INFO - Processing /home/airflow/.local/lib/python3.8/site-packages/airflow/example_dags/example_nested_branch_dag.py took 0.044 seconds
