[2023-12-09T14:08:17.982+0000] {processor.py:157} INFO - Started process (PID=271) to work on /home/airflow/.local/lib/python3.8/site-packages/airflow/example_dags/example_params_ui_tutorial.py
[2023-12-09T14:08:17.983+0000] {processor.py:829} INFO - Processing file /home/airflow/.local/lib/python3.8/site-packages/airflow/example_dags/example_params_ui_tutorial.py for tasks to queue
[2023-12-09T14:08:17.983+0000] {logging_mixin.py:154} INFO - [2023-12-09T14:08:17.983+0000] {dagbag.py:536} INFO - Filling up the DagBag from /home/airflow/.local/lib/python3.8/site-packages/airflow/example_dags/example_params_ui_tutorial.py
[2023-12-09T14:08:18.006+0000] {processor.py:839} INFO - DAG(s) dict_keys(['example_params_ui_tutorial']) retrieved from /home/airflow/.local/lib/python3.8/site-packages/airflow/example_dags/example_params_ui_tutorial.py
[2023-12-09T14:08:18.014+0000] {logging_mixin.py:154} INFO - [2023-12-09T14:08:18.013+0000] {dag.py:2941} INFO - Sync 1 DAGs
[2023-12-09T14:08:18.021+0000] {logging_mixin.py:154} INFO - [2023-12-09T14:08:18.021+0000] {dag.py:3722} INFO - Setting next_dagrun for example_params_ui_tutorial to None, run_after=None
[2023-12-09T14:08:18.032+0000] {processor.py:179} INFO - Processing /home/airflow/.local/lib/python3.8/site-packages/airflow/example_dags/example_params_ui_tutorial.py took 0.052 seconds
[2023-12-09T14:08:48.419+0000] {processor.py:157} INFO - Started process (PID=511) to work on /home/airflow/.local/lib/python3.8/site-packages/airflow/example_dags/example_params_ui_tutorial.py
[2023-12-09T14:08:48.420+0000] {processor.py:829} INFO - Processing file /home/airflow/.local/lib/python3.8/site-packages/airflow/example_dags/example_params_ui_tutorial.py for tasks to queue
[2023-12-09T14:08:48.421+0000] {logging_mixin.py:154} INFO - [2023-12-09T14:08:48.420+0000] {dagbag.py:536} INFO - Filling up the DagBag from /home/airflow/.local/lib/python3.8/site-packages/airflow/example_dags/example_params_ui_tutorial.py
[2023-12-09T14:08:48.438+0000] {processor.py:839} INFO - DAG(s) dict_keys(['example_params_ui_tutorial']) retrieved from /home/airflow/.local/lib/python3.8/site-packages/airflow/example_dags/example_params_ui_tutorial.py
[2023-12-09T14:08:48.462+0000] {logging_mixin.py:154} INFO - [2023-12-09T14:08:48.462+0000] {dag.py:2941} INFO - Sync 1 DAGs
[2023-12-09T14:08:48.468+0000] {logging_mixin.py:154} INFO - [2023-12-09T14:08:48.468+0000] {dag.py:3722} INFO - Setting next_dagrun for example_params_ui_tutorial to None, run_after=None
[2023-12-09T14:08:48.476+0000] {processor.py:179} INFO - Processing /home/airflow/.local/lib/python3.8/site-packages/airflow/example_dags/example_params_ui_tutorial.py took 0.058 seconds
[2023-12-09T14:09:19.272+0000] {processor.py:157} INFO - Started process (PID=749) to work on /home/airflow/.local/lib/python3.8/site-packages/airflow/example_dags/example_params_ui_tutorial.py
[2023-12-09T14:09:19.272+0000] {processor.py:829} INFO - Processing file /home/airflow/.local/lib/python3.8/site-packages/airflow/example_dags/example_params_ui_tutorial.py for tasks to queue
[2023-12-09T14:09:19.273+0000] {logging_mixin.py:154} INFO - [2023-12-09T14:09:19.273+0000] {dagbag.py:536} INFO - Filling up the DagBag from /home/airflow/.local/lib/python3.8/site-packages/airflow/example_dags/example_params_ui_tutorial.py
[2023-12-09T14:09:19.293+0000] {processor.py:839} INFO - DAG(s) dict_keys(['example_params_ui_tutorial']) retrieved from /home/airflow/.local/lib/python3.8/site-packages/airflow/example_dags/example_params_ui_tutorial.py
[2023-12-09T14:09:19.318+0000] {logging_mixin.py:154} INFO - [2023-12-09T14:09:19.318+0000] {dag.py:2941} INFO - Sync 1 DAGs
[2023-12-09T14:09:19.325+0000] {logging_mixin.py:154} INFO - [2023-12-09T14:09:19.325+0000] {dag.py:3722} INFO - Setting next_dagrun for example_params_ui_tutorial to None, run_after=None
[2023-12-09T14:09:19.335+0000] {processor.py:179} INFO - Processing /home/airflow/.local/lib/python3.8/site-packages/airflow/example_dags/example_params_ui_tutorial.py took 0.066 seconds
[2023-12-09T14:09:49.401+0000] {processor.py:157} INFO - Started process (PID=985) to work on /home/airflow/.local/lib/python3.8/site-packages/airflow/example_dags/example_params_ui_tutorial.py
[2023-12-09T14:09:49.402+0000] {processor.py:829} INFO - Processing file /home/airflow/.local/lib/python3.8/site-packages/airflow/example_dags/example_params_ui_tutorial.py for tasks to queue
[2023-12-09T14:09:49.402+0000] {logging_mixin.py:154} INFO - [2023-12-09T14:09:49.402+0000] {dagbag.py:536} INFO - Filling up the DagBag from /home/airflow/.local/lib/python3.8/site-packages/airflow/example_dags/example_params_ui_tutorial.py
[2023-12-09T14:09:49.422+0000] {processor.py:839} INFO - DAG(s) dict_keys(['example_params_ui_tutorial']) retrieved from /home/airflow/.local/lib/python3.8/site-packages/airflow/example_dags/example_params_ui_tutorial.py
[2023-12-09T14:09:49.451+0000] {logging_mixin.py:154} INFO - [2023-12-09T14:09:49.450+0000] {dag.py:2941} INFO - Sync 1 DAGs
[2023-12-09T14:09:49.458+0000] {logging_mixin.py:154} INFO - [2023-12-09T14:09:49.457+0000] {dag.py:3722} INFO - Setting next_dagrun for example_params_ui_tutorial to None, run_after=None
[2023-12-09T14:09:49.467+0000] {processor.py:179} INFO - Processing /home/airflow/.local/lib/python3.8/site-packages/airflow/example_dags/example_params_ui_tutorial.py took 0.069 seconds
[2023-12-09T14:10:19.534+0000] {processor.py:157} INFO - Started process (PID=1225) to work on /home/airflow/.local/lib/python3.8/site-packages/airflow/example_dags/example_params_ui_tutorial.py
[2023-12-09T14:10:19.535+0000] {processor.py:829} INFO - Processing file /home/airflow/.local/lib/python3.8/site-packages/airflow/example_dags/example_params_ui_tutorial.py for tasks to queue
[2023-12-09T14:10:19.535+0000] {logging_mixin.py:154} INFO - [2023-12-09T14:10:19.535+0000] {dagbag.py:536} INFO - Filling up the DagBag from /home/airflow/.local/lib/python3.8/site-packages/airflow/example_dags/example_params_ui_tutorial.py
[2023-12-09T14:10:19.553+0000] {processor.py:839} INFO - DAG(s) dict_keys(['example_params_ui_tutorial']) retrieved from /home/airflow/.local/lib/python3.8/site-packages/airflow/example_dags/example_params_ui_tutorial.py
[2023-12-09T14:10:19.578+0000] {logging_mixin.py:154} INFO - [2023-12-09T14:10:19.578+0000] {dag.py:2941} INFO - Sync 1 DAGs
[2023-12-09T14:10:19.584+0000] {logging_mixin.py:154} INFO - [2023-12-09T14:10:19.584+0000] {dag.py:3722} INFO - Setting next_dagrun for example_params_ui_tutorial to None, run_after=None
[2023-12-09T14:10:19.592+0000] {processor.py:179} INFO - Processing /home/airflow/.local/lib/python3.8/site-packages/airflow/example_dags/example_params_ui_tutorial.py took 0.060 seconds
[2023-12-09T14:10:50.339+0000] {processor.py:157} INFO - Started process (PID=1463) to work on /home/airflow/.local/lib/python3.8/site-packages/airflow/example_dags/example_params_ui_tutorial.py
[2023-12-09T14:10:50.339+0000] {processor.py:829} INFO - Processing file /home/airflow/.local/lib/python3.8/site-packages/airflow/example_dags/example_params_ui_tutorial.py for tasks to queue
[2023-12-09T14:10:50.340+0000] {logging_mixin.py:154} INFO - [2023-12-09T14:10:50.340+0000] {dagbag.py:536} INFO - Filling up the DagBag from /home/airflow/.local/lib/python3.8/site-packages/airflow/example_dags/example_params_ui_tutorial.py
[2023-12-09T14:10:50.357+0000] {processor.py:839} INFO - DAG(s) dict_keys(['example_params_ui_tutorial']) retrieved from /home/airflow/.local/lib/python3.8/site-packages/airflow/example_dags/example_params_ui_tutorial.py
[2023-12-09T14:10:50.382+0000] {logging_mixin.py:154} INFO - [2023-12-09T14:10:50.382+0000] {dag.py:2941} INFO - Sync 1 DAGs
[2023-12-09T14:10:50.388+0000] {logging_mixin.py:154} INFO - [2023-12-09T14:10:50.388+0000] {dag.py:3722} INFO - Setting next_dagrun for example_params_ui_tutorial to None, run_after=None
[2023-12-09T14:10:50.400+0000] {processor.py:179} INFO - Processing /home/airflow/.local/lib/python3.8/site-packages/airflow/example_dags/example_params_ui_tutorial.py took 0.064 seconds
[2023-12-09T14:11:21.169+0000] {processor.py:157} INFO - Started process (PID=1701) to work on /home/airflow/.local/lib/python3.8/site-packages/airflow/example_dags/example_params_ui_tutorial.py
[2023-12-09T14:11:21.169+0000] {processor.py:829} INFO - Processing file /home/airflow/.local/lib/python3.8/site-packages/airflow/example_dags/example_params_ui_tutorial.py for tasks to queue
[2023-12-09T14:11:21.170+0000] {logging_mixin.py:154} INFO - [2023-12-09T14:11:21.170+0000] {dagbag.py:536} INFO - Filling up the DagBag from /home/airflow/.local/lib/python3.8/site-packages/airflow/example_dags/example_params_ui_tutorial.py
[2023-12-09T14:11:21.187+0000] {processor.py:839} INFO - DAG(s) dict_keys(['example_params_ui_tutorial']) retrieved from /home/airflow/.local/lib/python3.8/site-packages/airflow/example_dags/example_params_ui_tutorial.py
[2023-12-09T14:11:21.214+0000] {logging_mixin.py:154} INFO - [2023-12-09T14:11:21.214+0000] {dag.py:2941} INFO - Sync 1 DAGs
[2023-12-09T14:11:21.221+0000] {logging_mixin.py:154} INFO - [2023-12-09T14:11:21.220+0000] {dag.py:3722} INFO - Setting next_dagrun for example_params_ui_tutorial to None, run_after=None
[2023-12-09T14:11:21.230+0000] {processor.py:179} INFO - Processing /home/airflow/.local/lib/python3.8/site-packages/airflow/example_dags/example_params_ui_tutorial.py took 0.063 seconds
[2023-12-09T14:11:51.312+0000] {processor.py:157} INFO - Started process (PID=1937) to work on /home/airflow/.local/lib/python3.8/site-packages/airflow/example_dags/example_params_ui_tutorial.py
[2023-12-09T14:11:51.313+0000] {processor.py:829} INFO - Processing file /home/airflow/.local/lib/python3.8/site-packages/airflow/example_dags/example_params_ui_tutorial.py for tasks to queue
[2023-12-09T14:11:51.313+0000] {logging_mixin.py:154} INFO - [2023-12-09T14:11:51.313+0000] {dagbag.py:536} INFO - Filling up the DagBag from /home/airflow/.local/lib/python3.8/site-packages/airflow/example_dags/example_params_ui_tutorial.py
[2023-12-09T14:11:51.333+0000] {processor.py:839} INFO - DAG(s) dict_keys(['example_params_ui_tutorial']) retrieved from /home/airflow/.local/lib/python3.8/site-packages/airflow/example_dags/example_params_ui_tutorial.py
[2023-12-09T14:11:51.361+0000] {logging_mixin.py:154} INFO - [2023-12-09T14:11:51.361+0000] {dag.py:2941} INFO - Sync 1 DAGs
[2023-12-09T14:11:51.368+0000] {logging_mixin.py:154} INFO - [2023-12-09T14:11:51.368+0000] {dag.py:3722} INFO - Setting next_dagrun for example_params_ui_tutorial to None, run_after=None
[2023-12-09T14:11:51.379+0000] {processor.py:179} INFO - Processing /home/airflow/.local/lib/python3.8/site-packages/airflow/example_dags/example_params_ui_tutorial.py took 0.069 seconds
[2023-12-09T14:12:21.436+0000] {processor.py:157} INFO - Started process (PID=2175) to work on /home/airflow/.local/lib/python3.8/site-packages/airflow/example_dags/example_params_ui_tutorial.py
[2023-12-09T14:12:21.437+0000] {processor.py:829} INFO - Processing file /home/airflow/.local/lib/python3.8/site-packages/airflow/example_dags/example_params_ui_tutorial.py for tasks to queue
[2023-12-09T14:12:21.438+0000] {logging_mixin.py:154} INFO - [2023-12-09T14:12:21.438+0000] {dagbag.py:536} INFO - Filling up the DagBag from /home/airflow/.local/lib/python3.8/site-packages/airflow/example_dags/example_params_ui_tutorial.py
[2023-12-09T14:12:21.458+0000] {processor.py:839} INFO - DAG(s) dict_keys(['example_params_ui_tutorial']) retrieved from /home/airflow/.local/lib/python3.8/site-packages/airflow/example_dags/example_params_ui_tutorial.py
[2023-12-09T14:12:21.484+0000] {logging_mixin.py:154} INFO - [2023-12-09T14:12:21.483+0000] {dag.py:2941} INFO - Sync 1 DAGs
[2023-12-09T14:12:21.490+0000] {logging_mixin.py:154} INFO - [2023-12-09T14:12:21.490+0000] {dag.py:3722} INFO - Setting next_dagrun for example_params_ui_tutorial to None, run_after=None
[2023-12-09T14:12:21.499+0000] {processor.py:179} INFO - Processing /home/airflow/.local/lib/python3.8/site-packages/airflow/example_dags/example_params_ui_tutorial.py took 0.064 seconds
[2023-12-09T14:12:52.227+0000] {processor.py:157} INFO - Started process (PID=2413) to work on /home/airflow/.local/lib/python3.8/site-packages/airflow/example_dags/example_params_ui_tutorial.py
[2023-12-09T14:12:52.228+0000] {processor.py:829} INFO - Processing file /home/airflow/.local/lib/python3.8/site-packages/airflow/example_dags/example_params_ui_tutorial.py for tasks to queue
[2023-12-09T14:12:52.229+0000] {logging_mixin.py:154} INFO - [2023-12-09T14:12:52.228+0000] {dagbag.py:536} INFO - Filling up the DagBag from /home/airflow/.local/lib/python3.8/site-packages/airflow/example_dags/example_params_ui_tutorial.py
[2023-12-09T14:12:52.252+0000] {processor.py:839} INFO - DAG(s) dict_keys(['example_params_ui_tutorial']) retrieved from /home/airflow/.local/lib/python3.8/site-packages/airflow/example_dags/example_params_ui_tutorial.py
[2023-12-09T14:12:52.284+0000] {logging_mixin.py:154} INFO - [2023-12-09T14:12:52.284+0000] {dag.py:2941} INFO - Sync 1 DAGs
[2023-12-09T14:12:52.292+0000] {logging_mixin.py:154} INFO - [2023-12-09T14:12:52.292+0000] {dag.py:3722} INFO - Setting next_dagrun for example_params_ui_tutorial to None, run_after=None
[2023-12-09T14:12:52.304+0000] {processor.py:179} INFO - Processing /home/airflow/.local/lib/python3.8/site-packages/airflow/example_dags/example_params_ui_tutorial.py took 0.080 seconds
[2023-12-09T14:13:23.230+0000] {processor.py:157} INFO - Started process (PID=2651) to work on /home/airflow/.local/lib/python3.8/site-packages/airflow/example_dags/example_params_ui_tutorial.py
[2023-12-09T14:13:23.231+0000] {processor.py:829} INFO - Processing file /home/airflow/.local/lib/python3.8/site-packages/airflow/example_dags/example_params_ui_tutorial.py for tasks to queue
[2023-12-09T14:13:23.232+0000] {logging_mixin.py:154} INFO - [2023-12-09T14:13:23.232+0000] {dagbag.py:536} INFO - Filling up the DagBag from /home/airflow/.local/lib/python3.8/site-packages/airflow/example_dags/example_params_ui_tutorial.py
[2023-12-09T14:13:23.263+0000] {processor.py:839} INFO - DAG(s) dict_keys(['example_params_ui_tutorial']) retrieved from /home/airflow/.local/lib/python3.8/site-packages/airflow/example_dags/example_params_ui_tutorial.py
[2023-12-09T14:13:23.368+0000] {logging_mixin.py:154} INFO - [2023-12-09T14:13:23.367+0000] {dag.py:2941} INFO - Sync 1 DAGs
[2023-12-09T14:13:23.375+0000] {logging_mixin.py:154} INFO - [2023-12-09T14:13:23.375+0000] {dag.py:3722} INFO - Setting next_dagrun for example_params_ui_tutorial to None, run_after=None
[2023-12-09T14:13:23.385+0000] {processor.py:179} INFO - Processing /home/airflow/.local/lib/python3.8/site-packages/airflow/example_dags/example_params_ui_tutorial.py took 0.158 seconds
[2023-12-09T14:13:54.071+0000] {processor.py:157} INFO - Started process (PID=2891) to work on /home/airflow/.local/lib/python3.8/site-packages/airflow/example_dags/example_params_ui_tutorial.py
[2023-12-09T14:13:54.072+0000] {processor.py:829} INFO - Processing file /home/airflow/.local/lib/python3.8/site-packages/airflow/example_dags/example_params_ui_tutorial.py for tasks to queue
[2023-12-09T14:13:54.073+0000] {logging_mixin.py:154} INFO - [2023-12-09T14:13:54.073+0000] {dagbag.py:536} INFO - Filling up the DagBag from /home/airflow/.local/lib/python3.8/site-packages/airflow/example_dags/example_params_ui_tutorial.py
[2023-12-09T14:13:54.092+0000] {processor.py:839} INFO - DAG(s) dict_keys(['example_params_ui_tutorial']) retrieved from /home/airflow/.local/lib/python3.8/site-packages/airflow/example_dags/example_params_ui_tutorial.py
[2023-12-09T14:13:54.117+0000] {logging_mixin.py:154} INFO - [2023-12-09T14:13:54.117+0000] {dag.py:2941} INFO - Sync 1 DAGs
[2023-12-09T14:13:54.125+0000] {logging_mixin.py:154} INFO - [2023-12-09T14:13:54.125+0000] {dag.py:3722} INFO - Setting next_dagrun for example_params_ui_tutorial to None, run_after=None
[2023-12-09T14:13:54.137+0000] {processor.py:179} INFO - Processing /home/airflow/.local/lib/python3.8/site-packages/airflow/example_dags/example_params_ui_tutorial.py took 0.068 seconds
[2023-12-09T14:14:24.818+0000] {processor.py:157} INFO - Started process (PID=3127) to work on /home/airflow/.local/lib/python3.8/site-packages/airflow/example_dags/example_params_ui_tutorial.py
[2023-12-09T14:14:24.819+0000] {processor.py:829} INFO - Processing file /home/airflow/.local/lib/python3.8/site-packages/airflow/example_dags/example_params_ui_tutorial.py for tasks to queue
[2023-12-09T14:14:24.819+0000] {logging_mixin.py:154} INFO - [2023-12-09T14:14:24.819+0000] {dagbag.py:536} INFO - Filling up the DagBag from /home/airflow/.local/lib/python3.8/site-packages/airflow/example_dags/example_params_ui_tutorial.py
[2023-12-09T14:14:24.838+0000] {processor.py:839} INFO - DAG(s) dict_keys(['example_params_ui_tutorial']) retrieved from /home/airflow/.local/lib/python3.8/site-packages/airflow/example_dags/example_params_ui_tutorial.py
[2023-12-09T14:14:24.863+0000] {logging_mixin.py:154} INFO - [2023-12-09T14:14:24.863+0000] {dag.py:2941} INFO - Sync 1 DAGs
[2023-12-09T14:14:24.869+0000] {logging_mixin.py:154} INFO - [2023-12-09T14:14:24.868+0000] {dag.py:3722} INFO - Setting next_dagrun for example_params_ui_tutorial to None, run_after=None
[2023-12-09T14:14:24.877+0000] {processor.py:179} INFO - Processing /home/airflow/.local/lib/python3.8/site-packages/airflow/example_dags/example_params_ui_tutorial.py took 0.062 seconds
[2023-12-09T14:14:55.613+0000] {processor.py:157} INFO - Started process (PID=3365) to work on /home/airflow/.local/lib/python3.8/site-packages/airflow/example_dags/example_params_ui_tutorial.py
[2023-12-09T14:14:55.614+0000] {processor.py:829} INFO - Processing file /home/airflow/.local/lib/python3.8/site-packages/airflow/example_dags/example_params_ui_tutorial.py for tasks to queue
[2023-12-09T14:14:55.615+0000] {logging_mixin.py:154} INFO - [2023-12-09T14:14:55.614+0000] {dagbag.py:536} INFO - Filling up the DagBag from /home/airflow/.local/lib/python3.8/site-packages/airflow/example_dags/example_params_ui_tutorial.py
[2023-12-09T14:14:55.633+0000] {processor.py:839} INFO - DAG(s) dict_keys(['example_params_ui_tutorial']) retrieved from /home/airflow/.local/lib/python3.8/site-packages/airflow/example_dags/example_params_ui_tutorial.py
[2023-12-09T14:14:55.659+0000] {logging_mixin.py:154} INFO - [2023-12-09T14:14:55.659+0000] {dag.py:2941} INFO - Sync 1 DAGs
[2023-12-09T14:14:55.664+0000] {logging_mixin.py:154} INFO - [2023-12-09T14:14:55.664+0000] {dag.py:3722} INFO - Setting next_dagrun for example_params_ui_tutorial to None, run_after=None
[2023-12-09T14:14:55.673+0000] {processor.py:179} INFO - Processing /home/airflow/.local/lib/python3.8/site-packages/airflow/example_dags/example_params_ui_tutorial.py took 0.062 seconds
[2023-12-09T14:15:26.306+0000] {processor.py:157} INFO - Started process (PID=3603) to work on /home/airflow/.local/lib/python3.8/site-packages/airflow/example_dags/example_params_ui_tutorial.py
[2023-12-09T14:15:26.307+0000] {processor.py:829} INFO - Processing file /home/airflow/.local/lib/python3.8/site-packages/airflow/example_dags/example_params_ui_tutorial.py for tasks to queue
[2023-12-09T14:15:26.307+0000] {logging_mixin.py:154} INFO - [2023-12-09T14:15:26.307+0000] {dagbag.py:536} INFO - Filling up the DagBag from /home/airflow/.local/lib/python3.8/site-packages/airflow/example_dags/example_params_ui_tutorial.py
[2023-12-09T14:15:26.326+0000] {processor.py:839} INFO - DAG(s) dict_keys(['example_params_ui_tutorial']) retrieved from /home/airflow/.local/lib/python3.8/site-packages/airflow/example_dags/example_params_ui_tutorial.py
[2023-12-09T14:15:26.352+0000] {logging_mixin.py:154} INFO - [2023-12-09T14:15:26.352+0000] {dag.py:2941} INFO - Sync 1 DAGs
[2023-12-09T14:15:26.359+0000] {logging_mixin.py:154} INFO - [2023-12-09T14:15:26.359+0000] {dag.py:3722} INFO - Setting next_dagrun for example_params_ui_tutorial to None, run_after=None
[2023-12-09T14:15:26.368+0000] {processor.py:179} INFO - Processing /home/airflow/.local/lib/python3.8/site-packages/airflow/example_dags/example_params_ui_tutorial.py took 0.064 seconds
[2023-12-09T14:15:57.317+0000] {processor.py:157} INFO - Started process (PID=3843) to work on /home/airflow/.local/lib/python3.8/site-packages/airflow/example_dags/example_params_ui_tutorial.py
[2023-12-09T14:15:57.318+0000] {processor.py:829} INFO - Processing file /home/airflow/.local/lib/python3.8/site-packages/airflow/example_dags/example_params_ui_tutorial.py for tasks to queue
[2023-12-09T14:15:57.319+0000] {logging_mixin.py:154} INFO - [2023-12-09T14:15:57.319+0000] {dagbag.py:536} INFO - Filling up the DagBag from /home/airflow/.local/lib/python3.8/site-packages/airflow/example_dags/example_params_ui_tutorial.py
[2023-12-09T14:15:57.346+0000] {processor.py:839} INFO - DAG(s) dict_keys(['example_params_ui_tutorial']) retrieved from /home/airflow/.local/lib/python3.8/site-packages/airflow/example_dags/example_params_ui_tutorial.py
[2023-12-09T14:15:57.378+0000] {logging_mixin.py:154} INFO - [2023-12-09T14:15:57.377+0000] {dag.py:2941} INFO - Sync 1 DAGs
[2023-12-09T14:15:57.384+0000] {logging_mixin.py:154} INFO - [2023-12-09T14:15:57.384+0000] {dag.py:3722} INFO - Setting next_dagrun for example_params_ui_tutorial to None, run_after=None
[2023-12-09T14:15:57.395+0000] {processor.py:179} INFO - Processing /home/airflow/.local/lib/python3.8/site-packages/airflow/example_dags/example_params_ui_tutorial.py took 0.080 seconds
[2023-12-09T14:16:28.249+0000] {processor.py:157} INFO - Started process (PID=4081) to work on /home/airflow/.local/lib/python3.8/site-packages/airflow/example_dags/example_params_ui_tutorial.py
[2023-12-09T14:16:28.249+0000] {processor.py:829} INFO - Processing file /home/airflow/.local/lib/python3.8/site-packages/airflow/example_dags/example_params_ui_tutorial.py for tasks to queue
[2023-12-09T14:16:28.250+0000] {logging_mixin.py:154} INFO - [2023-12-09T14:16:28.250+0000] {dagbag.py:536} INFO - Filling up the DagBag from /home/airflow/.local/lib/python3.8/site-packages/airflow/example_dags/example_params_ui_tutorial.py
[2023-12-09T14:16:28.269+0000] {processor.py:839} INFO - DAG(s) dict_keys(['example_params_ui_tutorial']) retrieved from /home/airflow/.local/lib/python3.8/site-packages/airflow/example_dags/example_params_ui_tutorial.py
[2023-12-09T14:16:28.295+0000] {logging_mixin.py:154} INFO - [2023-12-09T14:16:28.295+0000] {dag.py:2941} INFO - Sync 1 DAGs
[2023-12-09T14:16:28.302+0000] {logging_mixin.py:154} INFO - [2023-12-09T14:16:28.302+0000] {dag.py:3722} INFO - Setting next_dagrun for example_params_ui_tutorial to None, run_after=None
[2023-12-09T14:16:28.313+0000] {processor.py:179} INFO - Processing /home/airflow/.local/lib/python3.8/site-packages/airflow/example_dags/example_params_ui_tutorial.py took 0.066 seconds
[2023-12-09T14:16:58.921+0000] {processor.py:157} INFO - Started process (PID=4317) to work on /home/airflow/.local/lib/python3.8/site-packages/airflow/example_dags/example_params_ui_tutorial.py
[2023-12-09T14:16:58.922+0000] {processor.py:829} INFO - Processing file /home/airflow/.local/lib/python3.8/site-packages/airflow/example_dags/example_params_ui_tutorial.py for tasks to queue
[2023-12-09T14:16:58.923+0000] {logging_mixin.py:154} INFO - [2023-12-09T14:16:58.923+0000] {dagbag.py:536} INFO - Filling up the DagBag from /home/airflow/.local/lib/python3.8/site-packages/airflow/example_dags/example_params_ui_tutorial.py
[2023-12-09T14:16:58.942+0000] {processor.py:839} INFO - DAG(s) dict_keys(['example_params_ui_tutorial']) retrieved from /home/airflow/.local/lib/python3.8/site-packages/airflow/example_dags/example_params_ui_tutorial.py
[2023-12-09T14:16:58.967+0000] {logging_mixin.py:154} INFO - [2023-12-09T14:16:58.967+0000] {dag.py:2941} INFO - Sync 1 DAGs
[2023-12-09T14:16:58.974+0000] {logging_mixin.py:154} INFO - [2023-12-09T14:16:58.973+0000] {dag.py:3722} INFO - Setting next_dagrun for example_params_ui_tutorial to None, run_after=None
[2023-12-09T14:16:58.982+0000] {processor.py:179} INFO - Processing /home/airflow/.local/lib/python3.8/site-packages/airflow/example_dags/example_params_ui_tutorial.py took 0.063 seconds
[2023-12-09T14:17:29.608+0000] {processor.py:157} INFO - Started process (PID=4555) to work on /home/airflow/.local/lib/python3.8/site-packages/airflow/example_dags/example_params_ui_tutorial.py
[2023-12-09T14:17:29.609+0000] {processor.py:829} INFO - Processing file /home/airflow/.local/lib/python3.8/site-packages/airflow/example_dags/example_params_ui_tutorial.py for tasks to queue
[2023-12-09T14:17:29.610+0000] {logging_mixin.py:154} INFO - [2023-12-09T14:17:29.610+0000] {dagbag.py:536} INFO - Filling up the DagBag from /home/airflow/.local/lib/python3.8/site-packages/airflow/example_dags/example_params_ui_tutorial.py
[2023-12-09T14:17:29.629+0000] {processor.py:839} INFO - DAG(s) dict_keys(['example_params_ui_tutorial']) retrieved from /home/airflow/.local/lib/python3.8/site-packages/airflow/example_dags/example_params_ui_tutorial.py
[2023-12-09T14:17:29.655+0000] {logging_mixin.py:154} INFO - [2023-12-09T14:17:29.655+0000] {dag.py:2941} INFO - Sync 1 DAGs
[2023-12-09T14:17:29.661+0000] {logging_mixin.py:154} INFO - [2023-12-09T14:17:29.661+0000] {dag.py:3722} INFO - Setting next_dagrun for example_params_ui_tutorial to None, run_after=None
[2023-12-09T14:17:29.669+0000] {processor.py:179} INFO - Processing /home/airflow/.local/lib/python3.8/site-packages/airflow/example_dags/example_params_ui_tutorial.py took 0.063 seconds
[2023-12-09T14:18:00.447+0000] {processor.py:157} INFO - Started process (PID=4793) to work on /home/airflow/.local/lib/python3.8/site-packages/airflow/example_dags/example_params_ui_tutorial.py
[2023-12-09T14:18:00.448+0000] {processor.py:829} INFO - Processing file /home/airflow/.local/lib/python3.8/site-packages/airflow/example_dags/example_params_ui_tutorial.py for tasks to queue
[2023-12-09T14:18:00.448+0000] {logging_mixin.py:154} INFO - [2023-12-09T14:18:00.448+0000] {dagbag.py:536} INFO - Filling up the DagBag from /home/airflow/.local/lib/python3.8/site-packages/airflow/example_dags/example_params_ui_tutorial.py
[2023-12-09T14:18:00.468+0000] {processor.py:839} INFO - DAG(s) dict_keys(['example_params_ui_tutorial']) retrieved from /home/airflow/.local/lib/python3.8/site-packages/airflow/example_dags/example_params_ui_tutorial.py
[2023-12-09T14:18:00.496+0000] {logging_mixin.py:154} INFO - [2023-12-09T14:18:00.496+0000] {dag.py:2941} INFO - Sync 1 DAGs
[2023-12-09T14:18:00.502+0000] {logging_mixin.py:154} INFO - [2023-12-09T14:18:00.502+0000] {dag.py:3722} INFO - Setting next_dagrun for example_params_ui_tutorial to None, run_after=None
[2023-12-09T14:18:00.513+0000] {processor.py:179} INFO - Processing /home/airflow/.local/lib/python3.8/site-packages/airflow/example_dags/example_params_ui_tutorial.py took 0.069 seconds
[2023-12-09T14:18:31.239+0000] {processor.py:157} INFO - Started process (PID=5031) to work on /home/airflow/.local/lib/python3.8/site-packages/airflow/example_dags/example_params_ui_tutorial.py
[2023-12-09T14:18:31.240+0000] {processor.py:829} INFO - Processing file /home/airflow/.local/lib/python3.8/site-packages/airflow/example_dags/example_params_ui_tutorial.py for tasks to queue
[2023-12-09T14:18:31.240+0000] {logging_mixin.py:154} INFO - [2023-12-09T14:18:31.240+0000] {dagbag.py:536} INFO - Filling up the DagBag from /home/airflow/.local/lib/python3.8/site-packages/airflow/example_dags/example_params_ui_tutorial.py
[2023-12-09T14:18:31.258+0000] {processor.py:839} INFO - DAG(s) dict_keys(['example_params_ui_tutorial']) retrieved from /home/airflow/.local/lib/python3.8/site-packages/airflow/example_dags/example_params_ui_tutorial.py
[2023-12-09T14:18:31.284+0000] {logging_mixin.py:154} INFO - [2023-12-09T14:18:31.284+0000] {dag.py:2941} INFO - Sync 1 DAGs
[2023-12-09T14:18:31.290+0000] {logging_mixin.py:154} INFO - [2023-12-09T14:18:31.290+0000] {dag.py:3722} INFO - Setting next_dagrun for example_params_ui_tutorial to None, run_after=None
[2023-12-09T14:18:31.299+0000] {processor.py:179} INFO - Processing /home/airflow/.local/lib/python3.8/site-packages/airflow/example_dags/example_params_ui_tutorial.py took 0.062 seconds
[2023-12-09T14:19:01.917+0000] {processor.py:157} INFO - Started process (PID=5269) to work on /home/airflow/.local/lib/python3.8/site-packages/airflow/example_dags/example_params_ui_tutorial.py
[2023-12-09T14:19:01.917+0000] {processor.py:829} INFO - Processing file /home/airflow/.local/lib/python3.8/site-packages/airflow/example_dags/example_params_ui_tutorial.py for tasks to queue
[2023-12-09T14:19:01.918+0000] {logging_mixin.py:154} INFO - [2023-12-09T14:19:01.918+0000] {dagbag.py:536} INFO - Filling up the DagBag from /home/airflow/.local/lib/python3.8/site-packages/airflow/example_dags/example_params_ui_tutorial.py
[2023-12-09T14:19:01.936+0000] {processor.py:839} INFO - DAG(s) dict_keys(['example_params_ui_tutorial']) retrieved from /home/airflow/.local/lib/python3.8/site-packages/airflow/example_dags/example_params_ui_tutorial.py
[2023-12-09T14:19:01.961+0000] {logging_mixin.py:154} INFO - [2023-12-09T14:19:01.961+0000] {dag.py:2941} INFO - Sync 1 DAGs
[2023-12-09T14:19:01.968+0000] {logging_mixin.py:154} INFO - [2023-12-09T14:19:01.968+0000] {dag.py:3722} INFO - Setting next_dagrun for example_params_ui_tutorial to None, run_after=None
[2023-12-09T14:19:01.977+0000] {processor.py:179} INFO - Processing /home/airflow/.local/lib/python3.8/site-packages/airflow/example_dags/example_params_ui_tutorial.py took 0.062 seconds
