[2023-12-09T14:08:18.212+0000] {processor.py:157} INFO - Started process (PID=303) to work on /home/airflow/.local/lib/python3.8/site-packages/airflow/example_dags/example_trigger_target_dag.py
[2023-12-09T14:08:18.215+0000] {processor.py:829} INFO - Processing file /home/airflow/.local/lib/python3.8/site-packages/airflow/example_dags/example_trigger_target_dag.py for tasks to queue
[2023-12-09T14:08:18.215+0000] {logging_mixin.py:154} INFO - [2023-12-09T14:08:18.215+0000] {dagbag.py:536} INFO - Filling up the DagBag from /home/airflow/.local/lib/python3.8/site-packages/airflow/example_dags/example_trigger_target_dag.py
[2023-12-09T14:08:18.220+0000] {processor.py:839} INFO - DAG(s) dict_keys(['example_trigger_target_dag']) retrieved from /home/airflow/.local/lib/python3.8/site-packages/airflow/example_dags/example_trigger_target_dag.py
[2023-12-09T14:08:18.251+0000] {logging_mixin.py:154} INFO - [2023-12-09T14:08:18.251+0000] {dag.py:2941} INFO - Sync 1 DAGs
[2023-12-09T14:08:18.263+0000] {logging_mixin.py:154} INFO - [2023-12-09T14:08:18.263+0000] {dag.py:3722} INFO - Setting next_dagrun for example_trigger_target_dag to None, run_after=None
[2023-12-09T14:08:18.274+0000] {processor.py:179} INFO - Processing /home/airflow/.local/lib/python3.8/site-packages/airflow/example_dags/example_trigger_target_dag.py took 0.067 seconds
[2023-12-09T14:08:48.635+0000] {processor.py:157} INFO - Started process (PID=541) to work on /home/airflow/.local/lib/python3.8/site-packages/airflow/example_dags/example_trigger_target_dag.py
[2023-12-09T14:08:48.635+0000] {processor.py:829} INFO - Processing file /home/airflow/.local/lib/python3.8/site-packages/airflow/example_dags/example_trigger_target_dag.py for tasks to queue
[2023-12-09T14:08:48.636+0000] {logging_mixin.py:154} INFO - [2023-12-09T14:08:48.636+0000] {dagbag.py:536} INFO - Filling up the DagBag from /home/airflow/.local/lib/python3.8/site-packages/airflow/example_dags/example_trigger_target_dag.py
[2023-12-09T14:08:48.640+0000] {processor.py:839} INFO - DAG(s) dict_keys(['example_trigger_target_dag']) retrieved from /home/airflow/.local/lib/python3.8/site-packages/airflow/example_dags/example_trigger_target_dag.py
[2023-12-09T14:08:48.651+0000] {logging_mixin.py:154} INFO - [2023-12-09T14:08:48.651+0000] {dag.py:2941} INFO - Sync 1 DAGs
[2023-12-09T14:08:48.658+0000] {logging_mixin.py:154} INFO - [2023-12-09T14:08:48.658+0000] {dag.py:3722} INFO - Setting next_dagrun for example_trigger_target_dag to None, run_after=None
[2023-12-09T14:08:48.667+0000] {processor.py:179} INFO - Processing /home/airflow/.local/lib/python3.8/site-packages/airflow/example_dags/example_trigger_target_dag.py took 0.034 seconds
[2023-12-09T14:09:19.470+0000] {processor.py:157} INFO - Started process (PID=777) to work on /home/airflow/.local/lib/python3.8/site-packages/airflow/example_dags/example_trigger_target_dag.py
[2023-12-09T14:09:19.471+0000] {processor.py:829} INFO - Processing file /home/airflow/.local/lib/python3.8/site-packages/airflow/example_dags/example_trigger_target_dag.py for tasks to queue
[2023-12-09T14:09:19.472+0000] {logging_mixin.py:154} INFO - [2023-12-09T14:09:19.471+0000] {dagbag.py:536} INFO - Filling up the DagBag from /home/airflow/.local/lib/python3.8/site-packages/airflow/example_dags/example_trigger_target_dag.py
[2023-12-09T14:09:19.478+0000] {processor.py:839} INFO - DAG(s) dict_keys(['example_trigger_target_dag']) retrieved from /home/airflow/.local/lib/python3.8/site-packages/airflow/example_dags/example_trigger_target_dag.py
[2023-12-09T14:09:19.497+0000] {logging_mixin.py:154} INFO - [2023-12-09T14:09:19.497+0000] {dag.py:2941} INFO - Sync 1 DAGs
[2023-12-09T14:09:19.509+0000] {logging_mixin.py:154} INFO - [2023-12-09T14:09:19.509+0000] {dag.py:3722} INFO - Setting next_dagrun for example_trigger_target_dag to None, run_after=None
[2023-12-09T14:09:19.523+0000] {processor.py:179} INFO - Processing /home/airflow/.local/lib/python3.8/site-packages/airflow/example_dags/example_trigger_target_dag.py took 0.056 seconds
[2023-12-09T14:09:49.601+0000] {processor.py:157} INFO - Started process (PID=1015) to work on /home/airflow/.local/lib/python3.8/site-packages/airflow/example_dags/example_trigger_target_dag.py
[2023-12-09T14:09:49.603+0000] {processor.py:829} INFO - Processing file /home/airflow/.local/lib/python3.8/site-packages/airflow/example_dags/example_trigger_target_dag.py for tasks to queue
[2023-12-09T14:09:49.603+0000] {logging_mixin.py:154} INFO - [2023-12-09T14:09:49.603+0000] {dagbag.py:536} INFO - Filling up the DagBag from /home/airflow/.local/lib/python3.8/site-packages/airflow/example_dags/example_trigger_target_dag.py
[2023-12-09T14:09:49.609+0000] {processor.py:839} INFO - DAG(s) dict_keys(['example_trigger_target_dag']) retrieved from /home/airflow/.local/lib/python3.8/site-packages/airflow/example_dags/example_trigger_target_dag.py
[2023-12-09T14:09:49.622+0000] {logging_mixin.py:154} INFO - [2023-12-09T14:09:49.622+0000] {dag.py:2941} INFO - Sync 1 DAGs
[2023-12-09T14:09:49.631+0000] {logging_mixin.py:154} INFO - [2023-12-09T14:09:49.631+0000] {dag.py:3722} INFO - Setting next_dagrun for example_trigger_target_dag to None, run_after=None
[2023-12-09T14:09:49.645+0000] {processor.py:179} INFO - Processing /home/airflow/.local/lib/python3.8/site-packages/airflow/example_dags/example_trigger_target_dag.py took 0.048 seconds
[2023-12-09T14:10:19.760+0000] {processor.py:157} INFO - Started process (PID=1255) to work on /home/airflow/.local/lib/python3.8/site-packages/airflow/example_dags/example_trigger_target_dag.py
[2023-12-09T14:10:19.761+0000] {processor.py:829} INFO - Processing file /home/airflow/.local/lib/python3.8/site-packages/airflow/example_dags/example_trigger_target_dag.py for tasks to queue
[2023-12-09T14:10:19.762+0000] {logging_mixin.py:154} INFO - [2023-12-09T14:10:19.762+0000] {dagbag.py:536} INFO - Filling up the DagBag from /home/airflow/.local/lib/python3.8/site-packages/airflow/example_dags/example_trigger_target_dag.py
[2023-12-09T14:10:19.766+0000] {processor.py:839} INFO - DAG(s) dict_keys(['example_trigger_target_dag']) retrieved from /home/airflow/.local/lib/python3.8/site-packages/airflow/example_dags/example_trigger_target_dag.py
[2023-12-09T14:10:19.780+0000] {logging_mixin.py:154} INFO - [2023-12-09T14:10:19.780+0000] {dag.py:2941} INFO - Sync 1 DAGs
[2023-12-09T14:10:19.786+0000] {logging_mixin.py:154} INFO - [2023-12-09T14:10:19.786+0000] {dag.py:3722} INFO - Setting next_dagrun for example_trigger_target_dag to None, run_after=None
[2023-12-09T14:10:19.796+0000] {processor.py:179} INFO - Processing /home/airflow/.local/lib/python3.8/site-packages/airflow/example_dags/example_trigger_target_dag.py took 0.038 seconds
[2023-12-09T14:10:50.572+0000] {processor.py:157} INFO - Started process (PID=1493) to work on /home/airflow/.local/lib/python3.8/site-packages/airflow/example_dags/example_trigger_target_dag.py
[2023-12-09T14:10:50.573+0000] {processor.py:829} INFO - Processing file /home/airflow/.local/lib/python3.8/site-packages/airflow/example_dags/example_trigger_target_dag.py for tasks to queue
[2023-12-09T14:10:50.574+0000] {logging_mixin.py:154} INFO - [2023-12-09T14:10:50.574+0000] {dagbag.py:536} INFO - Filling up the DagBag from /home/airflow/.local/lib/python3.8/site-packages/airflow/example_dags/example_trigger_target_dag.py
[2023-12-09T14:10:50.578+0000] {processor.py:839} INFO - DAG(s) dict_keys(['example_trigger_target_dag']) retrieved from /home/airflow/.local/lib/python3.8/site-packages/airflow/example_dags/example_trigger_target_dag.py
[2023-12-09T14:10:50.590+0000] {logging_mixin.py:154} INFO - [2023-12-09T14:10:50.589+0000] {dag.py:2941} INFO - Sync 1 DAGs
[2023-12-09T14:10:50.596+0000] {logging_mixin.py:154} INFO - [2023-12-09T14:10:50.596+0000] {dag.py:3722} INFO - Setting next_dagrun for example_trigger_target_dag to None, run_after=None
[2023-12-09T14:10:50.605+0000] {processor.py:179} INFO - Processing /home/airflow/.local/lib/python3.8/site-packages/airflow/example_dags/example_trigger_target_dag.py took 0.035 seconds
[2023-12-09T14:11:21.415+0000] {processor.py:157} INFO - Started process (PID=1731) to work on /home/airflow/.local/lib/python3.8/site-packages/airflow/example_dags/example_trigger_target_dag.py
[2023-12-09T14:11:21.417+0000] {processor.py:829} INFO - Processing file /home/airflow/.local/lib/python3.8/site-packages/airflow/example_dags/example_trigger_target_dag.py for tasks to queue
[2023-12-09T14:11:21.417+0000] {logging_mixin.py:154} INFO - [2023-12-09T14:11:21.417+0000] {dagbag.py:536} INFO - Filling up the DagBag from /home/airflow/.local/lib/python3.8/site-packages/airflow/example_dags/example_trigger_target_dag.py
[2023-12-09T14:11:21.421+0000] {processor.py:839} INFO - DAG(s) dict_keys(['example_trigger_target_dag']) retrieved from /home/airflow/.local/lib/python3.8/site-packages/airflow/example_dags/example_trigger_target_dag.py
[2023-12-09T14:11:21.434+0000] {logging_mixin.py:154} INFO - [2023-12-09T14:11:21.434+0000] {dag.py:2941} INFO - Sync 1 DAGs
[2023-12-09T14:11:21.441+0000] {logging_mixin.py:154} INFO - [2023-12-09T14:11:21.441+0000] {dag.py:3722} INFO - Setting next_dagrun for example_trigger_target_dag to None, run_after=None
[2023-12-09T14:11:21.451+0000] {processor.py:179} INFO - Processing /home/airflow/.local/lib/python3.8/site-packages/airflow/example_dags/example_trigger_target_dag.py took 0.038 seconds
[2023-12-09T14:11:51.536+0000] {processor.py:157} INFO - Started process (PID=1969) to work on /home/airflow/.local/lib/python3.8/site-packages/airflow/example_dags/example_trigger_target_dag.py
[2023-12-09T14:11:51.537+0000] {processor.py:829} INFO - Processing file /home/airflow/.local/lib/python3.8/site-packages/airflow/example_dags/example_trigger_target_dag.py for tasks to queue
[2023-12-09T14:11:51.537+0000] {logging_mixin.py:154} INFO - [2023-12-09T14:11:51.537+0000] {dagbag.py:536} INFO - Filling up the DagBag from /home/airflow/.local/lib/python3.8/site-packages/airflow/example_dags/example_trigger_target_dag.py
[2023-12-09T14:11:51.542+0000] {processor.py:839} INFO - DAG(s) dict_keys(['example_trigger_target_dag']) retrieved from /home/airflow/.local/lib/python3.8/site-packages/airflow/example_dags/example_trigger_target_dag.py
[2023-12-09T14:11:51.553+0000] {logging_mixin.py:154} INFO - [2023-12-09T14:11:51.553+0000] {dag.py:2941} INFO - Sync 1 DAGs
[2023-12-09T14:11:51.560+0000] {logging_mixin.py:154} INFO - [2023-12-09T14:11:51.560+0000] {dag.py:3722} INFO - Setting next_dagrun for example_trigger_target_dag to None, run_after=None
[2023-12-09T14:11:51.568+0000] {processor.py:179} INFO - Processing /home/airflow/.local/lib/python3.8/site-packages/airflow/example_dags/example_trigger_target_dag.py took 0.034 seconds
[2023-12-09T14:12:21.660+0000] {processor.py:157} INFO - Started process (PID=2207) to work on /home/airflow/.local/lib/python3.8/site-packages/airflow/example_dags/example_trigger_target_dag.py
[2023-12-09T14:12:21.661+0000] {processor.py:829} INFO - Processing file /home/airflow/.local/lib/python3.8/site-packages/airflow/example_dags/example_trigger_target_dag.py for tasks to queue
[2023-12-09T14:12:21.662+0000] {logging_mixin.py:154} INFO - [2023-12-09T14:12:21.662+0000] {dagbag.py:536} INFO - Filling up the DagBag from /home/airflow/.local/lib/python3.8/site-packages/airflow/example_dags/example_trigger_target_dag.py
[2023-12-09T14:12:21.666+0000] {processor.py:839} INFO - DAG(s) dict_keys(['example_trigger_target_dag']) retrieved from /home/airflow/.local/lib/python3.8/site-packages/airflow/example_dags/example_trigger_target_dag.py
[2023-12-09T14:12:21.678+0000] {logging_mixin.py:154} INFO - [2023-12-09T14:12:21.678+0000] {dag.py:2941} INFO - Sync 1 DAGs
[2023-12-09T14:12:21.684+0000] {logging_mixin.py:154} INFO - [2023-12-09T14:12:21.684+0000] {dag.py:3722} INFO - Setting next_dagrun for example_trigger_target_dag to None, run_after=None
[2023-12-09T14:12:21.693+0000] {processor.py:179} INFO - Processing /home/airflow/.local/lib/python3.8/site-packages/airflow/example_dags/example_trigger_target_dag.py took 0.035 seconds
[2023-12-09T14:12:52.429+0000] {processor.py:157} INFO - Started process (PID=2443) to work on /home/airflow/.local/lib/python3.8/site-packages/airflow/example_dags/example_trigger_target_dag.py
[2023-12-09T14:12:52.430+0000] {processor.py:829} INFO - Processing file /home/airflow/.local/lib/python3.8/site-packages/airflow/example_dags/example_trigger_target_dag.py for tasks to queue
[2023-12-09T14:12:52.430+0000] {logging_mixin.py:154} INFO - [2023-12-09T14:12:52.430+0000] {dagbag.py:536} INFO - Filling up the DagBag from /home/airflow/.local/lib/python3.8/site-packages/airflow/example_dags/example_trigger_target_dag.py
[2023-12-09T14:12:52.434+0000] {processor.py:839} INFO - DAG(s) dict_keys(['example_trigger_target_dag']) retrieved from /home/airflow/.local/lib/python3.8/site-packages/airflow/example_dags/example_trigger_target_dag.py
[2023-12-09T14:12:52.446+0000] {logging_mixin.py:154} INFO - [2023-12-09T14:12:52.446+0000] {dag.py:2941} INFO - Sync 1 DAGs
[2023-12-09T14:12:52.453+0000] {logging_mixin.py:154} INFO - [2023-12-09T14:12:52.453+0000] {dag.py:3722} INFO - Setting next_dagrun for example_trigger_target_dag to None, run_after=None
[2023-12-09T14:12:52.463+0000] {processor.py:179} INFO - Processing /home/airflow/.local/lib/python3.8/site-packages/airflow/example_dags/example_trigger_target_dag.py took 0.036 seconds
[2023-12-09T14:13:23.522+0000] {processor.py:157} INFO - Started process (PID=2681) to work on /home/airflow/.local/lib/python3.8/site-packages/airflow/example_dags/example_trigger_target_dag.py
[2023-12-09T14:13:23.523+0000] {processor.py:829} INFO - Processing file /home/airflow/.local/lib/python3.8/site-packages/airflow/example_dags/example_trigger_target_dag.py for tasks to queue
[2023-12-09T14:13:23.524+0000] {logging_mixin.py:154} INFO - [2023-12-09T14:13:23.523+0000] {dagbag.py:536} INFO - Filling up the DagBag from /home/airflow/.local/lib/python3.8/site-packages/airflow/example_dags/example_trigger_target_dag.py
[2023-12-09T14:13:23.528+0000] {processor.py:839} INFO - DAG(s) dict_keys(['example_trigger_target_dag']) retrieved from /home/airflow/.local/lib/python3.8/site-packages/airflow/example_dags/example_trigger_target_dag.py
[2023-12-09T14:13:23.542+0000] {logging_mixin.py:154} INFO - [2023-12-09T14:13:23.542+0000] {dag.py:2941} INFO - Sync 1 DAGs
[2023-12-09T14:13:23.551+0000] {logging_mixin.py:154} INFO - [2023-12-09T14:13:23.551+0000] {dag.py:3722} INFO - Setting next_dagrun for example_trigger_target_dag to None, run_after=None
[2023-12-09T14:13:23.563+0000] {processor.py:179} INFO - Processing /home/airflow/.local/lib/python3.8/site-packages/airflow/example_dags/example_trigger_target_dag.py took 0.044 seconds
[2023-12-09T14:13:54.252+0000] {processor.py:157} INFO - Started process (PID=2919) to work on /home/airflow/.local/lib/python3.8/site-packages/airflow/example_dags/example_trigger_target_dag.py
[2023-12-09T14:13:54.253+0000] {processor.py:829} INFO - Processing file /home/airflow/.local/lib/python3.8/site-packages/airflow/example_dags/example_trigger_target_dag.py for tasks to queue
[2023-12-09T14:13:54.253+0000] {logging_mixin.py:154} INFO - [2023-12-09T14:13:54.253+0000] {dagbag.py:536} INFO - Filling up the DagBag from /home/airflow/.local/lib/python3.8/site-packages/airflow/example_dags/example_trigger_target_dag.py
[2023-12-09T14:13:54.258+0000] {processor.py:839} INFO - DAG(s) dict_keys(['example_trigger_target_dag']) retrieved from /home/airflow/.local/lib/python3.8/site-packages/airflow/example_dags/example_trigger_target_dag.py
[2023-12-09T14:13:54.271+0000] {logging_mixin.py:154} INFO - [2023-12-09T14:13:54.270+0000] {dag.py:2941} INFO - Sync 1 DAGs
[2023-12-09T14:13:54.278+0000] {logging_mixin.py:154} INFO - [2023-12-09T14:13:54.278+0000] {dag.py:3722} INFO - Setting next_dagrun for example_trigger_target_dag to None, run_after=None
[2023-12-09T14:13:54.289+0000] {processor.py:179} INFO - Processing /home/airflow/.local/lib/python3.8/site-packages/airflow/example_dags/example_trigger_target_dag.py took 0.039 seconds
[2023-12-09T14:14:25.036+0000] {processor.py:157} INFO - Started process (PID=3159) to work on /home/airflow/.local/lib/python3.8/site-packages/airflow/example_dags/example_trigger_target_dag.py
[2023-12-09T14:14:25.037+0000] {processor.py:829} INFO - Processing file /home/airflow/.local/lib/python3.8/site-packages/airflow/example_dags/example_trigger_target_dag.py for tasks to queue
[2023-12-09T14:14:25.037+0000] {logging_mixin.py:154} INFO - [2023-12-09T14:14:25.037+0000] {dagbag.py:536} INFO - Filling up the DagBag from /home/airflow/.local/lib/python3.8/site-packages/airflow/example_dags/example_trigger_target_dag.py
[2023-12-09T14:14:25.042+0000] {processor.py:839} INFO - DAG(s) dict_keys(['example_trigger_target_dag']) retrieved from /home/airflow/.local/lib/python3.8/site-packages/airflow/example_dags/example_trigger_target_dag.py
[2023-12-09T14:14:25.054+0000] {logging_mixin.py:154} INFO - [2023-12-09T14:14:25.054+0000] {dag.py:2941} INFO - Sync 1 DAGs
[2023-12-09T14:14:25.061+0000] {logging_mixin.py:154} INFO - [2023-12-09T14:14:25.061+0000] {dag.py:3722} INFO - Setting next_dagrun for example_trigger_target_dag to None, run_after=None
[2023-12-09T14:14:25.070+0000] {processor.py:179} INFO - Processing /home/airflow/.local/lib/python3.8/site-packages/airflow/example_dags/example_trigger_target_dag.py took 0.036 seconds
[2023-12-09T14:14:55.830+0000] {processor.py:157} INFO - Started process (PID=3397) to work on /home/airflow/.local/lib/python3.8/site-packages/airflow/example_dags/example_trigger_target_dag.py
[2023-12-09T14:14:55.831+0000] {processor.py:829} INFO - Processing file /home/airflow/.local/lib/python3.8/site-packages/airflow/example_dags/example_trigger_target_dag.py for tasks to queue
[2023-12-09T14:14:55.831+0000] {logging_mixin.py:154} INFO - [2023-12-09T14:14:55.831+0000] {dagbag.py:536} INFO - Filling up the DagBag from /home/airflow/.local/lib/python3.8/site-packages/airflow/example_dags/example_trigger_target_dag.py
[2023-12-09T14:14:55.835+0000] {processor.py:839} INFO - DAG(s) dict_keys(['example_trigger_target_dag']) retrieved from /home/airflow/.local/lib/python3.8/site-packages/airflow/example_dags/example_trigger_target_dag.py
[2023-12-09T14:14:55.848+0000] {logging_mixin.py:154} INFO - [2023-12-09T14:14:55.848+0000] {dag.py:2941} INFO - Sync 1 DAGs
[2023-12-09T14:14:55.854+0000] {logging_mixin.py:154} INFO - [2023-12-09T14:14:55.854+0000] {dag.py:3722} INFO - Setting next_dagrun for example_trigger_target_dag to None, run_after=None
[2023-12-09T14:14:55.863+0000] {processor.py:179} INFO - Processing /home/airflow/.local/lib/python3.8/site-packages/airflow/example_dags/example_trigger_target_dag.py took 0.035 seconds
[2023-12-09T14:15:26.487+0000] {processor.py:157} INFO - Started process (PID=3633) to work on /home/airflow/.local/lib/python3.8/site-packages/airflow/example_dags/example_trigger_target_dag.py
[2023-12-09T14:15:26.488+0000] {processor.py:829} INFO - Processing file /home/airflow/.local/lib/python3.8/site-packages/airflow/example_dags/example_trigger_target_dag.py for tasks to queue
[2023-12-09T14:15:26.488+0000] {logging_mixin.py:154} INFO - [2023-12-09T14:15:26.488+0000] {dagbag.py:536} INFO - Filling up the DagBag from /home/airflow/.local/lib/python3.8/site-packages/airflow/example_dags/example_trigger_target_dag.py
[2023-12-09T14:15:26.492+0000] {processor.py:839} INFO - DAG(s) dict_keys(['example_trigger_target_dag']) retrieved from /home/airflow/.local/lib/python3.8/site-packages/airflow/example_dags/example_trigger_target_dag.py
[2023-12-09T14:15:26.505+0000] {logging_mixin.py:154} INFO - [2023-12-09T14:15:26.504+0000] {dag.py:2941} INFO - Sync 1 DAGs
[2023-12-09T14:15:26.511+0000] {logging_mixin.py:154} INFO - [2023-12-09T14:15:26.511+0000] {dag.py:3722} INFO - Setting next_dagrun for example_trigger_target_dag to None, run_after=None
[2023-12-09T14:15:26.521+0000] {processor.py:179} INFO - Processing /home/airflow/.local/lib/python3.8/site-packages/airflow/example_dags/example_trigger_target_dag.py took 0.036 seconds
[2023-12-09T14:15:57.534+0000] {processor.py:157} INFO - Started process (PID=3871) to work on /home/airflow/.local/lib/python3.8/site-packages/airflow/example_dags/example_trigger_target_dag.py
[2023-12-09T14:15:57.534+0000] {processor.py:829} INFO - Processing file /home/airflow/.local/lib/python3.8/site-packages/airflow/example_dags/example_trigger_target_dag.py for tasks to queue
[2023-12-09T14:15:57.535+0000] {logging_mixin.py:154} INFO - [2023-12-09T14:15:57.535+0000] {dagbag.py:536} INFO - Filling up the DagBag from /home/airflow/.local/lib/python3.8/site-packages/airflow/example_dags/example_trigger_target_dag.py
[2023-12-09T14:15:57.539+0000] {processor.py:839} INFO - DAG(s) dict_keys(['example_trigger_target_dag']) retrieved from /home/airflow/.local/lib/python3.8/site-packages/airflow/example_dags/example_trigger_target_dag.py
[2023-12-09T14:15:57.551+0000] {logging_mixin.py:154} INFO - [2023-12-09T14:15:57.551+0000] {dag.py:2941} INFO - Sync 1 DAGs
[2023-12-09T14:15:57.558+0000] {logging_mixin.py:154} INFO - [2023-12-09T14:15:57.558+0000] {dag.py:3722} INFO - Setting next_dagrun for example_trigger_target_dag to None, run_after=None
[2023-12-09T14:15:57.568+0000] {processor.py:179} INFO - Processing /home/airflow/.local/lib/python3.8/site-packages/airflow/example_dags/example_trigger_target_dag.py took 0.037 seconds
[2023-12-09T14:16:28.422+0000] {processor.py:157} INFO - Started process (PID=4109) to work on /home/airflow/.local/lib/python3.8/site-packages/airflow/example_dags/example_trigger_target_dag.py
[2023-12-09T14:16:28.423+0000] {processor.py:829} INFO - Processing file /home/airflow/.local/lib/python3.8/site-packages/airflow/example_dags/example_trigger_target_dag.py for tasks to queue
[2023-12-09T14:16:28.424+0000] {logging_mixin.py:154} INFO - [2023-12-09T14:16:28.423+0000] {dagbag.py:536} INFO - Filling up the DagBag from /home/airflow/.local/lib/python3.8/site-packages/airflow/example_dags/example_trigger_target_dag.py
[2023-12-09T14:16:28.428+0000] {processor.py:839} INFO - DAG(s) dict_keys(['example_trigger_target_dag']) retrieved from /home/airflow/.local/lib/python3.8/site-packages/airflow/example_dags/example_trigger_target_dag.py
[2023-12-09T14:16:28.440+0000] {logging_mixin.py:154} INFO - [2023-12-09T14:16:28.440+0000] {dag.py:2941} INFO - Sync 1 DAGs
[2023-12-09T14:16:28.447+0000] {logging_mixin.py:154} INFO - [2023-12-09T14:16:28.447+0000] {dag.py:3722} INFO - Setting next_dagrun for example_trigger_target_dag to None, run_after=None
[2023-12-09T14:16:28.457+0000] {processor.py:179} INFO - Processing /home/airflow/.local/lib/python3.8/site-packages/airflow/example_dags/example_trigger_target_dag.py took 0.036 seconds
[2023-12-09T14:16:59.101+0000] {processor.py:157} INFO - Started process (PID=4347) to work on /home/airflow/.local/lib/python3.8/site-packages/airflow/example_dags/example_trigger_target_dag.py
[2023-12-09T14:16:59.101+0000] {processor.py:829} INFO - Processing file /home/airflow/.local/lib/python3.8/site-packages/airflow/example_dags/example_trigger_target_dag.py for tasks to queue
[2023-12-09T14:16:59.102+0000] {logging_mixin.py:154} INFO - [2023-12-09T14:16:59.102+0000] {dagbag.py:536} INFO - Filling up the DagBag from /home/airflow/.local/lib/python3.8/site-packages/airflow/example_dags/example_trigger_target_dag.py
[2023-12-09T14:16:59.106+0000] {processor.py:839} INFO - DAG(s) dict_keys(['example_trigger_target_dag']) retrieved from /home/airflow/.local/lib/python3.8/site-packages/airflow/example_dags/example_trigger_target_dag.py
[2023-12-09T14:16:59.117+0000] {logging_mixin.py:154} INFO - [2023-12-09T14:16:59.117+0000] {dag.py:2941} INFO - Sync 1 DAGs
[2023-12-09T14:16:59.124+0000] {logging_mixin.py:154} INFO - [2023-12-09T14:16:59.124+0000] {dag.py:3722} INFO - Setting next_dagrun for example_trigger_target_dag to None, run_after=None
[2023-12-09T14:16:59.135+0000] {processor.py:179} INFO - Processing /home/airflow/.local/lib/python3.8/site-packages/airflow/example_dags/example_trigger_target_dag.py took 0.036 seconds
[2023-12-09T14:17:29.782+0000] {processor.py:157} INFO - Started process (PID=4585) to work on /home/airflow/.local/lib/python3.8/site-packages/airflow/example_dags/example_trigger_target_dag.py
[2023-12-09T14:17:29.783+0000] {processor.py:829} INFO - Processing file /home/airflow/.local/lib/python3.8/site-packages/airflow/example_dags/example_trigger_target_dag.py for tasks to queue
[2023-12-09T14:17:29.784+0000] {logging_mixin.py:154} INFO - [2023-12-09T14:17:29.784+0000] {dagbag.py:536} INFO - Filling up the DagBag from /home/airflow/.local/lib/python3.8/site-packages/airflow/example_dags/example_trigger_target_dag.py
[2023-12-09T14:17:29.788+0000] {processor.py:839} INFO - DAG(s) dict_keys(['example_trigger_target_dag']) retrieved from /home/airflow/.local/lib/python3.8/site-packages/airflow/example_dags/example_trigger_target_dag.py
[2023-12-09T14:17:29.799+0000] {logging_mixin.py:154} INFO - [2023-12-09T14:17:29.799+0000] {dag.py:2941} INFO - Sync 1 DAGs
[2023-12-09T14:17:29.805+0000] {logging_mixin.py:154} INFO - [2023-12-09T14:17:29.805+0000] {dag.py:3722} INFO - Setting next_dagrun for example_trigger_target_dag to None, run_after=None
[2023-12-09T14:17:29.813+0000] {processor.py:179} INFO - Processing /home/airflow/.local/lib/python3.8/site-packages/airflow/example_dags/example_trigger_target_dag.py took 0.033 seconds
[2023-12-09T14:18:00.646+0000] {processor.py:157} INFO - Started process (PID=4823) to work on /home/airflow/.local/lib/python3.8/site-packages/airflow/example_dags/example_trigger_target_dag.py
[2023-12-09T14:18:00.647+0000] {processor.py:829} INFO - Processing file /home/airflow/.local/lib/python3.8/site-packages/airflow/example_dags/example_trigger_target_dag.py for tasks to queue
[2023-12-09T14:18:00.648+0000] {logging_mixin.py:154} INFO - [2023-12-09T14:18:00.648+0000] {dagbag.py:536} INFO - Filling up the DagBag from /home/airflow/.local/lib/python3.8/site-packages/airflow/example_dags/example_trigger_target_dag.py
[2023-12-09T14:18:00.652+0000] {processor.py:839} INFO - DAG(s) dict_keys(['example_trigger_target_dag']) retrieved from /home/airflow/.local/lib/python3.8/site-packages/airflow/example_dags/example_trigger_target_dag.py
[2023-12-09T14:18:00.666+0000] {logging_mixin.py:154} INFO - [2023-12-09T14:18:00.666+0000] {dag.py:2941} INFO - Sync 1 DAGs
[2023-12-09T14:18:00.675+0000] {logging_mixin.py:154} INFO - [2023-12-09T14:18:00.674+0000] {dag.py:3722} INFO - Setting next_dagrun for example_trigger_target_dag to None, run_after=None
[2023-12-09T14:18:00.685+0000] {processor.py:179} INFO - Processing /home/airflow/.local/lib/python3.8/site-packages/airflow/example_dags/example_trigger_target_dag.py took 0.041 seconds
[2023-12-09T14:18:31.417+0000] {processor.py:157} INFO - Started process (PID=5061) to work on /home/airflow/.local/lib/python3.8/site-packages/airflow/example_dags/example_trigger_target_dag.py
[2023-12-09T14:18:31.418+0000] {processor.py:829} INFO - Processing file /home/airflow/.local/lib/python3.8/site-packages/airflow/example_dags/example_trigger_target_dag.py for tasks to queue
[2023-12-09T14:18:31.419+0000] {logging_mixin.py:154} INFO - [2023-12-09T14:18:31.419+0000] {dagbag.py:536} INFO - Filling up the DagBag from /home/airflow/.local/lib/python3.8/site-packages/airflow/example_dags/example_trigger_target_dag.py
[2023-12-09T14:18:31.423+0000] {processor.py:839} INFO - DAG(s) dict_keys(['example_trigger_target_dag']) retrieved from /home/airflow/.local/lib/python3.8/site-packages/airflow/example_dags/example_trigger_target_dag.py
[2023-12-09T14:18:31.435+0000] {logging_mixin.py:154} INFO - [2023-12-09T14:18:31.435+0000] {dag.py:2941} INFO - Sync 1 DAGs
[2023-12-09T14:18:31.442+0000] {logging_mixin.py:154} INFO - [2023-12-09T14:18:31.442+0000] {dag.py:3722} INFO - Setting next_dagrun for example_trigger_target_dag to None, run_after=None
[2023-12-09T14:18:31.450+0000] {processor.py:179} INFO - Processing /home/airflow/.local/lib/python3.8/site-packages/airflow/example_dags/example_trigger_target_dag.py took 0.035 seconds
[2023-12-09T14:19:02.098+0000] {processor.py:157} INFO - Started process (PID=5299) to work on /home/airflow/.local/lib/python3.8/site-packages/airflow/example_dags/example_trigger_target_dag.py
[2023-12-09T14:19:02.098+0000] {processor.py:829} INFO - Processing file /home/airflow/.local/lib/python3.8/site-packages/airflow/example_dags/example_trigger_target_dag.py for tasks to queue
[2023-12-09T14:19:02.099+0000] {logging_mixin.py:154} INFO - [2023-12-09T14:19:02.099+0000] {dagbag.py:536} INFO - Filling up the DagBag from /home/airflow/.local/lib/python3.8/site-packages/airflow/example_dags/example_trigger_target_dag.py
[2023-12-09T14:19:02.103+0000] {processor.py:839} INFO - DAG(s) dict_keys(['example_trigger_target_dag']) retrieved from /home/airflow/.local/lib/python3.8/site-packages/airflow/example_dags/example_trigger_target_dag.py
[2023-12-09T14:19:02.115+0000] {logging_mixin.py:154} INFO - [2023-12-09T14:19:02.115+0000] {dag.py:2941} INFO - Sync 1 DAGs
[2023-12-09T14:19:02.123+0000] {logging_mixin.py:154} INFO - [2023-12-09T14:19:02.122+0000] {dag.py:3722} INFO - Setting next_dagrun for example_trigger_target_dag to None, run_after=None
[2023-12-09T14:19:02.132+0000] {processor.py:179} INFO - Processing /home/airflow/.local/lib/python3.8/site-packages/airflow/example_dags/example_trigger_target_dag.py took 0.037 seconds
