[2023-12-09T14:08:18.495+0000] {processor.py:157} INFO - Started process (PID=346) to work on /home/airflow/.local/lib/python3.8/site-packages/airflow/example_dags/example_latest_only_with_trigger.py
[2023-12-09T14:08:18.496+0000] {processor.py:829} INFO - Processing file /home/airflow/.local/lib/python3.8/site-packages/airflow/example_dags/example_latest_only_with_trigger.py for tasks to queue
[2023-12-09T14:08:18.496+0000] {logging_mixin.py:154} INFO - [2023-12-09T14:08:18.496+0000] {dagbag.py:536} INFO - Filling up the DagBag from /home/airflow/.local/lib/python3.8/site-packages/airflow/example_dags/example_latest_only_with_trigger.py
[2023-12-09T14:08:18.502+0000] {processor.py:839} INFO - DAG(s) dict_keys(['latest_only_with_trigger']) retrieved from /home/airflow/.local/lib/python3.8/site-packages/airflow/example_dags/example_latest_only_with_trigger.py
[2023-12-09T14:08:18.510+0000] {logging_mixin.py:154} INFO - [2023-12-09T14:08:18.510+0000] {dag.py:2941} INFO - Sync 1 DAGs
[2023-12-09T14:08:18.524+0000] {logging_mixin.py:154} INFO - [2023-12-09T14:08:18.524+0000] {dag.py:3722} INFO - Setting next_dagrun for latest_only_with_trigger to 2023-12-09T10:08:18.524117+00:00, run_after=2023-12-09T14:08:18.524117+00:00
[2023-12-09T14:08:18.534+0000] {processor.py:179} INFO - Processing /home/airflow/.local/lib/python3.8/site-packages/airflow/example_dags/example_latest_only_with_trigger.py took 0.041 seconds
[2023-12-09T14:08:48.862+0000] {processor.py:157} INFO - Started process (PID=584) to work on /home/airflow/.local/lib/python3.8/site-packages/airflow/example_dags/example_latest_only_with_trigger.py
[2023-12-09T14:08:48.863+0000] {processor.py:829} INFO - Processing file /home/airflow/.local/lib/python3.8/site-packages/airflow/example_dags/example_latest_only_with_trigger.py for tasks to queue
[2023-12-09T14:08:48.864+0000] {logging_mixin.py:154} INFO - [2023-12-09T14:08:48.863+0000] {dagbag.py:536} INFO - Filling up the DagBag from /home/airflow/.local/lib/python3.8/site-packages/airflow/example_dags/example_latest_only_with_trigger.py
[2023-12-09T14:08:48.867+0000] {processor.py:839} INFO - DAG(s) dict_keys(['latest_only_with_trigger']) retrieved from /home/airflow/.local/lib/python3.8/site-packages/airflow/example_dags/example_latest_only_with_trigger.py
[2023-12-09T14:08:48.879+0000] {logging_mixin.py:154} INFO - [2023-12-09T14:08:48.879+0000] {dag.py:2941} INFO - Sync 1 DAGs
[2023-12-09T14:08:48.890+0000] {logging_mixin.py:154} INFO - [2023-12-09T14:08:48.890+0000] {dag.py:3722} INFO - Setting next_dagrun for latest_only_with_trigger to 2023-12-09T10:08:48.889987+00:00, run_after=2023-12-09T14:08:48.889987+00:00
[2023-12-09T14:08:48.898+0000] {processor.py:179} INFO - Processing /home/airflow/.local/lib/python3.8/site-packages/airflow/example_dags/example_latest_only_with_trigger.py took 0.038 seconds
[2023-12-09T14:09:19.787+0000] {processor.py:157} INFO - Started process (PID=822) to work on /home/airflow/.local/lib/python3.8/site-packages/airflow/example_dags/example_latest_only_with_trigger.py
[2023-12-09T14:09:19.787+0000] {processor.py:829} INFO - Processing file /home/airflow/.local/lib/python3.8/site-packages/airflow/example_dags/example_latest_only_with_trigger.py for tasks to queue
[2023-12-09T14:09:19.788+0000] {logging_mixin.py:154} INFO - [2023-12-09T14:09:19.788+0000] {dagbag.py:536} INFO - Filling up the DagBag from /home/airflow/.local/lib/python3.8/site-packages/airflow/example_dags/example_latest_only_with_trigger.py
[2023-12-09T14:09:19.793+0000] {processor.py:839} INFO - DAG(s) dict_keys(['latest_only_with_trigger']) retrieved from /home/airflow/.local/lib/python3.8/site-packages/airflow/example_dags/example_latest_only_with_trigger.py
[2023-12-09T14:09:19.807+0000] {logging_mixin.py:154} INFO - [2023-12-09T14:09:19.807+0000] {dag.py:2941} INFO - Sync 1 DAGs
[2023-12-09T14:09:19.820+0000] {logging_mixin.py:154} INFO - [2023-12-09T14:09:19.820+0000] {dag.py:3722} INFO - Setting next_dagrun for latest_only_with_trigger to 2023-12-09T10:09:19.820650+00:00, run_after=2023-12-09T14:09:19.820650+00:00
[2023-12-09T14:09:19.834+0000] {processor.py:179} INFO - Processing /home/airflow/.local/lib/python3.8/site-packages/airflow/example_dags/example_latest_only_with_trigger.py took 0.050 seconds
[2023-12-09T14:09:49.916+0000] {processor.py:157} INFO - Started process (PID=1060) to work on /home/airflow/.local/lib/python3.8/site-packages/airflow/example_dags/example_latest_only_with_trigger.py
[2023-12-09T14:09:49.917+0000] {processor.py:829} INFO - Processing file /home/airflow/.local/lib/python3.8/site-packages/airflow/example_dags/example_latest_only_with_trigger.py for tasks to queue
[2023-12-09T14:09:49.918+0000] {logging_mixin.py:154} INFO - [2023-12-09T14:09:49.918+0000] {dagbag.py:536} INFO - Filling up the DagBag from /home/airflow/.local/lib/python3.8/site-packages/airflow/example_dags/example_latest_only_with_trigger.py
[2023-12-09T14:09:49.922+0000] {processor.py:839} INFO - DAG(s) dict_keys(['latest_only_with_trigger']) retrieved from /home/airflow/.local/lib/python3.8/site-packages/airflow/example_dags/example_latest_only_with_trigger.py
[2023-12-09T14:09:49.935+0000] {logging_mixin.py:154} INFO - [2023-12-09T14:09:49.935+0000] {dag.py:2941} INFO - Sync 1 DAGs
[2023-12-09T14:09:49.948+0000] {logging_mixin.py:154} INFO - [2023-12-09T14:09:49.947+0000] {dag.py:3722} INFO - Setting next_dagrun for latest_only_with_trigger to 2023-12-09T10:09:49.947699+00:00, run_after=2023-12-09T14:09:49.947699+00:00
[2023-12-09T14:09:49.959+0000] {processor.py:179} INFO - Processing /home/airflow/.local/lib/python3.8/site-packages/airflow/example_dags/example_latest_only_with_trigger.py took 0.045 seconds
[2023-12-09T14:10:19.993+0000] {processor.py:157} INFO - Started process (PID=1298) to work on /home/airflow/.local/lib/python3.8/site-packages/airflow/example_dags/example_latest_only_with_trigger.py
[2023-12-09T14:10:19.993+0000] {processor.py:829} INFO - Processing file /home/airflow/.local/lib/python3.8/site-packages/airflow/example_dags/example_latest_only_with_trigger.py for tasks to queue
[2023-12-09T14:10:19.994+0000] {logging_mixin.py:154} INFO - [2023-12-09T14:10:19.994+0000] {dagbag.py:536} INFO - Filling up the DagBag from /home/airflow/.local/lib/python3.8/site-packages/airflow/example_dags/example_latest_only_with_trigger.py
[2023-12-09T14:10:19.998+0000] {processor.py:839} INFO - DAG(s) dict_keys(['latest_only_with_trigger']) retrieved from /home/airflow/.local/lib/python3.8/site-packages/airflow/example_dags/example_latest_only_with_trigger.py
[2023-12-09T14:10:20.010+0000] {logging_mixin.py:154} INFO - [2023-12-09T14:10:20.010+0000] {dag.py:2941} INFO - Sync 1 DAGs
[2023-12-09T14:10:20.021+0000] {logging_mixin.py:154} INFO - [2023-12-09T14:10:20.021+0000] {dag.py:3722} INFO - Setting next_dagrun for latest_only_with_trigger to 2023-12-09T10:10:20.021263+00:00, run_after=2023-12-09T14:10:20.021263+00:00
[2023-12-09T14:10:20.030+0000] {processor.py:179} INFO - Processing /home/airflow/.local/lib/python3.8/site-packages/airflow/example_dags/example_latest_only_with_trigger.py took 0.039 seconds
[2023-12-09T14:10:50.803+0000] {processor.py:157} INFO - Started process (PID=1536) to work on /home/airflow/.local/lib/python3.8/site-packages/airflow/example_dags/example_latest_only_with_trigger.py
[2023-12-09T14:10:50.804+0000] {processor.py:829} INFO - Processing file /home/airflow/.local/lib/python3.8/site-packages/airflow/example_dags/example_latest_only_with_trigger.py for tasks to queue
[2023-12-09T14:10:50.804+0000] {logging_mixin.py:154} INFO - [2023-12-09T14:10:50.804+0000] {dagbag.py:536} INFO - Filling up the DagBag from /home/airflow/.local/lib/python3.8/site-packages/airflow/example_dags/example_latest_only_with_trigger.py
[2023-12-09T14:10:50.809+0000] {processor.py:839} INFO - DAG(s) dict_keys(['latest_only_with_trigger']) retrieved from /home/airflow/.local/lib/python3.8/site-packages/airflow/example_dags/example_latest_only_with_trigger.py
[2023-12-09T14:10:50.820+0000] {logging_mixin.py:154} INFO - [2023-12-09T14:10:50.820+0000] {dag.py:2941} INFO - Sync 1 DAGs
[2023-12-09T14:10:50.831+0000] {logging_mixin.py:154} INFO - [2023-12-09T14:10:50.831+0000] {dag.py:3722} INFO - Setting next_dagrun for latest_only_with_trigger to 2023-12-09T10:10:50.831504+00:00, run_after=2023-12-09T14:10:50.831504+00:00
[2023-12-09T14:10:50.840+0000] {processor.py:179} INFO - Processing /home/airflow/.local/lib/python3.8/site-packages/airflow/example_dags/example_latest_only_with_trigger.py took 0.039 seconds
[2023-12-09T14:11:21.677+0000] {processor.py:157} INFO - Started process (PID=1774) to work on /home/airflow/.local/lib/python3.8/site-packages/airflow/example_dags/example_latest_only_with_trigger.py
[2023-12-09T14:11:21.678+0000] {processor.py:829} INFO - Processing file /home/airflow/.local/lib/python3.8/site-packages/airflow/example_dags/example_latest_only_with_trigger.py for tasks to queue
[2023-12-09T14:11:21.679+0000] {logging_mixin.py:154} INFO - [2023-12-09T14:11:21.679+0000] {dagbag.py:536} INFO - Filling up the DagBag from /home/airflow/.local/lib/python3.8/site-packages/airflow/example_dags/example_latest_only_with_trigger.py
[2023-12-09T14:11:21.683+0000] {processor.py:839} INFO - DAG(s) dict_keys(['latest_only_with_trigger']) retrieved from /home/airflow/.local/lib/python3.8/site-packages/airflow/example_dags/example_latest_only_with_trigger.py
[2023-12-09T14:11:21.695+0000] {logging_mixin.py:154} INFO - [2023-12-09T14:11:21.695+0000] {dag.py:2941} INFO - Sync 1 DAGs
[2023-12-09T14:11:21.705+0000] {logging_mixin.py:154} INFO - [2023-12-09T14:11:21.705+0000] {dag.py:3722} INFO - Setting next_dagrun for latest_only_with_trigger to 2023-12-09T10:11:21.705678+00:00, run_after=2023-12-09T14:11:21.705678+00:00
[2023-12-09T14:11:21.714+0000] {processor.py:179} INFO - Processing /home/airflow/.local/lib/python3.8/site-packages/airflow/example_dags/example_latest_only_with_trigger.py took 0.039 seconds
[2023-12-09T14:11:51.863+0000] {processor.py:157} INFO - Started process (PID=2014) to work on /home/airflow/.local/lib/python3.8/site-packages/airflow/example_dags/example_latest_only_with_trigger.py
[2023-12-09T14:11:51.864+0000] {processor.py:829} INFO - Processing file /home/airflow/.local/lib/python3.8/site-packages/airflow/example_dags/example_latest_only_with_trigger.py for tasks to queue
[2023-12-09T14:11:51.864+0000] {logging_mixin.py:154} INFO - [2023-12-09T14:11:51.864+0000] {dagbag.py:536} INFO - Filling up the DagBag from /home/airflow/.local/lib/python3.8/site-packages/airflow/example_dags/example_latest_only_with_trigger.py
[2023-12-09T14:11:51.869+0000] {processor.py:839} INFO - DAG(s) dict_keys(['latest_only_with_trigger']) retrieved from /home/airflow/.local/lib/python3.8/site-packages/airflow/example_dags/example_latest_only_with_trigger.py
[2023-12-09T14:11:51.883+0000] {logging_mixin.py:154} INFO - [2023-12-09T14:11:51.882+0000] {dag.py:2941} INFO - Sync 1 DAGs
[2023-12-09T14:11:51.894+0000] {logging_mixin.py:154} INFO - [2023-12-09T14:11:51.894+0000] {dag.py:3722} INFO - Setting next_dagrun for latest_only_with_trigger to 2023-12-09T10:11:51.894594+00:00, run_after=2023-12-09T14:11:51.894594+00:00
[2023-12-09T14:11:51.903+0000] {processor.py:179} INFO - Processing /home/airflow/.local/lib/python3.8/site-packages/airflow/example_dags/example_latest_only_with_trigger.py took 0.042 seconds
[2023-12-09T14:12:21.936+0000] {processor.py:157} INFO - Started process (PID=2252) to work on /home/airflow/.local/lib/python3.8/site-packages/airflow/example_dags/example_latest_only_with_trigger.py
[2023-12-09T14:12:21.937+0000] {processor.py:829} INFO - Processing file /home/airflow/.local/lib/python3.8/site-packages/airflow/example_dags/example_latest_only_with_trigger.py for tasks to queue
[2023-12-09T14:12:21.937+0000] {logging_mixin.py:154} INFO - [2023-12-09T14:12:21.937+0000] {dagbag.py:536} INFO - Filling up the DagBag from /home/airflow/.local/lib/python3.8/site-packages/airflow/example_dags/example_latest_only_with_trigger.py
[2023-12-09T14:12:21.941+0000] {processor.py:839} INFO - DAG(s) dict_keys(['latest_only_with_trigger']) retrieved from /home/airflow/.local/lib/python3.8/site-packages/airflow/example_dags/example_latest_only_with_trigger.py
[2023-12-09T14:12:21.954+0000] {logging_mixin.py:154} INFO - [2023-12-09T14:12:21.954+0000] {dag.py:2941} INFO - Sync 1 DAGs
[2023-12-09T14:12:21.965+0000] {logging_mixin.py:154} INFO - [2023-12-09T14:12:21.965+0000] {dag.py:3722} INFO - Setting next_dagrun for latest_only_with_trigger to 2023-12-09T10:12:21.964892+00:00, run_after=2023-12-09T14:12:21.964892+00:00
[2023-12-09T14:12:21.973+0000] {processor.py:179} INFO - Processing /home/airflow/.local/lib/python3.8/site-packages/airflow/example_dags/example_latest_only_with_trigger.py took 0.039 seconds
[2023-12-09T14:12:52.680+0000] {processor.py:157} INFO - Started process (PID=2488) to work on /home/airflow/.local/lib/python3.8/site-packages/airflow/example_dags/example_latest_only_with_trigger.py
[2023-12-09T14:12:52.680+0000] {processor.py:829} INFO - Processing file /home/airflow/.local/lib/python3.8/site-packages/airflow/example_dags/example_latest_only_with_trigger.py for tasks to queue
[2023-12-09T14:12:52.681+0000] {logging_mixin.py:154} INFO - [2023-12-09T14:12:52.681+0000] {dagbag.py:536} INFO - Filling up the DagBag from /home/airflow/.local/lib/python3.8/site-packages/airflow/example_dags/example_latest_only_with_trigger.py
[2023-12-09T14:12:52.685+0000] {processor.py:839} INFO - DAG(s) dict_keys(['latest_only_with_trigger']) retrieved from /home/airflow/.local/lib/python3.8/site-packages/airflow/example_dags/example_latest_only_with_trigger.py
[2023-12-09T14:12:52.697+0000] {logging_mixin.py:154} INFO - [2023-12-09T14:12:52.697+0000] {dag.py:2941} INFO - Sync 1 DAGs
[2023-12-09T14:12:52.710+0000] {logging_mixin.py:154} INFO - [2023-12-09T14:12:52.709+0000] {dag.py:3722} INFO - Setting next_dagrun for latest_only_with_trigger to 2023-12-09T10:12:52.709806+00:00, run_after=2023-12-09T14:12:52.709806+00:00
[2023-12-09T14:12:52.719+0000] {processor.py:179} INFO - Processing /home/airflow/.local/lib/python3.8/site-packages/airflow/example_dags/example_latest_only_with_trigger.py took 0.041 seconds
[2023-12-09T14:13:23.818+0000] {processor.py:157} INFO - Started process (PID=2726) to work on /home/airflow/.local/lib/python3.8/site-packages/airflow/example_dags/example_latest_only_with_trigger.py
[2023-12-09T14:13:23.819+0000] {processor.py:829} INFO - Processing file /home/airflow/.local/lib/python3.8/site-packages/airflow/example_dags/example_latest_only_with_trigger.py for tasks to queue
[2023-12-09T14:13:23.820+0000] {logging_mixin.py:154} INFO - [2023-12-09T14:13:23.819+0000] {dagbag.py:536} INFO - Filling up the DagBag from /home/airflow/.local/lib/python3.8/site-packages/airflow/example_dags/example_latest_only_with_trigger.py
[2023-12-09T14:13:23.824+0000] {processor.py:839} INFO - DAG(s) dict_keys(['latest_only_with_trigger']) retrieved from /home/airflow/.local/lib/python3.8/site-packages/airflow/example_dags/example_latest_only_with_trigger.py
[2023-12-09T14:13:23.836+0000] {logging_mixin.py:154} INFO - [2023-12-09T14:13:23.835+0000] {dag.py:2941} INFO - Sync 1 DAGs
[2023-12-09T14:13:23.846+0000] {logging_mixin.py:154} INFO - [2023-12-09T14:13:23.846+0000] {dag.py:3722} INFO - Setting next_dagrun for latest_only_with_trigger to 2023-12-09T10:13:23.846673+00:00, run_after=2023-12-09T14:13:23.846673+00:00
[2023-12-09T14:13:23.855+0000] {processor.py:179} INFO - Processing /home/airflow/.local/lib/python3.8/site-packages/airflow/example_dags/example_latest_only_with_trigger.py took 0.039 seconds
[2023-12-09T14:13:54.521+0000] {processor.py:157} INFO - Started process (PID=2964) to work on /home/airflow/.local/lib/python3.8/site-packages/airflow/example_dags/example_latest_only_with_trigger.py
[2023-12-09T14:13:54.523+0000] {processor.py:829} INFO - Processing file /home/airflow/.local/lib/python3.8/site-packages/airflow/example_dags/example_latest_only_with_trigger.py for tasks to queue
[2023-12-09T14:13:54.523+0000] {logging_mixin.py:154} INFO - [2023-12-09T14:13:54.523+0000] {dagbag.py:536} INFO - Filling up the DagBag from /home/airflow/.local/lib/python3.8/site-packages/airflow/example_dags/example_latest_only_with_trigger.py
[2023-12-09T14:13:54.528+0000] {processor.py:839} INFO - DAG(s) dict_keys(['latest_only_with_trigger']) retrieved from /home/airflow/.local/lib/python3.8/site-packages/airflow/example_dags/example_latest_only_with_trigger.py
[2023-12-09T14:13:54.541+0000] {logging_mixin.py:154} INFO - [2023-12-09T14:13:54.541+0000] {dag.py:2941} INFO - Sync 1 DAGs
[2023-12-09T14:13:54.562+0000] {logging_mixin.py:154} INFO - [2023-12-09T14:13:54.562+0000] {dag.py:3722} INFO - Setting next_dagrun for latest_only_with_trigger to 2023-12-09T10:13:54.561973+00:00, run_after=2023-12-09T14:13:54.561973+00:00
[2023-12-09T14:13:54.571+0000] {processor.py:179} INFO - Processing /home/airflow/.local/lib/python3.8/site-packages/airflow/example_dags/example_latest_only_with_trigger.py took 0.053 seconds
[2023-12-09T14:14:25.276+0000] {processor.py:157} INFO - Started process (PID=3202) to work on /home/airflow/.local/lib/python3.8/site-packages/airflow/example_dags/example_latest_only_with_trigger.py
[2023-12-09T14:14:25.277+0000] {processor.py:829} INFO - Processing file /home/airflow/.local/lib/python3.8/site-packages/airflow/example_dags/example_latest_only_with_trigger.py for tasks to queue
[2023-12-09T14:14:25.278+0000] {logging_mixin.py:154} INFO - [2023-12-09T14:14:25.277+0000] {dagbag.py:536} INFO - Filling up the DagBag from /home/airflow/.local/lib/python3.8/site-packages/airflow/example_dags/example_latest_only_with_trigger.py
[2023-12-09T14:14:25.282+0000] {processor.py:839} INFO - DAG(s) dict_keys(['latest_only_with_trigger']) retrieved from /home/airflow/.local/lib/python3.8/site-packages/airflow/example_dags/example_latest_only_with_trigger.py
[2023-12-09T14:14:25.294+0000] {logging_mixin.py:154} INFO - [2023-12-09T14:14:25.294+0000] {dag.py:2941} INFO - Sync 1 DAGs
[2023-12-09T14:14:25.305+0000] {logging_mixin.py:154} INFO - [2023-12-09T14:14:25.305+0000] {dag.py:3722} INFO - Setting next_dagrun for latest_only_with_trigger to 2023-12-09T10:14:25.305619+00:00, run_after=2023-12-09T14:14:25.305619+00:00
[2023-12-09T14:14:25.314+0000] {processor.py:179} INFO - Processing /home/airflow/.local/lib/python3.8/site-packages/airflow/example_dags/example_latest_only_with_trigger.py took 0.041 seconds
[2023-12-09T14:14:56.055+0000] {processor.py:157} INFO - Started process (PID=3440) to work on /home/airflow/.local/lib/python3.8/site-packages/airflow/example_dags/example_latest_only_with_trigger.py
[2023-12-09T14:14:56.056+0000] {processor.py:829} INFO - Processing file /home/airflow/.local/lib/python3.8/site-packages/airflow/example_dags/example_latest_only_with_trigger.py for tasks to queue
[2023-12-09T14:14:56.056+0000] {logging_mixin.py:154} INFO - [2023-12-09T14:14:56.056+0000] {dagbag.py:536} INFO - Filling up the DagBag from /home/airflow/.local/lib/python3.8/site-packages/airflow/example_dags/example_latest_only_with_trigger.py
[2023-12-09T14:14:56.061+0000] {processor.py:839} INFO - DAG(s) dict_keys(['latest_only_with_trigger']) retrieved from /home/airflow/.local/lib/python3.8/site-packages/airflow/example_dags/example_latest_only_with_trigger.py
[2023-12-09T14:14:56.072+0000] {logging_mixin.py:154} INFO - [2023-12-09T14:14:56.072+0000] {dag.py:2941} INFO - Sync 1 DAGs
[2023-12-09T14:14:56.083+0000] {logging_mixin.py:154} INFO - [2023-12-09T14:14:56.083+0000] {dag.py:3722} INFO - Setting next_dagrun for latest_only_with_trigger to 2023-12-09T10:14:56.083261+00:00, run_after=2023-12-09T14:14:56.083261+00:00
[2023-12-09T14:14:56.093+0000] {processor.py:179} INFO - Processing /home/airflow/.local/lib/python3.8/site-packages/airflow/example_dags/example_latest_only_with_trigger.py took 0.040 seconds
[2023-12-09T14:15:26.737+0000] {processor.py:157} INFO - Started process (PID=3678) to work on /home/airflow/.local/lib/python3.8/site-packages/airflow/example_dags/example_latest_only_with_trigger.py
[2023-12-09T14:15:26.738+0000] {processor.py:829} INFO - Processing file /home/airflow/.local/lib/python3.8/site-packages/airflow/example_dags/example_latest_only_with_trigger.py for tasks to queue
[2023-12-09T14:15:26.738+0000] {logging_mixin.py:154} INFO - [2023-12-09T14:15:26.738+0000] {dagbag.py:536} INFO - Filling up the DagBag from /home/airflow/.local/lib/python3.8/site-packages/airflow/example_dags/example_latest_only_with_trigger.py
[2023-12-09T14:15:26.743+0000] {processor.py:839} INFO - DAG(s) dict_keys(['latest_only_with_trigger']) retrieved from /home/airflow/.local/lib/python3.8/site-packages/airflow/example_dags/example_latest_only_with_trigger.py
[2023-12-09T14:15:26.755+0000] {logging_mixin.py:154} INFO - [2023-12-09T14:15:26.755+0000] {dag.py:2941} INFO - Sync 1 DAGs
[2023-12-09T14:15:26.766+0000] {logging_mixin.py:154} INFO - [2023-12-09T14:15:26.766+0000] {dag.py:3722} INFO - Setting next_dagrun for latest_only_with_trigger to 2023-12-09T10:15:26.766538+00:00, run_after=2023-12-09T14:15:26.766538+00:00
[2023-12-09T14:15:26.775+0000] {processor.py:179} INFO - Processing /home/airflow/.local/lib/python3.8/site-packages/airflow/example_dags/example_latest_only_with_trigger.py took 0.041 seconds
[2023-12-09T14:15:57.947+0000] {processor.py:157} INFO - Started process (PID=3918) to work on /home/airflow/.local/lib/python3.8/site-packages/airflow/example_dags/example_latest_only_with_trigger.py
[2023-12-09T14:15:57.948+0000] {processor.py:829} INFO - Processing file /home/airflow/.local/lib/python3.8/site-packages/airflow/example_dags/example_latest_only_with_trigger.py for tasks to queue
[2023-12-09T14:15:57.948+0000] {logging_mixin.py:154} INFO - [2023-12-09T14:15:57.948+0000] {dagbag.py:536} INFO - Filling up the DagBag from /home/airflow/.local/lib/python3.8/site-packages/airflow/example_dags/example_latest_only_with_trigger.py
[2023-12-09T14:15:57.953+0000] {processor.py:839} INFO - DAG(s) dict_keys(['latest_only_with_trigger']) retrieved from /home/airflow/.local/lib/python3.8/site-packages/airflow/example_dags/example_latest_only_with_trigger.py
[2023-12-09T14:15:57.969+0000] {logging_mixin.py:154} INFO - [2023-12-09T14:15:57.969+0000] {dag.py:2941} INFO - Sync 1 DAGs
[2023-12-09T14:15:57.982+0000] {logging_mixin.py:154} INFO - [2023-12-09T14:15:57.982+0000] {dag.py:3722} INFO - Setting next_dagrun for latest_only_with_trigger to 2023-12-09T10:15:57.982653+00:00, run_after=2023-12-09T14:15:57.982653+00:00
[2023-12-09T14:15:57.994+0000] {processor.py:179} INFO - Processing /home/airflow/.local/lib/python3.8/site-packages/airflow/example_dags/example_latest_only_with_trigger.py took 0.051 seconds
[2023-12-09T14:16:28.674+0000] {processor.py:157} INFO - Started process (PID=4154) to work on /home/airflow/.local/lib/python3.8/site-packages/airflow/example_dags/example_latest_only_with_trigger.py
[2023-12-09T14:16:28.674+0000] {processor.py:829} INFO - Processing file /home/airflow/.local/lib/python3.8/site-packages/airflow/example_dags/example_latest_only_with_trigger.py for tasks to queue
[2023-12-09T14:16:28.675+0000] {logging_mixin.py:154} INFO - [2023-12-09T14:16:28.675+0000] {dagbag.py:536} INFO - Filling up the DagBag from /home/airflow/.local/lib/python3.8/site-packages/airflow/example_dags/example_latest_only_with_trigger.py
[2023-12-09T14:16:28.680+0000] {processor.py:839} INFO - DAG(s) dict_keys(['latest_only_with_trigger']) retrieved from /home/airflow/.local/lib/python3.8/site-packages/airflow/example_dags/example_latest_only_with_trigger.py
[2023-12-09T14:16:28.694+0000] {logging_mixin.py:154} INFO - [2023-12-09T14:16:28.694+0000] {dag.py:2941} INFO - Sync 1 DAGs
[2023-12-09T14:16:28.706+0000] {logging_mixin.py:154} INFO - [2023-12-09T14:16:28.706+0000] {dag.py:3722} INFO - Setting next_dagrun for latest_only_with_trigger to 2023-12-09T10:16:28.705975+00:00, run_after=2023-12-09T14:16:28.705975+00:00
[2023-12-09T14:16:28.716+0000] {processor.py:179} INFO - Processing /home/airflow/.local/lib/python3.8/site-packages/airflow/example_dags/example_latest_only_with_trigger.py took 0.045 seconds
[2023-12-09T14:16:59.422+0000] {processor.py:157} INFO - Started process (PID=4392) to work on /home/airflow/.local/lib/python3.8/site-packages/airflow/example_dags/example_latest_only_with_trigger.py
[2023-12-09T14:16:59.423+0000] {processor.py:829} INFO - Processing file /home/airflow/.local/lib/python3.8/site-packages/airflow/example_dags/example_latest_only_with_trigger.py for tasks to queue
[2023-12-09T14:16:59.423+0000] {logging_mixin.py:154} INFO - [2023-12-09T14:16:59.423+0000] {dagbag.py:536} INFO - Filling up the DagBag from /home/airflow/.local/lib/python3.8/site-packages/airflow/example_dags/example_latest_only_with_trigger.py
[2023-12-09T14:16:59.427+0000] {processor.py:839} INFO - DAG(s) dict_keys(['latest_only_with_trigger']) retrieved from /home/airflow/.local/lib/python3.8/site-packages/airflow/example_dags/example_latest_only_with_trigger.py
[2023-12-09T14:16:59.440+0000] {logging_mixin.py:154} INFO - [2023-12-09T14:16:59.440+0000] {dag.py:2941} INFO - Sync 1 DAGs
[2023-12-09T14:16:59.452+0000] {logging_mixin.py:154} INFO - [2023-12-09T14:16:59.452+0000] {dag.py:3722} INFO - Setting next_dagrun for latest_only_with_trigger to 2023-12-09T10:16:59.452451+00:00, run_after=2023-12-09T14:16:59.452451+00:00
[2023-12-09T14:16:59.461+0000] {processor.py:179} INFO - Processing /home/airflow/.local/lib/python3.8/site-packages/airflow/example_dags/example_latest_only_with_trigger.py took 0.042 seconds
[2023-12-09T14:17:30.085+0000] {processor.py:157} INFO - Started process (PID=4630) to work on /home/airflow/.local/lib/python3.8/site-packages/airflow/example_dags/example_latest_only_with_trigger.py
[2023-12-09T14:17:30.086+0000] {processor.py:829} INFO - Processing file /home/airflow/.local/lib/python3.8/site-packages/airflow/example_dags/example_latest_only_with_trigger.py for tasks to queue
[2023-12-09T14:17:30.087+0000] {logging_mixin.py:154} INFO - [2023-12-09T14:17:30.086+0000] {dagbag.py:536} INFO - Filling up the DagBag from /home/airflow/.local/lib/python3.8/site-packages/airflow/example_dags/example_latest_only_with_trigger.py
[2023-12-09T14:17:30.091+0000] {processor.py:839} INFO - DAG(s) dict_keys(['latest_only_with_trigger']) retrieved from /home/airflow/.local/lib/python3.8/site-packages/airflow/example_dags/example_latest_only_with_trigger.py
[2023-12-09T14:17:30.103+0000] {logging_mixin.py:154} INFO - [2023-12-09T14:17:30.103+0000] {dag.py:2941} INFO - Sync 1 DAGs
[2023-12-09T14:17:30.116+0000] {logging_mixin.py:154} INFO - [2023-12-09T14:17:30.116+0000] {dag.py:3722} INFO - Setting next_dagrun for latest_only_with_trigger to 2023-12-09T10:17:30.116202+00:00, run_after=2023-12-09T14:17:30.116202+00:00
[2023-12-09T14:17:30.126+0000] {processor.py:179} INFO - Processing /home/airflow/.local/lib/python3.8/site-packages/airflow/example_dags/example_latest_only_with_trigger.py took 0.043 seconds
[2023-12-09T14:18:00.908+0000] {processor.py:157} INFO - Started process (PID=4868) to work on /home/airflow/.local/lib/python3.8/site-packages/airflow/example_dags/example_latest_only_with_trigger.py
[2023-12-09T14:18:00.909+0000] {processor.py:829} INFO - Processing file /home/airflow/.local/lib/python3.8/site-packages/airflow/example_dags/example_latest_only_with_trigger.py for tasks to queue
[2023-12-09T14:18:00.910+0000] {logging_mixin.py:154} INFO - [2023-12-09T14:18:00.909+0000] {dagbag.py:536} INFO - Filling up the DagBag from /home/airflow/.local/lib/python3.8/site-packages/airflow/example_dags/example_latest_only_with_trigger.py
[2023-12-09T14:18:00.914+0000] {processor.py:839} INFO - DAG(s) dict_keys(['latest_only_with_trigger']) retrieved from /home/airflow/.local/lib/python3.8/site-packages/airflow/example_dags/example_latest_only_with_trigger.py
[2023-12-09T14:18:00.927+0000] {logging_mixin.py:154} INFO - [2023-12-09T14:18:00.927+0000] {dag.py:2941} INFO - Sync 1 DAGs
[2023-12-09T14:18:00.939+0000] {logging_mixin.py:154} INFO - [2023-12-09T14:18:00.938+0000] {dag.py:3722} INFO - Setting next_dagrun for latest_only_with_trigger to 2023-12-09T10:18:00.938663+00:00, run_after=2023-12-09T14:18:00.938663+00:00
[2023-12-09T14:18:00.948+0000] {processor.py:179} INFO - Processing /home/airflow/.local/lib/python3.8/site-packages/airflow/example_dags/example_latest_only_with_trigger.py took 0.042 seconds
[2023-12-09T14:18:31.656+0000] {processor.py:157} INFO - Started process (PID=5106) to work on /home/airflow/.local/lib/python3.8/site-packages/airflow/example_dags/example_latest_only_with_trigger.py
[2023-12-09T14:18:31.656+0000] {processor.py:829} INFO - Processing file /home/airflow/.local/lib/python3.8/site-packages/airflow/example_dags/example_latest_only_with_trigger.py for tasks to queue
[2023-12-09T14:18:31.657+0000] {logging_mixin.py:154} INFO - [2023-12-09T14:18:31.657+0000] {dagbag.py:536} INFO - Filling up the DagBag from /home/airflow/.local/lib/python3.8/site-packages/airflow/example_dags/example_latest_only_with_trigger.py
[2023-12-09T14:18:31.661+0000] {processor.py:839} INFO - DAG(s) dict_keys(['latest_only_with_trigger']) retrieved from /home/airflow/.local/lib/python3.8/site-packages/airflow/example_dags/example_latest_only_with_trigger.py
[2023-12-09T14:18:31.673+0000] {logging_mixin.py:154} INFO - [2023-12-09T14:18:31.673+0000] {dag.py:2941} INFO - Sync 1 DAGs
[2023-12-09T14:18:31.683+0000] {logging_mixin.py:154} INFO - [2023-12-09T14:18:31.683+0000] {dag.py:3722} INFO - Setting next_dagrun for latest_only_with_trigger to 2023-12-09T10:18:31.683685+00:00, run_after=2023-12-09T14:18:31.683685+00:00
[2023-12-09T14:18:31.692+0000] {processor.py:179} INFO - Processing /home/airflow/.local/lib/python3.8/site-packages/airflow/example_dags/example_latest_only_with_trigger.py took 0.039 seconds
[2023-12-09T14:19:02.338+0000] {processor.py:157} INFO - Started process (PID=5344) to work on /home/airflow/.local/lib/python3.8/site-packages/airflow/example_dags/example_latest_only_with_trigger.py
[2023-12-09T14:19:02.339+0000] {processor.py:829} INFO - Processing file /home/airflow/.local/lib/python3.8/site-packages/airflow/example_dags/example_latest_only_with_trigger.py for tasks to queue
[2023-12-09T14:19:02.340+0000] {logging_mixin.py:154} INFO - [2023-12-09T14:19:02.340+0000] {dagbag.py:536} INFO - Filling up the DagBag from /home/airflow/.local/lib/python3.8/site-packages/airflow/example_dags/example_latest_only_with_trigger.py
[2023-12-09T14:19:02.344+0000] {processor.py:839} INFO - DAG(s) dict_keys(['latest_only_with_trigger']) retrieved from /home/airflow/.local/lib/python3.8/site-packages/airflow/example_dags/example_latest_only_with_trigger.py
[2023-12-09T14:19:02.356+0000] {logging_mixin.py:154} INFO - [2023-12-09T14:19:02.356+0000] {dag.py:2941} INFO - Sync 1 DAGs
[2023-12-09T14:19:02.367+0000] {logging_mixin.py:154} INFO - [2023-12-09T14:19:02.367+0000] {dag.py:3722} INFO - Setting next_dagrun for latest_only_with_trigger to 2023-12-09T10:19:02.367370+00:00, run_after=2023-12-09T14:19:02.367370+00:00
[2023-12-09T14:19:02.376+0000] {processor.py:179} INFO - Processing /home/airflow/.local/lib/python3.8/site-packages/airflow/example_dags/example_latest_only_with_trigger.py took 0.040 seconds
