[2023-12-09T14:08:17.543+0000] {processor.py:157} INFO - Started process (PID=216) to work on /home/airflow/.local/lib/python3.8/site-packages/airflow/example_dags/example_latest_only.py
[2023-12-09T14:08:17.544+0000] {processor.py:829} INFO - Processing file /home/airflow/.local/lib/python3.8/site-packages/airflow/example_dags/example_latest_only.py for tasks to queue
[2023-12-09T14:08:17.544+0000] {logging_mixin.py:154} INFO - [2023-12-09T14:08:17.544+0000] {dagbag.py:536} INFO - Filling up the DagBag from /home/airflow/.local/lib/python3.8/site-packages/airflow/example_dags/example_latest_only.py
[2023-12-09T14:08:17.550+0000] {processor.py:839} INFO - DAG(s) dict_keys(['latest_only']) retrieved from /home/airflow/.local/lib/python3.8/site-packages/airflow/example_dags/example_latest_only.py
[2023-12-09T14:08:17.558+0000] {logging_mixin.py:154} INFO - [2023-12-09T14:08:17.557+0000] {dag.py:2941} INFO - Sync 1 DAGs
[2023-12-09T14:08:17.573+0000] {logging_mixin.py:154} INFO - [2023-12-09T14:08:17.573+0000] {dag.py:3722} INFO - Setting next_dagrun for latest_only to 2023-12-09T10:08:17.573601+00:00, run_after=2023-12-09T14:08:17.573601+00:00
[2023-12-09T14:08:17.584+0000] {processor.py:179} INFO - Processing /home/airflow/.local/lib/python3.8/site-packages/airflow/example_dags/example_latest_only.py took 0.044 seconds
[2023-12-09T14:08:48.039+0000] {processor.py:157} INFO - Started process (PID=454) to work on /home/airflow/.local/lib/python3.8/site-packages/airflow/example_dags/example_latest_only.py
[2023-12-09T14:08:48.039+0000] {processor.py:829} INFO - Processing file /home/airflow/.local/lib/python3.8/site-packages/airflow/example_dags/example_latest_only.py for tasks to queue
[2023-12-09T14:08:48.040+0000] {logging_mixin.py:154} INFO - [2023-12-09T14:08:48.040+0000] {dagbag.py:536} INFO - Filling up the DagBag from /home/airflow/.local/lib/python3.8/site-packages/airflow/example_dags/example_latest_only.py
[2023-12-09T14:08:48.043+0000] {processor.py:839} INFO - DAG(s) dict_keys(['latest_only']) retrieved from /home/airflow/.local/lib/python3.8/site-packages/airflow/example_dags/example_latest_only.py
[2023-12-09T14:08:48.054+0000] {logging_mixin.py:154} INFO - [2023-12-09T14:08:48.053+0000] {dag.py:2941} INFO - Sync 1 DAGs
[2023-12-09T14:08:48.064+0000] {logging_mixin.py:154} INFO - [2023-12-09T14:08:48.064+0000] {dag.py:3722} INFO - Setting next_dagrun for latest_only to 2023-12-09T10:08:48.064582+00:00, run_after=2023-12-09T14:08:48.064582+00:00
[2023-12-09T14:08:48.073+0000] {processor.py:179} INFO - Processing /home/airflow/.local/lib/python3.8/site-packages/airflow/example_dags/example_latest_only.py took 0.036 seconds
[2023-12-09T14:09:18.810+0000] {processor.py:157} INFO - Started process (PID=694) to work on /home/airflow/.local/lib/python3.8/site-packages/airflow/example_dags/example_latest_only.py
[2023-12-09T14:09:18.811+0000] {processor.py:829} INFO - Processing file /home/airflow/.local/lib/python3.8/site-packages/airflow/example_dags/example_latest_only.py for tasks to queue
[2023-12-09T14:09:18.811+0000] {logging_mixin.py:154} INFO - [2023-12-09T14:09:18.811+0000] {dagbag.py:536} INFO - Filling up the DagBag from /home/airflow/.local/lib/python3.8/site-packages/airflow/example_dags/example_latest_only.py
[2023-12-09T14:09:18.815+0000] {processor.py:839} INFO - DAG(s) dict_keys(['latest_only']) retrieved from /home/airflow/.local/lib/python3.8/site-packages/airflow/example_dags/example_latest_only.py
[2023-12-09T14:09:18.827+0000] {logging_mixin.py:154} INFO - [2023-12-09T14:09:18.827+0000] {dag.py:2941} INFO - Sync 1 DAGs
[2023-12-09T14:09:18.837+0000] {logging_mixin.py:154} INFO - [2023-12-09T14:09:18.837+0000] {dag.py:3722} INFO - Setting next_dagrun for latest_only to 2023-12-09T10:09:18.837441+00:00, run_after=2023-12-09T14:09:18.837441+00:00
[2023-12-09T14:09:18.847+0000] {processor.py:179} INFO - Processing /home/airflow/.local/lib/python3.8/site-packages/airflow/example_dags/example_latest_only.py took 0.039 seconds
[2023-12-09T14:09:48.973+0000] {processor.py:157} INFO - Started process (PID=932) to work on /home/airflow/.local/lib/python3.8/site-packages/airflow/example_dags/example_latest_only.py
[2023-12-09T14:09:48.974+0000] {processor.py:829} INFO - Processing file /home/airflow/.local/lib/python3.8/site-packages/airflow/example_dags/example_latest_only.py for tasks to queue
[2023-12-09T14:09:48.975+0000] {logging_mixin.py:154} INFO - [2023-12-09T14:09:48.974+0000] {dagbag.py:536} INFO - Filling up the DagBag from /home/airflow/.local/lib/python3.8/site-packages/airflow/example_dags/example_latest_only.py
[2023-12-09T14:09:48.979+0000] {processor.py:839} INFO - DAG(s) dict_keys(['latest_only']) retrieved from /home/airflow/.local/lib/python3.8/site-packages/airflow/example_dags/example_latest_only.py
[2023-12-09T14:09:48.991+0000] {logging_mixin.py:154} INFO - [2023-12-09T14:09:48.991+0000] {dag.py:2941} INFO - Sync 1 DAGs
[2023-12-09T14:09:49.003+0000] {logging_mixin.py:154} INFO - [2023-12-09T14:09:49.003+0000] {dag.py:3722} INFO - Setting next_dagrun for latest_only to 2023-12-09T10:09:49.003660+00:00, run_after=2023-12-09T14:09:49.003660+00:00
[2023-12-09T14:09:49.012+0000] {processor.py:179} INFO - Processing /home/airflow/.local/lib/python3.8/site-packages/airflow/example_dags/example_latest_only.py took 0.041 seconds
[2023-12-09T14:10:19.044+0000] {processor.py:157} INFO - Started process (PID=1170) to work on /home/airflow/.local/lib/python3.8/site-packages/airflow/example_dags/example_latest_only.py
[2023-12-09T14:10:19.044+0000] {processor.py:829} INFO - Processing file /home/airflow/.local/lib/python3.8/site-packages/airflow/example_dags/example_latest_only.py for tasks to queue
[2023-12-09T14:10:19.045+0000] {logging_mixin.py:154} INFO - [2023-12-09T14:10:19.045+0000] {dagbag.py:536} INFO - Filling up the DagBag from /home/airflow/.local/lib/python3.8/site-packages/airflow/example_dags/example_latest_only.py
[2023-12-09T14:10:19.049+0000] {processor.py:839} INFO - DAG(s) dict_keys(['latest_only']) retrieved from /home/airflow/.local/lib/python3.8/site-packages/airflow/example_dags/example_latest_only.py
[2023-12-09T14:10:19.060+0000] {logging_mixin.py:154} INFO - [2023-12-09T14:10:19.059+0000] {dag.py:2941} INFO - Sync 1 DAGs
[2023-12-09T14:10:19.071+0000] {logging_mixin.py:154} INFO - [2023-12-09T14:10:19.071+0000] {dag.py:3722} INFO - Setting next_dagrun for latest_only to 2023-12-09T10:10:19.071319+00:00, run_after=2023-12-09T14:10:19.071319+00:00
[2023-12-09T14:10:19.080+0000] {processor.py:179} INFO - Processing /home/airflow/.local/lib/python3.8/site-packages/airflow/example_dags/example_latest_only.py took 0.038 seconds
[2023-12-09T14:10:49.914+0000] {processor.py:157} INFO - Started process (PID=1408) to work on /home/airflow/.local/lib/python3.8/site-packages/airflow/example_dags/example_latest_only.py
[2023-12-09T14:10:49.914+0000] {processor.py:829} INFO - Processing file /home/airflow/.local/lib/python3.8/site-packages/airflow/example_dags/example_latest_only.py for tasks to queue
[2023-12-09T14:10:49.915+0000] {logging_mixin.py:154} INFO - [2023-12-09T14:10:49.915+0000] {dagbag.py:536} INFO - Filling up the DagBag from /home/airflow/.local/lib/python3.8/site-packages/airflow/example_dags/example_latest_only.py
[2023-12-09T14:10:49.919+0000] {processor.py:839} INFO - DAG(s) dict_keys(['latest_only']) retrieved from /home/airflow/.local/lib/python3.8/site-packages/airflow/example_dags/example_latest_only.py
[2023-12-09T14:10:49.930+0000] {logging_mixin.py:154} INFO - [2023-12-09T14:10:49.930+0000] {dag.py:2941} INFO - Sync 1 DAGs
[2023-12-09T14:10:49.942+0000] {logging_mixin.py:154} INFO - [2023-12-09T14:10:49.942+0000] {dag.py:3722} INFO - Setting next_dagrun for latest_only to 2023-12-09T10:10:49.941945+00:00, run_after=2023-12-09T14:10:49.941945+00:00
[2023-12-09T14:10:49.951+0000] {processor.py:179} INFO - Processing /home/airflow/.local/lib/python3.8/site-packages/airflow/example_dags/example_latest_only.py took 0.039 seconds
[2023-12-09T14:11:20.799+0000] {processor.py:157} INFO - Started process (PID=1645) to work on /home/airflow/.local/lib/python3.8/site-packages/airflow/example_dags/example_latest_only.py
[2023-12-09T14:11:20.800+0000] {processor.py:829} INFO - Processing file /home/airflow/.local/lib/python3.8/site-packages/airflow/example_dags/example_latest_only.py for tasks to queue
[2023-12-09T14:11:20.800+0000] {logging_mixin.py:154} INFO - [2023-12-09T14:11:20.800+0000] {dagbag.py:536} INFO - Filling up the DagBag from /home/airflow/.local/lib/python3.8/site-packages/airflow/example_dags/example_latest_only.py
[2023-12-09T14:11:20.804+0000] {processor.py:839} INFO - DAG(s) dict_keys(['latest_only']) retrieved from /home/airflow/.local/lib/python3.8/site-packages/airflow/example_dags/example_latest_only.py
[2023-12-09T14:11:20.818+0000] {logging_mixin.py:154} INFO - [2023-12-09T14:11:20.818+0000] {dag.py:2941} INFO - Sync 1 DAGs
[2023-12-09T14:11:20.831+0000] {logging_mixin.py:154} INFO - [2023-12-09T14:11:20.831+0000] {dag.py:3722} INFO - Setting next_dagrun for latest_only to 2023-12-09T10:11:20.831055+00:00, run_after=2023-12-09T14:11:20.831055+00:00
[2023-12-09T14:11:20.841+0000] {processor.py:179} INFO - Processing /home/airflow/.local/lib/python3.8/site-packages/airflow/example_dags/example_latest_only.py took 0.044 seconds
[2023-12-09T14:11:50.912+0000] {processor.py:157} INFO - Started process (PID=1882) to work on /home/airflow/.local/lib/python3.8/site-packages/airflow/example_dags/example_latest_only.py
[2023-12-09T14:11:50.912+0000] {processor.py:829} INFO - Processing file /home/airflow/.local/lib/python3.8/site-packages/airflow/example_dags/example_latest_only.py for tasks to queue
[2023-12-09T14:11:50.913+0000] {logging_mixin.py:154} INFO - [2023-12-09T14:11:50.913+0000] {dagbag.py:536} INFO - Filling up the DagBag from /home/airflow/.local/lib/python3.8/site-packages/airflow/example_dags/example_latest_only.py
[2023-12-09T14:11:50.917+0000] {processor.py:839} INFO - DAG(s) dict_keys(['latest_only']) retrieved from /home/airflow/.local/lib/python3.8/site-packages/airflow/example_dags/example_latest_only.py
[2023-12-09T14:11:50.930+0000] {logging_mixin.py:154} INFO - [2023-12-09T14:11:50.930+0000] {dag.py:2941} INFO - Sync 1 DAGs
[2023-12-09T14:11:50.942+0000] {logging_mixin.py:154} INFO - [2023-12-09T14:11:50.942+0000] {dag.py:3722} INFO - Setting next_dagrun for latest_only to 2023-12-09T10:11:50.941999+00:00, run_after=2023-12-09T14:11:50.941999+00:00
[2023-12-09T14:11:50.951+0000] {processor.py:179} INFO - Processing /home/airflow/.local/lib/python3.8/site-packages/airflow/example_dags/example_latest_only.py took 0.042 seconds
[2023-12-09T14:12:21.090+0000] {processor.py:157} INFO - Started process (PID=2120) to work on /home/airflow/.local/lib/python3.8/site-packages/airflow/example_dags/example_latest_only.py
[2023-12-09T14:12:21.091+0000] {processor.py:829} INFO - Processing file /home/airflow/.local/lib/python3.8/site-packages/airflow/example_dags/example_latest_only.py for tasks to queue
[2023-12-09T14:12:21.091+0000] {logging_mixin.py:154} INFO - [2023-12-09T14:12:21.091+0000] {dagbag.py:536} INFO - Filling up the DagBag from /home/airflow/.local/lib/python3.8/site-packages/airflow/example_dags/example_latest_only.py
[2023-12-09T14:12:21.095+0000] {processor.py:839} INFO - DAG(s) dict_keys(['latest_only']) retrieved from /home/airflow/.local/lib/python3.8/site-packages/airflow/example_dags/example_latest_only.py
[2023-12-09T14:12:21.107+0000] {logging_mixin.py:154} INFO - [2023-12-09T14:12:21.107+0000] {dag.py:2941} INFO - Sync 1 DAGs
[2023-12-09T14:12:21.119+0000] {logging_mixin.py:154} INFO - [2023-12-09T14:12:21.119+0000] {dag.py:3722} INFO - Setting next_dagrun for latest_only to 2023-12-09T10:12:21.119488+00:00, run_after=2023-12-09T14:12:21.119488+00:00
[2023-12-09T14:12:21.129+0000] {processor.py:179} INFO - Processing /home/airflow/.local/lib/python3.8/site-packages/airflow/example_dags/example_latest_only.py took 0.041 seconds
[2023-12-09T14:12:51.784+0000] {processor.py:157} INFO - Started process (PID=2360) to work on /home/airflow/.local/lib/python3.8/site-packages/airflow/example_dags/example_latest_only.py
[2023-12-09T14:12:51.787+0000] {processor.py:829} INFO - Processing file /home/airflow/.local/lib/python3.8/site-packages/airflow/example_dags/example_latest_only.py for tasks to queue
[2023-12-09T14:12:51.789+0000] {logging_mixin.py:154} INFO - [2023-12-09T14:12:51.788+0000] {dagbag.py:536} INFO - Filling up the DagBag from /home/airflow/.local/lib/python3.8/site-packages/airflow/example_dags/example_latest_only.py
[2023-12-09T14:12:51.802+0000] {processor.py:839} INFO - DAG(s) dict_keys(['latest_only']) retrieved from /home/airflow/.local/lib/python3.8/site-packages/airflow/example_dags/example_latest_only.py
[2023-12-09T14:12:51.814+0000] {logging_mixin.py:154} INFO - [2023-12-09T14:12:51.814+0000] {dag.py:2941} INFO - Sync 1 DAGs
[2023-12-09T14:12:51.826+0000] {logging_mixin.py:154} INFO - [2023-12-09T14:12:51.826+0000] {dag.py:3722} INFO - Setting next_dagrun for latest_only to 2023-12-09T10:12:51.826522+00:00, run_after=2023-12-09T14:12:51.826522+00:00
[2023-12-09T14:12:51.836+0000] {processor.py:179} INFO - Processing /home/airflow/.local/lib/python3.8/site-packages/airflow/example_dags/example_latest_only.py took 0.055 seconds
[2023-12-09T14:13:21.849+0000] {processor.py:157} INFO - Started process (PID=2598) to work on /home/airflow/.local/lib/python3.8/site-packages/airflow/example_dags/example_latest_only.py
[2023-12-09T14:13:21.850+0000] {processor.py:829} INFO - Processing file /home/airflow/.local/lib/python3.8/site-packages/airflow/example_dags/example_latest_only.py for tasks to queue
[2023-12-09T14:13:21.850+0000] {logging_mixin.py:154} INFO - [2023-12-09T14:13:21.850+0000] {dagbag.py:536} INFO - Filling up the DagBag from /home/airflow/.local/lib/python3.8/site-packages/airflow/example_dags/example_latest_only.py
[2023-12-09T14:13:21.854+0000] {processor.py:839} INFO - DAG(s) dict_keys(['latest_only']) retrieved from /home/airflow/.local/lib/python3.8/site-packages/airflow/example_dags/example_latest_only.py
[2023-12-09T14:13:21.864+0000] {logging_mixin.py:154} INFO - [2023-12-09T14:13:21.864+0000] {dag.py:2941} INFO - Sync 1 DAGs
[2023-12-09T14:13:21.874+0000] {logging_mixin.py:154} INFO - [2023-12-09T14:13:21.874+0000] {dag.py:3722} INFO - Setting next_dagrun for latest_only to 2023-12-09T10:13:21.874646+00:00, run_after=2023-12-09T14:13:21.874646+00:00
[2023-12-09T14:13:21.882+0000] {processor.py:179} INFO - Processing /home/airflow/.local/lib/python3.8/site-packages/airflow/example_dags/example_latest_only.py took 0.035 seconds
[2023-12-09T14:13:52.666+0000] {processor.py:157} INFO - Started process (PID=2836) to work on /home/airflow/.local/lib/python3.8/site-packages/airflow/example_dags/example_latest_only.py
[2023-12-09T14:13:52.667+0000] {processor.py:829} INFO - Processing file /home/airflow/.local/lib/python3.8/site-packages/airflow/example_dags/example_latest_only.py for tasks to queue
[2023-12-09T14:13:52.667+0000] {logging_mixin.py:154} INFO - [2023-12-09T14:13:52.667+0000] {dagbag.py:536} INFO - Filling up the DagBag from /home/airflow/.local/lib/python3.8/site-packages/airflow/example_dags/example_latest_only.py
[2023-12-09T14:13:52.671+0000] {processor.py:839} INFO - DAG(s) dict_keys(['latest_only']) retrieved from /home/airflow/.local/lib/python3.8/site-packages/airflow/example_dags/example_latest_only.py
[2023-12-09T14:13:52.681+0000] {logging_mixin.py:154} INFO - [2023-12-09T14:13:52.681+0000] {dag.py:2941} INFO - Sync 1 DAGs
[2023-12-09T14:13:52.691+0000] {logging_mixin.py:154} INFO - [2023-12-09T14:13:52.691+0000] {dag.py:3722} INFO - Setting next_dagrun for latest_only to 2023-12-09T10:13:52.691442+00:00, run_after=2023-12-09T14:13:52.691442+00:00
[2023-12-09T14:13:52.699+0000] {processor.py:179} INFO - Processing /home/airflow/.local/lib/python3.8/site-packages/airflow/example_dags/example_latest_only.py took 0.035 seconds
[2023-12-09T14:14:23.400+0000] {processor.py:157} INFO - Started process (PID=3074) to work on /home/airflow/.local/lib/python3.8/site-packages/airflow/example_dags/example_latest_only.py
[2023-12-09T14:14:23.400+0000] {processor.py:829} INFO - Processing file /home/airflow/.local/lib/python3.8/site-packages/airflow/example_dags/example_latest_only.py for tasks to queue
[2023-12-09T14:14:23.401+0000] {logging_mixin.py:154} INFO - [2023-12-09T14:14:23.401+0000] {dagbag.py:536} INFO - Filling up the DagBag from /home/airflow/.local/lib/python3.8/site-packages/airflow/example_dags/example_latest_only.py
[2023-12-09T14:14:23.405+0000] {processor.py:839} INFO - DAG(s) dict_keys(['latest_only']) retrieved from /home/airflow/.local/lib/python3.8/site-packages/airflow/example_dags/example_latest_only.py
[2023-12-09T14:14:23.416+0000] {logging_mixin.py:154} INFO - [2023-12-09T14:14:23.415+0000] {dag.py:2941} INFO - Sync 1 DAGs
[2023-12-09T14:14:23.425+0000] {logging_mixin.py:154} INFO - [2023-12-09T14:14:23.425+0000] {dag.py:3722} INFO - Setting next_dagrun for latest_only to 2023-12-09T10:14:23.425696+00:00, run_after=2023-12-09T14:14:23.425696+00:00
[2023-12-09T14:14:23.433+0000] {processor.py:179} INFO - Processing /home/airflow/.local/lib/python3.8/site-packages/airflow/example_dags/example_latest_only.py took 0.036 seconds
[2023-12-09T14:14:54.189+0000] {processor.py:157} INFO - Started process (PID=3312) to work on /home/airflow/.local/lib/python3.8/site-packages/airflow/example_dags/example_latest_only.py
[2023-12-09T14:14:54.189+0000] {processor.py:829} INFO - Processing file /home/airflow/.local/lib/python3.8/site-packages/airflow/example_dags/example_latest_only.py for tasks to queue
[2023-12-09T14:14:54.190+0000] {logging_mixin.py:154} INFO - [2023-12-09T14:14:54.190+0000] {dagbag.py:536} INFO - Filling up the DagBag from /home/airflow/.local/lib/python3.8/site-packages/airflow/example_dags/example_latest_only.py
[2023-12-09T14:14:54.194+0000] {processor.py:839} INFO - DAG(s) dict_keys(['latest_only']) retrieved from /home/airflow/.local/lib/python3.8/site-packages/airflow/example_dags/example_latest_only.py
[2023-12-09T14:14:54.204+0000] {logging_mixin.py:154} INFO - [2023-12-09T14:14:54.204+0000] {dag.py:2941} INFO - Sync 1 DAGs
[2023-12-09T14:14:54.215+0000] {logging_mixin.py:154} INFO - [2023-12-09T14:14:54.214+0000] {dag.py:3722} INFO - Setting next_dagrun for latest_only to 2023-12-09T10:14:54.214796+00:00, run_after=2023-12-09T14:14:54.214796+00:00
[2023-12-09T14:14:54.222+0000] {processor.py:179} INFO - Processing /home/airflow/.local/lib/python3.8/site-packages/airflow/example_dags/example_latest_only.py took 0.036 seconds
[2023-12-09T14:15:24.911+0000] {processor.py:157} INFO - Started process (PID=3550) to work on /home/airflow/.local/lib/python3.8/site-packages/airflow/example_dags/example_latest_only.py
[2023-12-09T14:15:24.911+0000] {processor.py:829} INFO - Processing file /home/airflow/.local/lib/python3.8/site-packages/airflow/example_dags/example_latest_only.py for tasks to queue
[2023-12-09T14:15:24.912+0000] {logging_mixin.py:154} INFO - [2023-12-09T14:15:24.912+0000] {dagbag.py:536} INFO - Filling up the DagBag from /home/airflow/.local/lib/python3.8/site-packages/airflow/example_dags/example_latest_only.py
[2023-12-09T14:15:24.916+0000] {processor.py:839} INFO - DAG(s) dict_keys(['latest_only']) retrieved from /home/airflow/.local/lib/python3.8/site-packages/airflow/example_dags/example_latest_only.py
[2023-12-09T14:15:24.926+0000] {logging_mixin.py:154} INFO - [2023-12-09T14:15:24.926+0000] {dag.py:2941} INFO - Sync 1 DAGs
[2023-12-09T14:15:24.936+0000] {logging_mixin.py:154} INFO - [2023-12-09T14:15:24.936+0000] {dag.py:3722} INFO - Setting next_dagrun for latest_only to 2023-12-09T10:15:24.936667+00:00, run_after=2023-12-09T14:15:24.936667+00:00
[2023-12-09T14:15:24.945+0000] {processor.py:179} INFO - Processing /home/airflow/.local/lib/python3.8/site-packages/airflow/example_dags/example_latest_only.py took 0.036 seconds
[2023-12-09T14:15:55.773+0000] {processor.py:157} INFO - Started process (PID=3786) to work on /home/airflow/.local/lib/python3.8/site-packages/airflow/example_dags/example_latest_only.py
[2023-12-09T14:15:55.774+0000] {processor.py:829} INFO - Processing file /home/airflow/.local/lib/python3.8/site-packages/airflow/example_dags/example_latest_only.py for tasks to queue
[2023-12-09T14:15:55.775+0000] {logging_mixin.py:154} INFO - [2023-12-09T14:15:55.774+0000] {dagbag.py:536} INFO - Filling up the DagBag from /home/airflow/.local/lib/python3.8/site-packages/airflow/example_dags/example_latest_only.py
[2023-12-09T14:15:55.780+0000] {processor.py:839} INFO - DAG(s) dict_keys(['latest_only']) retrieved from /home/airflow/.local/lib/python3.8/site-packages/airflow/example_dags/example_latest_only.py
[2023-12-09T14:15:55.796+0000] {logging_mixin.py:154} INFO - [2023-12-09T14:15:55.796+0000] {dag.py:2941} INFO - Sync 1 DAGs
[2023-12-09T14:15:55.810+0000] {logging_mixin.py:154} INFO - [2023-12-09T14:15:55.810+0000] {dag.py:3722} INFO - Setting next_dagrun for latest_only to 2023-12-09T10:15:55.810033+00:00, run_after=2023-12-09T14:15:55.810033+00:00
[2023-12-09T14:15:55.823+0000] {processor.py:179} INFO - Processing /home/airflow/.local/lib/python3.8/site-packages/airflow/example_dags/example_latest_only.py took 0.053 seconds
[2023-12-09T14:16:25.843+0000] {processor.py:157} INFO - Started process (PID=4024) to work on /home/airflow/.local/lib/python3.8/site-packages/airflow/example_dags/example_latest_only.py
[2023-12-09T14:16:25.844+0000] {processor.py:829} INFO - Processing file /home/airflow/.local/lib/python3.8/site-packages/airflow/example_dags/example_latest_only.py for tasks to queue
[2023-12-09T14:16:25.844+0000] {logging_mixin.py:154} INFO - [2023-12-09T14:16:25.844+0000] {dagbag.py:536} INFO - Filling up the DagBag from /home/airflow/.local/lib/python3.8/site-packages/airflow/example_dags/example_latest_only.py
[2023-12-09T14:16:25.848+0000] {processor.py:839} INFO - DAG(s) dict_keys(['latest_only']) retrieved from /home/airflow/.local/lib/python3.8/site-packages/airflow/example_dags/example_latest_only.py
[2023-12-09T14:16:25.860+0000] {logging_mixin.py:154} INFO - [2023-12-09T14:16:25.860+0000] {dag.py:2941} INFO - Sync 1 DAGs
[2023-12-09T14:16:25.871+0000] {logging_mixin.py:154} INFO - [2023-12-09T14:16:25.871+0000] {dag.py:3722} INFO - Setting next_dagrun for latest_only to 2023-12-09T10:16:25.871412+00:00, run_after=2023-12-09T14:16:25.871412+00:00
[2023-12-09T14:16:25.880+0000] {processor.py:179} INFO - Processing /home/airflow/.local/lib/python3.8/site-packages/airflow/example_dags/example_latest_only.py took 0.039 seconds
[2023-12-09T14:16:56.482+0000] {processor.py:157} INFO - Started process (PID=4264) to work on /home/airflow/.local/lib/python3.8/site-packages/airflow/example_dags/example_latest_only.py
[2023-12-09T14:16:56.482+0000] {processor.py:829} INFO - Processing file /home/airflow/.local/lib/python3.8/site-packages/airflow/example_dags/example_latest_only.py for tasks to queue
[2023-12-09T14:16:56.483+0000] {logging_mixin.py:154} INFO - [2023-12-09T14:16:56.483+0000] {dagbag.py:536} INFO - Filling up the DagBag from /home/airflow/.local/lib/python3.8/site-packages/airflow/example_dags/example_latest_only.py
[2023-12-09T14:16:56.486+0000] {processor.py:839} INFO - DAG(s) dict_keys(['latest_only']) retrieved from /home/airflow/.local/lib/python3.8/site-packages/airflow/example_dags/example_latest_only.py
[2023-12-09T14:16:56.497+0000] {logging_mixin.py:154} INFO - [2023-12-09T14:16:56.497+0000] {dag.py:2941} INFO - Sync 1 DAGs
[2023-12-09T14:16:56.507+0000] {logging_mixin.py:154} INFO - [2023-12-09T14:16:56.507+0000] {dag.py:3722} INFO - Setting next_dagrun for latest_only to 2023-12-09T10:16:56.507169+00:00, run_after=2023-12-09T14:16:56.507169+00:00
[2023-12-09T14:16:56.515+0000] {processor.py:179} INFO - Processing /home/airflow/.local/lib/python3.8/site-packages/airflow/example_dags/example_latest_only.py took 0.035 seconds
[2023-12-09T14:17:27.148+0000] {processor.py:157} INFO - Started process (PID=4502) to work on /home/airflow/.local/lib/python3.8/site-packages/airflow/example_dags/example_latest_only.py
[2023-12-09T14:17:27.148+0000] {processor.py:829} INFO - Processing file /home/airflow/.local/lib/python3.8/site-packages/airflow/example_dags/example_latest_only.py for tasks to queue
[2023-12-09T14:17:27.149+0000] {logging_mixin.py:154} INFO - [2023-12-09T14:17:27.149+0000] {dagbag.py:536} INFO - Filling up the DagBag from /home/airflow/.local/lib/python3.8/site-packages/airflow/example_dags/example_latest_only.py
[2023-12-09T14:17:27.153+0000] {processor.py:839} INFO - DAG(s) dict_keys(['latest_only']) retrieved from /home/airflow/.local/lib/python3.8/site-packages/airflow/example_dags/example_latest_only.py
[2023-12-09T14:17:27.164+0000] {logging_mixin.py:154} INFO - [2023-12-09T14:17:27.164+0000] {dag.py:2941} INFO - Sync 1 DAGs
[2023-12-09T14:17:27.176+0000] {logging_mixin.py:154} INFO - [2023-12-09T14:17:27.175+0000] {dag.py:3722} INFO - Setting next_dagrun for latest_only to 2023-12-09T10:17:27.175534+00:00, run_after=2023-12-09T14:17:27.175534+00:00
[2023-12-09T14:17:27.184+0000] {processor.py:179} INFO - Processing /home/airflow/.local/lib/python3.8/site-packages/airflow/example_dags/example_latest_only.py took 0.038 seconds
[2023-12-09T14:17:57.979+0000] {processor.py:157} INFO - Started process (PID=4740) to work on /home/airflow/.local/lib/python3.8/site-packages/airflow/example_dags/example_latest_only.py
[2023-12-09T14:17:57.979+0000] {processor.py:829} INFO - Processing file /home/airflow/.local/lib/python3.8/site-packages/airflow/example_dags/example_latest_only.py for tasks to queue
[2023-12-09T14:17:57.980+0000] {logging_mixin.py:154} INFO - [2023-12-09T14:17:57.979+0000] {dagbag.py:536} INFO - Filling up the DagBag from /home/airflow/.local/lib/python3.8/site-packages/airflow/example_dags/example_latest_only.py
[2023-12-09T14:17:57.983+0000] {processor.py:839} INFO - DAG(s) dict_keys(['latest_only']) retrieved from /home/airflow/.local/lib/python3.8/site-packages/airflow/example_dags/example_latest_only.py
[2023-12-09T14:17:57.995+0000] {logging_mixin.py:154} INFO - [2023-12-09T14:17:57.994+0000] {dag.py:2941} INFO - Sync 1 DAGs
[2023-12-09T14:17:58.005+0000] {logging_mixin.py:154} INFO - [2023-12-09T14:17:58.005+0000] {dag.py:3722} INFO - Setting next_dagrun for latest_only to 2023-12-09T10:17:58.005041+00:00, run_after=2023-12-09T14:17:58.005041+00:00
[2023-12-09T14:17:58.013+0000] {processor.py:179} INFO - Processing /home/airflow/.local/lib/python3.8/site-packages/airflow/example_dags/example_latest_only.py took 0.036 seconds
[2023-12-09T14:18:28.770+0000] {processor.py:157} INFO - Started process (PID=4976) to work on /home/airflow/.local/lib/python3.8/site-packages/airflow/example_dags/example_latest_only.py
[2023-12-09T14:18:28.771+0000] {processor.py:829} INFO - Processing file /home/airflow/.local/lib/python3.8/site-packages/airflow/example_dags/example_latest_only.py for tasks to queue
[2023-12-09T14:18:28.771+0000] {logging_mixin.py:154} INFO - [2023-12-09T14:18:28.771+0000] {dagbag.py:536} INFO - Filling up the DagBag from /home/airflow/.local/lib/python3.8/site-packages/airflow/example_dags/example_latest_only.py
[2023-12-09T14:18:28.775+0000] {processor.py:839} INFO - DAG(s) dict_keys(['latest_only']) retrieved from /home/airflow/.local/lib/python3.8/site-packages/airflow/example_dags/example_latest_only.py
[2023-12-09T14:18:28.787+0000] {logging_mixin.py:154} INFO - [2023-12-09T14:18:28.787+0000] {dag.py:2941} INFO - Sync 1 DAGs
[2023-12-09T14:18:28.798+0000] {logging_mixin.py:154} INFO - [2023-12-09T14:18:28.798+0000] {dag.py:3722} INFO - Setting next_dagrun for latest_only to 2023-12-09T10:18:28.798235+00:00, run_after=2023-12-09T14:18:28.798235+00:00
[2023-12-09T14:18:28.806+0000] {processor.py:179} INFO - Processing /home/airflow/.local/lib/python3.8/site-packages/airflow/example_dags/example_latest_only.py took 0.038 seconds
[2023-12-09T14:18:59.463+0000] {processor.py:157} INFO - Started process (PID=5216) to work on /home/airflow/.local/lib/python3.8/site-packages/airflow/example_dags/example_latest_only.py
[2023-12-09T14:18:59.464+0000] {processor.py:829} INFO - Processing file /home/airflow/.local/lib/python3.8/site-packages/airflow/example_dags/example_latest_only.py for tasks to queue
[2023-12-09T14:18:59.465+0000] {logging_mixin.py:154} INFO - [2023-12-09T14:18:59.465+0000] {dagbag.py:536} INFO - Filling up the DagBag from /home/airflow/.local/lib/python3.8/site-packages/airflow/example_dags/example_latest_only.py
[2023-12-09T14:18:59.469+0000] {processor.py:839} INFO - DAG(s) dict_keys(['latest_only']) retrieved from /home/airflow/.local/lib/python3.8/site-packages/airflow/example_dags/example_latest_only.py
[2023-12-09T14:18:59.481+0000] {logging_mixin.py:154} INFO - [2023-12-09T14:18:59.481+0000] {dag.py:2941} INFO - Sync 1 DAGs
[2023-12-09T14:18:59.494+0000] {logging_mixin.py:154} INFO - [2023-12-09T14:18:59.494+0000] {dag.py:3722} INFO - Setting next_dagrun for latest_only to 2023-12-09T10:18:59.494425+00:00, run_after=2023-12-09T14:18:59.494425+00:00
[2023-12-09T14:18:59.503+0000] {processor.py:179} INFO - Processing /home/airflow/.local/lib/python3.8/site-packages/airflow/example_dags/example_latest_only.py took 0.042 seconds
