[2023-12-09T14:08:18.118+0000] {processor.py:157} INFO - Started process (PID=296) to work on /home/airflow/.local/lib/python3.8/site-packages/airflow/example_dags/example_sensor_decorator.py
[2023-12-09T14:08:18.119+0000] {processor.py:829} INFO - Processing file /home/airflow/.local/lib/python3.8/site-packages/airflow/example_dags/example_sensor_decorator.py for tasks to queue
[2023-12-09T14:08:18.120+0000] {logging_mixin.py:154} INFO - [2023-12-09T14:08:18.120+0000] {dagbag.py:536} INFO - Filling up the DagBag from /home/airflow/.local/lib/python3.8/site-packages/airflow/example_dags/example_sensor_decorator.py
[2023-12-09T14:08:18.125+0000] {processor.py:839} INFO - DAG(s) dict_keys(['example_sensor_decorator']) retrieved from /home/airflow/.local/lib/python3.8/site-packages/airflow/example_dags/example_sensor_decorator.py
[2023-12-09T14:08:18.133+0000] {logging_mixin.py:154} INFO - [2023-12-09T14:08:18.133+0000] {dag.py:2941} INFO - Sync 1 DAGs
[2023-12-09T14:08:18.143+0000] {logging_mixin.py:154} INFO - [2023-12-09T14:08:18.143+0000] {dag.py:3722} INFO - Setting next_dagrun for example_sensor_decorator to None, run_after=None
[2023-12-09T14:08:18.153+0000] {processor.py:179} INFO - Processing /home/airflow/.local/lib/python3.8/site-packages/airflow/example_dags/example_sensor_decorator.py took 0.037 seconds
[2023-12-09T14:08:48.590+0000] {processor.py:157} INFO - Started process (PID=534) to work on /home/airflow/.local/lib/python3.8/site-packages/airflow/example_dags/example_sensor_decorator.py
[2023-12-09T14:08:48.591+0000] {processor.py:829} INFO - Processing file /home/airflow/.local/lib/python3.8/site-packages/airflow/example_dags/example_sensor_decorator.py for tasks to queue
[2023-12-09T14:08:48.591+0000] {logging_mixin.py:154} INFO - [2023-12-09T14:08:48.591+0000] {dagbag.py:536} INFO - Filling up the DagBag from /home/airflow/.local/lib/python3.8/site-packages/airflow/example_dags/example_sensor_decorator.py
[2023-12-09T14:08:48.595+0000] {processor.py:839} INFO - DAG(s) dict_keys(['example_sensor_decorator']) retrieved from /home/airflow/.local/lib/python3.8/site-packages/airflow/example_dags/example_sensor_decorator.py
[2023-12-09T14:08:48.606+0000] {logging_mixin.py:154} INFO - [2023-12-09T14:08:48.606+0000] {dag.py:2941} INFO - Sync 1 DAGs
[2023-12-09T14:08:48.612+0000] {logging_mixin.py:154} INFO - [2023-12-09T14:08:48.612+0000] {dag.py:3722} INFO - Setting next_dagrun for example_sensor_decorator to None, run_after=None
[2023-12-09T14:08:48.620+0000] {processor.py:179} INFO - Processing /home/airflow/.local/lib/python3.8/site-packages/airflow/example_dags/example_sensor_decorator.py took 0.032 seconds
[2023-12-09T14:09:19.428+0000] {processor.py:157} INFO - Started process (PID=772) to work on /home/airflow/.local/lib/python3.8/site-packages/airflow/example_dags/example_sensor_decorator.py
[2023-12-09T14:09:19.429+0000] {processor.py:829} INFO - Processing file /home/airflow/.local/lib/python3.8/site-packages/airflow/example_dags/example_sensor_decorator.py for tasks to queue
[2023-12-09T14:09:19.430+0000] {logging_mixin.py:154} INFO - [2023-12-09T14:09:19.429+0000] {dagbag.py:536} INFO - Filling up the DagBag from /home/airflow/.local/lib/python3.8/site-packages/airflow/example_dags/example_sensor_decorator.py
[2023-12-09T14:09:19.434+0000] {processor.py:839} INFO - DAG(s) dict_keys(['example_sensor_decorator']) retrieved from /home/airflow/.local/lib/python3.8/site-packages/airflow/example_dags/example_sensor_decorator.py
[2023-12-09T14:09:19.454+0000] {logging_mixin.py:154} INFO - [2023-12-09T14:09:19.454+0000] {dag.py:2941} INFO - Sync 1 DAGs
[2023-12-09T14:09:19.462+0000] {logging_mixin.py:154} INFO - [2023-12-09T14:09:19.462+0000] {dag.py:3722} INFO - Setting next_dagrun for example_sensor_decorator to None, run_after=None
[2023-12-09T14:09:19.474+0000] {processor.py:179} INFO - Processing /home/airflow/.local/lib/python3.8/site-packages/airflow/example_dags/example_sensor_decorator.py took 0.049 seconds
[2023-12-09T14:09:49.573+0000] {processor.py:157} INFO - Started process (PID=1010) to work on /home/airflow/.local/lib/python3.8/site-packages/airflow/example_dags/example_sensor_decorator.py
[2023-12-09T14:09:49.574+0000] {processor.py:829} INFO - Processing file /home/airflow/.local/lib/python3.8/site-packages/airflow/example_dags/example_sensor_decorator.py for tasks to queue
[2023-12-09T14:09:49.574+0000] {logging_mixin.py:154} INFO - [2023-12-09T14:09:49.574+0000] {dagbag.py:536} INFO - Filling up the DagBag from /home/airflow/.local/lib/python3.8/site-packages/airflow/example_dags/example_sensor_decorator.py
[2023-12-09T14:09:49.579+0000] {processor.py:839} INFO - DAG(s) dict_keys(['example_sensor_decorator']) retrieved from /home/airflow/.local/lib/python3.8/site-packages/airflow/example_dags/example_sensor_decorator.py
[2023-12-09T14:09:49.592+0000] {logging_mixin.py:154} INFO - [2023-12-09T14:09:49.592+0000] {dag.py:2941} INFO - Sync 1 DAGs
[2023-12-09T14:09:49.601+0000] {logging_mixin.py:154} INFO - [2023-12-09T14:09:49.601+0000] {dag.py:3722} INFO - Setting next_dagrun for example_sensor_decorator to None, run_after=None
[2023-12-09T14:09:49.614+0000] {processor.py:179} INFO - Processing /home/airflow/.local/lib/python3.8/site-packages/airflow/example_dags/example_sensor_decorator.py took 0.044 seconds
[2023-12-09T14:10:19.711+0000] {processor.py:157} INFO - Started process (PID=1248) to work on /home/airflow/.local/lib/python3.8/site-packages/airflow/example_dags/example_sensor_decorator.py
[2023-12-09T14:10:19.712+0000] {processor.py:829} INFO - Processing file /home/airflow/.local/lib/python3.8/site-packages/airflow/example_dags/example_sensor_decorator.py for tasks to queue
[2023-12-09T14:10:19.713+0000] {logging_mixin.py:154} INFO - [2023-12-09T14:10:19.712+0000] {dagbag.py:536} INFO - Filling up the DagBag from /home/airflow/.local/lib/python3.8/site-packages/airflow/example_dags/example_sensor_decorator.py
[2023-12-09T14:10:19.716+0000] {processor.py:839} INFO - DAG(s) dict_keys(['example_sensor_decorator']) retrieved from /home/airflow/.local/lib/python3.8/site-packages/airflow/example_dags/example_sensor_decorator.py
[2023-12-09T14:10:19.727+0000] {logging_mixin.py:154} INFO - [2023-12-09T14:10:19.727+0000] {dag.py:2941} INFO - Sync 1 DAGs
[2023-12-09T14:10:19.733+0000] {logging_mixin.py:154} INFO - [2023-12-09T14:10:19.733+0000] {dag.py:3722} INFO - Setting next_dagrun for example_sensor_decorator to None, run_after=None
[2023-12-09T14:10:19.742+0000] {processor.py:179} INFO - Processing /home/airflow/.local/lib/python3.8/site-packages/airflow/example_dags/example_sensor_decorator.py took 0.032 seconds
[2023-12-09T14:10:50.527+0000] {processor.py:157} INFO - Started process (PID=1486) to work on /home/airflow/.local/lib/python3.8/site-packages/airflow/example_dags/example_sensor_decorator.py
[2023-12-09T14:10:50.527+0000] {processor.py:829} INFO - Processing file /home/airflow/.local/lib/python3.8/site-packages/airflow/example_dags/example_sensor_decorator.py for tasks to queue
[2023-12-09T14:10:50.528+0000] {logging_mixin.py:154} INFO - [2023-12-09T14:10:50.528+0000] {dagbag.py:536} INFO - Filling up the DagBag from /home/airflow/.local/lib/python3.8/site-packages/airflow/example_dags/example_sensor_decorator.py
[2023-12-09T14:10:50.532+0000] {processor.py:839} INFO - DAG(s) dict_keys(['example_sensor_decorator']) retrieved from /home/airflow/.local/lib/python3.8/site-packages/airflow/example_dags/example_sensor_decorator.py
[2023-12-09T14:10:50.542+0000] {logging_mixin.py:154} INFO - [2023-12-09T14:10:50.542+0000] {dag.py:2941} INFO - Sync 1 DAGs
[2023-12-09T14:10:50.549+0000] {logging_mixin.py:154} INFO - [2023-12-09T14:10:50.549+0000] {dag.py:3722} INFO - Setting next_dagrun for example_sensor_decorator to None, run_after=None
[2023-12-09T14:10:50.558+0000] {processor.py:179} INFO - Processing /home/airflow/.local/lib/python3.8/site-packages/airflow/example_dags/example_sensor_decorator.py took 0.033 seconds
[2023-12-09T14:11:21.365+0000] {processor.py:157} INFO - Started process (PID=1724) to work on /home/airflow/.local/lib/python3.8/site-packages/airflow/example_dags/example_sensor_decorator.py
[2023-12-09T14:11:21.365+0000] {processor.py:829} INFO - Processing file /home/airflow/.local/lib/python3.8/site-packages/airflow/example_dags/example_sensor_decorator.py for tasks to queue
[2023-12-09T14:11:21.366+0000] {logging_mixin.py:154} INFO - [2023-12-09T14:11:21.366+0000] {dagbag.py:536} INFO - Filling up the DagBag from /home/airflow/.local/lib/python3.8/site-packages/airflow/example_dags/example_sensor_decorator.py
[2023-12-09T14:11:21.370+0000] {processor.py:839} INFO - DAG(s) dict_keys(['example_sensor_decorator']) retrieved from /home/airflow/.local/lib/python3.8/site-packages/airflow/example_dags/example_sensor_decorator.py
[2023-12-09T14:11:21.382+0000] {logging_mixin.py:154} INFO - [2023-12-09T14:11:21.381+0000] {dag.py:2941} INFO - Sync 1 DAGs
[2023-12-09T14:11:21.388+0000] {logging_mixin.py:154} INFO - [2023-12-09T14:11:21.388+0000] {dag.py:3722} INFO - Setting next_dagrun for example_sensor_decorator to None, run_after=None
[2023-12-09T14:11:21.398+0000] {processor.py:179} INFO - Processing /home/airflow/.local/lib/python3.8/site-packages/airflow/example_dags/example_sensor_decorator.py took 0.036 seconds
[2023-12-09T14:11:51.487+0000] {processor.py:157} INFO - Started process (PID=1962) to work on /home/airflow/.local/lib/python3.8/site-packages/airflow/example_dags/example_sensor_decorator.py
[2023-12-09T14:11:51.488+0000] {processor.py:829} INFO - Processing file /home/airflow/.local/lib/python3.8/site-packages/airflow/example_dags/example_sensor_decorator.py for tasks to queue
[2023-12-09T14:11:51.489+0000] {logging_mixin.py:154} INFO - [2023-12-09T14:11:51.489+0000] {dagbag.py:536} INFO - Filling up the DagBag from /home/airflow/.local/lib/python3.8/site-packages/airflow/example_dags/example_sensor_decorator.py
[2023-12-09T14:11:51.493+0000] {processor.py:839} INFO - DAG(s) dict_keys(['example_sensor_decorator']) retrieved from /home/airflow/.local/lib/python3.8/site-packages/airflow/example_dags/example_sensor_decorator.py
[2023-12-09T14:11:51.506+0000] {logging_mixin.py:154} INFO - [2023-12-09T14:11:51.506+0000] {dag.py:2941} INFO - Sync 1 DAGs
[2023-12-09T14:11:51.513+0000] {logging_mixin.py:154} INFO - [2023-12-09T14:11:51.513+0000] {dag.py:3722} INFO - Setting next_dagrun for example_sensor_decorator to None, run_after=None
[2023-12-09T14:11:51.522+0000] {processor.py:179} INFO - Processing /home/airflow/.local/lib/python3.8/site-packages/airflow/example_dags/example_sensor_decorator.py took 0.037 seconds
[2023-12-09T14:12:21.614+0000] {processor.py:157} INFO - Started process (PID=2200) to work on /home/airflow/.local/lib/python3.8/site-packages/airflow/example_dags/example_sensor_decorator.py
[2023-12-09T14:12:21.614+0000] {processor.py:829} INFO - Processing file /home/airflow/.local/lib/python3.8/site-packages/airflow/example_dags/example_sensor_decorator.py for tasks to queue
[2023-12-09T14:12:21.615+0000] {logging_mixin.py:154} INFO - [2023-12-09T14:12:21.615+0000] {dagbag.py:536} INFO - Filling up the DagBag from /home/airflow/.local/lib/python3.8/site-packages/airflow/example_dags/example_sensor_decorator.py
[2023-12-09T14:12:21.618+0000] {processor.py:839} INFO - DAG(s) dict_keys(['example_sensor_decorator']) retrieved from /home/airflow/.local/lib/python3.8/site-packages/airflow/example_dags/example_sensor_decorator.py
[2023-12-09T14:12:21.629+0000] {logging_mixin.py:154} INFO - [2023-12-09T14:12:21.629+0000] {dag.py:2941} INFO - Sync 1 DAGs
[2023-12-09T14:12:21.636+0000] {logging_mixin.py:154} INFO - [2023-12-09T14:12:21.636+0000] {dag.py:3722} INFO - Setting next_dagrun for example_sensor_decorator to None, run_after=None
[2023-12-09T14:12:21.645+0000] {processor.py:179} INFO - Processing /home/airflow/.local/lib/python3.8/site-packages/airflow/example_dags/example_sensor_decorator.py took 0.033 seconds
[2023-12-09T14:12:52.407+0000] {processor.py:157} INFO - Started process (PID=2438) to work on /home/airflow/.local/lib/python3.8/site-packages/airflow/example_dags/example_sensor_decorator.py
[2023-12-09T14:12:52.407+0000] {processor.py:829} INFO - Processing file /home/airflow/.local/lib/python3.8/site-packages/airflow/example_dags/example_sensor_decorator.py for tasks to queue
[2023-12-09T14:12:52.408+0000] {logging_mixin.py:154} INFO - [2023-12-09T14:12:52.408+0000] {dagbag.py:536} INFO - Filling up the DagBag from /home/airflow/.local/lib/python3.8/site-packages/airflow/example_dags/example_sensor_decorator.py
[2023-12-09T14:12:52.412+0000] {processor.py:839} INFO - DAG(s) dict_keys(['example_sensor_decorator']) retrieved from /home/airflow/.local/lib/python3.8/site-packages/airflow/example_dags/example_sensor_decorator.py
[2023-12-09T14:12:52.426+0000] {logging_mixin.py:154} INFO - [2023-12-09T14:12:52.426+0000] {dag.py:2941} INFO - Sync 1 DAGs
[2023-12-09T14:12:52.433+0000] {logging_mixin.py:154} INFO - [2023-12-09T14:12:52.433+0000] {dag.py:3722} INFO - Setting next_dagrun for example_sensor_decorator to None, run_after=None
[2023-12-09T14:12:52.443+0000] {processor.py:179} INFO - Processing /home/airflow/.local/lib/python3.8/site-packages/airflow/example_dags/example_sensor_decorator.py took 0.038 seconds
[2023-12-09T14:13:23.491+0000] {processor.py:157} INFO - Started process (PID=2676) to work on /home/airflow/.local/lib/python3.8/site-packages/airflow/example_dags/example_sensor_decorator.py
[2023-12-09T14:13:23.491+0000] {processor.py:829} INFO - Processing file /home/airflow/.local/lib/python3.8/site-packages/airflow/example_dags/example_sensor_decorator.py for tasks to queue
[2023-12-09T14:13:23.492+0000] {logging_mixin.py:154} INFO - [2023-12-09T14:13:23.492+0000] {dagbag.py:536} INFO - Filling up the DagBag from /home/airflow/.local/lib/python3.8/site-packages/airflow/example_dags/example_sensor_decorator.py
[2023-12-09T14:13:23.496+0000] {processor.py:839} INFO - DAG(s) dict_keys(['example_sensor_decorator']) retrieved from /home/airflow/.local/lib/python3.8/site-packages/airflow/example_dags/example_sensor_decorator.py
[2023-12-09T14:13:23.509+0000] {logging_mixin.py:154} INFO - [2023-12-09T14:13:23.509+0000] {dag.py:2941} INFO - Sync 1 DAGs
[2023-12-09T14:13:23.517+0000] {logging_mixin.py:154} INFO - [2023-12-09T14:13:23.517+0000] {dag.py:3722} INFO - Setting next_dagrun for example_sensor_decorator to None, run_after=None
[2023-12-09T14:13:23.529+0000] {processor.py:179} INFO - Processing /home/airflow/.local/lib/python3.8/site-packages/airflow/example_dags/example_sensor_decorator.py took 0.041 seconds
[2023-12-09T14:13:54.214+0000] {processor.py:157} INFO - Started process (PID=2914) to work on /home/airflow/.local/lib/python3.8/site-packages/airflow/example_dags/example_sensor_decorator.py
[2023-12-09T14:13:54.214+0000] {processor.py:829} INFO - Processing file /home/airflow/.local/lib/python3.8/site-packages/airflow/example_dags/example_sensor_decorator.py for tasks to queue
[2023-12-09T14:13:54.216+0000] {logging_mixin.py:154} INFO - [2023-12-09T14:13:54.215+0000] {dagbag.py:536} INFO - Filling up the DagBag from /home/airflow/.local/lib/python3.8/site-packages/airflow/example_dags/example_sensor_decorator.py
[2023-12-09T14:13:54.221+0000] {processor.py:839} INFO - DAG(s) dict_keys(['example_sensor_decorator']) retrieved from /home/airflow/.local/lib/python3.8/site-packages/airflow/example_dags/example_sensor_decorator.py
[2023-12-09T14:13:54.236+0000] {logging_mixin.py:154} INFO - [2023-12-09T14:13:54.236+0000] {dag.py:2941} INFO - Sync 1 DAGs
[2023-12-09T14:13:54.243+0000] {logging_mixin.py:154} INFO - [2023-12-09T14:13:54.243+0000] {dag.py:3722} INFO - Setting next_dagrun for example_sensor_decorator to None, run_after=None
[2023-12-09T14:13:54.253+0000] {processor.py:179} INFO - Processing /home/airflow/.local/lib/python3.8/site-packages/airflow/example_dags/example_sensor_decorator.py took 0.041 seconds
[2023-12-09T14:14:24.988+0000] {processor.py:157} INFO - Started process (PID=3154) to work on /home/airflow/.local/lib/python3.8/site-packages/airflow/example_dags/example_sensor_decorator.py
[2023-12-09T14:14:24.989+0000] {processor.py:829} INFO - Processing file /home/airflow/.local/lib/python3.8/site-packages/airflow/example_dags/example_sensor_decorator.py for tasks to queue
[2023-12-09T14:14:24.990+0000] {logging_mixin.py:154} INFO - [2023-12-09T14:14:24.990+0000] {dagbag.py:536} INFO - Filling up the DagBag from /home/airflow/.local/lib/python3.8/site-packages/airflow/example_dags/example_sensor_decorator.py
[2023-12-09T14:14:24.994+0000] {processor.py:839} INFO - DAG(s) dict_keys(['example_sensor_decorator']) retrieved from /home/airflow/.local/lib/python3.8/site-packages/airflow/example_dags/example_sensor_decorator.py
[2023-12-09T14:14:25.006+0000] {logging_mixin.py:154} INFO - [2023-12-09T14:14:25.006+0000] {dag.py:2941} INFO - Sync 1 DAGs
[2023-12-09T14:14:25.013+0000] {logging_mixin.py:154} INFO - [2023-12-09T14:14:25.013+0000] {dag.py:3722} INFO - Setting next_dagrun for example_sensor_decorator to None, run_after=None
[2023-12-09T14:14:25.021+0000] {processor.py:179} INFO - Processing /home/airflow/.local/lib/python3.8/site-packages/airflow/example_dags/example_sensor_decorator.py took 0.036 seconds
[2023-12-09T14:14:55.786+0000] {processor.py:157} INFO - Started process (PID=3392) to work on /home/airflow/.local/lib/python3.8/site-packages/airflow/example_dags/example_sensor_decorator.py
[2023-12-09T14:14:55.787+0000] {processor.py:829} INFO - Processing file /home/airflow/.local/lib/python3.8/site-packages/airflow/example_dags/example_sensor_decorator.py for tasks to queue
[2023-12-09T14:14:55.787+0000] {logging_mixin.py:154} INFO - [2023-12-09T14:14:55.787+0000] {dagbag.py:536} INFO - Filling up the DagBag from /home/airflow/.local/lib/python3.8/site-packages/airflow/example_dags/example_sensor_decorator.py
[2023-12-09T14:14:55.791+0000] {processor.py:839} INFO - DAG(s) dict_keys(['example_sensor_decorator']) retrieved from /home/airflow/.local/lib/python3.8/site-packages/airflow/example_dags/example_sensor_decorator.py
[2023-12-09T14:14:55.802+0000] {logging_mixin.py:154} INFO - [2023-12-09T14:14:55.802+0000] {dag.py:2941} INFO - Sync 1 DAGs
[2023-12-09T14:14:55.808+0000] {logging_mixin.py:154} INFO - [2023-12-09T14:14:55.808+0000] {dag.py:3722} INFO - Setting next_dagrun for example_sensor_decorator to None, run_after=None
[2023-12-09T14:14:55.816+0000] {processor.py:179} INFO - Processing /home/airflow/.local/lib/python3.8/site-packages/airflow/example_dags/example_sensor_decorator.py took 0.032 seconds
[2023-12-09T14:15:26.469+0000] {processor.py:157} INFO - Started process (PID=3628) to work on /home/airflow/.local/lib/python3.8/site-packages/airflow/example_dags/example_sensor_decorator.py
[2023-12-09T14:15:26.469+0000] {processor.py:829} INFO - Processing file /home/airflow/.local/lib/python3.8/site-packages/airflow/example_dags/example_sensor_decorator.py for tasks to queue
[2023-12-09T14:15:26.470+0000] {logging_mixin.py:154} INFO - [2023-12-09T14:15:26.469+0000] {dagbag.py:536} INFO - Filling up the DagBag from /home/airflow/.local/lib/python3.8/site-packages/airflow/example_dags/example_sensor_decorator.py
[2023-12-09T14:15:26.474+0000] {processor.py:839} INFO - DAG(s) dict_keys(['example_sensor_decorator']) retrieved from /home/airflow/.local/lib/python3.8/site-packages/airflow/example_dags/example_sensor_decorator.py
[2023-12-09T14:15:26.486+0000] {logging_mixin.py:154} INFO - [2023-12-09T14:15:26.486+0000] {dag.py:2941} INFO - Sync 1 DAGs
[2023-12-09T14:15:26.494+0000] {logging_mixin.py:154} INFO - [2023-12-09T14:15:26.493+0000] {dag.py:3722} INFO - Setting next_dagrun for example_sensor_decorator to None, run_after=None
[2023-12-09T14:15:26.503+0000] {processor.py:179} INFO - Processing /home/airflow/.local/lib/python3.8/site-packages/airflow/example_dags/example_sensor_decorator.py took 0.036 seconds
[2023-12-09T14:15:57.527+0000] {processor.py:157} INFO - Started process (PID=3868) to work on /home/airflow/.local/lib/python3.8/site-packages/airflow/example_dags/example_sensor_decorator.py
[2023-12-09T14:15:57.528+0000] {processor.py:829} INFO - Processing file /home/airflow/.local/lib/python3.8/site-packages/airflow/example_dags/example_sensor_decorator.py for tasks to queue
[2023-12-09T14:15:57.528+0000] {logging_mixin.py:154} INFO - [2023-12-09T14:15:57.528+0000] {dagbag.py:536} INFO - Filling up the DagBag from /home/airflow/.local/lib/python3.8/site-packages/airflow/example_dags/example_sensor_decorator.py
[2023-12-09T14:15:57.532+0000] {processor.py:839} INFO - DAG(s) dict_keys(['example_sensor_decorator']) retrieved from /home/airflow/.local/lib/python3.8/site-packages/airflow/example_dags/example_sensor_decorator.py
[2023-12-09T14:15:57.545+0000] {logging_mixin.py:154} INFO - [2023-12-09T14:15:57.545+0000] {dag.py:2941} INFO - Sync 1 DAGs
[2023-12-09T14:15:57.552+0000] {logging_mixin.py:154} INFO - [2023-12-09T14:15:57.552+0000] {dag.py:3722} INFO - Setting next_dagrun for example_sensor_decorator to None, run_after=None
[2023-12-09T14:15:57.562+0000] {processor.py:179} INFO - Processing /home/airflow/.local/lib/python3.8/site-packages/airflow/example_dags/example_sensor_decorator.py took 0.038 seconds
[2023-12-09T14:16:28.392+0000] {processor.py:157} INFO - Started process (PID=4104) to work on /home/airflow/.local/lib/python3.8/site-packages/airflow/example_dags/example_sensor_decorator.py
[2023-12-09T14:16:28.392+0000] {processor.py:829} INFO - Processing file /home/airflow/.local/lib/python3.8/site-packages/airflow/example_dags/example_sensor_decorator.py for tasks to queue
[2023-12-09T14:16:28.393+0000] {logging_mixin.py:154} INFO - [2023-12-09T14:16:28.393+0000] {dagbag.py:536} INFO - Filling up the DagBag from /home/airflow/.local/lib/python3.8/site-packages/airflow/example_dags/example_sensor_decorator.py
[2023-12-09T14:16:28.397+0000] {processor.py:839} INFO - DAG(s) dict_keys(['example_sensor_decorator']) retrieved from /home/airflow/.local/lib/python3.8/site-packages/airflow/example_dags/example_sensor_decorator.py
[2023-12-09T14:16:28.411+0000] {logging_mixin.py:154} INFO - [2023-12-09T14:16:28.411+0000] {dag.py:2941} INFO - Sync 1 DAGs
[2023-12-09T14:16:28.418+0000] {logging_mixin.py:154} INFO - [2023-12-09T14:16:28.418+0000] {dag.py:3722} INFO - Setting next_dagrun for example_sensor_decorator to None, run_after=None
[2023-12-09T14:16:28.427+0000] {processor.py:179} INFO - Processing /home/airflow/.local/lib/python3.8/site-packages/airflow/example_dags/example_sensor_decorator.py took 0.038 seconds
[2023-12-09T14:16:59.098+0000] {processor.py:157} INFO - Started process (PID=4344) to work on /home/airflow/.local/lib/python3.8/site-packages/airflow/example_dags/example_sensor_decorator.py
[2023-12-09T14:16:59.098+0000] {processor.py:829} INFO - Processing file /home/airflow/.local/lib/python3.8/site-packages/airflow/example_dags/example_sensor_decorator.py for tasks to queue
[2023-12-09T14:16:59.099+0000] {logging_mixin.py:154} INFO - [2023-12-09T14:16:59.098+0000] {dagbag.py:536} INFO - Filling up the DagBag from /home/airflow/.local/lib/python3.8/site-packages/airflow/example_dags/example_sensor_decorator.py
[2023-12-09T14:16:59.103+0000] {processor.py:839} INFO - DAG(s) dict_keys(['example_sensor_decorator']) retrieved from /home/airflow/.local/lib/python3.8/site-packages/airflow/example_dags/example_sensor_decorator.py
[2023-12-09T14:16:59.115+0000] {logging_mixin.py:154} INFO - [2023-12-09T14:16:59.115+0000] {dag.py:2941} INFO - Sync 1 DAGs
[2023-12-09T14:16:59.122+0000] {logging_mixin.py:154} INFO - [2023-12-09T14:16:59.122+0000] {dag.py:3722} INFO - Setting next_dagrun for example_sensor_decorator to None, run_after=None
[2023-12-09T14:16:59.132+0000] {processor.py:179} INFO - Processing /home/airflow/.local/lib/python3.8/site-packages/airflow/example_dags/example_sensor_decorator.py took 0.037 seconds
[2023-12-09T14:17:29.779+0000] {processor.py:157} INFO - Started process (PID=4582) to work on /home/airflow/.local/lib/python3.8/site-packages/airflow/example_dags/example_sensor_decorator.py
[2023-12-09T14:17:29.780+0000] {processor.py:829} INFO - Processing file /home/airflow/.local/lib/python3.8/site-packages/airflow/example_dags/example_sensor_decorator.py for tasks to queue
[2023-12-09T14:17:29.780+0000] {logging_mixin.py:154} INFO - [2023-12-09T14:17:29.780+0000] {dagbag.py:536} INFO - Filling up the DagBag from /home/airflow/.local/lib/python3.8/site-packages/airflow/example_dags/example_sensor_decorator.py
[2023-12-09T14:17:29.785+0000] {processor.py:839} INFO - DAG(s) dict_keys(['example_sensor_decorator']) retrieved from /home/airflow/.local/lib/python3.8/site-packages/airflow/example_dags/example_sensor_decorator.py
[2023-12-09T14:17:29.798+0000] {logging_mixin.py:154} INFO - [2023-12-09T14:17:29.798+0000] {dag.py:2941} INFO - Sync 1 DAGs
[2023-12-09T14:17:29.804+0000] {logging_mixin.py:154} INFO - [2023-12-09T14:17:29.804+0000] {dag.py:3722} INFO - Setting next_dagrun for example_sensor_decorator to None, run_after=None
[2023-12-09T14:17:29.813+0000] {processor.py:179} INFO - Processing /home/airflow/.local/lib/python3.8/site-packages/airflow/example_dags/example_sensor_decorator.py took 0.036 seconds
[2023-12-09T14:18:00.610+0000] {processor.py:157} INFO - Started process (PID=4818) to work on /home/airflow/.local/lib/python3.8/site-packages/airflow/example_dags/example_sensor_decorator.py
[2023-12-09T14:18:00.610+0000] {processor.py:829} INFO - Processing file /home/airflow/.local/lib/python3.8/site-packages/airflow/example_dags/example_sensor_decorator.py for tasks to queue
[2023-12-09T14:18:00.611+0000] {logging_mixin.py:154} INFO - [2023-12-09T14:18:00.611+0000] {dagbag.py:536} INFO - Filling up the DagBag from /home/airflow/.local/lib/python3.8/site-packages/airflow/example_dags/example_sensor_decorator.py
[2023-12-09T14:18:00.615+0000] {processor.py:839} INFO - DAG(s) dict_keys(['example_sensor_decorator']) retrieved from /home/airflow/.local/lib/python3.8/site-packages/airflow/example_dags/example_sensor_decorator.py
[2023-12-09T14:18:00.629+0000] {logging_mixin.py:154} INFO - [2023-12-09T14:18:00.629+0000] {dag.py:2941} INFO - Sync 1 DAGs
[2023-12-09T14:18:00.636+0000] {logging_mixin.py:154} INFO - [2023-12-09T14:18:00.636+0000] {dag.py:3722} INFO - Setting next_dagrun for example_sensor_decorator to None, run_after=None
[2023-12-09T14:18:00.648+0000] {processor.py:179} INFO - Processing /home/airflow/.local/lib/python3.8/site-packages/airflow/example_dags/example_sensor_decorator.py took 0.041 seconds
[2023-12-09T14:18:31.384+0000] {processor.py:157} INFO - Started process (PID=5056) to work on /home/airflow/.local/lib/python3.8/site-packages/airflow/example_dags/example_sensor_decorator.py
[2023-12-09T14:18:31.384+0000] {processor.py:829} INFO - Processing file /home/airflow/.local/lib/python3.8/site-packages/airflow/example_dags/example_sensor_decorator.py for tasks to queue
[2023-12-09T14:18:31.385+0000] {logging_mixin.py:154} INFO - [2023-12-09T14:18:31.385+0000] {dagbag.py:536} INFO - Filling up the DagBag from /home/airflow/.local/lib/python3.8/site-packages/airflow/example_dags/example_sensor_decorator.py
[2023-12-09T14:18:31.389+0000] {processor.py:839} INFO - DAG(s) dict_keys(['example_sensor_decorator']) retrieved from /home/airflow/.local/lib/python3.8/site-packages/airflow/example_dags/example_sensor_decorator.py
[2023-12-09T14:18:31.401+0000] {logging_mixin.py:154} INFO - [2023-12-09T14:18:31.400+0000] {dag.py:2941} INFO - Sync 1 DAGs
[2023-12-09T14:18:31.407+0000] {logging_mixin.py:154} INFO - [2023-12-09T14:18:31.407+0000] {dag.py:3722} INFO - Setting next_dagrun for example_sensor_decorator to None, run_after=None
[2023-12-09T14:18:31.417+0000] {processor.py:179} INFO - Processing /home/airflow/.local/lib/python3.8/site-packages/airflow/example_dags/example_sensor_decorator.py took 0.035 seconds
[2023-12-09T14:19:02.069+0000] {processor.py:157} INFO - Started process (PID=5294) to work on /home/airflow/.local/lib/python3.8/site-packages/airflow/example_dags/example_sensor_decorator.py
[2023-12-09T14:19:02.070+0000] {processor.py:829} INFO - Processing file /home/airflow/.local/lib/python3.8/site-packages/airflow/example_dags/example_sensor_decorator.py for tasks to queue
[2023-12-09T14:19:02.071+0000] {logging_mixin.py:154} INFO - [2023-12-09T14:19:02.071+0000] {dagbag.py:536} INFO - Filling up the DagBag from /home/airflow/.local/lib/python3.8/site-packages/airflow/example_dags/example_sensor_decorator.py
[2023-12-09T14:19:02.075+0000] {processor.py:839} INFO - DAG(s) dict_keys(['example_sensor_decorator']) retrieved from /home/airflow/.local/lib/python3.8/site-packages/airflow/example_dags/example_sensor_decorator.py
[2023-12-09T14:19:02.087+0000] {logging_mixin.py:154} INFO - [2023-12-09T14:19:02.087+0000] {dag.py:2941} INFO - Sync 1 DAGs
[2023-12-09T14:19:02.094+0000] {logging_mixin.py:154} INFO - [2023-12-09T14:19:02.094+0000] {dag.py:3722} INFO - Setting next_dagrun for example_sensor_decorator to None, run_after=None
[2023-12-09T14:19:02.103+0000] {processor.py:179} INFO - Processing /home/airflow/.local/lib/python3.8/site-packages/airflow/example_dags/example_sensor_decorator.py took 0.036 seconds
