[2023-12-09T14:08:17.916+0000] {processor.py:157} INFO - Started process (PID=261) to work on /home/airflow/.local/lib/python3.8/site-packages/airflow/example_dags/example_branch_datetime_operator.py
[2023-12-09T14:08:17.916+0000] {processor.py:829} INFO - Processing file /home/airflow/.local/lib/python3.8/site-packages/airflow/example_dags/example_branch_datetime_operator.py for tasks to queue
[2023-12-09T14:08:17.917+0000] {logging_mixin.py:154} INFO - [2023-12-09T14:08:17.917+0000] {dagbag.py:536} INFO - Filling up the DagBag from /home/airflow/.local/lib/python3.8/site-packages/airflow/example_dags/example_branch_datetime_operator.py
[2023-12-09T14:08:17.925+0000] {processor.py:839} INFO - DAG(s) dict_keys(['example_branch_datetime_operator_2', 'example_branch_datetime_operator_3', 'example_branch_datetime_operator']) retrieved from /home/airflow/.local/lib/python3.8/site-packages/airflow/example_dags/example_branch_datetime_operator.py
[2023-12-09T14:08:17.934+0000] {logging_mixin.py:154} INFO - [2023-12-09T14:08:17.934+0000] {dag.py:2941} INFO - Sync 3 DAGs
[2023-12-09T14:08:17.950+0000] {logging_mixin.py:154} INFO - [2023-12-09T14:08:17.950+0000] {dag.py:3722} INFO - Setting next_dagrun for example_branch_datetime_operator to 2023-12-08T00:00:00+00:00, run_after=2023-12-09T00:00:00+00:00
[2023-12-09T14:08:17.953+0000] {logging_mixin.py:154} INFO - [2023-12-09T14:08:17.953+0000] {dag.py:3722} INFO - Setting next_dagrun for example_branch_datetime_operator_2 to 2023-12-08T00:00:00+00:00, run_after=2023-12-09T00:00:00+00:00
[2023-12-09T14:08:17.954+0000] {logging_mixin.py:154} INFO - [2023-12-09T14:08:17.954+0000] {dag.py:3722} INFO - Setting next_dagrun for example_branch_datetime_operator_3 to 2023-12-08T00:00:00+00:00, run_after=2023-12-09T00:00:00+00:00
[2023-12-09T14:08:17.963+0000] {processor.py:179} INFO - Processing /home/airflow/.local/lib/python3.8/site-packages/airflow/example_dags/example_branch_datetime_operator.py took 0.050 seconds
[2023-12-09T14:08:48.360+0000] {processor.py:157} INFO - Started process (PID=501) to work on /home/airflow/.local/lib/python3.8/site-packages/airflow/example_dags/example_branch_datetime_operator.py
[2023-12-09T14:08:48.361+0000] {processor.py:829} INFO - Processing file /home/airflow/.local/lib/python3.8/site-packages/airflow/example_dags/example_branch_datetime_operator.py for tasks to queue
[2023-12-09T14:08:48.362+0000] {logging_mixin.py:154} INFO - [2023-12-09T14:08:48.361+0000] {dagbag.py:536} INFO - Filling up the DagBag from /home/airflow/.local/lib/python3.8/site-packages/airflow/example_dags/example_branch_datetime_operator.py
[2023-12-09T14:08:48.368+0000] {processor.py:839} INFO - DAG(s) dict_keys(['example_branch_datetime_operator_2', 'example_branch_datetime_operator', 'example_branch_datetime_operator_3']) retrieved from /home/airflow/.local/lib/python3.8/site-packages/airflow/example_dags/example_branch_datetime_operator.py
[2023-12-09T14:08:48.383+0000] {logging_mixin.py:154} INFO - [2023-12-09T14:08:48.383+0000] {dag.py:2941} INFO - Sync 3 DAGs
[2023-12-09T14:08:48.395+0000] {logging_mixin.py:154} INFO - [2023-12-09T14:08:48.395+0000] {dag.py:3722} INFO - Setting next_dagrun for example_branch_datetime_operator to 2023-12-08T00:00:00+00:00, run_after=2023-12-09T00:00:00+00:00
[2023-12-09T14:08:48.398+0000] {logging_mixin.py:154} INFO - [2023-12-09T14:08:48.398+0000] {dag.py:3722} INFO - Setting next_dagrun for example_branch_datetime_operator_2 to 2023-12-08T00:00:00+00:00, run_after=2023-12-09T00:00:00+00:00
[2023-12-09T14:08:48.399+0000] {logging_mixin.py:154} INFO - [2023-12-09T14:08:48.399+0000] {dag.py:3722} INFO - Setting next_dagrun for example_branch_datetime_operator_3 to 2023-12-08T00:00:00+00:00, run_after=2023-12-09T00:00:00+00:00
[2023-12-09T14:08:48.406+0000] {processor.py:179} INFO - Processing /home/airflow/.local/lib/python3.8/site-packages/airflow/example_dags/example_branch_datetime_operator.py took 0.048 seconds
[2023-12-09T14:09:19.155+0000] {processor.py:157} INFO - Started process (PID=739) to work on /home/airflow/.local/lib/python3.8/site-packages/airflow/example_dags/example_branch_datetime_operator.py
[2023-12-09T14:09:19.156+0000] {processor.py:829} INFO - Processing file /home/airflow/.local/lib/python3.8/site-packages/airflow/example_dags/example_branch_datetime_operator.py for tasks to queue
[2023-12-09T14:09:19.157+0000] {logging_mixin.py:154} INFO - [2023-12-09T14:09:19.157+0000] {dagbag.py:536} INFO - Filling up the DagBag from /home/airflow/.local/lib/python3.8/site-packages/airflow/example_dags/example_branch_datetime_operator.py
[2023-12-09T14:09:19.163+0000] {processor.py:839} INFO - DAG(s) dict_keys(['example_branch_datetime_operator_2', 'example_branch_datetime_operator', 'example_branch_datetime_operator_3']) retrieved from /home/airflow/.local/lib/python3.8/site-packages/airflow/example_dags/example_branch_datetime_operator.py
[2023-12-09T14:09:19.179+0000] {logging_mixin.py:154} INFO - [2023-12-09T14:09:19.179+0000] {dag.py:2941} INFO - Sync 3 DAGs
[2023-12-09T14:09:19.191+0000] {logging_mixin.py:154} INFO - [2023-12-09T14:09:19.191+0000] {dag.py:3722} INFO - Setting next_dagrun for example_branch_datetime_operator to 2023-12-08T00:00:00+00:00, run_after=2023-12-09T00:00:00+00:00
[2023-12-09T14:09:19.193+0000] {logging_mixin.py:154} INFO - [2023-12-09T14:09:19.193+0000] {dag.py:3722} INFO - Setting next_dagrun for example_branch_datetime_operator_2 to 2023-12-08T00:00:00+00:00, run_after=2023-12-09T00:00:00+00:00
[2023-12-09T14:09:19.194+0000] {logging_mixin.py:154} INFO - [2023-12-09T14:09:19.194+0000] {dag.py:3722} INFO - Setting next_dagrun for example_branch_datetime_operator_3 to 2023-12-08T00:00:00+00:00, run_after=2023-12-09T00:00:00+00:00
[2023-12-09T14:09:19.202+0000] {processor.py:179} INFO - Processing /home/airflow/.local/lib/python3.8/site-packages/airflow/example_dags/example_branch_datetime_operator.py took 0.049 seconds
[2023-12-09T14:09:49.323+0000] {processor.py:157} INFO - Started process (PID=975) to work on /home/airflow/.local/lib/python3.8/site-packages/airflow/example_dags/example_branch_datetime_operator.py
[2023-12-09T14:09:49.324+0000] {processor.py:829} INFO - Processing file /home/airflow/.local/lib/python3.8/site-packages/airflow/example_dags/example_branch_datetime_operator.py for tasks to queue
[2023-12-09T14:09:49.325+0000] {logging_mixin.py:154} INFO - [2023-12-09T14:09:49.325+0000] {dagbag.py:536} INFO - Filling up the DagBag from /home/airflow/.local/lib/python3.8/site-packages/airflow/example_dags/example_branch_datetime_operator.py
[2023-12-09T14:09:49.332+0000] {processor.py:839} INFO - DAG(s) dict_keys(['example_branch_datetime_operator_2', 'example_branch_datetime_operator_3', 'example_branch_datetime_operator']) retrieved from /home/airflow/.local/lib/python3.8/site-packages/airflow/example_dags/example_branch_datetime_operator.py
[2023-12-09T14:09:49.349+0000] {logging_mixin.py:154} INFO - [2023-12-09T14:09:49.349+0000] {dag.py:2941} INFO - Sync 3 DAGs
[2023-12-09T14:09:49.362+0000] {logging_mixin.py:154} INFO - [2023-12-09T14:09:49.362+0000] {dag.py:3722} INFO - Setting next_dagrun for example_branch_datetime_operator to 2023-12-08T00:00:00+00:00, run_after=2023-12-09T00:00:00+00:00
[2023-12-09T14:09:49.365+0000] {logging_mixin.py:154} INFO - [2023-12-09T14:09:49.365+0000] {dag.py:3722} INFO - Setting next_dagrun for example_branch_datetime_operator_2 to 2023-12-08T00:00:00+00:00, run_after=2023-12-09T00:00:00+00:00
[2023-12-09T14:09:49.366+0000] {logging_mixin.py:154} INFO - [2023-12-09T14:09:49.366+0000] {dag.py:3722} INFO - Setting next_dagrun for example_branch_datetime_operator_3 to 2023-12-08T00:00:00+00:00, run_after=2023-12-09T00:00:00+00:00
[2023-12-09T14:09:49.374+0000] {processor.py:179} INFO - Processing /home/airflow/.local/lib/python3.8/site-packages/airflow/example_dags/example_branch_datetime_operator.py took 0.054 seconds
[2023-12-09T14:10:19.415+0000] {processor.py:157} INFO - Started process (PID=1213) to work on /home/airflow/.local/lib/python3.8/site-packages/airflow/example_dags/example_branch_datetime_operator.py
[2023-12-09T14:10:19.415+0000] {processor.py:829} INFO - Processing file /home/airflow/.local/lib/python3.8/site-packages/airflow/example_dags/example_branch_datetime_operator.py for tasks to queue
[2023-12-09T14:10:19.416+0000] {logging_mixin.py:154} INFO - [2023-12-09T14:10:19.416+0000] {dagbag.py:536} INFO - Filling up the DagBag from /home/airflow/.local/lib/python3.8/site-packages/airflow/example_dags/example_branch_datetime_operator.py
[2023-12-09T14:10:19.421+0000] {processor.py:839} INFO - DAG(s) dict_keys(['example_branch_datetime_operator', 'example_branch_datetime_operator_3', 'example_branch_datetime_operator_2']) retrieved from /home/airflow/.local/lib/python3.8/site-packages/airflow/example_dags/example_branch_datetime_operator.py
[2023-12-09T14:10:19.437+0000] {logging_mixin.py:154} INFO - [2023-12-09T14:10:19.437+0000] {dag.py:2941} INFO - Sync 3 DAGs
[2023-12-09T14:10:19.451+0000] {logging_mixin.py:154} INFO - [2023-12-09T14:10:19.451+0000] {dag.py:3722} INFO - Setting next_dagrun for example_branch_datetime_operator to 2023-12-08T00:00:00+00:00, run_after=2023-12-09T00:00:00+00:00
[2023-12-09T14:10:19.454+0000] {logging_mixin.py:154} INFO - [2023-12-09T14:10:19.454+0000] {dag.py:3722} INFO - Setting next_dagrun for example_branch_datetime_operator_2 to 2023-12-08T00:00:00+00:00, run_after=2023-12-09T00:00:00+00:00
[2023-12-09T14:10:19.455+0000] {logging_mixin.py:154} INFO - [2023-12-09T14:10:19.455+0000] {dag.py:3722} INFO - Setting next_dagrun for example_branch_datetime_operator_3 to 2023-12-08T00:00:00+00:00, run_after=2023-12-09T00:00:00+00:00
[2023-12-09T14:10:19.463+0000] {processor.py:179} INFO - Processing /home/airflow/.local/lib/python3.8/site-packages/airflow/example_dags/example_branch_datetime_operator.py took 0.051 seconds
[2023-12-09T14:10:50.264+0000] {processor.py:157} INFO - Started process (PID=1453) to work on /home/airflow/.local/lib/python3.8/site-packages/airflow/example_dags/example_branch_datetime_operator.py
[2023-12-09T14:10:50.270+0000] {processor.py:829} INFO - Processing file /home/airflow/.local/lib/python3.8/site-packages/airflow/example_dags/example_branch_datetime_operator.py for tasks to queue
[2023-12-09T14:10:50.271+0000] {logging_mixin.py:154} INFO - [2023-12-09T14:10:50.270+0000] {dagbag.py:536} INFO - Filling up the DagBag from /home/airflow/.local/lib/python3.8/site-packages/airflow/example_dags/example_branch_datetime_operator.py
[2023-12-09T14:10:50.282+0000] {processor.py:839} INFO - DAG(s) dict_keys(['example_branch_datetime_operator_3', 'example_branch_datetime_operator', 'example_branch_datetime_operator_2']) retrieved from /home/airflow/.local/lib/python3.8/site-packages/airflow/example_dags/example_branch_datetime_operator.py
[2023-12-09T14:10:50.299+0000] {logging_mixin.py:154} INFO - [2023-12-09T14:10:50.299+0000] {dag.py:2941} INFO - Sync 3 DAGs
[2023-12-09T14:10:50.311+0000] {logging_mixin.py:154} INFO - [2023-12-09T14:10:50.311+0000] {dag.py:3722} INFO - Setting next_dagrun for example_branch_datetime_operator to 2023-12-08T00:00:00+00:00, run_after=2023-12-09T00:00:00+00:00
[2023-12-09T14:10:50.313+0000] {logging_mixin.py:154} INFO - [2023-12-09T14:10:50.313+0000] {dag.py:3722} INFO - Setting next_dagrun for example_branch_datetime_operator_2 to 2023-12-08T00:00:00+00:00, run_after=2023-12-09T00:00:00+00:00
[2023-12-09T14:10:50.315+0000] {logging_mixin.py:154} INFO - [2023-12-09T14:10:50.315+0000] {dag.py:3722} INFO - Setting next_dagrun for example_branch_datetime_operator_3 to 2023-12-08T00:00:00+00:00, run_after=2023-12-09T00:00:00+00:00
[2023-12-09T14:10:50.322+0000] {processor.py:179} INFO - Processing /home/airflow/.local/lib/python3.8/site-packages/airflow/example_dags/example_branch_datetime_operator.py took 0.061 seconds
[2023-12-09T14:11:21.105+0000] {processor.py:157} INFO - Started process (PID=1691) to work on /home/airflow/.local/lib/python3.8/site-packages/airflow/example_dags/example_branch_datetime_operator.py
[2023-12-09T14:11:21.106+0000] {processor.py:829} INFO - Processing file /home/airflow/.local/lib/python3.8/site-packages/airflow/example_dags/example_branch_datetime_operator.py for tasks to queue
[2023-12-09T14:11:21.106+0000] {logging_mixin.py:154} INFO - [2023-12-09T14:11:21.106+0000] {dagbag.py:536} INFO - Filling up the DagBag from /home/airflow/.local/lib/python3.8/site-packages/airflow/example_dags/example_branch_datetime_operator.py
[2023-12-09T14:11:21.112+0000] {processor.py:839} INFO - DAG(s) dict_keys(['example_branch_datetime_operator', 'example_branch_datetime_operator_2', 'example_branch_datetime_operator_3']) retrieved from /home/airflow/.local/lib/python3.8/site-packages/airflow/example_dags/example_branch_datetime_operator.py
[2023-12-09T14:11:21.128+0000] {logging_mixin.py:154} INFO - [2023-12-09T14:11:21.128+0000] {dag.py:2941} INFO - Sync 3 DAGs
[2023-12-09T14:11:21.141+0000] {logging_mixin.py:154} INFO - [2023-12-09T14:11:21.141+0000] {dag.py:3722} INFO - Setting next_dagrun for example_branch_datetime_operator to 2023-12-08T00:00:00+00:00, run_after=2023-12-09T00:00:00+00:00
[2023-12-09T14:11:21.143+0000] {logging_mixin.py:154} INFO - [2023-12-09T14:11:21.143+0000] {dag.py:3722} INFO - Setting next_dagrun for example_branch_datetime_operator_2 to 2023-12-08T00:00:00+00:00, run_after=2023-12-09T00:00:00+00:00
[2023-12-09T14:11:21.144+0000] {logging_mixin.py:154} INFO - [2023-12-09T14:11:21.144+0000] {dag.py:3722} INFO - Setting next_dagrun for example_branch_datetime_operator_3 to 2023-12-08T00:00:00+00:00, run_after=2023-12-09T00:00:00+00:00
[2023-12-09T14:11:21.152+0000] {processor.py:179} INFO - Processing /home/airflow/.local/lib/python3.8/site-packages/airflow/example_dags/example_branch_datetime_operator.py took 0.049 seconds
[2023-12-09T14:11:51.240+0000] {processor.py:157} INFO - Started process (PID=1927) to work on /home/airflow/.local/lib/python3.8/site-packages/airflow/example_dags/example_branch_datetime_operator.py
[2023-12-09T14:11:51.241+0000] {processor.py:829} INFO - Processing file /home/airflow/.local/lib/python3.8/site-packages/airflow/example_dags/example_branch_datetime_operator.py for tasks to queue
[2023-12-09T14:11:51.242+0000] {logging_mixin.py:154} INFO - [2023-12-09T14:11:51.241+0000] {dagbag.py:536} INFO - Filling up the DagBag from /home/airflow/.local/lib/python3.8/site-packages/airflow/example_dags/example_branch_datetime_operator.py
[2023-12-09T14:11:51.248+0000] {processor.py:839} INFO - DAG(s) dict_keys(['example_branch_datetime_operator', 'example_branch_datetime_operator_3', 'example_branch_datetime_operator_2']) retrieved from /home/airflow/.local/lib/python3.8/site-packages/airflow/example_dags/example_branch_datetime_operator.py
[2023-12-09T14:11:51.265+0000] {logging_mixin.py:154} INFO - [2023-12-09T14:11:51.265+0000] {dag.py:2941} INFO - Sync 3 DAGs
[2023-12-09T14:11:51.278+0000] {logging_mixin.py:154} INFO - [2023-12-09T14:11:51.278+0000] {dag.py:3722} INFO - Setting next_dagrun for example_branch_datetime_operator to 2023-12-08T00:00:00+00:00, run_after=2023-12-09T00:00:00+00:00
[2023-12-09T14:11:51.282+0000] {logging_mixin.py:154} INFO - [2023-12-09T14:11:51.282+0000] {dag.py:3722} INFO - Setting next_dagrun for example_branch_datetime_operator_2 to 2023-12-08T00:00:00+00:00, run_after=2023-12-09T00:00:00+00:00
[2023-12-09T14:11:51.283+0000] {logging_mixin.py:154} INFO - [2023-12-09T14:11:51.283+0000] {dag.py:3722} INFO - Setting next_dagrun for example_branch_datetime_operator_3 to 2023-12-08T00:00:00+00:00, run_after=2023-12-09T00:00:00+00:00
[2023-12-09T14:11:51.294+0000] {processor.py:179} INFO - Processing /home/airflow/.local/lib/python3.8/site-packages/airflow/example_dags/example_branch_datetime_operator.py took 0.056 seconds
[2023-12-09T14:12:21.346+0000] {processor.py:157} INFO - Started process (PID=2165) to work on /home/airflow/.local/lib/python3.8/site-packages/airflow/example_dags/example_branch_datetime_operator.py
[2023-12-09T14:12:21.347+0000] {processor.py:829} INFO - Processing file /home/airflow/.local/lib/python3.8/site-packages/airflow/example_dags/example_branch_datetime_operator.py for tasks to queue
[2023-12-09T14:12:21.347+0000] {logging_mixin.py:154} INFO - [2023-12-09T14:12:21.347+0000] {dagbag.py:536} INFO - Filling up the DagBag from /home/airflow/.local/lib/python3.8/site-packages/airflow/example_dags/example_branch_datetime_operator.py
[2023-12-09T14:12:21.353+0000] {processor.py:839} INFO - DAG(s) dict_keys(['example_branch_datetime_operator', 'example_branch_datetime_operator_3', 'example_branch_datetime_operator_2']) retrieved from /home/airflow/.local/lib/python3.8/site-packages/airflow/example_dags/example_branch_datetime_operator.py
[2023-12-09T14:12:21.369+0000] {logging_mixin.py:154} INFO - [2023-12-09T14:12:21.369+0000] {dag.py:2941} INFO - Sync 3 DAGs
[2023-12-09T14:12:21.381+0000] {logging_mixin.py:154} INFO - [2023-12-09T14:12:21.381+0000] {dag.py:3722} INFO - Setting next_dagrun for example_branch_datetime_operator to 2023-12-08T00:00:00+00:00, run_after=2023-12-09T00:00:00+00:00
[2023-12-09T14:12:21.383+0000] {logging_mixin.py:154} INFO - [2023-12-09T14:12:21.383+0000] {dag.py:3722} INFO - Setting next_dagrun for example_branch_datetime_operator_2 to 2023-12-08T00:00:00+00:00, run_after=2023-12-09T00:00:00+00:00
[2023-12-09T14:12:21.384+0000] {logging_mixin.py:154} INFO - [2023-12-09T14:12:21.384+0000] {dag.py:3722} INFO - Setting next_dagrun for example_branch_datetime_operator_3 to 2023-12-08T00:00:00+00:00, run_after=2023-12-09T00:00:00+00:00
[2023-12-09T14:12:21.392+0000] {processor.py:179} INFO - Processing /home/airflow/.local/lib/python3.8/site-packages/airflow/example_dags/example_branch_datetime_operator.py took 0.048 seconds
[2023-12-09T14:12:52.055+0000] {processor.py:157} INFO - Started process (PID=2398) to work on /home/airflow/.local/lib/python3.8/site-packages/airflow/example_dags/example_branch_datetime_operator.py
[2023-12-09T14:12:52.056+0000] {processor.py:829} INFO - Processing file /home/airflow/.local/lib/python3.8/site-packages/airflow/example_dags/example_branch_datetime_operator.py for tasks to queue
[2023-12-09T14:12:52.057+0000] {logging_mixin.py:154} INFO - [2023-12-09T14:12:52.057+0000] {dagbag.py:536} INFO - Filling up the DagBag from /home/airflow/.local/lib/python3.8/site-packages/airflow/example_dags/example_branch_datetime_operator.py
[2023-12-09T14:12:52.063+0000] {processor.py:839} INFO - DAG(s) dict_keys(['example_branch_datetime_operator', 'example_branch_datetime_operator_2', 'example_branch_datetime_operator_3']) retrieved from /home/airflow/.local/lib/python3.8/site-packages/airflow/example_dags/example_branch_datetime_operator.py
[2023-12-09T14:12:52.079+0000] {logging_mixin.py:154} INFO - [2023-12-09T14:12:52.079+0000] {dag.py:2941} INFO - Sync 3 DAGs
[2023-12-09T14:12:52.092+0000] {logging_mixin.py:154} INFO - [2023-12-09T14:12:52.092+0000] {dag.py:3722} INFO - Setting next_dagrun for example_branch_datetime_operator to 2023-12-08T00:00:00+00:00, run_after=2023-12-09T00:00:00+00:00
[2023-12-09T14:12:52.095+0000] {logging_mixin.py:154} INFO - [2023-12-09T14:12:52.095+0000] {dag.py:3722} INFO - Setting next_dagrun for example_branch_datetime_operator_2 to 2023-12-08T00:00:00+00:00, run_after=2023-12-09T00:00:00+00:00
[2023-12-09T14:12:52.097+0000] {logging_mixin.py:154} INFO - [2023-12-09T14:12:52.097+0000] {dag.py:3722} INFO - Setting next_dagrun for example_branch_datetime_operator_3 to 2023-12-08T00:00:00+00:00, run_after=2023-12-09T00:00:00+00:00
[2023-12-09T14:12:52.110+0000] {processor.py:179} INFO - Processing /home/airflow/.local/lib/python3.8/site-packages/airflow/example_dags/example_branch_datetime_operator.py took 0.057 seconds
[2023-12-09T14:13:23.131+0000] {processor.py:157} INFO - Started process (PID=2641) to work on /home/airflow/.local/lib/python3.8/site-packages/airflow/example_dags/example_branch_datetime_operator.py
[2023-12-09T14:13:23.133+0000] {processor.py:829} INFO - Processing file /home/airflow/.local/lib/python3.8/site-packages/airflow/example_dags/example_branch_datetime_operator.py for tasks to queue
[2023-12-09T14:13:23.134+0000] {logging_mixin.py:154} INFO - [2023-12-09T14:13:23.134+0000] {dagbag.py:536} INFO - Filling up the DagBag from /home/airflow/.local/lib/python3.8/site-packages/airflow/example_dags/example_branch_datetime_operator.py
[2023-12-09T14:13:23.147+0000] {processor.py:839} INFO - DAG(s) dict_keys(['example_branch_datetime_operator_3', 'example_branch_datetime_operator', 'example_branch_datetime_operator_2']) retrieved from /home/airflow/.local/lib/python3.8/site-packages/airflow/example_dags/example_branch_datetime_operator.py
[2023-12-09T14:13:23.175+0000] {logging_mixin.py:154} INFO - [2023-12-09T14:13:23.175+0000] {dag.py:2941} INFO - Sync 3 DAGs
[2023-12-09T14:13:23.188+0000] {logging_mixin.py:154} INFO - [2023-12-09T14:13:23.188+0000] {dag.py:3722} INFO - Setting next_dagrun for example_branch_datetime_operator to 2023-12-08T00:00:00+00:00, run_after=2023-12-09T00:00:00+00:00
[2023-12-09T14:13:23.191+0000] {logging_mixin.py:154} INFO - [2023-12-09T14:13:23.191+0000] {dag.py:3722} INFO - Setting next_dagrun for example_branch_datetime_operator_2 to 2023-12-08T00:00:00+00:00, run_after=2023-12-09T00:00:00+00:00
[2023-12-09T14:13:23.193+0000] {logging_mixin.py:154} INFO - [2023-12-09T14:13:23.193+0000] {dag.py:3722} INFO - Setting next_dagrun for example_branch_datetime_operator_3 to 2023-12-08T00:00:00+00:00, run_after=2023-12-09T00:00:00+00:00
[2023-12-09T14:13:23.204+0000] {processor.py:179} INFO - Processing /home/airflow/.local/lib/python3.8/site-packages/airflow/example_dags/example_branch_datetime_operator.py took 0.075 seconds
[2023-12-09T14:13:54.011+0000] {processor.py:157} INFO - Started process (PID=2881) to work on /home/airflow/.local/lib/python3.8/site-packages/airflow/example_dags/example_branch_datetime_operator.py
[2023-12-09T14:13:54.012+0000] {processor.py:829} INFO - Processing file /home/airflow/.local/lib/python3.8/site-packages/airflow/example_dags/example_branch_datetime_operator.py for tasks to queue
[2023-12-09T14:13:54.012+0000] {logging_mixin.py:154} INFO - [2023-12-09T14:13:54.012+0000] {dagbag.py:536} INFO - Filling up the DagBag from /home/airflow/.local/lib/python3.8/site-packages/airflow/example_dags/example_branch_datetime_operator.py
[2023-12-09T14:13:54.018+0000] {processor.py:839} INFO - DAG(s) dict_keys(['example_branch_datetime_operator_2', 'example_branch_datetime_operator', 'example_branch_datetime_operator_3']) retrieved from /home/airflow/.local/lib/python3.8/site-packages/airflow/example_dags/example_branch_datetime_operator.py
[2023-12-09T14:13:54.035+0000] {logging_mixin.py:154} INFO - [2023-12-09T14:13:54.035+0000] {dag.py:2941} INFO - Sync 3 DAGs
[2023-12-09T14:13:54.048+0000] {logging_mixin.py:154} INFO - [2023-12-09T14:13:54.048+0000] {dag.py:3722} INFO - Setting next_dagrun for example_branch_datetime_operator to 2023-12-08T00:00:00+00:00, run_after=2023-12-09T00:00:00+00:00
[2023-12-09T14:13:54.051+0000] {logging_mixin.py:154} INFO - [2023-12-09T14:13:54.050+0000] {dag.py:3722} INFO - Setting next_dagrun for example_branch_datetime_operator_2 to 2023-12-08T00:00:00+00:00, run_after=2023-12-09T00:00:00+00:00
[2023-12-09T14:13:54.052+0000] {logging_mixin.py:154} INFO - [2023-12-09T14:13:54.052+0000] {dag.py:3722} INFO - Setting next_dagrun for example_branch_datetime_operator_3 to 2023-12-08T00:00:00+00:00, run_after=2023-12-09T00:00:00+00:00
[2023-12-09T14:13:54.060+0000] {processor.py:179} INFO - Processing /home/airflow/.local/lib/python3.8/site-packages/airflow/example_dags/example_branch_datetime_operator.py took 0.052 seconds
[2023-12-09T14:14:24.754+0000] {processor.py:157} INFO - Started process (PID=3117) to work on /home/airflow/.local/lib/python3.8/site-packages/airflow/example_dags/example_branch_datetime_operator.py
[2023-12-09T14:14:24.755+0000] {processor.py:829} INFO - Processing file /home/airflow/.local/lib/python3.8/site-packages/airflow/example_dags/example_branch_datetime_operator.py for tasks to queue
[2023-12-09T14:14:24.756+0000] {logging_mixin.py:154} INFO - [2023-12-09T14:14:24.756+0000] {dagbag.py:536} INFO - Filling up the DagBag from /home/airflow/.local/lib/python3.8/site-packages/airflow/example_dags/example_branch_datetime_operator.py
[2023-12-09T14:14:24.761+0000] {processor.py:839} INFO - DAG(s) dict_keys(['example_branch_datetime_operator_2', 'example_branch_datetime_operator', 'example_branch_datetime_operator_3']) retrieved from /home/airflow/.local/lib/python3.8/site-packages/airflow/example_dags/example_branch_datetime_operator.py
[2023-12-09T14:14:24.778+0000] {logging_mixin.py:154} INFO - [2023-12-09T14:14:24.778+0000] {dag.py:2941} INFO - Sync 3 DAGs
[2023-12-09T14:14:24.790+0000] {logging_mixin.py:154} INFO - [2023-12-09T14:14:24.790+0000] {dag.py:3722} INFO - Setting next_dagrun for example_branch_datetime_operator to 2023-12-08T00:00:00+00:00, run_after=2023-12-09T00:00:00+00:00
[2023-12-09T14:14:24.793+0000] {logging_mixin.py:154} INFO - [2023-12-09T14:14:24.793+0000] {dag.py:3722} INFO - Setting next_dagrun for example_branch_datetime_operator_2 to 2023-12-08T00:00:00+00:00, run_after=2023-12-09T00:00:00+00:00
[2023-12-09T14:14:24.794+0000] {logging_mixin.py:154} INFO - [2023-12-09T14:14:24.794+0000] {dag.py:3722} INFO - Setting next_dagrun for example_branch_datetime_operator_3 to 2023-12-08T00:00:00+00:00, run_after=2023-12-09T00:00:00+00:00
[2023-12-09T14:14:24.802+0000] {processor.py:179} INFO - Processing /home/airflow/.local/lib/python3.8/site-packages/airflow/example_dags/example_branch_datetime_operator.py took 0.052 seconds
[2023-12-09T14:14:55.547+0000] {processor.py:157} INFO - Started process (PID=3355) to work on /home/airflow/.local/lib/python3.8/site-packages/airflow/example_dags/example_branch_datetime_operator.py
[2023-12-09T14:14:55.548+0000] {processor.py:829} INFO - Processing file /home/airflow/.local/lib/python3.8/site-packages/airflow/example_dags/example_branch_datetime_operator.py for tasks to queue
[2023-12-09T14:14:55.549+0000] {logging_mixin.py:154} INFO - [2023-12-09T14:14:55.549+0000] {dagbag.py:536} INFO - Filling up the DagBag from /home/airflow/.local/lib/python3.8/site-packages/airflow/example_dags/example_branch_datetime_operator.py
[2023-12-09T14:14:55.557+0000] {processor.py:839} INFO - DAG(s) dict_keys(['example_branch_datetime_operator_2', 'example_branch_datetime_operator_3', 'example_branch_datetime_operator']) retrieved from /home/airflow/.local/lib/python3.8/site-packages/airflow/example_dags/example_branch_datetime_operator.py
[2023-12-09T14:14:55.573+0000] {logging_mixin.py:154} INFO - [2023-12-09T14:14:55.573+0000] {dag.py:2941} INFO - Sync 3 DAGs
[2023-12-09T14:14:55.586+0000] {logging_mixin.py:154} INFO - [2023-12-09T14:14:55.586+0000] {dag.py:3722} INFO - Setting next_dagrun for example_branch_datetime_operator to 2023-12-08T00:00:00+00:00, run_after=2023-12-09T00:00:00+00:00
[2023-12-09T14:14:55.588+0000] {logging_mixin.py:154} INFO - [2023-12-09T14:14:55.588+0000] {dag.py:3722} INFO - Setting next_dagrun for example_branch_datetime_operator_2 to 2023-12-08T00:00:00+00:00, run_after=2023-12-09T00:00:00+00:00
[2023-12-09T14:14:55.590+0000] {logging_mixin.py:154} INFO - [2023-12-09T14:14:55.589+0000] {dag.py:3722} INFO - Setting next_dagrun for example_branch_datetime_operator_3 to 2023-12-08T00:00:00+00:00, run_after=2023-12-09T00:00:00+00:00
[2023-12-09T14:14:55.598+0000] {processor.py:179} INFO - Processing /home/airflow/.local/lib/python3.8/site-packages/airflow/example_dags/example_branch_datetime_operator.py took 0.055 seconds
[2023-12-09T14:15:26.245+0000] {processor.py:157} INFO - Started process (PID=3595) to work on /home/airflow/.local/lib/python3.8/site-packages/airflow/example_dags/example_branch_datetime_operator.py
[2023-12-09T14:15:26.246+0000] {processor.py:829} INFO - Processing file /home/airflow/.local/lib/python3.8/site-packages/airflow/example_dags/example_branch_datetime_operator.py for tasks to queue
[2023-12-09T14:15:26.246+0000] {logging_mixin.py:154} INFO - [2023-12-09T14:15:26.246+0000] {dagbag.py:536} INFO - Filling up the DagBag from /home/airflow/.local/lib/python3.8/site-packages/airflow/example_dags/example_branch_datetime_operator.py
[2023-12-09T14:15:26.252+0000] {processor.py:839} INFO - DAG(s) dict_keys(['example_branch_datetime_operator', 'example_branch_datetime_operator_2', 'example_branch_datetime_operator_3']) retrieved from /home/airflow/.local/lib/python3.8/site-packages/airflow/example_dags/example_branch_datetime_operator.py
[2023-12-09T14:15:26.267+0000] {logging_mixin.py:154} INFO - [2023-12-09T14:15:26.266+0000] {dag.py:2941} INFO - Sync 3 DAGs
[2023-12-09T14:15:26.278+0000] {logging_mixin.py:154} INFO - [2023-12-09T14:15:26.278+0000] {dag.py:3722} INFO - Setting next_dagrun for example_branch_datetime_operator to 2023-12-08T00:00:00+00:00, run_after=2023-12-09T00:00:00+00:00
[2023-12-09T14:15:26.280+0000] {logging_mixin.py:154} INFO - [2023-12-09T14:15:26.280+0000] {dag.py:3722} INFO - Setting next_dagrun for example_branch_datetime_operator_2 to 2023-12-08T00:00:00+00:00, run_after=2023-12-09T00:00:00+00:00
[2023-12-09T14:15:26.281+0000] {logging_mixin.py:154} INFO - [2023-12-09T14:15:26.281+0000] {dag.py:3722} INFO - Setting next_dagrun for example_branch_datetime_operator_3 to 2023-12-08T00:00:00+00:00, run_after=2023-12-09T00:00:00+00:00
[2023-12-09T14:15:26.288+0000] {processor.py:179} INFO - Processing /home/airflow/.local/lib/python3.8/site-packages/airflow/example_dags/example_branch_datetime_operator.py took 0.045 seconds
[2023-12-09T14:15:57.239+0000] {processor.py:157} INFO - Started process (PID=3831) to work on /home/airflow/.local/lib/python3.8/site-packages/airflow/example_dags/example_branch_datetime_operator.py
[2023-12-09T14:15:57.241+0000] {processor.py:829} INFO - Processing file /home/airflow/.local/lib/python3.8/site-packages/airflow/example_dags/example_branch_datetime_operator.py for tasks to queue
[2023-12-09T14:15:57.243+0000] {logging_mixin.py:154} INFO - [2023-12-09T14:15:57.242+0000] {dagbag.py:536} INFO - Filling up the DagBag from /home/airflow/.local/lib/python3.8/site-packages/airflow/example_dags/example_branch_datetime_operator.py
[2023-12-09T14:15:57.249+0000] {processor.py:839} INFO - DAG(s) dict_keys(['example_branch_datetime_operator', 'example_branch_datetime_operator_3', 'example_branch_datetime_operator_2']) retrieved from /home/airflow/.local/lib/python3.8/site-packages/airflow/example_dags/example_branch_datetime_operator.py
[2023-12-09T14:15:57.269+0000] {logging_mixin.py:154} INFO - [2023-12-09T14:15:57.269+0000] {dag.py:2941} INFO - Sync 3 DAGs
[2023-12-09T14:15:57.284+0000] {logging_mixin.py:154} INFO - [2023-12-09T14:15:57.284+0000] {dag.py:3722} INFO - Setting next_dagrun for example_branch_datetime_operator to 2023-12-08T00:00:00+00:00, run_after=2023-12-09T00:00:00+00:00
[2023-12-09T14:15:57.286+0000] {logging_mixin.py:154} INFO - [2023-12-09T14:15:57.286+0000] {dag.py:3722} INFO - Setting next_dagrun for example_branch_datetime_operator_2 to 2023-12-08T00:00:00+00:00, run_after=2023-12-09T00:00:00+00:00
[2023-12-09T14:15:57.288+0000] {logging_mixin.py:154} INFO - [2023-12-09T14:15:57.288+0000] {dag.py:3722} INFO - Setting next_dagrun for example_branch_datetime_operator_3 to 2023-12-08T00:00:00+00:00, run_after=2023-12-09T00:00:00+00:00
[2023-12-09T14:15:57.299+0000] {processor.py:179} INFO - Processing /home/airflow/.local/lib/python3.8/site-packages/airflow/example_dags/example_branch_datetime_operator.py took 0.063 seconds
[2023-12-09T14:16:28.182+0000] {processor.py:157} INFO - Started process (PID=4071) to work on /home/airflow/.local/lib/python3.8/site-packages/airflow/example_dags/example_branch_datetime_operator.py
[2023-12-09T14:16:28.183+0000] {processor.py:829} INFO - Processing file /home/airflow/.local/lib/python3.8/site-packages/airflow/example_dags/example_branch_datetime_operator.py for tasks to queue
[2023-12-09T14:16:28.184+0000] {logging_mixin.py:154} INFO - [2023-12-09T14:16:28.183+0000] {dagbag.py:536} INFO - Filling up the DagBag from /home/airflow/.local/lib/python3.8/site-packages/airflow/example_dags/example_branch_datetime_operator.py
[2023-12-09T14:16:28.189+0000] {processor.py:839} INFO - DAG(s) dict_keys(['example_branch_datetime_operator', 'example_branch_datetime_operator_2', 'example_branch_datetime_operator_3']) retrieved from /home/airflow/.local/lib/python3.8/site-packages/airflow/example_dags/example_branch_datetime_operator.py
[2023-12-09T14:16:28.206+0000] {logging_mixin.py:154} INFO - [2023-12-09T14:16:28.206+0000] {dag.py:2941} INFO - Sync 3 DAGs
[2023-12-09T14:16:28.219+0000] {logging_mixin.py:154} INFO - [2023-12-09T14:16:28.218+0000] {dag.py:3722} INFO - Setting next_dagrun for example_branch_datetime_operator to 2023-12-08T00:00:00+00:00, run_after=2023-12-09T00:00:00+00:00
[2023-12-09T14:16:28.221+0000] {logging_mixin.py:154} INFO - [2023-12-09T14:16:28.221+0000] {dag.py:3722} INFO - Setting next_dagrun for example_branch_datetime_operator_2 to 2023-12-08T00:00:00+00:00, run_after=2023-12-09T00:00:00+00:00
[2023-12-09T14:16:28.223+0000] {logging_mixin.py:154} INFO - [2023-12-09T14:16:28.223+0000] {dag.py:3722} INFO - Setting next_dagrun for example_branch_datetime_operator_3 to 2023-12-08T00:00:00+00:00, run_after=2023-12-09T00:00:00+00:00
[2023-12-09T14:16:28.231+0000] {processor.py:179} INFO - Processing /home/airflow/.local/lib/python3.8/site-packages/airflow/example_dags/example_branch_datetime_operator.py took 0.051 seconds
[2023-12-09T14:16:58.854+0000] {processor.py:157} INFO - Started process (PID=4307) to work on /home/airflow/.local/lib/python3.8/site-packages/airflow/example_dags/example_branch_datetime_operator.py
[2023-12-09T14:16:58.855+0000] {processor.py:829} INFO - Processing file /home/airflow/.local/lib/python3.8/site-packages/airflow/example_dags/example_branch_datetime_operator.py for tasks to queue
[2023-12-09T14:16:58.855+0000] {logging_mixin.py:154} INFO - [2023-12-09T14:16:58.855+0000] {dagbag.py:536} INFO - Filling up the DagBag from /home/airflow/.local/lib/python3.8/site-packages/airflow/example_dags/example_branch_datetime_operator.py
[2023-12-09T14:16:58.861+0000] {processor.py:839} INFO - DAG(s) dict_keys(['example_branch_datetime_operator_2', 'example_branch_datetime_operator_3', 'example_branch_datetime_operator']) retrieved from /home/airflow/.local/lib/python3.8/site-packages/airflow/example_dags/example_branch_datetime_operator.py
[2023-12-09T14:16:58.880+0000] {logging_mixin.py:154} INFO - [2023-12-09T14:16:58.879+0000] {dag.py:2941} INFO - Sync 3 DAGs
[2023-12-09T14:16:58.893+0000] {logging_mixin.py:154} INFO - [2023-12-09T14:16:58.893+0000] {dag.py:3722} INFO - Setting next_dagrun for example_branch_datetime_operator to 2023-12-08T00:00:00+00:00, run_after=2023-12-09T00:00:00+00:00
[2023-12-09T14:16:58.895+0000] {logging_mixin.py:154} INFO - [2023-12-09T14:16:58.895+0000] {dag.py:3722} INFO - Setting next_dagrun for example_branch_datetime_operator_2 to 2023-12-08T00:00:00+00:00, run_after=2023-12-09T00:00:00+00:00
[2023-12-09T14:16:58.897+0000] {logging_mixin.py:154} INFO - [2023-12-09T14:16:58.897+0000] {dag.py:3722} INFO - Setting next_dagrun for example_branch_datetime_operator_3 to 2023-12-08T00:00:00+00:00, run_after=2023-12-09T00:00:00+00:00
[2023-12-09T14:16:58.905+0000] {processor.py:179} INFO - Processing /home/airflow/.local/lib/python3.8/site-packages/airflow/example_dags/example_branch_datetime_operator.py took 0.053 seconds
[2023-12-09T14:17:29.542+0000] {processor.py:157} INFO - Started process (PID=4545) to work on /home/airflow/.local/lib/python3.8/site-packages/airflow/example_dags/example_branch_datetime_operator.py
[2023-12-09T14:17:29.543+0000] {processor.py:829} INFO - Processing file /home/airflow/.local/lib/python3.8/site-packages/airflow/example_dags/example_branch_datetime_operator.py for tasks to queue
[2023-12-09T14:17:29.544+0000] {logging_mixin.py:154} INFO - [2023-12-09T14:17:29.544+0000] {dagbag.py:536} INFO - Filling up the DagBag from /home/airflow/.local/lib/python3.8/site-packages/airflow/example_dags/example_branch_datetime_operator.py
[2023-12-09T14:17:29.550+0000] {processor.py:839} INFO - DAG(s) dict_keys(['example_branch_datetime_operator_2', 'example_branch_datetime_operator', 'example_branch_datetime_operator_3']) retrieved from /home/airflow/.local/lib/python3.8/site-packages/airflow/example_dags/example_branch_datetime_operator.py
[2023-12-09T14:17:29.567+0000] {logging_mixin.py:154} INFO - [2023-12-09T14:17:29.567+0000] {dag.py:2941} INFO - Sync 3 DAGs
[2023-12-09T14:17:29.581+0000] {logging_mixin.py:154} INFO - [2023-12-09T14:17:29.580+0000] {dag.py:3722} INFO - Setting next_dagrun for example_branch_datetime_operator to 2023-12-08T00:00:00+00:00, run_after=2023-12-09T00:00:00+00:00
[2023-12-09T14:17:29.583+0000] {logging_mixin.py:154} INFO - [2023-12-09T14:17:29.583+0000] {dag.py:3722} INFO - Setting next_dagrun for example_branch_datetime_operator_2 to 2023-12-08T00:00:00+00:00, run_after=2023-12-09T00:00:00+00:00
[2023-12-09T14:17:29.585+0000] {logging_mixin.py:154} INFO - [2023-12-09T14:17:29.585+0000] {dag.py:3722} INFO - Setting next_dagrun for example_branch_datetime_operator_3 to 2023-12-08T00:00:00+00:00, run_after=2023-12-09T00:00:00+00:00
[2023-12-09T14:17:29.593+0000] {processor.py:179} INFO - Processing /home/airflow/.local/lib/python3.8/site-packages/airflow/example_dags/example_branch_datetime_operator.py took 0.053 seconds
[2023-12-09T14:18:00.319+0000] {processor.py:157} INFO - Started process (PID=4783) to work on /home/airflow/.local/lib/python3.8/site-packages/airflow/example_dags/example_branch_datetime_operator.py
[2023-12-09T14:18:00.320+0000] {processor.py:829} INFO - Processing file /home/airflow/.local/lib/python3.8/site-packages/airflow/example_dags/example_branch_datetime_operator.py for tasks to queue
[2023-12-09T14:18:00.321+0000] {logging_mixin.py:154} INFO - [2023-12-09T14:18:00.321+0000] {dagbag.py:536} INFO - Filling up the DagBag from /home/airflow/.local/lib/python3.8/site-packages/airflow/example_dags/example_branch_datetime_operator.py
[2023-12-09T14:18:00.328+0000] {processor.py:839} INFO - DAG(s) dict_keys(['example_branch_datetime_operator', 'example_branch_datetime_operator_3', 'example_branch_datetime_operator_2']) retrieved from /home/airflow/.local/lib/python3.8/site-packages/airflow/example_dags/example_branch_datetime_operator.py
[2023-12-09T14:18:00.352+0000] {logging_mixin.py:154} INFO - [2023-12-09T14:18:00.351+0000] {dag.py:2941} INFO - Sync 3 DAGs
[2023-12-09T14:18:00.366+0000] {logging_mixin.py:154} INFO - [2023-12-09T14:18:00.366+0000] {dag.py:3722} INFO - Setting next_dagrun for example_branch_datetime_operator to 2023-12-08T00:00:00+00:00, run_after=2023-12-09T00:00:00+00:00
[2023-12-09T14:18:00.369+0000] {logging_mixin.py:154} INFO - [2023-12-09T14:18:00.369+0000] {dag.py:3722} INFO - Setting next_dagrun for example_branch_datetime_operator_2 to 2023-12-08T00:00:00+00:00, run_after=2023-12-09T00:00:00+00:00
[2023-12-09T14:18:00.371+0000] {logging_mixin.py:154} INFO - [2023-12-09T14:18:00.371+0000] {dag.py:3722} INFO - Setting next_dagrun for example_branch_datetime_operator_3 to 2023-12-08T00:00:00+00:00, run_after=2023-12-09T00:00:00+00:00
[2023-12-09T14:18:00.385+0000] {processor.py:179} INFO - Processing /home/airflow/.local/lib/python3.8/site-packages/airflow/example_dags/example_branch_datetime_operator.py took 0.068 seconds
[2023-12-09T14:18:31.151+0000] {processor.py:157} INFO - Started process (PID=5021) to work on /home/airflow/.local/lib/python3.8/site-packages/airflow/example_dags/example_branch_datetime_operator.py
[2023-12-09T14:18:31.152+0000] {processor.py:829} INFO - Processing file /home/airflow/.local/lib/python3.8/site-packages/airflow/example_dags/example_branch_datetime_operator.py for tasks to queue
[2023-12-09T14:18:31.152+0000] {logging_mixin.py:154} INFO - [2023-12-09T14:18:31.152+0000] {dagbag.py:536} INFO - Filling up the DagBag from /home/airflow/.local/lib/python3.8/site-packages/airflow/example_dags/example_branch_datetime_operator.py
[2023-12-09T14:18:31.158+0000] {processor.py:839} INFO - DAG(s) dict_keys(['example_branch_datetime_operator_3', 'example_branch_datetime_operator', 'example_branch_datetime_operator_2']) retrieved from /home/airflow/.local/lib/python3.8/site-packages/airflow/example_dags/example_branch_datetime_operator.py
[2023-12-09T14:18:31.179+0000] {logging_mixin.py:154} INFO - [2023-12-09T14:18:31.178+0000] {dag.py:2941} INFO - Sync 3 DAGs
[2023-12-09T14:18:31.191+0000] {logging_mixin.py:154} INFO - [2023-12-09T14:18:31.191+0000] {dag.py:3722} INFO - Setting next_dagrun for example_branch_datetime_operator to 2023-12-08T00:00:00+00:00, run_after=2023-12-09T00:00:00+00:00
[2023-12-09T14:18:31.194+0000] {logging_mixin.py:154} INFO - [2023-12-09T14:18:31.194+0000] {dag.py:3722} INFO - Setting next_dagrun for example_branch_datetime_operator_2 to 2023-12-08T00:00:00+00:00, run_after=2023-12-09T00:00:00+00:00
[2023-12-09T14:18:31.195+0000] {logging_mixin.py:154} INFO - [2023-12-09T14:18:31.195+0000] {dag.py:3722} INFO - Setting next_dagrun for example_branch_datetime_operator_3 to 2023-12-08T00:00:00+00:00, run_after=2023-12-09T00:00:00+00:00
[2023-12-09T14:18:31.204+0000] {processor.py:179} INFO - Processing /home/airflow/.local/lib/python3.8/site-packages/airflow/example_dags/example_branch_datetime_operator.py took 0.056 seconds
[2023-12-09T14:19:01.832+0000] {processor.py:157} INFO - Started process (PID=5259) to work on /home/airflow/.local/lib/python3.8/site-packages/airflow/example_dags/example_branch_datetime_operator.py
[2023-12-09T14:19:01.833+0000] {processor.py:829} INFO - Processing file /home/airflow/.local/lib/python3.8/site-packages/airflow/example_dags/example_branch_datetime_operator.py for tasks to queue
[2023-12-09T14:19:01.834+0000] {logging_mixin.py:154} INFO - [2023-12-09T14:19:01.834+0000] {dagbag.py:536} INFO - Filling up the DagBag from /home/airflow/.local/lib/python3.8/site-packages/airflow/example_dags/example_branch_datetime_operator.py
[2023-12-09T14:19:01.841+0000] {processor.py:839} INFO - DAG(s) dict_keys(['example_branch_datetime_operator', 'example_branch_datetime_operator_2', 'example_branch_datetime_operator_3']) retrieved from /home/airflow/.local/lib/python3.8/site-packages/airflow/example_dags/example_branch_datetime_operator.py
[2023-12-09T14:19:01.862+0000] {logging_mixin.py:154} INFO - [2023-12-09T14:19:01.862+0000] {dag.py:2941} INFO - Sync 3 DAGs
[2023-12-09T14:19:01.876+0000] {logging_mixin.py:154} INFO - [2023-12-09T14:19:01.876+0000] {dag.py:3722} INFO - Setting next_dagrun for example_branch_datetime_operator to 2023-12-08T00:00:00+00:00, run_after=2023-12-09T00:00:00+00:00
[2023-12-09T14:19:01.879+0000] {logging_mixin.py:154} INFO - [2023-12-09T14:19:01.879+0000] {dag.py:3722} INFO - Setting next_dagrun for example_branch_datetime_operator_2 to 2023-12-08T00:00:00+00:00, run_after=2023-12-09T00:00:00+00:00
[2023-12-09T14:19:01.881+0000] {logging_mixin.py:154} INFO - [2023-12-09T14:19:01.880+0000] {dag.py:3722} INFO - Setting next_dagrun for example_branch_datetime_operator_3 to 2023-12-08T00:00:00+00:00, run_after=2023-12-09T00:00:00+00:00
[2023-12-09T14:19:01.889+0000] {processor.py:179} INFO - Processing /home/airflow/.local/lib/python3.8/site-packages/airflow/example_dags/example_branch_datetime_operator.py took 0.059 seconds
