[2023-12-09T14:08:17.427+0000] {processor.py:157} INFO - Started process (PID=196) to work on /home/airflow/.local/lib/python3.8/site-packages/airflow/example_dags/example_time_delta_sensor_async.py
[2023-12-09T14:08:17.428+0000] {processor.py:829} INFO - Processing file /home/airflow/.local/lib/python3.8/site-packages/airflow/example_dags/example_time_delta_sensor_async.py for tasks to queue
[2023-12-09T14:08:17.428+0000] {logging_mixin.py:154} INFO - [2023-12-09T14:08:17.428+0000] {dagbag.py:536} INFO - Filling up the DagBag from /home/airflow/.local/lib/python3.8/site-packages/airflow/example_dags/example_time_delta_sensor_async.py
[2023-12-09T14:08:17.435+0000] {processor.py:839} INFO - DAG(s) dict_keys(['example_time_delta_sensor_async']) retrieved from /home/airflow/.local/lib/python3.8/site-packages/airflow/example_dags/example_time_delta_sensor_async.py
[2023-12-09T14:08:17.444+0000] {logging_mixin.py:154} INFO - [2023-12-09T14:08:17.444+0000] {dag.py:2941} INFO - Sync 1 DAGs
[2023-12-09T14:08:17.453+0000] {logging_mixin.py:154} INFO - [2023-12-09T14:08:17.453+0000] {dag.py:3722} INFO - Setting next_dagrun for example_time_delta_sensor_async to None, run_after=None
[2023-12-09T14:08:17.468+0000] {processor.py:179} INFO - Processing /home/airflow/.local/lib/python3.8/site-packages/airflow/example_dags/example_time_delta_sensor_async.py took 0.044 seconds
[2023-12-09T14:08:47.877+0000] {processor.py:157} INFO - Started process (PID=434) to work on /home/airflow/.local/lib/python3.8/site-packages/airflow/example_dags/example_time_delta_sensor_async.py
[2023-12-09T14:08:47.878+0000] {processor.py:829} INFO - Processing file /home/airflow/.local/lib/python3.8/site-packages/airflow/example_dags/example_time_delta_sensor_async.py for tasks to queue
[2023-12-09T14:08:47.879+0000] {logging_mixin.py:154} INFO - [2023-12-09T14:08:47.878+0000] {dagbag.py:536} INFO - Filling up the DagBag from /home/airflow/.local/lib/python3.8/site-packages/airflow/example_dags/example_time_delta_sensor_async.py
[2023-12-09T14:08:47.882+0000] {processor.py:839} INFO - DAG(s) dict_keys(['example_time_delta_sensor_async']) retrieved from /home/airflow/.local/lib/python3.8/site-packages/airflow/example_dags/example_time_delta_sensor_async.py
[2023-12-09T14:08:47.896+0000] {logging_mixin.py:154} INFO - [2023-12-09T14:08:47.896+0000] {dag.py:2941} INFO - Sync 1 DAGs
[2023-12-09T14:08:47.903+0000] {logging_mixin.py:154} INFO - [2023-12-09T14:08:47.903+0000] {dag.py:3722} INFO - Setting next_dagrun for example_time_delta_sensor_async to None, run_after=None
[2023-12-09T14:08:47.911+0000] {processor.py:179} INFO - Processing /home/airflow/.local/lib/python3.8/site-packages/airflow/example_dags/example_time_delta_sensor_async.py took 0.036 seconds
[2023-12-09T14:09:18.699+0000] {processor.py:157} INFO - Started process (PID=674) to work on /home/airflow/.local/lib/python3.8/site-packages/airflow/example_dags/example_time_delta_sensor_async.py
[2023-12-09T14:09:18.699+0000] {processor.py:829} INFO - Processing file /home/airflow/.local/lib/python3.8/site-packages/airflow/example_dags/example_time_delta_sensor_async.py for tasks to queue
[2023-12-09T14:09:18.700+0000] {logging_mixin.py:154} INFO - [2023-12-09T14:09:18.700+0000] {dagbag.py:536} INFO - Filling up the DagBag from /home/airflow/.local/lib/python3.8/site-packages/airflow/example_dags/example_time_delta_sensor_async.py
[2023-12-09T14:09:18.703+0000] {processor.py:839} INFO - DAG(s) dict_keys(['example_time_delta_sensor_async']) retrieved from /home/airflow/.local/lib/python3.8/site-packages/airflow/example_dags/example_time_delta_sensor_async.py
[2023-12-09T14:09:18.716+0000] {logging_mixin.py:154} INFO - [2023-12-09T14:09:18.716+0000] {dag.py:2941} INFO - Sync 1 DAGs
[2023-12-09T14:09:18.723+0000] {logging_mixin.py:154} INFO - [2023-12-09T14:09:18.723+0000] {dag.py:3722} INFO - Setting next_dagrun for example_time_delta_sensor_async to None, run_after=None
[2023-12-09T14:09:18.732+0000] {processor.py:179} INFO - Processing /home/airflow/.local/lib/python3.8/site-packages/airflow/example_dags/example_time_delta_sensor_async.py took 0.036 seconds
[2023-12-09T14:09:48.856+0000] {processor.py:157} INFO - Started process (PID=912) to work on /home/airflow/.local/lib/python3.8/site-packages/airflow/example_dags/example_time_delta_sensor_async.py
[2023-12-09T14:09:48.857+0000] {processor.py:829} INFO - Processing file /home/airflow/.local/lib/python3.8/site-packages/airflow/example_dags/example_time_delta_sensor_async.py for tasks to queue
[2023-12-09T14:09:48.858+0000] {logging_mixin.py:154} INFO - [2023-12-09T14:09:48.858+0000] {dagbag.py:536} INFO - Filling up the DagBag from /home/airflow/.local/lib/python3.8/site-packages/airflow/example_dags/example_time_delta_sensor_async.py
[2023-12-09T14:09:48.862+0000] {processor.py:839} INFO - DAG(s) dict_keys(['example_time_delta_sensor_async']) retrieved from /home/airflow/.local/lib/python3.8/site-packages/airflow/example_dags/example_time_delta_sensor_async.py
[2023-12-09T14:09:48.876+0000] {logging_mixin.py:154} INFO - [2023-12-09T14:09:48.876+0000] {dag.py:2941} INFO - Sync 1 DAGs
[2023-12-09T14:09:48.882+0000] {logging_mixin.py:154} INFO - [2023-12-09T14:09:48.882+0000] {dag.py:3722} INFO - Setting next_dagrun for example_time_delta_sensor_async to None, run_after=None
[2023-12-09T14:09:48.892+0000] {processor.py:179} INFO - Processing /home/airflow/.local/lib/python3.8/site-packages/airflow/example_dags/example_time_delta_sensor_async.py took 0.038 seconds
[2023-12-09T14:10:18.932+0000] {processor.py:157} INFO - Started process (PID=1148) to work on /home/airflow/.local/lib/python3.8/site-packages/airflow/example_dags/example_time_delta_sensor_async.py
[2023-12-09T14:10:18.932+0000] {processor.py:829} INFO - Processing file /home/airflow/.local/lib/python3.8/site-packages/airflow/example_dags/example_time_delta_sensor_async.py for tasks to queue
[2023-12-09T14:10:18.933+0000] {logging_mixin.py:154} INFO - [2023-12-09T14:10:18.933+0000] {dagbag.py:536} INFO - Filling up the DagBag from /home/airflow/.local/lib/python3.8/site-packages/airflow/example_dags/example_time_delta_sensor_async.py
[2023-12-09T14:10:18.936+0000] {processor.py:839} INFO - DAG(s) dict_keys(['example_time_delta_sensor_async']) retrieved from /home/airflow/.local/lib/python3.8/site-packages/airflow/example_dags/example_time_delta_sensor_async.py
[2023-12-09T14:10:18.949+0000] {logging_mixin.py:154} INFO - [2023-12-09T14:10:18.949+0000] {dag.py:2941} INFO - Sync 1 DAGs
[2023-12-09T14:10:18.956+0000] {logging_mixin.py:154} INFO - [2023-12-09T14:10:18.956+0000] {dag.py:3722} INFO - Setting next_dagrun for example_time_delta_sensor_async to None, run_after=None
[2023-12-09T14:10:18.965+0000] {processor.py:179} INFO - Processing /home/airflow/.local/lib/python3.8/site-packages/airflow/example_dags/example_time_delta_sensor_async.py took 0.035 seconds
[2023-12-09T14:10:49.801+0000] {processor.py:157} INFO - Started process (PID=1386) to work on /home/airflow/.local/lib/python3.8/site-packages/airflow/example_dags/example_time_delta_sensor_async.py
[2023-12-09T14:10:49.802+0000] {processor.py:829} INFO - Processing file /home/airflow/.local/lib/python3.8/site-packages/airflow/example_dags/example_time_delta_sensor_async.py for tasks to queue
[2023-12-09T14:10:49.802+0000] {logging_mixin.py:154} INFO - [2023-12-09T14:10:49.802+0000] {dagbag.py:536} INFO - Filling up the DagBag from /home/airflow/.local/lib/python3.8/site-packages/airflow/example_dags/example_time_delta_sensor_async.py
[2023-12-09T14:10:49.805+0000] {processor.py:839} INFO - DAG(s) dict_keys(['example_time_delta_sensor_async']) retrieved from /home/airflow/.local/lib/python3.8/site-packages/airflow/example_dags/example_time_delta_sensor_async.py
[2023-12-09T14:10:49.820+0000] {logging_mixin.py:154} INFO - [2023-12-09T14:10:49.819+0000] {dag.py:2941} INFO - Sync 1 DAGs
[2023-12-09T14:10:49.827+0000] {logging_mixin.py:154} INFO - [2023-12-09T14:10:49.827+0000] {dag.py:3722} INFO - Setting next_dagrun for example_time_delta_sensor_async to None, run_after=None
[2023-12-09T14:10:49.836+0000] {processor.py:179} INFO - Processing /home/airflow/.local/lib/python3.8/site-packages/airflow/example_dags/example_time_delta_sensor_async.py took 0.037 seconds
[2023-12-09T14:11:20.634+0000] {processor.py:157} INFO - Started process (PID=1626) to work on /home/airflow/.local/lib/python3.8/site-packages/airflow/example_dags/example_time_delta_sensor_async.py
[2023-12-09T14:11:20.635+0000] {processor.py:829} INFO - Processing file /home/airflow/.local/lib/python3.8/site-packages/airflow/example_dags/example_time_delta_sensor_async.py for tasks to queue
[2023-12-09T14:11:20.635+0000] {logging_mixin.py:154} INFO - [2023-12-09T14:11:20.635+0000] {dagbag.py:536} INFO - Filling up the DagBag from /home/airflow/.local/lib/python3.8/site-packages/airflow/example_dags/example_time_delta_sensor_async.py
[2023-12-09T14:11:20.638+0000] {processor.py:839} INFO - DAG(s) dict_keys(['example_time_delta_sensor_async']) retrieved from /home/airflow/.local/lib/python3.8/site-packages/airflow/example_dags/example_time_delta_sensor_async.py
[2023-12-09T14:11:20.651+0000] {logging_mixin.py:154} INFO - [2023-12-09T14:11:20.650+0000] {dag.py:2941} INFO - Sync 1 DAGs
[2023-12-09T14:11:20.657+0000] {logging_mixin.py:154} INFO - [2023-12-09T14:11:20.657+0000] {dag.py:3722} INFO - Setting next_dagrun for example_time_delta_sensor_async to None, run_after=None
[2023-12-09T14:11:20.666+0000] {processor.py:179} INFO - Processing /home/airflow/.local/lib/python3.8/site-packages/airflow/example_dags/example_time_delta_sensor_async.py took 0.035 seconds
[2023-12-09T14:11:50.745+0000] {processor.py:157} INFO - Started process (PID=1862) to work on /home/airflow/.local/lib/python3.8/site-packages/airflow/example_dags/example_time_delta_sensor_async.py
[2023-12-09T14:11:50.746+0000] {processor.py:829} INFO - Processing file /home/airflow/.local/lib/python3.8/site-packages/airflow/example_dags/example_time_delta_sensor_async.py for tasks to queue
[2023-12-09T14:11:50.747+0000] {logging_mixin.py:154} INFO - [2023-12-09T14:11:50.746+0000] {dagbag.py:536} INFO - Filling up the DagBag from /home/airflow/.local/lib/python3.8/site-packages/airflow/example_dags/example_time_delta_sensor_async.py
[2023-12-09T14:11:50.749+0000] {processor.py:839} INFO - DAG(s) dict_keys(['example_time_delta_sensor_async']) retrieved from /home/airflow/.local/lib/python3.8/site-packages/airflow/example_dags/example_time_delta_sensor_async.py
[2023-12-09T14:11:50.762+0000] {logging_mixin.py:154} INFO - [2023-12-09T14:11:50.762+0000] {dag.py:2941} INFO - Sync 1 DAGs
[2023-12-09T14:11:50.769+0000] {logging_mixin.py:154} INFO - [2023-12-09T14:11:50.769+0000] {dag.py:3722} INFO - Setting next_dagrun for example_time_delta_sensor_async to None, run_after=None
[2023-12-09T14:11:50.779+0000] {processor.py:179} INFO - Processing /home/airflow/.local/lib/python3.8/site-packages/airflow/example_dags/example_time_delta_sensor_async.py took 0.036 seconds
[2023-12-09T14:12:20.927+0000] {processor.py:157} INFO - Started process (PID=2102) to work on /home/airflow/.local/lib/python3.8/site-packages/airflow/example_dags/example_time_delta_sensor_async.py
[2023-12-09T14:12:20.928+0000] {processor.py:829} INFO - Processing file /home/airflow/.local/lib/python3.8/site-packages/airflow/example_dags/example_time_delta_sensor_async.py for tasks to queue
[2023-12-09T14:12:20.928+0000] {logging_mixin.py:154} INFO - [2023-12-09T14:12:20.928+0000] {dagbag.py:536} INFO - Filling up the DagBag from /home/airflow/.local/lib/python3.8/site-packages/airflow/example_dags/example_time_delta_sensor_async.py
[2023-12-09T14:12:20.931+0000] {processor.py:839} INFO - DAG(s) dict_keys(['example_time_delta_sensor_async']) retrieved from /home/airflow/.local/lib/python3.8/site-packages/airflow/example_dags/example_time_delta_sensor_async.py
[2023-12-09T14:12:20.943+0000] {logging_mixin.py:154} INFO - [2023-12-09T14:12:20.943+0000] {dag.py:2941} INFO - Sync 1 DAGs
[2023-12-09T14:12:20.948+0000] {logging_mixin.py:154} INFO - [2023-12-09T14:12:20.948+0000] {dag.py:3722} INFO - Setting next_dagrun for example_time_delta_sensor_async to None, run_after=None
[2023-12-09T14:12:20.956+0000] {processor.py:179} INFO - Processing /home/airflow/.local/lib/python3.8/site-packages/airflow/example_dags/example_time_delta_sensor_async.py took 0.031 seconds
[2023-12-09T14:12:51.658+0000] {processor.py:157} INFO - Started process (PID=2340) to work on /home/airflow/.local/lib/python3.8/site-packages/airflow/example_dags/example_time_delta_sensor_async.py
[2023-12-09T14:12:51.659+0000] {processor.py:829} INFO - Processing file /home/airflow/.local/lib/python3.8/site-packages/airflow/example_dags/example_time_delta_sensor_async.py for tasks to queue
[2023-12-09T14:12:51.660+0000] {logging_mixin.py:154} INFO - [2023-12-09T14:12:51.659+0000] {dagbag.py:536} INFO - Filling up the DagBag from /home/airflow/.local/lib/python3.8/site-packages/airflow/example_dags/example_time_delta_sensor_async.py
[2023-12-09T14:12:51.663+0000] {processor.py:839} INFO - DAG(s) dict_keys(['example_time_delta_sensor_async']) retrieved from /home/airflow/.local/lib/python3.8/site-packages/airflow/example_dags/example_time_delta_sensor_async.py
[2023-12-09T14:12:51.677+0000] {logging_mixin.py:154} INFO - [2023-12-09T14:12:51.676+0000] {dag.py:2941} INFO - Sync 1 DAGs
[2023-12-09T14:12:51.684+0000] {logging_mixin.py:154} INFO - [2023-12-09T14:12:51.684+0000] {dag.py:3722} INFO - Setting next_dagrun for example_time_delta_sensor_async to None, run_after=None
[2023-12-09T14:12:51.694+0000] {processor.py:179} INFO - Processing /home/airflow/.local/lib/python3.8/site-packages/airflow/example_dags/example_time_delta_sensor_async.py took 0.039 seconds
[2023-12-09T14:13:21.740+0000] {processor.py:157} INFO - Started process (PID=2576) to work on /home/airflow/.local/lib/python3.8/site-packages/airflow/example_dags/example_time_delta_sensor_async.py
[2023-12-09T14:13:21.741+0000] {processor.py:829} INFO - Processing file /home/airflow/.local/lib/python3.8/site-packages/airflow/example_dags/example_time_delta_sensor_async.py for tasks to queue
[2023-12-09T14:13:21.741+0000] {logging_mixin.py:154} INFO - [2023-12-09T14:13:21.741+0000] {dagbag.py:536} INFO - Filling up the DagBag from /home/airflow/.local/lib/python3.8/site-packages/airflow/example_dags/example_time_delta_sensor_async.py
[2023-12-09T14:13:21.744+0000] {processor.py:839} INFO - DAG(s) dict_keys(['example_time_delta_sensor_async']) retrieved from /home/airflow/.local/lib/python3.8/site-packages/airflow/example_dags/example_time_delta_sensor_async.py
[2023-12-09T14:13:21.756+0000] {logging_mixin.py:154} INFO - [2023-12-09T14:13:21.756+0000] {dag.py:2941} INFO - Sync 1 DAGs
[2023-12-09T14:13:21.763+0000] {logging_mixin.py:154} INFO - [2023-12-09T14:13:21.763+0000] {dag.py:3722} INFO - Setting next_dagrun for example_time_delta_sensor_async to None, run_after=None
[2023-12-09T14:13:21.772+0000] {processor.py:179} INFO - Processing /home/airflow/.local/lib/python3.8/site-packages/airflow/example_dags/example_time_delta_sensor_async.py took 0.034 seconds
[2023-12-09T14:13:52.559+0000] {processor.py:157} INFO - Started process (PID=2814) to work on /home/airflow/.local/lib/python3.8/site-packages/airflow/example_dags/example_time_delta_sensor_async.py
[2023-12-09T14:13:52.559+0000] {processor.py:829} INFO - Processing file /home/airflow/.local/lib/python3.8/site-packages/airflow/example_dags/example_time_delta_sensor_async.py for tasks to queue
[2023-12-09T14:13:52.560+0000] {logging_mixin.py:154} INFO - [2023-12-09T14:13:52.560+0000] {dagbag.py:536} INFO - Filling up the DagBag from /home/airflow/.local/lib/python3.8/site-packages/airflow/example_dags/example_time_delta_sensor_async.py
[2023-12-09T14:13:52.563+0000] {processor.py:839} INFO - DAG(s) dict_keys(['example_time_delta_sensor_async']) retrieved from /home/airflow/.local/lib/python3.8/site-packages/airflow/example_dags/example_time_delta_sensor_async.py
[2023-12-09T14:13:52.575+0000] {logging_mixin.py:154} INFO - [2023-12-09T14:13:52.575+0000] {dag.py:2941} INFO - Sync 1 DAGs
[2023-12-09T14:13:52.582+0000] {logging_mixin.py:154} INFO - [2023-12-09T14:13:52.581+0000] {dag.py:3722} INFO - Setting next_dagrun for example_time_delta_sensor_async to None, run_after=None
[2023-12-09T14:13:52.590+0000] {processor.py:179} INFO - Processing /home/airflow/.local/lib/python3.8/site-packages/airflow/example_dags/example_time_delta_sensor_async.py took 0.034 seconds
[2023-12-09T14:14:23.292+0000] {processor.py:157} INFO - Started process (PID=3053) to work on /home/airflow/.local/lib/python3.8/site-packages/airflow/example_dags/example_time_delta_sensor_async.py
[2023-12-09T14:14:23.292+0000] {processor.py:829} INFO - Processing file /home/airflow/.local/lib/python3.8/site-packages/airflow/example_dags/example_time_delta_sensor_async.py for tasks to queue
[2023-12-09T14:14:23.293+0000] {logging_mixin.py:154} INFO - [2023-12-09T14:14:23.293+0000] {dagbag.py:536} INFO - Filling up the DagBag from /home/airflow/.local/lib/python3.8/site-packages/airflow/example_dags/example_time_delta_sensor_async.py
[2023-12-09T14:14:23.296+0000] {processor.py:839} INFO - DAG(s) dict_keys(['example_time_delta_sensor_async']) retrieved from /home/airflow/.local/lib/python3.8/site-packages/airflow/example_dags/example_time_delta_sensor_async.py
[2023-12-09T14:14:23.308+0000] {logging_mixin.py:154} INFO - [2023-12-09T14:14:23.308+0000] {dag.py:2941} INFO - Sync 1 DAGs
[2023-12-09T14:14:23.315+0000] {logging_mixin.py:154} INFO - [2023-12-09T14:14:23.315+0000] {dag.py:3722} INFO - Setting next_dagrun for example_time_delta_sensor_async to None, run_after=None
[2023-12-09T14:14:23.324+0000] {processor.py:179} INFO - Processing /home/airflow/.local/lib/python3.8/site-packages/airflow/example_dags/example_time_delta_sensor_async.py took 0.034 seconds
[2023-12-09T14:14:54.076+0000] {processor.py:157} INFO - Started process (PID=3290) to work on /home/airflow/.local/lib/python3.8/site-packages/airflow/example_dags/example_time_delta_sensor_async.py
[2023-12-09T14:14:54.077+0000] {processor.py:829} INFO - Processing file /home/airflow/.local/lib/python3.8/site-packages/airflow/example_dags/example_time_delta_sensor_async.py for tasks to queue
[2023-12-09T14:14:54.078+0000] {logging_mixin.py:154} INFO - [2023-12-09T14:14:54.078+0000] {dagbag.py:536} INFO - Filling up the DagBag from /home/airflow/.local/lib/python3.8/site-packages/airflow/example_dags/example_time_delta_sensor_async.py
[2023-12-09T14:14:54.081+0000] {processor.py:839} INFO - DAG(s) dict_keys(['example_time_delta_sensor_async']) retrieved from /home/airflow/.local/lib/python3.8/site-packages/airflow/example_dags/example_time_delta_sensor_async.py
[2023-12-09T14:14:54.095+0000] {logging_mixin.py:154} INFO - [2023-12-09T14:14:54.095+0000] {dag.py:2941} INFO - Sync 1 DAGs
[2023-12-09T14:14:54.102+0000] {logging_mixin.py:154} INFO - [2023-12-09T14:14:54.102+0000] {dag.py:3722} INFO - Setting next_dagrun for example_time_delta_sensor_async to None, run_after=None
[2023-12-09T14:14:54.111+0000] {processor.py:179} INFO - Processing /home/airflow/.local/lib/python3.8/site-packages/airflow/example_dags/example_time_delta_sensor_async.py took 0.036 seconds
[2023-12-09T14:15:24.802+0000] {processor.py:157} INFO - Started process (PID=3530) to work on /home/airflow/.local/lib/python3.8/site-packages/airflow/example_dags/example_time_delta_sensor_async.py
[2023-12-09T14:15:24.803+0000] {processor.py:829} INFO - Processing file /home/airflow/.local/lib/python3.8/site-packages/airflow/example_dags/example_time_delta_sensor_async.py for tasks to queue
[2023-12-09T14:15:24.803+0000] {logging_mixin.py:154} INFO - [2023-12-09T14:15:24.803+0000] {dagbag.py:536} INFO - Filling up the DagBag from /home/airflow/.local/lib/python3.8/site-packages/airflow/example_dags/example_time_delta_sensor_async.py
[2023-12-09T14:15:24.806+0000] {processor.py:839} INFO - DAG(s) dict_keys(['example_time_delta_sensor_async']) retrieved from /home/airflow/.local/lib/python3.8/site-packages/airflow/example_dags/example_time_delta_sensor_async.py
[2023-12-09T14:15:24.818+0000] {logging_mixin.py:154} INFO - [2023-12-09T14:15:24.818+0000] {dag.py:2941} INFO - Sync 1 DAGs
[2023-12-09T14:15:24.825+0000] {logging_mixin.py:154} INFO - [2023-12-09T14:15:24.825+0000] {dag.py:3722} INFO - Setting next_dagrun for example_time_delta_sensor_async to None, run_after=None
[2023-12-09T14:15:24.834+0000] {processor.py:179} INFO - Processing /home/airflow/.local/lib/python3.8/site-packages/airflow/example_dags/example_time_delta_sensor_async.py took 0.034 seconds
[2023-12-09T14:15:55.618+0000] {processor.py:157} INFO - Started process (PID=3766) to work on /home/airflow/.local/lib/python3.8/site-packages/airflow/example_dags/example_time_delta_sensor_async.py
[2023-12-09T14:15:55.619+0000] {processor.py:829} INFO - Processing file /home/airflow/.local/lib/python3.8/site-packages/airflow/example_dags/example_time_delta_sensor_async.py for tasks to queue
[2023-12-09T14:15:55.619+0000] {logging_mixin.py:154} INFO - [2023-12-09T14:15:55.619+0000] {dagbag.py:536} INFO - Filling up the DagBag from /home/airflow/.local/lib/python3.8/site-packages/airflow/example_dags/example_time_delta_sensor_async.py
[2023-12-09T14:15:55.623+0000] {processor.py:839} INFO - DAG(s) dict_keys(['example_time_delta_sensor_async']) retrieved from /home/airflow/.local/lib/python3.8/site-packages/airflow/example_dags/example_time_delta_sensor_async.py
[2023-12-09T14:15:55.638+0000] {logging_mixin.py:154} INFO - [2023-12-09T14:15:55.638+0000] {dag.py:2941} INFO - Sync 1 DAGs
[2023-12-09T14:15:55.648+0000] {logging_mixin.py:154} INFO - [2023-12-09T14:15:55.648+0000] {dag.py:3722} INFO - Setting next_dagrun for example_time_delta_sensor_async to None, run_after=None
[2023-12-09T14:15:55.659+0000] {processor.py:179} INFO - Processing /home/airflow/.local/lib/python3.8/site-packages/airflow/example_dags/example_time_delta_sensor_async.py took 0.043 seconds
[2023-12-09T14:16:25.717+0000] {processor.py:157} INFO - Started process (PID=4004) to work on /home/airflow/.local/lib/python3.8/site-packages/airflow/example_dags/example_time_delta_sensor_async.py
[2023-12-09T14:16:25.718+0000] {processor.py:829} INFO - Processing file /home/airflow/.local/lib/python3.8/site-packages/airflow/example_dags/example_time_delta_sensor_async.py for tasks to queue
[2023-12-09T14:16:25.719+0000] {logging_mixin.py:154} INFO - [2023-12-09T14:16:25.718+0000] {dagbag.py:536} INFO - Filling up the DagBag from /home/airflow/.local/lib/python3.8/site-packages/airflow/example_dags/example_time_delta_sensor_async.py
[2023-12-09T14:16:25.721+0000] {processor.py:839} INFO - DAG(s) dict_keys(['example_time_delta_sensor_async']) retrieved from /home/airflow/.local/lib/python3.8/site-packages/airflow/example_dags/example_time_delta_sensor_async.py
[2023-12-09T14:16:25.734+0000] {logging_mixin.py:154} INFO - [2023-12-09T14:16:25.733+0000] {dag.py:2941} INFO - Sync 1 DAGs
[2023-12-09T14:16:25.740+0000] {logging_mixin.py:154} INFO - [2023-12-09T14:16:25.740+0000] {dag.py:3722} INFO - Setting next_dagrun for example_time_delta_sensor_async to None, run_after=None
[2023-12-09T14:16:25.749+0000] {processor.py:179} INFO - Processing /home/airflow/.local/lib/python3.8/site-packages/airflow/example_dags/example_time_delta_sensor_async.py took 0.034 seconds
[2023-12-09T14:16:56.371+0000] {processor.py:157} INFO - Started process (PID=4242) to work on /home/airflow/.local/lib/python3.8/site-packages/airflow/example_dags/example_time_delta_sensor_async.py
[2023-12-09T14:16:56.372+0000] {processor.py:829} INFO - Processing file /home/airflow/.local/lib/python3.8/site-packages/airflow/example_dags/example_time_delta_sensor_async.py for tasks to queue
[2023-12-09T14:16:56.372+0000] {logging_mixin.py:154} INFO - [2023-12-09T14:16:56.372+0000] {dagbag.py:536} INFO - Filling up the DagBag from /home/airflow/.local/lib/python3.8/site-packages/airflow/example_dags/example_time_delta_sensor_async.py
[2023-12-09T14:16:56.376+0000] {processor.py:839} INFO - DAG(s) dict_keys(['example_time_delta_sensor_async']) retrieved from /home/airflow/.local/lib/python3.8/site-packages/airflow/example_dags/example_time_delta_sensor_async.py
[2023-12-09T14:16:56.388+0000] {logging_mixin.py:154} INFO - [2023-12-09T14:16:56.388+0000] {dag.py:2941} INFO - Sync 1 DAGs
[2023-12-09T14:16:56.395+0000] {logging_mixin.py:154} INFO - [2023-12-09T14:16:56.395+0000] {dag.py:3722} INFO - Setting next_dagrun for example_time_delta_sensor_async to None, run_after=None
[2023-12-09T14:16:56.404+0000] {processor.py:179} INFO - Processing /home/airflow/.local/lib/python3.8/site-packages/airflow/example_dags/example_time_delta_sensor_async.py took 0.035 seconds
[2023-12-09T14:17:27.034+0000] {processor.py:157} INFO - Started process (PID=4480) to work on /home/airflow/.local/lib/python3.8/site-packages/airflow/example_dags/example_time_delta_sensor_async.py
[2023-12-09T14:17:27.035+0000] {processor.py:829} INFO - Processing file /home/airflow/.local/lib/python3.8/site-packages/airflow/example_dags/example_time_delta_sensor_async.py for tasks to queue
[2023-12-09T14:17:27.036+0000] {logging_mixin.py:154} INFO - [2023-12-09T14:17:27.035+0000] {dagbag.py:536} INFO - Filling up the DagBag from /home/airflow/.local/lib/python3.8/site-packages/airflow/example_dags/example_time_delta_sensor_async.py
[2023-12-09T14:17:27.039+0000] {processor.py:839} INFO - DAG(s) dict_keys(['example_time_delta_sensor_async']) retrieved from /home/airflow/.local/lib/python3.8/site-packages/airflow/example_dags/example_time_delta_sensor_async.py
[2023-12-09T14:17:27.051+0000] {logging_mixin.py:154} INFO - [2023-12-09T14:17:27.051+0000] {dag.py:2941} INFO - Sync 1 DAGs
[2023-12-09T14:17:27.059+0000] {logging_mixin.py:154} INFO - [2023-12-09T14:17:27.059+0000] {dag.py:3722} INFO - Setting next_dagrun for example_time_delta_sensor_async to None, run_after=None
[2023-12-09T14:17:27.069+0000] {processor.py:179} INFO - Processing /home/airflow/.local/lib/python3.8/site-packages/airflow/example_dags/example_time_delta_sensor_async.py took 0.037 seconds
[2023-12-09T14:17:57.866+0000] {processor.py:157} INFO - Started process (PID=4720) to work on /home/airflow/.local/lib/python3.8/site-packages/airflow/example_dags/example_time_delta_sensor_async.py
[2023-12-09T14:17:57.866+0000] {processor.py:829} INFO - Processing file /home/airflow/.local/lib/python3.8/site-packages/airflow/example_dags/example_time_delta_sensor_async.py for tasks to queue
[2023-12-09T14:17:57.867+0000] {logging_mixin.py:154} INFO - [2023-12-09T14:17:57.867+0000] {dagbag.py:536} INFO - Filling up the DagBag from /home/airflow/.local/lib/python3.8/site-packages/airflow/example_dags/example_time_delta_sensor_async.py
[2023-12-09T14:17:57.870+0000] {processor.py:839} INFO - DAG(s) dict_keys(['example_time_delta_sensor_async']) retrieved from /home/airflow/.local/lib/python3.8/site-packages/airflow/example_dags/example_time_delta_sensor_async.py
[2023-12-09T14:17:57.883+0000] {logging_mixin.py:154} INFO - [2023-12-09T14:17:57.883+0000] {dag.py:2941} INFO - Sync 1 DAGs
[2023-12-09T14:17:57.890+0000] {logging_mixin.py:154} INFO - [2023-12-09T14:17:57.890+0000] {dag.py:3722} INFO - Setting next_dagrun for example_time_delta_sensor_async to None, run_after=None
[2023-12-09T14:17:57.899+0000] {processor.py:179} INFO - Processing /home/airflow/.local/lib/python3.8/site-packages/airflow/example_dags/example_time_delta_sensor_async.py took 0.036 seconds
[2023-12-09T14:18:28.657+0000] {processor.py:157} INFO - Started process (PID=4956) to work on /home/airflow/.local/lib/python3.8/site-packages/airflow/example_dags/example_time_delta_sensor_async.py
[2023-12-09T14:18:28.658+0000] {processor.py:829} INFO - Processing file /home/airflow/.local/lib/python3.8/site-packages/airflow/example_dags/example_time_delta_sensor_async.py for tasks to queue
[2023-12-09T14:18:28.658+0000] {logging_mixin.py:154} INFO - [2023-12-09T14:18:28.658+0000] {dagbag.py:536} INFO - Filling up the DagBag from /home/airflow/.local/lib/python3.8/site-packages/airflow/example_dags/example_time_delta_sensor_async.py
[2023-12-09T14:18:28.661+0000] {processor.py:839} INFO - DAG(s) dict_keys(['example_time_delta_sensor_async']) retrieved from /home/airflow/.local/lib/python3.8/site-packages/airflow/example_dags/example_time_delta_sensor_async.py
[2023-12-09T14:18:28.672+0000] {logging_mixin.py:154} INFO - [2023-12-09T14:18:28.672+0000] {dag.py:2941} INFO - Sync 1 DAGs
[2023-12-09T14:18:28.679+0000] {logging_mixin.py:154} INFO - [2023-12-09T14:18:28.679+0000] {dag.py:3722} INFO - Setting next_dagrun for example_time_delta_sensor_async to None, run_after=None
[2023-12-09T14:18:28.688+0000] {processor.py:179} INFO - Processing /home/airflow/.local/lib/python3.8/site-packages/airflow/example_dags/example_time_delta_sensor_async.py took 0.033 seconds
[2023-12-09T14:18:59.334+0000] {processor.py:157} INFO - Started process (PID=5194) to work on /home/airflow/.local/lib/python3.8/site-packages/airflow/example_dags/example_time_delta_sensor_async.py
[2023-12-09T14:18:59.335+0000] {processor.py:829} INFO - Processing file /home/airflow/.local/lib/python3.8/site-packages/airflow/example_dags/example_time_delta_sensor_async.py for tasks to queue
[2023-12-09T14:18:59.336+0000] {logging_mixin.py:154} INFO - [2023-12-09T14:18:59.336+0000] {dagbag.py:536} INFO - Filling up the DagBag from /home/airflow/.local/lib/python3.8/site-packages/airflow/example_dags/example_time_delta_sensor_async.py
[2023-12-09T14:18:59.340+0000] {processor.py:839} INFO - DAG(s) dict_keys(['example_time_delta_sensor_async']) retrieved from /home/airflow/.local/lib/python3.8/site-packages/airflow/example_dags/example_time_delta_sensor_async.py
[2023-12-09T14:18:59.355+0000] {logging_mixin.py:154} INFO - [2023-12-09T14:18:59.355+0000] {dag.py:2941} INFO - Sync 1 DAGs
[2023-12-09T14:18:59.362+0000] {logging_mixin.py:154} INFO - [2023-12-09T14:18:59.362+0000] {dag.py:3722} INFO - Setting next_dagrun for example_time_delta_sensor_async to None, run_after=None
[2023-12-09T14:18:59.372+0000] {processor.py:179} INFO - Processing /home/airflow/.local/lib/python3.8/site-packages/airflow/example_dags/example_time_delta_sensor_async.py took 0.040 seconds
