[2023-12-09T14:08:17.741+0000] {processor.py:157} INFO - Started process (PID=241) to work on /home/airflow/.local/lib/python3.8/site-packages/airflow/example_dags/example_datasets.py
[2023-12-09T14:08:17.742+0000] {processor.py:829} INFO - Processing file /home/airflow/.local/lib/python3.8/site-packages/airflow/example_dags/example_datasets.py for tasks to queue
[2023-12-09T14:08:17.743+0000] {logging_mixin.py:154} INFO - [2023-12-09T14:08:17.743+0000] {dagbag.py:536} INFO - Filling up the DagBag from /home/airflow/.local/lib/python3.8/site-packages/airflow/example_dags/example_datasets.py
[2023-12-09T14:08:17.752+0000] {processor.py:839} INFO - DAG(s) dict_keys(['dataset_consumes_1', 'dataset_produces_1', 'dataset_consumes_unknown_never_scheduled', 'dataset_produces_2', 'dataset_consumes_1_never_scheduled', 'dataset_consumes_1_and_2']) retrieved from /home/airflow/.local/lib/python3.8/site-packages/airflow/example_dags/example_datasets.py
[2023-12-09T14:08:17.765+0000] {logging_mixin.py:154} INFO - [2023-12-09T14:08:17.764+0000] {dag.py:2941} INFO - Sync 6 DAGs
[2023-12-09T14:08:17.783+0000] {logging_mixin.py:154} INFO - [2023-12-09T14:08:17.783+0000] {dag.py:3722} INFO - Setting next_dagrun for dataset_consumes_1 to None, run_after=None
[2023-12-09T14:08:17.786+0000] {logging_mixin.py:154} INFO - [2023-12-09T14:08:17.786+0000] {dag.py:3722} INFO - Setting next_dagrun for dataset_consumes_1_and_2 to None, run_after=None
[2023-12-09T14:08:17.787+0000] {logging_mixin.py:154} INFO - [2023-12-09T14:08:17.787+0000] {dag.py:3722} INFO - Setting next_dagrun for dataset_consumes_1_never_scheduled to None, run_after=None
[2023-12-09T14:08:17.788+0000] {logging_mixin.py:154} INFO - [2023-12-09T14:08:17.788+0000] {dag.py:3722} INFO - Setting next_dagrun for dataset_consumes_unknown_never_scheduled to None, run_after=None
[2023-12-09T14:08:17.790+0000] {logging_mixin.py:154} INFO - [2023-12-09T14:08:17.789+0000] {dag.py:3722} INFO - Setting next_dagrun for dataset_produces_1 to 2023-12-08T00:00:00+00:00, run_after=2023-12-09T00:00:00+00:00
[2023-12-09T14:08:17.791+0000] {logging_mixin.py:154} INFO - [2023-12-09T14:08:17.791+0000] {dag.py:3722} INFO - Setting next_dagrun for dataset_produces_2 to None, run_after=None
[2023-12-09T14:08:17.807+0000] {processor.py:179} INFO - Processing /home/airflow/.local/lib/python3.8/site-packages/airflow/example_dags/example_datasets.py took 0.068 seconds
[2023-12-09T14:08:48.196+0000] {processor.py:157} INFO - Started process (PID=479) to work on /home/airflow/.local/lib/python3.8/site-packages/airflow/example_dags/example_datasets.py
[2023-12-09T14:08:48.196+0000] {processor.py:829} INFO - Processing file /home/airflow/.local/lib/python3.8/site-packages/airflow/example_dags/example_datasets.py for tasks to queue
[2023-12-09T14:08:48.197+0000] {logging_mixin.py:154} INFO - [2023-12-09T14:08:48.197+0000] {dagbag.py:536} INFO - Filling up the DagBag from /home/airflow/.local/lib/python3.8/site-packages/airflow/example_dags/example_datasets.py
[2023-12-09T14:08:48.202+0000] {processor.py:839} INFO - DAG(s) dict_keys(['dataset_consumes_1_never_scheduled', 'dataset_consumes_unknown_never_scheduled', 'dataset_consumes_1_and_2', 'dataset_produces_2', 'dataset_consumes_1', 'dataset_produces_1']) retrieved from /home/airflow/.local/lib/python3.8/site-packages/airflow/example_dags/example_datasets.py
[2023-12-09T14:08:48.221+0000] {logging_mixin.py:154} INFO - [2023-12-09T14:08:48.220+0000] {dag.py:2941} INFO - Sync 6 DAGs
[2023-12-09T14:08:48.232+0000] {logging_mixin.py:154} INFO - [2023-12-09T14:08:48.232+0000] {dag.py:3722} INFO - Setting next_dagrun for dataset_consumes_1 to None, run_after=None
[2023-12-09T14:08:48.234+0000] {logging_mixin.py:154} INFO - [2023-12-09T14:08:48.234+0000] {dag.py:3722} INFO - Setting next_dagrun for dataset_consumes_1_and_2 to None, run_after=None
[2023-12-09T14:08:48.235+0000] {logging_mixin.py:154} INFO - [2023-12-09T14:08:48.235+0000] {dag.py:3722} INFO - Setting next_dagrun for dataset_consumes_1_never_scheduled to None, run_after=None
[2023-12-09T14:08:48.235+0000] {logging_mixin.py:154} INFO - [2023-12-09T14:08:48.235+0000] {dag.py:3722} INFO - Setting next_dagrun for dataset_consumes_unknown_never_scheduled to None, run_after=None
[2023-12-09T14:08:48.237+0000] {logging_mixin.py:154} INFO - [2023-12-09T14:08:48.237+0000] {dag.py:3722} INFO - Setting next_dagrun for dataset_produces_1 to 2023-12-08T00:00:00+00:00, run_after=2023-12-09T00:00:00+00:00
[2023-12-09T14:08:48.238+0000] {logging_mixin.py:154} INFO - [2023-12-09T14:08:48.237+0000] {dag.py:3722} INFO - Setting next_dagrun for dataset_produces_2 to None, run_after=None
[2023-12-09T14:08:48.252+0000] {processor.py:179} INFO - Processing /home/airflow/.local/lib/python3.8/site-packages/airflow/example_dags/example_datasets.py took 0.058 seconds
[2023-12-09T14:09:18.976+0000] {processor.py:157} INFO - Started process (PID=717) to work on /home/airflow/.local/lib/python3.8/site-packages/airflow/example_dags/example_datasets.py
[2023-12-09T14:09:18.977+0000] {processor.py:829} INFO - Processing file /home/airflow/.local/lib/python3.8/site-packages/airflow/example_dags/example_datasets.py for tasks to queue
[2023-12-09T14:09:18.977+0000] {logging_mixin.py:154} INFO - [2023-12-09T14:09:18.977+0000] {dagbag.py:536} INFO - Filling up the DagBag from /home/airflow/.local/lib/python3.8/site-packages/airflow/example_dags/example_datasets.py
[2023-12-09T14:09:18.983+0000] {processor.py:839} INFO - DAG(s) dict_keys(['dataset_consumes_1_and_2', 'dataset_consumes_1_never_scheduled', 'dataset_consumes_1', 'dataset_consumes_unknown_never_scheduled', 'dataset_produces_1', 'dataset_produces_2']) retrieved from /home/airflow/.local/lib/python3.8/site-packages/airflow/example_dags/example_datasets.py
[2023-12-09T14:09:19.003+0000] {logging_mixin.py:154} INFO - [2023-12-09T14:09:19.003+0000] {dag.py:2941} INFO - Sync 6 DAGs
[2023-12-09T14:09:19.015+0000] {logging_mixin.py:154} INFO - [2023-12-09T14:09:19.015+0000] {dag.py:3722} INFO - Setting next_dagrun for dataset_consumes_1 to None, run_after=None
[2023-12-09T14:09:19.018+0000] {logging_mixin.py:154} INFO - [2023-12-09T14:09:19.017+0000] {dag.py:3722} INFO - Setting next_dagrun for dataset_consumes_1_and_2 to None, run_after=None
[2023-12-09T14:09:19.018+0000] {logging_mixin.py:154} INFO - [2023-12-09T14:09:19.018+0000] {dag.py:3722} INFO - Setting next_dagrun for dataset_consumes_1_never_scheduled to None, run_after=None
[2023-12-09T14:09:19.019+0000] {logging_mixin.py:154} INFO - [2023-12-09T14:09:19.019+0000] {dag.py:3722} INFO - Setting next_dagrun for dataset_consumes_unknown_never_scheduled to None, run_after=None
[2023-12-09T14:09:19.020+0000] {logging_mixin.py:154} INFO - [2023-12-09T14:09:19.020+0000] {dag.py:3722} INFO - Setting next_dagrun for dataset_produces_1 to 2023-12-08T00:00:00+00:00, run_after=2023-12-09T00:00:00+00:00
[2023-12-09T14:09:19.021+0000] {logging_mixin.py:154} INFO - [2023-12-09T14:09:19.021+0000] {dag.py:3722} INFO - Setting next_dagrun for dataset_produces_2 to None, run_after=None
[2023-12-09T14:09:19.037+0000] {processor.py:179} INFO - Processing /home/airflow/.local/lib/python3.8/site-packages/airflow/example_dags/example_datasets.py took 0.064 seconds
[2023-12-09T14:09:49.147+0000] {processor.py:157} INFO - Started process (PID=957) to work on /home/airflow/.local/lib/python3.8/site-packages/airflow/example_dags/example_datasets.py
[2023-12-09T14:09:49.147+0000] {processor.py:829} INFO - Processing file /home/airflow/.local/lib/python3.8/site-packages/airflow/example_dags/example_datasets.py for tasks to queue
[2023-12-09T14:09:49.148+0000] {logging_mixin.py:154} INFO - [2023-12-09T14:09:49.148+0000] {dagbag.py:536} INFO - Filling up the DagBag from /home/airflow/.local/lib/python3.8/site-packages/airflow/example_dags/example_datasets.py
[2023-12-09T14:09:49.154+0000] {processor.py:839} INFO - DAG(s) dict_keys(['dataset_produces_1', 'dataset_consumes_1_never_scheduled', 'dataset_produces_2', 'dataset_consumes_unknown_never_scheduled', 'dataset_consumes_1', 'dataset_consumes_1_and_2']) retrieved from /home/airflow/.local/lib/python3.8/site-packages/airflow/example_dags/example_datasets.py
[2023-12-09T14:09:49.172+0000] {logging_mixin.py:154} INFO - [2023-12-09T14:09:49.172+0000] {dag.py:2941} INFO - Sync 6 DAGs
[2023-12-09T14:09:49.183+0000] {logging_mixin.py:154} INFO - [2023-12-09T14:09:49.183+0000] {dag.py:3722} INFO - Setting next_dagrun for dataset_consumes_1 to None, run_after=None
[2023-12-09T14:09:49.185+0000] {logging_mixin.py:154} INFO - [2023-12-09T14:09:49.185+0000] {dag.py:3722} INFO - Setting next_dagrun for dataset_consumes_1_and_2 to None, run_after=None
[2023-12-09T14:09:49.185+0000] {logging_mixin.py:154} INFO - [2023-12-09T14:09:49.185+0000] {dag.py:3722} INFO - Setting next_dagrun for dataset_consumes_1_never_scheduled to None, run_after=None
[2023-12-09T14:09:49.186+0000] {logging_mixin.py:154} INFO - [2023-12-09T14:09:49.186+0000] {dag.py:3722} INFO - Setting next_dagrun for dataset_consumes_unknown_never_scheduled to None, run_after=None
[2023-12-09T14:09:49.187+0000] {logging_mixin.py:154} INFO - [2023-12-09T14:09:49.187+0000] {dag.py:3722} INFO - Setting next_dagrun for dataset_produces_1 to 2023-12-08T00:00:00+00:00, run_after=2023-12-09T00:00:00+00:00
[2023-12-09T14:09:49.188+0000] {logging_mixin.py:154} INFO - [2023-12-09T14:09:49.188+0000] {dag.py:3722} INFO - Setting next_dagrun for dataset_produces_2 to None, run_after=None
[2023-12-09T14:09:49.202+0000] {processor.py:179} INFO - Processing /home/airflow/.local/lib/python3.8/site-packages/airflow/example_dags/example_datasets.py took 0.057 seconds
[2023-12-09T14:10:19.250+0000] {processor.py:157} INFO - Started process (PID=1195) to work on /home/airflow/.local/lib/python3.8/site-packages/airflow/example_dags/example_datasets.py
[2023-12-09T14:10:19.250+0000] {processor.py:829} INFO - Processing file /home/airflow/.local/lib/python3.8/site-packages/airflow/example_dags/example_datasets.py for tasks to queue
[2023-12-09T14:10:19.251+0000] {logging_mixin.py:154} INFO - [2023-12-09T14:10:19.251+0000] {dagbag.py:536} INFO - Filling up the DagBag from /home/airflow/.local/lib/python3.8/site-packages/airflow/example_dags/example_datasets.py
[2023-12-09T14:10:19.256+0000] {processor.py:839} INFO - DAG(s) dict_keys(['dataset_consumes_1_and_2', 'dataset_consumes_1_never_scheduled', 'dataset_consumes_unknown_never_scheduled', 'dataset_consumes_1', 'dataset_produces_1', 'dataset_produces_2']) retrieved from /home/airflow/.local/lib/python3.8/site-packages/airflow/example_dags/example_datasets.py
[2023-12-09T14:10:19.274+0000] {logging_mixin.py:154} INFO - [2023-12-09T14:10:19.273+0000] {dag.py:2941} INFO - Sync 6 DAGs
[2023-12-09T14:10:19.284+0000] {logging_mixin.py:154} INFO - [2023-12-09T14:10:19.284+0000] {dag.py:3722} INFO - Setting next_dagrun for dataset_consumes_1 to None, run_after=None
[2023-12-09T14:10:19.286+0000] {logging_mixin.py:154} INFO - [2023-12-09T14:10:19.286+0000] {dag.py:3722} INFO - Setting next_dagrun for dataset_consumes_1_and_2 to None, run_after=None
[2023-12-09T14:10:19.286+0000] {logging_mixin.py:154} INFO - [2023-12-09T14:10:19.286+0000] {dag.py:3722} INFO - Setting next_dagrun for dataset_consumes_1_never_scheduled to None, run_after=None
[2023-12-09T14:10:19.287+0000] {logging_mixin.py:154} INFO - [2023-12-09T14:10:19.287+0000] {dag.py:3722} INFO - Setting next_dagrun for dataset_consumes_unknown_never_scheduled to None, run_after=None
[2023-12-09T14:10:19.288+0000] {logging_mixin.py:154} INFO - [2023-12-09T14:10:19.288+0000] {dag.py:3722} INFO - Setting next_dagrun for dataset_produces_1 to 2023-12-08T00:00:00+00:00, run_after=2023-12-09T00:00:00+00:00
[2023-12-09T14:10:19.289+0000] {logging_mixin.py:154} INFO - [2023-12-09T14:10:19.289+0000] {dag.py:3722} INFO - Setting next_dagrun for dataset_produces_2 to None, run_after=None
[2023-12-09T14:10:19.302+0000] {processor.py:179} INFO - Processing /home/airflow/.local/lib/python3.8/site-packages/airflow/example_dags/example_datasets.py took 0.055 seconds
[2023-12-09T14:10:50.081+0000] {processor.py:157} INFO - Started process (PID=1431) to work on /home/airflow/.local/lib/python3.8/site-packages/airflow/example_dags/example_datasets.py
[2023-12-09T14:10:50.082+0000] {processor.py:829} INFO - Processing file /home/airflow/.local/lib/python3.8/site-packages/airflow/example_dags/example_datasets.py for tasks to queue
[2023-12-09T14:10:50.084+0000] {logging_mixin.py:154} INFO - [2023-12-09T14:10:50.083+0000] {dagbag.py:536} INFO - Filling up the DagBag from /home/airflow/.local/lib/python3.8/site-packages/airflow/example_dags/example_datasets.py
[2023-12-09T14:10:50.093+0000] {processor.py:839} INFO - DAG(s) dict_keys(['dataset_produces_1', 'dataset_consumes_1_and_2', 'dataset_consumes_1_never_scheduled', 'dataset_consumes_1', 'dataset_consumes_unknown_never_scheduled', 'dataset_produces_2']) retrieved from /home/airflow/.local/lib/python3.8/site-packages/airflow/example_dags/example_datasets.py
[2023-12-09T14:10:50.114+0000] {logging_mixin.py:154} INFO - [2023-12-09T14:10:50.114+0000] {dag.py:2941} INFO - Sync 6 DAGs
[2023-12-09T14:10:50.126+0000] {logging_mixin.py:154} INFO - [2023-12-09T14:10:50.126+0000] {dag.py:3722} INFO - Setting next_dagrun for dataset_consumes_1 to None, run_after=None
[2023-12-09T14:10:50.128+0000] {logging_mixin.py:154} INFO - [2023-12-09T14:10:50.128+0000] {dag.py:3722} INFO - Setting next_dagrun for dataset_consumes_1_and_2 to None, run_after=None
[2023-12-09T14:10:50.129+0000] {logging_mixin.py:154} INFO - [2023-12-09T14:10:50.129+0000] {dag.py:3722} INFO - Setting next_dagrun for dataset_consumes_1_never_scheduled to None, run_after=None
[2023-12-09T14:10:50.130+0000] {logging_mixin.py:154} INFO - [2023-12-09T14:10:50.130+0000] {dag.py:3722} INFO - Setting next_dagrun for dataset_consumes_unknown_never_scheduled to None, run_after=None
[2023-12-09T14:10:50.132+0000] {logging_mixin.py:154} INFO - [2023-12-09T14:10:50.131+0000] {dag.py:3722} INFO - Setting next_dagrun for dataset_produces_1 to 2023-12-08T00:00:00+00:00, run_after=2023-12-09T00:00:00+00:00
[2023-12-09T14:10:50.132+0000] {logging_mixin.py:154} INFO - [2023-12-09T14:10:50.132+0000] {dag.py:3722} INFO - Setting next_dagrun for dataset_produces_2 to None, run_after=None
[2023-12-09T14:10:50.148+0000] {processor.py:179} INFO - Processing /home/airflow/.local/lib/python3.8/site-packages/airflow/example_dags/example_datasets.py took 0.070 seconds
[2023-12-09T14:11:20.927+0000] {processor.py:157} INFO - Started process (PID=1669) to work on /home/airflow/.local/lib/python3.8/site-packages/airflow/example_dags/example_datasets.py
[2023-12-09T14:11:20.928+0000] {processor.py:829} INFO - Processing file /home/airflow/.local/lib/python3.8/site-packages/airflow/example_dags/example_datasets.py for tasks to queue
[2023-12-09T14:11:20.929+0000] {logging_mixin.py:154} INFO - [2023-12-09T14:11:20.928+0000] {dagbag.py:536} INFO - Filling up the DagBag from /home/airflow/.local/lib/python3.8/site-packages/airflow/example_dags/example_datasets.py
[2023-12-09T14:11:20.936+0000] {processor.py:839} INFO - DAG(s) dict_keys(['dataset_consumes_unknown_never_scheduled', 'dataset_produces_2', 'dataset_consumes_1_never_scheduled', 'dataset_consumes_1', 'dataset_produces_1', 'dataset_consumes_1_and_2']) retrieved from /home/airflow/.local/lib/python3.8/site-packages/airflow/example_dags/example_datasets.py
[2023-12-09T14:11:20.958+0000] {logging_mixin.py:154} INFO - [2023-12-09T14:11:20.958+0000] {dag.py:2941} INFO - Sync 6 DAGs
[2023-12-09T14:11:20.970+0000] {logging_mixin.py:154} INFO - [2023-12-09T14:11:20.970+0000] {dag.py:3722} INFO - Setting next_dagrun for dataset_consumes_1 to None, run_after=None
[2023-12-09T14:11:20.972+0000] {logging_mixin.py:154} INFO - [2023-12-09T14:11:20.972+0000] {dag.py:3722} INFO - Setting next_dagrun for dataset_consumes_1_and_2 to None, run_after=None
[2023-12-09T14:11:20.973+0000] {logging_mixin.py:154} INFO - [2023-12-09T14:11:20.973+0000] {dag.py:3722} INFO - Setting next_dagrun for dataset_consumes_1_never_scheduled to None, run_after=None
[2023-12-09T14:11:20.973+0000] {logging_mixin.py:154} INFO - [2023-12-09T14:11:20.973+0000] {dag.py:3722} INFO - Setting next_dagrun for dataset_consumes_unknown_never_scheduled to None, run_after=None
[2023-12-09T14:11:20.975+0000] {logging_mixin.py:154} INFO - [2023-12-09T14:11:20.975+0000] {dag.py:3722} INFO - Setting next_dagrun for dataset_produces_1 to 2023-12-08T00:00:00+00:00, run_after=2023-12-09T00:00:00+00:00
[2023-12-09T14:11:20.976+0000] {logging_mixin.py:154} INFO - [2023-12-09T14:11:20.976+0000] {dag.py:3722} INFO - Setting next_dagrun for dataset_produces_2 to None, run_after=None
[2023-12-09T14:11:20.990+0000] {processor.py:179} INFO - Processing /home/airflow/.local/lib/python3.8/site-packages/airflow/example_dags/example_datasets.py took 0.066 seconds
[2023-12-09T14:11:51.090+0000] {processor.py:157} INFO - Started process (PID=1907) to work on /home/airflow/.local/lib/python3.8/site-packages/airflow/example_dags/example_datasets.py
[2023-12-09T14:11:51.091+0000] {processor.py:829} INFO - Processing file /home/airflow/.local/lib/python3.8/site-packages/airflow/example_dags/example_datasets.py for tasks to queue
[2023-12-09T14:11:51.091+0000] {logging_mixin.py:154} INFO - [2023-12-09T14:11:51.091+0000] {dagbag.py:536} INFO - Filling up the DagBag from /home/airflow/.local/lib/python3.8/site-packages/airflow/example_dags/example_datasets.py
[2023-12-09T14:11:51.097+0000] {processor.py:839} INFO - DAG(s) dict_keys(['dataset_consumes_1_never_scheduled', 'dataset_consumes_unknown_never_scheduled', 'dataset_produces_2', 'dataset_produces_1', 'dataset_consumes_1', 'dataset_consumes_1_and_2']) retrieved from /home/airflow/.local/lib/python3.8/site-packages/airflow/example_dags/example_datasets.py
[2023-12-09T14:11:51.116+0000] {logging_mixin.py:154} INFO - [2023-12-09T14:11:51.116+0000] {dag.py:2941} INFO - Sync 6 DAGs
[2023-12-09T14:11:51.128+0000] {logging_mixin.py:154} INFO - [2023-12-09T14:11:51.128+0000] {dag.py:3722} INFO - Setting next_dagrun for dataset_consumes_1 to None, run_after=None
[2023-12-09T14:11:51.130+0000] {logging_mixin.py:154} INFO - [2023-12-09T14:11:51.130+0000] {dag.py:3722} INFO - Setting next_dagrun for dataset_consumes_1_and_2 to None, run_after=None
[2023-12-09T14:11:51.131+0000] {logging_mixin.py:154} INFO - [2023-12-09T14:11:51.131+0000] {dag.py:3722} INFO - Setting next_dagrun for dataset_consumes_1_never_scheduled to None, run_after=None
[2023-12-09T14:11:51.132+0000] {logging_mixin.py:154} INFO - [2023-12-09T14:11:51.132+0000] {dag.py:3722} INFO - Setting next_dagrun for dataset_consumes_unknown_never_scheduled to None, run_after=None
[2023-12-09T14:11:51.133+0000] {logging_mixin.py:154} INFO - [2023-12-09T14:11:51.133+0000] {dag.py:3722} INFO - Setting next_dagrun for dataset_produces_1 to 2023-12-08T00:00:00+00:00, run_after=2023-12-09T00:00:00+00:00
[2023-12-09T14:11:51.134+0000] {logging_mixin.py:154} INFO - [2023-12-09T14:11:51.134+0000] {dag.py:3722} INFO - Setting next_dagrun for dataset_produces_2 to None, run_after=None
[2023-12-09T14:11:51.149+0000] {processor.py:179} INFO - Processing /home/airflow/.local/lib/python3.8/site-packages/airflow/example_dags/example_datasets.py took 0.062 seconds
[2023-12-09T14:12:21.218+0000] {processor.py:157} INFO - Started process (PID=2145) to work on /home/airflow/.local/lib/python3.8/site-packages/airflow/example_dags/example_datasets.py
[2023-12-09T14:12:21.219+0000] {processor.py:829} INFO - Processing file /home/airflow/.local/lib/python3.8/site-packages/airflow/example_dags/example_datasets.py for tasks to queue
[2023-12-09T14:12:21.220+0000] {logging_mixin.py:154} INFO - [2023-12-09T14:12:21.219+0000] {dagbag.py:536} INFO - Filling up the DagBag from /home/airflow/.local/lib/python3.8/site-packages/airflow/example_dags/example_datasets.py
[2023-12-09T14:12:21.225+0000] {processor.py:839} INFO - DAG(s) dict_keys(['dataset_consumes_unknown_never_scheduled', 'dataset_produces_2', 'dataset_consumes_1_never_scheduled', 'dataset_consumes_1_and_2', 'dataset_consumes_1', 'dataset_produces_1']) retrieved from /home/airflow/.local/lib/python3.8/site-packages/airflow/example_dags/example_datasets.py
[2023-12-09T14:12:21.244+0000] {logging_mixin.py:154} INFO - [2023-12-09T14:12:21.244+0000] {dag.py:2941} INFO - Sync 6 DAGs
[2023-12-09T14:12:21.257+0000] {logging_mixin.py:154} INFO - [2023-12-09T14:12:21.257+0000] {dag.py:3722} INFO - Setting next_dagrun for dataset_consumes_1 to None, run_after=None
[2023-12-09T14:12:21.259+0000] {logging_mixin.py:154} INFO - [2023-12-09T14:12:21.259+0000] {dag.py:3722} INFO - Setting next_dagrun for dataset_consumes_1_and_2 to None, run_after=None
[2023-12-09T14:12:21.259+0000] {logging_mixin.py:154} INFO - [2023-12-09T14:12:21.259+0000] {dag.py:3722} INFO - Setting next_dagrun for dataset_consumes_1_never_scheduled to None, run_after=None
[2023-12-09T14:12:21.260+0000] {logging_mixin.py:154} INFO - [2023-12-09T14:12:21.260+0000] {dag.py:3722} INFO - Setting next_dagrun for dataset_consumes_unknown_never_scheduled to None, run_after=None
[2023-12-09T14:12:21.262+0000] {logging_mixin.py:154} INFO - [2023-12-09T14:12:21.262+0000] {dag.py:3722} INFO - Setting next_dagrun for dataset_produces_1 to 2023-12-08T00:00:00+00:00, run_after=2023-12-09T00:00:00+00:00
[2023-12-09T14:12:21.263+0000] {logging_mixin.py:154} INFO - [2023-12-09T14:12:21.263+0000] {dag.py:3722} INFO - Setting next_dagrun for dataset_produces_2 to None, run_after=None
[2023-12-09T14:12:21.277+0000] {processor.py:179} INFO - Processing /home/airflow/.local/lib/python3.8/site-packages/airflow/example_dags/example_datasets.py took 0.061 seconds
[2023-12-09T14:12:51.976+0000] {processor.py:157} INFO - Started process (PID=2385) to work on /home/airflow/.local/lib/python3.8/site-packages/airflow/example_dags/example_datasets.py
[2023-12-09T14:12:51.977+0000] {processor.py:829} INFO - Processing file /home/airflow/.local/lib/python3.8/site-packages/airflow/example_dags/example_datasets.py for tasks to queue
[2023-12-09T14:12:51.977+0000] {logging_mixin.py:154} INFO - [2023-12-09T14:12:51.977+0000] {dagbag.py:536} INFO - Filling up the DagBag from /home/airflow/.local/lib/python3.8/site-packages/airflow/example_dags/example_datasets.py
[2023-12-09T14:12:51.984+0000] {processor.py:839} INFO - DAG(s) dict_keys(['dataset_consumes_1_and_2', 'dataset_produces_2', 'dataset_produces_1', 'dataset_consumes_1_never_scheduled', 'dataset_consumes_1', 'dataset_consumes_unknown_never_scheduled']) retrieved from /home/airflow/.local/lib/python3.8/site-packages/airflow/example_dags/example_datasets.py
[2023-12-09T14:12:52.004+0000] {logging_mixin.py:154} INFO - [2023-12-09T14:12:52.004+0000] {dag.py:2941} INFO - Sync 6 DAGs
[2023-12-09T14:12:52.016+0000] {logging_mixin.py:154} INFO - [2023-12-09T14:12:52.016+0000] {dag.py:3722} INFO - Setting next_dagrun for dataset_consumes_1 to None, run_after=None
[2023-12-09T14:12:52.018+0000] {logging_mixin.py:154} INFO - [2023-12-09T14:12:52.018+0000] {dag.py:3722} INFO - Setting next_dagrun for dataset_consumes_1_and_2 to None, run_after=None
[2023-12-09T14:12:52.019+0000] {logging_mixin.py:154} INFO - [2023-12-09T14:12:52.019+0000] {dag.py:3722} INFO - Setting next_dagrun for dataset_consumes_1_never_scheduled to None, run_after=None
[2023-12-09T14:12:52.019+0000] {logging_mixin.py:154} INFO - [2023-12-09T14:12:52.019+0000] {dag.py:3722} INFO - Setting next_dagrun for dataset_consumes_unknown_never_scheduled to None, run_after=None
[2023-12-09T14:12:52.021+0000] {logging_mixin.py:154} INFO - [2023-12-09T14:12:52.021+0000] {dag.py:3722} INFO - Setting next_dagrun for dataset_produces_1 to 2023-12-08T00:00:00+00:00, run_after=2023-12-09T00:00:00+00:00
[2023-12-09T14:12:52.022+0000] {logging_mixin.py:154} INFO - [2023-12-09T14:12:52.022+0000] {dag.py:3722} INFO - Setting next_dagrun for dataset_produces_2 to None, run_after=None
[2023-12-09T14:12:52.038+0000] {processor.py:179} INFO - Processing /home/airflow/.local/lib/python3.8/site-packages/airflow/example_dags/example_datasets.py took 0.064 seconds
[2023-12-09T14:13:22.981+0000] {processor.py:157} INFO - Started process (PID=2623) to work on /home/airflow/.local/lib/python3.8/site-packages/airflow/example_dags/example_datasets.py
[2023-12-09T14:13:22.982+0000] {processor.py:829} INFO - Processing file /home/airflow/.local/lib/python3.8/site-packages/airflow/example_dags/example_datasets.py for tasks to queue
[2023-12-09T14:13:22.983+0000] {logging_mixin.py:154} INFO - [2023-12-09T14:13:22.982+0000] {dagbag.py:536} INFO - Filling up the DagBag from /home/airflow/.local/lib/python3.8/site-packages/airflow/example_dags/example_datasets.py
[2023-12-09T14:13:22.988+0000] {processor.py:839} INFO - DAG(s) dict_keys(['dataset_consumes_1_never_scheduled', 'dataset_consumes_unknown_never_scheduled', 'dataset_produces_2', 'dataset_produces_1', 'dataset_consumes_1_and_2', 'dataset_consumes_1']) retrieved from /home/airflow/.local/lib/python3.8/site-packages/airflow/example_dags/example_datasets.py
[2023-12-09T14:13:23.008+0000] {logging_mixin.py:154} INFO - [2023-12-09T14:13:23.008+0000] {dag.py:2941} INFO - Sync 6 DAGs
[2023-12-09T14:13:23.020+0000] {logging_mixin.py:154} INFO - [2023-12-09T14:13:23.019+0000] {dag.py:3722} INFO - Setting next_dagrun for dataset_consumes_1 to None, run_after=None
[2023-12-09T14:13:23.022+0000] {logging_mixin.py:154} INFO - [2023-12-09T14:13:23.022+0000] {dag.py:3722} INFO - Setting next_dagrun for dataset_consumes_1_and_2 to None, run_after=None
[2023-12-09T14:13:23.022+0000] {logging_mixin.py:154} INFO - [2023-12-09T14:13:23.022+0000] {dag.py:3722} INFO - Setting next_dagrun for dataset_consumes_1_never_scheduled to None, run_after=None
[2023-12-09T14:13:23.023+0000] {logging_mixin.py:154} INFO - [2023-12-09T14:13:23.023+0000] {dag.py:3722} INFO - Setting next_dagrun for dataset_consumes_unknown_never_scheduled to None, run_after=None
[2023-12-09T14:13:23.025+0000] {logging_mixin.py:154} INFO - [2023-12-09T14:13:23.025+0000] {dag.py:3722} INFO - Setting next_dagrun for dataset_produces_1 to 2023-12-08T00:00:00+00:00, run_after=2023-12-09T00:00:00+00:00
[2023-12-09T14:13:23.026+0000] {logging_mixin.py:154} INFO - [2023-12-09T14:13:23.026+0000] {dag.py:3722} INFO - Setting next_dagrun for dataset_produces_2 to None, run_after=None
[2023-12-09T14:13:23.042+0000] {processor.py:179} INFO - Processing /home/airflow/.local/lib/python3.8/site-packages/airflow/example_dags/example_datasets.py took 0.064 seconds
[2023-12-09T14:13:53.831+0000] {processor.py:157} INFO - Started process (PID=2861) to work on /home/airflow/.local/lib/python3.8/site-packages/airflow/example_dags/example_datasets.py
[2023-12-09T14:13:53.832+0000] {processor.py:829} INFO - Processing file /home/airflow/.local/lib/python3.8/site-packages/airflow/example_dags/example_datasets.py for tasks to queue
[2023-12-09T14:13:53.832+0000] {logging_mixin.py:154} INFO - [2023-12-09T14:13:53.832+0000] {dagbag.py:536} INFO - Filling up the DagBag from /home/airflow/.local/lib/python3.8/site-packages/airflow/example_dags/example_datasets.py
[2023-12-09T14:13:53.838+0000] {processor.py:839} INFO - DAG(s) dict_keys(['dataset_consumes_1_never_scheduled', 'dataset_produces_2', 'dataset_produces_1', 'dataset_consumes_1', 'dataset_consumes_unknown_never_scheduled', 'dataset_consumes_1_and_2']) retrieved from /home/airflow/.local/lib/python3.8/site-packages/airflow/example_dags/example_datasets.py
[2023-12-09T14:13:53.858+0000] {logging_mixin.py:154} INFO - [2023-12-09T14:13:53.858+0000] {dag.py:2941} INFO - Sync 6 DAGs
[2023-12-09T14:13:53.870+0000] {logging_mixin.py:154} INFO - [2023-12-09T14:13:53.870+0000] {dag.py:3722} INFO - Setting next_dagrun for dataset_consumes_1 to None, run_after=None
[2023-12-09T14:13:53.872+0000] {logging_mixin.py:154} INFO - [2023-12-09T14:13:53.872+0000] {dag.py:3722} INFO - Setting next_dagrun for dataset_consumes_1_and_2 to None, run_after=None
[2023-12-09T14:13:53.872+0000] {logging_mixin.py:154} INFO - [2023-12-09T14:13:53.872+0000] {dag.py:3722} INFO - Setting next_dagrun for dataset_consumes_1_never_scheduled to None, run_after=None
[2023-12-09T14:13:53.873+0000] {logging_mixin.py:154} INFO - [2023-12-09T14:13:53.873+0000] {dag.py:3722} INFO - Setting next_dagrun for dataset_consumes_unknown_never_scheduled to None, run_after=None
[2023-12-09T14:13:53.875+0000] {logging_mixin.py:154} INFO - [2023-12-09T14:13:53.875+0000] {dag.py:3722} INFO - Setting next_dagrun for dataset_produces_1 to 2023-12-08T00:00:00+00:00, run_after=2023-12-09T00:00:00+00:00
[2023-12-09T14:13:53.875+0000] {logging_mixin.py:154} INFO - [2023-12-09T14:13:53.875+0000] {dag.py:3722} INFO - Setting next_dagrun for dataset_produces_2 to None, run_after=None
[2023-12-09T14:13:53.892+0000] {processor.py:179} INFO - Processing /home/airflow/.local/lib/python3.8/site-packages/airflow/example_dags/example_datasets.py took 0.063 seconds
[2023-12-09T14:14:24.561+0000] {processor.py:157} INFO - Started process (PID=3099) to work on /home/airflow/.local/lib/python3.8/site-packages/airflow/example_dags/example_datasets.py
[2023-12-09T14:14:24.562+0000] {processor.py:829} INFO - Processing file /home/airflow/.local/lib/python3.8/site-packages/airflow/example_dags/example_datasets.py for tasks to queue
[2023-12-09T14:14:24.562+0000] {logging_mixin.py:154} INFO - [2023-12-09T14:14:24.562+0000] {dagbag.py:536} INFO - Filling up the DagBag from /home/airflow/.local/lib/python3.8/site-packages/airflow/example_dags/example_datasets.py
[2023-12-09T14:14:24.568+0000] {processor.py:839} INFO - DAG(s) dict_keys(['dataset_produces_1', 'dataset_consumes_1', 'dataset_consumes_unknown_never_scheduled', 'dataset_consumes_1_and_2', 'dataset_produces_2', 'dataset_consumes_1_never_scheduled']) retrieved from /home/airflow/.local/lib/python3.8/site-packages/airflow/example_dags/example_datasets.py
[2023-12-09T14:14:24.587+0000] {logging_mixin.py:154} INFO - [2023-12-09T14:14:24.587+0000] {dag.py:2941} INFO - Sync 6 DAGs
[2023-12-09T14:14:24.598+0000] {logging_mixin.py:154} INFO - [2023-12-09T14:14:24.598+0000] {dag.py:3722} INFO - Setting next_dagrun for dataset_consumes_1 to None, run_after=None
[2023-12-09T14:14:24.599+0000] {logging_mixin.py:154} INFO - [2023-12-09T14:14:24.599+0000] {dag.py:3722} INFO - Setting next_dagrun for dataset_consumes_1_and_2 to None, run_after=None
[2023-12-09T14:14:24.600+0000] {logging_mixin.py:154} INFO - [2023-12-09T14:14:24.600+0000] {dag.py:3722} INFO - Setting next_dagrun for dataset_consumes_1_never_scheduled to None, run_after=None
[2023-12-09T14:14:24.601+0000] {logging_mixin.py:154} INFO - [2023-12-09T14:14:24.601+0000] {dag.py:3722} INFO - Setting next_dagrun for dataset_consumes_unknown_never_scheduled to None, run_after=None
[2023-12-09T14:14:24.602+0000] {logging_mixin.py:154} INFO - [2023-12-09T14:14:24.602+0000] {dag.py:3722} INFO - Setting next_dagrun for dataset_produces_1 to 2023-12-08T00:00:00+00:00, run_after=2023-12-09T00:00:00+00:00
[2023-12-09T14:14:24.603+0000] {logging_mixin.py:154} INFO - [2023-12-09T14:14:24.603+0000] {dag.py:3722} INFO - Setting next_dagrun for dataset_produces_2 to None, run_after=None
[2023-12-09T14:14:24.618+0000] {processor.py:179} INFO - Processing /home/airflow/.local/lib/python3.8/site-packages/airflow/example_dags/example_datasets.py took 0.059 seconds
[2023-12-09T14:14:55.360+0000] {processor.py:157} INFO - Started process (PID=3337) to work on /home/airflow/.local/lib/python3.8/site-packages/airflow/example_dags/example_datasets.py
[2023-12-09T14:14:55.360+0000] {processor.py:829} INFO - Processing file /home/airflow/.local/lib/python3.8/site-packages/airflow/example_dags/example_datasets.py for tasks to queue
[2023-12-09T14:14:55.361+0000] {logging_mixin.py:154} INFO - [2023-12-09T14:14:55.361+0000] {dagbag.py:536} INFO - Filling up the DagBag from /home/airflow/.local/lib/python3.8/site-packages/airflow/example_dags/example_datasets.py
[2023-12-09T14:14:55.366+0000] {processor.py:839} INFO - DAG(s) dict_keys(['dataset_consumes_1_and_2', 'dataset_consumes_1', 'dataset_produces_1', 'dataset_produces_2', 'dataset_consumes_unknown_never_scheduled', 'dataset_consumes_1_never_scheduled']) retrieved from /home/airflow/.local/lib/python3.8/site-packages/airflow/example_dags/example_datasets.py
[2023-12-09T14:14:55.386+0000] {logging_mixin.py:154} INFO - [2023-12-09T14:14:55.386+0000] {dag.py:2941} INFO - Sync 6 DAGs
[2023-12-09T14:14:55.398+0000] {logging_mixin.py:154} INFO - [2023-12-09T14:14:55.398+0000] {dag.py:3722} INFO - Setting next_dagrun for dataset_consumes_1 to None, run_after=None
[2023-12-09T14:14:55.400+0000] {logging_mixin.py:154} INFO - [2023-12-09T14:14:55.400+0000] {dag.py:3722} INFO - Setting next_dagrun for dataset_consumes_1_and_2 to None, run_after=None
[2023-12-09T14:14:55.401+0000] {logging_mixin.py:154} INFO - [2023-12-09T14:14:55.401+0000] {dag.py:3722} INFO - Setting next_dagrun for dataset_consumes_1_never_scheduled to None, run_after=None
[2023-12-09T14:14:55.401+0000] {logging_mixin.py:154} INFO - [2023-12-09T14:14:55.401+0000] {dag.py:3722} INFO - Setting next_dagrun for dataset_consumes_unknown_never_scheduled to None, run_after=None
[2023-12-09T14:14:55.403+0000] {logging_mixin.py:154} INFO - [2023-12-09T14:14:55.403+0000] {dag.py:3722} INFO - Setting next_dagrun for dataset_produces_1 to 2023-12-08T00:00:00+00:00, run_after=2023-12-09T00:00:00+00:00
[2023-12-09T14:14:55.404+0000] {logging_mixin.py:154} INFO - [2023-12-09T14:14:55.404+0000] {dag.py:3722} INFO - Setting next_dagrun for dataset_produces_2 to None, run_after=None
[2023-12-09T14:14:55.418+0000] {processor.py:179} INFO - Processing /home/airflow/.local/lib/python3.8/site-packages/airflow/example_dags/example_datasets.py took 0.061 seconds
[2023-12-09T14:15:26.076+0000] {processor.py:157} INFO - Started process (PID=3573) to work on /home/airflow/.local/lib/python3.8/site-packages/airflow/example_dags/example_datasets.py
[2023-12-09T14:15:26.077+0000] {processor.py:829} INFO - Processing file /home/airflow/.local/lib/python3.8/site-packages/airflow/example_dags/example_datasets.py for tasks to queue
[2023-12-09T14:15:26.078+0000] {logging_mixin.py:154} INFO - [2023-12-09T14:15:26.078+0000] {dagbag.py:536} INFO - Filling up the DagBag from /home/airflow/.local/lib/python3.8/site-packages/airflow/example_dags/example_datasets.py
[2023-12-09T14:15:26.083+0000] {processor.py:839} INFO - DAG(s) dict_keys(['dataset_consumes_1_never_scheduled', 'dataset_consumes_1_and_2', 'dataset_produces_2', 'dataset_consumes_1', 'dataset_produces_1', 'dataset_consumes_unknown_never_scheduled']) retrieved from /home/airflow/.local/lib/python3.8/site-packages/airflow/example_dags/example_datasets.py
[2023-12-09T14:15:26.102+0000] {logging_mixin.py:154} INFO - [2023-12-09T14:15:26.102+0000] {dag.py:2941} INFO - Sync 6 DAGs
[2023-12-09T14:15:26.114+0000] {logging_mixin.py:154} INFO - [2023-12-09T14:15:26.114+0000] {dag.py:3722} INFO - Setting next_dagrun for dataset_consumes_1 to None, run_after=None
[2023-12-09T14:15:26.116+0000] {logging_mixin.py:154} INFO - [2023-12-09T14:15:26.115+0000] {dag.py:3722} INFO - Setting next_dagrun for dataset_consumes_1_and_2 to None, run_after=None
[2023-12-09T14:15:26.116+0000] {logging_mixin.py:154} INFO - [2023-12-09T14:15:26.116+0000] {dag.py:3722} INFO - Setting next_dagrun for dataset_consumes_1_never_scheduled to None, run_after=None
[2023-12-09T14:15:26.117+0000] {logging_mixin.py:154} INFO - [2023-12-09T14:15:26.117+0000] {dag.py:3722} INFO - Setting next_dagrun for dataset_consumes_unknown_never_scheduled to None, run_after=None
[2023-12-09T14:15:26.118+0000] {logging_mixin.py:154} INFO - [2023-12-09T14:15:26.118+0000] {dag.py:3722} INFO - Setting next_dagrun for dataset_produces_1 to 2023-12-08T00:00:00+00:00, run_after=2023-12-09T00:00:00+00:00
[2023-12-09T14:15:26.119+0000] {logging_mixin.py:154} INFO - [2023-12-09T14:15:26.119+0000] {dag.py:3722} INFO - Setting next_dagrun for dataset_produces_2 to None, run_after=None
[2023-12-09T14:15:26.135+0000] {processor.py:179} INFO - Processing /home/airflow/.local/lib/python3.8/site-packages/airflow/example_dags/example_datasets.py took 0.061 seconds
[2023-12-09T14:15:57.004+0000] {processor.py:157} INFO - Started process (PID=3811) to work on /home/airflow/.local/lib/python3.8/site-packages/airflow/example_dags/example_datasets.py
[2023-12-09T14:15:57.005+0000] {processor.py:829} INFO - Processing file /home/airflow/.local/lib/python3.8/site-packages/airflow/example_dags/example_datasets.py for tasks to queue
[2023-12-09T14:15:57.006+0000] {logging_mixin.py:154} INFO - [2023-12-09T14:15:57.005+0000] {dagbag.py:536} INFO - Filling up the DagBag from /home/airflow/.local/lib/python3.8/site-packages/airflow/example_dags/example_datasets.py
[2023-12-09T14:15:57.013+0000] {processor.py:839} INFO - DAG(s) dict_keys(['dataset_consumes_unknown_never_scheduled', 'dataset_produces_2', 'dataset_consumes_1', 'dataset_consumes_1_never_scheduled', 'dataset_consumes_1_and_2', 'dataset_produces_1']) retrieved from /home/airflow/.local/lib/python3.8/site-packages/airflow/example_dags/example_datasets.py
[2023-12-09T14:15:57.042+0000] {logging_mixin.py:154} INFO - [2023-12-09T14:15:57.041+0000] {dag.py:2941} INFO - Sync 6 DAGs
[2023-12-09T14:15:57.056+0000] {logging_mixin.py:154} INFO - [2023-12-09T14:15:57.056+0000] {dag.py:3722} INFO - Setting next_dagrun for dataset_consumes_1 to None, run_after=None
[2023-12-09T14:15:57.061+0000] {logging_mixin.py:154} INFO - [2023-12-09T14:15:57.061+0000] {dag.py:3722} INFO - Setting next_dagrun for dataset_consumes_1_and_2 to None, run_after=None
[2023-12-09T14:15:57.063+0000] {logging_mixin.py:154} INFO - [2023-12-09T14:15:57.063+0000] {dag.py:3722} INFO - Setting next_dagrun for dataset_consumes_1_never_scheduled to None, run_after=None
[2023-12-09T14:15:57.064+0000] {logging_mixin.py:154} INFO - [2023-12-09T14:15:57.064+0000] {dag.py:3722} INFO - Setting next_dagrun for dataset_consumes_unknown_never_scheduled to None, run_after=None
[2023-12-09T14:15:57.068+0000] {logging_mixin.py:154} INFO - [2023-12-09T14:15:57.068+0000] {dag.py:3722} INFO - Setting next_dagrun for dataset_produces_1 to 2023-12-08T00:00:00+00:00, run_after=2023-12-09T00:00:00+00:00
[2023-12-09T14:15:57.070+0000] {logging_mixin.py:154} INFO - [2023-12-09T14:15:57.070+0000] {dag.py:3722} INFO - Setting next_dagrun for dataset_produces_2 to None, run_after=None
[2023-12-09T14:15:57.093+0000] {processor.py:179} INFO - Processing /home/airflow/.local/lib/python3.8/site-packages/airflow/example_dags/example_datasets.py took 0.091 seconds
[2023-12-09T14:16:28.010+0000] {processor.py:157} INFO - Started process (PID=4049) to work on /home/airflow/.local/lib/python3.8/site-packages/airflow/example_dags/example_datasets.py
[2023-12-09T14:16:28.010+0000] {processor.py:829} INFO - Processing file /home/airflow/.local/lib/python3.8/site-packages/airflow/example_dags/example_datasets.py for tasks to queue
[2023-12-09T14:16:28.011+0000] {logging_mixin.py:154} INFO - [2023-12-09T14:16:28.011+0000] {dagbag.py:536} INFO - Filling up the DagBag from /home/airflow/.local/lib/python3.8/site-packages/airflow/example_dags/example_datasets.py
[2023-12-09T14:16:28.017+0000] {processor.py:839} INFO - DAG(s) dict_keys(['dataset_consumes_1_and_2', 'dataset_consumes_unknown_never_scheduled', 'dataset_produces_1', 'dataset_consumes_1', 'dataset_produces_2', 'dataset_consumes_1_never_scheduled']) retrieved from /home/airflow/.local/lib/python3.8/site-packages/airflow/example_dags/example_datasets.py
[2023-12-09T14:16:28.035+0000] {logging_mixin.py:154} INFO - [2023-12-09T14:16:28.035+0000] {dag.py:2941} INFO - Sync 6 DAGs
[2023-12-09T14:16:28.047+0000] {logging_mixin.py:154} INFO - [2023-12-09T14:16:28.047+0000] {dag.py:3722} INFO - Setting next_dagrun for dataset_consumes_1 to None, run_after=None
[2023-12-09T14:16:28.049+0000] {logging_mixin.py:154} INFO - [2023-12-09T14:16:28.049+0000] {dag.py:3722} INFO - Setting next_dagrun for dataset_consumes_1_and_2 to None, run_after=None
[2023-12-09T14:16:28.049+0000] {logging_mixin.py:154} INFO - [2023-12-09T14:16:28.049+0000] {dag.py:3722} INFO - Setting next_dagrun for dataset_consumes_1_never_scheduled to None, run_after=None
[2023-12-09T14:16:28.050+0000] {logging_mixin.py:154} INFO - [2023-12-09T14:16:28.050+0000] {dag.py:3722} INFO - Setting next_dagrun for dataset_consumes_unknown_never_scheduled to None, run_after=None
[2023-12-09T14:16:28.052+0000] {logging_mixin.py:154} INFO - [2023-12-09T14:16:28.052+0000] {dag.py:3722} INFO - Setting next_dagrun for dataset_produces_1 to 2023-12-08T00:00:00+00:00, run_after=2023-12-09T00:00:00+00:00
[2023-12-09T14:16:28.052+0000] {logging_mixin.py:154} INFO - [2023-12-09T14:16:28.052+0000] {dag.py:3722} INFO - Setting next_dagrun for dataset_produces_2 to None, run_after=None
[2023-12-09T14:16:28.071+0000] {processor.py:179} INFO - Processing /home/airflow/.local/lib/python3.8/site-packages/airflow/example_dags/example_datasets.py took 0.063 seconds
[2023-12-09T14:16:58.661+0000] {processor.py:157} INFO - Started process (PID=4289) to work on /home/airflow/.local/lib/python3.8/site-packages/airflow/example_dags/example_datasets.py
[2023-12-09T14:16:58.662+0000] {processor.py:829} INFO - Processing file /home/airflow/.local/lib/python3.8/site-packages/airflow/example_dags/example_datasets.py for tasks to queue
[2023-12-09T14:16:58.663+0000] {logging_mixin.py:154} INFO - [2023-12-09T14:16:58.662+0000] {dagbag.py:536} INFO - Filling up the DagBag from /home/airflow/.local/lib/python3.8/site-packages/airflow/example_dags/example_datasets.py
[2023-12-09T14:16:58.669+0000] {processor.py:839} INFO - DAG(s) dict_keys(['dataset_consumes_unknown_never_scheduled', 'dataset_consumes_1_never_scheduled', 'dataset_produces_2', 'dataset_consumes_1', 'dataset_consumes_1_and_2', 'dataset_produces_1']) retrieved from /home/airflow/.local/lib/python3.8/site-packages/airflow/example_dags/example_datasets.py
[2023-12-09T14:16:58.688+0000] {logging_mixin.py:154} INFO - [2023-12-09T14:16:58.688+0000] {dag.py:2941} INFO - Sync 6 DAGs
[2023-12-09T14:16:58.699+0000] {logging_mixin.py:154} INFO - [2023-12-09T14:16:58.699+0000] {dag.py:3722} INFO - Setting next_dagrun for dataset_consumes_1 to None, run_after=None
[2023-12-09T14:16:58.701+0000] {logging_mixin.py:154} INFO - [2023-12-09T14:16:58.701+0000] {dag.py:3722} INFO - Setting next_dagrun for dataset_consumes_1_and_2 to None, run_after=None
[2023-12-09T14:16:58.702+0000] {logging_mixin.py:154} INFO - [2023-12-09T14:16:58.702+0000] {dag.py:3722} INFO - Setting next_dagrun for dataset_consumes_1_never_scheduled to None, run_after=None
[2023-12-09T14:16:58.702+0000] {logging_mixin.py:154} INFO - [2023-12-09T14:16:58.702+0000] {dag.py:3722} INFO - Setting next_dagrun for dataset_consumes_unknown_never_scheduled to None, run_after=None
[2023-12-09T14:16:58.704+0000] {logging_mixin.py:154} INFO - [2023-12-09T14:16:58.704+0000] {dag.py:3722} INFO - Setting next_dagrun for dataset_produces_1 to 2023-12-08T00:00:00+00:00, run_after=2023-12-09T00:00:00+00:00
[2023-12-09T14:16:58.705+0000] {logging_mixin.py:154} INFO - [2023-12-09T14:16:58.705+0000] {dag.py:3722} INFO - Setting next_dagrun for dataset_produces_2 to None, run_after=None
[2023-12-09T14:16:58.720+0000] {processor.py:179} INFO - Processing /home/airflow/.local/lib/python3.8/site-packages/airflow/example_dags/example_datasets.py took 0.061 seconds
[2023-12-09T14:17:29.322+0000] {processor.py:157} INFO - Started process (PID=4527) to work on /home/airflow/.local/lib/python3.8/site-packages/airflow/example_dags/example_datasets.py
[2023-12-09T14:17:29.323+0000] {processor.py:829} INFO - Processing file /home/airflow/.local/lib/python3.8/site-packages/airflow/example_dags/example_datasets.py for tasks to queue
[2023-12-09T14:17:29.324+0000] {logging_mixin.py:154} INFO - [2023-12-09T14:17:29.324+0000] {dagbag.py:536} INFO - Filling up the DagBag from /home/airflow/.local/lib/python3.8/site-packages/airflow/example_dags/example_datasets.py
[2023-12-09T14:17:29.330+0000] {processor.py:839} INFO - DAG(s) dict_keys(['dataset_produces_1', 'dataset_consumes_1_never_scheduled', 'dataset_consumes_1', 'dataset_consumes_1_and_2', 'dataset_produces_2', 'dataset_consumes_unknown_never_scheduled']) retrieved from /home/airflow/.local/lib/python3.8/site-packages/airflow/example_dags/example_datasets.py
[2023-12-09T14:17:29.350+0000] {logging_mixin.py:154} INFO - [2023-12-09T14:17:29.349+0000] {dag.py:2941} INFO - Sync 6 DAGs
[2023-12-09T14:17:29.363+0000] {logging_mixin.py:154} INFO - [2023-12-09T14:17:29.363+0000] {dag.py:3722} INFO - Setting next_dagrun for dataset_consumes_1 to None, run_after=None
[2023-12-09T14:17:29.365+0000] {logging_mixin.py:154} INFO - [2023-12-09T14:17:29.365+0000] {dag.py:3722} INFO - Setting next_dagrun for dataset_consumes_1_and_2 to None, run_after=None
[2023-12-09T14:17:29.366+0000] {logging_mixin.py:154} INFO - [2023-12-09T14:17:29.366+0000] {dag.py:3722} INFO - Setting next_dagrun for dataset_consumes_1_never_scheduled to None, run_after=None
[2023-12-09T14:17:29.367+0000] {logging_mixin.py:154} INFO - [2023-12-09T14:17:29.367+0000] {dag.py:3722} INFO - Setting next_dagrun for dataset_consumes_unknown_never_scheduled to None, run_after=None
[2023-12-09T14:17:29.368+0000] {logging_mixin.py:154} INFO - [2023-12-09T14:17:29.368+0000] {dag.py:3722} INFO - Setting next_dagrun for dataset_produces_1 to 2023-12-08T00:00:00+00:00, run_after=2023-12-09T00:00:00+00:00
[2023-12-09T14:17:29.369+0000] {logging_mixin.py:154} INFO - [2023-12-09T14:17:29.369+0000] {dag.py:3722} INFO - Setting next_dagrun for dataset_produces_2 to None, run_after=None
[2023-12-09T14:17:29.383+0000] {processor.py:179} INFO - Processing /home/airflow/.local/lib/python3.8/site-packages/airflow/example_dags/example_datasets.py took 0.064 seconds
[2023-12-09T14:18:00.131+0000] {processor.py:157} INFO - Started process (PID=4763) to work on /home/airflow/.local/lib/python3.8/site-packages/airflow/example_dags/example_datasets.py
[2023-12-09T14:18:00.132+0000] {processor.py:829} INFO - Processing file /home/airflow/.local/lib/python3.8/site-packages/airflow/example_dags/example_datasets.py for tasks to queue
[2023-12-09T14:18:00.133+0000] {logging_mixin.py:154} INFO - [2023-12-09T14:18:00.132+0000] {dagbag.py:536} INFO - Filling up the DagBag from /home/airflow/.local/lib/python3.8/site-packages/airflow/example_dags/example_datasets.py
[2023-12-09T14:18:00.138+0000] {processor.py:839} INFO - DAG(s) dict_keys(['dataset_produces_1', 'dataset_consumes_1', 'dataset_consumes_1_and_2', 'dataset_produces_2', 'dataset_consumes_unknown_never_scheduled', 'dataset_consumes_1_never_scheduled']) retrieved from /home/airflow/.local/lib/python3.8/site-packages/airflow/example_dags/example_datasets.py
[2023-12-09T14:18:00.157+0000] {logging_mixin.py:154} INFO - [2023-12-09T14:18:00.156+0000] {dag.py:2941} INFO - Sync 6 DAGs
[2023-12-09T14:18:00.169+0000] {logging_mixin.py:154} INFO - [2023-12-09T14:18:00.169+0000] {dag.py:3722} INFO - Setting next_dagrun for dataset_consumes_1 to None, run_after=None
[2023-12-09T14:18:00.171+0000] {logging_mixin.py:154} INFO - [2023-12-09T14:18:00.171+0000] {dag.py:3722} INFO - Setting next_dagrun for dataset_consumes_1_and_2 to None, run_after=None
[2023-12-09T14:18:00.171+0000] {logging_mixin.py:154} INFO - [2023-12-09T14:18:00.171+0000] {dag.py:3722} INFO - Setting next_dagrun for dataset_consumes_1_never_scheduled to None, run_after=None
[2023-12-09T14:18:00.172+0000] {logging_mixin.py:154} INFO - [2023-12-09T14:18:00.172+0000] {dag.py:3722} INFO - Setting next_dagrun for dataset_consumes_unknown_never_scheduled to None, run_after=None
[2023-12-09T14:18:00.173+0000] {logging_mixin.py:154} INFO - [2023-12-09T14:18:00.173+0000] {dag.py:3722} INFO - Setting next_dagrun for dataset_produces_1 to 2023-12-08T00:00:00+00:00, run_after=2023-12-09T00:00:00+00:00
[2023-12-09T14:18:00.174+0000] {logging_mixin.py:154} INFO - [2023-12-09T14:18:00.174+0000] {dag.py:3722} INFO - Setting next_dagrun for dataset_produces_2 to None, run_after=None
[2023-12-09T14:18:00.191+0000] {processor.py:179} INFO - Processing /home/airflow/.local/lib/python3.8/site-packages/airflow/example_dags/example_datasets.py took 0.062 seconds
[2023-12-09T14:18:30.962+0000] {processor.py:157} INFO - Started process (PID=5001) to work on /home/airflow/.local/lib/python3.8/site-packages/airflow/example_dags/example_datasets.py
[2023-12-09T14:18:30.963+0000] {processor.py:829} INFO - Processing file /home/airflow/.local/lib/python3.8/site-packages/airflow/example_dags/example_datasets.py for tasks to queue
[2023-12-09T14:18:30.963+0000] {logging_mixin.py:154} INFO - [2023-12-09T14:18:30.963+0000] {dagbag.py:536} INFO - Filling up the DagBag from /home/airflow/.local/lib/python3.8/site-packages/airflow/example_dags/example_datasets.py
[2023-12-09T14:18:30.969+0000] {processor.py:839} INFO - DAG(s) dict_keys(['dataset_produces_2', 'dataset_produces_1', 'dataset_consumes_1_and_2', 'dataset_consumes_1_never_scheduled', 'dataset_consumes_unknown_never_scheduled', 'dataset_consumes_1']) retrieved from /home/airflow/.local/lib/python3.8/site-packages/airflow/example_dags/example_datasets.py
[2023-12-09T14:18:30.987+0000] {logging_mixin.py:154} INFO - [2023-12-09T14:18:30.987+0000] {dag.py:2941} INFO - Sync 6 DAGs
[2023-12-09T14:18:30.999+0000] {logging_mixin.py:154} INFO - [2023-12-09T14:18:30.999+0000] {dag.py:3722} INFO - Setting next_dagrun for dataset_consumes_1 to None, run_after=None
[2023-12-09T14:18:31.001+0000] {logging_mixin.py:154} INFO - [2023-12-09T14:18:31.000+0000] {dag.py:3722} INFO - Setting next_dagrun for dataset_consumes_1_and_2 to None, run_after=None
[2023-12-09T14:18:31.001+0000] {logging_mixin.py:154} INFO - [2023-12-09T14:18:31.001+0000] {dag.py:3722} INFO - Setting next_dagrun for dataset_consumes_1_never_scheduled to None, run_after=None
[2023-12-09T14:18:31.002+0000] {logging_mixin.py:154} INFO - [2023-12-09T14:18:31.002+0000] {dag.py:3722} INFO - Setting next_dagrun for dataset_consumes_unknown_never_scheduled to None, run_after=None
[2023-12-09T14:18:31.003+0000] {logging_mixin.py:154} INFO - [2023-12-09T14:18:31.003+0000] {dag.py:3722} INFO - Setting next_dagrun for dataset_produces_1 to 2023-12-08T00:00:00+00:00, run_after=2023-12-09T00:00:00+00:00
[2023-12-09T14:18:31.004+0000] {logging_mixin.py:154} INFO - [2023-12-09T14:18:31.004+0000] {dag.py:3722} INFO - Setting next_dagrun for dataset_produces_2 to None, run_after=None
[2023-12-09T14:18:31.020+0000] {processor.py:179} INFO - Processing /home/airflow/.local/lib/python3.8/site-packages/airflow/example_dags/example_datasets.py took 0.060 seconds
[2023-12-09T14:19:01.637+0000] {processor.py:157} INFO - Started process (PID=5239) to work on /home/airflow/.local/lib/python3.8/site-packages/airflow/example_dags/example_datasets.py
[2023-12-09T14:19:01.638+0000] {processor.py:829} INFO - Processing file /home/airflow/.local/lib/python3.8/site-packages/airflow/example_dags/example_datasets.py for tasks to queue
[2023-12-09T14:19:01.639+0000] {logging_mixin.py:154} INFO - [2023-12-09T14:19:01.638+0000] {dagbag.py:536} INFO - Filling up the DagBag from /home/airflow/.local/lib/python3.8/site-packages/airflow/example_dags/example_datasets.py
[2023-12-09T14:19:01.644+0000] {processor.py:839} INFO - DAG(s) dict_keys(['dataset_produces_1', 'dataset_consumes_1_and_2', 'dataset_consumes_1', 'dataset_consumes_unknown_never_scheduled', 'dataset_produces_2', 'dataset_consumes_1_never_scheduled']) retrieved from /home/airflow/.local/lib/python3.8/site-packages/airflow/example_dags/example_datasets.py
[2023-12-09T14:19:01.664+0000] {logging_mixin.py:154} INFO - [2023-12-09T14:19:01.664+0000] {dag.py:2941} INFO - Sync 6 DAGs
[2023-12-09T14:19:01.675+0000] {logging_mixin.py:154} INFO - [2023-12-09T14:19:01.675+0000] {dag.py:3722} INFO - Setting next_dagrun for dataset_consumes_1 to None, run_after=None
[2023-12-09T14:19:01.677+0000] {logging_mixin.py:154} INFO - [2023-12-09T14:19:01.677+0000] {dag.py:3722} INFO - Setting next_dagrun for dataset_consumes_1_and_2 to None, run_after=None
[2023-12-09T14:19:01.678+0000] {logging_mixin.py:154} INFO - [2023-12-09T14:19:01.678+0000] {dag.py:3722} INFO - Setting next_dagrun for dataset_consumes_1_never_scheduled to None, run_after=None
[2023-12-09T14:19:01.679+0000] {logging_mixin.py:154} INFO - [2023-12-09T14:19:01.679+0000] {dag.py:3722} INFO - Setting next_dagrun for dataset_consumes_unknown_never_scheduled to None, run_after=None
[2023-12-09T14:19:01.680+0000] {logging_mixin.py:154} INFO - [2023-12-09T14:19:01.680+0000] {dag.py:3722} INFO - Setting next_dagrun for dataset_produces_1 to 2023-12-08T00:00:00+00:00, run_after=2023-12-09T00:00:00+00:00
[2023-12-09T14:19:01.681+0000] {logging_mixin.py:154} INFO - [2023-12-09T14:19:01.681+0000] {dag.py:3722} INFO - Setting next_dagrun for dataset_produces_2 to None, run_after=None
[2023-12-09T14:19:01.696+0000] {processor.py:179} INFO - Processing /home/airflow/.local/lib/python3.8/site-packages/airflow/example_dags/example_datasets.py took 0.060 seconds
