[2023-12-09T14:08:18.248+0000] {processor.py:157} INFO - Started process (PID=306) to work on /home/airflow/.local/lib/python3.8/site-packages/airflow/example_dags/example_branch_labels.py
[2023-12-09T14:08:18.249+0000] {processor.py:829} INFO - Processing file /home/airflow/.local/lib/python3.8/site-packages/airflow/example_dags/example_branch_labels.py for tasks to queue
[2023-12-09T14:08:18.250+0000] {logging_mixin.py:154} INFO - [2023-12-09T14:08:18.250+0000] {dagbag.py:536} INFO - Filling up the DagBag from /home/airflow/.local/lib/python3.8/site-packages/airflow/example_dags/example_branch_labels.py
[2023-12-09T14:08:18.257+0000] {processor.py:839} INFO - DAG(s) dict_keys(['example_branch_labels']) retrieved from /home/airflow/.local/lib/python3.8/site-packages/airflow/example_dags/example_branch_labels.py
[2023-12-09T14:08:18.266+0000] {logging_mixin.py:154} INFO - [2023-12-09T14:08:18.266+0000] {dag.py:2941} INFO - Sync 1 DAGs
[2023-12-09T14:08:18.284+0000] {logging_mixin.py:154} INFO - [2023-12-09T14:08:18.284+0000] {dag.py:3722} INFO - Setting next_dagrun for example_branch_labels to 2023-12-08T00:00:00+00:00, run_after=2023-12-09T00:00:00+00:00
[2023-12-09T14:08:18.294+0000] {processor.py:179} INFO - Processing /home/airflow/.local/lib/python3.8/site-packages/airflow/example_dags/example_branch_labels.py took 0.048 seconds
[2023-12-09T14:08:48.642+0000] {processor.py:157} INFO - Started process (PID=544) to work on /home/airflow/.local/lib/python3.8/site-packages/airflow/example_dags/example_branch_labels.py
[2023-12-09T14:08:48.643+0000] {processor.py:829} INFO - Processing file /home/airflow/.local/lib/python3.8/site-packages/airflow/example_dags/example_branch_labels.py for tasks to queue
[2023-12-09T14:08:48.643+0000] {logging_mixin.py:154} INFO - [2023-12-09T14:08:48.643+0000] {dagbag.py:536} INFO - Filling up the DagBag from /home/airflow/.local/lib/python3.8/site-packages/airflow/example_dags/example_branch_labels.py
[2023-12-09T14:08:48.648+0000] {processor.py:839} INFO - DAG(s) dict_keys(['example_branch_labels']) retrieved from /home/airflow/.local/lib/python3.8/site-packages/airflow/example_dags/example_branch_labels.py
[2023-12-09T14:08:48.660+0000] {logging_mixin.py:154} INFO - [2023-12-09T14:08:48.660+0000] {dag.py:2941} INFO - Sync 1 DAGs
[2023-12-09T14:08:48.672+0000] {logging_mixin.py:154} INFO - [2023-12-09T14:08:48.672+0000] {dag.py:3722} INFO - Setting next_dagrun for example_branch_labels to 2023-12-08T00:00:00+00:00, run_after=2023-12-09T00:00:00+00:00
[2023-12-09T14:08:48.681+0000] {processor.py:179} INFO - Processing /home/airflow/.local/lib/python3.8/site-packages/airflow/example_dags/example_branch_labels.py took 0.041 seconds
[2023-12-09T14:09:19.499+0000] {processor.py:157} INFO - Started process (PID=782) to work on /home/airflow/.local/lib/python3.8/site-packages/airflow/example_dags/example_branch_labels.py
[2023-12-09T14:09:19.500+0000] {processor.py:829} INFO - Processing file /home/airflow/.local/lib/python3.8/site-packages/airflow/example_dags/example_branch_labels.py for tasks to queue
[2023-12-09T14:09:19.501+0000] {logging_mixin.py:154} INFO - [2023-12-09T14:09:19.501+0000] {dagbag.py:536} INFO - Filling up the DagBag from /home/airflow/.local/lib/python3.8/site-packages/airflow/example_dags/example_branch_labels.py
[2023-12-09T14:09:19.509+0000] {processor.py:839} INFO - DAG(s) dict_keys(['example_branch_labels']) retrieved from /home/airflow/.local/lib/python3.8/site-packages/airflow/example_dags/example_branch_labels.py
[2023-12-09T14:09:19.527+0000] {logging_mixin.py:154} INFO - [2023-12-09T14:09:19.527+0000] {dag.py:2941} INFO - Sync 1 DAGs
[2023-12-09T14:09:19.543+0000] {logging_mixin.py:154} INFO - [2023-12-09T14:09:19.543+0000] {dag.py:3722} INFO - Setting next_dagrun for example_branch_labels to 2023-12-08T00:00:00+00:00, run_after=2023-12-09T00:00:00+00:00
[2023-12-09T14:09:19.556+0000] {processor.py:179} INFO - Processing /home/airflow/.local/lib/python3.8/site-packages/airflow/example_dags/example_branch_labels.py took 0.061 seconds
[2023-12-09T14:09:49.636+0000] {processor.py:157} INFO - Started process (PID=1020) to work on /home/airflow/.local/lib/python3.8/site-packages/airflow/example_dags/example_branch_labels.py
[2023-12-09T14:09:49.636+0000] {processor.py:829} INFO - Processing file /home/airflow/.local/lib/python3.8/site-packages/airflow/example_dags/example_branch_labels.py for tasks to queue
[2023-12-09T14:09:49.637+0000] {logging_mixin.py:154} INFO - [2023-12-09T14:09:49.637+0000] {dagbag.py:536} INFO - Filling up the DagBag from /home/airflow/.local/lib/python3.8/site-packages/airflow/example_dags/example_branch_labels.py
[2023-12-09T14:09:49.643+0000] {processor.py:839} INFO - DAG(s) dict_keys(['example_branch_labels']) retrieved from /home/airflow/.local/lib/python3.8/site-packages/airflow/example_dags/example_branch_labels.py
[2023-12-09T14:09:49.661+0000] {logging_mixin.py:154} INFO - [2023-12-09T14:09:49.660+0000] {dag.py:2941} INFO - Sync 1 DAGs
[2023-12-09T14:09:49.678+0000] {logging_mixin.py:154} INFO - [2023-12-09T14:09:49.677+0000] {dag.py:3722} INFO - Setting next_dagrun for example_branch_labels to 2023-12-08T00:00:00+00:00, run_after=2023-12-09T00:00:00+00:00
[2023-12-09T14:09:49.688+0000] {processor.py:179} INFO - Processing /home/airflow/.local/lib/python3.8/site-packages/airflow/example_dags/example_branch_labels.py took 0.056 seconds
[2023-12-09T14:10:19.766+0000] {processor.py:157} INFO - Started process (PID=1258) to work on /home/airflow/.local/lib/python3.8/site-packages/airflow/example_dags/example_branch_labels.py
[2023-12-09T14:10:19.767+0000] {processor.py:829} INFO - Processing file /home/airflow/.local/lib/python3.8/site-packages/airflow/example_dags/example_branch_labels.py for tasks to queue
[2023-12-09T14:10:19.767+0000] {logging_mixin.py:154} INFO - [2023-12-09T14:10:19.767+0000] {dagbag.py:536} INFO - Filling up the DagBag from /home/airflow/.local/lib/python3.8/site-packages/airflow/example_dags/example_branch_labels.py
[2023-12-09T14:10:19.773+0000] {processor.py:839} INFO - DAG(s) dict_keys(['example_branch_labels']) retrieved from /home/airflow/.local/lib/python3.8/site-packages/airflow/example_dags/example_branch_labels.py
[2023-12-09T14:10:19.786+0000] {logging_mixin.py:154} INFO - [2023-12-09T14:10:19.786+0000] {dag.py:2941} INFO - Sync 1 DAGs
[2023-12-09T14:10:19.798+0000] {logging_mixin.py:154} INFO - [2023-12-09T14:10:19.798+0000] {dag.py:3722} INFO - Setting next_dagrun for example_branch_labels to 2023-12-08T00:00:00+00:00, run_after=2023-12-09T00:00:00+00:00
[2023-12-09T14:10:19.808+0000] {processor.py:179} INFO - Processing /home/airflow/.local/lib/python3.8/site-packages/airflow/example_dags/example_branch_labels.py took 0.045 seconds
[2023-12-09T14:10:50.579+0000] {processor.py:157} INFO - Started process (PID=1496) to work on /home/airflow/.local/lib/python3.8/site-packages/airflow/example_dags/example_branch_labels.py
[2023-12-09T14:10:50.580+0000] {processor.py:829} INFO - Processing file /home/airflow/.local/lib/python3.8/site-packages/airflow/example_dags/example_branch_labels.py for tasks to queue
[2023-12-09T14:10:50.581+0000] {logging_mixin.py:154} INFO - [2023-12-09T14:10:50.580+0000] {dagbag.py:536} INFO - Filling up the DagBag from /home/airflow/.local/lib/python3.8/site-packages/airflow/example_dags/example_branch_labels.py
[2023-12-09T14:10:50.585+0000] {processor.py:839} INFO - DAG(s) dict_keys(['example_branch_labels']) retrieved from /home/airflow/.local/lib/python3.8/site-packages/airflow/example_dags/example_branch_labels.py
[2023-12-09T14:10:50.598+0000] {logging_mixin.py:154} INFO - [2023-12-09T14:10:50.598+0000] {dag.py:2941} INFO - Sync 1 DAGs
[2023-12-09T14:10:50.610+0000] {logging_mixin.py:154} INFO - [2023-12-09T14:10:50.610+0000] {dag.py:3722} INFO - Setting next_dagrun for example_branch_labels to 2023-12-08T00:00:00+00:00, run_after=2023-12-09T00:00:00+00:00
[2023-12-09T14:10:50.619+0000] {processor.py:179} INFO - Processing /home/airflow/.local/lib/python3.8/site-packages/airflow/example_dags/example_branch_labels.py took 0.042 seconds
[2023-12-09T14:11:21.423+0000] {processor.py:157} INFO - Started process (PID=1734) to work on /home/airflow/.local/lib/python3.8/site-packages/airflow/example_dags/example_branch_labels.py
[2023-12-09T14:11:21.424+0000] {processor.py:829} INFO - Processing file /home/airflow/.local/lib/python3.8/site-packages/airflow/example_dags/example_branch_labels.py for tasks to queue
[2023-12-09T14:11:21.425+0000] {logging_mixin.py:154} INFO - [2023-12-09T14:11:21.425+0000] {dagbag.py:536} INFO - Filling up the DagBag from /home/airflow/.local/lib/python3.8/site-packages/airflow/example_dags/example_branch_labels.py
[2023-12-09T14:11:21.430+0000] {processor.py:839} INFO - DAG(s) dict_keys(['example_branch_labels']) retrieved from /home/airflow/.local/lib/python3.8/site-packages/airflow/example_dags/example_branch_labels.py
[2023-12-09T14:11:21.443+0000] {logging_mixin.py:154} INFO - [2023-12-09T14:11:21.443+0000] {dag.py:2941} INFO - Sync 1 DAGs
[2023-12-09T14:11:21.455+0000] {logging_mixin.py:154} INFO - [2023-12-09T14:11:21.455+0000] {dag.py:3722} INFO - Setting next_dagrun for example_branch_labels to 2023-12-08T00:00:00+00:00, run_after=2023-12-09T00:00:00+00:00
[2023-12-09T14:11:21.470+0000] {processor.py:179} INFO - Processing /home/airflow/.local/lib/python3.8/site-packages/airflow/example_dags/example_branch_labels.py took 0.048 seconds
[2023-12-09T14:11:51.583+0000] {processor.py:157} INFO - Started process (PID=1974) to work on /home/airflow/.local/lib/python3.8/site-packages/airflow/example_dags/example_branch_labels.py
[2023-12-09T14:11:51.584+0000] {processor.py:829} INFO - Processing file /home/airflow/.local/lib/python3.8/site-packages/airflow/example_dags/example_branch_labels.py for tasks to queue
[2023-12-09T14:11:51.585+0000] {logging_mixin.py:154} INFO - [2023-12-09T14:11:51.584+0000] {dagbag.py:536} INFO - Filling up the DagBag from /home/airflow/.local/lib/python3.8/site-packages/airflow/example_dags/example_branch_labels.py
[2023-12-09T14:11:51.590+0000] {processor.py:839} INFO - DAG(s) dict_keys(['example_branch_labels']) retrieved from /home/airflow/.local/lib/python3.8/site-packages/airflow/example_dags/example_branch_labels.py
[2023-12-09T14:11:51.603+0000] {logging_mixin.py:154} INFO - [2023-12-09T14:11:51.603+0000] {dag.py:2941} INFO - Sync 1 DAGs
[2023-12-09T14:11:51.615+0000] {logging_mixin.py:154} INFO - [2023-12-09T14:11:51.615+0000] {dag.py:3722} INFO - Setting next_dagrun for example_branch_labels to 2023-12-08T00:00:00+00:00, run_after=2023-12-09T00:00:00+00:00
[2023-12-09T14:11:51.624+0000] {processor.py:179} INFO - Processing /home/airflow/.local/lib/python3.8/site-packages/airflow/example_dags/example_branch_labels.py took 0.042 seconds
[2023-12-09T14:12:21.667+0000] {processor.py:157} INFO - Started process (PID=2210) to work on /home/airflow/.local/lib/python3.8/site-packages/airflow/example_dags/example_branch_labels.py
[2023-12-09T14:12:21.668+0000] {processor.py:829} INFO - Processing file /home/airflow/.local/lib/python3.8/site-packages/airflow/example_dags/example_branch_labels.py for tasks to queue
[2023-12-09T14:12:21.668+0000] {logging_mixin.py:154} INFO - [2023-12-09T14:12:21.668+0000] {dagbag.py:536} INFO - Filling up the DagBag from /home/airflow/.local/lib/python3.8/site-packages/airflow/example_dags/example_branch_labels.py
[2023-12-09T14:12:21.673+0000] {processor.py:839} INFO - DAG(s) dict_keys(['example_branch_labels']) retrieved from /home/airflow/.local/lib/python3.8/site-packages/airflow/example_dags/example_branch_labels.py
[2023-12-09T14:12:21.686+0000] {logging_mixin.py:154} INFO - [2023-12-09T14:12:21.686+0000] {dag.py:2941} INFO - Sync 1 DAGs
[2023-12-09T14:12:21.697+0000] {logging_mixin.py:154} INFO - [2023-12-09T14:12:21.697+0000] {dag.py:3722} INFO - Setting next_dagrun for example_branch_labels to 2023-12-08T00:00:00+00:00, run_after=2023-12-09T00:00:00+00:00
[2023-12-09T14:12:21.706+0000] {processor.py:179} INFO - Processing /home/airflow/.local/lib/python3.8/site-packages/airflow/example_dags/example_branch_labels.py took 0.041 seconds
[2023-12-09T14:12:52.458+0000] {processor.py:157} INFO - Started process (PID=2448) to work on /home/airflow/.local/lib/python3.8/site-packages/airflow/example_dags/example_branch_labels.py
[2023-12-09T14:12:52.459+0000] {processor.py:829} INFO - Processing file /home/airflow/.local/lib/python3.8/site-packages/airflow/example_dags/example_branch_labels.py for tasks to queue
[2023-12-09T14:12:52.460+0000] {logging_mixin.py:154} INFO - [2023-12-09T14:12:52.459+0000] {dagbag.py:536} INFO - Filling up the DagBag from /home/airflow/.local/lib/python3.8/site-packages/airflow/example_dags/example_branch_labels.py
[2023-12-09T14:12:52.465+0000] {processor.py:839} INFO - DAG(s) dict_keys(['example_branch_labels']) retrieved from /home/airflow/.local/lib/python3.8/site-packages/airflow/example_dags/example_branch_labels.py
[2023-12-09T14:12:52.477+0000] {logging_mixin.py:154} INFO - [2023-12-09T14:12:52.477+0000] {dag.py:2941} INFO - Sync 1 DAGs
[2023-12-09T14:12:52.490+0000] {logging_mixin.py:154} INFO - [2023-12-09T14:12:52.490+0000] {dag.py:3722} INFO - Setting next_dagrun for example_branch_labels to 2023-12-08T00:00:00+00:00, run_after=2023-12-09T00:00:00+00:00
[2023-12-09T14:12:52.499+0000] {processor.py:179} INFO - Processing /home/airflow/.local/lib/python3.8/site-packages/airflow/example_dags/example_branch_labels.py took 0.042 seconds
[2023-12-09T14:13:23.551+0000] {processor.py:157} INFO - Started process (PID=2686) to work on /home/airflow/.local/lib/python3.8/site-packages/airflow/example_dags/example_branch_labels.py
[2023-12-09T14:13:23.552+0000] {processor.py:829} INFO - Processing file /home/airflow/.local/lib/python3.8/site-packages/airflow/example_dags/example_branch_labels.py for tasks to queue
[2023-12-09T14:13:23.553+0000] {logging_mixin.py:154} INFO - [2023-12-09T14:13:23.552+0000] {dagbag.py:536} INFO - Filling up the DagBag from /home/airflow/.local/lib/python3.8/site-packages/airflow/example_dags/example_branch_labels.py
[2023-12-09T14:13:23.559+0000] {processor.py:839} INFO - DAG(s) dict_keys(['example_branch_labels']) retrieved from /home/airflow/.local/lib/python3.8/site-packages/airflow/example_dags/example_branch_labels.py
[2023-12-09T14:13:23.575+0000] {logging_mixin.py:154} INFO - [2023-12-09T14:13:23.575+0000] {dag.py:2941} INFO - Sync 1 DAGs
[2023-12-09T14:13:23.589+0000] {logging_mixin.py:154} INFO - [2023-12-09T14:13:23.589+0000] {dag.py:3722} INFO - Setting next_dagrun for example_branch_labels to 2023-12-08T00:00:00+00:00, run_after=2023-12-09T00:00:00+00:00
[2023-12-09T14:13:23.600+0000] {processor.py:179} INFO - Processing /home/airflow/.local/lib/python3.8/site-packages/airflow/example_dags/example_branch_labels.py took 0.053 seconds
[2023-12-09T14:13:54.270+0000] {processor.py:157} INFO - Started process (PID=2924) to work on /home/airflow/.local/lib/python3.8/site-packages/airflow/example_dags/example_branch_labels.py
[2023-12-09T14:13:54.271+0000] {processor.py:829} INFO - Processing file /home/airflow/.local/lib/python3.8/site-packages/airflow/example_dags/example_branch_labels.py for tasks to queue
[2023-12-09T14:13:54.271+0000] {logging_mixin.py:154} INFO - [2023-12-09T14:13:54.271+0000] {dagbag.py:536} INFO - Filling up the DagBag from /home/airflow/.local/lib/python3.8/site-packages/airflow/example_dags/example_branch_labels.py
[2023-12-09T14:13:54.276+0000] {processor.py:839} INFO - DAG(s) dict_keys(['example_branch_labels']) retrieved from /home/airflow/.local/lib/python3.8/site-packages/airflow/example_dags/example_branch_labels.py
[2023-12-09T14:13:54.291+0000] {logging_mixin.py:154} INFO - [2023-12-09T14:13:54.291+0000] {dag.py:2941} INFO - Sync 1 DAGs
[2023-12-09T14:13:54.304+0000] {logging_mixin.py:154} INFO - [2023-12-09T14:13:54.304+0000] {dag.py:3722} INFO - Setting next_dagrun for example_branch_labels to 2023-12-08T00:00:00+00:00, run_after=2023-12-09T00:00:00+00:00
[2023-12-09T14:13:54.313+0000] {processor.py:179} INFO - Processing /home/airflow/.local/lib/python3.8/site-packages/airflow/example_dags/example_branch_labels.py took 0.045 seconds
[2023-12-09T14:14:25.039+0000] {processor.py:157} INFO - Started process (PID=3162) to work on /home/airflow/.local/lib/python3.8/site-packages/airflow/example_dags/example_branch_labels.py
[2023-12-09T14:14:25.040+0000] {processor.py:829} INFO - Processing file /home/airflow/.local/lib/python3.8/site-packages/airflow/example_dags/example_branch_labels.py for tasks to queue
[2023-12-09T14:14:25.040+0000] {logging_mixin.py:154} INFO - [2023-12-09T14:14:25.040+0000] {dagbag.py:536} INFO - Filling up the DagBag from /home/airflow/.local/lib/python3.8/site-packages/airflow/example_dags/example_branch_labels.py
[2023-12-09T14:14:25.045+0000] {processor.py:839} INFO - DAG(s) dict_keys(['example_branch_labels']) retrieved from /home/airflow/.local/lib/python3.8/site-packages/airflow/example_dags/example_branch_labels.py
[2023-12-09T14:14:25.057+0000] {logging_mixin.py:154} INFO - [2023-12-09T14:14:25.057+0000] {dag.py:2941} INFO - Sync 1 DAGs
[2023-12-09T14:14:25.069+0000] {logging_mixin.py:154} INFO - [2023-12-09T14:14:25.069+0000] {dag.py:3722} INFO - Setting next_dagrun for example_branch_labels to 2023-12-08T00:00:00+00:00, run_after=2023-12-09T00:00:00+00:00
[2023-12-09T14:14:25.078+0000] {processor.py:179} INFO - Processing /home/airflow/.local/lib/python3.8/site-packages/airflow/example_dags/example_branch_labels.py took 0.042 seconds
[2023-12-09T14:14:55.833+0000] {processor.py:157} INFO - Started process (PID=3400) to work on /home/airflow/.local/lib/python3.8/site-packages/airflow/example_dags/example_branch_labels.py
[2023-12-09T14:14:55.834+0000] {processor.py:829} INFO - Processing file /home/airflow/.local/lib/python3.8/site-packages/airflow/example_dags/example_branch_labels.py for tasks to queue
[2023-12-09T14:14:55.834+0000] {logging_mixin.py:154} INFO - [2023-12-09T14:14:55.834+0000] {dagbag.py:536} INFO - Filling up the DagBag from /home/airflow/.local/lib/python3.8/site-packages/airflow/example_dags/example_branch_labels.py
[2023-12-09T14:14:55.839+0000] {processor.py:839} INFO - DAG(s) dict_keys(['example_branch_labels']) retrieved from /home/airflow/.local/lib/python3.8/site-packages/airflow/example_dags/example_branch_labels.py
[2023-12-09T14:14:55.852+0000] {logging_mixin.py:154} INFO - [2023-12-09T14:14:55.852+0000] {dag.py:2941} INFO - Sync 1 DAGs
[2023-12-09T14:14:55.863+0000] {logging_mixin.py:154} INFO - [2023-12-09T14:14:55.863+0000] {dag.py:3722} INFO - Setting next_dagrun for example_branch_labels to 2023-12-08T00:00:00+00:00, run_after=2023-12-09T00:00:00+00:00
[2023-12-09T14:14:55.872+0000] {processor.py:179} INFO - Processing /home/airflow/.local/lib/python3.8/site-packages/airflow/example_dags/example_branch_labels.py took 0.041 seconds
[2023-12-09T14:15:26.518+0000] {processor.py:157} INFO - Started process (PID=3638) to work on /home/airflow/.local/lib/python3.8/site-packages/airflow/example_dags/example_branch_labels.py
[2023-12-09T14:15:26.518+0000] {processor.py:829} INFO - Processing file /home/airflow/.local/lib/python3.8/site-packages/airflow/example_dags/example_branch_labels.py for tasks to queue
[2023-12-09T14:15:26.519+0000] {logging_mixin.py:154} INFO - [2023-12-09T14:15:26.519+0000] {dagbag.py:536} INFO - Filling up the DagBag from /home/airflow/.local/lib/python3.8/site-packages/airflow/example_dags/example_branch_labels.py
[2023-12-09T14:15:26.524+0000] {processor.py:839} INFO - DAG(s) dict_keys(['example_branch_labels']) retrieved from /home/airflow/.local/lib/python3.8/site-packages/airflow/example_dags/example_branch_labels.py
[2023-12-09T14:15:26.537+0000] {logging_mixin.py:154} INFO - [2023-12-09T14:15:26.537+0000] {dag.py:2941} INFO - Sync 1 DAGs
[2023-12-09T14:15:26.549+0000] {logging_mixin.py:154} INFO - [2023-12-09T14:15:26.549+0000] {dag.py:3722} INFO - Setting next_dagrun for example_branch_labels to 2023-12-08T00:00:00+00:00, run_after=2023-12-09T00:00:00+00:00
[2023-12-09T14:15:26.558+0000] {processor.py:179} INFO - Processing /home/airflow/.local/lib/python3.8/site-packages/airflow/example_dags/example_branch_labels.py took 0.042 seconds
[2023-12-09T14:15:57.577+0000] {processor.py:157} INFO - Started process (PID=3878) to work on /home/airflow/.local/lib/python3.8/site-packages/airflow/example_dags/example_branch_labels.py
[2023-12-09T14:15:57.578+0000] {processor.py:829} INFO - Processing file /home/airflow/.local/lib/python3.8/site-packages/airflow/example_dags/example_branch_labels.py for tasks to queue
[2023-12-09T14:15:57.579+0000] {logging_mixin.py:154} INFO - [2023-12-09T14:15:57.578+0000] {dagbag.py:536} INFO - Filling up the DagBag from /home/airflow/.local/lib/python3.8/site-packages/airflow/example_dags/example_branch_labels.py
[2023-12-09T14:15:57.584+0000] {processor.py:839} INFO - DAG(s) dict_keys(['example_branch_labels']) retrieved from /home/airflow/.local/lib/python3.8/site-packages/airflow/example_dags/example_branch_labels.py
[2023-12-09T14:15:57.598+0000] {logging_mixin.py:154} INFO - [2023-12-09T14:15:57.598+0000] {dag.py:2941} INFO - Sync 1 DAGs
[2023-12-09T14:15:57.612+0000] {logging_mixin.py:154} INFO - [2023-12-09T14:15:57.612+0000] {dag.py:3722} INFO - Setting next_dagrun for example_branch_labels to 2023-12-08T00:00:00+00:00, run_after=2023-12-09T00:00:00+00:00
[2023-12-09T14:15:57.622+0000] {processor.py:179} INFO - Processing /home/airflow/.local/lib/python3.8/site-packages/airflow/example_dags/example_branch_labels.py took 0.047 seconds
[2023-12-09T14:16:28.443+0000] {processor.py:157} INFO - Started process (PID=4114) to work on /home/airflow/.local/lib/python3.8/site-packages/airflow/example_dags/example_branch_labels.py
[2023-12-09T14:16:28.444+0000] {processor.py:829} INFO - Processing file /home/airflow/.local/lib/python3.8/site-packages/airflow/example_dags/example_branch_labels.py for tasks to queue
[2023-12-09T14:16:28.444+0000] {logging_mixin.py:154} INFO - [2023-12-09T14:16:28.444+0000] {dagbag.py:536} INFO - Filling up the DagBag from /home/airflow/.local/lib/python3.8/site-packages/airflow/example_dags/example_branch_labels.py
[2023-12-09T14:16:28.449+0000] {processor.py:839} INFO - DAG(s) dict_keys(['example_branch_labels']) retrieved from /home/airflow/.local/lib/python3.8/site-packages/airflow/example_dags/example_branch_labels.py
[2023-12-09T14:16:28.463+0000] {logging_mixin.py:154} INFO - [2023-12-09T14:16:28.463+0000] {dag.py:2941} INFO - Sync 1 DAGs
[2023-12-09T14:16:28.475+0000] {logging_mixin.py:154} INFO - [2023-12-09T14:16:28.475+0000] {dag.py:3722} INFO - Setting next_dagrun for example_branch_labels to 2023-12-08T00:00:00+00:00, run_after=2023-12-09T00:00:00+00:00
[2023-12-09T14:16:28.485+0000] {processor.py:179} INFO - Processing /home/airflow/.local/lib/python3.8/site-packages/airflow/example_dags/example_branch_labels.py took 0.044 seconds
[2023-12-09T14:16:59.148+0000] {processor.py:157} INFO - Started process (PID=4354) to work on /home/airflow/.local/lib/python3.8/site-packages/airflow/example_dags/example_branch_labels.py
[2023-12-09T14:16:59.148+0000] {processor.py:829} INFO - Processing file /home/airflow/.local/lib/python3.8/site-packages/airflow/example_dags/example_branch_labels.py for tasks to queue
[2023-12-09T14:16:59.149+0000] {logging_mixin.py:154} INFO - [2023-12-09T14:16:59.148+0000] {dagbag.py:536} INFO - Filling up the DagBag from /home/airflow/.local/lib/python3.8/site-packages/airflow/example_dags/example_branch_labels.py
[2023-12-09T14:16:59.153+0000] {processor.py:839} INFO - DAG(s) dict_keys(['example_branch_labels']) retrieved from /home/airflow/.local/lib/python3.8/site-packages/airflow/example_dags/example_branch_labels.py
[2023-12-09T14:16:59.166+0000] {logging_mixin.py:154} INFO - [2023-12-09T14:16:59.166+0000] {dag.py:2941} INFO - Sync 1 DAGs
[2023-12-09T14:16:59.177+0000] {logging_mixin.py:154} INFO - [2023-12-09T14:16:59.176+0000] {dag.py:3722} INFO - Setting next_dagrun for example_branch_labels to 2023-12-08T00:00:00+00:00, run_after=2023-12-09T00:00:00+00:00
[2023-12-09T14:16:59.184+0000] {processor.py:179} INFO - Processing /home/airflow/.local/lib/python3.8/site-packages/airflow/example_dags/example_branch_labels.py took 0.039 seconds
[2023-12-09T14:17:29.829+0000] {processor.py:157} INFO - Started process (PID=4592) to work on /home/airflow/.local/lib/python3.8/site-packages/airflow/example_dags/example_branch_labels.py
[2023-12-09T14:17:29.829+0000] {processor.py:829} INFO - Processing file /home/airflow/.local/lib/python3.8/site-packages/airflow/example_dags/example_branch_labels.py for tasks to queue
[2023-12-09T14:17:29.830+0000] {logging_mixin.py:154} INFO - [2023-12-09T14:17:29.830+0000] {dagbag.py:536} INFO - Filling up the DagBag from /home/airflow/.local/lib/python3.8/site-packages/airflow/example_dags/example_branch_labels.py
[2023-12-09T14:17:29.834+0000] {processor.py:839} INFO - DAG(s) dict_keys(['example_branch_labels']) retrieved from /home/airflow/.local/lib/python3.8/site-packages/airflow/example_dags/example_branch_labels.py
[2023-12-09T14:17:29.847+0000] {logging_mixin.py:154} INFO - [2023-12-09T14:17:29.847+0000] {dag.py:2941} INFO - Sync 1 DAGs
[2023-12-09T14:17:29.857+0000] {logging_mixin.py:154} INFO - [2023-12-09T14:17:29.857+0000] {dag.py:3722} INFO - Setting next_dagrun for example_branch_labels to 2023-12-08T00:00:00+00:00, run_after=2023-12-09T00:00:00+00:00
[2023-12-09T14:17:29.866+0000] {processor.py:179} INFO - Processing /home/airflow/.local/lib/python3.8/site-packages/airflow/example_dags/example_branch_labels.py took 0.039 seconds
[2023-12-09T14:18:00.666+0000] {processor.py:157} INFO - Started process (PID=4828) to work on /home/airflow/.local/lib/python3.8/site-packages/airflow/example_dags/example_branch_labels.py
[2023-12-09T14:18:00.667+0000] {processor.py:829} INFO - Processing file /home/airflow/.local/lib/python3.8/site-packages/airflow/example_dags/example_branch_labels.py for tasks to queue
[2023-12-09T14:18:00.667+0000] {logging_mixin.py:154} INFO - [2023-12-09T14:18:00.667+0000] {dagbag.py:536} INFO - Filling up the DagBag from /home/airflow/.local/lib/python3.8/site-packages/airflow/example_dags/example_branch_labels.py
[2023-12-09T14:18:00.673+0000] {processor.py:839} INFO - DAG(s) dict_keys(['example_branch_labels']) retrieved from /home/airflow/.local/lib/python3.8/site-packages/airflow/example_dags/example_branch_labels.py
[2023-12-09T14:18:00.687+0000] {logging_mixin.py:154} INFO - [2023-12-09T14:18:00.687+0000] {dag.py:2941} INFO - Sync 1 DAGs
[2023-12-09T14:18:00.702+0000] {logging_mixin.py:154} INFO - [2023-12-09T14:18:00.702+0000] {dag.py:3722} INFO - Setting next_dagrun for example_branch_labels to 2023-12-08T00:00:00+00:00, run_after=2023-12-09T00:00:00+00:00
[2023-12-09T14:18:00.712+0000] {processor.py:179} INFO - Processing /home/airflow/.local/lib/python3.8/site-packages/airflow/example_dags/example_branch_labels.py took 0.048 seconds
[2023-12-09T14:18:31.433+0000] {processor.py:157} INFO - Started process (PID=5066) to work on /home/airflow/.local/lib/python3.8/site-packages/airflow/example_dags/example_branch_labels.py
[2023-12-09T14:18:31.434+0000] {processor.py:829} INFO - Processing file /home/airflow/.local/lib/python3.8/site-packages/airflow/example_dags/example_branch_labels.py for tasks to queue
[2023-12-09T14:18:31.435+0000] {logging_mixin.py:154} INFO - [2023-12-09T14:18:31.435+0000] {dagbag.py:536} INFO - Filling up the DagBag from /home/airflow/.local/lib/python3.8/site-packages/airflow/example_dags/example_branch_labels.py
[2023-12-09T14:18:31.440+0000] {processor.py:839} INFO - DAG(s) dict_keys(['example_branch_labels']) retrieved from /home/airflow/.local/lib/python3.8/site-packages/airflow/example_dags/example_branch_labels.py
[2023-12-09T14:18:31.452+0000] {logging_mixin.py:154} INFO - [2023-12-09T14:18:31.452+0000] {dag.py:2941} INFO - Sync 1 DAGs
[2023-12-09T14:18:31.466+0000] {logging_mixin.py:154} INFO - [2023-12-09T14:18:31.466+0000] {dag.py:3722} INFO - Setting next_dagrun for example_branch_labels to 2023-12-08T00:00:00+00:00, run_after=2023-12-09T00:00:00+00:00
[2023-12-09T14:18:31.475+0000] {processor.py:179} INFO - Processing /home/airflow/.local/lib/python3.8/site-packages/airflow/example_dags/example_branch_labels.py took 0.044 seconds
[2023-12-09T14:19:02.119+0000] {processor.py:157} INFO - Started process (PID=5304) to work on /home/airflow/.local/lib/python3.8/site-packages/airflow/example_dags/example_branch_labels.py
[2023-12-09T14:19:02.120+0000] {processor.py:829} INFO - Processing file /home/airflow/.local/lib/python3.8/site-packages/airflow/example_dags/example_branch_labels.py for tasks to queue
[2023-12-09T14:19:02.120+0000] {logging_mixin.py:154} INFO - [2023-12-09T14:19:02.120+0000] {dagbag.py:536} INFO - Filling up the DagBag from /home/airflow/.local/lib/python3.8/site-packages/airflow/example_dags/example_branch_labels.py
[2023-12-09T14:19:02.125+0000] {processor.py:839} INFO - DAG(s) dict_keys(['example_branch_labels']) retrieved from /home/airflow/.local/lib/python3.8/site-packages/airflow/example_dags/example_branch_labels.py
[2023-12-09T14:19:02.138+0000] {logging_mixin.py:154} INFO - [2023-12-09T14:19:02.138+0000] {dag.py:2941} INFO - Sync 1 DAGs
[2023-12-09T14:19:02.151+0000] {logging_mixin.py:154} INFO - [2023-12-09T14:19:02.151+0000] {dag.py:3722} INFO - Setting next_dagrun for example_branch_labels to 2023-12-08T00:00:00+00:00, run_after=2023-12-09T00:00:00+00:00
[2023-12-09T14:19:02.159+0000] {processor.py:179} INFO - Processing /home/airflow/.local/lib/python3.8/site-packages/airflow/example_dags/example_branch_labels.py took 0.043 seconds
