[2023-12-09T14:08:17.783+0000] {processor.py:157} INFO - Started process (PID=246) to work on /home/airflow/.local/lib/python3.8/site-packages/airflow/example_dags/example_dag_decorator.py
[2023-12-09T14:08:17.784+0000] {processor.py:829} INFO - Processing file /home/airflow/.local/lib/python3.8/site-packages/airflow/example_dags/example_dag_decorator.py for tasks to queue
[2023-12-09T14:08:17.785+0000] {logging_mixin.py:154} INFO - [2023-12-09T14:08:17.785+0000] {dagbag.py:536} INFO - Filling up the DagBag from /home/airflow/.local/lib/python3.8/site-packages/airflow/example_dags/example_dag_decorator.py
[2023-12-09T14:08:17.870+0000] {processor.py:839} INFO - DAG(s) dict_keys(['example_dag_decorator']) retrieved from /home/airflow/.local/lib/python3.8/site-packages/airflow/example_dags/example_dag_decorator.py
[2023-12-09T14:08:17.878+0000] {logging_mixin.py:154} INFO - [2023-12-09T14:08:17.878+0000] {dag.py:2941} INFO - Sync 1 DAGs
[2023-12-09T14:08:17.887+0000] {logging_mixin.py:154} INFO - [2023-12-09T14:08:17.887+0000] {dag.py:3722} INFO - Setting next_dagrun for example_dag_decorator to None, run_after=None
[2023-12-09T14:08:17.897+0000] {processor.py:179} INFO - Processing /home/airflow/.local/lib/python3.8/site-packages/airflow/example_dags/example_dag_decorator.py took 0.116 seconds
[2023-12-09T14:08:48.242+0000] {processor.py:157} INFO - Started process (PID=484) to work on /home/airflow/.local/lib/python3.8/site-packages/airflow/example_dags/example_dag_decorator.py
[2023-12-09T14:08:48.242+0000] {processor.py:829} INFO - Processing file /home/airflow/.local/lib/python3.8/site-packages/airflow/example_dags/example_dag_decorator.py for tasks to queue
[2023-12-09T14:08:48.243+0000] {logging_mixin.py:154} INFO - [2023-12-09T14:08:48.243+0000] {dagbag.py:536} INFO - Filling up the DagBag from /home/airflow/.local/lib/python3.8/site-packages/airflow/example_dags/example_dag_decorator.py
[2023-12-09T14:08:48.278+0000] {processor.py:839} INFO - DAG(s) dict_keys(['example_dag_decorator']) retrieved from /home/airflow/.local/lib/python3.8/site-packages/airflow/example_dags/example_dag_decorator.py
[2023-12-09T14:08:48.330+0000] {logging_mixin.py:154} INFO - [2023-12-09T14:08:48.330+0000] {dag.py:2941} INFO - Sync 1 DAGs
[2023-12-09T14:08:48.335+0000] {logging_mixin.py:154} INFO - [2023-12-09T14:08:48.335+0000] {dag.py:3722} INFO - Setting next_dagrun for example_dag_decorator to None, run_after=None
[2023-12-09T14:08:48.345+0000] {processor.py:179} INFO - Processing /home/airflow/.local/lib/python3.8/site-packages/airflow/example_dags/example_dag_decorator.py took 0.106 seconds
[2023-12-09T14:09:19.028+0000] {processor.py:157} INFO - Started process (PID=722) to work on /home/airflow/.local/lib/python3.8/site-packages/airflow/example_dags/example_dag_decorator.py
[2023-12-09T14:09:19.029+0000] {processor.py:829} INFO - Processing file /home/airflow/.local/lib/python3.8/site-packages/airflow/example_dags/example_dag_decorator.py for tasks to queue
[2023-12-09T14:09:19.030+0000] {logging_mixin.py:154} INFO - [2023-12-09T14:09:19.029+0000] {dagbag.py:536} INFO - Filling up the DagBag from /home/airflow/.local/lib/python3.8/site-packages/airflow/example_dags/example_dag_decorator.py
[2023-12-09T14:09:19.068+0000] {processor.py:839} INFO - DAG(s) dict_keys(['example_dag_decorator']) retrieved from /home/airflow/.local/lib/python3.8/site-packages/airflow/example_dags/example_dag_decorator.py
[2023-12-09T14:09:19.124+0000] {logging_mixin.py:154} INFO - [2023-12-09T14:09:19.124+0000] {dag.py:2941} INFO - Sync 1 DAGs
[2023-12-09T14:09:19.130+0000] {logging_mixin.py:154} INFO - [2023-12-09T14:09:19.130+0000] {dag.py:3722} INFO - Setting next_dagrun for example_dag_decorator to None, run_after=None
[2023-12-09T14:09:19.139+0000] {processor.py:179} INFO - Processing /home/airflow/.local/lib/python3.8/site-packages/airflow/example_dags/example_dag_decorator.py took 0.113 seconds
[2023-12-09T14:09:49.268+0000] {processor.py:157} INFO - Started process (PID=967) to work on /home/airflow/.local/lib/python3.8/site-packages/airflow/example_dags/example_dag_decorator.py
[2023-12-09T14:09:49.269+0000] {processor.py:829} INFO - Processing file /home/airflow/.local/lib/python3.8/site-packages/airflow/example_dags/example_dag_decorator.py for tasks to queue
[2023-12-09T14:09:49.269+0000] {logging_mixin.py:154} INFO - [2023-12-09T14:09:49.269+0000] {dagbag.py:536} INFO - Filling up the DagBag from /home/airflow/.local/lib/python3.8/site-packages/airflow/example_dags/example_dag_decorator.py
[2023-12-09T14:09:49.308+0000] {processor.py:839} INFO - DAG(s) dict_keys(['example_dag_decorator']) retrieved from /home/airflow/.local/lib/python3.8/site-packages/airflow/example_dags/example_dag_decorator.py
[2023-12-09T14:09:49.365+0000] {logging_mixin.py:154} INFO - [2023-12-09T14:09:49.365+0000] {dag.py:2941} INFO - Sync 1 DAGs
[2023-12-09T14:09:49.370+0000] {logging_mixin.py:154} INFO - [2023-12-09T14:09:49.370+0000] {dag.py:3722} INFO - Setting next_dagrun for example_dag_decorator to None, run_after=None
[2023-12-09T14:09:49.381+0000] {processor.py:179} INFO - Processing /home/airflow/.local/lib/python3.8/site-packages/airflow/example_dags/example_dag_decorator.py took 0.116 seconds
[2023-12-09T14:10:19.411+0000] {processor.py:157} INFO - Started process (PID=1210) to work on /home/airflow/.local/lib/python3.8/site-packages/airflow/example_dags/example_dag_decorator.py
[2023-12-09T14:10:19.412+0000] {processor.py:829} INFO - Processing file /home/airflow/.local/lib/python3.8/site-packages/airflow/example_dags/example_dag_decorator.py for tasks to queue
[2023-12-09T14:10:19.412+0000] {logging_mixin.py:154} INFO - [2023-12-09T14:10:19.412+0000] {dagbag.py:536} INFO - Filling up the DagBag from /home/airflow/.local/lib/python3.8/site-packages/airflow/example_dags/example_dag_decorator.py
[2023-12-09T14:10:19.449+0000] {processor.py:839} INFO - DAG(s) dict_keys(['example_dag_decorator']) retrieved from /home/airflow/.local/lib/python3.8/site-packages/airflow/example_dags/example_dag_decorator.py
[2023-12-09T14:10:19.504+0000] {logging_mixin.py:154} INFO - [2023-12-09T14:10:19.504+0000] {dag.py:2941} INFO - Sync 1 DAGs
[2023-12-09T14:10:19.509+0000] {logging_mixin.py:154} INFO - [2023-12-09T14:10:19.509+0000] {dag.py:3722} INFO - Setting next_dagrun for example_dag_decorator to None, run_after=None
[2023-12-09T14:10:19.518+0000] {processor.py:179} INFO - Processing /home/airflow/.local/lib/python3.8/site-packages/airflow/example_dags/example_dag_decorator.py took 0.110 seconds
[2023-12-09T14:10:50.134+0000] {processor.py:157} INFO - Started process (PID=1436) to work on /home/airflow/.local/lib/python3.8/site-packages/airflow/example_dags/example_dag_decorator.py
[2023-12-09T14:10:50.135+0000] {processor.py:829} INFO - Processing file /home/airflow/.local/lib/python3.8/site-packages/airflow/example_dags/example_dag_decorator.py for tasks to queue
[2023-12-09T14:10:50.136+0000] {logging_mixin.py:154} INFO - [2023-12-09T14:10:50.136+0000] {dagbag.py:536} INFO - Filling up the DagBag from /home/airflow/.local/lib/python3.8/site-packages/airflow/example_dags/example_dag_decorator.py
[2023-12-09T14:10:50.172+0000] {processor.py:839} INFO - DAG(s) dict_keys(['example_dag_decorator']) retrieved from /home/airflow/.local/lib/python3.8/site-packages/airflow/example_dags/example_dag_decorator.py
[2023-12-09T14:10:50.227+0000] {logging_mixin.py:154} INFO - [2023-12-09T14:10:50.227+0000] {dag.py:2941} INFO - Sync 1 DAGs
[2023-12-09T14:10:50.234+0000] {logging_mixin.py:154} INFO - [2023-12-09T14:10:50.233+0000] {dag.py:3722} INFO - Setting next_dagrun for example_dag_decorator to None, run_after=None
[2023-12-09T14:10:50.244+0000] {processor.py:179} INFO - Processing /home/airflow/.local/lib/python3.8/site-packages/airflow/example_dags/example_dag_decorator.py took 0.112 seconds
[2023-12-09T14:11:20.978+0000] {processor.py:157} INFO - Started process (PID=1674) to work on /home/airflow/.local/lib/python3.8/site-packages/airflow/example_dags/example_dag_decorator.py
[2023-12-09T14:11:20.978+0000] {processor.py:829} INFO - Processing file /home/airflow/.local/lib/python3.8/site-packages/airflow/example_dags/example_dag_decorator.py for tasks to queue
[2023-12-09T14:11:20.979+0000] {logging_mixin.py:154} INFO - [2023-12-09T14:11:20.979+0000] {dagbag.py:536} INFO - Filling up the DagBag from /home/airflow/.local/lib/python3.8/site-packages/airflow/example_dags/example_dag_decorator.py
[2023-12-09T14:11:21.015+0000] {processor.py:839} INFO - DAG(s) dict_keys(['example_dag_decorator']) retrieved from /home/airflow/.local/lib/python3.8/site-packages/airflow/example_dags/example_dag_decorator.py
[2023-12-09T14:11:21.072+0000] {logging_mixin.py:154} INFO - [2023-12-09T14:11:21.072+0000] {dag.py:2941} INFO - Sync 1 DAGs
[2023-12-09T14:11:21.079+0000] {logging_mixin.py:154} INFO - [2023-12-09T14:11:21.079+0000] {dag.py:3722} INFO - Setting next_dagrun for example_dag_decorator to None, run_after=None
[2023-12-09T14:11:21.088+0000] {processor.py:179} INFO - Processing /home/airflow/.local/lib/python3.8/site-packages/airflow/example_dags/example_dag_decorator.py took 0.113 seconds
[2023-12-09T14:11:51.165+0000] {processor.py:157} INFO - Started process (PID=1917) to work on /home/airflow/.local/lib/python3.8/site-packages/airflow/example_dags/example_dag_decorator.py
[2023-12-09T14:11:51.166+0000] {processor.py:829} INFO - Processing file /home/airflow/.local/lib/python3.8/site-packages/airflow/example_dags/example_dag_decorator.py for tasks to queue
[2023-12-09T14:11:51.167+0000] {logging_mixin.py:154} INFO - [2023-12-09T14:11:51.166+0000] {dagbag.py:536} INFO - Filling up the DagBag from /home/airflow/.local/lib/python3.8/site-packages/airflow/example_dags/example_dag_decorator.py
[2023-12-09T14:11:51.205+0000] {processor.py:839} INFO - DAG(s) dict_keys(['example_dag_decorator']) retrieved from /home/airflow/.local/lib/python3.8/site-packages/airflow/example_dags/example_dag_decorator.py
[2023-12-09T14:11:51.260+0000] {logging_mixin.py:154} INFO - [2023-12-09T14:11:51.260+0000] {dag.py:2941} INFO - Sync 1 DAGs
[2023-12-09T14:11:51.266+0000] {logging_mixin.py:154} INFO - [2023-12-09T14:11:51.266+0000] {dag.py:3722} INFO - Setting next_dagrun for example_dag_decorator to None, run_after=None
[2023-12-09T14:11:51.277+0000] {processor.py:179} INFO - Processing /home/airflow/.local/lib/python3.8/site-packages/airflow/example_dags/example_dag_decorator.py took 0.114 seconds
[2023-12-09T14:12:21.317+0000] {processor.py:157} INFO - Started process (PID=2160) to work on /home/airflow/.local/lib/python3.8/site-packages/airflow/example_dags/example_dag_decorator.py
[2023-12-09T14:12:21.317+0000] {processor.py:829} INFO - Processing file /home/airflow/.local/lib/python3.8/site-packages/airflow/example_dags/example_dag_decorator.py for tasks to queue
[2023-12-09T14:12:21.318+0000] {logging_mixin.py:154} INFO - [2023-12-09T14:12:21.318+0000] {dagbag.py:536} INFO - Filling up the DagBag from /home/airflow/.local/lib/python3.8/site-packages/airflow/example_dags/example_dag_decorator.py
[2023-12-09T14:12:21.356+0000] {processor.py:839} INFO - DAG(s) dict_keys(['example_dag_decorator']) retrieved from /home/airflow/.local/lib/python3.8/site-packages/airflow/example_dags/example_dag_decorator.py
[2023-12-09T14:12:21.405+0000] {logging_mixin.py:154} INFO - [2023-12-09T14:12:21.405+0000] {dag.py:2941} INFO - Sync 1 DAGs
[2023-12-09T14:12:21.411+0000] {logging_mixin.py:154} INFO - [2023-12-09T14:12:21.411+0000] {dag.py:3722} INFO - Setting next_dagrun for example_dag_decorator to None, run_after=None
[2023-12-09T14:12:21.420+0000] {processor.py:179} INFO - Processing /home/airflow/.local/lib/python3.8/site-packages/airflow/example_dags/example_dag_decorator.py took 0.105 seconds
[2023-12-09T14:12:52.094+0000] {processor.py:157} INFO - Started process (PID=2403) to work on /home/airflow/.local/lib/python3.8/site-packages/airflow/example_dags/example_dag_decorator.py
[2023-12-09T14:12:52.095+0000] {processor.py:829} INFO - Processing file /home/airflow/.local/lib/python3.8/site-packages/airflow/example_dags/example_dag_decorator.py for tasks to queue
[2023-12-09T14:12:52.096+0000] {logging_mixin.py:154} INFO - [2023-12-09T14:12:52.096+0000] {dagbag.py:536} INFO - Filling up the DagBag from /home/airflow/.local/lib/python3.8/site-packages/airflow/example_dags/example_dag_decorator.py
[2023-12-09T14:12:52.174+0000] {processor.py:839} INFO - DAG(s) dict_keys(['example_dag_decorator']) retrieved from /home/airflow/.local/lib/python3.8/site-packages/airflow/example_dags/example_dag_decorator.py
[2023-12-09T14:12:52.243+0000] {logging_mixin.py:154} INFO - [2023-12-09T14:12:52.243+0000] {dag.py:2941} INFO - Sync 1 DAGs
[2023-12-09T14:12:52.250+0000] {logging_mixin.py:154} INFO - [2023-12-09T14:12:52.250+0000] {dag.py:3722} INFO - Setting next_dagrun for example_dag_decorator to None, run_after=None
[2023-12-09T14:12:52.263+0000] {processor.py:179} INFO - Processing /home/airflow/.local/lib/python3.8/site-packages/airflow/example_dags/example_dag_decorator.py took 0.171 seconds
[2023-12-09T14:13:22.988+0000] {processor.py:157} INFO - Started process (PID=2626) to work on /home/airflow/.local/lib/python3.8/site-packages/airflow/example_dags/example_dag_decorator.py
[2023-12-09T14:13:22.989+0000] {processor.py:829} INFO - Processing file /home/airflow/.local/lib/python3.8/site-packages/airflow/example_dags/example_dag_decorator.py for tasks to queue
[2023-12-09T14:13:22.989+0000] {logging_mixin.py:154} INFO - [2023-12-09T14:13:22.989+0000] {dagbag.py:536} INFO - Filling up the DagBag from /home/airflow/.local/lib/python3.8/site-packages/airflow/example_dags/example_dag_decorator.py
[2023-12-09T14:13:23.026+0000] {processor.py:839} INFO - DAG(s) dict_keys(['example_dag_decorator']) retrieved from /home/airflow/.local/lib/python3.8/site-packages/airflow/example_dags/example_dag_decorator.py
[2023-12-09T14:13:23.085+0000] {logging_mixin.py:154} INFO - [2023-12-09T14:13:23.085+0000] {dag.py:2941} INFO - Sync 1 DAGs
[2023-12-09T14:13:23.090+0000] {logging_mixin.py:154} INFO - [2023-12-09T14:13:23.090+0000] {dag.py:3722} INFO - Setting next_dagrun for example_dag_decorator to None, run_after=None
[2023-12-09T14:13:23.102+0000] {processor.py:179} INFO - Processing /home/airflow/.local/lib/python3.8/site-packages/airflow/example_dags/example_dag_decorator.py took 0.116 seconds
[2023-12-09T14:13:53.839+0000] {processor.py:157} INFO - Started process (PID=2864) to work on /home/airflow/.local/lib/python3.8/site-packages/airflow/example_dags/example_dag_decorator.py
[2023-12-09T14:13:53.839+0000] {processor.py:829} INFO - Processing file /home/airflow/.local/lib/python3.8/site-packages/airflow/example_dags/example_dag_decorator.py for tasks to queue
[2023-12-09T14:13:53.840+0000] {logging_mixin.py:154} INFO - [2023-12-09T14:13:53.840+0000] {dagbag.py:536} INFO - Filling up the DagBag from /home/airflow/.local/lib/python3.8/site-packages/airflow/example_dags/example_dag_decorator.py
[2023-12-09T14:13:53.876+0000] {processor.py:839} INFO - DAG(s) dict_keys(['example_dag_decorator']) retrieved from /home/airflow/.local/lib/python3.8/site-packages/airflow/example_dags/example_dag_decorator.py
[2023-12-09T14:13:53.932+0000] {logging_mixin.py:154} INFO - [2023-12-09T14:13:53.932+0000] {dag.py:2941} INFO - Sync 1 DAGs
[2023-12-09T14:13:53.937+0000] {logging_mixin.py:154} INFO - [2023-12-09T14:13:53.937+0000] {dag.py:3722} INFO - Setting next_dagrun for example_dag_decorator to None, run_after=None
[2023-12-09T14:13:53.947+0000] {processor.py:179} INFO - Processing /home/airflow/.local/lib/python3.8/site-packages/airflow/example_dags/example_dag_decorator.py took 0.111 seconds
[2023-12-09T14:14:24.568+0000] {processor.py:157} INFO - Started process (PID=3102) to work on /home/airflow/.local/lib/python3.8/site-packages/airflow/example_dags/example_dag_decorator.py
[2023-12-09T14:14:24.569+0000] {processor.py:829} INFO - Processing file /home/airflow/.local/lib/python3.8/site-packages/airflow/example_dags/example_dag_decorator.py for tasks to queue
[2023-12-09T14:14:24.569+0000] {logging_mixin.py:154} INFO - [2023-12-09T14:14:24.569+0000] {dagbag.py:536} INFO - Filling up the DagBag from /home/airflow/.local/lib/python3.8/site-packages/airflow/example_dags/example_dag_decorator.py
[2023-12-09T14:14:24.604+0000] {processor.py:839} INFO - DAG(s) dict_keys(['example_dag_decorator']) retrieved from /home/airflow/.local/lib/python3.8/site-packages/airflow/example_dags/example_dag_decorator.py
[2023-12-09T14:14:24.656+0000] {logging_mixin.py:154} INFO - [2023-12-09T14:14:24.656+0000] {dag.py:2941} INFO - Sync 1 DAGs
[2023-12-09T14:14:24.760+0000] {logging_mixin.py:154} INFO - [2023-12-09T14:14:24.760+0000] {dag.py:3722} INFO - Setting next_dagrun for example_dag_decorator to None, run_after=None
[2023-12-09T14:14:24.769+0000] {processor.py:179} INFO - Processing /home/airflow/.local/lib/python3.8/site-packages/airflow/example_dags/example_dag_decorator.py took 0.203 seconds
[2023-12-09T14:14:55.366+0000] {processor.py:157} INFO - Started process (PID=3340) to work on /home/airflow/.local/lib/python3.8/site-packages/airflow/example_dags/example_dag_decorator.py
[2023-12-09T14:14:55.366+0000] {processor.py:829} INFO - Processing file /home/airflow/.local/lib/python3.8/site-packages/airflow/example_dags/example_dag_decorator.py for tasks to queue
[2023-12-09T14:14:55.367+0000] {logging_mixin.py:154} INFO - [2023-12-09T14:14:55.367+0000] {dagbag.py:536} INFO - Filling up the DagBag from /home/airflow/.local/lib/python3.8/site-packages/airflow/example_dags/example_dag_decorator.py
[2023-12-09T14:14:55.402+0000] {processor.py:839} INFO - DAG(s) dict_keys(['example_dag_decorator']) retrieved from /home/airflow/.local/lib/python3.8/site-packages/airflow/example_dags/example_dag_decorator.py
[2023-12-09T14:14:55.455+0000] {logging_mixin.py:154} INFO - [2023-12-09T14:14:55.455+0000] {dag.py:2941} INFO - Sync 1 DAGs
[2023-12-09T14:14:55.554+0000] {logging_mixin.py:154} INFO - [2023-12-09T14:14:55.554+0000] {dag.py:3722} INFO - Setting next_dagrun for example_dag_decorator to None, run_after=None
[2023-12-09T14:14:55.564+0000] {processor.py:179} INFO - Processing /home/airflow/.local/lib/python3.8/site-packages/airflow/example_dags/example_dag_decorator.py took 0.200 seconds
[2023-12-09T14:15:26.127+0000] {processor.py:157} INFO - Started process (PID=3578) to work on /home/airflow/.local/lib/python3.8/site-packages/airflow/example_dags/example_dag_decorator.py
[2023-12-09T14:15:26.128+0000] {processor.py:829} INFO - Processing file /home/airflow/.local/lib/python3.8/site-packages/airflow/example_dags/example_dag_decorator.py for tasks to queue
[2023-12-09T14:15:26.129+0000] {logging_mixin.py:154} INFO - [2023-12-09T14:15:26.129+0000] {dagbag.py:536} INFO - Filling up the DagBag from /home/airflow/.local/lib/python3.8/site-packages/airflow/example_dags/example_dag_decorator.py
[2023-12-09T14:15:26.165+0000] {processor.py:839} INFO - DAG(s) dict_keys(['example_dag_decorator']) retrieved from /home/airflow/.local/lib/python3.8/site-packages/airflow/example_dags/example_dag_decorator.py
[2023-12-09T14:15:26.216+0000] {logging_mixin.py:154} INFO - [2023-12-09T14:15:26.216+0000] {dag.py:2941} INFO - Sync 1 DAGs
[2023-12-09T14:15:26.222+0000] {logging_mixin.py:154} INFO - [2023-12-09T14:15:26.221+0000] {dag.py:3722} INFO - Setting next_dagrun for example_dag_decorator to None, run_after=None
[2023-12-09T14:15:26.230+0000] {processor.py:179} INFO - Processing /home/airflow/.local/lib/python3.8/site-packages/airflow/example_dags/example_dag_decorator.py took 0.105 seconds
[2023-12-09T14:15:57.074+0000] {processor.py:157} INFO - Started process (PID=3816) to work on /home/airflow/.local/lib/python3.8/site-packages/airflow/example_dags/example_dag_decorator.py
[2023-12-09T14:15:57.075+0000] {processor.py:829} INFO - Processing file /home/airflow/.local/lib/python3.8/site-packages/airflow/example_dags/example_dag_decorator.py for tasks to queue
[2023-12-09T14:15:57.075+0000] {logging_mixin.py:154} INFO - [2023-12-09T14:15:57.075+0000] {dagbag.py:536} INFO - Filling up the DagBag from /home/airflow/.local/lib/python3.8/site-packages/airflow/example_dags/example_dag_decorator.py
[2023-12-09T14:15:57.128+0000] {processor.py:839} INFO - DAG(s) dict_keys(['example_dag_decorator']) retrieved from /home/airflow/.local/lib/python3.8/site-packages/airflow/example_dags/example_dag_decorator.py
[2023-12-09T14:15:57.199+0000] {logging_mixin.py:154} INFO - [2023-12-09T14:15:57.199+0000] {dag.py:2941} INFO - Sync 1 DAGs
[2023-12-09T14:15:57.207+0000] {logging_mixin.py:154} INFO - [2023-12-09T14:15:57.206+0000] {dag.py:3722} INFO - Setting next_dagrun for example_dag_decorator to None, run_after=None
[2023-12-09T14:15:57.218+0000] {processor.py:179} INFO - Processing /home/airflow/.local/lib/python3.8/site-packages/airflow/example_dags/example_dag_decorator.py took 0.148 seconds
[2023-12-09T14:16:28.059+0000] {processor.py:157} INFO - Started process (PID=4054) to work on /home/airflow/.local/lib/python3.8/site-packages/airflow/example_dags/example_dag_decorator.py
[2023-12-09T14:16:28.060+0000] {processor.py:829} INFO - Processing file /home/airflow/.local/lib/python3.8/site-packages/airflow/example_dags/example_dag_decorator.py for tasks to queue
[2023-12-09T14:16:28.061+0000] {logging_mixin.py:154} INFO - [2023-12-09T14:16:28.061+0000] {dagbag.py:536} INFO - Filling up the DagBag from /home/airflow/.local/lib/python3.8/site-packages/airflow/example_dags/example_dag_decorator.py
[2023-12-09T14:16:28.099+0000] {processor.py:839} INFO - DAG(s) dict_keys(['example_dag_decorator']) retrieved from /home/airflow/.local/lib/python3.8/site-packages/airflow/example_dags/example_dag_decorator.py
[2023-12-09T14:16:28.152+0000] {logging_mixin.py:154} INFO - [2023-12-09T14:16:28.152+0000] {dag.py:2941} INFO - Sync 1 DAGs
[2023-12-09T14:16:28.157+0000] {logging_mixin.py:154} INFO - [2023-12-09T14:16:28.157+0000] {dag.py:3722} INFO - Setting next_dagrun for example_dag_decorator to None, run_after=None
[2023-12-09T14:16:28.166+0000] {processor.py:179} INFO - Processing /home/airflow/.local/lib/python3.8/site-packages/airflow/example_dags/example_dag_decorator.py took 0.110 seconds
[2023-12-09T14:16:58.669+0000] {processor.py:157} INFO - Started process (PID=4292) to work on /home/airflow/.local/lib/python3.8/site-packages/airflow/example_dags/example_dag_decorator.py
[2023-12-09T14:16:58.670+0000] {processor.py:829} INFO - Processing file /home/airflow/.local/lib/python3.8/site-packages/airflow/example_dags/example_dag_decorator.py for tasks to queue
[2023-12-09T14:16:58.670+0000] {logging_mixin.py:154} INFO - [2023-12-09T14:16:58.670+0000] {dagbag.py:536} INFO - Filling up the DagBag from /home/airflow/.local/lib/python3.8/site-packages/airflow/example_dags/example_dag_decorator.py
[2023-12-09T14:16:58.706+0000] {processor.py:839} INFO - DAG(s) dict_keys(['example_dag_decorator']) retrieved from /home/airflow/.local/lib/python3.8/site-packages/airflow/example_dags/example_dag_decorator.py
[2023-12-09T14:16:58.853+0000] {logging_mixin.py:154} INFO - [2023-12-09T14:16:58.853+0000] {dag.py:2941} INFO - Sync 1 DAGs
[2023-12-09T14:16:58.859+0000] {logging_mixin.py:154} INFO - [2023-12-09T14:16:58.859+0000] {dag.py:3722} INFO - Setting next_dagrun for example_dag_decorator to None, run_after=None
[2023-12-09T14:16:58.870+0000] {processor.py:179} INFO - Processing /home/airflow/.local/lib/python3.8/site-packages/airflow/example_dags/example_dag_decorator.py took 0.203 seconds
[2023-12-09T14:17:29.326+0000] {processor.py:157} INFO - Started process (PID=4530) to work on /home/airflow/.local/lib/python3.8/site-packages/airflow/example_dags/example_dag_decorator.py
[2023-12-09T14:17:29.326+0000] {processor.py:829} INFO - Processing file /home/airflow/.local/lib/python3.8/site-packages/airflow/example_dags/example_dag_decorator.py for tasks to queue
[2023-12-09T14:17:29.327+0000] {logging_mixin.py:154} INFO - [2023-12-09T14:17:29.327+0000] {dagbag.py:536} INFO - Filling up the DagBag from /home/airflow/.local/lib/python3.8/site-packages/airflow/example_dags/example_dag_decorator.py
[2023-12-09T14:17:29.365+0000] {processor.py:839} INFO - DAG(s) dict_keys(['example_dag_decorator']) retrieved from /home/airflow/.local/lib/python3.8/site-packages/airflow/example_dags/example_dag_decorator.py
[2023-12-09T14:17:29.420+0000] {logging_mixin.py:154} INFO - [2023-12-09T14:17:29.420+0000] {dag.py:2941} INFO - Sync 1 DAGs
[2023-12-09T14:17:29.538+0000] {logging_mixin.py:154} INFO - [2023-12-09T14:17:29.538+0000] {dag.py:3722} INFO - Setting next_dagrun for example_dag_decorator to None, run_after=None
[2023-12-09T14:17:29.552+0000] {processor.py:179} INFO - Processing /home/airflow/.local/lib/python3.8/site-packages/airflow/example_dags/example_dag_decorator.py took 0.228 seconds
[2023-12-09T14:18:00.182+0000] {processor.py:157} INFO - Started process (PID=4768) to work on /home/airflow/.local/lib/python3.8/site-packages/airflow/example_dags/example_dag_decorator.py
[2023-12-09T14:18:00.183+0000] {processor.py:829} INFO - Processing file /home/airflow/.local/lib/python3.8/site-packages/airflow/example_dags/example_dag_decorator.py for tasks to queue
[2023-12-09T14:18:00.184+0000] {logging_mixin.py:154} INFO - [2023-12-09T14:18:00.183+0000] {dagbag.py:536} INFO - Filling up the DagBag from /home/airflow/.local/lib/python3.8/site-packages/airflow/example_dags/example_dag_decorator.py
[2023-12-09T14:18:00.223+0000] {processor.py:839} INFO - DAG(s) dict_keys(['example_dag_decorator']) retrieved from /home/airflow/.local/lib/python3.8/site-packages/airflow/example_dags/example_dag_decorator.py
[2023-12-09T14:18:00.278+0000] {logging_mixin.py:154} INFO - [2023-12-09T14:18:00.278+0000] {dag.py:2941} INFO - Sync 1 DAGs
[2023-12-09T14:18:00.410+0000] {logging_mixin.py:154} INFO - [2023-12-09T14:18:00.409+0000] {dag.py:3722} INFO - Setting next_dagrun for example_dag_decorator to None, run_after=None
[2023-12-09T14:18:00.423+0000] {processor.py:179} INFO - Processing /home/airflow/.local/lib/python3.8/site-packages/airflow/example_dags/example_dag_decorator.py took 0.243 seconds
[2023-12-09T14:18:31.011+0000] {processor.py:157} INFO - Started process (PID=5006) to work on /home/airflow/.local/lib/python3.8/site-packages/airflow/example_dags/example_dag_decorator.py
[2023-12-09T14:18:31.012+0000] {processor.py:829} INFO - Processing file /home/airflow/.local/lib/python3.8/site-packages/airflow/example_dags/example_dag_decorator.py for tasks to queue
[2023-12-09T14:18:31.012+0000] {logging_mixin.py:154} INFO - [2023-12-09T14:18:31.012+0000] {dagbag.py:536} INFO - Filling up the DagBag from /home/airflow/.local/lib/python3.8/site-packages/airflow/example_dags/example_dag_decorator.py
[2023-12-09T14:18:31.052+0000] {processor.py:839} INFO - DAG(s) dict_keys(['example_dag_decorator']) retrieved from /home/airflow/.local/lib/python3.8/site-packages/airflow/example_dags/example_dag_decorator.py
[2023-12-09T14:18:31.205+0000] {logging_mixin.py:154} INFO - [2023-12-09T14:18:31.204+0000] {dag.py:2941} INFO - Sync 1 DAGs
[2023-12-09T14:18:31.211+0000] {logging_mixin.py:154} INFO - [2023-12-09T14:18:31.210+0000] {dag.py:3722} INFO - Setting next_dagrun for example_dag_decorator to None, run_after=None
[2023-12-09T14:18:31.219+0000] {processor.py:179} INFO - Processing /home/airflow/.local/lib/python3.8/site-packages/airflow/example_dags/example_dag_decorator.py took 0.210 seconds
[2023-12-09T14:19:01.688+0000] {processor.py:157} INFO - Started process (PID=5244) to work on /home/airflow/.local/lib/python3.8/site-packages/airflow/example_dags/example_dag_decorator.py
[2023-12-09T14:19:01.689+0000] {processor.py:829} INFO - Processing file /home/airflow/.local/lib/python3.8/site-packages/airflow/example_dags/example_dag_decorator.py for tasks to queue
[2023-12-09T14:19:01.689+0000] {logging_mixin.py:154} INFO - [2023-12-09T14:19:01.689+0000] {dagbag.py:536} INFO - Filling up the DagBag from /home/airflow/.local/lib/python3.8/site-packages/airflow/example_dags/example_dag_decorator.py
[2023-12-09T14:19:01.728+0000] {processor.py:839} INFO - DAG(s) dict_keys(['example_dag_decorator']) retrieved from /home/airflow/.local/lib/python3.8/site-packages/airflow/example_dags/example_dag_decorator.py
[2023-12-09T14:19:01.881+0000] {logging_mixin.py:154} INFO - [2023-12-09T14:19:01.881+0000] {dag.py:2941} INFO - Sync 1 DAGs
[2023-12-09T14:19:01.887+0000] {logging_mixin.py:154} INFO - [2023-12-09T14:19:01.887+0000] {dag.py:3722} INFO - Setting next_dagrun for example_dag_decorator to None, run_after=None
[2023-12-09T14:19:01.897+0000] {processor.py:179} INFO - Processing /home/airflow/.local/lib/python3.8/site-packages/airflow/example_dags/example_dag_decorator.py took 0.211 seconds
