[2023-12-09T14:08:18.351+0000] {processor.py:157} INFO - Started process (PID=321) to work on /home/airflow/.local/lib/python3.8/site-packages/airflow/example_dags/example_skip_dag.py
[2023-12-09T14:08:18.352+0000] {processor.py:829} INFO - Processing file /home/airflow/.local/lib/python3.8/site-packages/airflow/example_dags/example_skip_dag.py for tasks to queue
[2023-12-09T14:08:18.352+0000] {logging_mixin.py:154} INFO - [2023-12-09T14:08:18.352+0000] {dagbag.py:536} INFO - Filling up the DagBag from /home/airflow/.local/lib/python3.8/site-packages/airflow/example_dags/example_skip_dag.py
[2023-12-09T14:08:18.360+0000] {processor.py:839} INFO - DAG(s) dict_keys(['example_skip_dag']) retrieved from /home/airflow/.local/lib/python3.8/site-packages/airflow/example_dags/example_skip_dag.py
[2023-12-09T14:08:18.368+0000] {logging_mixin.py:154} INFO - [2023-12-09T14:08:18.368+0000] {dag.py:2941} INFO - Sync 1 DAGs
[2023-12-09T14:08:18.382+0000] {logging_mixin.py:154} INFO - [2023-12-09T14:08:18.382+0000] {dag.py:3722} INFO - Setting next_dagrun for example_skip_dag to 2023-12-08T14:08:18.381816+00:00, run_after=2023-12-09T14:08:18.381816+00:00
[2023-12-09T14:08:18.393+0000] {processor.py:179} INFO - Processing /home/airflow/.local/lib/python3.8/site-packages/airflow/example_dags/example_skip_dag.py took 0.045 seconds
[2023-12-09T14:08:48.735+0000] {processor.py:157} INFO - Started process (PID=559) to work on /home/airflow/.local/lib/python3.8/site-packages/airflow/example_dags/example_skip_dag.py
[2023-12-09T14:08:48.736+0000] {processor.py:829} INFO - Processing file /home/airflow/.local/lib/python3.8/site-packages/airflow/example_dags/example_skip_dag.py for tasks to queue
[2023-12-09T14:08:48.736+0000] {logging_mixin.py:154} INFO - [2023-12-09T14:08:48.736+0000] {dagbag.py:536} INFO - Filling up the DagBag from /home/airflow/.local/lib/python3.8/site-packages/airflow/example_dags/example_skip_dag.py
[2023-12-09T14:08:48.741+0000] {processor.py:839} INFO - DAG(s) dict_keys(['example_skip_dag']) retrieved from /home/airflow/.local/lib/python3.8/site-packages/airflow/example_dags/example_skip_dag.py
[2023-12-09T14:08:48.753+0000] {logging_mixin.py:154} INFO - [2023-12-09T14:08:48.753+0000] {dag.py:2941} INFO - Sync 1 DAGs
[2023-12-09T14:08:48.765+0000] {logging_mixin.py:154} INFO - [2023-12-09T14:08:48.765+0000] {dag.py:3722} INFO - Setting next_dagrun for example_skip_dag to 2023-12-08T14:08:48.765190+00:00, run_after=2023-12-09T14:08:48.765190+00:00
[2023-12-09T14:08:48.774+0000] {processor.py:179} INFO - Processing /home/airflow/.local/lib/python3.8/site-packages/airflow/example_dags/example_skip_dag.py took 0.041 seconds
[2023-12-09T14:09:19.615+0000] {processor.py:157} INFO - Started process (PID=797) to work on /home/airflow/.local/lib/python3.8/site-packages/airflow/example_dags/example_skip_dag.py
[2023-12-09T14:09:19.616+0000] {processor.py:829} INFO - Processing file /home/airflow/.local/lib/python3.8/site-packages/airflow/example_dags/example_skip_dag.py for tasks to queue
[2023-12-09T14:09:19.617+0000] {logging_mixin.py:154} INFO - [2023-12-09T14:09:19.616+0000] {dagbag.py:536} INFO - Filling up the DagBag from /home/airflow/.local/lib/python3.8/site-packages/airflow/example_dags/example_skip_dag.py
[2023-12-09T14:09:19.622+0000] {processor.py:839} INFO - DAG(s) dict_keys(['example_skip_dag']) retrieved from /home/airflow/.local/lib/python3.8/site-packages/airflow/example_dags/example_skip_dag.py
[2023-12-09T14:09:19.637+0000] {logging_mixin.py:154} INFO - [2023-12-09T14:09:19.637+0000] {dag.py:2941} INFO - Sync 1 DAGs
[2023-12-09T14:09:19.652+0000] {logging_mixin.py:154} INFO - [2023-12-09T14:09:19.652+0000] {dag.py:3722} INFO - Setting next_dagrun for example_skip_dag to 2023-12-08T14:09:19.652090+00:00, run_after=2023-12-09T14:09:19.652090+00:00
[2023-12-09T14:09:19.664+0000] {processor.py:179} INFO - Processing /home/airflow/.local/lib/python3.8/site-packages/airflow/example_dags/example_skip_dag.py took 0.052 seconds
[2023-12-09T14:09:49.737+0000] {processor.py:157} INFO - Started process (PID=1035) to work on /home/airflow/.local/lib/python3.8/site-packages/airflow/example_dags/example_skip_dag.py
[2023-12-09T14:09:49.738+0000] {processor.py:829} INFO - Processing file /home/airflow/.local/lib/python3.8/site-packages/airflow/example_dags/example_skip_dag.py for tasks to queue
[2023-12-09T14:09:49.739+0000] {logging_mixin.py:154} INFO - [2023-12-09T14:09:49.739+0000] {dagbag.py:536} INFO - Filling up the DagBag from /home/airflow/.local/lib/python3.8/site-packages/airflow/example_dags/example_skip_dag.py
[2023-12-09T14:09:49.745+0000] {processor.py:839} INFO - DAG(s) dict_keys(['example_skip_dag']) retrieved from /home/airflow/.local/lib/python3.8/site-packages/airflow/example_dags/example_skip_dag.py
[2023-12-09T14:09:49.760+0000] {logging_mixin.py:154} INFO - [2023-12-09T14:09:49.760+0000] {dag.py:2941} INFO - Sync 1 DAGs
[2023-12-09T14:09:49.773+0000] {logging_mixin.py:154} INFO - [2023-12-09T14:09:49.773+0000] {dag.py:3722} INFO - Setting next_dagrun for example_skip_dag to 2023-12-08T14:09:49.773361+00:00, run_after=2023-12-09T14:09:49.773361+00:00
[2023-12-09T14:09:49.785+0000] {processor.py:179} INFO - Processing /home/airflow/.local/lib/python3.8/site-packages/airflow/example_dags/example_skip_dag.py took 0.051 seconds
[2023-12-09T14:10:19.867+0000] {processor.py:157} INFO - Started process (PID=1273) to work on /home/airflow/.local/lib/python3.8/site-packages/airflow/example_dags/example_skip_dag.py
[2023-12-09T14:10:19.868+0000] {processor.py:829} INFO - Processing file /home/airflow/.local/lib/python3.8/site-packages/airflow/example_dags/example_skip_dag.py for tasks to queue
[2023-12-09T14:10:19.869+0000] {logging_mixin.py:154} INFO - [2023-12-09T14:10:19.868+0000] {dagbag.py:536} INFO - Filling up the DagBag from /home/airflow/.local/lib/python3.8/site-packages/airflow/example_dags/example_skip_dag.py
[2023-12-09T14:10:19.874+0000] {processor.py:839} INFO - DAG(s) dict_keys(['example_skip_dag']) retrieved from /home/airflow/.local/lib/python3.8/site-packages/airflow/example_dags/example_skip_dag.py
[2023-12-09T14:10:19.886+0000] {logging_mixin.py:154} INFO - [2023-12-09T14:10:19.886+0000] {dag.py:2941} INFO - Sync 1 DAGs
[2023-12-09T14:10:19.897+0000] {logging_mixin.py:154} INFO - [2023-12-09T14:10:19.897+0000] {dag.py:3722} INFO - Setting next_dagrun for example_skip_dag to 2023-12-08T14:10:19.896941+00:00, run_after=2023-12-09T14:10:19.896941+00:00
[2023-12-09T14:10:19.906+0000] {processor.py:179} INFO - Processing /home/airflow/.local/lib/python3.8/site-packages/airflow/example_dags/example_skip_dag.py took 0.041 seconds
[2023-12-09T14:10:50.674+0000] {processor.py:157} INFO - Started process (PID=1511) to work on /home/airflow/.local/lib/python3.8/site-packages/airflow/example_dags/example_skip_dag.py
[2023-12-09T14:10:50.675+0000] {processor.py:829} INFO - Processing file /home/airflow/.local/lib/python3.8/site-packages/airflow/example_dags/example_skip_dag.py for tasks to queue
[2023-12-09T14:10:50.676+0000] {logging_mixin.py:154} INFO - [2023-12-09T14:10:50.676+0000] {dagbag.py:536} INFO - Filling up the DagBag from /home/airflow/.local/lib/python3.8/site-packages/airflow/example_dags/example_skip_dag.py
[2023-12-09T14:10:50.681+0000] {processor.py:839} INFO - DAG(s) dict_keys(['example_skip_dag']) retrieved from /home/airflow/.local/lib/python3.8/site-packages/airflow/example_dags/example_skip_dag.py
[2023-12-09T14:10:50.693+0000] {logging_mixin.py:154} INFO - [2023-12-09T14:10:50.693+0000] {dag.py:2941} INFO - Sync 1 DAGs
[2023-12-09T14:10:50.705+0000] {logging_mixin.py:154} INFO - [2023-12-09T14:10:50.705+0000] {dag.py:3722} INFO - Setting next_dagrun for example_skip_dag to 2023-12-08T14:10:50.705097+00:00, run_after=2023-12-09T14:10:50.705097+00:00
[2023-12-09T14:10:50.714+0000] {processor.py:179} INFO - Processing /home/airflow/.local/lib/python3.8/site-packages/airflow/example_dags/example_skip_dag.py took 0.042 seconds
[2023-12-09T14:11:21.536+0000] {processor.py:157} INFO - Started process (PID=1749) to work on /home/airflow/.local/lib/python3.8/site-packages/airflow/example_dags/example_skip_dag.py
[2023-12-09T14:11:21.537+0000] {processor.py:829} INFO - Processing file /home/airflow/.local/lib/python3.8/site-packages/airflow/example_dags/example_skip_dag.py for tasks to queue
[2023-12-09T14:11:21.538+0000] {logging_mixin.py:154} INFO - [2023-12-09T14:11:21.538+0000] {dagbag.py:536} INFO - Filling up the DagBag from /home/airflow/.local/lib/python3.8/site-packages/airflow/example_dags/example_skip_dag.py
[2023-12-09T14:11:21.544+0000] {processor.py:839} INFO - DAG(s) dict_keys(['example_skip_dag']) retrieved from /home/airflow/.local/lib/python3.8/site-packages/airflow/example_dags/example_skip_dag.py
[2023-12-09T14:11:21.558+0000] {logging_mixin.py:154} INFO - [2023-12-09T14:11:21.557+0000] {dag.py:2941} INFO - Sync 1 DAGs
[2023-12-09T14:11:21.570+0000] {logging_mixin.py:154} INFO - [2023-12-09T14:11:21.570+0000] {dag.py:3722} INFO - Setting next_dagrun for example_skip_dag to 2023-12-08T14:11:21.570374+00:00, run_after=2023-12-09T14:11:21.570374+00:00
[2023-12-09T14:11:21.580+0000] {processor.py:179} INFO - Processing /home/airflow/.local/lib/python3.8/site-packages/airflow/example_dags/example_skip_dag.py took 0.046 seconds
[2023-12-09T14:11:51.690+0000] {processor.py:157} INFO - Started process (PID=1989) to work on /home/airflow/.local/lib/python3.8/site-packages/airflow/example_dags/example_skip_dag.py
[2023-12-09T14:11:51.691+0000] {processor.py:829} INFO - Processing file /home/airflow/.local/lib/python3.8/site-packages/airflow/example_dags/example_skip_dag.py for tasks to queue
[2023-12-09T14:11:51.692+0000] {logging_mixin.py:154} INFO - [2023-12-09T14:11:51.691+0000] {dagbag.py:536} INFO - Filling up the DagBag from /home/airflow/.local/lib/python3.8/site-packages/airflow/example_dags/example_skip_dag.py
[2023-12-09T14:11:51.697+0000] {processor.py:839} INFO - DAG(s) dict_keys(['example_skip_dag']) retrieved from /home/airflow/.local/lib/python3.8/site-packages/airflow/example_dags/example_skip_dag.py
[2023-12-09T14:11:51.709+0000] {logging_mixin.py:154} INFO - [2023-12-09T14:11:51.709+0000] {dag.py:2941} INFO - Sync 1 DAGs
[2023-12-09T14:11:51.720+0000] {logging_mixin.py:154} INFO - [2023-12-09T14:11:51.720+0000] {dag.py:3722} INFO - Setting next_dagrun for example_skip_dag to 2023-12-08T14:11:51.720362+00:00, run_after=2023-12-09T14:11:51.720362+00:00
[2023-12-09T14:11:51.729+0000] {processor.py:179} INFO - Processing /home/airflow/.local/lib/python3.8/site-packages/airflow/example_dags/example_skip_dag.py took 0.041 seconds
[2023-12-09T14:12:21.761+0000] {processor.py:157} INFO - Started process (PID=2225) to work on /home/airflow/.local/lib/python3.8/site-packages/airflow/example_dags/example_skip_dag.py
[2023-12-09T14:12:21.762+0000] {processor.py:829} INFO - Processing file /home/airflow/.local/lib/python3.8/site-packages/airflow/example_dags/example_skip_dag.py for tasks to queue
[2023-12-09T14:12:21.762+0000] {logging_mixin.py:154} INFO - [2023-12-09T14:12:21.762+0000] {dagbag.py:536} INFO - Filling up the DagBag from /home/airflow/.local/lib/python3.8/site-packages/airflow/example_dags/example_skip_dag.py
[2023-12-09T14:12:21.767+0000] {processor.py:839} INFO - DAG(s) dict_keys(['example_skip_dag']) retrieved from /home/airflow/.local/lib/python3.8/site-packages/airflow/example_dags/example_skip_dag.py
[2023-12-09T14:12:21.779+0000] {logging_mixin.py:154} INFO - [2023-12-09T14:12:21.779+0000] {dag.py:2941} INFO - Sync 1 DAGs
[2023-12-09T14:12:21.791+0000] {logging_mixin.py:154} INFO - [2023-12-09T14:12:21.791+0000] {dag.py:3722} INFO - Setting next_dagrun for example_skip_dag to 2023-12-08T14:12:21.791442+00:00, run_after=2023-12-09T14:12:21.791442+00:00
[2023-12-09T14:12:21.800+0000] {processor.py:179} INFO - Processing /home/airflow/.local/lib/python3.8/site-packages/airflow/example_dags/example_skip_dag.py took 0.041 seconds
[2023-12-09T14:12:52.531+0000] {processor.py:157} INFO - Started process (PID=2463) to work on /home/airflow/.local/lib/python3.8/site-packages/airflow/example_dags/example_skip_dag.py
[2023-12-09T14:12:52.532+0000] {processor.py:829} INFO - Processing file /home/airflow/.local/lib/python3.8/site-packages/airflow/example_dags/example_skip_dag.py for tasks to queue
[2023-12-09T14:12:52.533+0000] {logging_mixin.py:154} INFO - [2023-12-09T14:12:52.533+0000] {dagbag.py:536} INFO - Filling up the DagBag from /home/airflow/.local/lib/python3.8/site-packages/airflow/example_dags/example_skip_dag.py
[2023-12-09T14:12:52.537+0000] {processor.py:839} INFO - DAG(s) dict_keys(['example_skip_dag']) retrieved from /home/airflow/.local/lib/python3.8/site-packages/airflow/example_dags/example_skip_dag.py
[2023-12-09T14:12:52.550+0000] {logging_mixin.py:154} INFO - [2023-12-09T14:12:52.549+0000] {dag.py:2941} INFO - Sync 1 DAGs
[2023-12-09T14:12:52.561+0000] {logging_mixin.py:154} INFO - [2023-12-09T14:12:52.561+0000] {dag.py:3722} INFO - Setting next_dagrun for example_skip_dag to 2023-12-08T14:12:52.561423+00:00, run_after=2023-12-09T14:12:52.561423+00:00
[2023-12-09T14:12:52.570+0000] {processor.py:179} INFO - Processing /home/airflow/.local/lib/python3.8/site-packages/airflow/example_dags/example_skip_dag.py took 0.041 seconds
[2023-12-09T14:13:23.668+0000] {processor.py:157} INFO - Started process (PID=2701) to work on /home/airflow/.local/lib/python3.8/site-packages/airflow/example_dags/example_skip_dag.py
[2023-12-09T14:13:23.669+0000] {processor.py:829} INFO - Processing file /home/airflow/.local/lib/python3.8/site-packages/airflow/example_dags/example_skip_dag.py for tasks to queue
[2023-12-09T14:13:23.670+0000] {logging_mixin.py:154} INFO - [2023-12-09T14:13:23.670+0000] {dagbag.py:536} INFO - Filling up the DagBag from /home/airflow/.local/lib/python3.8/site-packages/airflow/example_dags/example_skip_dag.py
[2023-12-09T14:13:23.677+0000] {processor.py:839} INFO - DAG(s) dict_keys(['example_skip_dag']) retrieved from /home/airflow/.local/lib/python3.8/site-packages/airflow/example_dags/example_skip_dag.py
[2023-12-09T14:13:23.693+0000] {logging_mixin.py:154} INFO - [2023-12-09T14:13:23.693+0000] {dag.py:2941} INFO - Sync 1 DAGs
[2023-12-09T14:13:23.709+0000] {logging_mixin.py:154} INFO - [2023-12-09T14:13:23.709+0000] {dag.py:3722} INFO - Setting next_dagrun for example_skip_dag to 2023-12-08T14:13:23.709640+00:00, run_after=2023-12-09T14:13:23.709640+00:00
[2023-12-09T14:13:23.722+0000] {processor.py:179} INFO - Processing /home/airflow/.local/lib/python3.8/site-packages/airflow/example_dags/example_skip_dag.py took 0.057 seconds
[2023-12-09T14:13:54.369+0000] {processor.py:157} INFO - Started process (PID=2939) to work on /home/airflow/.local/lib/python3.8/site-packages/airflow/example_dags/example_skip_dag.py
[2023-12-09T14:13:54.369+0000] {processor.py:829} INFO - Processing file /home/airflow/.local/lib/python3.8/site-packages/airflow/example_dags/example_skip_dag.py for tasks to queue
[2023-12-09T14:13:54.370+0000] {logging_mixin.py:154} INFO - [2023-12-09T14:13:54.370+0000] {dagbag.py:536} INFO - Filling up the DagBag from /home/airflow/.local/lib/python3.8/site-packages/airflow/example_dags/example_skip_dag.py
[2023-12-09T14:13:54.377+0000] {processor.py:839} INFO - DAG(s) dict_keys(['example_skip_dag']) retrieved from /home/airflow/.local/lib/python3.8/site-packages/airflow/example_dags/example_skip_dag.py
[2023-12-09T14:13:54.390+0000] {logging_mixin.py:154} INFO - [2023-12-09T14:13:54.390+0000] {dag.py:2941} INFO - Sync 1 DAGs
[2023-12-09T14:13:54.402+0000] {logging_mixin.py:154} INFO - [2023-12-09T14:13:54.402+0000] {dag.py:3722} INFO - Setting next_dagrun for example_skip_dag to 2023-12-08T14:13:54.402001+00:00, run_after=2023-12-09T14:13:54.402001+00:00
[2023-12-09T14:13:54.411+0000] {processor.py:179} INFO - Processing /home/airflow/.local/lib/python3.8/site-packages/airflow/example_dags/example_skip_dag.py took 0.046 seconds
[2023-12-09T14:14:25.143+0000] {processor.py:157} INFO - Started process (PID=3177) to work on /home/airflow/.local/lib/python3.8/site-packages/airflow/example_dags/example_skip_dag.py
[2023-12-09T14:14:25.144+0000] {processor.py:829} INFO - Processing file /home/airflow/.local/lib/python3.8/site-packages/airflow/example_dags/example_skip_dag.py for tasks to queue
[2023-12-09T14:14:25.145+0000] {logging_mixin.py:154} INFO - [2023-12-09T14:14:25.145+0000] {dagbag.py:536} INFO - Filling up the DagBag from /home/airflow/.local/lib/python3.8/site-packages/airflow/example_dags/example_skip_dag.py
[2023-12-09T14:14:25.150+0000] {processor.py:839} INFO - DAG(s) dict_keys(['example_skip_dag']) retrieved from /home/airflow/.local/lib/python3.8/site-packages/airflow/example_dags/example_skip_dag.py
[2023-12-09T14:14:25.163+0000] {logging_mixin.py:154} INFO - [2023-12-09T14:14:25.163+0000] {dag.py:2941} INFO - Sync 1 DAGs
[2023-12-09T14:14:25.175+0000] {logging_mixin.py:154} INFO - [2023-12-09T14:14:25.175+0000] {dag.py:3722} INFO - Setting next_dagrun for example_skip_dag to 2023-12-08T14:14:25.174975+00:00, run_after=2023-12-09T14:14:25.174975+00:00
[2023-12-09T14:14:25.184+0000] {processor.py:179} INFO - Processing /home/airflow/.local/lib/python3.8/site-packages/airflow/example_dags/example_skip_dag.py took 0.043 seconds
[2023-12-09T14:14:55.930+0000] {processor.py:157} INFO - Started process (PID=3415) to work on /home/airflow/.local/lib/python3.8/site-packages/airflow/example_dags/example_skip_dag.py
[2023-12-09T14:14:55.931+0000] {processor.py:829} INFO - Processing file /home/airflow/.local/lib/python3.8/site-packages/airflow/example_dags/example_skip_dag.py for tasks to queue
[2023-12-09T14:14:55.932+0000] {logging_mixin.py:154} INFO - [2023-12-09T14:14:55.932+0000] {dagbag.py:536} INFO - Filling up the DagBag from /home/airflow/.local/lib/python3.8/site-packages/airflow/example_dags/example_skip_dag.py
[2023-12-09T14:14:55.936+0000] {processor.py:839} INFO - DAG(s) dict_keys(['example_skip_dag']) retrieved from /home/airflow/.local/lib/python3.8/site-packages/airflow/example_dags/example_skip_dag.py
[2023-12-09T14:14:55.949+0000] {logging_mixin.py:154} INFO - [2023-12-09T14:14:55.949+0000] {dag.py:2941} INFO - Sync 1 DAGs
[2023-12-09T14:14:55.961+0000] {logging_mixin.py:154} INFO - [2023-12-09T14:14:55.961+0000] {dag.py:3722} INFO - Setting next_dagrun for example_skip_dag to 2023-12-08T14:14:55.961006+00:00, run_after=2023-12-09T14:14:55.961006+00:00
[2023-12-09T14:14:55.969+0000] {processor.py:179} INFO - Processing /home/airflow/.local/lib/python3.8/site-packages/airflow/example_dags/example_skip_dag.py took 0.041 seconds
[2023-12-09T14:15:26.590+0000] {processor.py:157} INFO - Started process (PID=3653) to work on /home/airflow/.local/lib/python3.8/site-packages/airflow/example_dags/example_skip_dag.py
[2023-12-09T14:15:26.591+0000] {processor.py:829} INFO - Processing file /home/airflow/.local/lib/python3.8/site-packages/airflow/example_dags/example_skip_dag.py for tasks to queue
[2023-12-09T14:15:26.591+0000] {logging_mixin.py:154} INFO - [2023-12-09T14:15:26.591+0000] {dagbag.py:536} INFO - Filling up the DagBag from /home/airflow/.local/lib/python3.8/site-packages/airflow/example_dags/example_skip_dag.py
[2023-12-09T14:15:26.596+0000] {processor.py:839} INFO - DAG(s) dict_keys(['example_skip_dag']) retrieved from /home/airflow/.local/lib/python3.8/site-packages/airflow/example_dags/example_skip_dag.py
[2023-12-09T14:15:26.608+0000] {logging_mixin.py:154} INFO - [2023-12-09T14:15:26.608+0000] {dag.py:2941} INFO - Sync 1 DAGs
[2023-12-09T14:15:26.620+0000] {logging_mixin.py:154} INFO - [2023-12-09T14:15:26.619+0000] {dag.py:3722} INFO - Setting next_dagrun for example_skip_dag to 2023-12-08T14:15:26.619826+00:00, run_after=2023-12-09T14:15:26.619826+00:00
[2023-12-09T14:15:26.629+0000] {processor.py:179} INFO - Processing /home/airflow/.local/lib/python3.8/site-packages/airflow/example_dags/example_skip_dag.py took 0.041 seconds
[2023-12-09T14:15:57.707+0000] {processor.py:157} INFO - Started process (PID=3893) to work on /home/airflow/.local/lib/python3.8/site-packages/airflow/example_dags/example_skip_dag.py
[2023-12-09T14:15:57.708+0000] {processor.py:829} INFO - Processing file /home/airflow/.local/lib/python3.8/site-packages/airflow/example_dags/example_skip_dag.py for tasks to queue
[2023-12-09T14:15:57.709+0000] {logging_mixin.py:154} INFO - [2023-12-09T14:15:57.708+0000] {dagbag.py:536} INFO - Filling up the DagBag from /home/airflow/.local/lib/python3.8/site-packages/airflow/example_dags/example_skip_dag.py
[2023-12-09T14:15:57.714+0000] {processor.py:839} INFO - DAG(s) dict_keys(['example_skip_dag']) retrieved from /home/airflow/.local/lib/python3.8/site-packages/airflow/example_dags/example_skip_dag.py
[2023-12-09T14:15:57.730+0000] {logging_mixin.py:154} INFO - [2023-12-09T14:15:57.730+0000] {dag.py:2941} INFO - Sync 1 DAGs
[2023-12-09T14:15:57.743+0000] {logging_mixin.py:154} INFO - [2023-12-09T14:15:57.743+0000] {dag.py:3722} INFO - Setting next_dagrun for example_skip_dag to 2023-12-08T14:15:57.743650+00:00, run_after=2023-12-09T14:15:57.743650+00:00
[2023-12-09T14:15:57.755+0000] {processor.py:179} INFO - Processing /home/airflow/.local/lib/python3.8/site-packages/airflow/example_dags/example_skip_dag.py took 0.051 seconds
[2023-12-09T14:16:28.528+0000] {processor.py:157} INFO - Started process (PID=4129) to work on /home/airflow/.local/lib/python3.8/site-packages/airflow/example_dags/example_skip_dag.py
[2023-12-09T14:16:28.528+0000] {processor.py:829} INFO - Processing file /home/airflow/.local/lib/python3.8/site-packages/airflow/example_dags/example_skip_dag.py for tasks to queue
[2023-12-09T14:16:28.529+0000] {logging_mixin.py:154} INFO - [2023-12-09T14:16:28.529+0000] {dagbag.py:536} INFO - Filling up the DagBag from /home/airflow/.local/lib/python3.8/site-packages/airflow/example_dags/example_skip_dag.py
[2023-12-09T14:16:28.534+0000] {processor.py:839} INFO - DAG(s) dict_keys(['example_skip_dag']) retrieved from /home/airflow/.local/lib/python3.8/site-packages/airflow/example_dags/example_skip_dag.py
[2023-12-09T14:16:28.547+0000] {logging_mixin.py:154} INFO - [2023-12-09T14:16:28.547+0000] {dag.py:2941} INFO - Sync 1 DAGs
[2023-12-09T14:16:28.559+0000] {logging_mixin.py:154} INFO - [2023-12-09T14:16:28.559+0000] {dag.py:3722} INFO - Setting next_dagrun for example_skip_dag to 2023-12-08T14:16:28.559672+00:00, run_after=2023-12-09T14:16:28.559672+00:00
[2023-12-09T14:16:28.569+0000] {processor.py:179} INFO - Processing /home/airflow/.local/lib/python3.8/site-packages/airflow/example_dags/example_skip_dag.py took 0.043 seconds
[2023-12-09T14:16:59.250+0000] {processor.py:157} INFO - Started process (PID=4369) to work on /home/airflow/.local/lib/python3.8/site-packages/airflow/example_dags/example_skip_dag.py
[2023-12-09T14:16:59.251+0000] {processor.py:829} INFO - Processing file /home/airflow/.local/lib/python3.8/site-packages/airflow/example_dags/example_skip_dag.py for tasks to queue
[2023-12-09T14:16:59.252+0000] {logging_mixin.py:154} INFO - [2023-12-09T14:16:59.251+0000] {dagbag.py:536} INFO - Filling up the DagBag from /home/airflow/.local/lib/python3.8/site-packages/airflow/example_dags/example_skip_dag.py
[2023-12-09T14:16:59.257+0000] {processor.py:839} INFO - DAG(s) dict_keys(['example_skip_dag']) retrieved from /home/airflow/.local/lib/python3.8/site-packages/airflow/example_dags/example_skip_dag.py
[2023-12-09T14:16:59.269+0000] {logging_mixin.py:154} INFO - [2023-12-09T14:16:59.269+0000] {dag.py:2941} INFO - Sync 1 DAGs
[2023-12-09T14:16:59.281+0000] {logging_mixin.py:154} INFO - [2023-12-09T14:16:59.281+0000] {dag.py:3722} INFO - Setting next_dagrun for example_skip_dag to 2023-12-08T14:16:59.281398+00:00, run_after=2023-12-09T14:16:59.281398+00:00
[2023-12-09T14:16:59.290+0000] {processor.py:179} INFO - Processing /home/airflow/.local/lib/python3.8/site-packages/airflow/example_dags/example_skip_dag.py took 0.042 seconds
[2023-12-09T14:17:29.931+0000] {processor.py:157} INFO - Started process (PID=4607) to work on /home/airflow/.local/lib/python3.8/site-packages/airflow/example_dags/example_skip_dag.py
[2023-12-09T14:17:29.931+0000] {processor.py:829} INFO - Processing file /home/airflow/.local/lib/python3.8/site-packages/airflow/example_dags/example_skip_dag.py for tasks to queue
[2023-12-09T14:17:29.932+0000] {logging_mixin.py:154} INFO - [2023-12-09T14:17:29.932+0000] {dagbag.py:536} INFO - Filling up the DagBag from /home/airflow/.local/lib/python3.8/site-packages/airflow/example_dags/example_skip_dag.py
[2023-12-09T14:17:29.937+0000] {processor.py:839} INFO - DAG(s) dict_keys(['example_skip_dag']) retrieved from /home/airflow/.local/lib/python3.8/site-packages/airflow/example_dags/example_skip_dag.py
[2023-12-09T14:17:29.948+0000] {logging_mixin.py:154} INFO - [2023-12-09T14:17:29.948+0000] {dag.py:2941} INFO - Sync 1 DAGs
[2023-12-09T14:17:29.958+0000] {logging_mixin.py:154} INFO - [2023-12-09T14:17:29.958+0000] {dag.py:3722} INFO - Setting next_dagrun for example_skip_dag to 2023-12-08T14:17:29.958427+00:00, run_after=2023-12-09T14:17:29.958427+00:00
[2023-12-09T14:17:29.966+0000] {processor.py:179} INFO - Processing /home/airflow/.local/lib/python3.8/site-packages/airflow/example_dags/example_skip_dag.py took 0.037 seconds
[2023-12-09T14:18:00.759+0000] {processor.py:157} INFO - Started process (PID=4843) to work on /home/airflow/.local/lib/python3.8/site-packages/airflow/example_dags/example_skip_dag.py
[2023-12-09T14:18:00.760+0000] {processor.py:829} INFO - Processing file /home/airflow/.local/lib/python3.8/site-packages/airflow/example_dags/example_skip_dag.py for tasks to queue
[2023-12-09T14:18:00.760+0000] {logging_mixin.py:154} INFO - [2023-12-09T14:18:00.760+0000] {dagbag.py:536} INFO - Filling up the DagBag from /home/airflow/.local/lib/python3.8/site-packages/airflow/example_dags/example_skip_dag.py
[2023-12-09T14:18:00.765+0000] {processor.py:839} INFO - DAG(s) dict_keys(['example_skip_dag']) retrieved from /home/airflow/.local/lib/python3.8/site-packages/airflow/example_dags/example_skip_dag.py
[2023-12-09T14:18:00.777+0000] {logging_mixin.py:154} INFO - [2023-12-09T14:18:00.777+0000] {dag.py:2941} INFO - Sync 1 DAGs
[2023-12-09T14:18:00.790+0000] {logging_mixin.py:154} INFO - [2023-12-09T14:18:00.790+0000] {dag.py:3722} INFO - Setting next_dagrun for example_skip_dag to 2023-12-08T14:18:00.789905+00:00, run_after=2023-12-09T14:18:00.789905+00:00
[2023-12-09T14:18:00.800+0000] {processor.py:179} INFO - Processing /home/airflow/.local/lib/python3.8/site-packages/airflow/example_dags/example_skip_dag.py took 0.043 seconds
[2023-12-09T14:18:31.520+0000] {processor.py:157} INFO - Started process (PID=5081) to work on /home/airflow/.local/lib/python3.8/site-packages/airflow/example_dags/example_skip_dag.py
[2023-12-09T14:18:31.521+0000] {processor.py:829} INFO - Processing file /home/airflow/.local/lib/python3.8/site-packages/airflow/example_dags/example_skip_dag.py for tasks to queue
[2023-12-09T14:18:31.521+0000] {logging_mixin.py:154} INFO - [2023-12-09T14:18:31.521+0000] {dagbag.py:536} INFO - Filling up the DagBag from /home/airflow/.local/lib/python3.8/site-packages/airflow/example_dags/example_skip_dag.py
[2023-12-09T14:18:31.526+0000] {processor.py:839} INFO - DAG(s) dict_keys(['example_skip_dag']) retrieved from /home/airflow/.local/lib/python3.8/site-packages/airflow/example_dags/example_skip_dag.py
[2023-12-09T14:18:31.538+0000] {logging_mixin.py:154} INFO - [2023-12-09T14:18:31.538+0000] {dag.py:2941} INFO - Sync 1 DAGs
[2023-12-09T14:18:31.550+0000] {logging_mixin.py:154} INFO - [2023-12-09T14:18:31.550+0000] {dag.py:3722} INFO - Setting next_dagrun for example_skip_dag to 2023-12-08T14:18:31.550087+00:00, run_after=2023-12-09T14:18:31.550087+00:00
[2023-12-09T14:18:31.559+0000] {processor.py:179} INFO - Processing /home/airflow/.local/lib/python3.8/site-packages/airflow/example_dags/example_skip_dag.py took 0.041 seconds
[2023-12-09T14:19:02.200+0000] {processor.py:157} INFO - Started process (PID=5319) to work on /home/airflow/.local/lib/python3.8/site-packages/airflow/example_dags/example_skip_dag.py
[2023-12-09T14:19:02.200+0000] {processor.py:829} INFO - Processing file /home/airflow/.local/lib/python3.8/site-packages/airflow/example_dags/example_skip_dag.py for tasks to queue
[2023-12-09T14:19:02.201+0000] {logging_mixin.py:154} INFO - [2023-12-09T14:19:02.201+0000] {dagbag.py:536} INFO - Filling up the DagBag from /home/airflow/.local/lib/python3.8/site-packages/airflow/example_dags/example_skip_dag.py
[2023-12-09T14:19:02.205+0000] {processor.py:839} INFO - DAG(s) dict_keys(['example_skip_dag']) retrieved from /home/airflow/.local/lib/python3.8/site-packages/airflow/example_dags/example_skip_dag.py
[2023-12-09T14:19:02.218+0000] {logging_mixin.py:154} INFO - [2023-12-09T14:19:02.218+0000] {dag.py:2941} INFO - Sync 1 DAGs
[2023-12-09T14:19:02.229+0000] {logging_mixin.py:154} INFO - [2023-12-09T14:19:02.229+0000] {dag.py:3722} INFO - Setting next_dagrun for example_skip_dag to 2023-12-08T14:19:02.229521+00:00, run_after=2023-12-09T14:19:02.229521+00:00
[2023-12-09T14:19:02.238+0000] {processor.py:179} INFO - Processing /home/airflow/.local/lib/python3.8/site-packages/airflow/example_dags/example_skip_dag.py took 0.041 seconds
