[2023-12-09T14:08:17.239+0000] {processor.py:157} INFO - Started process (PID=171) to work on /home/airflow/.local/lib/python3.8/site-packages/airflow/example_dags/example_branch_operator_decorator.py
[2023-12-09T14:08:17.240+0000] {processor.py:829} INFO - Processing file /home/airflow/.local/lib/python3.8/site-packages/airflow/example_dags/example_branch_operator_decorator.py for tasks to queue
[2023-12-09T14:08:17.241+0000] {logging_mixin.py:154} INFO - [2023-12-09T14:08:17.241+0000] {dagbag.py:536} INFO - Filling up the DagBag from /home/airflow/.local/lib/python3.8/site-packages/airflow/example_dags/example_branch_operator_decorator.py
[2023-12-09T14:08:17.251+0000] {processor.py:839} INFO - DAG(s) dict_keys(['example_branch_python_operator_decorator']) retrieved from /home/airflow/.local/lib/python3.8/site-packages/airflow/example_dags/example_branch_operator_decorator.py
[2023-12-09T14:08:17.268+0000] {logging_mixin.py:154} INFO - [2023-12-09T14:08:17.268+0000] {dag.py:2941} INFO - Sync 1 DAGs
[2023-12-09T14:08:17.284+0000] {logging_mixin.py:154} INFO - [2023-12-09T14:08:17.284+0000] {dag.py:3722} INFO - Setting next_dagrun for example_branch_python_operator_decorator to 2023-12-08T00:00:00+00:00, run_after=2023-12-09T00:00:00+00:00
[2023-12-09T14:08:17.296+0000] {processor.py:179} INFO - Processing /home/airflow/.local/lib/python3.8/site-packages/airflow/example_dags/example_branch_operator_decorator.py took 0.060 seconds
[2023-12-09T14:08:47.711+0000] {processor.py:157} INFO - Started process (PID=409) to work on /home/airflow/.local/lib/python3.8/site-packages/airflow/example_dags/example_branch_operator_decorator.py
[2023-12-09T14:08:47.712+0000] {processor.py:829} INFO - Processing file /home/airflow/.local/lib/python3.8/site-packages/airflow/example_dags/example_branch_operator_decorator.py for tasks to queue
[2023-12-09T14:08:47.713+0000] {logging_mixin.py:154} INFO - [2023-12-09T14:08:47.713+0000] {dagbag.py:536} INFO - Filling up the DagBag from /home/airflow/.local/lib/python3.8/site-packages/airflow/example_dags/example_branch_operator_decorator.py
[2023-12-09T14:08:47.723+0000] {processor.py:839} INFO - DAG(s) dict_keys(['example_branch_python_operator_decorator']) retrieved from /home/airflow/.local/lib/python3.8/site-packages/airflow/example_dags/example_branch_operator_decorator.py
[2023-12-09T14:08:47.745+0000] {logging_mixin.py:154} INFO - [2023-12-09T14:08:47.745+0000] {dag.py:2941} INFO - Sync 1 DAGs
[2023-12-09T14:08:47.763+0000] {logging_mixin.py:154} INFO - [2023-12-09T14:08:47.763+0000] {dag.py:3722} INFO - Setting next_dagrun for example_branch_python_operator_decorator to 2023-12-08T00:00:00+00:00, run_after=2023-12-09T00:00:00+00:00
[2023-12-09T14:08:47.772+0000] {processor.py:179} INFO - Processing /home/airflow/.local/lib/python3.8/site-packages/airflow/example_dags/example_branch_operator_decorator.py took 0.067 seconds
[2023-12-09T14:09:18.477+0000] {processor.py:157} INFO - Started process (PID=647) to work on /home/airflow/.local/lib/python3.8/site-packages/airflow/example_dags/example_branch_operator_decorator.py
[2023-12-09T14:09:18.478+0000] {processor.py:829} INFO - Processing file /home/airflow/.local/lib/python3.8/site-packages/airflow/example_dags/example_branch_operator_decorator.py for tasks to queue
[2023-12-09T14:09:18.479+0000] {logging_mixin.py:154} INFO - [2023-12-09T14:09:18.479+0000] {dagbag.py:536} INFO - Filling up the DagBag from /home/airflow/.local/lib/python3.8/site-packages/airflow/example_dags/example_branch_operator_decorator.py
[2023-12-09T14:09:18.490+0000] {processor.py:839} INFO - DAG(s) dict_keys(['example_branch_python_operator_decorator']) retrieved from /home/airflow/.local/lib/python3.8/site-packages/airflow/example_dags/example_branch_operator_decorator.py
[2023-12-09T14:09:18.506+0000] {logging_mixin.py:154} INFO - [2023-12-09T14:09:18.506+0000] {dag.py:2941} INFO - Sync 1 DAGs
[2023-12-09T14:09:18.520+0000] {logging_mixin.py:154} INFO - [2023-12-09T14:09:18.520+0000] {dag.py:3722} INFO - Setting next_dagrun for example_branch_python_operator_decorator to 2023-12-08T00:00:00+00:00, run_after=2023-12-09T00:00:00+00:00
[2023-12-09T14:09:18.530+0000] {processor.py:179} INFO - Processing /home/airflow/.local/lib/python3.8/site-packages/airflow/example_dags/example_branch_operator_decorator.py took 0.067 seconds
[2023-12-09T14:09:48.607+0000] {processor.py:157} INFO - Started process (PID=885) to work on /home/airflow/.local/lib/python3.8/site-packages/airflow/example_dags/example_branch_operator_decorator.py
[2023-12-09T14:09:48.609+0000] {processor.py:829} INFO - Processing file /home/airflow/.local/lib/python3.8/site-packages/airflow/example_dags/example_branch_operator_decorator.py for tasks to queue
[2023-12-09T14:09:48.610+0000] {logging_mixin.py:154} INFO - [2023-12-09T14:09:48.609+0000] {dagbag.py:536} INFO - Filling up the DagBag from /home/airflow/.local/lib/python3.8/site-packages/airflow/example_dags/example_branch_operator_decorator.py
[2023-12-09T14:09:48.624+0000] {processor.py:839} INFO - DAG(s) dict_keys(['example_branch_python_operator_decorator']) retrieved from /home/airflow/.local/lib/python3.8/site-packages/airflow/example_dags/example_branch_operator_decorator.py
[2023-12-09T14:09:48.648+0000] {logging_mixin.py:154} INFO - [2023-12-09T14:09:48.648+0000] {dag.py:2941} INFO - Sync 1 DAGs
[2023-12-09T14:09:48.666+0000] {logging_mixin.py:154} INFO - [2023-12-09T14:09:48.666+0000] {dag.py:3722} INFO - Setting next_dagrun for example_branch_python_operator_decorator to 2023-12-08T00:00:00+00:00, run_after=2023-12-09T00:00:00+00:00
[2023-12-09T14:09:48.677+0000] {processor.py:179} INFO - Processing /home/airflow/.local/lib/python3.8/site-packages/airflow/example_dags/example_branch_operator_decorator.py took 0.074 seconds
[2023-12-09T14:10:18.754+0000] {processor.py:157} INFO - Started process (PID=1123) to work on /home/airflow/.local/lib/python3.8/site-packages/airflow/example_dags/example_branch_operator_decorator.py
[2023-12-09T14:10:18.755+0000] {processor.py:829} INFO - Processing file /home/airflow/.local/lib/python3.8/site-packages/airflow/example_dags/example_branch_operator_decorator.py for tasks to queue
[2023-12-09T14:10:18.756+0000] {logging_mixin.py:154} INFO - [2023-12-09T14:10:18.756+0000] {dagbag.py:536} INFO - Filling up the DagBag from /home/airflow/.local/lib/python3.8/site-packages/airflow/example_dags/example_branch_operator_decorator.py
[2023-12-09T14:10:18.768+0000] {processor.py:839} INFO - DAG(s) dict_keys(['example_branch_python_operator_decorator']) retrieved from /home/airflow/.local/lib/python3.8/site-packages/airflow/example_dags/example_branch_operator_decorator.py
[2023-12-09T14:10:18.787+0000] {logging_mixin.py:154} INFO - [2023-12-09T14:10:18.787+0000] {dag.py:2941} INFO - Sync 1 DAGs
[2023-12-09T14:10:18.802+0000] {logging_mixin.py:154} INFO - [2023-12-09T14:10:18.802+0000] {dag.py:3722} INFO - Setting next_dagrun for example_branch_python_operator_decorator to 2023-12-08T00:00:00+00:00, run_after=2023-12-09T00:00:00+00:00
[2023-12-09T14:10:18.817+0000] {processor.py:179} INFO - Processing /home/airflow/.local/lib/python3.8/site-packages/airflow/example_dags/example_branch_operator_decorator.py took 0.067 seconds
[2023-12-09T14:10:49.627+0000] {processor.py:157} INFO - Started process (PID=1361) to work on /home/airflow/.local/lib/python3.8/site-packages/airflow/example_dags/example_branch_operator_decorator.py
[2023-12-09T14:10:49.628+0000] {processor.py:829} INFO - Processing file /home/airflow/.local/lib/python3.8/site-packages/airflow/example_dags/example_branch_operator_decorator.py for tasks to queue
[2023-12-09T14:10:49.630+0000] {logging_mixin.py:154} INFO - [2023-12-09T14:10:49.629+0000] {dagbag.py:536} INFO - Filling up the DagBag from /home/airflow/.local/lib/python3.8/site-packages/airflow/example_dags/example_branch_operator_decorator.py
[2023-12-09T14:10:49.641+0000] {processor.py:839} INFO - DAG(s) dict_keys(['example_branch_python_operator_decorator']) retrieved from /home/airflow/.local/lib/python3.8/site-packages/airflow/example_dags/example_branch_operator_decorator.py
[2023-12-09T14:10:49.661+0000] {logging_mixin.py:154} INFO - [2023-12-09T14:10:49.661+0000] {dag.py:2941} INFO - Sync 1 DAGs
[2023-12-09T14:10:49.676+0000] {logging_mixin.py:154} INFO - [2023-12-09T14:10:49.675+0000] {dag.py:3722} INFO - Setting next_dagrun for example_branch_python_operator_decorator to 2023-12-08T00:00:00+00:00, run_after=2023-12-09T00:00:00+00:00
[2023-12-09T14:10:49.686+0000] {processor.py:179} INFO - Processing /home/airflow/.local/lib/python3.8/site-packages/airflow/example_dags/example_branch_operator_decorator.py took 0.064 seconds
[2023-12-09T14:11:20.471+0000] {processor.py:157} INFO - Started process (PID=1599) to work on /home/airflow/.local/lib/python3.8/site-packages/airflow/example_dags/example_branch_operator_decorator.py
[2023-12-09T14:11:20.472+0000] {processor.py:829} INFO - Processing file /home/airflow/.local/lib/python3.8/site-packages/airflow/example_dags/example_branch_operator_decorator.py for tasks to queue
[2023-12-09T14:11:20.473+0000] {logging_mixin.py:154} INFO - [2023-12-09T14:11:20.473+0000] {dagbag.py:536} INFO - Filling up the DagBag from /home/airflow/.local/lib/python3.8/site-packages/airflow/example_dags/example_branch_operator_decorator.py
[2023-12-09T14:11:20.481+0000] {processor.py:839} INFO - DAG(s) dict_keys(['example_branch_python_operator_decorator']) retrieved from /home/airflow/.local/lib/python3.8/site-packages/airflow/example_dags/example_branch_operator_decorator.py
[2023-12-09T14:11:20.496+0000] {logging_mixin.py:154} INFO - [2023-12-09T14:11:20.496+0000] {dag.py:2941} INFO - Sync 1 DAGs
[2023-12-09T14:11:20.508+0000] {logging_mixin.py:154} INFO - [2023-12-09T14:11:20.508+0000] {dag.py:3722} INFO - Setting next_dagrun for example_branch_python_operator_decorator to 2023-12-08T00:00:00+00:00, run_after=2023-12-09T00:00:00+00:00
[2023-12-09T14:11:20.517+0000] {processor.py:179} INFO - Processing /home/airflow/.local/lib/python3.8/site-packages/airflow/example_dags/example_branch_operator_decorator.py took 0.049 seconds
[2023-12-09T14:11:50.583+0000] {processor.py:157} INFO - Started process (PID=1839) to work on /home/airflow/.local/lib/python3.8/site-packages/airflow/example_dags/example_branch_operator_decorator.py
[2023-12-09T14:11:50.584+0000] {processor.py:829} INFO - Processing file /home/airflow/.local/lib/python3.8/site-packages/airflow/example_dags/example_branch_operator_decorator.py for tasks to queue
[2023-12-09T14:11:50.584+0000] {logging_mixin.py:154} INFO - [2023-12-09T14:11:50.584+0000] {dagbag.py:536} INFO - Filling up the DagBag from /home/airflow/.local/lib/python3.8/site-packages/airflow/example_dags/example_branch_operator_decorator.py
[2023-12-09T14:11:50.591+0000] {processor.py:839} INFO - DAG(s) dict_keys(['example_branch_python_operator_decorator']) retrieved from /home/airflow/.local/lib/python3.8/site-packages/airflow/example_dags/example_branch_operator_decorator.py
[2023-12-09T14:11:50.606+0000] {logging_mixin.py:154} INFO - [2023-12-09T14:11:50.606+0000] {dag.py:2941} INFO - Sync 1 DAGs
[2023-12-09T14:11:50.618+0000] {logging_mixin.py:154} INFO - [2023-12-09T14:11:50.618+0000] {dag.py:3722} INFO - Setting next_dagrun for example_branch_python_operator_decorator to 2023-12-08T00:00:00+00:00, run_after=2023-12-09T00:00:00+00:00
[2023-12-09T14:11:50.627+0000] {processor.py:179} INFO - Processing /home/airflow/.local/lib/python3.8/site-packages/airflow/example_dags/example_branch_operator_decorator.py took 0.047 seconds
[2023-12-09T14:12:20.705+0000] {processor.py:157} INFO - Started process (PID=2075) to work on /home/airflow/.local/lib/python3.8/site-packages/airflow/example_dags/example_branch_operator_decorator.py
[2023-12-09T14:12:20.705+0000] {processor.py:829} INFO - Processing file /home/airflow/.local/lib/python3.8/site-packages/airflow/example_dags/example_branch_operator_decorator.py for tasks to queue
[2023-12-09T14:12:20.706+0000] {logging_mixin.py:154} INFO - [2023-12-09T14:12:20.706+0000] {dagbag.py:536} INFO - Filling up the DagBag from /home/airflow/.local/lib/python3.8/site-packages/airflow/example_dags/example_branch_operator_decorator.py
[2023-12-09T14:12:20.713+0000] {processor.py:839} INFO - DAG(s) dict_keys(['example_branch_python_operator_decorator']) retrieved from /home/airflow/.local/lib/python3.8/site-packages/airflow/example_dags/example_branch_operator_decorator.py
[2023-12-09T14:12:20.729+0000] {logging_mixin.py:154} INFO - [2023-12-09T14:12:20.729+0000] {dag.py:2941} INFO - Sync 1 DAGs
[2023-12-09T14:12:20.753+0000] {logging_mixin.py:154} INFO - [2023-12-09T14:12:20.753+0000] {dag.py:3722} INFO - Setting next_dagrun for example_branch_python_operator_decorator to 2023-12-08T00:00:00+00:00, run_after=2023-12-09T00:00:00+00:00
[2023-12-09T14:12:20.769+0000] {processor.py:179} INFO - Processing /home/airflow/.local/lib/python3.8/site-packages/airflow/example_dags/example_branch_operator_decorator.py took 0.067 seconds
[2023-12-09T14:12:51.422+0000] {processor.py:157} INFO - Started process (PID=2313) to work on /home/airflow/.local/lib/python3.8/site-packages/airflow/example_dags/example_branch_operator_decorator.py
[2023-12-09T14:12:51.423+0000] {processor.py:829} INFO - Processing file /home/airflow/.local/lib/python3.8/site-packages/airflow/example_dags/example_branch_operator_decorator.py for tasks to queue
[2023-12-09T14:12:51.424+0000] {logging_mixin.py:154} INFO - [2023-12-09T14:12:51.424+0000] {dagbag.py:536} INFO - Filling up the DagBag from /home/airflow/.local/lib/python3.8/site-packages/airflow/example_dags/example_branch_operator_decorator.py
[2023-12-09T14:12:51.434+0000] {processor.py:839} INFO - DAG(s) dict_keys(['example_branch_python_operator_decorator']) retrieved from /home/airflow/.local/lib/python3.8/site-packages/airflow/example_dags/example_branch_operator_decorator.py
[2023-12-09T14:12:51.454+0000] {logging_mixin.py:154} INFO - [2023-12-09T14:12:51.454+0000] {dag.py:2941} INFO - Sync 1 DAGs
[2023-12-09T14:12:51.470+0000] {logging_mixin.py:154} INFO - [2023-12-09T14:12:51.470+0000] {dag.py:3722} INFO - Setting next_dagrun for example_branch_python_operator_decorator to 2023-12-08T00:00:00+00:00, run_after=2023-12-09T00:00:00+00:00
[2023-12-09T14:12:51.480+0000] {processor.py:179} INFO - Processing /home/airflow/.local/lib/python3.8/site-packages/airflow/example_dags/example_branch_operator_decorator.py took 0.061 seconds
[2023-12-09T14:13:21.565+0000] {processor.py:157} INFO - Started process (PID=2551) to work on /home/airflow/.local/lib/python3.8/site-packages/airflow/example_dags/example_branch_operator_decorator.py
[2023-12-09T14:13:21.566+0000] {processor.py:829} INFO - Processing file /home/airflow/.local/lib/python3.8/site-packages/airflow/example_dags/example_branch_operator_decorator.py for tasks to queue
[2023-12-09T14:13:21.567+0000] {logging_mixin.py:154} INFO - [2023-12-09T14:13:21.567+0000] {dagbag.py:536} INFO - Filling up the DagBag from /home/airflow/.local/lib/python3.8/site-packages/airflow/example_dags/example_branch_operator_decorator.py
[2023-12-09T14:13:21.579+0000] {processor.py:839} INFO - DAG(s) dict_keys(['example_branch_python_operator_decorator']) retrieved from /home/airflow/.local/lib/python3.8/site-packages/airflow/example_dags/example_branch_operator_decorator.py
[2023-12-09T14:13:21.597+0000] {logging_mixin.py:154} INFO - [2023-12-09T14:13:21.597+0000] {dag.py:2941} INFO - Sync 1 DAGs
[2023-12-09T14:13:21.610+0000] {logging_mixin.py:154} INFO - [2023-12-09T14:13:21.609+0000] {dag.py:3722} INFO - Setting next_dagrun for example_branch_python_operator_decorator to 2023-12-08T00:00:00+00:00, run_after=2023-12-09T00:00:00+00:00
[2023-12-09T14:13:21.619+0000] {processor.py:179} INFO - Processing /home/airflow/.local/lib/python3.8/site-packages/airflow/example_dags/example_branch_operator_decorator.py took 0.059 seconds
[2023-12-09T14:13:52.380+0000] {processor.py:157} INFO - Started process (PID=2789) to work on /home/airflow/.local/lib/python3.8/site-packages/airflow/example_dags/example_branch_operator_decorator.py
[2023-12-09T14:13:52.382+0000] {processor.py:829} INFO - Processing file /home/airflow/.local/lib/python3.8/site-packages/airflow/example_dags/example_branch_operator_decorator.py for tasks to queue
[2023-12-09T14:13:52.384+0000] {logging_mixin.py:154} INFO - [2023-12-09T14:13:52.383+0000] {dagbag.py:536} INFO - Filling up the DagBag from /home/airflow/.local/lib/python3.8/site-packages/airflow/example_dags/example_branch_operator_decorator.py
[2023-12-09T14:13:52.398+0000] {processor.py:839} INFO - DAG(s) dict_keys(['example_branch_python_operator_decorator']) retrieved from /home/airflow/.local/lib/python3.8/site-packages/airflow/example_dags/example_branch_operator_decorator.py
[2023-12-09T14:13:52.419+0000] {logging_mixin.py:154} INFO - [2023-12-09T14:13:52.419+0000] {dag.py:2941} INFO - Sync 1 DAGs
[2023-12-09T14:13:52.434+0000] {logging_mixin.py:154} INFO - [2023-12-09T14:13:52.434+0000] {dag.py:3722} INFO - Setting next_dagrun for example_branch_python_operator_decorator to 2023-12-08T00:00:00+00:00, run_after=2023-12-09T00:00:00+00:00
[2023-12-09T14:13:52.445+0000] {processor.py:179} INFO - Processing /home/airflow/.local/lib/python3.8/site-packages/airflow/example_dags/example_branch_operator_decorator.py took 0.069 seconds
[2023-12-09T14:14:23.124+0000] {processor.py:157} INFO - Started process (PID=3027) to work on /home/airflow/.local/lib/python3.8/site-packages/airflow/example_dags/example_branch_operator_decorator.py
[2023-12-09T14:14:23.126+0000] {processor.py:829} INFO - Processing file /home/airflow/.local/lib/python3.8/site-packages/airflow/example_dags/example_branch_operator_decorator.py for tasks to queue
[2023-12-09T14:14:23.127+0000] {logging_mixin.py:154} INFO - [2023-12-09T14:14:23.126+0000] {dagbag.py:536} INFO - Filling up the DagBag from /home/airflow/.local/lib/python3.8/site-packages/airflow/example_dags/example_branch_operator_decorator.py
[2023-12-09T14:14:23.138+0000] {processor.py:839} INFO - DAG(s) dict_keys(['example_branch_python_operator_decorator']) retrieved from /home/airflow/.local/lib/python3.8/site-packages/airflow/example_dags/example_branch_operator_decorator.py
[2023-12-09T14:14:23.157+0000] {logging_mixin.py:154} INFO - [2023-12-09T14:14:23.156+0000] {dag.py:2941} INFO - Sync 1 DAGs
[2023-12-09T14:14:23.170+0000] {logging_mixin.py:154} INFO - [2023-12-09T14:14:23.170+0000] {dag.py:3722} INFO - Setting next_dagrun for example_branch_python_operator_decorator to 2023-12-08T00:00:00+00:00, run_after=2023-12-09T00:00:00+00:00
[2023-12-09T14:14:23.178+0000] {processor.py:179} INFO - Processing /home/airflow/.local/lib/python3.8/site-packages/airflow/example_dags/example_branch_operator_decorator.py took 0.059 seconds
[2023-12-09T14:14:53.906+0000] {processor.py:157} INFO - Started process (PID=3265) to work on /home/airflow/.local/lib/python3.8/site-packages/airflow/example_dags/example_branch_operator_decorator.py
[2023-12-09T14:14:53.907+0000] {processor.py:829} INFO - Processing file /home/airflow/.local/lib/python3.8/site-packages/airflow/example_dags/example_branch_operator_decorator.py for tasks to queue
[2023-12-09T14:14:53.908+0000] {logging_mixin.py:154} INFO - [2023-12-09T14:14:53.908+0000] {dagbag.py:536} INFO - Filling up the DagBag from /home/airflow/.local/lib/python3.8/site-packages/airflow/example_dags/example_branch_operator_decorator.py
[2023-12-09T14:14:53.920+0000] {processor.py:839} INFO - DAG(s) dict_keys(['example_branch_python_operator_decorator']) retrieved from /home/airflow/.local/lib/python3.8/site-packages/airflow/example_dags/example_branch_operator_decorator.py
[2023-12-09T14:14:53.940+0000] {logging_mixin.py:154} INFO - [2023-12-09T14:14:53.940+0000] {dag.py:2941} INFO - Sync 1 DAGs
[2023-12-09T14:14:53.954+0000] {logging_mixin.py:154} INFO - [2023-12-09T14:14:53.954+0000] {dag.py:3722} INFO - Setting next_dagrun for example_branch_python_operator_decorator to 2023-12-08T00:00:00+00:00, run_after=2023-12-09T00:00:00+00:00
[2023-12-09T14:14:53.963+0000] {processor.py:179} INFO - Processing /home/airflow/.local/lib/python3.8/site-packages/airflow/example_dags/example_branch_operator_decorator.py took 0.062 seconds
[2023-12-09T14:15:24.634+0000] {processor.py:157} INFO - Started process (PID=3503) to work on /home/airflow/.local/lib/python3.8/site-packages/airflow/example_dags/example_branch_operator_decorator.py
[2023-12-09T14:15:24.635+0000] {processor.py:829} INFO - Processing file /home/airflow/.local/lib/python3.8/site-packages/airflow/example_dags/example_branch_operator_decorator.py for tasks to queue
[2023-12-09T14:15:24.636+0000] {logging_mixin.py:154} INFO - [2023-12-09T14:15:24.636+0000] {dagbag.py:536} INFO - Filling up the DagBag from /home/airflow/.local/lib/python3.8/site-packages/airflow/example_dags/example_branch_operator_decorator.py
[2023-12-09T14:15:24.647+0000] {processor.py:839} INFO - DAG(s) dict_keys(['example_branch_python_operator_decorator']) retrieved from /home/airflow/.local/lib/python3.8/site-packages/airflow/example_dags/example_branch_operator_decorator.py
[2023-12-09T14:15:24.665+0000] {logging_mixin.py:154} INFO - [2023-12-09T14:15:24.665+0000] {dag.py:2941} INFO - Sync 1 DAGs
[2023-12-09T14:15:24.679+0000] {logging_mixin.py:154} INFO - [2023-12-09T14:15:24.679+0000] {dag.py:3722} INFO - Setting next_dagrun for example_branch_python_operator_decorator to 2023-12-08T00:00:00+00:00, run_after=2023-12-09T00:00:00+00:00
[2023-12-09T14:15:24.688+0000] {processor.py:179} INFO - Processing /home/airflow/.local/lib/python3.8/site-packages/airflow/example_dags/example_branch_operator_decorator.py took 0.059 seconds
[2023-12-09T14:15:55.285+0000] {processor.py:157} INFO - Started process (PID=3741) to work on /home/airflow/.local/lib/python3.8/site-packages/airflow/example_dags/example_branch_operator_decorator.py
[2023-12-09T14:15:55.286+0000] {processor.py:829} INFO - Processing file /home/airflow/.local/lib/python3.8/site-packages/airflow/example_dags/example_branch_operator_decorator.py for tasks to queue
[2023-12-09T14:15:55.287+0000] {logging_mixin.py:154} INFO - [2023-12-09T14:15:55.287+0000] {dagbag.py:536} INFO - Filling up the DagBag from /home/airflow/.local/lib/python3.8/site-packages/airflow/example_dags/example_branch_operator_decorator.py
[2023-12-09T14:15:55.299+0000] {processor.py:839} INFO - DAG(s) dict_keys(['example_branch_python_operator_decorator']) retrieved from /home/airflow/.local/lib/python3.8/site-packages/airflow/example_dags/example_branch_operator_decorator.py
[2023-12-09T14:15:55.330+0000] {logging_mixin.py:154} INFO - [2023-12-09T14:15:55.330+0000] {dag.py:2941} INFO - Sync 1 DAGs
[2023-12-09T14:15:55.347+0000] {logging_mixin.py:154} INFO - [2023-12-09T14:15:55.347+0000] {dag.py:3722} INFO - Setting next_dagrun for example_branch_python_operator_decorator to 2023-12-08T00:00:00+00:00, run_after=2023-12-09T00:00:00+00:00
[2023-12-09T14:15:55.361+0000] {processor.py:179} INFO - Processing /home/airflow/.local/lib/python3.8/site-packages/airflow/example_dags/example_branch_operator_decorator.py took 0.080 seconds
[2023-12-09T14:16:25.502+0000] {processor.py:157} INFO - Started process (PID=3979) to work on /home/airflow/.local/lib/python3.8/site-packages/airflow/example_dags/example_branch_operator_decorator.py
[2023-12-09T14:16:25.502+0000] {processor.py:829} INFO - Processing file /home/airflow/.local/lib/python3.8/site-packages/airflow/example_dags/example_branch_operator_decorator.py for tasks to queue
[2023-12-09T14:16:25.503+0000] {logging_mixin.py:154} INFO - [2023-12-09T14:16:25.503+0000] {dagbag.py:536} INFO - Filling up the DagBag from /home/airflow/.local/lib/python3.8/site-packages/airflow/example_dags/example_branch_operator_decorator.py
[2023-12-09T14:16:25.511+0000] {processor.py:839} INFO - DAG(s) dict_keys(['example_branch_python_operator_decorator']) retrieved from /home/airflow/.local/lib/python3.8/site-packages/airflow/example_dags/example_branch_operator_decorator.py
[2023-12-09T14:16:25.526+0000] {logging_mixin.py:154} INFO - [2023-12-09T14:16:25.526+0000] {dag.py:2941} INFO - Sync 1 DAGs
[2023-12-09T14:16:25.537+0000] {logging_mixin.py:154} INFO - [2023-12-09T14:16:25.537+0000] {dag.py:3722} INFO - Setting next_dagrun for example_branch_python_operator_decorator to 2023-12-08T00:00:00+00:00, run_after=2023-12-09T00:00:00+00:00
[2023-12-09T14:16:25.547+0000] {processor.py:179} INFO - Processing /home/airflow/.local/lib/python3.8/site-packages/airflow/example_dags/example_branch_operator_decorator.py took 0.048 seconds
[2023-12-09T14:16:56.198+0000] {processor.py:157} INFO - Started process (PID=4217) to work on /home/airflow/.local/lib/python3.8/site-packages/airflow/example_dags/example_branch_operator_decorator.py
[2023-12-09T14:16:56.199+0000] {processor.py:829} INFO - Processing file /home/airflow/.local/lib/python3.8/site-packages/airflow/example_dags/example_branch_operator_decorator.py for tasks to queue
[2023-12-09T14:16:56.200+0000] {logging_mixin.py:154} INFO - [2023-12-09T14:16:56.200+0000] {dagbag.py:536} INFO - Filling up the DagBag from /home/airflow/.local/lib/python3.8/site-packages/airflow/example_dags/example_branch_operator_decorator.py
[2023-12-09T14:16:56.212+0000] {processor.py:839} INFO - DAG(s) dict_keys(['example_branch_python_operator_decorator']) retrieved from /home/airflow/.local/lib/python3.8/site-packages/airflow/example_dags/example_branch_operator_decorator.py
[2023-12-09T14:16:56.231+0000] {logging_mixin.py:154} INFO - [2023-12-09T14:16:56.231+0000] {dag.py:2941} INFO - Sync 1 DAGs
[2023-12-09T14:16:56.244+0000] {logging_mixin.py:154} INFO - [2023-12-09T14:16:56.244+0000] {dag.py:3722} INFO - Setting next_dagrun for example_branch_python_operator_decorator to 2023-12-08T00:00:00+00:00, run_after=2023-12-09T00:00:00+00:00
[2023-12-09T14:16:56.254+0000] {processor.py:179} INFO - Processing /home/airflow/.local/lib/python3.8/site-packages/airflow/example_dags/example_branch_operator_decorator.py took 0.061 seconds
[2023-12-09T14:17:26.873+0000] {processor.py:157} INFO - Started process (PID=4455) to work on /home/airflow/.local/lib/python3.8/site-packages/airflow/example_dags/example_branch_operator_decorator.py
[2023-12-09T14:17:26.874+0000] {processor.py:829} INFO - Processing file /home/airflow/.local/lib/python3.8/site-packages/airflow/example_dags/example_branch_operator_decorator.py for tasks to queue
[2023-12-09T14:17:26.875+0000] {logging_mixin.py:154} INFO - [2023-12-09T14:17:26.875+0000] {dagbag.py:536} INFO - Filling up the DagBag from /home/airflow/.local/lib/python3.8/site-packages/airflow/example_dags/example_branch_operator_decorator.py
[2023-12-09T14:17:26.883+0000] {processor.py:839} INFO - DAG(s) dict_keys(['example_branch_python_operator_decorator']) retrieved from /home/airflow/.local/lib/python3.8/site-packages/airflow/example_dags/example_branch_operator_decorator.py
[2023-12-09T14:17:26.900+0000] {logging_mixin.py:154} INFO - [2023-12-09T14:17:26.900+0000] {dag.py:2941} INFO - Sync 1 DAGs
[2023-12-09T14:17:26.913+0000] {logging_mixin.py:154} INFO - [2023-12-09T14:17:26.913+0000] {dag.py:3722} INFO - Setting next_dagrun for example_branch_python_operator_decorator to 2023-12-08T00:00:00+00:00, run_after=2023-12-09T00:00:00+00:00
[2023-12-09T14:17:26.922+0000] {processor.py:179} INFO - Processing /home/airflow/.local/lib/python3.8/site-packages/airflow/example_dags/example_branch_operator_decorator.py took 0.053 seconds
[2023-12-09T14:17:57.637+0000] {processor.py:157} INFO - Started process (PID=4693) to work on /home/airflow/.local/lib/python3.8/site-packages/airflow/example_dags/example_branch_operator_decorator.py
[2023-12-09T14:17:57.638+0000] {processor.py:829} INFO - Processing file /home/airflow/.local/lib/python3.8/site-packages/airflow/example_dags/example_branch_operator_decorator.py for tasks to queue
[2023-12-09T14:17:57.640+0000] {logging_mixin.py:154} INFO - [2023-12-09T14:17:57.639+0000] {dagbag.py:536} INFO - Filling up the DagBag from /home/airflow/.local/lib/python3.8/site-packages/airflow/example_dags/example_branch_operator_decorator.py
[2023-12-09T14:17:57.652+0000] {processor.py:839} INFO - DAG(s) dict_keys(['example_branch_python_operator_decorator']) retrieved from /home/airflow/.local/lib/python3.8/site-packages/airflow/example_dags/example_branch_operator_decorator.py
[2023-12-09T14:17:57.672+0000] {logging_mixin.py:154} INFO - [2023-12-09T14:17:57.672+0000] {dag.py:2941} INFO - Sync 1 DAGs
[2023-12-09T14:17:57.687+0000] {logging_mixin.py:154} INFO - [2023-12-09T14:17:57.687+0000] {dag.py:3722} INFO - Setting next_dagrun for example_branch_python_operator_decorator to 2023-12-08T00:00:00+00:00, run_after=2023-12-09T00:00:00+00:00
[2023-12-09T14:17:57.696+0000] {processor.py:179} INFO - Processing /home/airflow/.local/lib/python3.8/site-packages/airflow/example_dags/example_branch_operator_decorator.py took 0.066 seconds
[2023-12-09T14:18:28.485+0000] {processor.py:157} INFO - Started process (PID=4931) to work on /home/airflow/.local/lib/python3.8/site-packages/airflow/example_dags/example_branch_operator_decorator.py
[2023-12-09T14:18:28.486+0000] {processor.py:829} INFO - Processing file /home/airflow/.local/lib/python3.8/site-packages/airflow/example_dags/example_branch_operator_decorator.py for tasks to queue
[2023-12-09T14:18:28.487+0000] {logging_mixin.py:154} INFO - [2023-12-09T14:18:28.487+0000] {dagbag.py:536} INFO - Filling up the DagBag from /home/airflow/.local/lib/python3.8/site-packages/airflow/example_dags/example_branch_operator_decorator.py
[2023-12-09T14:18:28.499+0000] {processor.py:839} INFO - DAG(s) dict_keys(['example_branch_python_operator_decorator']) retrieved from /home/airflow/.local/lib/python3.8/site-packages/airflow/example_dags/example_branch_operator_decorator.py
[2023-12-09T14:18:28.518+0000] {logging_mixin.py:154} INFO - [2023-12-09T14:18:28.518+0000] {dag.py:2941} INFO - Sync 1 DAGs
[2023-12-09T14:18:28.531+0000] {logging_mixin.py:154} INFO - [2023-12-09T14:18:28.531+0000] {dag.py:3722} INFO - Setting next_dagrun for example_branch_python_operator_decorator to 2023-12-08T00:00:00+00:00, run_after=2023-12-09T00:00:00+00:00
[2023-12-09T14:18:28.540+0000] {processor.py:179} INFO - Processing /home/airflow/.local/lib/python3.8/site-packages/airflow/example_dags/example_branch_operator_decorator.py took 0.060 seconds
[2023-12-09T14:18:59.171+0000] {processor.py:157} INFO - Started process (PID=5169) to work on /home/airflow/.local/lib/python3.8/site-packages/airflow/example_dags/example_branch_operator_decorator.py
[2023-12-09T14:18:59.172+0000] {processor.py:829} INFO - Processing file /home/airflow/.local/lib/python3.8/site-packages/airflow/example_dags/example_branch_operator_decorator.py for tasks to queue
[2023-12-09T14:18:59.173+0000] {logging_mixin.py:154} INFO - [2023-12-09T14:18:59.172+0000] {dagbag.py:536} INFO - Filling up the DagBag from /home/airflow/.local/lib/python3.8/site-packages/airflow/example_dags/example_branch_operator_decorator.py
[2023-12-09T14:18:59.183+0000] {processor.py:839} INFO - DAG(s) dict_keys(['example_branch_python_operator_decorator']) retrieved from /home/airflow/.local/lib/python3.8/site-packages/airflow/example_dags/example_branch_operator_decorator.py
[2023-12-09T14:18:59.200+0000] {logging_mixin.py:154} INFO - [2023-12-09T14:18:59.200+0000] {dag.py:2941} INFO - Sync 1 DAGs
[2023-12-09T14:18:59.213+0000] {logging_mixin.py:154} INFO - [2023-12-09T14:18:59.213+0000] {dag.py:3722} INFO - Setting next_dagrun for example_branch_python_operator_decorator to 2023-12-08T00:00:00+00:00, run_after=2023-12-09T00:00:00+00:00
[2023-12-09T14:18:59.223+0000] {processor.py:179} INFO - Processing /home/airflow/.local/lib/python3.8/site-packages/airflow/example_dags/example_branch_operator_decorator.py took 0.056 seconds
