[2023-12-09T14:08:18.415+0000] {processor.py:157} INFO - Started process (PID=331) to work on /home/airflow/.local/lib/python3.8/site-packages/airflow/example_dags/example_complex.py
[2023-12-09T14:08:18.416+0000] {processor.py:829} INFO - Processing file /home/airflow/.local/lib/python3.8/site-packages/airflow/example_dags/example_complex.py for tasks to queue
[2023-12-09T14:08:18.417+0000] {logging_mixin.py:154} INFO - [2023-12-09T14:08:18.417+0000] {dagbag.py:536} INFO - Filling up the DagBag from /home/airflow/.local/lib/python3.8/site-packages/airflow/example_dags/example_complex.py
[2023-12-09T14:08:18.426+0000] {processor.py:839} INFO - DAG(s) dict_keys(['example_complex']) retrieved from /home/airflow/.local/lib/python3.8/site-packages/airflow/example_dags/example_complex.py
[2023-12-09T14:08:18.436+0000] {logging_mixin.py:154} INFO - [2023-12-09T14:08:18.436+0000] {dag.py:2941} INFO - Sync 1 DAGs
[2023-12-09T14:08:18.447+0000] {logging_mixin.py:154} INFO - [2023-12-09T14:08:18.447+0000] {dag.py:3722} INFO - Setting next_dagrun for example_complex to None, run_after=None
[2023-12-09T14:08:18.457+0000] {processor.py:179} INFO - Processing /home/airflow/.local/lib/python3.8/site-packages/airflow/example_dags/example_complex.py took 0.044 seconds
[2023-12-09T14:08:48.789+0000] {processor.py:157} INFO - Started process (PID=569) to work on /home/airflow/.local/lib/python3.8/site-packages/airflow/example_dags/example_complex.py
[2023-12-09T14:08:48.789+0000] {processor.py:829} INFO - Processing file /home/airflow/.local/lib/python3.8/site-packages/airflow/example_dags/example_complex.py for tasks to queue
[2023-12-09T14:08:48.790+0000] {logging_mixin.py:154} INFO - [2023-12-09T14:08:48.790+0000] {dagbag.py:536} INFO - Filling up the DagBag from /home/airflow/.local/lib/python3.8/site-packages/airflow/example_dags/example_complex.py
[2023-12-09T14:08:48.797+0000] {processor.py:839} INFO - DAG(s) dict_keys(['example_complex']) retrieved from /home/airflow/.local/lib/python3.8/site-packages/airflow/example_dags/example_complex.py
[2023-12-09T14:08:48.814+0000] {logging_mixin.py:154} INFO - [2023-12-09T14:08:48.814+0000] {dag.py:2941} INFO - Sync 1 DAGs
[2023-12-09T14:08:48.820+0000] {logging_mixin.py:154} INFO - [2023-12-09T14:08:48.820+0000] {dag.py:3722} INFO - Setting next_dagrun for example_complex to None, run_after=None
[2023-12-09T14:08:48.829+0000] {processor.py:179} INFO - Processing /home/airflow/.local/lib/python3.8/site-packages/airflow/example_dags/example_complex.py took 0.042 seconds
[2023-12-09T14:09:19.683+0000] {processor.py:157} INFO - Started process (PID=807) to work on /home/airflow/.local/lib/python3.8/site-packages/airflow/example_dags/example_complex.py
[2023-12-09T14:09:19.684+0000] {processor.py:829} INFO - Processing file /home/airflow/.local/lib/python3.8/site-packages/airflow/example_dags/example_complex.py for tasks to queue
[2023-12-09T14:09:19.684+0000] {logging_mixin.py:154} INFO - [2023-12-09T14:09:19.684+0000] {dagbag.py:536} INFO - Filling up the DagBag from /home/airflow/.local/lib/python3.8/site-packages/airflow/example_dags/example_complex.py
[2023-12-09T14:09:19.691+0000] {processor.py:839} INFO - DAG(s) dict_keys(['example_complex']) retrieved from /home/airflow/.local/lib/python3.8/site-packages/airflow/example_dags/example_complex.py
[2023-12-09T14:09:19.711+0000] {logging_mixin.py:154} INFO - [2023-12-09T14:09:19.711+0000] {dag.py:2941} INFO - Sync 1 DAGs
[2023-12-09T14:09:19.721+0000] {logging_mixin.py:154} INFO - [2023-12-09T14:09:19.720+0000] {dag.py:3722} INFO - Setting next_dagrun for example_complex to None, run_after=None
[2023-12-09T14:09:19.737+0000] {processor.py:179} INFO - Processing /home/airflow/.local/lib/python3.8/site-packages/airflow/example_dags/example_complex.py took 0.056 seconds
[2023-12-09T14:09:49.809+0000] {processor.py:157} INFO - Started process (PID=1045) to work on /home/airflow/.local/lib/python3.8/site-packages/airflow/example_dags/example_complex.py
[2023-12-09T14:09:49.810+0000] {processor.py:829} INFO - Processing file /home/airflow/.local/lib/python3.8/site-packages/airflow/example_dags/example_complex.py for tasks to queue
[2023-12-09T14:09:49.811+0000] {logging_mixin.py:154} INFO - [2023-12-09T14:09:49.811+0000] {dagbag.py:536} INFO - Filling up the DagBag from /home/airflow/.local/lib/python3.8/site-packages/airflow/example_dags/example_complex.py
[2023-12-09T14:09:49.818+0000] {processor.py:839} INFO - DAG(s) dict_keys(['example_complex']) retrieved from /home/airflow/.local/lib/python3.8/site-packages/airflow/example_dags/example_complex.py
[2023-12-09T14:09:49.838+0000] {logging_mixin.py:154} INFO - [2023-12-09T14:09:49.838+0000] {dag.py:2941} INFO - Sync 1 DAGs
[2023-12-09T14:09:49.848+0000] {logging_mixin.py:154} INFO - [2023-12-09T14:09:49.847+0000] {dag.py:3722} INFO - Setting next_dagrun for example_complex to None, run_after=None
[2023-12-09T14:09:49.858+0000] {processor.py:179} INFO - Processing /home/airflow/.local/lib/python3.8/site-packages/airflow/example_dags/example_complex.py took 0.052 seconds
[2023-12-09T14:10:19.921+0000] {processor.py:157} INFO - Started process (PID=1283) to work on /home/airflow/.local/lib/python3.8/site-packages/airflow/example_dags/example_complex.py
[2023-12-09T14:10:19.922+0000] {processor.py:829} INFO - Processing file /home/airflow/.local/lib/python3.8/site-packages/airflow/example_dags/example_complex.py for tasks to queue
[2023-12-09T14:10:19.923+0000] {logging_mixin.py:154} INFO - [2023-12-09T14:10:19.923+0000] {dagbag.py:536} INFO - Filling up the DagBag from /home/airflow/.local/lib/python3.8/site-packages/airflow/example_dags/example_complex.py
[2023-12-09T14:10:19.929+0000] {processor.py:839} INFO - DAG(s) dict_keys(['example_complex']) retrieved from /home/airflow/.local/lib/python3.8/site-packages/airflow/example_dags/example_complex.py
[2023-12-09T14:10:19.946+0000] {logging_mixin.py:154} INFO - [2023-12-09T14:10:19.946+0000] {dag.py:2941} INFO - Sync 1 DAGs
[2023-12-09T14:10:19.953+0000] {logging_mixin.py:154} INFO - [2023-12-09T14:10:19.952+0000] {dag.py:3722} INFO - Setting next_dagrun for example_complex to None, run_after=None
[2023-12-09T14:10:19.961+0000] {processor.py:179} INFO - Processing /home/airflow/.local/lib/python3.8/site-packages/airflow/example_dags/example_complex.py took 0.042 seconds
[2023-12-09T14:10:50.729+0000] {processor.py:157} INFO - Started process (PID=1521) to work on /home/airflow/.local/lib/python3.8/site-packages/airflow/example_dags/example_complex.py
[2023-12-09T14:10:50.730+0000] {processor.py:829} INFO - Processing file /home/airflow/.local/lib/python3.8/site-packages/airflow/example_dags/example_complex.py for tasks to queue
[2023-12-09T14:10:50.731+0000] {logging_mixin.py:154} INFO - [2023-12-09T14:10:50.731+0000] {dagbag.py:536} INFO - Filling up the DagBag from /home/airflow/.local/lib/python3.8/site-packages/airflow/example_dags/example_complex.py
[2023-12-09T14:10:50.737+0000] {processor.py:839} INFO - DAG(s) dict_keys(['example_complex']) retrieved from /home/airflow/.local/lib/python3.8/site-packages/airflow/example_dags/example_complex.py
[2023-12-09T14:10:50.754+0000] {logging_mixin.py:154} INFO - [2023-12-09T14:10:50.754+0000] {dag.py:2941} INFO - Sync 1 DAGs
[2023-12-09T14:10:50.761+0000] {logging_mixin.py:154} INFO - [2023-12-09T14:10:50.760+0000] {dag.py:3722} INFO - Setting next_dagrun for example_complex to None, run_after=None
[2023-12-09T14:10:50.770+0000] {processor.py:179} INFO - Processing /home/airflow/.local/lib/python3.8/site-packages/airflow/example_dags/example_complex.py took 0.043 seconds
[2023-12-09T14:11:21.598+0000] {processor.py:157} INFO - Started process (PID=1759) to work on /home/airflow/.local/lib/python3.8/site-packages/airflow/example_dags/example_complex.py
[2023-12-09T14:11:21.599+0000] {processor.py:829} INFO - Processing file /home/airflow/.local/lib/python3.8/site-packages/airflow/example_dags/example_complex.py for tasks to queue
[2023-12-09T14:11:21.600+0000] {logging_mixin.py:154} INFO - [2023-12-09T14:11:21.599+0000] {dagbag.py:536} INFO - Filling up the DagBag from /home/airflow/.local/lib/python3.8/site-packages/airflow/example_dags/example_complex.py
[2023-12-09T14:11:21.606+0000] {processor.py:839} INFO - DAG(s) dict_keys(['example_complex']) retrieved from /home/airflow/.local/lib/python3.8/site-packages/airflow/example_dags/example_complex.py
[2023-12-09T14:11:21.625+0000] {logging_mixin.py:154} INFO - [2023-12-09T14:11:21.625+0000] {dag.py:2941} INFO - Sync 1 DAGs
[2023-12-09T14:11:21.632+0000] {logging_mixin.py:154} INFO - [2023-12-09T14:11:21.632+0000] {dag.py:3722} INFO - Setting next_dagrun for example_complex to None, run_after=None
[2023-12-09T14:11:21.641+0000] {processor.py:179} INFO - Processing /home/airflow/.local/lib/python3.8/site-packages/airflow/example_dags/example_complex.py took 0.045 seconds
[2023-12-09T14:11:51.745+0000] {processor.py:157} INFO - Started process (PID=1999) to work on /home/airflow/.local/lib/python3.8/site-packages/airflow/example_dags/example_complex.py
[2023-12-09T14:11:51.745+0000] {processor.py:829} INFO - Processing file /home/airflow/.local/lib/python3.8/site-packages/airflow/example_dags/example_complex.py for tasks to queue
[2023-12-09T14:11:51.746+0000] {logging_mixin.py:154} INFO - [2023-12-09T14:11:51.746+0000] {dagbag.py:536} INFO - Filling up the DagBag from /home/airflow/.local/lib/python3.8/site-packages/airflow/example_dags/example_complex.py
[2023-12-09T14:11:51.752+0000] {processor.py:839} INFO - DAG(s) dict_keys(['example_complex']) retrieved from /home/airflow/.local/lib/python3.8/site-packages/airflow/example_dags/example_complex.py
[2023-12-09T14:11:51.770+0000] {logging_mixin.py:154} INFO - [2023-12-09T14:11:51.770+0000] {dag.py:2941} INFO - Sync 1 DAGs
[2023-12-09T14:11:51.776+0000] {logging_mixin.py:154} INFO - [2023-12-09T14:11:51.776+0000] {dag.py:3722} INFO - Setting next_dagrun for example_complex to None, run_after=None
[2023-12-09T14:11:51.785+0000] {processor.py:179} INFO - Processing /home/airflow/.local/lib/python3.8/site-packages/airflow/example_dags/example_complex.py took 0.043 seconds
[2023-12-09T14:12:21.818+0000] {processor.py:157} INFO - Started process (PID=2235) to work on /home/airflow/.local/lib/python3.8/site-packages/airflow/example_dags/example_complex.py
[2023-12-09T14:12:21.818+0000] {processor.py:829} INFO - Processing file /home/airflow/.local/lib/python3.8/site-packages/airflow/example_dags/example_complex.py for tasks to queue
[2023-12-09T14:12:21.819+0000] {logging_mixin.py:154} INFO - [2023-12-09T14:12:21.819+0000] {dagbag.py:536} INFO - Filling up the DagBag from /home/airflow/.local/lib/python3.8/site-packages/airflow/example_dags/example_complex.py
[2023-12-09T14:12:21.825+0000] {processor.py:839} INFO - DAG(s) dict_keys(['example_complex']) retrieved from /home/airflow/.local/lib/python3.8/site-packages/airflow/example_dags/example_complex.py
[2023-12-09T14:12:21.842+0000] {logging_mixin.py:154} INFO - [2023-12-09T14:12:21.842+0000] {dag.py:2941} INFO - Sync 1 DAGs
[2023-12-09T14:12:21.849+0000] {logging_mixin.py:154} INFO - [2023-12-09T14:12:21.848+0000] {dag.py:3722} INFO - Setting next_dagrun for example_complex to None, run_after=None
[2023-12-09T14:12:21.858+0000] {processor.py:179} INFO - Processing /home/airflow/.local/lib/python3.8/site-packages/airflow/example_dags/example_complex.py took 0.042 seconds
[2023-12-09T14:12:52.587+0000] {processor.py:157} INFO - Started process (PID=2473) to work on /home/airflow/.local/lib/python3.8/site-packages/airflow/example_dags/example_complex.py
[2023-12-09T14:12:52.588+0000] {processor.py:829} INFO - Processing file /home/airflow/.local/lib/python3.8/site-packages/airflow/example_dags/example_complex.py for tasks to queue
[2023-12-09T14:12:52.588+0000] {logging_mixin.py:154} INFO - [2023-12-09T14:12:52.588+0000] {dagbag.py:536} INFO - Filling up the DagBag from /home/airflow/.local/lib/python3.8/site-packages/airflow/example_dags/example_complex.py
[2023-12-09T14:12:52.595+0000] {processor.py:839} INFO - DAG(s) dict_keys(['example_complex']) retrieved from /home/airflow/.local/lib/python3.8/site-packages/airflow/example_dags/example_complex.py
[2023-12-09T14:12:52.612+0000] {logging_mixin.py:154} INFO - [2023-12-09T14:12:52.612+0000] {dag.py:2941} INFO - Sync 1 DAGs
[2023-12-09T14:12:52.619+0000] {logging_mixin.py:154} INFO - [2023-12-09T14:12:52.619+0000] {dag.py:3722} INFO - Setting next_dagrun for example_complex to None, run_after=None
[2023-12-09T14:12:52.629+0000] {processor.py:179} INFO - Processing /home/airflow/.local/lib/python3.8/site-packages/airflow/example_dags/example_complex.py took 0.044 seconds
[2023-12-09T14:13:23.738+0000] {processor.py:157} INFO - Started process (PID=2711) to work on /home/airflow/.local/lib/python3.8/site-packages/airflow/example_dags/example_complex.py
[2023-12-09T14:13:23.739+0000] {processor.py:829} INFO - Processing file /home/airflow/.local/lib/python3.8/site-packages/airflow/example_dags/example_complex.py for tasks to queue
[2023-12-09T14:13:23.740+0000] {logging_mixin.py:154} INFO - [2023-12-09T14:13:23.740+0000] {dagbag.py:536} INFO - Filling up the DagBag from /home/airflow/.local/lib/python3.8/site-packages/airflow/example_dags/example_complex.py
[2023-12-09T14:13:23.746+0000] {processor.py:839} INFO - DAG(s) dict_keys(['example_complex']) retrieved from /home/airflow/.local/lib/python3.8/site-packages/airflow/example_dags/example_complex.py
[2023-12-09T14:13:23.764+0000] {logging_mixin.py:154} INFO - [2023-12-09T14:13:23.763+0000] {dag.py:2941} INFO - Sync 1 DAGs
[2023-12-09T14:13:23.771+0000] {logging_mixin.py:154} INFO - [2023-12-09T14:13:23.771+0000] {dag.py:3722} INFO - Setting next_dagrun for example_complex to None, run_after=None
[2023-12-09T14:13:23.780+0000] {processor.py:179} INFO - Processing /home/airflow/.local/lib/python3.8/site-packages/airflow/example_dags/example_complex.py took 0.044 seconds
[2023-12-09T14:13:54.429+0000] {processor.py:157} INFO - Started process (PID=2949) to work on /home/airflow/.local/lib/python3.8/site-packages/airflow/example_dags/example_complex.py
[2023-12-09T14:13:54.430+0000] {processor.py:829} INFO - Processing file /home/airflow/.local/lib/python3.8/site-packages/airflow/example_dags/example_complex.py for tasks to queue
[2023-12-09T14:13:54.430+0000] {logging_mixin.py:154} INFO - [2023-12-09T14:13:54.430+0000] {dagbag.py:536} INFO - Filling up the DagBag from /home/airflow/.local/lib/python3.8/site-packages/airflow/example_dags/example_complex.py
[2023-12-09T14:13:54.437+0000] {processor.py:839} INFO - DAG(s) dict_keys(['example_complex']) retrieved from /home/airflow/.local/lib/python3.8/site-packages/airflow/example_dags/example_complex.py
[2023-12-09T14:13:54.455+0000] {logging_mixin.py:154} INFO - [2023-12-09T14:13:54.455+0000] {dag.py:2941} INFO - Sync 1 DAGs
[2023-12-09T14:13:54.464+0000] {logging_mixin.py:154} INFO - [2023-12-09T14:13:54.464+0000] {dag.py:3722} INFO - Setting next_dagrun for example_complex to None, run_after=None
[2023-12-09T14:13:54.474+0000] {processor.py:179} INFO - Processing /home/airflow/.local/lib/python3.8/site-packages/airflow/example_dags/example_complex.py took 0.048 seconds
[2023-12-09T14:14:25.202+0000] {processor.py:157} INFO - Started process (PID=3187) to work on /home/airflow/.local/lib/python3.8/site-packages/airflow/example_dags/example_complex.py
[2023-12-09T14:14:25.203+0000] {processor.py:829} INFO - Processing file /home/airflow/.local/lib/python3.8/site-packages/airflow/example_dags/example_complex.py for tasks to queue
[2023-12-09T14:14:25.203+0000] {logging_mixin.py:154} INFO - [2023-12-09T14:14:25.203+0000] {dagbag.py:536} INFO - Filling up the DagBag from /home/airflow/.local/lib/python3.8/site-packages/airflow/example_dags/example_complex.py
[2023-12-09T14:14:25.210+0000] {processor.py:839} INFO - DAG(s) dict_keys(['example_complex']) retrieved from /home/airflow/.local/lib/python3.8/site-packages/airflow/example_dags/example_complex.py
[2023-12-09T14:14:25.228+0000] {logging_mixin.py:154} INFO - [2023-12-09T14:14:25.228+0000] {dag.py:2941} INFO - Sync 1 DAGs
[2023-12-09T14:14:25.235+0000] {logging_mixin.py:154} INFO - [2023-12-09T14:14:25.234+0000] {dag.py:3722} INFO - Setting next_dagrun for example_complex to None, run_after=None
[2023-12-09T14:14:25.245+0000] {processor.py:179} INFO - Processing /home/airflow/.local/lib/python3.8/site-packages/airflow/example_dags/example_complex.py took 0.045 seconds
[2023-12-09T14:14:55.985+0000] {processor.py:157} INFO - Started process (PID=3425) to work on /home/airflow/.local/lib/python3.8/site-packages/airflow/example_dags/example_complex.py
[2023-12-09T14:14:55.986+0000] {processor.py:829} INFO - Processing file /home/airflow/.local/lib/python3.8/site-packages/airflow/example_dags/example_complex.py for tasks to queue
[2023-12-09T14:14:55.986+0000] {logging_mixin.py:154} INFO - [2023-12-09T14:14:55.986+0000] {dagbag.py:536} INFO - Filling up the DagBag from /home/airflow/.local/lib/python3.8/site-packages/airflow/example_dags/example_complex.py
[2023-12-09T14:14:55.993+0000] {processor.py:839} INFO - DAG(s) dict_keys(['example_complex']) retrieved from /home/airflow/.local/lib/python3.8/site-packages/airflow/example_dags/example_complex.py
[2023-12-09T14:14:56.010+0000] {logging_mixin.py:154} INFO - [2023-12-09T14:14:56.010+0000] {dag.py:2941} INFO - Sync 1 DAGs
[2023-12-09T14:14:56.016+0000] {logging_mixin.py:154} INFO - [2023-12-09T14:14:56.016+0000] {dag.py:3722} INFO - Setting next_dagrun for example_complex to None, run_after=None
[2023-12-09T14:14:56.025+0000] {processor.py:179} INFO - Processing /home/airflow/.local/lib/python3.8/site-packages/airflow/example_dags/example_complex.py took 0.043 seconds
[2023-12-09T14:15:26.646+0000] {processor.py:157} INFO - Started process (PID=3663) to work on /home/airflow/.local/lib/python3.8/site-packages/airflow/example_dags/example_complex.py
[2023-12-09T14:15:26.646+0000] {processor.py:829} INFO - Processing file /home/airflow/.local/lib/python3.8/site-packages/airflow/example_dags/example_complex.py for tasks to queue
[2023-12-09T14:15:26.647+0000] {logging_mixin.py:154} INFO - [2023-12-09T14:15:26.647+0000] {dagbag.py:536} INFO - Filling up the DagBag from /home/airflow/.local/lib/python3.8/site-packages/airflow/example_dags/example_complex.py
[2023-12-09T14:15:26.653+0000] {processor.py:839} INFO - DAG(s) dict_keys(['example_complex']) retrieved from /home/airflow/.local/lib/python3.8/site-packages/airflow/example_dags/example_complex.py
[2023-12-09T14:15:26.670+0000] {logging_mixin.py:154} INFO - [2023-12-09T14:15:26.670+0000] {dag.py:2941} INFO - Sync 1 DAGs
[2023-12-09T14:15:26.677+0000] {logging_mixin.py:154} INFO - [2023-12-09T14:15:26.677+0000] {dag.py:3722} INFO - Setting next_dagrun for example_complex to None, run_after=None
[2023-12-09T14:15:26.686+0000] {processor.py:179} INFO - Processing /home/airflow/.local/lib/python3.8/site-packages/airflow/example_dags/example_complex.py took 0.043 seconds
[2023-12-09T14:15:57.778+0000] {processor.py:157} INFO - Started process (PID=3903) to work on /home/airflow/.local/lib/python3.8/site-packages/airflow/example_dags/example_complex.py
[2023-12-09T14:15:57.779+0000] {processor.py:829} INFO - Processing file /home/airflow/.local/lib/python3.8/site-packages/airflow/example_dags/example_complex.py for tasks to queue
[2023-12-09T14:15:57.781+0000] {logging_mixin.py:154} INFO - [2023-12-09T14:15:57.780+0000] {dagbag.py:536} INFO - Filling up the DagBag from /home/airflow/.local/lib/python3.8/site-packages/airflow/example_dags/example_complex.py
[2023-12-09T14:15:57.788+0000] {processor.py:839} INFO - DAG(s) dict_keys(['example_complex']) retrieved from /home/airflow/.local/lib/python3.8/site-packages/airflow/example_dags/example_complex.py
[2023-12-09T14:15:57.816+0000] {logging_mixin.py:154} INFO - [2023-12-09T14:15:57.816+0000] {dag.py:2941} INFO - Sync 1 DAGs
[2023-12-09T14:15:57.826+0000] {logging_mixin.py:154} INFO - [2023-12-09T14:15:57.826+0000] {dag.py:3722} INFO - Setting next_dagrun for example_complex to None, run_after=None
[2023-12-09T14:15:57.843+0000] {processor.py:179} INFO - Processing /home/airflow/.local/lib/python3.8/site-packages/airflow/example_dags/example_complex.py took 0.068 seconds
[2023-12-09T14:16:28.585+0000] {processor.py:157} INFO - Started process (PID=4139) to work on /home/airflow/.local/lib/python3.8/site-packages/airflow/example_dags/example_complex.py
[2023-12-09T14:16:28.585+0000] {processor.py:829} INFO - Processing file /home/airflow/.local/lib/python3.8/site-packages/airflow/example_dags/example_complex.py for tasks to queue
[2023-12-09T14:16:28.586+0000] {logging_mixin.py:154} INFO - [2023-12-09T14:16:28.586+0000] {dagbag.py:536} INFO - Filling up the DagBag from /home/airflow/.local/lib/python3.8/site-packages/airflow/example_dags/example_complex.py
[2023-12-09T14:16:28.592+0000] {processor.py:839} INFO - DAG(s) dict_keys(['example_complex']) retrieved from /home/airflow/.local/lib/python3.8/site-packages/airflow/example_dags/example_complex.py
[2023-12-09T14:16:28.609+0000] {logging_mixin.py:154} INFO - [2023-12-09T14:16:28.609+0000] {dag.py:2941} INFO - Sync 1 DAGs
[2023-12-09T14:16:28.617+0000] {logging_mixin.py:154} INFO - [2023-12-09T14:16:28.617+0000] {dag.py:3722} INFO - Setting next_dagrun for example_complex to None, run_after=None
[2023-12-09T14:16:28.627+0000] {processor.py:179} INFO - Processing /home/airflow/.local/lib/python3.8/site-packages/airflow/example_dags/example_complex.py took 0.044 seconds
[2023-12-09T14:16:59.305+0000] {processor.py:157} INFO - Started process (PID=4379) to work on /home/airflow/.local/lib/python3.8/site-packages/airflow/example_dags/example_complex.py
[2023-12-09T14:16:59.306+0000] {processor.py:829} INFO - Processing file /home/airflow/.local/lib/python3.8/site-packages/airflow/example_dags/example_complex.py for tasks to queue
[2023-12-09T14:16:59.306+0000] {logging_mixin.py:154} INFO - [2023-12-09T14:16:59.306+0000] {dagbag.py:536} INFO - Filling up the DagBag from /home/airflow/.local/lib/python3.8/site-packages/airflow/example_dags/example_complex.py
[2023-12-09T14:16:59.312+0000] {processor.py:839} INFO - DAG(s) dict_keys(['example_complex']) retrieved from /home/airflow/.local/lib/python3.8/site-packages/airflow/example_dags/example_complex.py
[2023-12-09T14:16:59.329+0000] {logging_mixin.py:154} INFO - [2023-12-09T14:16:59.328+0000] {dag.py:2941} INFO - Sync 1 DAGs
[2023-12-09T14:16:59.335+0000] {logging_mixin.py:154} INFO - [2023-12-09T14:16:59.335+0000] {dag.py:3722} INFO - Setting next_dagrun for example_complex to None, run_after=None
[2023-12-09T14:16:59.344+0000] {processor.py:179} INFO - Processing /home/airflow/.local/lib/python3.8/site-packages/airflow/example_dags/example_complex.py took 0.041 seconds
[2023-12-09T14:17:29.984+0000] {processor.py:157} INFO - Started process (PID=4615) to work on /home/airflow/.local/lib/python3.8/site-packages/airflow/example_dags/example_complex.py
[2023-12-09T14:17:29.985+0000] {processor.py:829} INFO - Processing file /home/airflow/.local/lib/python3.8/site-packages/airflow/example_dags/example_complex.py for tasks to queue
[2023-12-09T14:17:29.985+0000] {logging_mixin.py:154} INFO - [2023-12-09T14:17:29.985+0000] {dagbag.py:536} INFO - Filling up the DagBag from /home/airflow/.local/lib/python3.8/site-packages/airflow/example_dags/example_complex.py
[2023-12-09T14:17:29.991+0000] {processor.py:839} INFO - DAG(s) dict_keys(['example_complex']) retrieved from /home/airflow/.local/lib/python3.8/site-packages/airflow/example_dags/example_complex.py
[2023-12-09T14:17:30.007+0000] {logging_mixin.py:154} INFO - [2023-12-09T14:17:30.007+0000] {dag.py:2941} INFO - Sync 1 DAGs
[2023-12-09T14:17:30.014+0000] {logging_mixin.py:154} INFO - [2023-12-09T14:17:30.014+0000] {dag.py:3722} INFO - Setting next_dagrun for example_complex to None, run_after=None
[2023-12-09T14:17:30.023+0000] {processor.py:179} INFO - Processing /home/airflow/.local/lib/python3.8/site-packages/airflow/example_dags/example_complex.py took 0.041 seconds
[2023-12-09T14:18:00.817+0000] {processor.py:157} INFO - Started process (PID=4853) to work on /home/airflow/.local/lib/python3.8/site-packages/airflow/example_dags/example_complex.py
[2023-12-09T14:18:00.818+0000] {processor.py:829} INFO - Processing file /home/airflow/.local/lib/python3.8/site-packages/airflow/example_dags/example_complex.py for tasks to queue
[2023-12-09T14:18:00.819+0000] {logging_mixin.py:154} INFO - [2023-12-09T14:18:00.819+0000] {dagbag.py:536} INFO - Filling up the DagBag from /home/airflow/.local/lib/python3.8/site-packages/airflow/example_dags/example_complex.py
[2023-12-09T14:18:00.826+0000] {processor.py:839} INFO - DAG(s) dict_keys(['example_complex']) retrieved from /home/airflow/.local/lib/python3.8/site-packages/airflow/example_dags/example_complex.py
[2023-12-09T14:18:00.844+0000] {logging_mixin.py:154} INFO - [2023-12-09T14:18:00.844+0000] {dag.py:2941} INFO - Sync 1 DAGs
[2023-12-09T14:18:00.851+0000] {logging_mixin.py:154} INFO - [2023-12-09T14:18:00.851+0000] {dag.py:3722} INFO - Setting next_dagrun for example_complex to None, run_after=None
[2023-12-09T14:18:00.862+0000] {processor.py:179} INFO - Processing /home/airflow/.local/lib/python3.8/site-packages/airflow/example_dags/example_complex.py took 0.047 seconds
[2023-12-09T14:18:31.575+0000] {processor.py:157} INFO - Started process (PID=5091) to work on /home/airflow/.local/lib/python3.8/site-packages/airflow/example_dags/example_complex.py
[2023-12-09T14:18:31.576+0000] {processor.py:829} INFO - Processing file /home/airflow/.local/lib/python3.8/site-packages/airflow/example_dags/example_complex.py for tasks to queue
[2023-12-09T14:18:31.576+0000] {logging_mixin.py:154} INFO - [2023-12-09T14:18:31.576+0000] {dagbag.py:536} INFO - Filling up the DagBag from /home/airflow/.local/lib/python3.8/site-packages/airflow/example_dags/example_complex.py
[2023-12-09T14:18:31.582+0000] {processor.py:839} INFO - DAG(s) dict_keys(['example_complex']) retrieved from /home/airflow/.local/lib/python3.8/site-packages/airflow/example_dags/example_complex.py
[2023-12-09T14:18:31.600+0000] {logging_mixin.py:154} INFO - [2023-12-09T14:18:31.599+0000] {dag.py:2941} INFO - Sync 1 DAGs
[2023-12-09T14:18:31.607+0000] {logging_mixin.py:154} INFO - [2023-12-09T14:18:31.607+0000] {dag.py:3722} INFO - Setting next_dagrun for example_complex to None, run_after=None
[2023-12-09T14:18:31.616+0000] {processor.py:179} INFO - Processing /home/airflow/.local/lib/python3.8/site-packages/airflow/example_dags/example_complex.py took 0.043 seconds
[2023-12-09T14:19:02.254+0000] {processor.py:157} INFO - Started process (PID=5329) to work on /home/airflow/.local/lib/python3.8/site-packages/airflow/example_dags/example_complex.py
[2023-12-09T14:19:02.255+0000] {processor.py:829} INFO - Processing file /home/airflow/.local/lib/python3.8/site-packages/airflow/example_dags/example_complex.py for tasks to queue
[2023-12-09T14:19:02.255+0000] {logging_mixin.py:154} INFO - [2023-12-09T14:19:02.255+0000] {dagbag.py:536} INFO - Filling up the DagBag from /home/airflow/.local/lib/python3.8/site-packages/airflow/example_dags/example_complex.py
[2023-12-09T14:19:02.261+0000] {processor.py:839} INFO - DAG(s) dict_keys(['example_complex']) retrieved from /home/airflow/.local/lib/python3.8/site-packages/airflow/example_dags/example_complex.py
[2023-12-09T14:19:02.278+0000] {logging_mixin.py:154} INFO - [2023-12-09T14:19:02.278+0000] {dag.py:2941} INFO - Sync 1 DAGs
[2023-12-09T14:19:02.285+0000] {logging_mixin.py:154} INFO - [2023-12-09T14:19:02.285+0000] {dag.py:3722} INFO - Setting next_dagrun for example_complex to None, run_after=None
[2023-12-09T14:19:02.294+0000] {processor.py:179} INFO - Processing /home/airflow/.local/lib/python3.8/site-packages/airflow/example_dags/example_complex.py took 0.042 seconds
