[2023-12-09T14:08:17.606+0000] {processor.py:157} INFO - Started process (PID=226) to work on /home/airflow/.local/lib/python3.8/site-packages/airflow/example_dags/example_task_group_decorator.py
[2023-12-09T14:08:17.607+0000] {processor.py:829} INFO - Processing file /home/airflow/.local/lib/python3.8/site-packages/airflow/example_dags/example_task_group_decorator.py for tasks to queue
[2023-12-09T14:08:17.609+0000] {logging_mixin.py:154} INFO - [2023-12-09T14:08:17.608+0000] {dagbag.py:536} INFO - Filling up the DagBag from /home/airflow/.local/lib/python3.8/site-packages/airflow/example_dags/example_task_group_decorator.py
[2023-12-09T14:08:17.621+0000] {processor.py:839} INFO - DAG(s) dict_keys(['example_task_group_decorator']) retrieved from /home/airflow/.local/lib/python3.8/site-packages/airflow/example_dags/example_task_group_decorator.py
[2023-12-09T14:08:17.636+0000] {logging_mixin.py:154} INFO - [2023-12-09T14:08:17.636+0000] {dag.py:2941} INFO - Sync 1 DAGs
[2023-12-09T14:08:17.655+0000] {logging_mixin.py:154} INFO - [2023-12-09T14:08:17.655+0000] {dag.py:3722} INFO - Setting next_dagrun for example_task_group_decorator to 2023-12-08T14:08:17.655000+00:00, run_after=2023-12-09T14:08:17.655000+00:00
[2023-12-09T14:08:17.684+0000] {processor.py:179} INFO - Processing /home/airflow/.local/lib/python3.8/site-packages/airflow/example_dags/example_task_group_decorator.py took 0.080 seconds
[2023-12-09T14:08:48.135+0000] {processor.py:157} INFO - Started process (PID=466) to work on /home/airflow/.local/lib/python3.8/site-packages/airflow/example_dags/example_task_group_decorator.py
[2023-12-09T14:08:48.135+0000] {processor.py:829} INFO - Processing file /home/airflow/.local/lib/python3.8/site-packages/airflow/example_dags/example_task_group_decorator.py for tasks to queue
[2023-12-09T14:08:48.136+0000] {logging_mixin.py:154} INFO - [2023-12-09T14:08:48.135+0000] {dagbag.py:536} INFO - Filling up the DagBag from /home/airflow/.local/lib/python3.8/site-packages/airflow/example_dags/example_task_group_decorator.py
[2023-12-09T14:08:48.144+0000] {processor.py:839} INFO - DAG(s) dict_keys(['example_task_group_decorator']) retrieved from /home/airflow/.local/lib/python3.8/site-packages/airflow/example_dags/example_task_group_decorator.py
[2023-12-09T14:08:48.156+0000] {logging_mixin.py:154} INFO - [2023-12-09T14:08:48.156+0000] {dag.py:2941} INFO - Sync 1 DAGs
[2023-12-09T14:08:48.166+0000] {logging_mixin.py:154} INFO - [2023-12-09T14:08:48.166+0000] {dag.py:3722} INFO - Setting next_dagrun for example_task_group_decorator to 2023-12-08T14:08:48.166188+00:00, run_after=2023-12-09T14:08:48.166188+00:00
[2023-12-09T14:08:48.175+0000] {processor.py:179} INFO - Processing /home/airflow/.local/lib/python3.8/site-packages/airflow/example_dags/example_task_group_decorator.py took 0.042 seconds
[2023-12-09T14:09:18.866+0000] {processor.py:157} INFO - Started process (PID=702) to work on /home/airflow/.local/lib/python3.8/site-packages/airflow/example_dags/example_task_group_decorator.py
[2023-12-09T14:09:18.867+0000] {processor.py:829} INFO - Processing file /home/airflow/.local/lib/python3.8/site-packages/airflow/example_dags/example_task_group_decorator.py for tasks to queue
[2023-12-09T14:09:18.867+0000] {logging_mixin.py:154} INFO - [2023-12-09T14:09:18.867+0000] {dagbag.py:536} INFO - Filling up the DagBag from /home/airflow/.local/lib/python3.8/site-packages/airflow/example_dags/example_task_group_decorator.py
[2023-12-09T14:09:18.875+0000] {processor.py:839} INFO - DAG(s) dict_keys(['example_task_group_decorator']) retrieved from /home/airflow/.local/lib/python3.8/site-packages/airflow/example_dags/example_task_group_decorator.py
[2023-12-09T14:09:18.889+0000] {logging_mixin.py:154} INFO - [2023-12-09T14:09:18.888+0000] {dag.py:2941} INFO - Sync 1 DAGs
[2023-12-09T14:09:18.899+0000] {logging_mixin.py:154} INFO - [2023-12-09T14:09:18.899+0000] {dag.py:3722} INFO - Setting next_dagrun for example_task_group_decorator to 2023-12-08T14:09:18.899534+00:00, run_after=2023-12-09T14:09:18.899534+00:00
[2023-12-09T14:09:18.909+0000] {processor.py:179} INFO - Processing /home/airflow/.local/lib/python3.8/site-packages/airflow/example_dags/example_task_group_decorator.py took 0.045 seconds
[2023-12-09T14:09:49.032+0000] {processor.py:157} INFO - Started process (PID=940) to work on /home/airflow/.local/lib/python3.8/site-packages/airflow/example_dags/example_task_group_decorator.py
[2023-12-09T14:09:49.032+0000] {processor.py:829} INFO - Processing file /home/airflow/.local/lib/python3.8/site-packages/airflow/example_dags/example_task_group_decorator.py for tasks to queue
[2023-12-09T14:09:49.033+0000] {logging_mixin.py:154} INFO - [2023-12-09T14:09:49.033+0000] {dagbag.py:536} INFO - Filling up the DagBag from /home/airflow/.local/lib/python3.8/site-packages/airflow/example_dags/example_task_group_decorator.py
[2023-12-09T14:09:49.042+0000] {processor.py:839} INFO - DAG(s) dict_keys(['example_task_group_decorator']) retrieved from /home/airflow/.local/lib/python3.8/site-packages/airflow/example_dags/example_task_group_decorator.py
[2023-12-09T14:09:49.058+0000] {logging_mixin.py:154} INFO - [2023-12-09T14:09:49.058+0000] {dag.py:2941} INFO - Sync 1 DAGs
[2023-12-09T14:09:49.069+0000] {logging_mixin.py:154} INFO - [2023-12-09T14:09:49.069+0000] {dag.py:3722} INFO - Setting next_dagrun for example_task_group_decorator to 2023-12-08T14:09:49.069441+00:00, run_after=2023-12-09T14:09:49.069441+00:00
[2023-12-09T14:09:49.080+0000] {processor.py:179} INFO - Processing /home/airflow/.local/lib/python3.8/site-packages/airflow/example_dags/example_task_group_decorator.py took 0.050 seconds
[2023-12-09T14:10:19.097+0000] {processor.py:157} INFO - Started process (PID=1178) to work on /home/airflow/.local/lib/python3.8/site-packages/airflow/example_dags/example_task_group_decorator.py
[2023-12-09T14:10:19.098+0000] {processor.py:829} INFO - Processing file /home/airflow/.local/lib/python3.8/site-packages/airflow/example_dags/example_task_group_decorator.py for tasks to queue
[2023-12-09T14:10:19.099+0000] {logging_mixin.py:154} INFO - [2023-12-09T14:10:19.098+0000] {dagbag.py:536} INFO - Filling up the DagBag from /home/airflow/.local/lib/python3.8/site-packages/airflow/example_dags/example_task_group_decorator.py
[2023-12-09T14:10:19.107+0000] {processor.py:839} INFO - DAG(s) dict_keys(['example_task_group_decorator']) retrieved from /home/airflow/.local/lib/python3.8/site-packages/airflow/example_dags/example_task_group_decorator.py
[2023-12-09T14:10:19.121+0000] {logging_mixin.py:154} INFO - [2023-12-09T14:10:19.121+0000] {dag.py:2941} INFO - Sync 1 DAGs
[2023-12-09T14:10:19.131+0000] {logging_mixin.py:154} INFO - [2023-12-09T14:10:19.131+0000] {dag.py:3722} INFO - Setting next_dagrun for example_task_group_decorator to 2023-12-08T14:10:19.131237+00:00, run_after=2023-12-09T14:10:19.131237+00:00
[2023-12-09T14:10:19.140+0000] {processor.py:179} INFO - Processing /home/airflow/.local/lib/python3.8/site-packages/airflow/example_dags/example_task_group_decorator.py took 0.045 seconds
[2023-12-09T14:10:49.991+0000] {processor.py:157} INFO - Started process (PID=1416) to work on /home/airflow/.local/lib/python3.8/site-packages/airflow/example_dags/example_task_group_decorator.py
[2023-12-09T14:10:49.994+0000] {processor.py:829} INFO - Processing file /home/airflow/.local/lib/python3.8/site-packages/airflow/example_dags/example_task_group_decorator.py for tasks to queue
[2023-12-09T14:10:49.996+0000] {logging_mixin.py:154} INFO - [2023-12-09T14:10:49.996+0000] {dagbag.py:536} INFO - Filling up the DagBag from /home/airflow/.local/lib/python3.8/site-packages/airflow/example_dags/example_task_group_decorator.py
[2023-12-09T14:10:50.009+0000] {processor.py:839} INFO - DAG(s) dict_keys(['example_task_group_decorator']) retrieved from /home/airflow/.local/lib/python3.8/site-packages/airflow/example_dags/example_task_group_decorator.py
[2023-12-09T14:10:50.026+0000] {logging_mixin.py:154} INFO - [2023-12-09T14:10:50.026+0000] {dag.py:2941} INFO - Sync 1 DAGs
[2023-12-09T14:10:50.042+0000] {logging_mixin.py:154} INFO - [2023-12-09T14:10:50.042+0000] {dag.py:3722} INFO - Setting next_dagrun for example_task_group_decorator to 2023-12-08T14:10:50.042306+00:00, run_after=2023-12-09T14:10:50.042306+00:00
[2023-12-09T14:10:50.052+0000] {processor.py:179} INFO - Processing /home/airflow/.local/lib/python3.8/site-packages/airflow/example_dags/example_task_group_decorator.py took 0.066 seconds
[2023-12-09T14:11:20.857+0000] {processor.py:157} INFO - Started process (PID=1654) to work on /home/airflow/.local/lib/python3.8/site-packages/airflow/example_dags/example_task_group_decorator.py
[2023-12-09T14:11:20.858+0000] {processor.py:829} INFO - Processing file /home/airflow/.local/lib/python3.8/site-packages/airflow/example_dags/example_task_group_decorator.py for tasks to queue
[2023-12-09T14:11:20.859+0000] {logging_mixin.py:154} INFO - [2023-12-09T14:11:20.858+0000] {dagbag.py:536} INFO - Filling up the DagBag from /home/airflow/.local/lib/python3.8/site-packages/airflow/example_dags/example_task_group_decorator.py
[2023-12-09T14:11:20.867+0000] {processor.py:839} INFO - DAG(s) dict_keys(['example_task_group_decorator']) retrieved from /home/airflow/.local/lib/python3.8/site-packages/airflow/example_dags/example_task_group_decorator.py
[2023-12-09T14:11:20.882+0000] {logging_mixin.py:154} INFO - [2023-12-09T14:11:20.881+0000] {dag.py:2941} INFO - Sync 1 DAGs
[2023-12-09T14:11:20.893+0000] {logging_mixin.py:154} INFO - [2023-12-09T14:11:20.893+0000] {dag.py:3722} INFO - Setting next_dagrun for example_task_group_decorator to 2023-12-08T14:11:20.893258+00:00, run_after=2023-12-09T14:11:20.893258+00:00
[2023-12-09T14:11:20.902+0000] {processor.py:179} INFO - Processing /home/airflow/.local/lib/python3.8/site-packages/airflow/example_dags/example_task_group_decorator.py took 0.047 seconds
[2023-12-09T14:11:50.973+0000] {processor.py:157} INFO - Started process (PID=1892) to work on /home/airflow/.local/lib/python3.8/site-packages/airflow/example_dags/example_task_group_decorator.py
[2023-12-09T14:11:50.974+0000] {processor.py:829} INFO - Processing file /home/airflow/.local/lib/python3.8/site-packages/airflow/example_dags/example_task_group_decorator.py for tasks to queue
[2023-12-09T14:11:50.974+0000] {logging_mixin.py:154} INFO - [2023-12-09T14:11:50.974+0000] {dagbag.py:536} INFO - Filling up the DagBag from /home/airflow/.local/lib/python3.8/site-packages/airflow/example_dags/example_task_group_decorator.py
[2023-12-09T14:11:50.997+0000] {processor.py:839} INFO - DAG(s) dict_keys(['example_task_group_decorator']) retrieved from /home/airflow/.local/lib/python3.8/site-packages/airflow/example_dags/example_task_group_decorator.py
[2023-12-09T14:11:51.040+0000] {logging_mixin.py:154} INFO - [2023-12-09T14:11:51.039+0000] {dag.py:2941} INFO - Sync 1 DAGs
[2023-12-09T14:11:51.052+0000] {logging_mixin.py:154} INFO - [2023-12-09T14:11:51.052+0000] {dag.py:3722} INFO - Setting next_dagrun for example_task_group_decorator to 2023-12-08T14:11:51.052541+00:00, run_after=2023-12-09T14:11:51.052541+00:00
[2023-12-09T14:11:51.063+0000] {processor.py:179} INFO - Processing /home/airflow/.local/lib/python3.8/site-packages/airflow/example_dags/example_task_group_decorator.py took 0.094 seconds
[2023-12-09T14:12:21.147+0000] {processor.py:157} INFO - Started process (PID=2130) to work on /home/airflow/.local/lib/python3.8/site-packages/airflow/example_dags/example_task_group_decorator.py
[2023-12-09T14:12:21.148+0000] {processor.py:829} INFO - Processing file /home/airflow/.local/lib/python3.8/site-packages/airflow/example_dags/example_task_group_decorator.py for tasks to queue
[2023-12-09T14:12:21.148+0000] {logging_mixin.py:154} INFO - [2023-12-09T14:12:21.148+0000] {dagbag.py:536} INFO - Filling up the DagBag from /home/airflow/.local/lib/python3.8/site-packages/airflow/example_dags/example_task_group_decorator.py
[2023-12-09T14:12:21.157+0000] {processor.py:839} INFO - DAG(s) dict_keys(['example_task_group_decorator']) retrieved from /home/airflow/.local/lib/python3.8/site-packages/airflow/example_dags/example_task_group_decorator.py
[2023-12-09T14:12:21.170+0000] {logging_mixin.py:154} INFO - [2023-12-09T14:12:21.170+0000] {dag.py:2941} INFO - Sync 1 DAGs
[2023-12-09T14:12:21.182+0000] {logging_mixin.py:154} INFO - [2023-12-09T14:12:21.182+0000] {dag.py:3722} INFO - Setting next_dagrun for example_task_group_decorator to 2023-12-08T14:12:21.182089+00:00, run_after=2023-12-09T14:12:21.182089+00:00
[2023-12-09T14:12:21.190+0000] {processor.py:179} INFO - Processing /home/airflow/.local/lib/python3.8/site-packages/airflow/example_dags/example_task_group_decorator.py took 0.046 seconds
[2023-12-09T14:12:51.854+0000] {processor.py:157} INFO - Started process (PID=2368) to work on /home/airflow/.local/lib/python3.8/site-packages/airflow/example_dags/example_task_group_decorator.py
[2023-12-09T14:12:51.855+0000] {processor.py:829} INFO - Processing file /home/airflow/.local/lib/python3.8/site-packages/airflow/example_dags/example_task_group_decorator.py for tasks to queue
[2023-12-09T14:12:51.856+0000] {logging_mixin.py:154} INFO - [2023-12-09T14:12:51.855+0000] {dagbag.py:536} INFO - Filling up the DagBag from /home/airflow/.local/lib/python3.8/site-packages/airflow/example_dags/example_task_group_decorator.py
[2023-12-09T14:12:51.864+0000] {processor.py:839} INFO - DAG(s) dict_keys(['example_task_group_decorator']) retrieved from /home/airflow/.local/lib/python3.8/site-packages/airflow/example_dags/example_task_group_decorator.py
[2023-12-09T14:12:51.884+0000] {logging_mixin.py:154} INFO - [2023-12-09T14:12:51.884+0000] {dag.py:2941} INFO - Sync 1 DAGs
[2023-12-09T14:12:51.897+0000] {logging_mixin.py:154} INFO - [2023-12-09T14:12:51.897+0000] {dag.py:3722} INFO - Setting next_dagrun for example_task_group_decorator to 2023-12-08T14:12:51.897725+00:00, run_after=2023-12-09T14:12:51.897725+00:00
[2023-12-09T14:12:51.908+0000] {processor.py:179} INFO - Processing /home/airflow/.local/lib/python3.8/site-packages/airflow/example_dags/example_task_group_decorator.py took 0.056 seconds
[2023-12-09T14:13:22.863+0000] {processor.py:157} INFO - Started process (PID=2606) to work on /home/airflow/.local/lib/python3.8/site-packages/airflow/example_dags/example_task_group_decorator.py
[2023-12-09T14:13:22.863+0000] {processor.py:829} INFO - Processing file /home/airflow/.local/lib/python3.8/site-packages/airflow/example_dags/example_task_group_decorator.py for tasks to queue
[2023-12-09T14:13:22.864+0000] {logging_mixin.py:154} INFO - [2023-12-09T14:13:22.864+0000] {dagbag.py:536} INFO - Filling up the DagBag from /home/airflow/.local/lib/python3.8/site-packages/airflow/example_dags/example_task_group_decorator.py
[2023-12-09T14:13:22.873+0000] {processor.py:839} INFO - DAG(s) dict_keys(['example_task_group_decorator']) retrieved from /home/airflow/.local/lib/python3.8/site-packages/airflow/example_dags/example_task_group_decorator.py
[2023-12-09T14:13:22.887+0000] {logging_mixin.py:154} INFO - [2023-12-09T14:13:22.887+0000] {dag.py:2941} INFO - Sync 1 DAGs
[2023-12-09T14:13:22.901+0000] {logging_mixin.py:154} INFO - [2023-12-09T14:13:22.901+0000] {dag.py:3722} INFO - Setting next_dagrun for example_task_group_decorator to 2023-12-08T14:13:22.901451+00:00, run_after=2023-12-09T14:13:22.901451+00:00
[2023-12-09T14:13:22.912+0000] {processor.py:179} INFO - Processing /home/airflow/.local/lib/python3.8/site-packages/airflow/example_dags/example_task_group_decorator.py took 0.052 seconds
[2023-12-09T14:13:53.708+0000] {processor.py:157} INFO - Started process (PID=2844) to work on /home/airflow/.local/lib/python3.8/site-packages/airflow/example_dags/example_task_group_decorator.py
[2023-12-09T14:13:53.709+0000] {processor.py:829} INFO - Processing file /home/airflow/.local/lib/python3.8/site-packages/airflow/example_dags/example_task_group_decorator.py for tasks to queue
[2023-12-09T14:13:53.710+0000] {logging_mixin.py:154} INFO - [2023-12-09T14:13:53.710+0000] {dagbag.py:536} INFO - Filling up the DagBag from /home/airflow/.local/lib/python3.8/site-packages/airflow/example_dags/example_task_group_decorator.py
[2023-12-09T14:13:53.724+0000] {processor.py:839} INFO - DAG(s) dict_keys(['example_task_group_decorator']) retrieved from /home/airflow/.local/lib/python3.8/site-packages/airflow/example_dags/example_task_group_decorator.py
[2023-12-09T14:13:53.741+0000] {logging_mixin.py:154} INFO - [2023-12-09T14:13:53.741+0000] {dag.py:2941} INFO - Sync 1 DAGs
[2023-12-09T14:13:53.754+0000] {logging_mixin.py:154} INFO - [2023-12-09T14:13:53.754+0000] {dag.py:3722} INFO - Setting next_dagrun for example_task_group_decorator to 2023-12-08T14:13:53.753909+00:00, run_after=2023-12-09T14:13:53.753909+00:00
[2023-12-09T14:13:53.763+0000] {processor.py:179} INFO - Processing /home/airflow/.local/lib/python3.8/site-packages/airflow/example_dags/example_task_group_decorator.py took 0.059 seconds
[2023-12-09T14:14:24.443+0000] {processor.py:157} INFO - Started process (PID=3082) to work on /home/airflow/.local/lib/python3.8/site-packages/airflow/example_dags/example_task_group_decorator.py
[2023-12-09T14:14:24.445+0000] {processor.py:829} INFO - Processing file /home/airflow/.local/lib/python3.8/site-packages/airflow/example_dags/example_task_group_decorator.py for tasks to queue
[2023-12-09T14:14:24.446+0000] {logging_mixin.py:154} INFO - [2023-12-09T14:14:24.445+0000] {dagbag.py:536} INFO - Filling up the DagBag from /home/airflow/.local/lib/python3.8/site-packages/airflow/example_dags/example_task_group_decorator.py
[2023-12-09T14:14:24.459+0000] {processor.py:839} INFO - DAG(s) dict_keys(['example_task_group_decorator']) retrieved from /home/airflow/.local/lib/python3.8/site-packages/airflow/example_dags/example_task_group_decorator.py
[2023-12-09T14:14:24.476+0000] {logging_mixin.py:154} INFO - [2023-12-09T14:14:24.476+0000] {dag.py:2941} INFO - Sync 1 DAGs
[2023-12-09T14:14:24.487+0000] {logging_mixin.py:154} INFO - [2023-12-09T14:14:24.487+0000] {dag.py:3722} INFO - Setting next_dagrun for example_task_group_decorator to 2023-12-08T14:14:24.487624+00:00, run_after=2023-12-09T14:14:24.487624+00:00
[2023-12-09T14:14:24.496+0000] {processor.py:179} INFO - Processing /home/airflow/.local/lib/python3.8/site-packages/airflow/example_dags/example_task_group_decorator.py took 0.058 seconds
[2023-12-09T14:14:55.235+0000] {processor.py:157} INFO - Started process (PID=3320) to work on /home/airflow/.local/lib/python3.8/site-packages/airflow/example_dags/example_task_group_decorator.py
[2023-12-09T14:14:55.237+0000] {processor.py:829} INFO - Processing file /home/airflow/.local/lib/python3.8/site-packages/airflow/example_dags/example_task_group_decorator.py for tasks to queue
[2023-12-09T14:14:55.238+0000] {logging_mixin.py:154} INFO - [2023-12-09T14:14:55.238+0000] {dagbag.py:536} INFO - Filling up the DagBag from /home/airflow/.local/lib/python3.8/site-packages/airflow/example_dags/example_task_group_decorator.py
[2023-12-09T14:14:55.253+0000] {processor.py:839} INFO - DAG(s) dict_keys(['example_task_group_decorator']) retrieved from /home/airflow/.local/lib/python3.8/site-packages/airflow/example_dags/example_task_group_decorator.py
[2023-12-09T14:14:55.272+0000] {logging_mixin.py:154} INFO - [2023-12-09T14:14:55.271+0000] {dag.py:2941} INFO - Sync 1 DAGs
[2023-12-09T14:14:55.284+0000] {logging_mixin.py:154} INFO - [2023-12-09T14:14:55.284+0000] {dag.py:3722} INFO - Setting next_dagrun for example_task_group_decorator to 2023-12-08T14:14:55.284303+00:00, run_after=2023-12-09T14:14:55.284303+00:00
[2023-12-09T14:14:55.294+0000] {processor.py:179} INFO - Processing /home/airflow/.local/lib/python3.8/site-packages/airflow/example_dags/example_task_group_decorator.py took 0.063 seconds
[2023-12-09T14:15:25.957+0000] {processor.py:157} INFO - Started process (PID=3558) to work on /home/airflow/.local/lib/python3.8/site-packages/airflow/example_dags/example_task_group_decorator.py
[2023-12-09T14:15:25.959+0000] {processor.py:829} INFO - Processing file /home/airflow/.local/lib/python3.8/site-packages/airflow/example_dags/example_task_group_decorator.py for tasks to queue
[2023-12-09T14:15:25.960+0000] {logging_mixin.py:154} INFO - [2023-12-09T14:15:25.959+0000] {dagbag.py:536} INFO - Filling up the DagBag from /home/airflow/.local/lib/python3.8/site-packages/airflow/example_dags/example_task_group_decorator.py
[2023-12-09T14:15:25.973+0000] {processor.py:839} INFO - DAG(s) dict_keys(['example_task_group_decorator']) retrieved from /home/airflow/.local/lib/python3.8/site-packages/airflow/example_dags/example_task_group_decorator.py
[2023-12-09T14:15:25.991+0000] {logging_mixin.py:154} INFO - [2023-12-09T14:15:25.991+0000] {dag.py:2941} INFO - Sync 1 DAGs
[2023-12-09T14:15:26.003+0000] {logging_mixin.py:154} INFO - [2023-12-09T14:15:26.003+0000] {dag.py:3722} INFO - Setting next_dagrun for example_task_group_decorator to 2023-12-08T14:15:26.003702+00:00, run_after=2023-12-09T14:15:26.003702+00:00
[2023-12-09T14:15:26.012+0000] {processor.py:179} INFO - Processing /home/airflow/.local/lib/python3.8/site-packages/airflow/example_dags/example_task_group_decorator.py took 0.060 seconds
[2023-12-09T14:15:56.855+0000] {processor.py:157} INFO - Started process (PID=3796) to work on /home/airflow/.local/lib/python3.8/site-packages/airflow/example_dags/example_task_group_decorator.py
[2023-12-09T14:15:56.856+0000] {processor.py:829} INFO - Processing file /home/airflow/.local/lib/python3.8/site-packages/airflow/example_dags/example_task_group_decorator.py for tasks to queue
[2023-12-09T14:15:56.857+0000] {logging_mixin.py:154} INFO - [2023-12-09T14:15:56.856+0000] {dagbag.py:536} INFO - Filling up the DagBag from /home/airflow/.local/lib/python3.8/site-packages/airflow/example_dags/example_task_group_decorator.py
[2023-12-09T14:15:56.868+0000] {processor.py:839} INFO - DAG(s) dict_keys(['example_task_group_decorator']) retrieved from /home/airflow/.local/lib/python3.8/site-packages/airflow/example_dags/example_task_group_decorator.py
[2023-12-09T14:15:56.885+0000] {logging_mixin.py:154} INFO - [2023-12-09T14:15:56.885+0000] {dag.py:2941} INFO - Sync 1 DAGs
[2023-12-09T14:15:56.899+0000] {logging_mixin.py:154} INFO - [2023-12-09T14:15:56.899+0000] {dag.py:3722} INFO - Setting next_dagrun for example_task_group_decorator to 2023-12-08T14:15:56.898906+00:00, run_after=2023-12-09T14:15:56.898906+00:00
[2023-12-09T14:15:56.911+0000] {processor.py:179} INFO - Processing /home/airflow/.local/lib/python3.8/site-packages/airflow/example_dags/example_task_group_decorator.py took 0.058 seconds
[2023-12-09T14:16:27.900+0000] {processor.py:157} INFO - Started process (PID=4034) to work on /home/airflow/.local/lib/python3.8/site-packages/airflow/example_dags/example_task_group_decorator.py
[2023-12-09T14:16:27.901+0000] {processor.py:829} INFO - Processing file /home/airflow/.local/lib/python3.8/site-packages/airflow/example_dags/example_task_group_decorator.py for tasks to queue
[2023-12-09T14:16:27.901+0000] {logging_mixin.py:154} INFO - [2023-12-09T14:16:27.901+0000] {dagbag.py:536} INFO - Filling up the DagBag from /home/airflow/.local/lib/python3.8/site-packages/airflow/example_dags/example_task_group_decorator.py
[2023-12-09T14:16:27.911+0000] {processor.py:839} INFO - DAG(s) dict_keys(['example_task_group_decorator']) retrieved from /home/airflow/.local/lib/python3.8/site-packages/airflow/example_dags/example_task_group_decorator.py
[2023-12-09T14:16:27.925+0000] {logging_mixin.py:154} INFO - [2023-12-09T14:16:27.924+0000] {dag.py:2941} INFO - Sync 1 DAGs
[2023-12-09T14:16:27.935+0000] {logging_mixin.py:154} INFO - [2023-12-09T14:16:27.935+0000] {dag.py:3722} INFO - Setting next_dagrun for example_task_group_decorator to 2023-12-08T14:16:27.935478+00:00, run_after=2023-12-09T14:16:27.935478+00:00
[2023-12-09T14:16:27.944+0000] {processor.py:179} INFO - Processing /home/airflow/.local/lib/python3.8/site-packages/airflow/example_dags/example_task_group_decorator.py took 0.046 seconds
[2023-12-09T14:16:58.539+0000] {processor.py:157} INFO - Started process (PID=4272) to work on /home/airflow/.local/lib/python3.8/site-packages/airflow/example_dags/example_task_group_decorator.py
[2023-12-09T14:16:58.540+0000] {processor.py:829} INFO - Processing file /home/airflow/.local/lib/python3.8/site-packages/airflow/example_dags/example_task_group_decorator.py for tasks to queue
[2023-12-09T14:16:58.541+0000] {logging_mixin.py:154} INFO - [2023-12-09T14:16:58.541+0000] {dagbag.py:536} INFO - Filling up the DagBag from /home/airflow/.local/lib/python3.8/site-packages/airflow/example_dags/example_task_group_decorator.py
[2023-12-09T14:16:58.557+0000] {processor.py:839} INFO - DAG(s) dict_keys(['example_task_group_decorator']) retrieved from /home/airflow/.local/lib/python3.8/site-packages/airflow/example_dags/example_task_group_decorator.py
[2023-12-09T14:16:58.576+0000] {logging_mixin.py:154} INFO - [2023-12-09T14:16:58.575+0000] {dag.py:2941} INFO - Sync 1 DAGs
[2023-12-09T14:16:58.588+0000] {logging_mixin.py:154} INFO - [2023-12-09T14:16:58.588+0000] {dag.py:3722} INFO - Setting next_dagrun for example_task_group_decorator to 2023-12-08T14:16:58.588122+00:00, run_after=2023-12-09T14:16:58.588122+00:00
[2023-12-09T14:16:58.597+0000] {processor.py:179} INFO - Processing /home/airflow/.local/lib/python3.8/site-packages/airflow/example_dags/example_task_group_decorator.py took 0.063 seconds
[2023-12-09T14:17:29.197+0000] {processor.py:157} INFO - Started process (PID=4510) to work on /home/airflow/.local/lib/python3.8/site-packages/airflow/example_dags/example_task_group_decorator.py
[2023-12-09T14:17:29.198+0000] {processor.py:829} INFO - Processing file /home/airflow/.local/lib/python3.8/site-packages/airflow/example_dags/example_task_group_decorator.py for tasks to queue
[2023-12-09T14:17:29.199+0000] {logging_mixin.py:154} INFO - [2023-12-09T14:17:29.199+0000] {dagbag.py:536} INFO - Filling up the DagBag from /home/airflow/.local/lib/python3.8/site-packages/airflow/example_dags/example_task_group_decorator.py
[2023-12-09T14:17:29.215+0000] {processor.py:839} INFO - DAG(s) dict_keys(['example_task_group_decorator']) retrieved from /home/airflow/.local/lib/python3.8/site-packages/airflow/example_dags/example_task_group_decorator.py
[2023-12-09T14:17:29.231+0000] {logging_mixin.py:154} INFO - [2023-12-09T14:17:29.231+0000] {dag.py:2941} INFO - Sync 1 DAGs
[2023-12-09T14:17:29.242+0000] {logging_mixin.py:154} INFO - [2023-12-09T14:17:29.242+0000] {dag.py:3722} INFO - Setting next_dagrun for example_task_group_decorator to 2023-12-08T14:17:29.242576+00:00, run_after=2023-12-09T14:17:29.242576+00:00
[2023-12-09T14:17:29.251+0000] {processor.py:179} INFO - Processing /home/airflow/.local/lib/python3.8/site-packages/airflow/example_dags/example_task_group_decorator.py took 0.060 seconds
[2023-12-09T14:18:00.010+0000] {processor.py:157} INFO - Started process (PID=4748) to work on /home/airflow/.local/lib/python3.8/site-packages/airflow/example_dags/example_task_group_decorator.py
[2023-12-09T14:18:00.011+0000] {processor.py:829} INFO - Processing file /home/airflow/.local/lib/python3.8/site-packages/airflow/example_dags/example_task_group_decorator.py for tasks to queue
[2023-12-09T14:18:00.012+0000] {logging_mixin.py:154} INFO - [2023-12-09T14:18:00.011+0000] {dagbag.py:536} INFO - Filling up the DagBag from /home/airflow/.local/lib/python3.8/site-packages/airflow/example_dags/example_task_group_decorator.py
[2023-12-09T14:18:00.025+0000] {processor.py:839} INFO - DAG(s) dict_keys(['example_task_group_decorator']) retrieved from /home/airflow/.local/lib/python3.8/site-packages/airflow/example_dags/example_task_group_decorator.py
[2023-12-09T14:18:00.042+0000] {logging_mixin.py:154} INFO - [2023-12-09T14:18:00.042+0000] {dag.py:2941} INFO - Sync 1 DAGs
[2023-12-09T14:18:00.054+0000] {logging_mixin.py:154} INFO - [2023-12-09T14:18:00.054+0000] {dag.py:3722} INFO - Setting next_dagrun for example_task_group_decorator to 2023-12-08T14:18:00.053748+00:00, run_after=2023-12-09T14:18:00.053748+00:00
[2023-12-09T14:18:00.064+0000] {processor.py:179} INFO - Processing /home/airflow/.local/lib/python3.8/site-packages/airflow/example_dags/example_task_group_decorator.py took 0.058 seconds
[2023-12-09T14:18:30.846+0000] {processor.py:157} INFO - Started process (PID=4986) to work on /home/airflow/.local/lib/python3.8/site-packages/airflow/example_dags/example_task_group_decorator.py
[2023-12-09T14:18:30.847+0000] {processor.py:829} INFO - Processing file /home/airflow/.local/lib/python3.8/site-packages/airflow/example_dags/example_task_group_decorator.py for tasks to queue
[2023-12-09T14:18:30.848+0000] {logging_mixin.py:154} INFO - [2023-12-09T14:18:30.848+0000] {dagbag.py:536} INFO - Filling up the DagBag from /home/airflow/.local/lib/python3.8/site-packages/airflow/example_dags/example_task_group_decorator.py
[2023-12-09T14:18:30.861+0000] {processor.py:839} INFO - DAG(s) dict_keys(['example_task_group_decorator']) retrieved from /home/airflow/.local/lib/python3.8/site-packages/airflow/example_dags/example_task_group_decorator.py
[2023-12-09T14:18:30.878+0000] {logging_mixin.py:154} INFO - [2023-12-09T14:18:30.877+0000] {dag.py:2941} INFO - Sync 1 DAGs
[2023-12-09T14:18:30.889+0000] {logging_mixin.py:154} INFO - [2023-12-09T14:18:30.889+0000] {dag.py:3722} INFO - Setting next_dagrun for example_task_group_decorator to 2023-12-08T14:18:30.889544+00:00, run_after=2023-12-09T14:18:30.889544+00:00
[2023-12-09T14:18:30.898+0000] {processor.py:179} INFO - Processing /home/airflow/.local/lib/python3.8/site-packages/airflow/example_dags/example_task_group_decorator.py took 0.056 seconds
[2023-12-09T14:19:01.516+0000] {processor.py:157} INFO - Started process (PID=5224) to work on /home/airflow/.local/lib/python3.8/site-packages/airflow/example_dags/example_task_group_decorator.py
[2023-12-09T14:19:01.518+0000] {processor.py:829} INFO - Processing file /home/airflow/.local/lib/python3.8/site-packages/airflow/example_dags/example_task_group_decorator.py for tasks to queue
[2023-12-09T14:19:01.519+0000] {logging_mixin.py:154} INFO - [2023-12-09T14:19:01.518+0000] {dagbag.py:536} INFO - Filling up the DagBag from /home/airflow/.local/lib/python3.8/site-packages/airflow/example_dags/example_task_group_decorator.py
[2023-12-09T14:19:01.533+0000] {processor.py:839} INFO - DAG(s) dict_keys(['example_task_group_decorator']) retrieved from /home/airflow/.local/lib/python3.8/site-packages/airflow/example_dags/example_task_group_decorator.py
[2023-12-09T14:19:01.552+0000] {logging_mixin.py:154} INFO - [2023-12-09T14:19:01.551+0000] {dag.py:2941} INFO - Sync 1 DAGs
[2023-12-09T14:19:01.564+0000] {logging_mixin.py:154} INFO - [2023-12-09T14:19:01.564+0000] {dag.py:3722} INFO - Setting next_dagrun for example_task_group_decorator to 2023-12-08T14:19:01.564333+00:00, run_after=2023-12-09T14:19:01.564333+00:00
[2023-12-09T14:19:01.573+0000] {processor.py:179} INFO - Processing /home/airflow/.local/lib/python3.8/site-packages/airflow/example_dags/example_task_group_decorator.py took 0.061 seconds
