[2023-12-09T14:08:17.445+0000] {processor.py:157} INFO - Started process (PID=201) to work on /home/airflow/.local/lib/python3.8/site-packages/airflow/example_dags/example_branch_python_dop_operator_3.py
[2023-12-09T14:08:17.446+0000] {processor.py:829} INFO - Processing file /home/airflow/.local/lib/python3.8/site-packages/airflow/example_dags/example_branch_python_dop_operator_3.py for tasks to queue
[2023-12-09T14:08:17.447+0000] {logging_mixin.py:154} INFO - [2023-12-09T14:08:17.447+0000] {dagbag.py:536} INFO - Filling up the DagBag from /home/airflow/.local/lib/python3.8/site-packages/airflow/example_dags/example_branch_python_dop_operator_3.py
[2023-12-09T14:08:17.455+0000] {processor.py:839} INFO - DAG(s) dict_keys(['example_branch_dop_operator_v3']) retrieved from /home/airflow/.local/lib/python3.8/site-packages/airflow/example_dags/example_branch_python_dop_operator_3.py
[2023-12-09T14:08:17.466+0000] {logging_mixin.py:154} INFO - [2023-12-09T14:08:17.466+0000] {dag.py:2941} INFO - Sync 1 DAGs
[2023-12-09T14:08:17.484+0000] {logging_mixin.py:154} INFO - [2023-12-09T14:08:17.484+0000] {dag.py:3722} INFO - Setting next_dagrun for example_branch_dop_operator_v3 to 2023-12-09T14:07:00+00:00, run_after=2023-12-09T14:08:00+00:00
[2023-12-09T14:08:17.494+0000] {processor.py:179} INFO - Processing /home/airflow/.local/lib/python3.8/site-packages/airflow/example_dags/example_branch_python_dop_operator_3.py took 0.052 seconds
[2023-12-09T14:08:47.925+0000] {processor.py:157} INFO - Started process (PID=439) to work on /home/airflow/.local/lib/python3.8/site-packages/airflow/example_dags/example_branch_python_dop_operator_3.py
[2023-12-09T14:08:47.926+0000] {processor.py:829} INFO - Processing file /home/airflow/.local/lib/python3.8/site-packages/airflow/example_dags/example_branch_python_dop_operator_3.py for tasks to queue
[2023-12-09T14:08:47.926+0000] {logging_mixin.py:154} INFO - [2023-12-09T14:08:47.926+0000] {dagbag.py:536} INFO - Filling up the DagBag from /home/airflow/.local/lib/python3.8/site-packages/airflow/example_dags/example_branch_python_dop_operator_3.py
[2023-12-09T14:08:47.932+0000] {processor.py:839} INFO - DAG(s) dict_keys(['example_branch_dop_operator_v3']) retrieved from /home/airflow/.local/lib/python3.8/site-packages/airflow/example_dags/example_branch_python_dop_operator_3.py
[2023-12-09T14:08:47.945+0000] {logging_mixin.py:154} INFO - [2023-12-09T14:08:47.945+0000] {dag.py:2941} INFO - Sync 1 DAGs
[2023-12-09T14:08:47.958+0000] {logging_mixin.py:154} INFO - [2023-12-09T14:08:47.958+0000] {dag.py:3722} INFO - Setting next_dagrun for example_branch_dop_operator_v3 to 2023-12-09T14:07:00+00:00, run_after=2023-12-09T14:08:00+00:00
[2023-12-09T14:08:47.967+0000] {processor.py:179} INFO - Processing /home/airflow/.local/lib/python3.8/site-packages/airflow/example_dags/example_branch_python_dop_operator_3.py took 0.044 seconds
[2023-12-09T14:09:18.702+0000] {processor.py:157} INFO - Started process (PID=677) to work on /home/airflow/.local/lib/python3.8/site-packages/airflow/example_dags/example_branch_python_dop_operator_3.py
[2023-12-09T14:09:18.703+0000] {processor.py:829} INFO - Processing file /home/airflow/.local/lib/python3.8/site-packages/airflow/example_dags/example_branch_python_dop_operator_3.py for tasks to queue
[2023-12-09T14:09:18.703+0000] {logging_mixin.py:154} INFO - [2023-12-09T14:09:18.703+0000] {dagbag.py:536} INFO - Filling up the DagBag from /home/airflow/.local/lib/python3.8/site-packages/airflow/example_dags/example_branch_python_dop_operator_3.py
[2023-12-09T14:09:18.708+0000] {processor.py:839} INFO - DAG(s) dict_keys(['example_branch_dop_operator_v3']) retrieved from /home/airflow/.local/lib/python3.8/site-packages/airflow/example_dags/example_branch_python_dop_operator_3.py
[2023-12-09T14:09:18.722+0000] {logging_mixin.py:154} INFO - [2023-12-09T14:09:18.722+0000] {dag.py:2941} INFO - Sync 1 DAGs
[2023-12-09T14:09:18.735+0000] {logging_mixin.py:154} INFO - [2023-12-09T14:09:18.735+0000] {dag.py:3722} INFO - Setting next_dagrun for example_branch_dop_operator_v3 to 2023-12-09T14:08:00+00:00, run_after=2023-12-09T14:09:00+00:00
[2023-12-09T14:09:18.745+0000] {processor.py:179} INFO - Processing /home/airflow/.local/lib/python3.8/site-packages/airflow/example_dags/example_branch_python_dop_operator_3.py took 0.046 seconds
[2023-12-09T14:09:48.861+0000] {processor.py:157} INFO - Started process (PID=915) to work on /home/airflow/.local/lib/python3.8/site-packages/airflow/example_dags/example_branch_python_dop_operator_3.py
[2023-12-09T14:09:48.862+0000] {processor.py:829} INFO - Processing file /home/airflow/.local/lib/python3.8/site-packages/airflow/example_dags/example_branch_python_dop_operator_3.py for tasks to queue
[2023-12-09T14:09:48.862+0000] {logging_mixin.py:154} INFO - [2023-12-09T14:09:48.862+0000] {dagbag.py:536} INFO - Filling up the DagBag from /home/airflow/.local/lib/python3.8/site-packages/airflow/example_dags/example_branch_python_dop_operator_3.py
[2023-12-09T14:09:48.868+0000] {processor.py:839} INFO - DAG(s) dict_keys(['example_branch_dop_operator_v3']) retrieved from /home/airflow/.local/lib/python3.8/site-packages/airflow/example_dags/example_branch_python_dop_operator_3.py
[2023-12-09T14:09:48.881+0000] {logging_mixin.py:154} INFO - [2023-12-09T14:09:48.881+0000] {dag.py:2941} INFO - Sync 1 DAGs
[2023-12-09T14:09:48.895+0000] {logging_mixin.py:154} INFO - [2023-12-09T14:09:48.895+0000] {dag.py:3722} INFO - Setting next_dagrun for example_branch_dop_operator_v3 to 2023-12-09T14:08:00+00:00, run_after=2023-12-09T14:09:00+00:00
[2023-12-09T14:09:48.904+0000] {processor.py:179} INFO - Processing /home/airflow/.local/lib/python3.8/site-packages/airflow/example_dags/example_branch_python_dop_operator_3.py took 0.046 seconds
[2023-12-09T14:10:18.942+0000] {processor.py:157} INFO - Started process (PID=1153) to work on /home/airflow/.local/lib/python3.8/site-packages/airflow/example_dags/example_branch_python_dop_operator_3.py
[2023-12-09T14:10:18.943+0000] {processor.py:829} INFO - Processing file /home/airflow/.local/lib/python3.8/site-packages/airflow/example_dags/example_branch_python_dop_operator_3.py for tasks to queue
[2023-12-09T14:10:18.943+0000] {logging_mixin.py:154} INFO - [2023-12-09T14:10:18.943+0000] {dagbag.py:536} INFO - Filling up the DagBag from /home/airflow/.local/lib/python3.8/site-packages/airflow/example_dags/example_branch_python_dop_operator_3.py
[2023-12-09T14:10:18.949+0000] {processor.py:839} INFO - DAG(s) dict_keys(['example_branch_dop_operator_v3']) retrieved from /home/airflow/.local/lib/python3.8/site-packages/airflow/example_dags/example_branch_python_dop_operator_3.py
[2023-12-09T14:10:18.961+0000] {logging_mixin.py:154} INFO - [2023-12-09T14:10:18.961+0000] {dag.py:2941} INFO - Sync 1 DAGs
[2023-12-09T14:10:18.975+0000] {logging_mixin.py:154} INFO - [2023-12-09T14:10:18.975+0000] {dag.py:3722} INFO - Setting next_dagrun for example_branch_dop_operator_v3 to 2023-12-09T14:09:00+00:00, run_after=2023-12-09T14:10:00+00:00
[2023-12-09T14:10:18.984+0000] {processor.py:179} INFO - Processing /home/airflow/.local/lib/python3.8/site-packages/airflow/example_dags/example_branch_python_dop_operator_3.py took 0.044 seconds
[2023-12-09T14:10:49.813+0000] {processor.py:157} INFO - Started process (PID=1391) to work on /home/airflow/.local/lib/python3.8/site-packages/airflow/example_dags/example_branch_python_dop_operator_3.py
[2023-12-09T14:10:49.814+0000] {processor.py:829} INFO - Processing file /home/airflow/.local/lib/python3.8/site-packages/airflow/example_dags/example_branch_python_dop_operator_3.py for tasks to queue
[2023-12-09T14:10:49.815+0000] {logging_mixin.py:154} INFO - [2023-12-09T14:10:49.815+0000] {dagbag.py:536} INFO - Filling up the DagBag from /home/airflow/.local/lib/python3.8/site-packages/airflow/example_dags/example_branch_python_dop_operator_3.py
[2023-12-09T14:10:49.821+0000] {processor.py:839} INFO - DAG(s) dict_keys(['example_branch_dop_operator_v3']) retrieved from /home/airflow/.local/lib/python3.8/site-packages/airflow/example_dags/example_branch_python_dop_operator_3.py
[2023-12-09T14:10:49.833+0000] {logging_mixin.py:154} INFO - [2023-12-09T14:10:49.833+0000] {dag.py:2941} INFO - Sync 1 DAGs
[2023-12-09T14:10:49.847+0000] {logging_mixin.py:154} INFO - [2023-12-09T14:10:49.847+0000] {dag.py:3722} INFO - Setting next_dagrun for example_branch_dop_operator_v3 to 2023-12-09T14:09:00+00:00, run_after=2023-12-09T14:10:00+00:00
[2023-12-09T14:10:49.857+0000] {processor.py:179} INFO - Processing /home/airflow/.local/lib/python3.8/site-packages/airflow/example_dags/example_branch_python_dop_operator_3.py took 0.046 seconds
[2023-12-09T14:11:20.643+0000] {processor.py:157} INFO - Started process (PID=1629) to work on /home/airflow/.local/lib/python3.8/site-packages/airflow/example_dags/example_branch_python_dop_operator_3.py
[2023-12-09T14:11:20.644+0000] {processor.py:829} INFO - Processing file /home/airflow/.local/lib/python3.8/site-packages/airflow/example_dags/example_branch_python_dop_operator_3.py for tasks to queue
[2023-12-09T14:11:20.644+0000] {logging_mixin.py:154} INFO - [2023-12-09T14:11:20.644+0000] {dagbag.py:536} INFO - Filling up the DagBag from /home/airflow/.local/lib/python3.8/site-packages/airflow/example_dags/example_branch_python_dop_operator_3.py
[2023-12-09T14:11:20.650+0000] {processor.py:839} INFO - DAG(s) dict_keys(['example_branch_dop_operator_v3']) retrieved from /home/airflow/.local/lib/python3.8/site-packages/airflow/example_dags/example_branch_python_dop_operator_3.py
[2023-12-09T14:11:20.662+0000] {logging_mixin.py:154} INFO - [2023-12-09T14:11:20.662+0000] {dag.py:2941} INFO - Sync 1 DAGs
[2023-12-09T14:11:20.680+0000] {logging_mixin.py:154} INFO - [2023-12-09T14:11:20.679+0000] {dag.py:3722} INFO - Setting next_dagrun for example_branch_dop_operator_v3 to 2023-12-09T14:10:00+00:00, run_after=2023-12-09T14:11:00+00:00
[2023-12-09T14:11:20.692+0000] {processor.py:179} INFO - Processing /home/airflow/.local/lib/python3.8/site-packages/airflow/example_dags/example_branch_python_dop_operator_3.py took 0.051 seconds
[2023-12-09T14:11:50.794+0000] {processor.py:157} INFO - Started process (PID=1869) to work on /home/airflow/.local/lib/python3.8/site-packages/airflow/example_dags/example_branch_python_dop_operator_3.py
[2023-12-09T14:11:50.795+0000] {processor.py:829} INFO - Processing file /home/airflow/.local/lib/python3.8/site-packages/airflow/example_dags/example_branch_python_dop_operator_3.py for tasks to queue
[2023-12-09T14:11:50.796+0000] {logging_mixin.py:154} INFO - [2023-12-09T14:11:50.796+0000] {dagbag.py:536} INFO - Filling up the DagBag from /home/airflow/.local/lib/python3.8/site-packages/airflow/example_dags/example_branch_python_dop_operator_3.py
[2023-12-09T14:11:50.801+0000] {processor.py:839} INFO - DAG(s) dict_keys(['example_branch_dop_operator_v3']) retrieved from /home/airflow/.local/lib/python3.8/site-packages/airflow/example_dags/example_branch_python_dop_operator_3.py
[2023-12-09T14:11:50.813+0000] {logging_mixin.py:154} INFO - [2023-12-09T14:11:50.813+0000] {dag.py:2941} INFO - Sync 1 DAGs
[2023-12-09T14:11:50.828+0000] {logging_mixin.py:154} INFO - [2023-12-09T14:11:50.828+0000] {dag.py:3722} INFO - Setting next_dagrun for example_branch_dop_operator_v3 to 2023-12-09T14:10:00+00:00, run_after=2023-12-09T14:11:00+00:00
[2023-12-09T14:11:50.837+0000] {processor.py:179} INFO - Processing /home/airflow/.local/lib/python3.8/site-packages/airflow/example_dags/example_branch_python_dop_operator_3.py took 0.045 seconds
[2023-12-09T14:12:20.970+0000] {processor.py:157} INFO - Started process (PID=2107) to work on /home/airflow/.local/lib/python3.8/site-packages/airflow/example_dags/example_branch_python_dop_operator_3.py
[2023-12-09T14:12:20.971+0000] {processor.py:829} INFO - Processing file /home/airflow/.local/lib/python3.8/site-packages/airflow/example_dags/example_branch_python_dop_operator_3.py for tasks to queue
[2023-12-09T14:12:20.971+0000] {logging_mixin.py:154} INFO - [2023-12-09T14:12:20.971+0000] {dagbag.py:536} INFO - Filling up the DagBag from /home/airflow/.local/lib/python3.8/site-packages/airflow/example_dags/example_branch_python_dop_operator_3.py
[2023-12-09T14:12:20.976+0000] {processor.py:839} INFO - DAG(s) dict_keys(['example_branch_dop_operator_v3']) retrieved from /home/airflow/.local/lib/python3.8/site-packages/airflow/example_dags/example_branch_python_dop_operator_3.py
[2023-12-09T14:12:20.988+0000] {logging_mixin.py:154} INFO - [2023-12-09T14:12:20.988+0000] {dag.py:2941} INFO - Sync 1 DAGs
[2023-12-09T14:12:21.000+0000] {logging_mixin.py:154} INFO - [2023-12-09T14:12:21.000+0000] {dag.py:3722} INFO - Setting next_dagrun for example_branch_dop_operator_v3 to 2023-12-09T14:11:00+00:00, run_after=2023-12-09T14:12:00+00:00
[2023-12-09T14:12:21.009+0000] {processor.py:179} INFO - Processing /home/airflow/.local/lib/python3.8/site-packages/airflow/example_dags/example_branch_python_dop_operator_3.py took 0.041 seconds
[2023-12-09T14:12:51.662+0000] {processor.py:157} INFO - Started process (PID=2343) to work on /home/airflow/.local/lib/python3.8/site-packages/airflow/example_dags/example_branch_python_dop_operator_3.py
[2023-12-09T14:12:51.663+0000] {processor.py:829} INFO - Processing file /home/airflow/.local/lib/python3.8/site-packages/airflow/example_dags/example_branch_python_dop_operator_3.py for tasks to queue
[2023-12-09T14:12:51.663+0000] {logging_mixin.py:154} INFO - [2023-12-09T14:12:51.663+0000] {dagbag.py:536} INFO - Filling up the DagBag from /home/airflow/.local/lib/python3.8/site-packages/airflow/example_dags/example_branch_python_dop_operator_3.py
[2023-12-09T14:12:51.669+0000] {processor.py:839} INFO - DAG(s) dict_keys(['example_branch_dop_operator_v3']) retrieved from /home/airflow/.local/lib/python3.8/site-packages/airflow/example_dags/example_branch_python_dop_operator_3.py
[2023-12-09T14:12:51.682+0000] {logging_mixin.py:154} INFO - [2023-12-09T14:12:51.682+0000] {dag.py:2941} INFO - Sync 1 DAGs
[2023-12-09T14:12:51.698+0000] {logging_mixin.py:154} INFO - [2023-12-09T14:12:51.698+0000] {dag.py:3722} INFO - Setting next_dagrun for example_branch_dop_operator_v3 to 2023-12-09T14:11:00+00:00, run_after=2023-12-09T14:12:00+00:00
[2023-12-09T14:12:51.708+0000] {processor.py:179} INFO - Processing /home/airflow/.local/lib/python3.8/site-packages/airflow/example_dags/example_branch_python_dop_operator_3.py took 0.048 seconds
[2023-12-09T14:13:21.750+0000] {processor.py:157} INFO - Started process (PID=2581) to work on /home/airflow/.local/lib/python3.8/site-packages/airflow/example_dags/example_branch_python_dop_operator_3.py
[2023-12-09T14:13:21.750+0000] {processor.py:829} INFO - Processing file /home/airflow/.local/lib/python3.8/site-packages/airflow/example_dags/example_branch_python_dop_operator_3.py for tasks to queue
[2023-12-09T14:13:21.751+0000] {logging_mixin.py:154} INFO - [2023-12-09T14:13:21.751+0000] {dagbag.py:536} INFO - Filling up the DagBag from /home/airflow/.local/lib/python3.8/site-packages/airflow/example_dags/example_branch_python_dop_operator_3.py
[2023-12-09T14:13:21.756+0000] {processor.py:839} INFO - DAG(s) dict_keys(['example_branch_dop_operator_v3']) retrieved from /home/airflow/.local/lib/python3.8/site-packages/airflow/example_dags/example_branch_python_dop_operator_3.py
[2023-12-09T14:13:21.768+0000] {logging_mixin.py:154} INFO - [2023-12-09T14:13:21.768+0000] {dag.py:2941} INFO - Sync 1 DAGs
[2023-12-09T14:13:21.781+0000] {logging_mixin.py:154} INFO - [2023-12-09T14:13:21.781+0000] {dag.py:3722} INFO - Setting next_dagrun for example_branch_dop_operator_v3 to 2023-12-09T14:12:00+00:00, run_after=2023-12-09T14:13:00+00:00
[2023-12-09T14:13:21.791+0000] {processor.py:179} INFO - Processing /home/airflow/.local/lib/python3.8/site-packages/airflow/example_dags/example_branch_python_dop_operator_3.py took 0.044 seconds
[2023-12-09T14:13:52.569+0000] {processor.py:157} INFO - Started process (PID=2819) to work on /home/airflow/.local/lib/python3.8/site-packages/airflow/example_dags/example_branch_python_dop_operator_3.py
[2023-12-09T14:13:52.570+0000] {processor.py:829} INFO - Processing file /home/airflow/.local/lib/python3.8/site-packages/airflow/example_dags/example_branch_python_dop_operator_3.py for tasks to queue
[2023-12-09T14:13:52.570+0000] {logging_mixin.py:154} INFO - [2023-12-09T14:13:52.570+0000] {dagbag.py:536} INFO - Filling up the DagBag from /home/airflow/.local/lib/python3.8/site-packages/airflow/example_dags/example_branch_python_dop_operator_3.py
[2023-12-09T14:13:52.576+0000] {processor.py:839} INFO - DAG(s) dict_keys(['example_branch_dop_operator_v3']) retrieved from /home/airflow/.local/lib/python3.8/site-packages/airflow/example_dags/example_branch_python_dop_operator_3.py
[2023-12-09T14:13:52.587+0000] {logging_mixin.py:154} INFO - [2023-12-09T14:13:52.587+0000] {dag.py:2941} INFO - Sync 1 DAGs
[2023-12-09T14:13:52.601+0000] {logging_mixin.py:154} INFO - [2023-12-09T14:13:52.601+0000] {dag.py:3722} INFO - Setting next_dagrun for example_branch_dop_operator_v3 to 2023-12-09T14:12:00+00:00, run_after=2023-12-09T14:13:00+00:00
[2023-12-09T14:13:52.610+0000] {processor.py:179} INFO - Processing /home/airflow/.local/lib/python3.8/site-packages/airflow/example_dags/example_branch_python_dop_operator_3.py took 0.043 seconds
[2023-12-09T14:14:23.301+0000] {processor.py:157} INFO - Started process (PID=3057) to work on /home/airflow/.local/lib/python3.8/site-packages/airflow/example_dags/example_branch_python_dop_operator_3.py
[2023-12-09T14:14:23.302+0000] {processor.py:829} INFO - Processing file /home/airflow/.local/lib/python3.8/site-packages/airflow/example_dags/example_branch_python_dop_operator_3.py for tasks to queue
[2023-12-09T14:14:23.302+0000] {logging_mixin.py:154} INFO - [2023-12-09T14:14:23.302+0000] {dagbag.py:536} INFO - Filling up the DagBag from /home/airflow/.local/lib/python3.8/site-packages/airflow/example_dags/example_branch_python_dop_operator_3.py
[2023-12-09T14:14:23.307+0000] {processor.py:839} INFO - DAG(s) dict_keys(['example_branch_dop_operator_v3']) retrieved from /home/airflow/.local/lib/python3.8/site-packages/airflow/example_dags/example_branch_python_dop_operator_3.py
[2023-12-09T14:14:23.320+0000] {logging_mixin.py:154} INFO - [2023-12-09T14:14:23.319+0000] {dag.py:2941} INFO - Sync 1 DAGs
[2023-12-09T14:14:23.333+0000] {logging_mixin.py:154} INFO - [2023-12-09T14:14:23.333+0000] {dag.py:3722} INFO - Setting next_dagrun for example_branch_dop_operator_v3 to 2023-12-09T14:13:00+00:00, run_after=2023-12-09T14:14:00+00:00
[2023-12-09T14:14:23.342+0000] {processor.py:179} INFO - Processing /home/airflow/.local/lib/python3.8/site-packages/airflow/example_dags/example_branch_python_dop_operator_3.py took 0.043 seconds
[2023-12-09T14:14:54.089+0000] {processor.py:157} INFO - Started process (PID=3295) to work on /home/airflow/.local/lib/python3.8/site-packages/airflow/example_dags/example_branch_python_dop_operator_3.py
[2023-12-09T14:14:54.089+0000] {processor.py:829} INFO - Processing file /home/airflow/.local/lib/python3.8/site-packages/airflow/example_dags/example_branch_python_dop_operator_3.py for tasks to queue
[2023-12-09T14:14:54.090+0000] {logging_mixin.py:154} INFO - [2023-12-09T14:14:54.090+0000] {dagbag.py:536} INFO - Filling up the DagBag from /home/airflow/.local/lib/python3.8/site-packages/airflow/example_dags/example_branch_python_dop_operator_3.py
[2023-12-09T14:14:54.095+0000] {processor.py:839} INFO - DAG(s) dict_keys(['example_branch_dop_operator_v3']) retrieved from /home/airflow/.local/lib/python3.8/site-packages/airflow/example_dags/example_branch_python_dop_operator_3.py
[2023-12-09T14:14:54.107+0000] {logging_mixin.py:154} INFO - [2023-12-09T14:14:54.107+0000] {dag.py:2941} INFO - Sync 1 DAGs
[2023-12-09T14:14:54.121+0000] {logging_mixin.py:154} INFO - [2023-12-09T14:14:54.121+0000] {dag.py:3722} INFO - Setting next_dagrun for example_branch_dop_operator_v3 to 2023-12-09T14:13:00+00:00, run_after=2023-12-09T14:14:00+00:00
[2023-12-09T14:14:54.131+0000] {processor.py:179} INFO - Processing /home/airflow/.local/lib/python3.8/site-packages/airflow/example_dags/example_branch_python_dop_operator_3.py took 0.045 seconds
[2023-12-09T14:15:24.810+0000] {processor.py:157} INFO - Started process (PID=3533) to work on /home/airflow/.local/lib/python3.8/site-packages/airflow/example_dags/example_branch_python_dop_operator_3.py
[2023-12-09T14:15:24.810+0000] {processor.py:829} INFO - Processing file /home/airflow/.local/lib/python3.8/site-packages/airflow/example_dags/example_branch_python_dop_operator_3.py for tasks to queue
[2023-12-09T14:15:24.811+0000] {logging_mixin.py:154} INFO - [2023-12-09T14:15:24.811+0000] {dagbag.py:536} INFO - Filling up the DagBag from /home/airflow/.local/lib/python3.8/site-packages/airflow/example_dags/example_branch_python_dop_operator_3.py
[2023-12-09T14:15:24.816+0000] {processor.py:839} INFO - DAG(s) dict_keys(['example_branch_dop_operator_v3']) retrieved from /home/airflow/.local/lib/python3.8/site-packages/airflow/example_dags/example_branch_python_dop_operator_3.py
[2023-12-09T14:15:24.829+0000] {logging_mixin.py:154} INFO - [2023-12-09T14:15:24.828+0000] {dag.py:2941} INFO - Sync 1 DAGs
[2023-12-09T14:15:24.842+0000] {logging_mixin.py:154} INFO - [2023-12-09T14:15:24.842+0000] {dag.py:3722} INFO - Setting next_dagrun for example_branch_dop_operator_v3 to 2023-12-09T14:14:00+00:00, run_after=2023-12-09T14:15:00+00:00
[2023-12-09T14:15:24.852+0000] {processor.py:179} INFO - Processing /home/airflow/.local/lib/python3.8/site-packages/airflow/example_dags/example_branch_python_dop_operator_3.py took 0.045 seconds
[2023-12-09T14:15:55.677+0000] {processor.py:157} INFO - Started process (PID=3773) to work on /home/airflow/.local/lib/python3.8/site-packages/airflow/example_dags/example_branch_python_dop_operator_3.py
[2023-12-09T14:15:55.678+0000] {processor.py:829} INFO - Processing file /home/airflow/.local/lib/python3.8/site-packages/airflow/example_dags/example_branch_python_dop_operator_3.py for tasks to queue
[2023-12-09T14:15:55.679+0000] {logging_mixin.py:154} INFO - [2023-12-09T14:15:55.679+0000] {dagbag.py:536} INFO - Filling up the DagBag from /home/airflow/.local/lib/python3.8/site-packages/airflow/example_dags/example_branch_python_dop_operator_3.py
[2023-12-09T14:15:55.684+0000] {processor.py:839} INFO - DAG(s) dict_keys(['example_branch_dop_operator_v3']) retrieved from /home/airflow/.local/lib/python3.8/site-packages/airflow/example_dags/example_branch_python_dop_operator_3.py
[2023-12-09T14:15:55.701+0000] {logging_mixin.py:154} INFO - [2023-12-09T14:15:55.701+0000] {dag.py:2941} INFO - Sync 1 DAGs
[2023-12-09T14:15:55.717+0000] {logging_mixin.py:154} INFO - [2023-12-09T14:15:55.717+0000] {dag.py:3722} INFO - Setting next_dagrun for example_branch_dop_operator_v3 to 2023-12-09T14:14:00+00:00, run_after=2023-12-09T14:15:00+00:00
[2023-12-09T14:15:55.728+0000] {processor.py:179} INFO - Processing /home/airflow/.local/lib/python3.8/site-packages/airflow/example_dags/example_branch_python_dop_operator_3.py took 0.054 seconds
[2023-12-09T14:16:25.765+0000] {processor.py:157} INFO - Started process (PID=4011) to work on /home/airflow/.local/lib/python3.8/site-packages/airflow/example_dags/example_branch_python_dop_operator_3.py
[2023-12-09T14:16:25.765+0000] {processor.py:829} INFO - Processing file /home/airflow/.local/lib/python3.8/site-packages/airflow/example_dags/example_branch_python_dop_operator_3.py for tasks to queue
[2023-12-09T14:16:25.766+0000] {logging_mixin.py:154} INFO - [2023-12-09T14:16:25.766+0000] {dagbag.py:536} INFO - Filling up the DagBag from /home/airflow/.local/lib/python3.8/site-packages/airflow/example_dags/example_branch_python_dop_operator_3.py
[2023-12-09T14:16:25.772+0000] {processor.py:839} INFO - DAG(s) dict_keys(['example_branch_dop_operator_v3']) retrieved from /home/airflow/.local/lib/python3.8/site-packages/airflow/example_dags/example_branch_python_dop_operator_3.py
[2023-12-09T14:16:25.794+0000] {logging_mixin.py:154} INFO - [2023-12-09T14:16:25.794+0000] {dag.py:2941} INFO - Sync 1 DAGs
[2023-12-09T14:16:25.808+0000] {logging_mixin.py:154} INFO - [2023-12-09T14:16:25.808+0000] {dag.py:3722} INFO - Setting next_dagrun for example_branch_dop_operator_v3 to 2023-12-09T14:15:00+00:00, run_after=2023-12-09T14:16:00+00:00
[2023-12-09T14:16:25.817+0000] {processor.py:179} INFO - Processing /home/airflow/.local/lib/python3.8/site-packages/airflow/example_dags/example_branch_python_dop_operator_3.py took 0.054 seconds
[2023-12-09T14:16:56.381+0000] {processor.py:157} INFO - Started process (PID=4247) to work on /home/airflow/.local/lib/python3.8/site-packages/airflow/example_dags/example_branch_python_dop_operator_3.py
[2023-12-09T14:16:56.381+0000] {processor.py:829} INFO - Processing file /home/airflow/.local/lib/python3.8/site-packages/airflow/example_dags/example_branch_python_dop_operator_3.py for tasks to queue
[2023-12-09T14:16:56.382+0000] {logging_mixin.py:154} INFO - [2023-12-09T14:16:56.382+0000] {dagbag.py:536} INFO - Filling up the DagBag from /home/airflow/.local/lib/python3.8/site-packages/airflow/example_dags/example_branch_python_dop_operator_3.py
[2023-12-09T14:16:56.387+0000] {processor.py:839} INFO - DAG(s) dict_keys(['example_branch_dop_operator_v3']) retrieved from /home/airflow/.local/lib/python3.8/site-packages/airflow/example_dags/example_branch_python_dop_operator_3.py
[2023-12-09T14:16:56.400+0000] {logging_mixin.py:154} INFO - [2023-12-09T14:16:56.400+0000] {dag.py:2941} INFO - Sync 1 DAGs
[2023-12-09T14:16:56.414+0000] {logging_mixin.py:154} INFO - [2023-12-09T14:16:56.414+0000] {dag.py:3722} INFO - Setting next_dagrun for example_branch_dop_operator_v3 to 2023-12-09T14:15:00+00:00, run_after=2023-12-09T14:16:00+00:00
[2023-12-09T14:16:56.424+0000] {processor.py:179} INFO - Processing /home/airflow/.local/lib/python3.8/site-packages/airflow/example_dags/example_branch_python_dop_operator_3.py took 0.046 seconds
[2023-12-09T14:17:27.045+0000] {processor.py:157} INFO - Started process (PID=4485) to work on /home/airflow/.local/lib/python3.8/site-packages/airflow/example_dags/example_branch_python_dop_operator_3.py
[2023-12-09T14:17:27.046+0000] {processor.py:829} INFO - Processing file /home/airflow/.local/lib/python3.8/site-packages/airflow/example_dags/example_branch_python_dop_operator_3.py for tasks to queue
[2023-12-09T14:17:27.046+0000] {logging_mixin.py:154} INFO - [2023-12-09T14:17:27.046+0000] {dagbag.py:536} INFO - Filling up the DagBag from /home/airflow/.local/lib/python3.8/site-packages/airflow/example_dags/example_branch_python_dop_operator_3.py
[2023-12-09T14:17:27.051+0000] {processor.py:839} INFO - DAG(s) dict_keys(['example_branch_dop_operator_v3']) retrieved from /home/airflow/.local/lib/python3.8/site-packages/airflow/example_dags/example_branch_python_dop_operator_3.py
[2023-12-09T14:17:27.066+0000] {logging_mixin.py:154} INFO - [2023-12-09T14:17:27.065+0000] {dag.py:2941} INFO - Sync 1 DAGs
[2023-12-09T14:17:27.079+0000] {logging_mixin.py:154} INFO - [2023-12-09T14:17:27.079+0000] {dag.py:3722} INFO - Setting next_dagrun for example_branch_dop_operator_v3 to 2023-12-09T14:16:00+00:00, run_after=2023-12-09T14:17:00+00:00
[2023-12-09T14:17:27.089+0000] {processor.py:179} INFO - Processing /home/airflow/.local/lib/python3.8/site-packages/airflow/example_dags/example_branch_python_dop_operator_3.py took 0.046 seconds
[2023-12-09T14:17:57.869+0000] {processor.py:157} INFO - Started process (PID=4723) to work on /home/airflow/.local/lib/python3.8/site-packages/airflow/example_dags/example_branch_python_dop_operator_3.py
[2023-12-09T14:17:57.870+0000] {processor.py:829} INFO - Processing file /home/airflow/.local/lib/python3.8/site-packages/airflow/example_dags/example_branch_python_dop_operator_3.py for tasks to queue
[2023-12-09T14:17:57.870+0000] {logging_mixin.py:154} INFO - [2023-12-09T14:17:57.870+0000] {dagbag.py:536} INFO - Filling up the DagBag from /home/airflow/.local/lib/python3.8/site-packages/airflow/example_dags/example_branch_python_dop_operator_3.py
[2023-12-09T14:17:57.875+0000] {processor.py:839} INFO - DAG(s) dict_keys(['example_branch_dop_operator_v3']) retrieved from /home/airflow/.local/lib/python3.8/site-packages/airflow/example_dags/example_branch_python_dop_operator_3.py
[2023-12-09T14:17:57.888+0000] {logging_mixin.py:154} INFO - [2023-12-09T14:17:57.888+0000] {dag.py:2941} INFO - Sync 1 DAGs
[2023-12-09T14:17:57.902+0000] {logging_mixin.py:154} INFO - [2023-12-09T14:17:57.901+0000] {dag.py:3722} INFO - Setting next_dagrun for example_branch_dop_operator_v3 to 2023-12-09T14:16:00+00:00, run_after=2023-12-09T14:17:00+00:00
[2023-12-09T14:17:57.911+0000] {processor.py:179} INFO - Processing /home/airflow/.local/lib/python3.8/site-packages/airflow/example_dags/example_branch_python_dop_operator_3.py took 0.044 seconds
[2023-12-09T14:18:28.703+0000] {processor.py:157} INFO - Started process (PID=4963) to work on /home/airflow/.local/lib/python3.8/site-packages/airflow/example_dags/example_branch_python_dop_operator_3.py
[2023-12-09T14:18:28.703+0000] {processor.py:829} INFO - Processing file /home/airflow/.local/lib/python3.8/site-packages/airflow/example_dags/example_branch_python_dop_operator_3.py for tasks to queue
[2023-12-09T14:18:28.704+0000] {logging_mixin.py:154} INFO - [2023-12-09T14:18:28.704+0000] {dagbag.py:536} INFO - Filling up the DagBag from /home/airflow/.local/lib/python3.8/site-packages/airflow/example_dags/example_branch_python_dop_operator_3.py
[2023-12-09T14:18:28.709+0000] {processor.py:839} INFO - DAG(s) dict_keys(['example_branch_dop_operator_v3']) retrieved from /home/airflow/.local/lib/python3.8/site-packages/airflow/example_dags/example_branch_python_dop_operator_3.py
[2023-12-09T14:18:28.722+0000] {logging_mixin.py:154} INFO - [2023-12-09T14:18:28.722+0000] {dag.py:2941} INFO - Sync 1 DAGs
[2023-12-09T14:18:28.736+0000] {logging_mixin.py:154} INFO - [2023-12-09T14:18:28.736+0000] {dag.py:3722} INFO - Setting next_dagrun for example_branch_dop_operator_v3 to 2023-12-09T14:17:00+00:00, run_after=2023-12-09T14:18:00+00:00
[2023-12-09T14:18:28.745+0000] {processor.py:179} INFO - Processing /home/airflow/.local/lib/python3.8/site-packages/airflow/example_dags/example_branch_python_dop_operator_3.py took 0.045 seconds
[2023-12-09T14:18:59.348+0000] {processor.py:157} INFO - Started process (PID=5199) to work on /home/airflow/.local/lib/python3.8/site-packages/airflow/example_dags/example_branch_python_dop_operator_3.py
[2023-12-09T14:18:59.349+0000] {processor.py:829} INFO - Processing file /home/airflow/.local/lib/python3.8/site-packages/airflow/example_dags/example_branch_python_dop_operator_3.py for tasks to queue
[2023-12-09T14:18:59.349+0000] {logging_mixin.py:154} INFO - [2023-12-09T14:18:59.349+0000] {dagbag.py:536} INFO - Filling up the DagBag from /home/airflow/.local/lib/python3.8/site-packages/airflow/example_dags/example_branch_python_dop_operator_3.py
[2023-12-09T14:18:59.355+0000] {processor.py:839} INFO - DAG(s) dict_keys(['example_branch_dop_operator_v3']) retrieved from /home/airflow/.local/lib/python3.8/site-packages/airflow/example_dags/example_branch_python_dop_operator_3.py
[2023-12-09T14:18:59.368+0000] {logging_mixin.py:154} INFO - [2023-12-09T14:18:59.368+0000] {dag.py:2941} INFO - Sync 1 DAGs
[2023-12-09T14:18:59.383+0000] {logging_mixin.py:154} INFO - [2023-12-09T14:18:59.383+0000] {dag.py:3722} INFO - Setting next_dagrun for example_branch_dop_operator_v3 to 2023-12-09T14:17:00+00:00, run_after=2023-12-09T14:18:00+00:00
[2023-12-09T14:18:59.395+0000] {processor.py:179} INFO - Processing /home/airflow/.local/lib/python3.8/site-packages/airflow/example_dags/example_branch_python_dop_operator_3.py took 0.049 seconds
