[2023-12-09T14:08:17.384+0000] {processor.py:157} INFO - Started process (PID=191) to work on /home/airflow/.local/lib/python3.8/site-packages/airflow/example_dags/example_python_operator.py
[2023-12-09T14:08:17.385+0000] {processor.py:829} INFO - Processing file /home/airflow/.local/lib/python3.8/site-packages/airflow/example_dags/example_python_operator.py for tasks to queue
[2023-12-09T14:08:17.385+0000] {logging_mixin.py:154} INFO - [2023-12-09T14:08:17.385+0000] {dagbag.py:536} INFO - Filling up the DagBag from /home/airflow/.local/lib/python3.8/site-packages/airflow/example_dags/example_python_operator.py
[2023-12-09T14:08:17.393+0000] {processor.py:839} INFO - DAG(s) dict_keys(['example_python_operator']) retrieved from /home/airflow/.local/lib/python3.8/site-packages/airflow/example_dags/example_python_operator.py
[2023-12-09T14:08:17.401+0000] {logging_mixin.py:154} INFO - [2023-12-09T14:08:17.401+0000] {dag.py:2941} INFO - Sync 1 DAGs
[2023-12-09T14:08:17.410+0000] {logging_mixin.py:154} INFO - [2023-12-09T14:08:17.410+0000] {dag.py:3722} INFO - Setting next_dagrun for example_python_operator to None, run_after=None
[2023-12-09T14:08:17.425+0000] {processor.py:179} INFO - Processing /home/airflow/.local/lib/python3.8/site-packages/airflow/example_dags/example_python_operator.py took 0.043 seconds
[2023-12-09T14:08:47.841+0000] {processor.py:157} INFO - Started process (PID=429) to work on /home/airflow/.local/lib/python3.8/site-packages/airflow/example_dags/example_python_operator.py
[2023-12-09T14:08:47.842+0000] {processor.py:829} INFO - Processing file /home/airflow/.local/lib/python3.8/site-packages/airflow/example_dags/example_python_operator.py for tasks to queue
[2023-12-09T14:08:47.842+0000] {logging_mixin.py:154} INFO - [2023-12-09T14:08:47.842+0000] {dagbag.py:536} INFO - Filling up the DagBag from /home/airflow/.local/lib/python3.8/site-packages/airflow/example_dags/example_python_operator.py
[2023-12-09T14:08:47.848+0000] {processor.py:839} INFO - DAG(s) dict_keys(['example_python_operator']) retrieved from /home/airflow/.local/lib/python3.8/site-packages/airflow/example_dags/example_python_operator.py
[2023-12-09T14:08:47.947+0000] {logging_mixin.py:154} INFO - [2023-12-09T14:08:47.947+0000] {dag.py:2941} INFO - Sync 1 DAGs
[2023-12-09T14:08:47.953+0000] {logging_mixin.py:154} INFO - [2023-12-09T14:08:47.952+0000] {dag.py:3722} INFO - Setting next_dagrun for example_python_operator to None, run_after=None
[2023-12-09T14:08:47.961+0000] {processor.py:179} INFO - Processing /home/airflow/.local/lib/python3.8/site-packages/airflow/example_dags/example_python_operator.py took 0.122 seconds
[2023-12-09T14:09:18.649+0000] {processor.py:157} INFO - Started process (PID=669) to work on /home/airflow/.local/lib/python3.8/site-packages/airflow/example_dags/example_python_operator.py
[2023-12-09T14:09:18.649+0000] {processor.py:829} INFO - Processing file /home/airflow/.local/lib/python3.8/site-packages/airflow/example_dags/example_python_operator.py for tasks to queue
[2023-12-09T14:09:18.650+0000] {logging_mixin.py:154} INFO - [2023-12-09T14:09:18.650+0000] {dagbag.py:536} INFO - Filling up the DagBag from /home/airflow/.local/lib/python3.8/site-packages/airflow/example_dags/example_python_operator.py
[2023-12-09T14:09:18.655+0000] {processor.py:839} INFO - DAG(s) dict_keys(['example_python_operator']) retrieved from /home/airflow/.local/lib/python3.8/site-packages/airflow/example_dags/example_python_operator.py
[2023-12-09T14:09:18.668+0000] {logging_mixin.py:154} INFO - [2023-12-09T14:09:18.668+0000] {dag.py:2941} INFO - Sync 1 DAGs
[2023-12-09T14:09:18.675+0000] {logging_mixin.py:154} INFO - [2023-12-09T14:09:18.675+0000] {dag.py:3722} INFO - Setting next_dagrun for example_python_operator to None, run_after=None
[2023-12-09T14:09:18.684+0000] {processor.py:179} INFO - Processing /home/airflow/.local/lib/python3.8/site-packages/airflow/example_dags/example_python_operator.py took 0.038 seconds
[2023-12-09T14:09:48.806+0000] {processor.py:157} INFO - Started process (PID=907) to work on /home/airflow/.local/lib/python3.8/site-packages/airflow/example_dags/example_python_operator.py
[2023-12-09T14:09:48.807+0000] {processor.py:829} INFO - Processing file /home/airflow/.local/lib/python3.8/site-packages/airflow/example_dags/example_python_operator.py for tasks to queue
[2023-12-09T14:09:48.807+0000] {logging_mixin.py:154} INFO - [2023-12-09T14:09:48.807+0000] {dagbag.py:536} INFO - Filling up the DagBag from /home/airflow/.local/lib/python3.8/site-packages/airflow/example_dags/example_python_operator.py
[2023-12-09T14:09:48.813+0000] {processor.py:839} INFO - DAG(s) dict_keys(['example_python_operator']) retrieved from /home/airflow/.local/lib/python3.8/site-packages/airflow/example_dags/example_python_operator.py
[2023-12-09T14:09:48.826+0000] {logging_mixin.py:154} INFO - [2023-12-09T14:09:48.826+0000] {dag.py:2941} INFO - Sync 1 DAGs
[2023-12-09T14:09:48.833+0000] {logging_mixin.py:154} INFO - [2023-12-09T14:09:48.833+0000] {dag.py:3722} INFO - Setting next_dagrun for example_python_operator to None, run_after=None
[2023-12-09T14:09:48.842+0000] {processor.py:179} INFO - Processing /home/airflow/.local/lib/python3.8/site-packages/airflow/example_dags/example_python_operator.py took 0.038 seconds
[2023-12-09T14:10:18.889+0000] {processor.py:157} INFO - Started process (PID=1143) to work on /home/airflow/.local/lib/python3.8/site-packages/airflow/example_dags/example_python_operator.py
[2023-12-09T14:10:18.889+0000] {processor.py:829} INFO - Processing file /home/airflow/.local/lib/python3.8/site-packages/airflow/example_dags/example_python_operator.py for tasks to queue
[2023-12-09T14:10:18.890+0000] {logging_mixin.py:154} INFO - [2023-12-09T14:10:18.890+0000] {dagbag.py:536} INFO - Filling up the DagBag from /home/airflow/.local/lib/python3.8/site-packages/airflow/example_dags/example_python_operator.py
[2023-12-09T14:10:18.895+0000] {processor.py:839} INFO - DAG(s) dict_keys(['example_python_operator']) retrieved from /home/airflow/.local/lib/python3.8/site-packages/airflow/example_dags/example_python_operator.py
[2023-12-09T14:10:18.909+0000] {logging_mixin.py:154} INFO - [2023-12-09T14:10:18.909+0000] {dag.py:2941} INFO - Sync 1 DAGs
[2023-12-09T14:10:18.916+0000] {logging_mixin.py:154} INFO - [2023-12-09T14:10:18.916+0000] {dag.py:3722} INFO - Setting next_dagrun for example_python_operator to None, run_after=None
[2023-12-09T14:10:18.925+0000] {processor.py:179} INFO - Processing /home/airflow/.local/lib/python3.8/site-packages/airflow/example_dags/example_python_operator.py took 0.039 seconds
[2023-12-09T14:10:49.760+0000] {processor.py:157} INFO - Started process (PID=1381) to work on /home/airflow/.local/lib/python3.8/site-packages/airflow/example_dags/example_python_operator.py
[2023-12-09T14:10:49.761+0000] {processor.py:829} INFO - Processing file /home/airflow/.local/lib/python3.8/site-packages/airflow/example_dags/example_python_operator.py for tasks to queue
[2023-12-09T14:10:49.761+0000] {logging_mixin.py:154} INFO - [2023-12-09T14:10:49.761+0000] {dagbag.py:536} INFO - Filling up the DagBag from /home/airflow/.local/lib/python3.8/site-packages/airflow/example_dags/example_python_operator.py
[2023-12-09T14:10:49.767+0000] {processor.py:839} INFO - DAG(s) dict_keys(['example_python_operator']) retrieved from /home/airflow/.local/lib/python3.8/site-packages/airflow/example_dags/example_python_operator.py
[2023-12-09T14:10:49.780+0000] {logging_mixin.py:154} INFO - [2023-12-09T14:10:49.780+0000] {dag.py:2941} INFO - Sync 1 DAGs
[2023-12-09T14:10:49.787+0000] {logging_mixin.py:154} INFO - [2023-12-09T14:10:49.786+0000] {dag.py:3722} INFO - Setting next_dagrun for example_python_operator to None, run_after=None
[2023-12-09T14:10:49.796+0000] {processor.py:179} INFO - Processing /home/airflow/.local/lib/python3.8/site-packages/airflow/example_dags/example_python_operator.py took 0.039 seconds
[2023-12-09T14:11:20.588+0000] {processor.py:157} INFO - Started process (PID=1619) to work on /home/airflow/.local/lib/python3.8/site-packages/airflow/example_dags/example_python_operator.py
[2023-12-09T14:11:20.589+0000] {processor.py:829} INFO - Processing file /home/airflow/.local/lib/python3.8/site-packages/airflow/example_dags/example_python_operator.py for tasks to queue
[2023-12-09T14:11:20.589+0000] {logging_mixin.py:154} INFO - [2023-12-09T14:11:20.589+0000] {dagbag.py:536} INFO - Filling up the DagBag from /home/airflow/.local/lib/python3.8/site-packages/airflow/example_dags/example_python_operator.py
[2023-12-09T14:11:20.595+0000] {processor.py:839} INFO - DAG(s) dict_keys(['example_python_operator']) retrieved from /home/airflow/.local/lib/python3.8/site-packages/airflow/example_dags/example_python_operator.py
[2023-12-09T14:11:20.608+0000] {logging_mixin.py:154} INFO - [2023-12-09T14:11:20.608+0000] {dag.py:2941} INFO - Sync 1 DAGs
[2023-12-09T14:11:20.615+0000] {logging_mixin.py:154} INFO - [2023-12-09T14:11:20.615+0000] {dag.py:3722} INFO - Setting next_dagrun for example_python_operator to None, run_after=None
[2023-12-09T14:11:20.626+0000] {processor.py:179} INFO - Processing /home/airflow/.local/lib/python3.8/site-packages/airflow/example_dags/example_python_operator.py took 0.040 seconds
[2023-12-09T14:11:50.742+0000] {processor.py:157} INFO - Started process (PID=1859) to work on /home/airflow/.local/lib/python3.8/site-packages/airflow/example_dags/example_python_operator.py
[2023-12-09T14:11:50.743+0000] {processor.py:829} INFO - Processing file /home/airflow/.local/lib/python3.8/site-packages/airflow/example_dags/example_python_operator.py for tasks to queue
[2023-12-09T14:11:50.744+0000] {logging_mixin.py:154} INFO - [2023-12-09T14:11:50.743+0000] {dagbag.py:536} INFO - Filling up the DagBag from /home/airflow/.local/lib/python3.8/site-packages/airflow/example_dags/example_python_operator.py
[2023-12-09T14:11:50.749+0000] {processor.py:839} INFO - DAG(s) dict_keys(['example_python_operator']) retrieved from /home/airflow/.local/lib/python3.8/site-packages/airflow/example_dags/example_python_operator.py
[2023-12-09T14:11:50.763+0000] {logging_mixin.py:154} INFO - [2023-12-09T14:11:50.763+0000] {dag.py:2941} INFO - Sync 1 DAGs
[2023-12-09T14:11:50.769+0000] {logging_mixin.py:154} INFO - [2023-12-09T14:11:50.769+0000] {dag.py:3722} INFO - Setting next_dagrun for example_python_operator to None, run_after=None
[2023-12-09T14:11:50.779+0000] {processor.py:179} INFO - Processing /home/airflow/.local/lib/python3.8/site-packages/airflow/example_dags/example_python_operator.py took 0.039 seconds
[2023-12-09T14:12:20.874+0000] {processor.py:157} INFO - Started process (PID=2095) to work on /home/airflow/.local/lib/python3.8/site-packages/airflow/example_dags/example_python_operator.py
[2023-12-09T14:12:20.874+0000] {processor.py:829} INFO - Processing file /home/airflow/.local/lib/python3.8/site-packages/airflow/example_dags/example_python_operator.py for tasks to queue
[2023-12-09T14:12:20.875+0000] {logging_mixin.py:154} INFO - [2023-12-09T14:12:20.875+0000] {dagbag.py:536} INFO - Filling up the DagBag from /home/airflow/.local/lib/python3.8/site-packages/airflow/example_dags/example_python_operator.py
[2023-12-09T14:12:20.882+0000] {processor.py:839} INFO - DAG(s) dict_keys(['example_python_operator']) retrieved from /home/airflow/.local/lib/python3.8/site-packages/airflow/example_dags/example_python_operator.py
[2023-12-09T14:12:20.898+0000] {logging_mixin.py:154} INFO - [2023-12-09T14:12:20.898+0000] {dag.py:2941} INFO - Sync 1 DAGs
[2023-12-09T14:12:20.906+0000] {logging_mixin.py:154} INFO - [2023-12-09T14:12:20.906+0000] {dag.py:3722} INFO - Setting next_dagrun for example_python_operator to None, run_after=None
[2023-12-09T14:12:20.917+0000] {processor.py:179} INFO - Processing /home/airflow/.local/lib/python3.8/site-packages/airflow/example_dags/example_python_operator.py took 0.046 seconds
[2023-12-09T14:12:51.606+0000] {processor.py:157} INFO - Started process (PID=2335) to work on /home/airflow/.local/lib/python3.8/site-packages/airflow/example_dags/example_python_operator.py
[2023-12-09T14:12:51.607+0000] {processor.py:829} INFO - Processing file /home/airflow/.local/lib/python3.8/site-packages/airflow/example_dags/example_python_operator.py for tasks to queue
[2023-12-09T14:12:51.607+0000] {logging_mixin.py:154} INFO - [2023-12-09T14:12:51.607+0000] {dagbag.py:536} INFO - Filling up the DagBag from /home/airflow/.local/lib/python3.8/site-packages/airflow/example_dags/example_python_operator.py
[2023-12-09T14:12:51.613+0000] {processor.py:839} INFO - DAG(s) dict_keys(['example_python_operator']) retrieved from /home/airflow/.local/lib/python3.8/site-packages/airflow/example_dags/example_python_operator.py
[2023-12-09T14:12:51.627+0000] {logging_mixin.py:154} INFO - [2023-12-09T14:12:51.627+0000] {dag.py:2941} INFO - Sync 1 DAGs
[2023-12-09T14:12:51.634+0000] {logging_mixin.py:154} INFO - [2023-12-09T14:12:51.634+0000] {dag.py:3722} INFO - Setting next_dagrun for example_python_operator to None, run_after=None
[2023-12-09T14:12:51.642+0000] {processor.py:179} INFO - Processing /home/airflow/.local/lib/python3.8/site-packages/airflow/example_dags/example_python_operator.py took 0.039 seconds
[2023-12-09T14:13:21.689+0000] {processor.py:157} INFO - Started process (PID=2571) to work on /home/airflow/.local/lib/python3.8/site-packages/airflow/example_dags/example_python_operator.py
[2023-12-09T14:13:21.690+0000] {processor.py:829} INFO - Processing file /home/airflow/.local/lib/python3.8/site-packages/airflow/example_dags/example_python_operator.py for tasks to queue
[2023-12-09T14:13:21.691+0000] {logging_mixin.py:154} INFO - [2023-12-09T14:13:21.691+0000] {dagbag.py:536} INFO - Filling up the DagBag from /home/airflow/.local/lib/python3.8/site-packages/airflow/example_dags/example_python_operator.py
[2023-12-09T14:13:21.697+0000] {processor.py:839} INFO - DAG(s) dict_keys(['example_python_operator']) retrieved from /home/airflow/.local/lib/python3.8/site-packages/airflow/example_dags/example_python_operator.py
[2023-12-09T14:13:21.717+0000] {logging_mixin.py:154} INFO - [2023-12-09T14:13:21.717+0000] {dag.py:2941} INFO - Sync 1 DAGs
[2023-12-09T14:13:21.723+0000] {logging_mixin.py:154} INFO - [2023-12-09T14:13:21.723+0000] {dag.py:3722} INFO - Setting next_dagrun for example_python_operator to None, run_after=None
[2023-12-09T14:13:21.733+0000] {processor.py:179} INFO - Processing /home/airflow/.local/lib/python3.8/site-packages/airflow/example_dags/example_python_operator.py took 0.046 seconds
[2023-12-09T14:13:52.517+0000] {processor.py:157} INFO - Started process (PID=2809) to work on /home/airflow/.local/lib/python3.8/site-packages/airflow/example_dags/example_python_operator.py
[2023-12-09T14:13:52.518+0000] {processor.py:829} INFO - Processing file /home/airflow/.local/lib/python3.8/site-packages/airflow/example_dags/example_python_operator.py for tasks to queue
[2023-12-09T14:13:52.518+0000] {logging_mixin.py:154} INFO - [2023-12-09T14:13:52.518+0000] {dagbag.py:536} INFO - Filling up the DagBag from /home/airflow/.local/lib/python3.8/site-packages/airflow/example_dags/example_python_operator.py
[2023-12-09T14:13:52.524+0000] {processor.py:839} INFO - DAG(s) dict_keys(['example_python_operator']) retrieved from /home/airflow/.local/lib/python3.8/site-packages/airflow/example_dags/example_python_operator.py
[2023-12-09T14:13:52.537+0000] {logging_mixin.py:154} INFO - [2023-12-09T14:13:52.537+0000] {dag.py:2941} INFO - Sync 1 DAGs
[2023-12-09T14:13:52.544+0000] {logging_mixin.py:154} INFO - [2023-12-09T14:13:52.544+0000] {dag.py:3722} INFO - Setting next_dagrun for example_python_operator to None, run_after=None
[2023-12-09T14:13:52.553+0000] {processor.py:179} INFO - Processing /home/airflow/.local/lib/python3.8/site-packages/airflow/example_dags/example_python_operator.py took 0.038 seconds
[2023-12-09T14:14:23.250+0000] {processor.py:157} INFO - Started process (PID=3047) to work on /home/airflow/.local/lib/python3.8/site-packages/airflow/example_dags/example_python_operator.py
[2023-12-09T14:14:23.250+0000] {processor.py:829} INFO - Processing file /home/airflow/.local/lib/python3.8/site-packages/airflow/example_dags/example_python_operator.py for tasks to queue
[2023-12-09T14:14:23.251+0000] {logging_mixin.py:154} INFO - [2023-12-09T14:14:23.251+0000] {dagbag.py:536} INFO - Filling up the DagBag from /home/airflow/.local/lib/python3.8/site-packages/airflow/example_dags/example_python_operator.py
[2023-12-09T14:14:23.256+0000] {processor.py:839} INFO - DAG(s) dict_keys(['example_python_operator']) retrieved from /home/airflow/.local/lib/python3.8/site-packages/airflow/example_dags/example_python_operator.py
[2023-12-09T14:14:23.270+0000] {logging_mixin.py:154} INFO - [2023-12-09T14:14:23.270+0000] {dag.py:2941} INFO - Sync 1 DAGs
[2023-12-09T14:14:23.276+0000] {logging_mixin.py:154} INFO - [2023-12-09T14:14:23.276+0000] {dag.py:3722} INFO - Setting next_dagrun for example_python_operator to None, run_after=None
[2023-12-09T14:14:23.285+0000] {processor.py:179} INFO - Processing /home/airflow/.local/lib/python3.8/site-packages/airflow/example_dags/example_python_operator.py took 0.037 seconds
[2023-12-09T14:14:54.034+0000] {processor.py:157} INFO - Started process (PID=3285) to work on /home/airflow/.local/lib/python3.8/site-packages/airflow/example_dags/example_python_operator.py
[2023-12-09T14:14:54.034+0000] {processor.py:829} INFO - Processing file /home/airflow/.local/lib/python3.8/site-packages/airflow/example_dags/example_python_operator.py for tasks to queue
[2023-12-09T14:14:54.035+0000] {logging_mixin.py:154} INFO - [2023-12-09T14:14:54.035+0000] {dagbag.py:536} INFO - Filling up the DagBag from /home/airflow/.local/lib/python3.8/site-packages/airflow/example_dags/example_python_operator.py
[2023-12-09T14:14:54.040+0000] {processor.py:839} INFO - DAG(s) dict_keys(['example_python_operator']) retrieved from /home/airflow/.local/lib/python3.8/site-packages/airflow/example_dags/example_python_operator.py
[2023-12-09T14:14:54.054+0000] {logging_mixin.py:154} INFO - [2023-12-09T14:14:54.054+0000] {dag.py:2941} INFO - Sync 1 DAGs
[2023-12-09T14:14:54.060+0000] {logging_mixin.py:154} INFO - [2023-12-09T14:14:54.060+0000] {dag.py:3722} INFO - Setting next_dagrun for example_python_operator to None, run_after=None
[2023-12-09T14:14:54.070+0000] {processor.py:179} INFO - Processing /home/airflow/.local/lib/python3.8/site-packages/airflow/example_dags/example_python_operator.py took 0.039 seconds
[2023-12-09T14:15:24.757+0000] {processor.py:157} INFO - Started process (PID=3523) to work on /home/airflow/.local/lib/python3.8/site-packages/airflow/example_dags/example_python_operator.py
[2023-12-09T14:15:24.758+0000] {processor.py:829} INFO - Processing file /home/airflow/.local/lib/python3.8/site-packages/airflow/example_dags/example_python_operator.py for tasks to queue
[2023-12-09T14:15:24.758+0000] {logging_mixin.py:154} INFO - [2023-12-09T14:15:24.758+0000] {dagbag.py:536} INFO - Filling up the DagBag from /home/airflow/.local/lib/python3.8/site-packages/airflow/example_dags/example_python_operator.py
[2023-12-09T14:15:24.764+0000] {processor.py:839} INFO - DAG(s) dict_keys(['example_python_operator']) retrieved from /home/airflow/.local/lib/python3.8/site-packages/airflow/example_dags/example_python_operator.py
[2023-12-09T14:15:24.778+0000] {logging_mixin.py:154} INFO - [2023-12-09T14:15:24.777+0000] {dag.py:2941} INFO - Sync 1 DAGs
[2023-12-09T14:15:24.784+0000] {logging_mixin.py:154} INFO - [2023-12-09T14:15:24.784+0000] {dag.py:3722} INFO - Setting next_dagrun for example_python_operator to None, run_after=None
[2023-12-09T14:15:24.793+0000] {processor.py:179} INFO - Processing /home/airflow/.local/lib/python3.8/site-packages/airflow/example_dags/example_python_operator.py took 0.038 seconds
[2023-12-09T14:15:55.614+0000] {processor.py:157} INFO - Started process (PID=3763) to work on /home/airflow/.local/lib/python3.8/site-packages/airflow/example_dags/example_python_operator.py
[2023-12-09T14:15:55.615+0000] {processor.py:829} INFO - Processing file /home/airflow/.local/lib/python3.8/site-packages/airflow/example_dags/example_python_operator.py for tasks to queue
[2023-12-09T14:15:55.615+0000] {logging_mixin.py:154} INFO - [2023-12-09T14:15:55.615+0000] {dagbag.py:536} INFO - Filling up the DagBag from /home/airflow/.local/lib/python3.8/site-packages/airflow/example_dags/example_python_operator.py
[2023-12-09T14:15:55.621+0000] {processor.py:839} INFO - DAG(s) dict_keys(['example_python_operator']) retrieved from /home/airflow/.local/lib/python3.8/site-packages/airflow/example_dags/example_python_operator.py
[2023-12-09T14:15:55.639+0000] {logging_mixin.py:154} INFO - [2023-12-09T14:15:55.639+0000] {dag.py:2941} INFO - Sync 1 DAGs
[2023-12-09T14:15:55.648+0000] {logging_mixin.py:154} INFO - [2023-12-09T14:15:55.648+0000] {dag.py:3722} INFO - Setting next_dagrun for example_python_operator to None, run_after=None
[2023-12-09T14:15:55.659+0000] {processor.py:179} INFO - Processing /home/airflow/.local/lib/python3.8/site-packages/airflow/example_dags/example_python_operator.py took 0.047 seconds
[2023-12-09T14:16:25.714+0000] {processor.py:157} INFO - Started process (PID=4001) to work on /home/airflow/.local/lib/python3.8/site-packages/airflow/example_dags/example_python_operator.py
[2023-12-09T14:16:25.715+0000] {processor.py:829} INFO - Processing file /home/airflow/.local/lib/python3.8/site-packages/airflow/example_dags/example_python_operator.py for tasks to queue
[2023-12-09T14:16:25.716+0000] {logging_mixin.py:154} INFO - [2023-12-09T14:16:25.715+0000] {dagbag.py:536} INFO - Filling up the DagBag from /home/airflow/.local/lib/python3.8/site-packages/airflow/example_dags/example_python_operator.py
[2023-12-09T14:16:25.721+0000] {processor.py:839} INFO - DAG(s) dict_keys(['example_python_operator']) retrieved from /home/airflow/.local/lib/python3.8/site-packages/airflow/example_dags/example_python_operator.py
[2023-12-09T14:16:25.735+0000] {logging_mixin.py:154} INFO - [2023-12-09T14:16:25.734+0000] {dag.py:2941} INFO - Sync 1 DAGs
[2023-12-09T14:16:25.741+0000] {logging_mixin.py:154} INFO - [2023-12-09T14:16:25.740+0000] {dag.py:3722} INFO - Setting next_dagrun for example_python_operator to None, run_after=None
[2023-12-09T14:16:25.749+0000] {processor.py:179} INFO - Processing /home/airflow/.local/lib/python3.8/site-packages/airflow/example_dags/example_python_operator.py took 0.038 seconds
[2023-12-09T14:16:56.328+0000] {processor.py:157} INFO - Started process (PID=4237) to work on /home/airflow/.local/lib/python3.8/site-packages/airflow/example_dags/example_python_operator.py
[2023-12-09T14:16:56.329+0000] {processor.py:829} INFO - Processing file /home/airflow/.local/lib/python3.8/site-packages/airflow/example_dags/example_python_operator.py for tasks to queue
[2023-12-09T14:16:56.329+0000] {logging_mixin.py:154} INFO - [2023-12-09T14:16:56.329+0000] {dagbag.py:536} INFO - Filling up the DagBag from /home/airflow/.local/lib/python3.8/site-packages/airflow/example_dags/example_python_operator.py
[2023-12-09T14:16:56.335+0000] {processor.py:839} INFO - DAG(s) dict_keys(['example_python_operator']) retrieved from /home/airflow/.local/lib/python3.8/site-packages/airflow/example_dags/example_python_operator.py
[2023-12-09T14:16:56.348+0000] {logging_mixin.py:154} INFO - [2023-12-09T14:16:56.348+0000] {dag.py:2941} INFO - Sync 1 DAGs
[2023-12-09T14:16:56.355+0000] {logging_mixin.py:154} INFO - [2023-12-09T14:16:56.354+0000] {dag.py:3722} INFO - Setting next_dagrun for example_python_operator to None, run_after=None
[2023-12-09T14:16:56.364+0000] {processor.py:179} INFO - Processing /home/airflow/.local/lib/python3.8/site-packages/airflow/example_dags/example_python_operator.py took 0.038 seconds
[2023-12-09T14:17:26.993+0000] {processor.py:157} INFO - Started process (PID=4475) to work on /home/airflow/.local/lib/python3.8/site-packages/airflow/example_dags/example_python_operator.py
[2023-12-09T14:17:26.993+0000] {processor.py:829} INFO - Processing file /home/airflow/.local/lib/python3.8/site-packages/airflow/example_dags/example_python_operator.py for tasks to queue
[2023-12-09T14:17:26.994+0000] {logging_mixin.py:154} INFO - [2023-12-09T14:17:26.994+0000] {dagbag.py:536} INFO - Filling up the DagBag from /home/airflow/.local/lib/python3.8/site-packages/airflow/example_dags/example_python_operator.py
[2023-12-09T14:17:26.999+0000] {processor.py:839} INFO - DAG(s) dict_keys(['example_python_operator']) retrieved from /home/airflow/.local/lib/python3.8/site-packages/airflow/example_dags/example_python_operator.py
[2023-12-09T14:17:27.013+0000] {logging_mixin.py:154} INFO - [2023-12-09T14:17:27.013+0000] {dag.py:2941} INFO - Sync 1 DAGs
[2023-12-09T14:17:27.019+0000] {logging_mixin.py:154} INFO - [2023-12-09T14:17:27.019+0000] {dag.py:3722} INFO - Setting next_dagrun for example_python_operator to None, run_after=None
[2023-12-09T14:17:27.028+0000] {processor.py:179} INFO - Processing /home/airflow/.local/lib/python3.8/site-packages/airflow/example_dags/example_python_operator.py took 0.038 seconds
[2023-12-09T14:17:57.809+0000] {processor.py:157} INFO - Started process (PID=4715) to work on /home/airflow/.local/lib/python3.8/site-packages/airflow/example_dags/example_python_operator.py
[2023-12-09T14:17:57.810+0000] {processor.py:829} INFO - Processing file /home/airflow/.local/lib/python3.8/site-packages/airflow/example_dags/example_python_operator.py for tasks to queue
[2023-12-09T14:17:57.810+0000] {logging_mixin.py:154} INFO - [2023-12-09T14:17:57.810+0000] {dagbag.py:536} INFO - Filling up the DagBag from /home/airflow/.local/lib/python3.8/site-packages/airflow/example_dags/example_python_operator.py
[2023-12-09T14:17:57.816+0000] {processor.py:839} INFO - DAG(s) dict_keys(['example_python_operator']) retrieved from /home/airflow/.local/lib/python3.8/site-packages/airflow/example_dags/example_python_operator.py
[2023-12-09T14:17:57.830+0000] {logging_mixin.py:154} INFO - [2023-12-09T14:17:57.830+0000] {dag.py:2941} INFO - Sync 1 DAGs
[2023-12-09T14:17:57.838+0000] {logging_mixin.py:154} INFO - [2023-12-09T14:17:57.837+0000] {dag.py:3722} INFO - Setting next_dagrun for example_python_operator to None, run_after=None
[2023-12-09T14:17:57.848+0000] {processor.py:179} INFO - Processing /home/airflow/.local/lib/python3.8/site-packages/airflow/example_dags/example_python_operator.py took 0.041 seconds
[2023-12-09T14:18:28.653+0000] {processor.py:157} INFO - Started process (PID=4953) to work on /home/airflow/.local/lib/python3.8/site-packages/airflow/example_dags/example_python_operator.py
[2023-12-09T14:18:28.654+0000] {processor.py:829} INFO - Processing file /home/airflow/.local/lib/python3.8/site-packages/airflow/example_dags/example_python_operator.py for tasks to queue
[2023-12-09T14:18:28.655+0000] {logging_mixin.py:154} INFO - [2023-12-09T14:18:28.654+0000] {dagbag.py:536} INFO - Filling up the DagBag from /home/airflow/.local/lib/python3.8/site-packages/airflow/example_dags/example_python_operator.py
[2023-12-09T14:18:28.660+0000] {processor.py:839} INFO - DAG(s) dict_keys(['example_python_operator']) retrieved from /home/airflow/.local/lib/python3.8/site-packages/airflow/example_dags/example_python_operator.py
[2023-12-09T14:18:28.673+0000] {logging_mixin.py:154} INFO - [2023-12-09T14:18:28.673+0000] {dag.py:2941} INFO - Sync 1 DAGs
[2023-12-09T14:18:28.679+0000] {logging_mixin.py:154} INFO - [2023-12-09T14:18:28.679+0000] {dag.py:3722} INFO - Setting next_dagrun for example_python_operator to None, run_after=None
[2023-12-09T14:18:28.688+0000] {processor.py:179} INFO - Processing /home/airflow/.local/lib/python3.8/site-packages/airflow/example_dags/example_python_operator.py took 0.037 seconds
[2023-12-09T14:18:59.292+0000] {processor.py:157} INFO - Started process (PID=5189) to work on /home/airflow/.local/lib/python3.8/site-packages/airflow/example_dags/example_python_operator.py
[2023-12-09T14:18:59.292+0000] {processor.py:829} INFO - Processing file /home/airflow/.local/lib/python3.8/site-packages/airflow/example_dags/example_python_operator.py for tasks to queue
[2023-12-09T14:18:59.293+0000] {logging_mixin.py:154} INFO - [2023-12-09T14:18:59.293+0000] {dagbag.py:536} INFO - Filling up the DagBag from /home/airflow/.local/lib/python3.8/site-packages/airflow/example_dags/example_python_operator.py
[2023-12-09T14:18:59.298+0000] {processor.py:839} INFO - DAG(s) dict_keys(['example_python_operator']) retrieved from /home/airflow/.local/lib/python3.8/site-packages/airflow/example_dags/example_python_operator.py
[2023-12-09T14:18:59.311+0000] {logging_mixin.py:154} INFO - [2023-12-09T14:18:59.311+0000] {dag.py:2941} INFO - Sync 1 DAGs
[2023-12-09T14:18:59.318+0000] {logging_mixin.py:154} INFO - [2023-12-09T14:18:59.317+0000] {dag.py:3722} INFO - Setting next_dagrun for example_python_operator to None, run_after=None
[2023-12-09T14:18:59.327+0000] {processor.py:179} INFO - Processing /home/airflow/.local/lib/python3.8/site-packages/airflow/example_dags/example_python_operator.py took 0.038 seconds
