[2023-12-09T14:08:18.313+0000] {processor.py:157} INFO - Started process (PID=316) to work on /home/airflow/.local/lib/python3.8/site-packages/airflow/example_dags/example_setup_teardown_taskflow.py
[2023-12-09T14:08:18.314+0000] {processor.py:829} INFO - Processing file /home/airflow/.local/lib/python3.8/site-packages/airflow/example_dags/example_setup_teardown_taskflow.py for tasks to queue
[2023-12-09T14:08:18.314+0000] {logging_mixin.py:154} INFO - [2023-12-09T14:08:18.314+0000] {dagbag.py:536} INFO - Filling up the DagBag from /home/airflow/.local/lib/python3.8/site-packages/airflow/example_dags/example_setup_teardown_taskflow.py
[2023-12-09T14:08:18.324+0000] {processor.py:839} INFO - DAG(s) dict_keys(['example_setup_teardown_taskflow']) retrieved from /home/airflow/.local/lib/python3.8/site-packages/airflow/example_dags/example_setup_teardown_taskflow.py
[2023-12-09T14:08:18.333+0000] {logging_mixin.py:154} INFO - [2023-12-09T14:08:18.333+0000] {dag.py:2941} INFO - Sync 1 DAGs
[2023-12-09T14:08:18.347+0000] {logging_mixin.py:154} INFO - [2023-12-09T14:08:18.347+0000] {dag.py:3722} INFO - Setting next_dagrun for example_setup_teardown_taskflow to 2023-12-08T14:08:18.346898+00:00, run_after=2023-12-09T14:08:18.346898+00:00
[2023-12-09T14:08:18.356+0000] {processor.py:179} INFO - Processing /home/airflow/.local/lib/python3.8/site-packages/airflow/example_dags/example_setup_teardown_taskflow.py took 0.046 seconds
[2023-12-09T14:08:48.697+0000] {processor.py:157} INFO - Started process (PID=554) to work on /home/airflow/.local/lib/python3.8/site-packages/airflow/example_dags/example_setup_teardown_taskflow.py
[2023-12-09T14:08:48.698+0000] {processor.py:829} INFO - Processing file /home/airflow/.local/lib/python3.8/site-packages/airflow/example_dags/example_setup_teardown_taskflow.py for tasks to queue
[2023-12-09T14:08:48.698+0000] {logging_mixin.py:154} INFO - [2023-12-09T14:08:48.698+0000] {dagbag.py:536} INFO - Filling up the DagBag from /home/airflow/.local/lib/python3.8/site-packages/airflow/example_dags/example_setup_teardown_taskflow.py
[2023-12-09T14:08:48.704+0000] {processor.py:839} INFO - DAG(s) dict_keys(['example_setup_teardown_taskflow']) retrieved from /home/airflow/.local/lib/python3.8/site-packages/airflow/example_dags/example_setup_teardown_taskflow.py
[2023-12-09T14:08:48.717+0000] {logging_mixin.py:154} INFO - [2023-12-09T14:08:48.717+0000] {dag.py:2941} INFO - Sync 1 DAGs
[2023-12-09T14:08:48.728+0000] {logging_mixin.py:154} INFO - [2023-12-09T14:08:48.728+0000] {dag.py:3722} INFO - Setting next_dagrun for example_setup_teardown_taskflow to 2023-12-08T14:08:48.728649+00:00, run_after=2023-12-09T14:08:48.728649+00:00
[2023-12-09T14:08:48.738+0000] {processor.py:179} INFO - Processing /home/airflow/.local/lib/python3.8/site-packages/airflow/example_dags/example_setup_teardown_taskflow.py took 0.043 seconds
[2023-12-09T14:09:19.576+0000] {processor.py:157} INFO - Started process (PID=792) to work on /home/airflow/.local/lib/python3.8/site-packages/airflow/example_dags/example_setup_teardown_taskflow.py
[2023-12-09T14:09:19.577+0000] {processor.py:829} INFO - Processing file /home/airflow/.local/lib/python3.8/site-packages/airflow/example_dags/example_setup_teardown_taskflow.py for tasks to queue
[2023-12-09T14:09:19.577+0000] {logging_mixin.py:154} INFO - [2023-12-09T14:09:19.577+0000] {dagbag.py:536} INFO - Filling up the DagBag from /home/airflow/.local/lib/python3.8/site-packages/airflow/example_dags/example_setup_teardown_taskflow.py
[2023-12-09T14:09:19.585+0000] {processor.py:839} INFO - DAG(s) dict_keys(['example_setup_teardown_taskflow']) retrieved from /home/airflow/.local/lib/python3.8/site-packages/airflow/example_dags/example_setup_teardown_taskflow.py
[2023-12-09T14:09:19.600+0000] {logging_mixin.py:154} INFO - [2023-12-09T14:09:19.600+0000] {dag.py:2941} INFO - Sync 1 DAGs
[2023-12-09T14:09:19.617+0000] {logging_mixin.py:154} INFO - [2023-12-09T14:09:19.617+0000] {dag.py:3722} INFO - Setting next_dagrun for example_setup_teardown_taskflow to 2023-12-08T14:09:19.616914+00:00, run_after=2023-12-09T14:09:19.616914+00:00
[2023-12-09T14:09:19.629+0000] {processor.py:179} INFO - Processing /home/airflow/.local/lib/python3.8/site-packages/airflow/example_dags/example_setup_teardown_taskflow.py took 0.056 seconds
[2023-12-09T14:09:49.710+0000] {processor.py:157} INFO - Started process (PID=1030) to work on /home/airflow/.local/lib/python3.8/site-packages/airflow/example_dags/example_setup_teardown_taskflow.py
[2023-12-09T14:09:49.710+0000] {processor.py:829} INFO - Processing file /home/airflow/.local/lib/python3.8/site-packages/airflow/example_dags/example_setup_teardown_taskflow.py for tasks to queue
[2023-12-09T14:09:49.711+0000] {logging_mixin.py:154} INFO - [2023-12-09T14:09:49.711+0000] {dagbag.py:536} INFO - Filling up the DagBag from /home/airflow/.local/lib/python3.8/site-packages/airflow/example_dags/example_setup_teardown_taskflow.py
[2023-12-09T14:09:49.719+0000] {processor.py:839} INFO - DAG(s) dict_keys(['example_setup_teardown_taskflow']) retrieved from /home/airflow/.local/lib/python3.8/site-packages/airflow/example_dags/example_setup_teardown_taskflow.py
[2023-12-09T14:09:49.735+0000] {logging_mixin.py:154} INFO - [2023-12-09T14:09:49.735+0000] {dag.py:2941} INFO - Sync 1 DAGs
[2023-12-09T14:09:49.750+0000] {logging_mixin.py:154} INFO - [2023-12-09T14:09:49.749+0000] {dag.py:3722} INFO - Setting next_dagrun for example_setup_teardown_taskflow to 2023-12-08T14:09:49.749684+00:00, run_after=2023-12-09T14:09:49.749684+00:00
[2023-12-09T14:09:49.762+0000] {processor.py:179} INFO - Processing /home/airflow/.local/lib/python3.8/site-packages/airflow/example_dags/example_setup_teardown_taskflow.py took 0.055 seconds
[2023-12-09T14:10:19.828+0000] {processor.py:157} INFO - Started process (PID=1268) to work on /home/airflow/.local/lib/python3.8/site-packages/airflow/example_dags/example_setup_teardown_taskflow.py
[2023-12-09T14:10:19.829+0000] {processor.py:829} INFO - Processing file /home/airflow/.local/lib/python3.8/site-packages/airflow/example_dags/example_setup_teardown_taskflow.py for tasks to queue
[2023-12-09T14:10:19.829+0000] {logging_mixin.py:154} INFO - [2023-12-09T14:10:19.829+0000] {dagbag.py:536} INFO - Filling up the DagBag from /home/airflow/.local/lib/python3.8/site-packages/airflow/example_dags/example_setup_teardown_taskflow.py
[2023-12-09T14:10:19.835+0000] {processor.py:839} INFO - DAG(s) dict_keys(['example_setup_teardown_taskflow']) retrieved from /home/airflow/.local/lib/python3.8/site-packages/airflow/example_dags/example_setup_teardown_taskflow.py
[2023-12-09T14:10:19.847+0000] {logging_mixin.py:154} INFO - [2023-12-09T14:10:19.847+0000] {dag.py:2941} INFO - Sync 1 DAGs
[2023-12-09T14:10:19.858+0000] {logging_mixin.py:154} INFO - [2023-12-09T14:10:19.858+0000] {dag.py:3722} INFO - Setting next_dagrun for example_setup_teardown_taskflow to 2023-12-08T14:10:19.858198+00:00, run_after=2023-12-09T14:10:19.858198+00:00
[2023-12-09T14:10:19.867+0000] {processor.py:179} INFO - Processing /home/airflow/.local/lib/python3.8/site-packages/airflow/example_dags/example_setup_teardown_taskflow.py took 0.041 seconds
[2023-12-09T14:10:50.636+0000] {processor.py:157} INFO - Started process (PID=1506) to work on /home/airflow/.local/lib/python3.8/site-packages/airflow/example_dags/example_setup_teardown_taskflow.py
[2023-12-09T14:10:50.637+0000] {processor.py:829} INFO - Processing file /home/airflow/.local/lib/python3.8/site-packages/airflow/example_dags/example_setup_teardown_taskflow.py for tasks to queue
[2023-12-09T14:10:50.637+0000] {logging_mixin.py:154} INFO - [2023-12-09T14:10:50.637+0000] {dagbag.py:536} INFO - Filling up the DagBag from /home/airflow/.local/lib/python3.8/site-packages/airflow/example_dags/example_setup_teardown_taskflow.py
[2023-12-09T14:10:50.643+0000] {processor.py:839} INFO - DAG(s) dict_keys(['example_setup_teardown_taskflow']) retrieved from /home/airflow/.local/lib/python3.8/site-packages/airflow/example_dags/example_setup_teardown_taskflow.py
[2023-12-09T14:10:50.655+0000] {logging_mixin.py:154} INFO - [2023-12-09T14:10:50.655+0000] {dag.py:2941} INFO - Sync 1 DAGs
[2023-12-09T14:10:50.667+0000] {logging_mixin.py:154} INFO - [2023-12-09T14:10:50.667+0000] {dag.py:3722} INFO - Setting next_dagrun for example_setup_teardown_taskflow to 2023-12-08T14:10:50.667138+00:00, run_after=2023-12-09T14:10:50.667138+00:00
[2023-12-09T14:10:50.677+0000] {processor.py:179} INFO - Processing /home/airflow/.local/lib/python3.8/site-packages/airflow/example_dags/example_setup_teardown_taskflow.py took 0.043 seconds
[2023-12-09T14:11:21.493+0000] {processor.py:157} INFO - Started process (PID=1744) to work on /home/airflow/.local/lib/python3.8/site-packages/airflow/example_dags/example_setup_teardown_taskflow.py
[2023-12-09T14:11:21.494+0000] {processor.py:829} INFO - Processing file /home/airflow/.local/lib/python3.8/site-packages/airflow/example_dags/example_setup_teardown_taskflow.py for tasks to queue
[2023-12-09T14:11:21.495+0000] {logging_mixin.py:154} INFO - [2023-12-09T14:11:21.495+0000] {dagbag.py:536} INFO - Filling up the DagBag from /home/airflow/.local/lib/python3.8/site-packages/airflow/example_dags/example_setup_teardown_taskflow.py
[2023-12-09T14:11:21.501+0000] {processor.py:839} INFO - DAG(s) dict_keys(['example_setup_teardown_taskflow']) retrieved from /home/airflow/.local/lib/python3.8/site-packages/airflow/example_dags/example_setup_teardown_taskflow.py
[2023-12-09T14:11:21.515+0000] {logging_mixin.py:154} INFO - [2023-12-09T14:11:21.515+0000] {dag.py:2941} INFO - Sync 1 DAGs
[2023-12-09T14:11:21.528+0000] {logging_mixin.py:154} INFO - [2023-12-09T14:11:21.528+0000] {dag.py:3722} INFO - Setting next_dagrun for example_setup_teardown_taskflow to 2023-12-08T14:11:21.527966+00:00, run_after=2023-12-09T14:11:21.527966+00:00
[2023-12-09T14:11:21.537+0000] {processor.py:179} INFO - Processing /home/airflow/.local/lib/python3.8/site-packages/airflow/example_dags/example_setup_teardown_taskflow.py took 0.046 seconds
[2023-12-09T14:11:51.638+0000] {processor.py:157} INFO - Started process (PID=1984) to work on /home/airflow/.local/lib/python3.8/site-packages/airflow/example_dags/example_setup_teardown_taskflow.py
[2023-12-09T14:11:51.639+0000] {processor.py:829} INFO - Processing file /home/airflow/.local/lib/python3.8/site-packages/airflow/example_dags/example_setup_teardown_taskflow.py for tasks to queue
[2023-12-09T14:11:51.639+0000] {logging_mixin.py:154} INFO - [2023-12-09T14:11:51.639+0000] {dagbag.py:536} INFO - Filling up the DagBag from /home/airflow/.local/lib/python3.8/site-packages/airflow/example_dags/example_setup_teardown_taskflow.py
[2023-12-09T14:11:51.645+0000] {processor.py:839} INFO - DAG(s) dict_keys(['example_setup_teardown_taskflow']) retrieved from /home/airflow/.local/lib/python3.8/site-packages/airflow/example_dags/example_setup_teardown_taskflow.py
[2023-12-09T14:11:51.658+0000] {logging_mixin.py:154} INFO - [2023-12-09T14:11:51.657+0000] {dag.py:2941} INFO - Sync 1 DAGs
[2023-12-09T14:11:51.668+0000] {logging_mixin.py:154} INFO - [2023-12-09T14:11:51.667+0000] {dag.py:3722} INFO - Setting next_dagrun for example_setup_teardown_taskflow to 2023-12-08T14:11:51.667851+00:00, run_after=2023-12-09T14:11:51.667851+00:00
[2023-12-09T14:11:51.676+0000] {processor.py:179} INFO - Processing /home/airflow/.local/lib/python3.8/site-packages/airflow/example_dags/example_setup_teardown_taskflow.py took 0.039 seconds
[2023-12-09T14:12:21.722+0000] {processor.py:157} INFO - Started process (PID=2220) to work on /home/airflow/.local/lib/python3.8/site-packages/airflow/example_dags/example_setup_teardown_taskflow.py
[2023-12-09T14:12:21.723+0000] {processor.py:829} INFO - Processing file /home/airflow/.local/lib/python3.8/site-packages/airflow/example_dags/example_setup_teardown_taskflow.py for tasks to queue
[2023-12-09T14:12:21.724+0000] {logging_mixin.py:154} INFO - [2023-12-09T14:12:21.723+0000] {dagbag.py:536} INFO - Filling up the DagBag from /home/airflow/.local/lib/python3.8/site-packages/airflow/example_dags/example_setup_teardown_taskflow.py
[2023-12-09T14:12:21.729+0000] {processor.py:839} INFO - DAG(s) dict_keys(['example_setup_teardown_taskflow']) retrieved from /home/airflow/.local/lib/python3.8/site-packages/airflow/example_dags/example_setup_teardown_taskflow.py
[2023-12-09T14:12:21.742+0000] {logging_mixin.py:154} INFO - [2023-12-09T14:12:21.742+0000] {dag.py:2941} INFO - Sync 1 DAGs
[2023-12-09T14:12:21.754+0000] {logging_mixin.py:154} INFO - [2023-12-09T14:12:21.753+0000] {dag.py:3722} INFO - Setting next_dagrun for example_setup_teardown_taskflow to 2023-12-08T14:12:21.753808+00:00, run_after=2023-12-09T14:12:21.753808+00:00
[2023-12-09T14:12:21.763+0000] {processor.py:179} INFO - Processing /home/airflow/.local/lib/python3.8/site-packages/airflow/example_dags/example_setup_teardown_taskflow.py took 0.043 seconds
[2023-12-09T14:12:52.514+0000] {processor.py:157} INFO - Started process (PID=2458) to work on /home/airflow/.local/lib/python3.8/site-packages/airflow/example_dags/example_setup_teardown_taskflow.py
[2023-12-09T14:12:52.514+0000] {processor.py:829} INFO - Processing file /home/airflow/.local/lib/python3.8/site-packages/airflow/example_dags/example_setup_teardown_taskflow.py for tasks to queue
[2023-12-09T14:12:52.515+0000] {logging_mixin.py:154} INFO - [2023-12-09T14:12:52.515+0000] {dagbag.py:536} INFO - Filling up the DagBag from /home/airflow/.local/lib/python3.8/site-packages/airflow/example_dags/example_setup_teardown_taskflow.py
[2023-12-09T14:12:52.521+0000] {processor.py:839} INFO - DAG(s) dict_keys(['example_setup_teardown_taskflow']) retrieved from /home/airflow/.local/lib/python3.8/site-packages/airflow/example_dags/example_setup_teardown_taskflow.py
[2023-12-09T14:12:52.534+0000] {logging_mixin.py:154} INFO - [2023-12-09T14:12:52.534+0000] {dag.py:2941} INFO - Sync 1 DAGs
[2023-12-09T14:12:52.545+0000] {logging_mixin.py:154} INFO - [2023-12-09T14:12:52.545+0000] {dag.py:3722} INFO - Setting next_dagrun for example_setup_teardown_taskflow to 2023-12-08T14:12:52.545537+00:00, run_after=2023-12-09T14:12:52.545537+00:00
[2023-12-09T14:12:52.554+0000] {processor.py:179} INFO - Processing /home/airflow/.local/lib/python3.8/site-packages/airflow/example_dags/example_setup_teardown_taskflow.py took 0.042 seconds
[2023-12-09T14:13:23.621+0000] {processor.py:157} INFO - Started process (PID=2696) to work on /home/airflow/.local/lib/python3.8/site-packages/airflow/example_dags/example_setup_teardown_taskflow.py
[2023-12-09T14:13:23.622+0000] {processor.py:829} INFO - Processing file /home/airflow/.local/lib/python3.8/site-packages/airflow/example_dags/example_setup_teardown_taskflow.py for tasks to queue
[2023-12-09T14:13:23.623+0000] {logging_mixin.py:154} INFO - [2023-12-09T14:13:23.623+0000] {dagbag.py:536} INFO - Filling up the DagBag from /home/airflow/.local/lib/python3.8/site-packages/airflow/example_dags/example_setup_teardown_taskflow.py
[2023-12-09T14:13:23.636+0000] {processor.py:839} INFO - DAG(s) dict_keys(['example_setup_teardown_taskflow']) retrieved from /home/airflow/.local/lib/python3.8/site-packages/airflow/example_dags/example_setup_teardown_taskflow.py
[2023-12-09T14:13:23.654+0000] {logging_mixin.py:154} INFO - [2023-12-09T14:13:23.654+0000] {dag.py:2941} INFO - Sync 1 DAGs
[2023-12-09T14:13:23.668+0000] {logging_mixin.py:154} INFO - [2023-12-09T14:13:23.668+0000] {dag.py:3722} INFO - Setting next_dagrun for example_setup_teardown_taskflow to 2023-12-08T14:13:23.668441+00:00, run_after=2023-12-09T14:13:23.668441+00:00
[2023-12-09T14:13:23.680+0000] {processor.py:179} INFO - Processing /home/airflow/.local/lib/python3.8/site-packages/airflow/example_dags/example_setup_teardown_taskflow.py took 0.063 seconds
[2023-12-09T14:13:54.330+0000] {processor.py:157} INFO - Started process (PID=2934) to work on /home/airflow/.local/lib/python3.8/site-packages/airflow/example_dags/example_setup_teardown_taskflow.py
[2023-12-09T14:13:54.331+0000] {processor.py:829} INFO - Processing file /home/airflow/.local/lib/python3.8/site-packages/airflow/example_dags/example_setup_teardown_taskflow.py for tasks to queue
[2023-12-09T14:13:54.331+0000] {logging_mixin.py:154} INFO - [2023-12-09T14:13:54.331+0000] {dagbag.py:536} INFO - Filling up the DagBag from /home/airflow/.local/lib/python3.8/site-packages/airflow/example_dags/example_setup_teardown_taskflow.py
[2023-12-09T14:13:54.338+0000] {processor.py:839} INFO - DAG(s) dict_keys(['example_setup_teardown_taskflow']) retrieved from /home/airflow/.local/lib/python3.8/site-packages/airflow/example_dags/example_setup_teardown_taskflow.py
[2023-12-09T14:13:54.352+0000] {logging_mixin.py:154} INFO - [2023-12-09T14:13:54.352+0000] {dag.py:2941} INFO - Sync 1 DAGs
[2023-12-09T14:13:54.366+0000] {logging_mixin.py:154} INFO - [2023-12-09T14:13:54.366+0000] {dag.py:3722} INFO - Setting next_dagrun for example_setup_teardown_taskflow to 2023-12-08T14:13:54.366546+00:00, run_after=2023-12-09T14:13:54.366546+00:00
[2023-12-09T14:13:54.378+0000] {processor.py:179} INFO - Processing /home/airflow/.local/lib/python3.8/site-packages/airflow/example_dags/example_setup_teardown_taskflow.py took 0.050 seconds
[2023-12-09T14:14:25.096+0000] {processor.py:157} INFO - Started process (PID=3172) to work on /home/airflow/.local/lib/python3.8/site-packages/airflow/example_dags/example_setup_teardown_taskflow.py
[2023-12-09T14:14:25.096+0000] {processor.py:829} INFO - Processing file /home/airflow/.local/lib/python3.8/site-packages/airflow/example_dags/example_setup_teardown_taskflow.py for tasks to queue
[2023-12-09T14:14:25.097+0000] {logging_mixin.py:154} INFO - [2023-12-09T14:14:25.097+0000] {dagbag.py:536} INFO - Filling up the DagBag from /home/airflow/.local/lib/python3.8/site-packages/airflow/example_dags/example_setup_teardown_taskflow.py
[2023-12-09T14:14:25.103+0000] {processor.py:839} INFO - DAG(s) dict_keys(['example_setup_teardown_taskflow']) retrieved from /home/airflow/.local/lib/python3.8/site-packages/airflow/example_dags/example_setup_teardown_taskflow.py
[2023-12-09T14:14:25.116+0000] {logging_mixin.py:154} INFO - [2023-12-09T14:14:25.116+0000] {dag.py:2941} INFO - Sync 1 DAGs
[2023-12-09T14:14:25.127+0000] {logging_mixin.py:154} INFO - [2023-12-09T14:14:25.127+0000] {dag.py:3722} INFO - Setting next_dagrun for example_setup_teardown_taskflow to 2023-12-08T14:14:25.127560+00:00, run_after=2023-12-09T14:14:25.127560+00:00
[2023-12-09T14:14:25.140+0000] {processor.py:179} INFO - Processing /home/airflow/.local/lib/python3.8/site-packages/airflow/example_dags/example_setup_teardown_taskflow.py took 0.046 seconds
[2023-12-09T14:14:55.889+0000] {processor.py:157} INFO - Started process (PID=3410) to work on /home/airflow/.local/lib/python3.8/site-packages/airflow/example_dags/example_setup_teardown_taskflow.py
[2023-12-09T14:14:55.890+0000] {processor.py:829} INFO - Processing file /home/airflow/.local/lib/python3.8/site-packages/airflow/example_dags/example_setup_teardown_taskflow.py for tasks to queue
[2023-12-09T14:14:55.890+0000] {logging_mixin.py:154} INFO - [2023-12-09T14:14:55.890+0000] {dagbag.py:536} INFO - Filling up the DagBag from /home/airflow/.local/lib/python3.8/site-packages/airflow/example_dags/example_setup_teardown_taskflow.py
[2023-12-09T14:14:55.896+0000] {processor.py:839} INFO - DAG(s) dict_keys(['example_setup_teardown_taskflow']) retrieved from /home/airflow/.local/lib/python3.8/site-packages/airflow/example_dags/example_setup_teardown_taskflow.py
[2023-12-09T14:14:55.908+0000] {logging_mixin.py:154} INFO - [2023-12-09T14:14:55.908+0000] {dag.py:2941} INFO - Sync 1 DAGs
[2023-12-09T14:14:55.919+0000] {logging_mixin.py:154} INFO - [2023-12-09T14:14:55.919+0000] {dag.py:3722} INFO - Setting next_dagrun for example_setup_teardown_taskflow to 2023-12-08T14:14:55.919365+00:00, run_after=2023-12-09T14:14:55.919365+00:00
[2023-12-09T14:14:55.928+0000] {processor.py:179} INFO - Processing /home/airflow/.local/lib/python3.8/site-packages/airflow/example_dags/example_setup_teardown_taskflow.py took 0.041 seconds
[2023-12-09T14:15:26.573+0000] {processor.py:157} INFO - Started process (PID=3648) to work on /home/airflow/.local/lib/python3.8/site-packages/airflow/example_dags/example_setup_teardown_taskflow.py
[2023-12-09T14:15:26.574+0000] {processor.py:829} INFO - Processing file /home/airflow/.local/lib/python3.8/site-packages/airflow/example_dags/example_setup_teardown_taskflow.py for tasks to queue
[2023-12-09T14:15:26.575+0000] {logging_mixin.py:154} INFO - [2023-12-09T14:15:26.574+0000] {dagbag.py:536} INFO - Filling up the DagBag from /home/airflow/.local/lib/python3.8/site-packages/airflow/example_dags/example_setup_teardown_taskflow.py
[2023-12-09T14:15:26.581+0000] {processor.py:839} INFO - DAG(s) dict_keys(['example_setup_teardown_taskflow']) retrieved from /home/airflow/.local/lib/python3.8/site-packages/airflow/example_dags/example_setup_teardown_taskflow.py
[2023-12-09T14:15:26.593+0000] {logging_mixin.py:154} INFO - [2023-12-09T14:15:26.593+0000] {dag.py:2941} INFO - Sync 1 DAGs
[2023-12-09T14:15:26.605+0000] {logging_mixin.py:154} INFO - [2023-12-09T14:15:26.605+0000] {dag.py:3722} INFO - Setting next_dagrun for example_setup_teardown_taskflow to 2023-12-08T14:15:26.604966+00:00, run_after=2023-12-09T14:15:26.604966+00:00
[2023-12-09T14:15:26.613+0000] {processor.py:179} INFO - Processing /home/airflow/.local/lib/python3.8/site-packages/airflow/example_dags/example_setup_teardown_taskflow.py took 0.042 seconds
[2023-12-09T14:15:57.643+0000] {processor.py:157} INFO - Started process (PID=3888) to work on /home/airflow/.local/lib/python3.8/site-packages/airflow/example_dags/example_setup_teardown_taskflow.py
[2023-12-09T14:15:57.643+0000] {processor.py:829} INFO - Processing file /home/airflow/.local/lib/python3.8/site-packages/airflow/example_dags/example_setup_teardown_taskflow.py for tasks to queue
[2023-12-09T14:15:57.644+0000] {logging_mixin.py:154} INFO - [2023-12-09T14:15:57.644+0000] {dagbag.py:536} INFO - Filling up the DagBag from /home/airflow/.local/lib/python3.8/site-packages/airflow/example_dags/example_setup_teardown_taskflow.py
[2023-12-09T14:15:57.651+0000] {processor.py:839} INFO - DAG(s) dict_keys(['example_setup_teardown_taskflow']) retrieved from /home/airflow/.local/lib/python3.8/site-packages/airflow/example_dags/example_setup_teardown_taskflow.py
[2023-12-09T14:15:57.666+0000] {logging_mixin.py:154} INFO - [2023-12-09T14:15:57.666+0000] {dag.py:2941} INFO - Sync 1 DAGs
[2023-12-09T14:15:57.678+0000] {logging_mixin.py:154} INFO - [2023-12-09T14:15:57.678+0000] {dag.py:3722} INFO - Setting next_dagrun for example_setup_teardown_taskflow to 2023-12-08T14:15:57.678475+00:00, run_after=2023-12-09T14:15:57.678475+00:00
[2023-12-09T14:15:57.689+0000] {processor.py:179} INFO - Processing /home/airflow/.local/lib/python3.8/site-packages/airflow/example_dags/example_setup_teardown_taskflow.py took 0.050 seconds
[2023-12-09T14:16:28.501+0000] {processor.py:157} INFO - Started process (PID=4124) to work on /home/airflow/.local/lib/python3.8/site-packages/airflow/example_dags/example_setup_teardown_taskflow.py
[2023-12-09T14:16:28.501+0000] {processor.py:829} INFO - Processing file /home/airflow/.local/lib/python3.8/site-packages/airflow/example_dags/example_setup_teardown_taskflow.py for tasks to queue
[2023-12-09T14:16:28.502+0000] {logging_mixin.py:154} INFO - [2023-12-09T14:16:28.502+0000] {dagbag.py:536} INFO - Filling up the DagBag from /home/airflow/.local/lib/python3.8/site-packages/airflow/example_dags/example_setup_teardown_taskflow.py
[2023-12-09T14:16:28.508+0000] {processor.py:839} INFO - DAG(s) dict_keys(['example_setup_teardown_taskflow']) retrieved from /home/airflow/.local/lib/python3.8/site-packages/airflow/example_dags/example_setup_teardown_taskflow.py
[2023-12-09T14:16:28.521+0000] {logging_mixin.py:154} INFO - [2023-12-09T14:16:28.521+0000] {dag.py:2941} INFO - Sync 1 DAGs
[2023-12-09T14:16:28.534+0000] {logging_mixin.py:154} INFO - [2023-12-09T14:16:28.534+0000] {dag.py:3722} INFO - Setting next_dagrun for example_setup_teardown_taskflow to 2023-12-08T14:16:28.534374+00:00, run_after=2023-12-09T14:16:28.534374+00:00
[2023-12-09T14:16:28.544+0000] {processor.py:179} INFO - Processing /home/airflow/.local/lib/python3.8/site-packages/airflow/example_dags/example_setup_teardown_taskflow.py took 0.046 seconds
[2023-12-09T14:16:59.202+0000] {processor.py:157} INFO - Started process (PID=4362) to work on /home/airflow/.local/lib/python3.8/site-packages/airflow/example_dags/example_setup_teardown_taskflow.py
[2023-12-09T14:16:59.203+0000] {processor.py:829} INFO - Processing file /home/airflow/.local/lib/python3.8/site-packages/airflow/example_dags/example_setup_teardown_taskflow.py for tasks to queue
[2023-12-09T14:16:59.204+0000] {logging_mixin.py:154} INFO - [2023-12-09T14:16:59.203+0000] {dagbag.py:536} INFO - Filling up the DagBag from /home/airflow/.local/lib/python3.8/site-packages/airflow/example_dags/example_setup_teardown_taskflow.py
[2023-12-09T14:16:59.209+0000] {processor.py:839} INFO - DAG(s) dict_keys(['example_setup_teardown_taskflow']) retrieved from /home/airflow/.local/lib/python3.8/site-packages/airflow/example_dags/example_setup_teardown_taskflow.py
[2023-12-09T14:16:59.220+0000] {logging_mixin.py:154} INFO - [2023-12-09T14:16:59.220+0000] {dag.py:2941} INFO - Sync 1 DAGs
[2023-12-09T14:16:59.231+0000] {logging_mixin.py:154} INFO - [2023-12-09T14:16:59.231+0000] {dag.py:3722} INFO - Setting next_dagrun for example_setup_teardown_taskflow to 2023-12-08T14:16:59.230956+00:00, run_after=2023-12-09T14:16:59.230956+00:00
[2023-12-09T14:16:59.241+0000] {processor.py:179} INFO - Processing /home/airflow/.local/lib/python3.8/site-packages/airflow/example_dags/example_setup_teardown_taskflow.py took 0.041 seconds
[2023-12-09T14:17:29.884+0000] {processor.py:157} INFO - Started process (PID=4600) to work on /home/airflow/.local/lib/python3.8/site-packages/airflow/example_dags/example_setup_teardown_taskflow.py
[2023-12-09T14:17:29.884+0000] {processor.py:829} INFO - Processing file /home/airflow/.local/lib/python3.8/site-packages/airflow/example_dags/example_setup_teardown_taskflow.py for tasks to queue
[2023-12-09T14:17:29.885+0000] {logging_mixin.py:154} INFO - [2023-12-09T14:17:29.885+0000] {dagbag.py:536} INFO - Filling up the DagBag from /home/airflow/.local/lib/python3.8/site-packages/airflow/example_dags/example_setup_teardown_taskflow.py
[2023-12-09T14:17:29.890+0000] {processor.py:839} INFO - DAG(s) dict_keys(['example_setup_teardown_taskflow']) retrieved from /home/airflow/.local/lib/python3.8/site-packages/airflow/example_dags/example_setup_teardown_taskflow.py
[2023-12-09T14:17:29.902+0000] {logging_mixin.py:154} INFO - [2023-12-09T14:17:29.901+0000] {dag.py:2941} INFO - Sync 1 DAGs
[2023-12-09T14:17:29.912+0000] {logging_mixin.py:154} INFO - [2023-12-09T14:17:29.912+0000] {dag.py:3722} INFO - Setting next_dagrun for example_setup_teardown_taskflow to 2023-12-08T14:17:29.912392+00:00, run_after=2023-12-09T14:17:29.912392+00:00
[2023-12-09T14:17:29.921+0000] {processor.py:179} INFO - Processing /home/airflow/.local/lib/python3.8/site-packages/airflow/example_dags/example_setup_teardown_taskflow.py took 0.039 seconds
[2023-12-09T14:18:00.729+0000] {processor.py:157} INFO - Started process (PID=4838) to work on /home/airflow/.local/lib/python3.8/site-packages/airflow/example_dags/example_setup_teardown_taskflow.py
[2023-12-09T14:18:00.730+0000] {processor.py:829} INFO - Processing file /home/airflow/.local/lib/python3.8/site-packages/airflow/example_dags/example_setup_teardown_taskflow.py for tasks to queue
[2023-12-09T14:18:00.730+0000] {logging_mixin.py:154} INFO - [2023-12-09T14:18:00.730+0000] {dagbag.py:536} INFO - Filling up the DagBag from /home/airflow/.local/lib/python3.8/site-packages/airflow/example_dags/example_setup_teardown_taskflow.py
[2023-12-09T14:18:00.737+0000] {processor.py:839} INFO - DAG(s) dict_keys(['example_setup_teardown_taskflow']) retrieved from /home/airflow/.local/lib/python3.8/site-packages/airflow/example_dags/example_setup_teardown_taskflow.py
[2023-12-09T14:18:00.749+0000] {logging_mixin.py:154} INFO - [2023-12-09T14:18:00.749+0000] {dag.py:2941} INFO - Sync 1 DAGs
[2023-12-09T14:18:00.762+0000] {logging_mixin.py:154} INFO - [2023-12-09T14:18:00.761+0000] {dag.py:3722} INFO - Setting next_dagrun for example_setup_teardown_taskflow to 2023-12-08T14:18:00.761808+00:00, run_after=2023-12-09T14:18:00.761808+00:00
[2023-12-09T14:18:00.771+0000] {processor.py:179} INFO - Processing /home/airflow/.local/lib/python3.8/site-packages/airflow/example_dags/example_setup_teardown_taskflow.py took 0.045 seconds
[2023-12-09T14:18:31.490+0000] {processor.py:157} INFO - Started process (PID=5076) to work on /home/airflow/.local/lib/python3.8/site-packages/airflow/example_dags/example_setup_teardown_taskflow.py
[2023-12-09T14:18:31.491+0000] {processor.py:829} INFO - Processing file /home/airflow/.local/lib/python3.8/site-packages/airflow/example_dags/example_setup_teardown_taskflow.py for tasks to queue
[2023-12-09T14:18:31.491+0000] {logging_mixin.py:154} INFO - [2023-12-09T14:18:31.491+0000] {dagbag.py:536} INFO - Filling up the DagBag from /home/airflow/.local/lib/python3.8/site-packages/airflow/example_dags/example_setup_teardown_taskflow.py
[2023-12-09T14:18:31.497+0000] {processor.py:839} INFO - DAG(s) dict_keys(['example_setup_teardown_taskflow']) retrieved from /home/airflow/.local/lib/python3.8/site-packages/airflow/example_dags/example_setup_teardown_taskflow.py
[2023-12-09T14:18:31.509+0000] {logging_mixin.py:154} INFO - [2023-12-09T14:18:31.509+0000] {dag.py:2941} INFO - Sync 1 DAGs
[2023-12-09T14:18:31.521+0000] {logging_mixin.py:154} INFO - [2023-12-09T14:18:31.521+0000] {dag.py:3722} INFO - Setting next_dagrun for example_setup_teardown_taskflow to 2023-12-08T14:18:31.520826+00:00, run_after=2023-12-09T14:18:31.520826+00:00
[2023-12-09T14:18:31.530+0000] {processor.py:179} INFO - Processing /home/airflow/.local/lib/python3.8/site-packages/airflow/example_dags/example_setup_teardown_taskflow.py took 0.042 seconds
[2023-12-09T14:19:02.175+0000] {processor.py:157} INFO - Started process (PID=5314) to work on /home/airflow/.local/lib/python3.8/site-packages/airflow/example_dags/example_setup_teardown_taskflow.py
[2023-12-09T14:19:02.175+0000] {processor.py:829} INFO - Processing file /home/airflow/.local/lib/python3.8/site-packages/airflow/example_dags/example_setup_teardown_taskflow.py for tasks to queue
[2023-12-09T14:19:02.176+0000] {logging_mixin.py:154} INFO - [2023-12-09T14:19:02.176+0000] {dagbag.py:536} INFO - Filling up the DagBag from /home/airflow/.local/lib/python3.8/site-packages/airflow/example_dags/example_setup_teardown_taskflow.py
[2023-12-09T14:19:02.182+0000] {processor.py:839} INFO - DAG(s) dict_keys(['example_setup_teardown_taskflow']) retrieved from /home/airflow/.local/lib/python3.8/site-packages/airflow/example_dags/example_setup_teardown_taskflow.py
[2023-12-09T14:19:02.194+0000] {logging_mixin.py:154} INFO - [2023-12-09T14:19:02.194+0000] {dag.py:2941} INFO - Sync 1 DAGs
[2023-12-09T14:19:02.206+0000] {logging_mixin.py:154} INFO - [2023-12-09T14:19:02.206+0000] {dag.py:3722} INFO - Setting next_dagrun for example_setup_teardown_taskflow to 2023-12-08T14:19:02.206380+00:00, run_after=2023-12-09T14:19:02.206380+00:00
[2023-12-09T14:19:02.215+0000] {processor.py:179} INFO - Processing /home/airflow/.local/lib/python3.8/site-packages/airflow/example_dags/example_setup_teardown_taskflow.py took 0.043 seconds
