[2023-12-09T14:08:18.551+0000] {processor.py:157} INFO - Started process (PID=356) to work on /home/airflow/.local/lib/python3.8/site-packages/airflow/example_dags/example_bash_operator.py
[2023-12-09T14:08:18.552+0000] {processor.py:829} INFO - Processing file /home/airflow/.local/lib/python3.8/site-packages/airflow/example_dags/example_bash_operator.py for tasks to queue
[2023-12-09T14:08:18.552+0000] {logging_mixin.py:154} INFO - [2023-12-09T14:08:18.552+0000] {dagbag.py:536} INFO - Filling up the DagBag from /home/airflow/.local/lib/python3.8/site-packages/airflow/example_dags/example_bash_operator.py
[2023-12-09T14:08:18.561+0000] {processor.py:839} INFO - DAG(s) dict_keys(['example_bash_operator']) retrieved from /home/airflow/.local/lib/python3.8/site-packages/airflow/example_dags/example_bash_operator.py
[2023-12-09T14:08:18.568+0000] {logging_mixin.py:154} INFO - [2023-12-09T14:08:18.568+0000] {dag.py:2941} INFO - Sync 1 DAGs
[2023-12-09T14:08:18.582+0000] {logging_mixin.py:154} INFO - [2023-12-09T14:08:18.581+0000] {dag.py:3722} INFO - Setting next_dagrun for example_bash_operator to 2023-12-08T00:00:00+00:00, run_after=2023-12-09T00:00:00+00:00
[2023-12-09T14:08:18.591+0000] {processor.py:179} INFO - Processing /home/airflow/.local/lib/python3.8/site-packages/airflow/example_dags/example_bash_operator.py took 0.043 seconds
[2023-12-09T14:08:48.960+0000] {processor.py:157} INFO - Started process (PID=596) to work on /home/airflow/.local/lib/python3.8/site-packages/airflow/example_dags/example_bash_operator.py
[2023-12-09T14:08:48.961+0000] {processor.py:829} INFO - Processing file /home/airflow/.local/lib/python3.8/site-packages/airflow/example_dags/example_bash_operator.py for tasks to queue
[2023-12-09T14:08:48.961+0000] {logging_mixin.py:154} INFO - [2023-12-09T14:08:48.961+0000] {dagbag.py:536} INFO - Filling up the DagBag from /home/airflow/.local/lib/python3.8/site-packages/airflow/example_dags/example_bash_operator.py
[2023-12-09T14:08:48.968+0000] {processor.py:839} INFO - DAG(s) dict_keys(['example_bash_operator']) retrieved from /home/airflow/.local/lib/python3.8/site-packages/airflow/example_dags/example_bash_operator.py
[2023-12-09T14:08:48.984+0000] {logging_mixin.py:154} INFO - [2023-12-09T14:08:48.984+0000] {dag.py:2941} INFO - Sync 1 DAGs
[2023-12-09T14:08:48.994+0000] {logging_mixin.py:154} INFO - [2023-12-09T14:08:48.994+0000] {dag.py:3722} INFO - Setting next_dagrun for example_bash_operator to 2023-12-08T00:00:00+00:00, run_after=2023-12-09T00:00:00+00:00
[2023-12-09T14:08:49.003+0000] {processor.py:179} INFO - Processing /home/airflow/.local/lib/python3.8/site-packages/airflow/example_dags/example_bash_operator.py took 0.044 seconds
[2023-12-09T14:09:19.853+0000] {processor.py:157} INFO - Started process (PID=832) to work on /home/airflow/.local/lib/python3.8/site-packages/airflow/example_dags/example_bash_operator.py
[2023-12-09T14:09:19.854+0000] {processor.py:829} INFO - Processing file /home/airflow/.local/lib/python3.8/site-packages/airflow/example_dags/example_bash_operator.py for tasks to queue
[2023-12-09T14:09:19.855+0000] {logging_mixin.py:154} INFO - [2023-12-09T14:09:19.854+0000] {dagbag.py:536} INFO - Filling up the DagBag from /home/airflow/.local/lib/python3.8/site-packages/airflow/example_dags/example_bash_operator.py
[2023-12-09T14:09:19.863+0000] {processor.py:839} INFO - DAG(s) dict_keys(['example_bash_operator']) retrieved from /home/airflow/.local/lib/python3.8/site-packages/airflow/example_dags/example_bash_operator.py
[2023-12-09T14:09:19.880+0000] {logging_mixin.py:154} INFO - [2023-12-09T14:09:19.880+0000] {dag.py:2941} INFO - Sync 1 DAGs
[2023-12-09T14:09:19.896+0000] {logging_mixin.py:154} INFO - [2023-12-09T14:09:19.896+0000] {dag.py:3722} INFO - Setting next_dagrun for example_bash_operator to 2023-12-08T00:00:00+00:00, run_after=2023-12-09T00:00:00+00:00
[2023-12-09T14:09:19.910+0000] {processor.py:179} INFO - Processing /home/airflow/.local/lib/python3.8/site-packages/airflow/example_dags/example_bash_operator.py took 0.060 seconds
[2023-12-09T14:09:49.975+0000] {processor.py:157} INFO - Started process (PID=1070) to work on /home/airflow/.local/lib/python3.8/site-packages/airflow/example_dags/example_bash_operator.py
[2023-12-09T14:09:49.976+0000] {processor.py:829} INFO - Processing file /home/airflow/.local/lib/python3.8/site-packages/airflow/example_dags/example_bash_operator.py for tasks to queue
[2023-12-09T14:09:49.976+0000] {logging_mixin.py:154} INFO - [2023-12-09T14:09:49.976+0000] {dagbag.py:536} INFO - Filling up the DagBag from /home/airflow/.local/lib/python3.8/site-packages/airflow/example_dags/example_bash_operator.py
[2023-12-09T14:09:49.983+0000] {processor.py:839} INFO - DAG(s) dict_keys(['example_bash_operator']) retrieved from /home/airflow/.local/lib/python3.8/site-packages/airflow/example_dags/example_bash_operator.py
[2023-12-09T14:09:50.000+0000] {logging_mixin.py:154} INFO - [2023-12-09T14:09:50.000+0000] {dag.py:2941} INFO - Sync 1 DAGs
[2023-12-09T14:09:50.013+0000] {logging_mixin.py:154} INFO - [2023-12-09T14:09:50.013+0000] {dag.py:3722} INFO - Setting next_dagrun for example_bash_operator to 2023-12-08T00:00:00+00:00, run_after=2023-12-09T00:00:00+00:00
[2023-12-09T14:09:50.024+0000] {processor.py:179} INFO - Processing /home/airflow/.local/lib/python3.8/site-packages/airflow/example_dags/example_bash_operator.py took 0.052 seconds
[2023-12-09T14:10:20.096+0000] {processor.py:157} INFO - Started process (PID=1310) to work on /home/airflow/.local/lib/python3.8/site-packages/airflow/example_dags/example_bash_operator.py
[2023-12-09T14:10:20.096+0000] {processor.py:829} INFO - Processing file /home/airflow/.local/lib/python3.8/site-packages/airflow/example_dags/example_bash_operator.py for tasks to queue
[2023-12-09T14:10:20.097+0000] {logging_mixin.py:154} INFO - [2023-12-09T14:10:20.097+0000] {dagbag.py:536} INFO - Filling up the DagBag from /home/airflow/.local/lib/python3.8/site-packages/airflow/example_dags/example_bash_operator.py
[2023-12-09T14:10:20.104+0000] {processor.py:839} INFO - DAG(s) dict_keys(['example_bash_operator']) retrieved from /home/airflow/.local/lib/python3.8/site-packages/airflow/example_dags/example_bash_operator.py
[2023-12-09T14:10:20.120+0000] {logging_mixin.py:154} INFO - [2023-12-09T14:10:20.120+0000] {dag.py:2941} INFO - Sync 1 DAGs
[2023-12-09T14:10:20.132+0000] {logging_mixin.py:154} INFO - [2023-12-09T14:10:20.131+0000] {dag.py:3722} INFO - Setting next_dagrun for example_bash_operator to 2023-12-08T00:00:00+00:00, run_after=2023-12-09T00:00:00+00:00
[2023-12-09T14:10:20.141+0000] {processor.py:179} INFO - Processing /home/airflow/.local/lib/python3.8/site-packages/airflow/example_dags/example_bash_operator.py took 0.047 seconds
[2023-12-09T14:10:50.904+0000] {processor.py:157} INFO - Started process (PID=1548) to work on /home/airflow/.local/lib/python3.8/site-packages/airflow/example_dags/example_bash_operator.py
[2023-12-09T14:10:50.904+0000] {processor.py:829} INFO - Processing file /home/airflow/.local/lib/python3.8/site-packages/airflow/example_dags/example_bash_operator.py for tasks to queue
[2023-12-09T14:10:50.905+0000] {logging_mixin.py:154} INFO - [2023-12-09T14:10:50.905+0000] {dagbag.py:536} INFO - Filling up the DagBag from /home/airflow/.local/lib/python3.8/site-packages/airflow/example_dags/example_bash_operator.py
[2023-12-09T14:10:50.912+0000] {processor.py:839} INFO - DAG(s) dict_keys(['example_bash_operator']) retrieved from /home/airflow/.local/lib/python3.8/site-packages/airflow/example_dags/example_bash_operator.py
[2023-12-09T14:10:50.927+0000] {logging_mixin.py:154} INFO - [2023-12-09T14:10:50.927+0000] {dag.py:2941} INFO - Sync 1 DAGs
[2023-12-09T14:10:50.938+0000] {logging_mixin.py:154} INFO - [2023-12-09T14:10:50.938+0000] {dag.py:3722} INFO - Setting next_dagrun for example_bash_operator to 2023-12-08T00:00:00+00:00, run_after=2023-12-09T00:00:00+00:00
[2023-12-09T14:10:50.947+0000] {processor.py:179} INFO - Processing /home/airflow/.local/lib/python3.8/site-packages/airflow/example_dags/example_bash_operator.py took 0.045 seconds
[2023-12-09T14:11:21.778+0000] {processor.py:157} INFO - Started process (PID=1786) to work on /home/airflow/.local/lib/python3.8/site-packages/airflow/example_dags/example_bash_operator.py
[2023-12-09T14:11:21.779+0000] {processor.py:829} INFO - Processing file /home/airflow/.local/lib/python3.8/site-packages/airflow/example_dags/example_bash_operator.py for tasks to queue
[2023-12-09T14:11:21.781+0000] {logging_mixin.py:154} INFO - [2023-12-09T14:11:21.780+0000] {dagbag.py:536} INFO - Filling up the DagBag from /home/airflow/.local/lib/python3.8/site-packages/airflow/example_dags/example_bash_operator.py
[2023-12-09T14:11:21.788+0000] {processor.py:839} INFO - DAG(s) dict_keys(['example_bash_operator']) retrieved from /home/airflow/.local/lib/python3.8/site-packages/airflow/example_dags/example_bash_operator.py
[2023-12-09T14:11:21.803+0000] {logging_mixin.py:154} INFO - [2023-12-09T14:11:21.803+0000] {dag.py:2941} INFO - Sync 1 DAGs
[2023-12-09T14:11:21.814+0000] {logging_mixin.py:154} INFO - [2023-12-09T14:11:21.814+0000] {dag.py:3722} INFO - Setting next_dagrun for example_bash_operator to 2023-12-08T00:00:00+00:00, run_after=2023-12-09T00:00:00+00:00
[2023-12-09T14:11:21.824+0000] {processor.py:179} INFO - Processing /home/airflow/.local/lib/python3.8/site-packages/airflow/example_dags/example_bash_operator.py took 0.048 seconds
[2023-12-09T14:11:51.919+0000] {processor.py:157} INFO - Started process (PID=2024) to work on /home/airflow/.local/lib/python3.8/site-packages/airflow/example_dags/example_bash_operator.py
[2023-12-09T14:11:51.920+0000] {processor.py:829} INFO - Processing file /home/airflow/.local/lib/python3.8/site-packages/airflow/example_dags/example_bash_operator.py for tasks to queue
[2023-12-09T14:11:51.920+0000] {logging_mixin.py:154} INFO - [2023-12-09T14:11:51.920+0000] {dagbag.py:536} INFO - Filling up the DagBag from /home/airflow/.local/lib/python3.8/site-packages/airflow/example_dags/example_bash_operator.py
[2023-12-09T14:11:51.928+0000] {processor.py:839} INFO - DAG(s) dict_keys(['example_bash_operator']) retrieved from /home/airflow/.local/lib/python3.8/site-packages/airflow/example_dags/example_bash_operator.py
[2023-12-09T14:11:51.944+0000] {logging_mixin.py:154} INFO - [2023-12-09T14:11:51.943+0000] {dag.py:2941} INFO - Sync 1 DAGs
[2023-12-09T14:11:51.955+0000] {logging_mixin.py:154} INFO - [2023-12-09T14:11:51.955+0000] {dag.py:3722} INFO - Setting next_dagrun for example_bash_operator to 2023-12-08T00:00:00+00:00, run_after=2023-12-09T00:00:00+00:00
[2023-12-09T14:11:51.964+0000] {processor.py:179} INFO - Processing /home/airflow/.local/lib/python3.8/site-packages/airflow/example_dags/example_bash_operator.py took 0.047 seconds
[2023-12-09T14:12:21.988+0000] {processor.py:157} INFO - Started process (PID=2262) to work on /home/airflow/.local/lib/python3.8/site-packages/airflow/example_dags/example_bash_operator.py
[2023-12-09T14:12:21.989+0000] {processor.py:829} INFO - Processing file /home/airflow/.local/lib/python3.8/site-packages/airflow/example_dags/example_bash_operator.py for tasks to queue
[2023-12-09T14:12:21.989+0000] {logging_mixin.py:154} INFO - [2023-12-09T14:12:21.989+0000] {dagbag.py:536} INFO - Filling up the DagBag from /home/airflow/.local/lib/python3.8/site-packages/airflow/example_dags/example_bash_operator.py
[2023-12-09T14:12:21.997+0000] {processor.py:839} INFO - DAG(s) dict_keys(['example_bash_operator']) retrieved from /home/airflow/.local/lib/python3.8/site-packages/airflow/example_dags/example_bash_operator.py
[2023-12-09T14:12:22.012+0000] {logging_mixin.py:154} INFO - [2023-12-09T14:12:22.012+0000] {dag.py:2941} INFO - Sync 1 DAGs
[2023-12-09T14:12:22.024+0000] {logging_mixin.py:154} INFO - [2023-12-09T14:12:22.023+0000] {dag.py:3722} INFO - Setting next_dagrun for example_bash_operator to 2023-12-08T00:00:00+00:00, run_after=2023-12-09T00:00:00+00:00
[2023-12-09T14:12:22.032+0000] {processor.py:179} INFO - Processing /home/airflow/.local/lib/python3.8/site-packages/airflow/example_dags/example_bash_operator.py took 0.046 seconds
[2023-12-09T14:12:52.734+0000] {processor.py:157} INFO - Started process (PID=2498) to work on /home/airflow/.local/lib/python3.8/site-packages/airflow/example_dags/example_bash_operator.py
[2023-12-09T14:12:52.735+0000] {processor.py:829} INFO - Processing file /home/airflow/.local/lib/python3.8/site-packages/airflow/example_dags/example_bash_operator.py for tasks to queue
[2023-12-09T14:12:52.736+0000] {logging_mixin.py:154} INFO - [2023-12-09T14:12:52.736+0000] {dagbag.py:536} INFO - Filling up the DagBag from /home/airflow/.local/lib/python3.8/site-packages/airflow/example_dags/example_bash_operator.py
[2023-12-09T14:12:52.742+0000] {processor.py:839} INFO - DAG(s) dict_keys(['example_bash_operator']) retrieved from /home/airflow/.local/lib/python3.8/site-packages/airflow/example_dags/example_bash_operator.py
[2023-12-09T14:12:52.759+0000] {logging_mixin.py:154} INFO - [2023-12-09T14:12:52.759+0000] {dag.py:2941} INFO - Sync 1 DAGs
[2023-12-09T14:12:52.772+0000] {logging_mixin.py:154} INFO - [2023-12-09T14:12:52.772+0000] {dag.py:3722} INFO - Setting next_dagrun for example_bash_operator to 2023-12-08T00:00:00+00:00, run_after=2023-12-09T00:00:00+00:00
[2023-12-09T14:12:52.781+0000] {processor.py:179} INFO - Processing /home/airflow/.local/lib/python3.8/site-packages/airflow/example_dags/example_bash_operator.py took 0.049 seconds
[2023-12-09T14:13:23.872+0000] {processor.py:157} INFO - Started process (PID=2736) to work on /home/airflow/.local/lib/python3.8/site-packages/airflow/example_dags/example_bash_operator.py
[2023-12-09T14:13:23.873+0000] {processor.py:829} INFO - Processing file /home/airflow/.local/lib/python3.8/site-packages/airflow/example_dags/example_bash_operator.py for tasks to queue
[2023-12-09T14:13:23.873+0000] {logging_mixin.py:154} INFO - [2023-12-09T14:13:23.873+0000] {dagbag.py:536} INFO - Filling up the DagBag from /home/airflow/.local/lib/python3.8/site-packages/airflow/example_dags/example_bash_operator.py
[2023-12-09T14:13:23.880+0000] {processor.py:839} INFO - DAG(s) dict_keys(['example_bash_operator']) retrieved from /home/airflow/.local/lib/python3.8/site-packages/airflow/example_dags/example_bash_operator.py
[2023-12-09T14:13:23.898+0000] {logging_mixin.py:154} INFO - [2023-12-09T14:13:23.898+0000] {dag.py:2941} INFO - Sync 1 DAGs
[2023-12-09T14:13:23.911+0000] {logging_mixin.py:154} INFO - [2023-12-09T14:13:23.911+0000] {dag.py:3722} INFO - Setting next_dagrun for example_bash_operator to 2023-12-08T00:00:00+00:00, run_after=2023-12-09T00:00:00+00:00
[2023-12-09T14:13:23.921+0000] {processor.py:179} INFO - Processing /home/airflow/.local/lib/python3.8/site-packages/airflow/example_dags/example_bash_operator.py took 0.051 seconds
[2023-12-09T14:13:54.595+0000] {processor.py:157} INFO - Started process (PID=2974) to work on /home/airflow/.local/lib/python3.8/site-packages/airflow/example_dags/example_bash_operator.py
[2023-12-09T14:13:54.596+0000] {processor.py:829} INFO - Processing file /home/airflow/.local/lib/python3.8/site-packages/airflow/example_dags/example_bash_operator.py for tasks to queue
[2023-12-09T14:13:54.597+0000] {logging_mixin.py:154} INFO - [2023-12-09T14:13:54.596+0000] {dagbag.py:536} INFO - Filling up the DagBag from /home/airflow/.local/lib/python3.8/site-packages/airflow/example_dags/example_bash_operator.py
[2023-12-09T14:13:54.603+0000] {processor.py:839} INFO - DAG(s) dict_keys(['example_bash_operator']) retrieved from /home/airflow/.local/lib/python3.8/site-packages/airflow/example_dags/example_bash_operator.py
[2023-12-09T14:13:54.619+0000] {logging_mixin.py:154} INFO - [2023-12-09T14:13:54.619+0000] {dag.py:2941} INFO - Sync 1 DAGs
[2023-12-09T14:13:54.634+0000] {logging_mixin.py:154} INFO - [2023-12-09T14:13:54.634+0000] {dag.py:3722} INFO - Setting next_dagrun for example_bash_operator to 2023-12-08T00:00:00+00:00, run_after=2023-12-09T00:00:00+00:00
[2023-12-09T14:13:54.644+0000] {processor.py:179} INFO - Processing /home/airflow/.local/lib/python3.8/site-packages/airflow/example_dags/example_bash_operator.py took 0.058 seconds
[2023-12-09T14:14:25.389+0000] {processor.py:157} INFO - Started process (PID=3214) to work on /home/airflow/.local/lib/python3.8/site-packages/airflow/example_dags/example_bash_operator.py
[2023-12-09T14:14:25.390+0000] {processor.py:829} INFO - Processing file /home/airflow/.local/lib/python3.8/site-packages/airflow/example_dags/example_bash_operator.py for tasks to queue
[2023-12-09T14:14:25.390+0000] {logging_mixin.py:154} INFO - [2023-12-09T14:14:25.390+0000] {dagbag.py:536} INFO - Filling up the DagBag from /home/airflow/.local/lib/python3.8/site-packages/airflow/example_dags/example_bash_operator.py
[2023-12-09T14:14:25.397+0000] {processor.py:839} INFO - DAG(s) dict_keys(['example_bash_operator']) retrieved from /home/airflow/.local/lib/python3.8/site-packages/airflow/example_dags/example_bash_operator.py
[2023-12-09T14:14:25.413+0000] {logging_mixin.py:154} INFO - [2023-12-09T14:14:25.413+0000] {dag.py:2941} INFO - Sync 1 DAGs
[2023-12-09T14:14:25.425+0000] {logging_mixin.py:154} INFO - [2023-12-09T14:14:25.425+0000] {dag.py:3722} INFO - Setting next_dagrun for example_bash_operator to 2023-12-08T00:00:00+00:00, run_after=2023-12-09T00:00:00+00:00
[2023-12-09T14:14:25.435+0000] {processor.py:179} INFO - Processing /home/airflow/.local/lib/python3.8/site-packages/airflow/example_dags/example_bash_operator.py took 0.049 seconds
[2023-12-09T14:14:56.111+0000] {processor.py:157} INFO - Started process (PID=3450) to work on /home/airflow/.local/lib/python3.8/site-packages/airflow/example_dags/example_bash_operator.py
[2023-12-09T14:14:56.111+0000] {processor.py:829} INFO - Processing file /home/airflow/.local/lib/python3.8/site-packages/airflow/example_dags/example_bash_operator.py for tasks to queue
[2023-12-09T14:14:56.112+0000] {logging_mixin.py:154} INFO - [2023-12-09T14:14:56.112+0000] {dagbag.py:536} INFO - Filling up the DagBag from /home/airflow/.local/lib/python3.8/site-packages/airflow/example_dags/example_bash_operator.py
[2023-12-09T14:14:56.119+0000] {processor.py:839} INFO - DAG(s) dict_keys(['example_bash_operator']) retrieved from /home/airflow/.local/lib/python3.8/site-packages/airflow/example_dags/example_bash_operator.py
[2023-12-09T14:14:56.134+0000] {logging_mixin.py:154} INFO - [2023-12-09T14:14:56.134+0000] {dag.py:2941} INFO - Sync 1 DAGs
[2023-12-09T14:14:56.145+0000] {logging_mixin.py:154} INFO - [2023-12-09T14:14:56.145+0000] {dag.py:3722} INFO - Setting next_dagrun for example_bash_operator to 2023-12-08T00:00:00+00:00, run_after=2023-12-09T00:00:00+00:00
[2023-12-09T14:14:56.156+0000] {processor.py:179} INFO - Processing /home/airflow/.local/lib/python3.8/site-packages/airflow/example_dags/example_bash_operator.py took 0.047 seconds
[2023-12-09T14:15:26.791+0000] {processor.py:157} INFO - Started process (PID=3688) to work on /home/airflow/.local/lib/python3.8/site-packages/airflow/example_dags/example_bash_operator.py
[2023-12-09T14:15:26.792+0000] {processor.py:829} INFO - Processing file /home/airflow/.local/lib/python3.8/site-packages/airflow/example_dags/example_bash_operator.py for tasks to queue
[2023-12-09T14:15:26.793+0000] {logging_mixin.py:154} INFO - [2023-12-09T14:15:26.793+0000] {dagbag.py:536} INFO - Filling up the DagBag from /home/airflow/.local/lib/python3.8/site-packages/airflow/example_dags/example_bash_operator.py
[2023-12-09T14:15:26.799+0000] {processor.py:839} INFO - DAG(s) dict_keys(['example_bash_operator']) retrieved from /home/airflow/.local/lib/python3.8/site-packages/airflow/example_dags/example_bash_operator.py
[2023-12-09T14:15:26.815+0000] {logging_mixin.py:154} INFO - [2023-12-09T14:15:26.815+0000] {dag.py:2941} INFO - Sync 1 DAGs
[2023-12-09T14:15:26.827+0000] {logging_mixin.py:154} INFO - [2023-12-09T14:15:26.827+0000] {dag.py:3722} INFO - Setting next_dagrun for example_bash_operator to 2023-12-08T00:00:00+00:00, run_after=2023-12-09T00:00:00+00:00
[2023-12-09T14:15:26.836+0000] {processor.py:179} INFO - Processing /home/airflow/.local/lib/python3.8/site-packages/airflow/example_dags/example_bash_operator.py took 0.047 seconds
[2023-12-09T14:15:58.014+0000] {processor.py:157} INFO - Started process (PID=3928) to work on /home/airflow/.local/lib/python3.8/site-packages/airflow/example_dags/example_bash_operator.py
[2023-12-09T14:15:58.015+0000] {processor.py:829} INFO - Processing file /home/airflow/.local/lib/python3.8/site-packages/airflow/example_dags/example_bash_operator.py for tasks to queue
[2023-12-09T14:15:58.016+0000] {logging_mixin.py:154} INFO - [2023-12-09T14:15:58.016+0000] {dagbag.py:536} INFO - Filling up the DagBag from /home/airflow/.local/lib/python3.8/site-packages/airflow/example_dags/example_bash_operator.py
[2023-12-09T14:15:58.024+0000] {processor.py:839} INFO - DAG(s) dict_keys(['example_bash_operator']) retrieved from /home/airflow/.local/lib/python3.8/site-packages/airflow/example_dags/example_bash_operator.py
[2023-12-09T14:15:58.043+0000] {logging_mixin.py:154} INFO - [2023-12-09T14:15:58.043+0000] {dag.py:2941} INFO - Sync 1 DAGs
[2023-12-09T14:15:58.057+0000] {logging_mixin.py:154} INFO - [2023-12-09T14:15:58.057+0000] {dag.py:3722} INFO - Setting next_dagrun for example_bash_operator to 2023-12-08T00:00:00+00:00, run_after=2023-12-09T00:00:00+00:00
[2023-12-09T14:15:58.070+0000] {processor.py:179} INFO - Processing /home/airflow/.local/lib/python3.8/site-packages/airflow/example_dags/example_bash_operator.py took 0.059 seconds
[2023-12-09T14:16:28.732+0000] {processor.py:157} INFO - Started process (PID=4164) to work on /home/airflow/.local/lib/python3.8/site-packages/airflow/example_dags/example_bash_operator.py
[2023-12-09T14:16:28.733+0000] {processor.py:829} INFO - Processing file /home/airflow/.local/lib/python3.8/site-packages/airflow/example_dags/example_bash_operator.py for tasks to queue
[2023-12-09T14:16:28.734+0000] {logging_mixin.py:154} INFO - [2023-12-09T14:16:28.734+0000] {dagbag.py:536} INFO - Filling up the DagBag from /home/airflow/.local/lib/python3.8/site-packages/airflow/example_dags/example_bash_operator.py
[2023-12-09T14:16:28.741+0000] {processor.py:839} INFO - DAG(s) dict_keys(['example_bash_operator']) retrieved from /home/airflow/.local/lib/python3.8/site-packages/airflow/example_dags/example_bash_operator.py
[2023-12-09T14:16:28.756+0000] {logging_mixin.py:154} INFO - [2023-12-09T14:16:28.756+0000] {dag.py:2941} INFO - Sync 1 DAGs
[2023-12-09T14:16:28.769+0000] {logging_mixin.py:154} INFO - [2023-12-09T14:16:28.769+0000] {dag.py:3722} INFO - Setting next_dagrun for example_bash_operator to 2023-12-08T00:00:00+00:00, run_after=2023-12-09T00:00:00+00:00
[2023-12-09T14:16:28.779+0000] {processor.py:179} INFO - Processing /home/airflow/.local/lib/python3.8/site-packages/airflow/example_dags/example_bash_operator.py took 0.049 seconds
[2023-12-09T14:16:59.476+0000] {processor.py:157} INFO - Started process (PID=4402) to work on /home/airflow/.local/lib/python3.8/site-packages/airflow/example_dags/example_bash_operator.py
[2023-12-09T14:16:59.477+0000] {processor.py:829} INFO - Processing file /home/airflow/.local/lib/python3.8/site-packages/airflow/example_dags/example_bash_operator.py for tasks to queue
[2023-12-09T14:16:59.478+0000] {logging_mixin.py:154} INFO - [2023-12-09T14:16:59.478+0000] {dagbag.py:536} INFO - Filling up the DagBag from /home/airflow/.local/lib/python3.8/site-packages/airflow/example_dags/example_bash_operator.py
[2023-12-09T14:16:59.485+0000] {processor.py:839} INFO - DAG(s) dict_keys(['example_bash_operator']) retrieved from /home/airflow/.local/lib/python3.8/site-packages/airflow/example_dags/example_bash_operator.py
[2023-12-09T14:16:59.501+0000] {logging_mixin.py:154} INFO - [2023-12-09T14:16:59.501+0000] {dag.py:2941} INFO - Sync 1 DAGs
[2023-12-09T14:16:59.513+0000] {logging_mixin.py:154} INFO - [2023-12-09T14:16:59.513+0000] {dag.py:3722} INFO - Setting next_dagrun for example_bash_operator to 2023-12-08T00:00:00+00:00, run_after=2023-12-09T00:00:00+00:00
[2023-12-09T14:16:59.522+0000] {processor.py:179} INFO - Processing /home/airflow/.local/lib/python3.8/site-packages/airflow/example_dags/example_bash_operator.py took 0.048 seconds
[2023-12-09T14:17:30.142+0000] {processor.py:157} INFO - Started process (PID=4640) to work on /home/airflow/.local/lib/python3.8/site-packages/airflow/example_dags/example_bash_operator.py
[2023-12-09T14:17:30.142+0000] {processor.py:829} INFO - Processing file /home/airflow/.local/lib/python3.8/site-packages/airflow/example_dags/example_bash_operator.py for tasks to queue
[2023-12-09T14:17:30.143+0000] {logging_mixin.py:154} INFO - [2023-12-09T14:17:30.143+0000] {dagbag.py:536} INFO - Filling up the DagBag from /home/airflow/.local/lib/python3.8/site-packages/airflow/example_dags/example_bash_operator.py
[2023-12-09T14:17:30.150+0000] {processor.py:839} INFO - DAG(s) dict_keys(['example_bash_operator']) retrieved from /home/airflow/.local/lib/python3.8/site-packages/airflow/example_dags/example_bash_operator.py
[2023-12-09T14:17:30.166+0000] {logging_mixin.py:154} INFO - [2023-12-09T14:17:30.166+0000] {dag.py:2941} INFO - Sync 1 DAGs
[2023-12-09T14:17:30.178+0000] {logging_mixin.py:154} INFO - [2023-12-09T14:17:30.178+0000] {dag.py:3722} INFO - Setting next_dagrun for example_bash_operator to 2023-12-08T00:00:00+00:00, run_after=2023-12-09T00:00:00+00:00
[2023-12-09T14:17:30.188+0000] {processor.py:179} INFO - Processing /home/airflow/.local/lib/python3.8/site-packages/airflow/example_dags/example_bash_operator.py took 0.048 seconds
[2023-12-09T14:18:00.967+0000] {processor.py:157} INFO - Started process (PID=4878) to work on /home/airflow/.local/lib/python3.8/site-packages/airflow/example_dags/example_bash_operator.py
[2023-12-09T14:18:00.967+0000] {processor.py:829} INFO - Processing file /home/airflow/.local/lib/python3.8/site-packages/airflow/example_dags/example_bash_operator.py for tasks to queue
[2023-12-09T14:18:00.968+0000] {logging_mixin.py:154} INFO - [2023-12-09T14:18:00.968+0000] {dagbag.py:536} INFO - Filling up the DagBag from /home/airflow/.local/lib/python3.8/site-packages/airflow/example_dags/example_bash_operator.py
[2023-12-09T14:18:00.975+0000] {processor.py:839} INFO - DAG(s) dict_keys(['example_bash_operator']) retrieved from /home/airflow/.local/lib/python3.8/site-packages/airflow/example_dags/example_bash_operator.py
[2023-12-09T14:18:00.990+0000] {logging_mixin.py:154} INFO - [2023-12-09T14:18:00.990+0000] {dag.py:2941} INFO - Sync 1 DAGs
[2023-12-09T14:18:01.003+0000] {logging_mixin.py:154} INFO - [2023-12-09T14:18:01.003+0000] {dag.py:3722} INFO - Setting next_dagrun for example_bash_operator to 2023-12-08T00:00:00+00:00, run_after=2023-12-09T00:00:00+00:00
[2023-12-09T14:18:01.012+0000] {processor.py:179} INFO - Processing /home/airflow/.local/lib/python3.8/site-packages/airflow/example_dags/example_bash_operator.py took 0.048 seconds
[2023-12-09T14:18:31.709+0000] {processor.py:157} INFO - Started process (PID=5116) to work on /home/airflow/.local/lib/python3.8/site-packages/airflow/example_dags/example_bash_operator.py
[2023-12-09T14:18:31.709+0000] {processor.py:829} INFO - Processing file /home/airflow/.local/lib/python3.8/site-packages/airflow/example_dags/example_bash_operator.py for tasks to queue
[2023-12-09T14:18:31.710+0000] {logging_mixin.py:154} INFO - [2023-12-09T14:18:31.710+0000] {dagbag.py:536} INFO - Filling up the DagBag from /home/airflow/.local/lib/python3.8/site-packages/airflow/example_dags/example_bash_operator.py
[2023-12-09T14:18:31.716+0000] {processor.py:839} INFO - DAG(s) dict_keys(['example_bash_operator']) retrieved from /home/airflow/.local/lib/python3.8/site-packages/airflow/example_dags/example_bash_operator.py
[2023-12-09T14:18:31.732+0000] {logging_mixin.py:154} INFO - [2023-12-09T14:18:31.731+0000] {dag.py:2941} INFO - Sync 1 DAGs
[2023-12-09T14:18:31.743+0000] {logging_mixin.py:154} INFO - [2023-12-09T14:18:31.743+0000] {dag.py:3722} INFO - Setting next_dagrun for example_bash_operator to 2023-12-08T00:00:00+00:00, run_after=2023-12-09T00:00:00+00:00
[2023-12-09T14:18:31.752+0000] {processor.py:179} INFO - Processing /home/airflow/.local/lib/python3.8/site-packages/airflow/example_dags/example_bash_operator.py took 0.046 seconds
[2023-12-09T14:19:02.392+0000] {processor.py:157} INFO - Started process (PID=5354) to work on /home/airflow/.local/lib/python3.8/site-packages/airflow/example_dags/example_bash_operator.py
[2023-12-09T14:19:02.393+0000] {processor.py:829} INFO - Processing file /home/airflow/.local/lib/python3.8/site-packages/airflow/example_dags/example_bash_operator.py for tasks to queue
[2023-12-09T14:19:02.394+0000] {logging_mixin.py:154} INFO - [2023-12-09T14:19:02.393+0000] {dagbag.py:536} INFO - Filling up the DagBag from /home/airflow/.local/lib/python3.8/site-packages/airflow/example_dags/example_bash_operator.py
[2023-12-09T14:19:02.400+0000] {processor.py:839} INFO - DAG(s) dict_keys(['example_bash_operator']) retrieved from /home/airflow/.local/lib/python3.8/site-packages/airflow/example_dags/example_bash_operator.py
[2023-12-09T14:19:02.415+0000] {logging_mixin.py:154} INFO - [2023-12-09T14:19:02.415+0000] {dag.py:2941} INFO - Sync 1 DAGs
[2023-12-09T14:19:02.427+0000] {logging_mixin.py:154} INFO - [2023-12-09T14:19:02.427+0000] {dag.py:3722} INFO - Setting next_dagrun for example_bash_operator to 2023-12-08T00:00:00+00:00, run_after=2023-12-09T00:00:00+00:00
[2023-12-09T14:19:02.437+0000] {processor.py:179} INFO - Processing /home/airflow/.local/lib/python3.8/site-packages/airflow/example_dags/example_bash_operator.py took 0.047 seconds
