[2023-12-09T14:08:18.102+0000] {processor.py:157} INFO - Started process (PID=291) to work on /home/airflow/.local/lib/python3.8/site-packages/airflow/example_dags/example_sla_dag.py
[2023-12-09T14:08:18.103+0000] {processor.py:829} INFO - Processing file /home/airflow/.local/lib/python3.8/site-packages/airflow/example_dags/example_sla_dag.py for tasks to queue
[2023-12-09T14:08:18.104+0000] {logging_mixin.py:154} INFO - [2023-12-09T14:08:18.104+0000] {dagbag.py:536} INFO - Filling up the DagBag from /home/airflow/.local/lib/python3.8/site-packages/airflow/example_dags/example_sla_dag.py
[2023-12-09T14:08:18.111+0000] {processor.py:839} INFO - DAG(s) dict_keys(['example_sla_dag']) retrieved from /home/airflow/.local/lib/python3.8/site-packages/airflow/example_dags/example_sla_dag.py
[2023-12-09T14:08:18.119+0000] {logging_mixin.py:154} INFO - [2023-12-09T14:08:18.119+0000] {dag.py:2941} INFO - Sync 1 DAGs
[2023-12-09T14:08:18.135+0000] {logging_mixin.py:154} INFO - [2023-12-09T14:08:18.135+0000] {dag.py:3722} INFO - Setting next_dagrun for example_sla_dag to 2023-12-09T14:06:00+00:00, run_after=2023-12-09T14:08:00+00:00
[2023-12-09T14:08:18.145+0000] {processor.py:179} INFO - Processing /home/airflow/.local/lib/python3.8/site-packages/airflow/example_dags/example_sla_dag.py took 0.046 seconds
[2023-12-09T14:08:48.588+0000] {processor.py:157} INFO - Started process (PID=531) to work on /home/airflow/.local/lib/python3.8/site-packages/airflow/example_dags/example_sla_dag.py
[2023-12-09T14:08:48.588+0000] {processor.py:829} INFO - Processing file /home/airflow/.local/lib/python3.8/site-packages/airflow/example_dags/example_sla_dag.py for tasks to queue
[2023-12-09T14:08:48.589+0000] {logging_mixin.py:154} INFO - [2023-12-09T14:08:48.589+0000] {dagbag.py:536} INFO - Filling up the DagBag from /home/airflow/.local/lib/python3.8/site-packages/airflow/example_dags/example_sla_dag.py
[2023-12-09T14:08:48.594+0000] {processor.py:839} INFO - DAG(s) dict_keys(['example_sla_dag']) retrieved from /home/airflow/.local/lib/python3.8/site-packages/airflow/example_dags/example_sla_dag.py
[2023-12-09T14:08:48.606+0000] {logging_mixin.py:154} INFO - [2023-12-09T14:08:48.606+0000] {dag.py:2941} INFO - Sync 1 DAGs
[2023-12-09T14:08:48.618+0000] {logging_mixin.py:154} INFO - [2023-12-09T14:08:48.618+0000] {dag.py:3722} INFO - Setting next_dagrun for example_sla_dag to 2023-12-09T14:06:00+00:00, run_after=2023-12-09T14:08:00+00:00
[2023-12-09T14:08:48.626+0000] {processor.py:179} INFO - Processing /home/airflow/.local/lib/python3.8/site-packages/airflow/example_dags/example_sla_dag.py took 0.041 seconds
[2023-12-09T14:09:19.390+0000] {processor.py:157} INFO - Started process (PID=767) to work on /home/airflow/.local/lib/python3.8/site-packages/airflow/example_dags/example_sla_dag.py
[2023-12-09T14:09:19.390+0000] {processor.py:829} INFO - Processing file /home/airflow/.local/lib/python3.8/site-packages/airflow/example_dags/example_sla_dag.py for tasks to queue
[2023-12-09T14:09:19.391+0000] {logging_mixin.py:154} INFO - [2023-12-09T14:09:19.391+0000] {dagbag.py:536} INFO - Filling up the DagBag from /home/airflow/.local/lib/python3.8/site-packages/airflow/example_dags/example_sla_dag.py
[2023-12-09T14:09:19.397+0000] {processor.py:839} INFO - DAG(s) dict_keys(['example_sla_dag']) retrieved from /home/airflow/.local/lib/python3.8/site-packages/airflow/example_dags/example_sla_dag.py
[2023-12-09T14:09:19.416+0000] {logging_mixin.py:154} INFO - [2023-12-09T14:09:19.415+0000] {dag.py:2941} INFO - Sync 1 DAGs
[2023-12-09T14:09:19.434+0000] {logging_mixin.py:154} INFO - [2023-12-09T14:09:19.434+0000] {dag.py:3722} INFO - Setting next_dagrun for example_sla_dag to 2023-12-09T14:06:00+00:00, run_after=2023-12-09T14:08:00+00:00
[2023-12-09T14:09:19.451+0000] {processor.py:179} INFO - Processing /home/airflow/.local/lib/python3.8/site-packages/airflow/example_dags/example_sla_dag.py took 0.064 seconds
[2023-12-09T14:09:49.535+0000] {processor.py:157} INFO - Started process (PID=1005) to work on /home/airflow/.local/lib/python3.8/site-packages/airflow/example_dags/example_sla_dag.py
[2023-12-09T14:09:49.536+0000] {processor.py:829} INFO - Processing file /home/airflow/.local/lib/python3.8/site-packages/airflow/example_dags/example_sla_dag.py for tasks to queue
[2023-12-09T14:09:49.536+0000] {logging_mixin.py:154} INFO - [2023-12-09T14:09:49.536+0000] {dagbag.py:536} INFO - Filling up the DagBag from /home/airflow/.local/lib/python3.8/site-packages/airflow/example_dags/example_sla_dag.py
[2023-12-09T14:09:49.542+0000] {processor.py:839} INFO - DAG(s) dict_keys(['example_sla_dag']) retrieved from /home/airflow/.local/lib/python3.8/site-packages/airflow/example_dags/example_sla_dag.py
[2023-12-09T14:09:49.553+0000] {logging_mixin.py:154} INFO - [2023-12-09T14:09:49.553+0000] {dag.py:2941} INFO - Sync 1 DAGs
[2023-12-09T14:09:49.570+0000] {logging_mixin.py:154} INFO - [2023-12-09T14:09:49.570+0000] {dag.py:3722} INFO - Setting next_dagrun for example_sla_dag to 2023-12-09T14:06:00+00:00, run_after=2023-12-09T14:08:00+00:00
[2023-12-09T14:09:49.581+0000] {processor.py:179} INFO - Processing /home/airflow/.local/lib/python3.8/site-packages/airflow/example_dags/example_sla_dag.py took 0.049 seconds
[2023-12-09T14:10:19.708+0000] {processor.py:157} INFO - Started process (PID=1245) to work on /home/airflow/.local/lib/python3.8/site-packages/airflow/example_dags/example_sla_dag.py
[2023-12-09T14:10:19.709+0000] {processor.py:829} INFO - Processing file /home/airflow/.local/lib/python3.8/site-packages/airflow/example_dags/example_sla_dag.py for tasks to queue
[2023-12-09T14:10:19.710+0000] {logging_mixin.py:154} INFO - [2023-12-09T14:10:19.709+0000] {dagbag.py:536} INFO - Filling up the DagBag from /home/airflow/.local/lib/python3.8/site-packages/airflow/example_dags/example_sla_dag.py
[2023-12-09T14:10:19.715+0000] {processor.py:839} INFO - DAG(s) dict_keys(['example_sla_dag']) retrieved from /home/airflow/.local/lib/python3.8/site-packages/airflow/example_dags/example_sla_dag.py
[2023-12-09T14:10:19.727+0000] {logging_mixin.py:154} INFO - [2023-12-09T14:10:19.727+0000] {dag.py:2941} INFO - Sync 1 DAGs
[2023-12-09T14:10:19.739+0000] {logging_mixin.py:154} INFO - [2023-12-09T14:10:19.739+0000] {dag.py:3722} INFO - Setting next_dagrun for example_sla_dag to 2023-12-09T14:08:00+00:00, run_after=2023-12-09T14:10:00+00:00
[2023-12-09T14:10:19.747+0000] {processor.py:179} INFO - Processing /home/airflow/.local/lib/python3.8/site-packages/airflow/example_dags/example_sla_dag.py took 0.041 seconds
[2023-12-09T14:10:50.524+0000] {processor.py:157} INFO - Started process (PID=1483) to work on /home/airflow/.local/lib/python3.8/site-packages/airflow/example_dags/example_sla_dag.py
[2023-12-09T14:10:50.524+0000] {processor.py:829} INFO - Processing file /home/airflow/.local/lib/python3.8/site-packages/airflow/example_dags/example_sla_dag.py for tasks to queue
[2023-12-09T14:10:50.525+0000] {logging_mixin.py:154} INFO - [2023-12-09T14:10:50.525+0000] {dagbag.py:536} INFO - Filling up the DagBag from /home/airflow/.local/lib/python3.8/site-packages/airflow/example_dags/example_sla_dag.py
[2023-12-09T14:10:50.530+0000] {processor.py:839} INFO - DAG(s) dict_keys(['example_sla_dag']) retrieved from /home/airflow/.local/lib/python3.8/site-packages/airflow/example_dags/example_sla_dag.py
[2023-12-09T14:10:50.542+0000] {logging_mixin.py:154} INFO - [2023-12-09T14:10:50.542+0000] {dag.py:2941} INFO - Sync 1 DAGs
[2023-12-09T14:10:50.555+0000] {logging_mixin.py:154} INFO - [2023-12-09T14:10:50.555+0000] {dag.py:3722} INFO - Setting next_dagrun for example_sla_dag to 2023-12-09T14:08:00+00:00, run_after=2023-12-09T14:10:00+00:00
[2023-12-09T14:10:50.564+0000] {processor.py:179} INFO - Processing /home/airflow/.local/lib/python3.8/site-packages/airflow/example_dags/example_sla_dag.py took 0.042 seconds
[2023-12-09T14:11:21.361+0000] {processor.py:157} INFO - Started process (PID=1721) to work on /home/airflow/.local/lib/python3.8/site-packages/airflow/example_dags/example_sla_dag.py
[2023-12-09T14:11:21.362+0000] {processor.py:829} INFO - Processing file /home/airflow/.local/lib/python3.8/site-packages/airflow/example_dags/example_sla_dag.py for tasks to queue
[2023-12-09T14:11:21.362+0000] {logging_mixin.py:154} INFO - [2023-12-09T14:11:21.362+0000] {dagbag.py:536} INFO - Filling up the DagBag from /home/airflow/.local/lib/python3.8/site-packages/airflow/example_dags/example_sla_dag.py
[2023-12-09T14:11:21.368+0000] {processor.py:839} INFO - DAG(s) dict_keys(['example_sla_dag']) retrieved from /home/airflow/.local/lib/python3.8/site-packages/airflow/example_dags/example_sla_dag.py
[2023-12-09T14:11:21.381+0000] {logging_mixin.py:154} INFO - [2023-12-09T14:11:21.381+0000] {dag.py:2941} INFO - Sync 1 DAGs
[2023-12-09T14:11:21.395+0000] {logging_mixin.py:154} INFO - [2023-12-09T14:11:21.395+0000] {dag.py:3722} INFO - Setting next_dagrun for example_sla_dag to 2023-12-09T14:08:00+00:00, run_after=2023-12-09T14:10:00+00:00
[2023-12-09T14:11:21.406+0000] {processor.py:179} INFO - Processing /home/airflow/.local/lib/python3.8/site-packages/airflow/example_dags/example_sla_dag.py took 0.047 seconds
[2023-12-09T14:11:51.475+0000] {processor.py:157} INFO - Started process (PID=1959) to work on /home/airflow/.local/lib/python3.8/site-packages/airflow/example_dags/example_sla_dag.py
[2023-12-09T14:11:51.476+0000] {processor.py:829} INFO - Processing file /home/airflow/.local/lib/python3.8/site-packages/airflow/example_dags/example_sla_dag.py for tasks to queue
[2023-12-09T14:11:51.477+0000] {logging_mixin.py:154} INFO - [2023-12-09T14:11:51.477+0000] {dagbag.py:536} INFO - Filling up the DagBag from /home/airflow/.local/lib/python3.8/site-packages/airflow/example_dags/example_sla_dag.py
[2023-12-09T14:11:51.484+0000] {processor.py:839} INFO - DAG(s) dict_keys(['example_sla_dag']) retrieved from /home/airflow/.local/lib/python3.8/site-packages/airflow/example_dags/example_sla_dag.py
[2023-12-09T14:11:51.498+0000] {logging_mixin.py:154} INFO - [2023-12-09T14:11:51.498+0000] {dag.py:2941} INFO - Sync 1 DAGs
[2023-12-09T14:11:51.512+0000] {logging_mixin.py:154} INFO - [2023-12-09T14:11:51.512+0000] {dag.py:3722} INFO - Setting next_dagrun for example_sla_dag to 2023-12-09T14:08:00+00:00, run_after=2023-12-09T14:10:00+00:00
[2023-12-09T14:11:51.521+0000] {processor.py:179} INFO - Processing /home/airflow/.local/lib/python3.8/site-packages/airflow/example_dags/example_sla_dag.py took 0.048 seconds
[2023-12-09T14:12:21.611+0000] {processor.py:157} INFO - Started process (PID=2197) to work on /home/airflow/.local/lib/python3.8/site-packages/airflow/example_dags/example_sla_dag.py
[2023-12-09T14:12:21.612+0000] {processor.py:829} INFO - Processing file /home/airflow/.local/lib/python3.8/site-packages/airflow/example_dags/example_sla_dag.py for tasks to queue
[2023-12-09T14:12:21.612+0000] {logging_mixin.py:154} INFO - [2023-12-09T14:12:21.612+0000] {dagbag.py:536} INFO - Filling up the DagBag from /home/airflow/.local/lib/python3.8/site-packages/airflow/example_dags/example_sla_dag.py
[2023-12-09T14:12:21.618+0000] {processor.py:839} INFO - DAG(s) dict_keys(['example_sla_dag']) retrieved from /home/airflow/.local/lib/python3.8/site-packages/airflow/example_dags/example_sla_dag.py
[2023-12-09T14:12:21.629+0000] {logging_mixin.py:154} INFO - [2023-12-09T14:12:21.629+0000] {dag.py:2941} INFO - Sync 1 DAGs
[2023-12-09T14:12:21.642+0000] {logging_mixin.py:154} INFO - [2023-12-09T14:12:21.642+0000] {dag.py:3722} INFO - Setting next_dagrun for example_sla_dag to 2023-12-09T14:10:00+00:00, run_after=2023-12-09T14:12:00+00:00
[2023-12-09T14:12:21.651+0000] {processor.py:179} INFO - Processing /home/airflow/.local/lib/python3.8/site-packages/airflow/example_dags/example_sla_dag.py took 0.042 seconds
[2023-12-09T14:12:52.370+0000] {processor.py:157} INFO - Started process (PID=2433) to work on /home/airflow/.local/lib/python3.8/site-packages/airflow/example_dags/example_sla_dag.py
[2023-12-09T14:12:52.370+0000] {processor.py:829} INFO - Processing file /home/airflow/.local/lib/python3.8/site-packages/airflow/example_dags/example_sla_dag.py for tasks to queue
[2023-12-09T14:12:52.371+0000] {logging_mixin.py:154} INFO - [2023-12-09T14:12:52.371+0000] {dagbag.py:536} INFO - Filling up the DagBag from /home/airflow/.local/lib/python3.8/site-packages/airflow/example_dags/example_sla_dag.py
[2023-12-09T14:12:52.376+0000] {processor.py:839} INFO - DAG(s) dict_keys(['example_sla_dag']) retrieved from /home/airflow/.local/lib/python3.8/site-packages/airflow/example_dags/example_sla_dag.py
[2023-12-09T14:12:52.388+0000] {logging_mixin.py:154} INFO - [2023-12-09T14:12:52.388+0000] {dag.py:2941} INFO - Sync 1 DAGs
[2023-12-09T14:12:52.401+0000] {logging_mixin.py:154} INFO - [2023-12-09T14:12:52.401+0000] {dag.py:3722} INFO - Setting next_dagrun for example_sla_dag to 2023-12-09T14:10:00+00:00, run_after=2023-12-09T14:12:00+00:00
[2023-12-09T14:12:52.412+0000] {processor.py:179} INFO - Processing /home/airflow/.local/lib/python3.8/site-packages/airflow/example_dags/example_sla_dag.py took 0.045 seconds
[2023-12-09T14:13:23.457+0000] {processor.py:157} INFO - Started process (PID=2671) to work on /home/airflow/.local/lib/python3.8/site-packages/airflow/example_dags/example_sla_dag.py
[2023-12-09T14:13:23.459+0000] {processor.py:829} INFO - Processing file /home/airflow/.local/lib/python3.8/site-packages/airflow/example_dags/example_sla_dag.py for tasks to queue
[2023-12-09T14:13:23.460+0000] {logging_mixin.py:154} INFO - [2023-12-09T14:13:23.460+0000] {dagbag.py:536} INFO - Filling up the DagBag from /home/airflow/.local/lib/python3.8/site-packages/airflow/example_dags/example_sla_dag.py
[2023-12-09T14:13:23.467+0000] {processor.py:839} INFO - DAG(s) dict_keys(['example_sla_dag']) retrieved from /home/airflow/.local/lib/python3.8/site-packages/airflow/example_dags/example_sla_dag.py
[2023-12-09T14:13:23.479+0000] {logging_mixin.py:154} INFO - [2023-12-09T14:13:23.479+0000] {dag.py:2941} INFO - Sync 1 DAGs
[2023-12-09T14:13:23.493+0000] {logging_mixin.py:154} INFO - [2023-12-09T14:13:23.493+0000] {dag.py:3722} INFO - Setting next_dagrun for example_sla_dag to 2023-12-09T14:10:00+00:00, run_after=2023-12-09T14:12:00+00:00
[2023-12-09T14:13:23.503+0000] {processor.py:179} INFO - Processing /home/airflow/.local/lib/python3.8/site-packages/airflow/example_dags/example_sla_dag.py took 0.048 seconds
[2023-12-09T14:13:54.189+0000] {processor.py:157} INFO - Started process (PID=2909) to work on /home/airflow/.local/lib/python3.8/site-packages/airflow/example_dags/example_sla_dag.py
[2023-12-09T14:13:54.189+0000] {processor.py:829} INFO - Processing file /home/airflow/.local/lib/python3.8/site-packages/airflow/example_dags/example_sla_dag.py for tasks to queue
[2023-12-09T14:13:54.190+0000] {logging_mixin.py:154} INFO - [2023-12-09T14:13:54.190+0000] {dagbag.py:536} INFO - Filling up the DagBag from /home/airflow/.local/lib/python3.8/site-packages/airflow/example_dags/example_sla_dag.py
[2023-12-09T14:13:54.196+0000] {processor.py:839} INFO - DAG(s) dict_keys(['example_sla_dag']) retrieved from /home/airflow/.local/lib/python3.8/site-packages/airflow/example_dags/example_sla_dag.py
[2023-12-09T14:13:54.209+0000] {logging_mixin.py:154} INFO - [2023-12-09T14:13:54.209+0000] {dag.py:2941} INFO - Sync 1 DAGs
[2023-12-09T14:13:54.225+0000] {logging_mixin.py:154} INFO - [2023-12-09T14:13:54.224+0000] {dag.py:3722} INFO - Setting next_dagrun for example_sla_dag to 2023-12-09T14:10:00+00:00, run_after=2023-12-09T14:12:00+00:00
[2023-12-09T14:13:54.235+0000] {processor.py:179} INFO - Processing /home/airflow/.local/lib/python3.8/site-packages/airflow/example_dags/example_sla_dag.py took 0.049 seconds
[2023-12-09T14:14:24.938+0000] {processor.py:157} INFO - Started process (PID=3147) to work on /home/airflow/.local/lib/python3.8/site-packages/airflow/example_dags/example_sla_dag.py
[2023-12-09T14:14:24.939+0000] {processor.py:829} INFO - Processing file /home/airflow/.local/lib/python3.8/site-packages/airflow/example_dags/example_sla_dag.py for tasks to queue
[2023-12-09T14:14:24.939+0000] {logging_mixin.py:154} INFO - [2023-12-09T14:14:24.939+0000] {dagbag.py:536} INFO - Filling up the DagBag from /home/airflow/.local/lib/python3.8/site-packages/airflow/example_dags/example_sla_dag.py
[2023-12-09T14:14:24.944+0000] {processor.py:839} INFO - DAG(s) dict_keys(['example_sla_dag']) retrieved from /home/airflow/.local/lib/python3.8/site-packages/airflow/example_dags/example_sla_dag.py
[2023-12-09T14:14:24.955+0000] {logging_mixin.py:154} INFO - [2023-12-09T14:14:24.955+0000] {dag.py:2941} INFO - Sync 1 DAGs
[2023-12-09T14:14:24.967+0000] {logging_mixin.py:154} INFO - [2023-12-09T14:14:24.967+0000] {dag.py:3722} INFO - Setting next_dagrun for example_sla_dag to 2023-12-09T14:12:00+00:00, run_after=2023-12-09T14:14:00+00:00
[2023-12-09T14:14:24.975+0000] {processor.py:179} INFO - Processing /home/airflow/.local/lib/python3.8/site-packages/airflow/example_dags/example_sla_dag.py took 0.038 seconds
[2023-12-09T14:14:55.736+0000] {processor.py:157} INFO - Started process (PID=3385) to work on /home/airflow/.local/lib/python3.8/site-packages/airflow/example_dags/example_sla_dag.py
[2023-12-09T14:14:55.736+0000] {processor.py:829} INFO - Processing file /home/airflow/.local/lib/python3.8/site-packages/airflow/example_dags/example_sla_dag.py for tasks to queue
[2023-12-09T14:14:55.737+0000] {logging_mixin.py:154} INFO - [2023-12-09T14:14:55.737+0000] {dagbag.py:536} INFO - Filling up the DagBag from /home/airflow/.local/lib/python3.8/site-packages/airflow/example_dags/example_sla_dag.py
[2023-12-09T14:14:55.742+0000] {processor.py:839} INFO - DAG(s) dict_keys(['example_sla_dag']) retrieved from /home/airflow/.local/lib/python3.8/site-packages/airflow/example_dags/example_sla_dag.py
[2023-12-09T14:14:55.752+0000] {logging_mixin.py:154} INFO - [2023-12-09T14:14:55.752+0000] {dag.py:2941} INFO - Sync 1 DAGs
[2023-12-09T14:14:55.764+0000] {logging_mixin.py:154} INFO - [2023-12-09T14:14:55.764+0000] {dag.py:3722} INFO - Setting next_dagrun for example_sla_dag to 2023-12-09T14:12:00+00:00, run_after=2023-12-09T14:14:00+00:00
[2023-12-09T14:14:55.772+0000] {processor.py:179} INFO - Processing /home/airflow/.local/lib/python3.8/site-packages/airflow/example_dags/example_sla_dag.py took 0.039 seconds
[2023-12-09T14:15:26.432+0000] {processor.py:157} INFO - Started process (PID=3623) to work on /home/airflow/.local/lib/python3.8/site-packages/airflow/example_dags/example_sla_dag.py
[2023-12-09T14:15:26.433+0000] {processor.py:829} INFO - Processing file /home/airflow/.local/lib/python3.8/site-packages/airflow/example_dags/example_sla_dag.py for tasks to queue
[2023-12-09T14:15:26.433+0000] {logging_mixin.py:154} INFO - [2023-12-09T14:15:26.433+0000] {dagbag.py:536} INFO - Filling up the DagBag from /home/airflow/.local/lib/python3.8/site-packages/airflow/example_dags/example_sla_dag.py
[2023-12-09T14:15:26.438+0000] {processor.py:839} INFO - DAG(s) dict_keys(['example_sla_dag']) retrieved from /home/airflow/.local/lib/python3.8/site-packages/airflow/example_dags/example_sla_dag.py
[2023-12-09T14:15:26.450+0000] {logging_mixin.py:154} INFO - [2023-12-09T14:15:26.450+0000] {dag.py:2941} INFO - Sync 1 DAGs
[2023-12-09T14:15:26.463+0000] {logging_mixin.py:154} INFO - [2023-12-09T14:15:26.463+0000] {dag.py:3722} INFO - Setting next_dagrun for example_sla_dag to 2023-12-09T14:12:00+00:00, run_after=2023-12-09T14:14:00+00:00
[2023-12-09T14:15:26.472+0000] {processor.py:179} INFO - Processing /home/airflow/.local/lib/python3.8/site-packages/airflow/example_dags/example_sla_dag.py took 0.042 seconds
[2023-12-09T14:15:57.474+0000] {processor.py:157} INFO - Started process (PID=3861) to work on /home/airflow/.local/lib/python3.8/site-packages/airflow/example_dags/example_sla_dag.py
[2023-12-09T14:15:57.475+0000] {processor.py:829} INFO - Processing file /home/airflow/.local/lib/python3.8/site-packages/airflow/example_dags/example_sla_dag.py for tasks to queue
[2023-12-09T14:15:57.475+0000] {logging_mixin.py:154} INFO - [2023-12-09T14:15:57.475+0000] {dagbag.py:536} INFO - Filling up the DagBag from /home/airflow/.local/lib/python3.8/site-packages/airflow/example_dags/example_sla_dag.py
[2023-12-09T14:15:57.481+0000] {processor.py:839} INFO - DAG(s) dict_keys(['example_sla_dag']) retrieved from /home/airflow/.local/lib/python3.8/site-packages/airflow/example_dags/example_sla_dag.py
[2023-12-09T14:15:57.494+0000] {logging_mixin.py:154} INFO - [2023-12-09T14:15:57.494+0000] {dag.py:2941} INFO - Sync 1 DAGs
[2023-12-09T14:15:57.508+0000] {logging_mixin.py:154} INFO - [2023-12-09T14:15:57.508+0000] {dag.py:3722} INFO - Setting next_dagrun for example_sla_dag to 2023-12-09T14:12:00+00:00, run_after=2023-12-09T14:14:00+00:00
[2023-12-09T14:15:57.516+0000] {processor.py:179} INFO - Processing /home/airflow/.local/lib/python3.8/site-packages/airflow/example_dags/example_sla_dag.py took 0.044 seconds
[2023-12-09T14:16:28.361+0000] {processor.py:157} INFO - Started process (PID=4099) to work on /home/airflow/.local/lib/python3.8/site-packages/airflow/example_dags/example_sla_dag.py
[2023-12-09T14:16:28.362+0000] {processor.py:829} INFO - Processing file /home/airflow/.local/lib/python3.8/site-packages/airflow/example_dags/example_sla_dag.py for tasks to queue
[2023-12-09T14:16:28.363+0000] {logging_mixin.py:154} INFO - [2023-12-09T14:16:28.362+0000] {dagbag.py:536} INFO - Filling up the DagBag from /home/airflow/.local/lib/python3.8/site-packages/airflow/example_dags/example_sla_dag.py
[2023-12-09T14:16:28.369+0000] {processor.py:839} INFO - DAG(s) dict_keys(['example_sla_dag']) retrieved from /home/airflow/.local/lib/python3.8/site-packages/airflow/example_dags/example_sla_dag.py
[2023-12-09T14:16:28.382+0000] {logging_mixin.py:154} INFO - [2023-12-09T14:16:28.382+0000] {dag.py:2941} INFO - Sync 1 DAGs
[2023-12-09T14:16:28.396+0000] {logging_mixin.py:154} INFO - [2023-12-09T14:16:28.396+0000] {dag.py:3722} INFO - Setting next_dagrun for example_sla_dag to 2023-12-09T14:14:00+00:00, run_after=2023-12-09T14:16:00+00:00
[2023-12-09T14:16:28.407+0000] {processor.py:179} INFO - Processing /home/airflow/.local/lib/python3.8/site-packages/airflow/example_dags/example_sla_dag.py took 0.048 seconds
[2023-12-09T14:16:59.046+0000] {processor.py:157} INFO - Started process (PID=4337) to work on /home/airflow/.local/lib/python3.8/site-packages/airflow/example_dags/example_sla_dag.py
[2023-12-09T14:16:59.046+0000] {processor.py:829} INFO - Processing file /home/airflow/.local/lib/python3.8/site-packages/airflow/example_dags/example_sla_dag.py for tasks to queue
[2023-12-09T14:16:59.047+0000] {logging_mixin.py:154} INFO - [2023-12-09T14:16:59.047+0000] {dagbag.py:536} INFO - Filling up the DagBag from /home/airflow/.local/lib/python3.8/site-packages/airflow/example_dags/example_sla_dag.py
[2023-12-09T14:16:59.052+0000] {processor.py:839} INFO - DAG(s) dict_keys(['example_sla_dag']) retrieved from /home/airflow/.local/lib/python3.8/site-packages/airflow/example_dags/example_sla_dag.py
[2023-12-09T14:16:59.063+0000] {logging_mixin.py:154} INFO - [2023-12-09T14:16:59.063+0000] {dag.py:2941} INFO - Sync 1 DAGs
[2023-12-09T14:16:59.075+0000] {logging_mixin.py:154} INFO - [2023-12-09T14:16:59.075+0000] {dag.py:3722} INFO - Setting next_dagrun for example_sla_dag to 2023-12-09T14:14:00+00:00, run_after=2023-12-09T14:16:00+00:00
[2023-12-09T14:16:59.083+0000] {processor.py:179} INFO - Processing /home/airflow/.local/lib/python3.8/site-packages/airflow/example_dags/example_sla_dag.py took 0.040 seconds
[2023-12-09T14:17:29.728+0000] {processor.py:157} INFO - Started process (PID=4575) to work on /home/airflow/.local/lib/python3.8/site-packages/airflow/example_dags/example_sla_dag.py
[2023-12-09T14:17:29.729+0000] {processor.py:829} INFO - Processing file /home/airflow/.local/lib/python3.8/site-packages/airflow/example_dags/example_sla_dag.py for tasks to queue
[2023-12-09T14:17:29.729+0000] {logging_mixin.py:154} INFO - [2023-12-09T14:17:29.729+0000] {dagbag.py:536} INFO - Filling up the DagBag from /home/airflow/.local/lib/python3.8/site-packages/airflow/example_dags/example_sla_dag.py
[2023-12-09T14:17:29.734+0000] {processor.py:839} INFO - DAG(s) dict_keys(['example_sla_dag']) retrieved from /home/airflow/.local/lib/python3.8/site-packages/airflow/example_dags/example_sla_dag.py
[2023-12-09T14:17:29.745+0000] {logging_mixin.py:154} INFO - [2023-12-09T14:17:29.745+0000] {dag.py:2941} INFO - Sync 1 DAGs
[2023-12-09T14:17:29.757+0000] {logging_mixin.py:154} INFO - [2023-12-09T14:17:29.757+0000] {dag.py:3722} INFO - Setting next_dagrun for example_sla_dag to 2023-12-09T14:14:00+00:00, run_after=2023-12-09T14:16:00+00:00
[2023-12-09T14:17:29.765+0000] {processor.py:179} INFO - Processing /home/airflow/.local/lib/python3.8/site-packages/airflow/example_dags/example_sla_dag.py took 0.039 seconds
[2023-12-09T14:18:00.583+0000] {processor.py:157} INFO - Started process (PID=4813) to work on /home/airflow/.local/lib/python3.8/site-packages/airflow/example_dags/example_sla_dag.py
[2023-12-09T14:18:00.584+0000] {processor.py:829} INFO - Processing file /home/airflow/.local/lib/python3.8/site-packages/airflow/example_dags/example_sla_dag.py for tasks to queue
[2023-12-09T14:18:00.585+0000] {logging_mixin.py:154} INFO - [2023-12-09T14:18:00.585+0000] {dagbag.py:536} INFO - Filling up the DagBag from /home/airflow/.local/lib/python3.8/site-packages/airflow/example_dags/example_sla_dag.py
[2023-12-09T14:18:00.591+0000] {processor.py:839} INFO - DAG(s) dict_keys(['example_sla_dag']) retrieved from /home/airflow/.local/lib/python3.8/site-packages/airflow/example_dags/example_sla_dag.py
[2023-12-09T14:18:00.604+0000] {logging_mixin.py:154} INFO - [2023-12-09T14:18:00.603+0000] {dag.py:2941} INFO - Sync 1 DAGs
[2023-12-09T14:18:00.619+0000] {logging_mixin.py:154} INFO - [2023-12-09T14:18:00.619+0000] {dag.py:3722} INFO - Setting next_dagrun for example_sla_dag to 2023-12-09T14:16:00+00:00, run_after=2023-12-09T14:18:00+00:00
[2023-12-09T14:18:00.629+0000] {processor.py:179} INFO - Processing /home/airflow/.local/lib/python3.8/site-packages/airflow/example_dags/example_sla_dag.py took 0.048 seconds
[2023-12-09T14:18:31.362+0000] {processor.py:157} INFO - Started process (PID=5051) to work on /home/airflow/.local/lib/python3.8/site-packages/airflow/example_dags/example_sla_dag.py
[2023-12-09T14:18:31.363+0000] {processor.py:829} INFO - Processing file /home/airflow/.local/lib/python3.8/site-packages/airflow/example_dags/example_sla_dag.py for tasks to queue
[2023-12-09T14:18:31.363+0000] {logging_mixin.py:154} INFO - [2023-12-09T14:18:31.363+0000] {dagbag.py:536} INFO - Filling up the DagBag from /home/airflow/.local/lib/python3.8/site-packages/airflow/example_dags/example_sla_dag.py
[2023-12-09T14:18:31.369+0000] {processor.py:839} INFO - DAG(s) dict_keys(['example_sla_dag']) retrieved from /home/airflow/.local/lib/python3.8/site-packages/airflow/example_dags/example_sla_dag.py
[2023-12-09T14:18:31.381+0000] {logging_mixin.py:154} INFO - [2023-12-09T14:18:31.381+0000] {dag.py:2941} INFO - Sync 1 DAGs
[2023-12-09T14:18:31.394+0000] {logging_mixin.py:154} INFO - [2023-12-09T14:18:31.394+0000] {dag.py:3722} INFO - Setting next_dagrun for example_sla_dag to 2023-12-09T14:16:00+00:00, run_after=2023-12-09T14:18:00+00:00
[2023-12-09T14:18:31.402+0000] {processor.py:179} INFO - Processing /home/airflow/.local/lib/python3.8/site-packages/airflow/example_dags/example_sla_dag.py took 0.042 seconds
[2023-12-09T14:19:02.041+0000] {processor.py:157} INFO - Started process (PID=5289) to work on /home/airflow/.local/lib/python3.8/site-packages/airflow/example_dags/example_sla_dag.py
[2023-12-09T14:19:02.042+0000] {processor.py:829} INFO - Processing file /home/airflow/.local/lib/python3.8/site-packages/airflow/example_dags/example_sla_dag.py for tasks to queue
[2023-12-09T14:19:02.042+0000] {logging_mixin.py:154} INFO - [2023-12-09T14:19:02.042+0000] {dagbag.py:536} INFO - Filling up the DagBag from /home/airflow/.local/lib/python3.8/site-packages/airflow/example_dags/example_sla_dag.py
[2023-12-09T14:19:02.048+0000] {processor.py:839} INFO - DAG(s) dict_keys(['example_sla_dag']) retrieved from /home/airflow/.local/lib/python3.8/site-packages/airflow/example_dags/example_sla_dag.py
[2023-12-09T14:19:02.060+0000] {logging_mixin.py:154} INFO - [2023-12-09T14:19:02.060+0000] {dag.py:2941} INFO - Sync 1 DAGs
[2023-12-09T14:19:02.074+0000] {logging_mixin.py:154} INFO - [2023-12-09T14:19:02.074+0000] {dag.py:3722} INFO - Setting next_dagrun for example_sla_dag to 2023-12-09T14:16:00+00:00, run_after=2023-12-09T14:18:00+00:00
[2023-12-09T14:19:02.083+0000] {processor.py:179} INFO - Processing /home/airflow/.local/lib/python3.8/site-packages/airflow/example_dags/example_sla_dag.py took 0.044 seconds
