[2023-12-09T14:08:18.612+0000] {processor.py:157} INFO - Started process (PID=366) to work on /home/airflow/.local/lib/python3.8/site-packages/airflow/example_dags/example_subdag_operator.py
[2023-12-09T14:08:18.613+0000] {processor.py:829} INFO - Processing file /home/airflow/.local/lib/python3.8/site-packages/airflow/example_dags/example_subdag_operator.py for tasks to queue
[2023-12-09T14:08:18.613+0000] {logging_mixin.py:154} INFO - [2023-12-09T14:08:18.613+0000] {dagbag.py:536} INFO - Filling up the DagBag from /home/airflow/.local/lib/python3.8/site-packages/airflow/example_dags/example_subdag_operator.py
[2023-12-09T14:08:18.629+0000] {processor.py:839} INFO - DAG(s) dict_keys(['example_subdag_operator.section-1', 'example_subdag_operator.section-2', 'example_subdag_operator']) retrieved from /home/airflow/.local/lib/python3.8/site-packages/airflow/example_dags/example_subdag_operator.py
[2023-12-09T14:08:18.631+0000] {logging_mixin.py:154} INFO - [2023-12-09T14:08:18.631+0000] {dag.py:2941} INFO - Sync 3 DAGs
[2023-12-09T14:08:18.644+0000] {logging_mixin.py:154} INFO - [2023-12-09T14:08:18.644+0000] {dag.py:3722} INFO - Setting next_dagrun for example_subdag_operator to 2022-01-01T00:00:00+00:00, run_after=2022-01-01T00:00:00+00:00
[2023-12-09T14:08:18.646+0000] {logging_mixin.py:154} INFO - [2023-12-09T14:08:18.646+0000] {dag.py:3722} INFO - Setting next_dagrun for example_subdag_operator.section-1 to None, run_after=None
[2023-12-09T14:08:18.647+0000] {logging_mixin.py:154} INFO - [2023-12-09T14:08:18.647+0000] {dag.py:3722} INFO - Setting next_dagrun for example_subdag_operator.section-2 to None, run_after=None
[2023-12-09T14:08:18.652+0000] {logging_mixin.py:154} INFO - [2023-12-09T14:08:18.652+0000] {dag.py:2941} INFO - Sync 2 DAGs
[2023-12-09T14:08:18.655+0000] {logging_mixin.py:154} INFO - [2023-12-09T14:08:18.655+0000] {dag.py:3722} INFO - Setting next_dagrun for example_subdag_operator.section-1 to None, run_after=None
[2023-12-09T14:08:18.656+0000] {logging_mixin.py:154} INFO - [2023-12-09T14:08:18.656+0000] {dag.py:3722} INFO - Setting next_dagrun for example_subdag_operator.section-2 to None, run_after=None
[2023-12-09T14:08:18.662+0000] {processor.py:179} INFO - Processing /home/airflow/.local/lib/python3.8/site-packages/airflow/example_dags/example_subdag_operator.py took 0.053 seconds
[2023-12-09T14:08:49.012+0000] {processor.py:157} INFO - Started process (PID=606) to work on /home/airflow/.local/lib/python3.8/site-packages/airflow/example_dags/example_subdag_operator.py
[2023-12-09T14:08:49.013+0000] {processor.py:829} INFO - Processing file /home/airflow/.local/lib/python3.8/site-packages/airflow/example_dags/example_subdag_operator.py for tasks to queue
[2023-12-09T14:08:49.013+0000] {logging_mixin.py:154} INFO - [2023-12-09T14:08:49.013+0000] {dagbag.py:536} INFO - Filling up the DagBag from /home/airflow/.local/lib/python3.8/site-packages/airflow/example_dags/example_subdag_operator.py
[2023-12-09T14:08:49.027+0000] {processor.py:839} INFO - DAG(s) dict_keys(['example_subdag_operator.section-1', 'example_subdag_operator.section-2', 'example_subdag_operator']) retrieved from /home/airflow/.local/lib/python3.8/site-packages/airflow/example_dags/example_subdag_operator.py
[2023-12-09T14:08:49.035+0000] {logging_mixin.py:154} INFO - [2023-12-09T14:08:49.035+0000] {dag.py:2941} INFO - Sync 3 DAGs
[2023-12-09T14:08:49.045+0000] {logging_mixin.py:154} INFO - [2023-12-09T14:08:49.045+0000] {dag.py:3722} INFO - Setting next_dagrun for example_subdag_operator to 2022-01-01T00:00:00+00:00, run_after=2022-01-01T00:00:00+00:00
[2023-12-09T14:08:49.047+0000] {logging_mixin.py:154} INFO - [2023-12-09T14:08:49.046+0000] {dag.py:3722} INFO - Setting next_dagrun for example_subdag_operator.section-1 to None, run_after=None
[2023-12-09T14:08:49.047+0000] {logging_mixin.py:154} INFO - [2023-12-09T14:08:49.047+0000] {dag.py:3722} INFO - Setting next_dagrun for example_subdag_operator.section-2 to None, run_after=None
[2023-12-09T14:08:49.051+0000] {logging_mixin.py:154} INFO - [2023-12-09T14:08:49.051+0000] {dag.py:2941} INFO - Sync 2 DAGs
[2023-12-09T14:08:49.053+0000] {logging_mixin.py:154} INFO - [2023-12-09T14:08:49.053+0000] {dag.py:3722} INFO - Setting next_dagrun for example_subdag_operator.section-1 to None, run_after=None
[2023-12-09T14:08:49.053+0000] {logging_mixin.py:154} INFO - [2023-12-09T14:08:49.053+0000] {dag.py:3722} INFO - Setting next_dagrun for example_subdag_operator.section-2 to None, run_after=None
[2023-12-09T14:08:49.058+0000] {processor.py:179} INFO - Processing /home/airflow/.local/lib/python3.8/site-packages/airflow/example_dags/example_subdag_operator.py took 0.047 seconds
[2023-12-09T14:09:19.931+0000] {processor.py:157} INFO - Started process (PID=842) to work on /home/airflow/.local/lib/python3.8/site-packages/airflow/example_dags/example_subdag_operator.py
[2023-12-09T14:09:19.932+0000] {processor.py:829} INFO - Processing file /home/airflow/.local/lib/python3.8/site-packages/airflow/example_dags/example_subdag_operator.py for tasks to queue
[2023-12-09T14:09:19.933+0000] {logging_mixin.py:154} INFO - [2023-12-09T14:09:19.933+0000] {dagbag.py:536} INFO - Filling up the DagBag from /home/airflow/.local/lib/python3.8/site-packages/airflow/example_dags/example_subdag_operator.py
[2023-12-09T14:09:19.953+0000] {processor.py:839} INFO - DAG(s) dict_keys(['example_subdag_operator.section-1', 'example_subdag_operator.section-2', 'example_subdag_operator']) retrieved from /home/airflow/.local/lib/python3.8/site-packages/airflow/example_dags/example_subdag_operator.py
[2023-12-09T14:09:19.964+0000] {logging_mixin.py:154} INFO - [2023-12-09T14:09:19.964+0000] {dag.py:2941} INFO - Sync 3 DAGs
[2023-12-09T14:09:19.977+0000] {logging_mixin.py:154} INFO - [2023-12-09T14:09:19.977+0000] {dag.py:3722} INFO - Setting next_dagrun for example_subdag_operator to 2022-01-01T00:00:00+00:00, run_after=2022-01-01T00:00:00+00:00
[2023-12-09T14:09:19.980+0000] {logging_mixin.py:154} INFO - [2023-12-09T14:09:19.980+0000] {dag.py:3722} INFO - Setting next_dagrun for example_subdag_operator.section-1 to None, run_after=None
[2023-12-09T14:09:19.980+0000] {logging_mixin.py:154} INFO - [2023-12-09T14:09:19.980+0000] {dag.py:3722} INFO - Setting next_dagrun for example_subdag_operator.section-2 to None, run_after=None
[2023-12-09T14:09:19.984+0000] {logging_mixin.py:154} INFO - [2023-12-09T14:09:19.984+0000] {dag.py:2941} INFO - Sync 2 DAGs
[2023-12-09T14:09:19.987+0000] {logging_mixin.py:154} INFO - [2023-12-09T14:09:19.987+0000] {dag.py:3722} INFO - Setting next_dagrun for example_subdag_operator.section-1 to None, run_after=None
[2023-12-09T14:09:19.987+0000] {logging_mixin.py:154} INFO - [2023-12-09T14:09:19.987+0000] {dag.py:3722} INFO - Setting next_dagrun for example_subdag_operator.section-2 to None, run_after=None
[2023-12-09T14:09:19.993+0000] {processor.py:179} INFO - Processing /home/airflow/.local/lib/python3.8/site-packages/airflow/example_dags/example_subdag_operator.py took 0.065 seconds
[2023-12-09T14:09:50.040+0000] {processor.py:157} INFO - Started process (PID=1080) to work on /home/airflow/.local/lib/python3.8/site-packages/airflow/example_dags/example_subdag_operator.py
[2023-12-09T14:09:50.041+0000] {processor.py:829} INFO - Processing file /home/airflow/.local/lib/python3.8/site-packages/airflow/example_dags/example_subdag_operator.py for tasks to queue
[2023-12-09T14:09:50.042+0000] {logging_mixin.py:154} INFO - [2023-12-09T14:09:50.041+0000] {dagbag.py:536} INFO - Filling up the DagBag from /home/airflow/.local/lib/python3.8/site-packages/airflow/example_dags/example_subdag_operator.py
[2023-12-09T14:09:50.056+0000] {processor.py:839} INFO - DAG(s) dict_keys(['example_subdag_operator.section-1', 'example_subdag_operator.section-2', 'example_subdag_operator']) retrieved from /home/airflow/.local/lib/python3.8/site-packages/airflow/example_dags/example_subdag_operator.py
[2023-12-09T14:09:50.065+0000] {logging_mixin.py:154} INFO - [2023-12-09T14:09:50.065+0000] {dag.py:2941} INFO - Sync 3 DAGs
[2023-12-09T14:09:50.078+0000] {logging_mixin.py:154} INFO - [2023-12-09T14:09:50.078+0000] {dag.py:3722} INFO - Setting next_dagrun for example_subdag_operator to 2022-01-01T00:00:00+00:00, run_after=2022-01-01T00:00:00+00:00
[2023-12-09T14:09:50.081+0000] {logging_mixin.py:154} INFO - [2023-12-09T14:09:50.081+0000] {dag.py:3722} INFO - Setting next_dagrun for example_subdag_operator.section-1 to None, run_after=None
[2023-12-09T14:09:50.082+0000] {logging_mixin.py:154} INFO - [2023-12-09T14:09:50.082+0000] {dag.py:3722} INFO - Setting next_dagrun for example_subdag_operator.section-2 to None, run_after=None
[2023-12-09T14:09:50.086+0000] {logging_mixin.py:154} INFO - [2023-12-09T14:09:50.086+0000] {dag.py:2941} INFO - Sync 2 DAGs
[2023-12-09T14:09:50.088+0000] {logging_mixin.py:154} INFO - [2023-12-09T14:09:50.088+0000] {dag.py:3722} INFO - Setting next_dagrun for example_subdag_operator.section-1 to None, run_after=None
[2023-12-09T14:09:50.089+0000] {logging_mixin.py:154} INFO - [2023-12-09T14:09:50.089+0000] {dag.py:3722} INFO - Setting next_dagrun for example_subdag_operator.section-2 to None, run_after=None
[2023-12-09T14:09:50.096+0000] {processor.py:179} INFO - Processing /home/airflow/.local/lib/python3.8/site-packages/airflow/example_dags/example_subdag_operator.py took 0.058 seconds
[2023-12-09T14:10:20.158+0000] {processor.py:157} INFO - Started process (PID=1318) to work on /home/airflow/.local/lib/python3.8/site-packages/airflow/example_dags/example_subdag_operator.py
[2023-12-09T14:10:20.159+0000] {processor.py:829} INFO - Processing file /home/airflow/.local/lib/python3.8/site-packages/airflow/example_dags/example_subdag_operator.py for tasks to queue
[2023-12-09T14:10:20.160+0000] {logging_mixin.py:154} INFO - [2023-12-09T14:10:20.159+0000] {dagbag.py:536} INFO - Filling up the DagBag from /home/airflow/.local/lib/python3.8/site-packages/airflow/example_dags/example_subdag_operator.py
[2023-12-09T14:10:20.173+0000] {processor.py:839} INFO - DAG(s) dict_keys(['example_subdag_operator.section-1', 'example_subdag_operator.section-2', 'example_subdag_operator']) retrieved from /home/airflow/.local/lib/python3.8/site-packages/airflow/example_dags/example_subdag_operator.py
[2023-12-09T14:10:20.182+0000] {logging_mixin.py:154} INFO - [2023-12-09T14:10:20.182+0000] {dag.py:2941} INFO - Sync 3 DAGs
[2023-12-09T14:10:20.195+0000] {logging_mixin.py:154} INFO - [2023-12-09T14:10:20.195+0000] {dag.py:3722} INFO - Setting next_dagrun for example_subdag_operator to 2022-01-01T00:00:00+00:00, run_after=2022-01-01T00:00:00+00:00
[2023-12-09T14:10:20.197+0000] {logging_mixin.py:154} INFO - [2023-12-09T14:10:20.197+0000] {dag.py:3722} INFO - Setting next_dagrun for example_subdag_operator.section-1 to None, run_after=None
[2023-12-09T14:10:20.198+0000] {logging_mixin.py:154} INFO - [2023-12-09T14:10:20.198+0000] {dag.py:3722} INFO - Setting next_dagrun for example_subdag_operator.section-2 to None, run_after=None
[2023-12-09T14:10:20.202+0000] {logging_mixin.py:154} INFO - [2023-12-09T14:10:20.202+0000] {dag.py:2941} INFO - Sync 2 DAGs
[2023-12-09T14:10:20.205+0000] {logging_mixin.py:154} INFO - [2023-12-09T14:10:20.205+0000] {dag.py:3722} INFO - Setting next_dagrun for example_subdag_operator.section-1 to None, run_after=None
[2023-12-09T14:10:20.205+0000] {logging_mixin.py:154} INFO - [2023-12-09T14:10:20.205+0000] {dag.py:3722} INFO - Setting next_dagrun for example_subdag_operator.section-2 to None, run_after=None
[2023-12-09T14:10:20.211+0000] {processor.py:179} INFO - Processing /home/airflow/.local/lib/python3.8/site-packages/airflow/example_dags/example_subdag_operator.py took 0.055 seconds
[2023-12-09T14:10:50.958+0000] {processor.py:157} INFO - Started process (PID=1558) to work on /home/airflow/.local/lib/python3.8/site-packages/airflow/example_dags/example_subdag_operator.py
[2023-12-09T14:10:50.959+0000] {processor.py:829} INFO - Processing file /home/airflow/.local/lib/python3.8/site-packages/airflow/example_dags/example_subdag_operator.py for tasks to queue
[2023-12-09T14:10:50.960+0000] {logging_mixin.py:154} INFO - [2023-12-09T14:10:50.959+0000] {dagbag.py:536} INFO - Filling up the DagBag from /home/airflow/.local/lib/python3.8/site-packages/airflow/example_dags/example_subdag_operator.py
[2023-12-09T14:10:50.973+0000] {processor.py:839} INFO - DAG(s) dict_keys(['example_subdag_operator.section-1', 'example_subdag_operator.section-2', 'example_subdag_operator']) retrieved from /home/airflow/.local/lib/python3.8/site-packages/airflow/example_dags/example_subdag_operator.py
[2023-12-09T14:10:50.982+0000] {logging_mixin.py:154} INFO - [2023-12-09T14:10:50.981+0000] {dag.py:2941} INFO - Sync 3 DAGs
[2023-12-09T14:10:50.991+0000] {logging_mixin.py:154} INFO - [2023-12-09T14:10:50.991+0000] {dag.py:3722} INFO - Setting next_dagrun for example_subdag_operator to 2022-01-01T00:00:00+00:00, run_after=2022-01-01T00:00:00+00:00
[2023-12-09T14:10:50.993+0000] {logging_mixin.py:154} INFO - [2023-12-09T14:10:50.993+0000] {dag.py:3722} INFO - Setting next_dagrun for example_subdag_operator.section-1 to None, run_after=None
[2023-12-09T14:10:50.994+0000] {logging_mixin.py:154} INFO - [2023-12-09T14:10:50.993+0000] {dag.py:3722} INFO - Setting next_dagrun for example_subdag_operator.section-2 to None, run_after=None
[2023-12-09T14:10:50.997+0000] {logging_mixin.py:154} INFO - [2023-12-09T14:10:50.996+0000] {dag.py:2941} INFO - Sync 2 DAGs
[2023-12-09T14:10:50.999+0000] {logging_mixin.py:154} INFO - [2023-12-09T14:10:50.999+0000] {dag.py:3722} INFO - Setting next_dagrun for example_subdag_operator.section-1 to None, run_after=None
[2023-12-09T14:10:50.999+0000] {logging_mixin.py:154} INFO - [2023-12-09T14:10:50.999+0000] {dag.py:3722} INFO - Setting next_dagrun for example_subdag_operator.section-2 to None, run_after=None
[2023-12-09T14:10:51.003+0000] {processor.py:179} INFO - Processing /home/airflow/.local/lib/python3.8/site-packages/airflow/example_dags/example_subdag_operator.py took 0.047 seconds
[2023-12-09T14:11:21.835+0000] {processor.py:157} INFO - Started process (PID=1796) to work on /home/airflow/.local/lib/python3.8/site-packages/airflow/example_dags/example_subdag_operator.py
[2023-12-09T14:11:21.835+0000] {processor.py:829} INFO - Processing file /home/airflow/.local/lib/python3.8/site-packages/airflow/example_dags/example_subdag_operator.py for tasks to queue
[2023-12-09T14:11:21.836+0000] {logging_mixin.py:154} INFO - [2023-12-09T14:11:21.836+0000] {dagbag.py:536} INFO - Filling up the DagBag from /home/airflow/.local/lib/python3.8/site-packages/airflow/example_dags/example_subdag_operator.py
[2023-12-09T14:11:21.850+0000] {processor.py:839} INFO - DAG(s) dict_keys(['example_subdag_operator.section-1', 'example_subdag_operator.section-2', 'example_subdag_operator']) retrieved from /home/airflow/.local/lib/python3.8/site-packages/airflow/example_dags/example_subdag_operator.py
[2023-12-09T14:11:21.858+0000] {logging_mixin.py:154} INFO - [2023-12-09T14:11:21.858+0000] {dag.py:2941} INFO - Sync 3 DAGs
[2023-12-09T14:11:21.868+0000] {logging_mixin.py:154} INFO - [2023-12-09T14:11:21.868+0000] {dag.py:3722} INFO - Setting next_dagrun for example_subdag_operator to 2022-01-01T00:00:00+00:00, run_after=2022-01-01T00:00:00+00:00
[2023-12-09T14:11:21.870+0000] {logging_mixin.py:154} INFO - [2023-12-09T14:11:21.870+0000] {dag.py:3722} INFO - Setting next_dagrun for example_subdag_operator.section-1 to None, run_after=None
[2023-12-09T14:11:21.871+0000] {logging_mixin.py:154} INFO - [2023-12-09T14:11:21.870+0000] {dag.py:3722} INFO - Setting next_dagrun for example_subdag_operator.section-2 to None, run_after=None
[2023-12-09T14:11:21.874+0000] {logging_mixin.py:154} INFO - [2023-12-09T14:11:21.874+0000] {dag.py:2941} INFO - Sync 2 DAGs
[2023-12-09T14:11:21.876+0000] {logging_mixin.py:154} INFO - [2023-12-09T14:11:21.876+0000] {dag.py:3722} INFO - Setting next_dagrun for example_subdag_operator.section-1 to None, run_after=None
[2023-12-09T14:11:21.876+0000] {logging_mixin.py:154} INFO - [2023-12-09T14:11:21.876+0000] {dag.py:3722} INFO - Setting next_dagrun for example_subdag_operator.section-2 to None, run_after=None
[2023-12-09T14:11:21.881+0000] {processor.py:179} INFO - Processing /home/airflow/.local/lib/python3.8/site-packages/airflow/example_dags/example_subdag_operator.py took 0.048 seconds
[2023-12-09T14:11:51.979+0000] {processor.py:157} INFO - Started process (PID=2034) to work on /home/airflow/.local/lib/python3.8/site-packages/airflow/example_dags/example_subdag_operator.py
[2023-12-09T14:11:51.980+0000] {processor.py:829} INFO - Processing file /home/airflow/.local/lib/python3.8/site-packages/airflow/example_dags/example_subdag_operator.py for tasks to queue
[2023-12-09T14:11:51.980+0000] {logging_mixin.py:154} INFO - [2023-12-09T14:11:51.980+0000] {dagbag.py:536} INFO - Filling up the DagBag from /home/airflow/.local/lib/python3.8/site-packages/airflow/example_dags/example_subdag_operator.py
[2023-12-09T14:11:51.994+0000] {processor.py:839} INFO - DAG(s) dict_keys(['example_subdag_operator.section-1', 'example_subdag_operator.section-2', 'example_subdag_operator']) retrieved from /home/airflow/.local/lib/python3.8/site-packages/airflow/example_dags/example_subdag_operator.py
[2023-12-09T14:11:52.003+0000] {logging_mixin.py:154} INFO - [2023-12-09T14:11:52.003+0000] {dag.py:2941} INFO - Sync 3 DAGs
[2023-12-09T14:11:52.014+0000] {logging_mixin.py:154} INFO - [2023-12-09T14:11:52.014+0000] {dag.py:3722} INFO - Setting next_dagrun for example_subdag_operator to 2022-01-01T00:00:00+00:00, run_after=2022-01-01T00:00:00+00:00
[2023-12-09T14:11:52.015+0000] {logging_mixin.py:154} INFO - [2023-12-09T14:11:52.015+0000] {dag.py:3722} INFO - Setting next_dagrun for example_subdag_operator.section-1 to None, run_after=None
[2023-12-09T14:11:52.016+0000] {logging_mixin.py:154} INFO - [2023-12-09T14:11:52.016+0000] {dag.py:3722} INFO - Setting next_dagrun for example_subdag_operator.section-2 to None, run_after=None
[2023-12-09T14:11:52.019+0000] {logging_mixin.py:154} INFO - [2023-12-09T14:11:52.019+0000] {dag.py:2941} INFO - Sync 2 DAGs
[2023-12-09T14:11:52.021+0000] {logging_mixin.py:154} INFO - [2023-12-09T14:11:52.021+0000] {dag.py:3722} INFO - Setting next_dagrun for example_subdag_operator.section-1 to None, run_after=None
[2023-12-09T14:11:52.022+0000] {logging_mixin.py:154} INFO - [2023-12-09T14:11:52.022+0000] {dag.py:3722} INFO - Setting next_dagrun for example_subdag_operator.section-2 to None, run_after=None
[2023-12-09T14:11:52.027+0000] {processor.py:179} INFO - Processing /home/airflow/.local/lib/python3.8/site-packages/airflow/example_dags/example_subdag_operator.py took 0.050 seconds
[2023-12-09T14:12:22.048+0000] {processor.py:157} INFO - Started process (PID=2272) to work on /home/airflow/.local/lib/python3.8/site-packages/airflow/example_dags/example_subdag_operator.py
[2023-12-09T14:12:22.048+0000] {processor.py:829} INFO - Processing file /home/airflow/.local/lib/python3.8/site-packages/airflow/example_dags/example_subdag_operator.py for tasks to queue
[2023-12-09T14:12:22.049+0000] {logging_mixin.py:154} INFO - [2023-12-09T14:12:22.049+0000] {dagbag.py:536} INFO - Filling up the DagBag from /home/airflow/.local/lib/python3.8/site-packages/airflow/example_dags/example_subdag_operator.py
[2023-12-09T14:12:22.070+0000] {processor.py:839} INFO - DAG(s) dict_keys(['example_subdag_operator.section-1', 'example_subdag_operator.section-2', 'example_subdag_operator']) retrieved from /home/airflow/.local/lib/python3.8/site-packages/airflow/example_dags/example_subdag_operator.py
[2023-12-09T14:12:22.078+0000] {logging_mixin.py:154} INFO - [2023-12-09T14:12:22.078+0000] {dag.py:2941} INFO - Sync 3 DAGs
[2023-12-09T14:12:22.088+0000] {logging_mixin.py:154} INFO - [2023-12-09T14:12:22.088+0000] {dag.py:3722} INFO - Setting next_dagrun for example_subdag_operator to 2022-01-01T00:00:00+00:00, run_after=2022-01-01T00:00:00+00:00
[2023-12-09T14:12:22.090+0000] {logging_mixin.py:154} INFO - [2023-12-09T14:12:22.090+0000] {dag.py:3722} INFO - Setting next_dagrun for example_subdag_operator.section-1 to None, run_after=None
[2023-12-09T14:12:22.090+0000] {logging_mixin.py:154} INFO - [2023-12-09T14:12:22.090+0000] {dag.py:3722} INFO - Setting next_dagrun for example_subdag_operator.section-2 to None, run_after=None
[2023-12-09T14:12:22.093+0000] {logging_mixin.py:154} INFO - [2023-12-09T14:12:22.093+0000] {dag.py:2941} INFO - Sync 2 DAGs
[2023-12-09T14:12:22.096+0000] {logging_mixin.py:154} INFO - [2023-12-09T14:12:22.095+0000] {dag.py:3722} INFO - Setting next_dagrun for example_subdag_operator.section-1 to None, run_after=None
[2023-12-09T14:12:22.096+0000] {logging_mixin.py:154} INFO - [2023-12-09T14:12:22.096+0000] {dag.py:3722} INFO - Setting next_dagrun for example_subdag_operator.section-2 to None, run_after=None
[2023-12-09T14:12:22.101+0000] {processor.py:179} INFO - Processing /home/airflow/.local/lib/python3.8/site-packages/airflow/example_dags/example_subdag_operator.py took 0.055 seconds
[2023-12-09T14:12:52.797+0000] {processor.py:157} INFO - Started process (PID=2508) to work on /home/airflow/.local/lib/python3.8/site-packages/airflow/example_dags/example_subdag_operator.py
[2023-12-09T14:12:52.798+0000] {processor.py:829} INFO - Processing file /home/airflow/.local/lib/python3.8/site-packages/airflow/example_dags/example_subdag_operator.py for tasks to queue
[2023-12-09T14:12:52.798+0000] {logging_mixin.py:154} INFO - [2023-12-09T14:12:52.798+0000] {dagbag.py:536} INFO - Filling up the DagBag from /home/airflow/.local/lib/python3.8/site-packages/airflow/example_dags/example_subdag_operator.py
[2023-12-09T14:12:52.812+0000] {processor.py:839} INFO - DAG(s) dict_keys(['example_subdag_operator.section-1', 'example_subdag_operator.section-2', 'example_subdag_operator']) retrieved from /home/airflow/.local/lib/python3.8/site-packages/airflow/example_dags/example_subdag_operator.py
[2023-12-09T14:12:52.821+0000] {logging_mixin.py:154} INFO - [2023-12-09T14:12:52.821+0000] {dag.py:2941} INFO - Sync 3 DAGs
[2023-12-09T14:12:52.833+0000] {logging_mixin.py:154} INFO - [2023-12-09T14:12:52.833+0000] {dag.py:3722} INFO - Setting next_dagrun for example_subdag_operator to 2022-01-01T00:00:00+00:00, run_after=2022-01-01T00:00:00+00:00
[2023-12-09T14:12:52.834+0000] {logging_mixin.py:154} INFO - [2023-12-09T14:12:52.834+0000] {dag.py:3722} INFO - Setting next_dagrun for example_subdag_operator.section-1 to None, run_after=None
[2023-12-09T14:12:52.835+0000] {logging_mixin.py:154} INFO - [2023-12-09T14:12:52.835+0000] {dag.py:3722} INFO - Setting next_dagrun for example_subdag_operator.section-2 to None, run_after=None
[2023-12-09T14:12:52.839+0000] {logging_mixin.py:154} INFO - [2023-12-09T14:12:52.839+0000] {dag.py:2941} INFO - Sync 2 DAGs
[2023-12-09T14:12:52.841+0000] {logging_mixin.py:154} INFO - [2023-12-09T14:12:52.841+0000] {dag.py:3722} INFO - Setting next_dagrun for example_subdag_operator.section-1 to None, run_after=None
[2023-12-09T14:12:52.841+0000] {logging_mixin.py:154} INFO - [2023-12-09T14:12:52.841+0000] {dag.py:3722} INFO - Setting next_dagrun for example_subdag_operator.section-2 to None, run_after=None
[2023-12-09T14:12:52.847+0000] {processor.py:179} INFO - Processing /home/airflow/.local/lib/python3.8/site-packages/airflow/example_dags/example_subdag_operator.py took 0.052 seconds
[2023-12-09T14:13:23.938+0000] {processor.py:157} INFO - Started process (PID=2746) to work on /home/airflow/.local/lib/python3.8/site-packages/airflow/example_dags/example_subdag_operator.py
[2023-12-09T14:13:23.939+0000] {processor.py:829} INFO - Processing file /home/airflow/.local/lib/python3.8/site-packages/airflow/example_dags/example_subdag_operator.py for tasks to queue
[2023-12-09T14:13:23.939+0000] {logging_mixin.py:154} INFO - [2023-12-09T14:13:23.939+0000] {dagbag.py:536} INFO - Filling up the DagBag from /home/airflow/.local/lib/python3.8/site-packages/airflow/example_dags/example_subdag_operator.py
[2023-12-09T14:13:23.954+0000] {processor.py:839} INFO - DAG(s) dict_keys(['example_subdag_operator.section-1', 'example_subdag_operator.section-2', 'example_subdag_operator']) retrieved from /home/airflow/.local/lib/python3.8/site-packages/airflow/example_dags/example_subdag_operator.py
[2023-12-09T14:13:23.963+0000] {logging_mixin.py:154} INFO - [2023-12-09T14:13:23.963+0000] {dag.py:2941} INFO - Sync 3 DAGs
[2023-12-09T14:13:23.975+0000] {logging_mixin.py:154} INFO - [2023-12-09T14:13:23.975+0000] {dag.py:3722} INFO - Setting next_dagrun for example_subdag_operator to 2022-01-01T00:00:00+00:00, run_after=2022-01-01T00:00:00+00:00
[2023-12-09T14:13:23.977+0000] {logging_mixin.py:154} INFO - [2023-12-09T14:13:23.977+0000] {dag.py:3722} INFO - Setting next_dagrun for example_subdag_operator.section-1 to None, run_after=None
[2023-12-09T14:13:23.977+0000] {logging_mixin.py:154} INFO - [2023-12-09T14:13:23.977+0000] {dag.py:3722} INFO - Setting next_dagrun for example_subdag_operator.section-2 to None, run_after=None
[2023-12-09T14:13:23.981+0000] {logging_mixin.py:154} INFO - [2023-12-09T14:13:23.981+0000] {dag.py:2941} INFO - Sync 2 DAGs
[2023-12-09T14:13:23.984+0000] {logging_mixin.py:154} INFO - [2023-12-09T14:13:23.984+0000] {dag.py:3722} INFO - Setting next_dagrun for example_subdag_operator.section-1 to None, run_after=None
[2023-12-09T14:13:23.984+0000] {logging_mixin.py:154} INFO - [2023-12-09T14:13:23.984+0000] {dag.py:3722} INFO - Setting next_dagrun for example_subdag_operator.section-2 to None, run_after=None
[2023-12-09T14:13:23.990+0000] {processor.py:179} INFO - Processing /home/airflow/.local/lib/python3.8/site-packages/airflow/example_dags/example_subdag_operator.py took 0.054 seconds
[2023-12-09T14:13:54.663+0000] {processor.py:157} INFO - Started process (PID=2984) to work on /home/airflow/.local/lib/python3.8/site-packages/airflow/example_dags/example_subdag_operator.py
[2023-12-09T14:13:54.664+0000] {processor.py:829} INFO - Processing file /home/airflow/.local/lib/python3.8/site-packages/airflow/example_dags/example_subdag_operator.py for tasks to queue
[2023-12-09T14:13:54.664+0000] {logging_mixin.py:154} INFO - [2023-12-09T14:13:54.664+0000] {dagbag.py:536} INFO - Filling up the DagBag from /home/airflow/.local/lib/python3.8/site-packages/airflow/example_dags/example_subdag_operator.py
[2023-12-09T14:13:54.682+0000] {processor.py:839} INFO - DAG(s) dict_keys(['example_subdag_operator.section-1', 'example_subdag_operator.section-2', 'example_subdag_operator']) retrieved from /home/airflow/.local/lib/python3.8/site-packages/airflow/example_dags/example_subdag_operator.py
[2023-12-09T14:13:54.692+0000] {logging_mixin.py:154} INFO - [2023-12-09T14:13:54.692+0000] {dag.py:2941} INFO - Sync 3 DAGs
[2023-12-09T14:13:54.704+0000] {logging_mixin.py:154} INFO - [2023-12-09T14:13:54.704+0000] {dag.py:3722} INFO - Setting next_dagrun for example_subdag_operator to 2022-01-01T00:00:00+00:00, run_after=2022-01-01T00:00:00+00:00
[2023-12-09T14:13:54.706+0000] {logging_mixin.py:154} INFO - [2023-12-09T14:13:54.706+0000] {dag.py:3722} INFO - Setting next_dagrun for example_subdag_operator.section-1 to None, run_after=None
[2023-12-09T14:13:54.707+0000] {logging_mixin.py:154} INFO - [2023-12-09T14:13:54.707+0000] {dag.py:3722} INFO - Setting next_dagrun for example_subdag_operator.section-2 to None, run_after=None
[2023-12-09T14:13:54.711+0000] {logging_mixin.py:154} INFO - [2023-12-09T14:13:54.711+0000] {dag.py:2941} INFO - Sync 2 DAGs
[2023-12-09T14:13:54.714+0000] {logging_mixin.py:154} INFO - [2023-12-09T14:13:54.714+0000] {dag.py:3722} INFO - Setting next_dagrun for example_subdag_operator.section-1 to None, run_after=None
[2023-12-09T14:13:54.714+0000] {logging_mixin.py:154} INFO - [2023-12-09T14:13:54.714+0000] {dag.py:3722} INFO - Setting next_dagrun for example_subdag_operator.section-2 to None, run_after=None
[2023-12-09T14:13:54.719+0000] {processor.py:179} INFO - Processing /home/airflow/.local/lib/python3.8/site-packages/airflow/example_dags/example_subdag_operator.py took 0.059 seconds
[2023-12-09T14:14:25.446+0000] {processor.py:157} INFO - Started process (PID=3224) to work on /home/airflow/.local/lib/python3.8/site-packages/airflow/example_dags/example_subdag_operator.py
[2023-12-09T14:14:25.447+0000] {processor.py:829} INFO - Processing file /home/airflow/.local/lib/python3.8/site-packages/airflow/example_dags/example_subdag_operator.py for tasks to queue
[2023-12-09T14:14:25.447+0000] {logging_mixin.py:154} INFO - [2023-12-09T14:14:25.447+0000] {dagbag.py:536} INFO - Filling up the DagBag from /home/airflow/.local/lib/python3.8/site-packages/airflow/example_dags/example_subdag_operator.py
[2023-12-09T14:14:25.462+0000] {processor.py:839} INFO - DAG(s) dict_keys(['example_subdag_operator.section-1', 'example_subdag_operator.section-2', 'example_subdag_operator']) retrieved from /home/airflow/.local/lib/python3.8/site-packages/airflow/example_dags/example_subdag_operator.py
[2023-12-09T14:14:25.470+0000] {logging_mixin.py:154} INFO - [2023-12-09T14:14:25.470+0000] {dag.py:2941} INFO - Sync 3 DAGs
[2023-12-09T14:14:25.481+0000] {logging_mixin.py:154} INFO - [2023-12-09T14:14:25.481+0000] {dag.py:3722} INFO - Setting next_dagrun for example_subdag_operator to 2022-01-01T00:00:00+00:00, run_after=2022-01-01T00:00:00+00:00
[2023-12-09T14:14:25.482+0000] {logging_mixin.py:154} INFO - [2023-12-09T14:14:25.482+0000] {dag.py:3722} INFO - Setting next_dagrun for example_subdag_operator.section-1 to None, run_after=None
[2023-12-09T14:14:25.485+0000] {logging_mixin.py:154} INFO - [2023-12-09T14:14:25.485+0000] {dag.py:3722} INFO - Setting next_dagrun for example_subdag_operator.section-2 to None, run_after=None
[2023-12-09T14:14:25.489+0000] {logging_mixin.py:154} INFO - [2023-12-09T14:14:25.489+0000] {dag.py:2941} INFO - Sync 2 DAGs
[2023-12-09T14:14:25.492+0000] {logging_mixin.py:154} INFO - [2023-12-09T14:14:25.491+0000] {dag.py:3722} INFO - Setting next_dagrun for example_subdag_operator.section-1 to None, run_after=None
[2023-12-09T14:14:25.492+0000] {logging_mixin.py:154} INFO - [2023-12-09T14:14:25.492+0000] {dag.py:3722} INFO - Setting next_dagrun for example_subdag_operator.section-2 to None, run_after=None
[2023-12-09T14:14:25.496+0000] {processor.py:179} INFO - Processing /home/airflow/.local/lib/python3.8/site-packages/airflow/example_dags/example_subdag_operator.py took 0.052 seconds
[2023-12-09T14:14:56.174+0000] {processor.py:157} INFO - Started process (PID=3460) to work on /home/airflow/.local/lib/python3.8/site-packages/airflow/example_dags/example_subdag_operator.py
[2023-12-09T14:14:56.174+0000] {processor.py:829} INFO - Processing file /home/airflow/.local/lib/python3.8/site-packages/airflow/example_dags/example_subdag_operator.py for tasks to queue
[2023-12-09T14:14:56.175+0000] {logging_mixin.py:154} INFO - [2023-12-09T14:14:56.174+0000] {dagbag.py:536} INFO - Filling up the DagBag from /home/airflow/.local/lib/python3.8/site-packages/airflow/example_dags/example_subdag_operator.py
[2023-12-09T14:14:56.190+0000] {processor.py:839} INFO - DAG(s) dict_keys(['example_subdag_operator.section-1', 'example_subdag_operator.section-2', 'example_subdag_operator']) retrieved from /home/airflow/.local/lib/python3.8/site-packages/airflow/example_dags/example_subdag_operator.py
[2023-12-09T14:14:56.198+0000] {logging_mixin.py:154} INFO - [2023-12-09T14:14:56.198+0000] {dag.py:2941} INFO - Sync 3 DAGs
[2023-12-09T14:14:56.210+0000] {logging_mixin.py:154} INFO - [2023-12-09T14:14:56.209+0000] {dag.py:3722} INFO - Setting next_dagrun for example_subdag_operator to 2022-01-01T00:00:00+00:00, run_after=2022-01-01T00:00:00+00:00
[2023-12-09T14:14:56.211+0000] {logging_mixin.py:154} INFO - [2023-12-09T14:14:56.211+0000] {dag.py:3722} INFO - Setting next_dagrun for example_subdag_operator.section-1 to None, run_after=None
[2023-12-09T14:14:56.212+0000] {logging_mixin.py:154} INFO - [2023-12-09T14:14:56.212+0000] {dag.py:3722} INFO - Setting next_dagrun for example_subdag_operator.section-2 to None, run_after=None
[2023-12-09T14:14:56.216+0000] {logging_mixin.py:154} INFO - [2023-12-09T14:14:56.216+0000] {dag.py:2941} INFO - Sync 2 DAGs
[2023-12-09T14:14:56.219+0000] {logging_mixin.py:154} INFO - [2023-12-09T14:14:56.219+0000] {dag.py:3722} INFO - Setting next_dagrun for example_subdag_operator.section-1 to None, run_after=None
[2023-12-09T14:14:56.219+0000] {logging_mixin.py:154} INFO - [2023-12-09T14:14:56.219+0000] {dag.py:3722} INFO - Setting next_dagrun for example_subdag_operator.section-2 to None, run_after=None
[2023-12-09T14:14:56.225+0000] {processor.py:179} INFO - Processing /home/airflow/.local/lib/python3.8/site-packages/airflow/example_dags/example_subdag_operator.py took 0.053 seconds
[2023-12-09T14:15:26.852+0000] {processor.py:157} INFO - Started process (PID=3698) to work on /home/airflow/.local/lib/python3.8/site-packages/airflow/example_dags/example_subdag_operator.py
[2023-12-09T14:15:26.853+0000] {processor.py:829} INFO - Processing file /home/airflow/.local/lib/python3.8/site-packages/airflow/example_dags/example_subdag_operator.py for tasks to queue
[2023-12-09T14:15:26.853+0000] {logging_mixin.py:154} INFO - [2023-12-09T14:15:26.853+0000] {dagbag.py:536} INFO - Filling up the DagBag from /home/airflow/.local/lib/python3.8/site-packages/airflow/example_dags/example_subdag_operator.py
[2023-12-09T14:15:26.867+0000] {processor.py:839} INFO - DAG(s) dict_keys(['example_subdag_operator.section-1', 'example_subdag_operator.section-2', 'example_subdag_operator']) retrieved from /home/airflow/.local/lib/python3.8/site-packages/airflow/example_dags/example_subdag_operator.py
[2023-12-09T14:15:26.876+0000] {logging_mixin.py:154} INFO - [2023-12-09T14:15:26.876+0000] {dag.py:2941} INFO - Sync 3 DAGs
[2023-12-09T14:15:26.887+0000] {logging_mixin.py:154} INFO - [2023-12-09T14:15:26.887+0000] {dag.py:3722} INFO - Setting next_dagrun for example_subdag_operator to 2022-01-01T00:00:00+00:00, run_after=2022-01-01T00:00:00+00:00
[2023-12-09T14:15:26.889+0000] {logging_mixin.py:154} INFO - [2023-12-09T14:15:26.889+0000] {dag.py:3722} INFO - Setting next_dagrun for example_subdag_operator.section-1 to None, run_after=None
[2023-12-09T14:15:26.890+0000] {logging_mixin.py:154} INFO - [2023-12-09T14:15:26.890+0000] {dag.py:3722} INFO - Setting next_dagrun for example_subdag_operator.section-2 to None, run_after=None
[2023-12-09T14:15:26.893+0000] {logging_mixin.py:154} INFO - [2023-12-09T14:15:26.893+0000] {dag.py:2941} INFO - Sync 2 DAGs
[2023-12-09T14:15:26.896+0000] {logging_mixin.py:154} INFO - [2023-12-09T14:15:26.896+0000] {dag.py:3722} INFO - Setting next_dagrun for example_subdag_operator.section-1 to None, run_after=None
[2023-12-09T14:15:26.896+0000] {logging_mixin.py:154} INFO - [2023-12-09T14:15:26.896+0000] {dag.py:3722} INFO - Setting next_dagrun for example_subdag_operator.section-2 to None, run_after=None
[2023-12-09T14:15:26.901+0000] {processor.py:179} INFO - Processing /home/airflow/.local/lib/python3.8/site-packages/airflow/example_dags/example_subdag_operator.py took 0.052 seconds
[2023-12-09T14:15:58.088+0000] {processor.py:157} INFO - Started process (PID=3938) to work on /home/airflow/.local/lib/python3.8/site-packages/airflow/example_dags/example_subdag_operator.py
[2023-12-09T14:15:58.089+0000] {processor.py:829} INFO - Processing file /home/airflow/.local/lib/python3.8/site-packages/airflow/example_dags/example_subdag_operator.py for tasks to queue
[2023-12-09T14:15:58.090+0000] {logging_mixin.py:154} INFO - [2023-12-09T14:15:58.090+0000] {dagbag.py:536} INFO - Filling up the DagBag from /home/airflow/.local/lib/python3.8/site-packages/airflow/example_dags/example_subdag_operator.py
[2023-12-09T14:15:58.107+0000] {processor.py:839} INFO - DAG(s) dict_keys(['example_subdag_operator.section-1', 'example_subdag_operator.section-2', 'example_subdag_operator']) retrieved from /home/airflow/.local/lib/python3.8/site-packages/airflow/example_dags/example_subdag_operator.py
[2023-12-09T14:15:58.117+0000] {logging_mixin.py:154} INFO - [2023-12-09T14:15:58.117+0000] {dag.py:2941} INFO - Sync 3 DAGs
[2023-12-09T14:15:58.130+0000] {logging_mixin.py:154} INFO - [2023-12-09T14:15:58.130+0000] {dag.py:3722} INFO - Setting next_dagrun for example_subdag_operator to 2022-01-01T00:00:00+00:00, run_after=2022-01-01T00:00:00+00:00
[2023-12-09T14:15:58.133+0000] {logging_mixin.py:154} INFO - [2023-12-09T14:15:58.133+0000] {dag.py:3722} INFO - Setting next_dagrun for example_subdag_operator.section-1 to None, run_after=None
[2023-12-09T14:15:58.134+0000] {logging_mixin.py:154} INFO - [2023-12-09T14:15:58.134+0000] {dag.py:3722} INFO - Setting next_dagrun for example_subdag_operator.section-2 to None, run_after=None
[2023-12-09T14:15:58.138+0000] {logging_mixin.py:154} INFO - [2023-12-09T14:15:58.137+0000] {dag.py:2941} INFO - Sync 2 DAGs
[2023-12-09T14:15:58.141+0000] {logging_mixin.py:154} INFO - [2023-12-09T14:15:58.141+0000] {dag.py:3722} INFO - Setting next_dagrun for example_subdag_operator.section-1 to None, run_after=None
[2023-12-09T14:15:58.141+0000] {logging_mixin.py:154} INFO - [2023-12-09T14:15:58.141+0000] {dag.py:3722} INFO - Setting next_dagrun for example_subdag_operator.section-2 to None, run_after=None
[2023-12-09T14:15:58.148+0000] {processor.py:179} INFO - Processing /home/airflow/.local/lib/python3.8/site-packages/airflow/example_dags/example_subdag_operator.py took 0.062 seconds
[2023-12-09T14:16:28.794+0000] {processor.py:157} INFO - Started process (PID=4174) to work on /home/airflow/.local/lib/python3.8/site-packages/airflow/example_dags/example_subdag_operator.py
[2023-12-09T14:16:28.795+0000] {processor.py:829} INFO - Processing file /home/airflow/.local/lib/python3.8/site-packages/airflow/example_dags/example_subdag_operator.py for tasks to queue
[2023-12-09T14:16:28.796+0000] {logging_mixin.py:154} INFO - [2023-12-09T14:16:28.796+0000] {dagbag.py:536} INFO - Filling up the DagBag from /home/airflow/.local/lib/python3.8/site-packages/airflow/example_dags/example_subdag_operator.py
[2023-12-09T14:16:28.810+0000] {processor.py:839} INFO - DAG(s) dict_keys(['example_subdag_operator.section-1', 'example_subdag_operator.section-2', 'example_subdag_operator']) retrieved from /home/airflow/.local/lib/python3.8/site-packages/airflow/example_dags/example_subdag_operator.py
[2023-12-09T14:16:28.819+0000] {logging_mixin.py:154} INFO - [2023-12-09T14:16:28.819+0000] {dag.py:2941} INFO - Sync 3 DAGs
[2023-12-09T14:16:28.832+0000] {logging_mixin.py:154} INFO - [2023-12-09T14:16:28.831+0000] {dag.py:3722} INFO - Setting next_dagrun for example_subdag_operator to 2022-01-01T00:00:00+00:00, run_after=2022-01-01T00:00:00+00:00
[2023-12-09T14:16:28.834+0000] {logging_mixin.py:154} INFO - [2023-12-09T14:16:28.833+0000] {dag.py:3722} INFO - Setting next_dagrun for example_subdag_operator.section-1 to None, run_after=None
[2023-12-09T14:16:28.834+0000] {logging_mixin.py:154} INFO - [2023-12-09T14:16:28.834+0000] {dag.py:3722} INFO - Setting next_dagrun for example_subdag_operator.section-2 to None, run_after=None
[2023-12-09T14:16:28.838+0000] {logging_mixin.py:154} INFO - [2023-12-09T14:16:28.838+0000] {dag.py:2941} INFO - Sync 2 DAGs
[2023-12-09T14:16:28.842+0000] {logging_mixin.py:154} INFO - [2023-12-09T14:16:28.842+0000] {dag.py:3722} INFO - Setting next_dagrun for example_subdag_operator.section-1 to None, run_after=None
[2023-12-09T14:16:28.842+0000] {logging_mixin.py:154} INFO - [2023-12-09T14:16:28.842+0000] {dag.py:3722} INFO - Setting next_dagrun for example_subdag_operator.section-2 to None, run_after=None
[2023-12-09T14:16:28.847+0000] {processor.py:179} INFO - Processing /home/airflow/.local/lib/python3.8/site-packages/airflow/example_dags/example_subdag_operator.py took 0.055 seconds
[2023-12-09T14:16:59.538+0000] {processor.py:157} INFO - Started process (PID=4412) to work on /home/airflow/.local/lib/python3.8/site-packages/airflow/example_dags/example_subdag_operator.py
[2023-12-09T14:16:59.539+0000] {processor.py:829} INFO - Processing file /home/airflow/.local/lib/python3.8/site-packages/airflow/example_dags/example_subdag_operator.py for tasks to queue
[2023-12-09T14:16:59.539+0000] {logging_mixin.py:154} INFO - [2023-12-09T14:16:59.539+0000] {dagbag.py:536} INFO - Filling up the DagBag from /home/airflow/.local/lib/python3.8/site-packages/airflow/example_dags/example_subdag_operator.py
[2023-12-09T14:16:59.557+0000] {processor.py:839} INFO - DAG(s) dict_keys(['example_subdag_operator.section-1', 'example_subdag_operator.section-2', 'example_subdag_operator']) retrieved from /home/airflow/.local/lib/python3.8/site-packages/airflow/example_dags/example_subdag_operator.py
[2023-12-09T14:16:59.565+0000] {logging_mixin.py:154} INFO - [2023-12-09T14:16:59.565+0000] {dag.py:2941} INFO - Sync 3 DAGs
[2023-12-09T14:16:59.578+0000] {logging_mixin.py:154} INFO - [2023-12-09T14:16:59.578+0000] {dag.py:3722} INFO - Setting next_dagrun for example_subdag_operator to 2022-01-01T00:00:00+00:00, run_after=2022-01-01T00:00:00+00:00
[2023-12-09T14:16:59.580+0000] {logging_mixin.py:154} INFO - [2023-12-09T14:16:59.580+0000] {dag.py:3722} INFO - Setting next_dagrun for example_subdag_operator.section-1 to None, run_after=None
[2023-12-09T14:16:59.581+0000] {logging_mixin.py:154} INFO - [2023-12-09T14:16:59.580+0000] {dag.py:3722} INFO - Setting next_dagrun for example_subdag_operator.section-2 to None, run_after=None
[2023-12-09T14:16:59.584+0000] {logging_mixin.py:154} INFO - [2023-12-09T14:16:59.584+0000] {dag.py:2941} INFO - Sync 2 DAGs
[2023-12-09T14:16:59.587+0000] {logging_mixin.py:154} INFO - [2023-12-09T14:16:59.587+0000] {dag.py:3722} INFO - Setting next_dagrun for example_subdag_operator.section-1 to None, run_after=None
[2023-12-09T14:16:59.587+0000] {logging_mixin.py:154} INFO - [2023-12-09T14:16:59.587+0000] {dag.py:3722} INFO - Setting next_dagrun for example_subdag_operator.section-2 to None, run_after=None
[2023-12-09T14:16:59.593+0000] {processor.py:179} INFO - Processing /home/airflow/.local/lib/python3.8/site-packages/airflow/example_dags/example_subdag_operator.py took 0.057 seconds
[2023-12-09T14:17:30.204+0000] {processor.py:157} INFO - Started process (PID=4650) to work on /home/airflow/.local/lib/python3.8/site-packages/airflow/example_dags/example_subdag_operator.py
[2023-12-09T14:17:30.204+0000] {processor.py:829} INFO - Processing file /home/airflow/.local/lib/python3.8/site-packages/airflow/example_dags/example_subdag_operator.py for tasks to queue
[2023-12-09T14:17:30.205+0000] {logging_mixin.py:154} INFO - [2023-12-09T14:17:30.205+0000] {dagbag.py:536} INFO - Filling up the DagBag from /home/airflow/.local/lib/python3.8/site-packages/airflow/example_dags/example_subdag_operator.py
[2023-12-09T14:17:30.220+0000] {processor.py:839} INFO - DAG(s) dict_keys(['example_subdag_operator.section-1', 'example_subdag_operator.section-2', 'example_subdag_operator']) retrieved from /home/airflow/.local/lib/python3.8/site-packages/airflow/example_dags/example_subdag_operator.py
[2023-12-09T14:17:30.229+0000] {logging_mixin.py:154} INFO - [2023-12-09T14:17:30.229+0000] {dag.py:2941} INFO - Sync 3 DAGs
[2023-12-09T14:17:30.240+0000] {logging_mixin.py:154} INFO - [2023-12-09T14:17:30.240+0000] {dag.py:3722} INFO - Setting next_dagrun for example_subdag_operator to 2022-01-01T00:00:00+00:00, run_after=2022-01-01T00:00:00+00:00
[2023-12-09T14:17:30.241+0000] {logging_mixin.py:154} INFO - [2023-12-09T14:17:30.241+0000] {dag.py:3722} INFO - Setting next_dagrun for example_subdag_operator.section-1 to None, run_after=None
[2023-12-09T14:17:30.242+0000] {logging_mixin.py:154} INFO - [2023-12-09T14:17:30.242+0000] {dag.py:3722} INFO - Setting next_dagrun for example_subdag_operator.section-2 to None, run_after=None
[2023-12-09T14:17:30.246+0000] {logging_mixin.py:154} INFO - [2023-12-09T14:17:30.246+0000] {dag.py:2941} INFO - Sync 2 DAGs
[2023-12-09T14:17:30.249+0000] {logging_mixin.py:154} INFO - [2023-12-09T14:17:30.249+0000] {dag.py:3722} INFO - Setting next_dagrun for example_subdag_operator.section-1 to None, run_after=None
[2023-12-09T14:17:30.249+0000] {logging_mixin.py:154} INFO - [2023-12-09T14:17:30.249+0000] {dag.py:3722} INFO - Setting next_dagrun for example_subdag_operator.section-2 to None, run_after=None
[2023-12-09T14:17:30.254+0000] {processor.py:179} INFO - Processing /home/airflow/.local/lib/python3.8/site-packages/airflow/example_dags/example_subdag_operator.py took 0.053 seconds
[2023-12-09T14:18:01.028+0000] {processor.py:157} INFO - Started process (PID=4888) to work on /home/airflow/.local/lib/python3.8/site-packages/airflow/example_dags/example_subdag_operator.py
[2023-12-09T14:18:01.029+0000] {processor.py:829} INFO - Processing file /home/airflow/.local/lib/python3.8/site-packages/airflow/example_dags/example_subdag_operator.py for tasks to queue
[2023-12-09T14:18:01.029+0000] {logging_mixin.py:154} INFO - [2023-12-09T14:18:01.029+0000] {dagbag.py:536} INFO - Filling up the DagBag from /home/airflow/.local/lib/python3.8/site-packages/airflow/example_dags/example_subdag_operator.py
[2023-12-09T14:18:01.044+0000] {processor.py:839} INFO - DAG(s) dict_keys(['example_subdag_operator.section-1', 'example_subdag_operator.section-2', 'example_subdag_operator']) retrieved from /home/airflow/.local/lib/python3.8/site-packages/airflow/example_dags/example_subdag_operator.py
[2023-12-09T14:18:01.052+0000] {logging_mixin.py:154} INFO - [2023-12-09T14:18:01.052+0000] {dag.py:2941} INFO - Sync 3 DAGs
[2023-12-09T14:18:01.064+0000] {logging_mixin.py:154} INFO - [2023-12-09T14:18:01.064+0000] {dag.py:3722} INFO - Setting next_dagrun for example_subdag_operator to 2022-01-01T00:00:00+00:00, run_after=2022-01-01T00:00:00+00:00
[2023-12-09T14:18:01.066+0000] {logging_mixin.py:154} INFO - [2023-12-09T14:18:01.066+0000] {dag.py:3722} INFO - Setting next_dagrun for example_subdag_operator.section-1 to None, run_after=None
[2023-12-09T14:18:01.066+0000] {logging_mixin.py:154} INFO - [2023-12-09T14:18:01.066+0000] {dag.py:3722} INFO - Setting next_dagrun for example_subdag_operator.section-2 to None, run_after=None
[2023-12-09T14:18:01.070+0000] {logging_mixin.py:154} INFO - [2023-12-09T14:18:01.070+0000] {dag.py:2941} INFO - Sync 2 DAGs
[2023-12-09T14:18:01.073+0000] {logging_mixin.py:154} INFO - [2023-12-09T14:18:01.072+0000] {dag.py:3722} INFO - Setting next_dagrun for example_subdag_operator.section-1 to None, run_after=None
[2023-12-09T14:18:01.073+0000] {logging_mixin.py:154} INFO - [2023-12-09T14:18:01.073+0000] {dag.py:3722} INFO - Setting next_dagrun for example_subdag_operator.section-2 to None, run_after=None
[2023-12-09T14:18:01.078+0000] {processor.py:179} INFO - Processing /home/airflow/.local/lib/python3.8/site-packages/airflow/example_dags/example_subdag_operator.py took 0.052 seconds
[2023-12-09T14:18:31.768+0000] {processor.py:157} INFO - Started process (PID=5126) to work on /home/airflow/.local/lib/python3.8/site-packages/airflow/example_dags/example_subdag_operator.py
[2023-12-09T14:18:31.769+0000] {processor.py:829} INFO - Processing file /home/airflow/.local/lib/python3.8/site-packages/airflow/example_dags/example_subdag_operator.py for tasks to queue
[2023-12-09T14:18:31.769+0000] {logging_mixin.py:154} INFO - [2023-12-09T14:18:31.769+0000] {dagbag.py:536} INFO - Filling up the DagBag from /home/airflow/.local/lib/python3.8/site-packages/airflow/example_dags/example_subdag_operator.py
[2023-12-09T14:18:31.783+0000] {processor.py:839} INFO - DAG(s) dict_keys(['example_subdag_operator.section-1', 'example_subdag_operator.section-2', 'example_subdag_operator']) retrieved from /home/airflow/.local/lib/python3.8/site-packages/airflow/example_dags/example_subdag_operator.py
[2023-12-09T14:18:31.792+0000] {logging_mixin.py:154} INFO - [2023-12-09T14:18:31.792+0000] {dag.py:2941} INFO - Sync 3 DAGs
[2023-12-09T14:18:31.803+0000] {logging_mixin.py:154} INFO - [2023-12-09T14:18:31.803+0000] {dag.py:3722} INFO - Setting next_dagrun for example_subdag_operator to 2022-01-01T00:00:00+00:00, run_after=2022-01-01T00:00:00+00:00
[2023-12-09T14:18:31.805+0000] {logging_mixin.py:154} INFO - [2023-12-09T14:18:31.805+0000] {dag.py:3722} INFO - Setting next_dagrun for example_subdag_operator.section-1 to None, run_after=None
[2023-12-09T14:18:31.806+0000] {logging_mixin.py:154} INFO - [2023-12-09T14:18:31.806+0000] {dag.py:3722} INFO - Setting next_dagrun for example_subdag_operator.section-2 to None, run_after=None
[2023-12-09T14:18:31.809+0000] {logging_mixin.py:154} INFO - [2023-12-09T14:18:31.809+0000] {dag.py:2941} INFO - Sync 2 DAGs
[2023-12-09T14:18:31.813+0000] {logging_mixin.py:154} INFO - [2023-12-09T14:18:31.812+0000] {dag.py:3722} INFO - Setting next_dagrun for example_subdag_operator.section-1 to None, run_after=None
[2023-12-09T14:18:31.813+0000] {logging_mixin.py:154} INFO - [2023-12-09T14:18:31.813+0000] {dag.py:3722} INFO - Setting next_dagrun for example_subdag_operator.section-2 to None, run_after=None
[2023-12-09T14:18:31.818+0000] {processor.py:179} INFO - Processing /home/airflow/.local/lib/python3.8/site-packages/airflow/example_dags/example_subdag_operator.py took 0.052 seconds
[2023-12-09T14:19:02.452+0000] {processor.py:157} INFO - Started process (PID=5364) to work on /home/airflow/.local/lib/python3.8/site-packages/airflow/example_dags/example_subdag_operator.py
[2023-12-09T14:19:02.453+0000] {processor.py:829} INFO - Processing file /home/airflow/.local/lib/python3.8/site-packages/airflow/example_dags/example_subdag_operator.py for tasks to queue
[2023-12-09T14:19:02.454+0000] {logging_mixin.py:154} INFO - [2023-12-09T14:19:02.453+0000] {dagbag.py:536} INFO - Filling up the DagBag from /home/airflow/.local/lib/python3.8/site-packages/airflow/example_dags/example_subdag_operator.py
[2023-12-09T14:19:02.468+0000] {processor.py:839} INFO - DAG(s) dict_keys(['example_subdag_operator.section-1', 'example_subdag_operator.section-2', 'example_subdag_operator']) retrieved from /home/airflow/.local/lib/python3.8/site-packages/airflow/example_dags/example_subdag_operator.py
[2023-12-09T14:19:02.477+0000] {logging_mixin.py:154} INFO - [2023-12-09T14:19:02.476+0000] {dag.py:2941} INFO - Sync 3 DAGs
[2023-12-09T14:19:02.488+0000] {logging_mixin.py:154} INFO - [2023-12-09T14:19:02.488+0000] {dag.py:3722} INFO - Setting next_dagrun for example_subdag_operator to 2022-01-01T00:00:00+00:00, run_after=2022-01-01T00:00:00+00:00
[2023-12-09T14:19:02.490+0000] {logging_mixin.py:154} INFO - [2023-12-09T14:19:02.490+0000] {dag.py:3722} INFO - Setting next_dagrun for example_subdag_operator.section-1 to None, run_after=None
[2023-12-09T14:19:02.491+0000] {logging_mixin.py:154} INFO - [2023-12-09T14:19:02.491+0000] {dag.py:3722} INFO - Setting next_dagrun for example_subdag_operator.section-2 to None, run_after=None
[2023-12-09T14:19:02.494+0000] {logging_mixin.py:154} INFO - [2023-12-09T14:19:02.494+0000] {dag.py:2941} INFO - Sync 2 DAGs
[2023-12-09T14:19:02.497+0000] {logging_mixin.py:154} INFO - [2023-12-09T14:19:02.497+0000] {dag.py:3722} INFO - Setting next_dagrun for example_subdag_operator.section-1 to None, run_after=None
[2023-12-09T14:19:02.497+0000] {logging_mixin.py:154} INFO - [2023-12-09T14:19:02.497+0000] {dag.py:3722} INFO - Setting next_dagrun for example_subdag_operator.section-2 to None, run_after=None
[2023-12-09T14:19:02.502+0000] {processor.py:179} INFO - Processing /home/airflow/.local/lib/python3.8/site-packages/airflow/example_dags/example_subdag_operator.py took 0.052 seconds
