[2023-12-09T14:08:18.057+0000] {processor.py:157} INFO - Started process (PID=286) to work on /home/airflow/.local/lib/python3.8/site-packages/airflow/example_dags/example_short_circuit_decorator.py
[2023-12-09T14:08:18.058+0000] {processor.py:829} INFO - Processing file /home/airflow/.local/lib/python3.8/site-packages/airflow/example_dags/example_short_circuit_decorator.py for tasks to queue
[2023-12-09T14:08:18.058+0000] {logging_mixin.py:154} INFO - [2023-12-09T14:08:18.058+0000] {dagbag.py:536} INFO - Filling up the DagBag from /home/airflow/.local/lib/python3.8/site-packages/airflow/example_dags/example_short_circuit_decorator.py
[2023-12-09T14:08:18.067+0000] {processor.py:839} INFO - DAG(s) dict_keys(['example_short_circuit_decorator']) retrieved from /home/airflow/.local/lib/python3.8/site-packages/airflow/example_dags/example_short_circuit_decorator.py
[2023-12-09T14:08:18.076+0000] {logging_mixin.py:154} INFO - [2023-12-09T14:08:18.076+0000] {dag.py:2941} INFO - Sync 1 DAGs
[2023-12-09T14:08:18.089+0000] {logging_mixin.py:154} INFO - [2023-12-09T14:08:18.089+0000] {dag.py:3722} INFO - Setting next_dagrun for example_short_circuit_decorator to 2023-12-08T14:08:18.089290+00:00, run_after=2023-12-09T14:08:18.089290+00:00
[2023-12-09T14:08:18.100+0000] {processor.py:179} INFO - Processing /home/airflow/.local/lib/python3.8/site-packages/airflow/example_dags/example_short_circuit_decorator.py took 0.045 seconds
[2023-12-09T14:08:48.537+0000] {processor.py:157} INFO - Started process (PID=526) to work on /home/airflow/.local/lib/python3.8/site-packages/airflow/example_dags/example_short_circuit_decorator.py
[2023-12-09T14:08:48.537+0000] {processor.py:829} INFO - Processing file /home/airflow/.local/lib/python3.8/site-packages/airflow/example_dags/example_short_circuit_decorator.py for tasks to queue
[2023-12-09T14:08:48.538+0000] {logging_mixin.py:154} INFO - [2023-12-09T14:08:48.538+0000] {dagbag.py:536} INFO - Filling up the DagBag from /home/airflow/.local/lib/python3.8/site-packages/airflow/example_dags/example_short_circuit_decorator.py
[2023-12-09T14:08:48.544+0000] {processor.py:839} INFO - DAG(s) dict_keys(['example_short_circuit_decorator']) retrieved from /home/airflow/.local/lib/python3.8/site-packages/airflow/example_dags/example_short_circuit_decorator.py
[2023-12-09T14:08:48.556+0000] {logging_mixin.py:154} INFO - [2023-12-09T14:08:48.556+0000] {dag.py:2941} INFO - Sync 1 DAGs
[2023-12-09T14:08:48.566+0000] {logging_mixin.py:154} INFO - [2023-12-09T14:08:48.566+0000] {dag.py:3722} INFO - Setting next_dagrun for example_short_circuit_decorator to 2023-12-08T14:08:48.566171+00:00, run_after=2023-12-09T14:08:48.566171+00:00
[2023-12-09T14:08:48.574+0000] {processor.py:179} INFO - Processing /home/airflow/.local/lib/python3.8/site-packages/airflow/example_dags/example_short_circuit_decorator.py took 0.039 seconds
[2023-12-09T14:09:19.353+0000] {processor.py:157} INFO - Started process (PID=762) to work on /home/airflow/.local/lib/python3.8/site-packages/airflow/example_dags/example_short_circuit_decorator.py
[2023-12-09T14:09:19.354+0000] {processor.py:829} INFO - Processing file /home/airflow/.local/lib/python3.8/site-packages/airflow/example_dags/example_short_circuit_decorator.py for tasks to queue
[2023-12-09T14:09:19.354+0000] {logging_mixin.py:154} INFO - [2023-12-09T14:09:19.354+0000] {dagbag.py:536} INFO - Filling up the DagBag from /home/airflow/.local/lib/python3.8/site-packages/airflow/example_dags/example_short_circuit_decorator.py
[2023-12-09T14:09:19.361+0000] {processor.py:839} INFO - DAG(s) dict_keys(['example_short_circuit_decorator']) retrieved from /home/airflow/.local/lib/python3.8/site-packages/airflow/example_dags/example_short_circuit_decorator.py
[2023-12-09T14:09:19.377+0000] {logging_mixin.py:154} INFO - [2023-12-09T14:09:19.377+0000] {dag.py:2941} INFO - Sync 1 DAGs
[2023-12-09T14:09:19.390+0000] {logging_mixin.py:154} INFO - [2023-12-09T14:09:19.390+0000] {dag.py:3722} INFO - Setting next_dagrun for example_short_circuit_decorator to 2023-12-08T14:09:19.390127+00:00, run_after=2023-12-09T14:09:19.390127+00:00
[2023-12-09T14:09:19.402+0000] {processor.py:179} INFO - Processing /home/airflow/.local/lib/python3.8/site-packages/airflow/example_dags/example_short_circuit_decorator.py took 0.051 seconds
[2023-12-09T14:09:49.511+0000] {processor.py:157} INFO - Started process (PID=1000) to work on /home/airflow/.local/lib/python3.8/site-packages/airflow/example_dags/example_short_circuit_decorator.py
[2023-12-09T14:09:49.512+0000] {processor.py:829} INFO - Processing file /home/airflow/.local/lib/python3.8/site-packages/airflow/example_dags/example_short_circuit_decorator.py for tasks to queue
[2023-12-09T14:09:49.513+0000] {logging_mixin.py:154} INFO - [2023-12-09T14:09:49.512+0000] {dagbag.py:536} INFO - Filling up the DagBag from /home/airflow/.local/lib/python3.8/site-packages/airflow/example_dags/example_short_circuit_decorator.py
[2023-12-09T14:09:49.519+0000] {processor.py:839} INFO - DAG(s) dict_keys(['example_short_circuit_decorator']) retrieved from /home/airflow/.local/lib/python3.8/site-packages/airflow/example_dags/example_short_circuit_decorator.py
[2023-12-09T14:09:49.533+0000] {logging_mixin.py:154} INFO - [2023-12-09T14:09:49.533+0000] {dag.py:2941} INFO - Sync 1 DAGs
[2023-12-09T14:09:49.545+0000] {logging_mixin.py:154} INFO - [2023-12-09T14:09:49.545+0000] {dag.py:3722} INFO - Setting next_dagrun for example_short_circuit_decorator to 2023-12-08T14:09:49.545480+00:00, run_after=2023-12-09T14:09:49.545480+00:00
[2023-12-09T14:09:49.554+0000] {processor.py:179} INFO - Processing /home/airflow/.local/lib/python3.8/site-packages/airflow/example_dags/example_short_circuit_decorator.py took 0.046 seconds
[2023-12-09T14:10:19.658+0000] {processor.py:157} INFO - Started process (PID=1240) to work on /home/airflow/.local/lib/python3.8/site-packages/airflow/example_dags/example_short_circuit_decorator.py
[2023-12-09T14:10:19.658+0000] {processor.py:829} INFO - Processing file /home/airflow/.local/lib/python3.8/site-packages/airflow/example_dags/example_short_circuit_decorator.py for tasks to queue
[2023-12-09T14:10:19.659+0000] {logging_mixin.py:154} INFO - [2023-12-09T14:10:19.659+0000] {dagbag.py:536} INFO - Filling up the DagBag from /home/airflow/.local/lib/python3.8/site-packages/airflow/example_dags/example_short_circuit_decorator.py
[2023-12-09T14:10:19.665+0000] {processor.py:839} INFO - DAG(s) dict_keys(['example_short_circuit_decorator']) retrieved from /home/airflow/.local/lib/python3.8/site-packages/airflow/example_dags/example_short_circuit_decorator.py
[2023-12-09T14:10:19.677+0000] {logging_mixin.py:154} INFO - [2023-12-09T14:10:19.677+0000] {dag.py:2941} INFO - Sync 1 DAGs
[2023-12-09T14:10:19.687+0000] {logging_mixin.py:154} INFO - [2023-12-09T14:10:19.687+0000] {dag.py:3722} INFO - Setting next_dagrun for example_short_circuit_decorator to 2023-12-08T14:10:19.687158+00:00, run_after=2023-12-09T14:10:19.687158+00:00
[2023-12-09T14:10:19.695+0000] {processor.py:179} INFO - Processing /home/airflow/.local/lib/python3.8/site-packages/airflow/example_dags/example_short_circuit_decorator.py took 0.039 seconds
[2023-12-09T14:10:50.470+0000] {processor.py:157} INFO - Started process (PID=1478) to work on /home/airflow/.local/lib/python3.8/site-packages/airflow/example_dags/example_short_circuit_decorator.py
[2023-12-09T14:10:50.471+0000] {processor.py:829} INFO - Processing file /home/airflow/.local/lib/python3.8/site-packages/airflow/example_dags/example_short_circuit_decorator.py for tasks to queue
[2023-12-09T14:10:50.472+0000] {logging_mixin.py:154} INFO - [2023-12-09T14:10:50.471+0000] {dagbag.py:536} INFO - Filling up the DagBag from /home/airflow/.local/lib/python3.8/site-packages/airflow/example_dags/example_short_circuit_decorator.py
[2023-12-09T14:10:50.477+0000] {processor.py:839} INFO - DAG(s) dict_keys(['example_short_circuit_decorator']) retrieved from /home/airflow/.local/lib/python3.8/site-packages/airflow/example_dags/example_short_circuit_decorator.py
[2023-12-09T14:10:50.491+0000] {logging_mixin.py:154} INFO - [2023-12-09T14:10:50.491+0000] {dag.py:2941} INFO - Sync 1 DAGs
[2023-12-09T14:10:50.501+0000] {logging_mixin.py:154} INFO - [2023-12-09T14:10:50.501+0000] {dag.py:3722} INFO - Setting next_dagrun for example_short_circuit_decorator to 2023-12-08T14:10:50.501707+00:00, run_after=2023-12-09T14:10:50.501707+00:00
[2023-12-09T14:10:50.509+0000] {processor.py:179} INFO - Processing /home/airflow/.local/lib/python3.8/site-packages/airflow/example_dags/example_short_circuit_decorator.py took 0.041 seconds
[2023-12-09T14:11:21.308+0000] {processor.py:157} INFO - Started process (PID=1716) to work on /home/airflow/.local/lib/python3.8/site-packages/airflow/example_dags/example_short_circuit_decorator.py
[2023-12-09T14:11:21.309+0000] {processor.py:829} INFO - Processing file /home/airflow/.local/lib/python3.8/site-packages/airflow/example_dags/example_short_circuit_decorator.py for tasks to queue
[2023-12-09T14:11:21.310+0000] {logging_mixin.py:154} INFO - [2023-12-09T14:11:21.309+0000] {dagbag.py:536} INFO - Filling up the DagBag from /home/airflow/.local/lib/python3.8/site-packages/airflow/example_dags/example_short_circuit_decorator.py
[2023-12-09T14:11:21.315+0000] {processor.py:839} INFO - DAG(s) dict_keys(['example_short_circuit_decorator']) retrieved from /home/airflow/.local/lib/python3.8/site-packages/airflow/example_dags/example_short_circuit_decorator.py
[2023-12-09T14:11:21.328+0000] {logging_mixin.py:154} INFO - [2023-12-09T14:11:21.328+0000] {dag.py:2941} INFO - Sync 1 DAGs
[2023-12-09T14:11:21.338+0000] {logging_mixin.py:154} INFO - [2023-12-09T14:11:21.338+0000] {dag.py:3722} INFO - Setting next_dagrun for example_short_circuit_decorator to 2023-12-08T14:11:21.338699+00:00, run_after=2023-12-09T14:11:21.338699+00:00
[2023-12-09T14:11:21.347+0000] {processor.py:179} INFO - Processing /home/airflow/.local/lib/python3.8/site-packages/airflow/example_dags/example_short_circuit_decorator.py took 0.041 seconds
[2023-12-09T14:11:51.414+0000] {processor.py:157} INFO - Started process (PID=1952) to work on /home/airflow/.local/lib/python3.8/site-packages/airflow/example_dags/example_short_circuit_decorator.py
[2023-12-09T14:11:51.415+0000] {processor.py:829} INFO - Processing file /home/airflow/.local/lib/python3.8/site-packages/airflow/example_dags/example_short_circuit_decorator.py for tasks to queue
[2023-12-09T14:11:51.415+0000] {logging_mixin.py:154} INFO - [2023-12-09T14:11:51.415+0000] {dagbag.py:536} INFO - Filling up the DagBag from /home/airflow/.local/lib/python3.8/site-packages/airflow/example_dags/example_short_circuit_decorator.py
[2023-12-09T14:11:51.421+0000] {processor.py:839} INFO - DAG(s) dict_keys(['example_short_circuit_decorator']) retrieved from /home/airflow/.local/lib/python3.8/site-packages/airflow/example_dags/example_short_circuit_decorator.py
[2023-12-09T14:11:51.439+0000] {logging_mixin.py:154} INFO - [2023-12-09T14:11:51.439+0000] {dag.py:2941} INFO - Sync 1 DAGs
[2023-12-09T14:11:51.455+0000] {logging_mixin.py:154} INFO - [2023-12-09T14:11:51.455+0000] {dag.py:3722} INFO - Setting next_dagrun for example_short_circuit_decorator to 2023-12-08T14:11:51.455146+00:00, run_after=2023-12-09T14:11:51.455146+00:00
[2023-12-09T14:11:51.467+0000] {processor.py:179} INFO - Processing /home/airflow/.local/lib/python3.8/site-packages/airflow/example_dags/example_short_circuit_decorator.py took 0.056 seconds
[2023-12-09T14:12:21.560+0000] {processor.py:157} INFO - Started process (PID=2192) to work on /home/airflow/.local/lib/python3.8/site-packages/airflow/example_dags/example_short_circuit_decorator.py
[2023-12-09T14:12:21.561+0000] {processor.py:829} INFO - Processing file /home/airflow/.local/lib/python3.8/site-packages/airflow/example_dags/example_short_circuit_decorator.py for tasks to queue
[2023-12-09T14:12:21.561+0000] {logging_mixin.py:154} INFO - [2023-12-09T14:12:21.561+0000] {dagbag.py:536} INFO - Filling up the DagBag from /home/airflow/.local/lib/python3.8/site-packages/airflow/example_dags/example_short_circuit_decorator.py
[2023-12-09T14:12:21.567+0000] {processor.py:839} INFO - DAG(s) dict_keys(['example_short_circuit_decorator']) retrieved from /home/airflow/.local/lib/python3.8/site-packages/airflow/example_dags/example_short_circuit_decorator.py
[2023-12-09T14:12:21.579+0000] {logging_mixin.py:154} INFO - [2023-12-09T14:12:21.579+0000] {dag.py:2941} INFO - Sync 1 DAGs
[2023-12-09T14:12:21.589+0000] {logging_mixin.py:154} INFO - [2023-12-09T14:12:21.589+0000] {dag.py:3722} INFO - Setting next_dagrun for example_short_circuit_decorator to 2023-12-08T14:12:21.589171+00:00, run_after=2023-12-09T14:12:21.589171+00:00
[2023-12-09T14:12:21.597+0000] {processor.py:179} INFO - Processing /home/airflow/.local/lib/python3.8/site-packages/airflow/example_dags/example_short_circuit_decorator.py took 0.039 seconds
[2023-12-09T14:12:52.348+0000] {processor.py:157} INFO - Started process (PID=2428) to work on /home/airflow/.local/lib/python3.8/site-packages/airflow/example_dags/example_short_circuit_decorator.py
[2023-12-09T14:12:52.349+0000] {processor.py:829} INFO - Processing file /home/airflow/.local/lib/python3.8/site-packages/airflow/example_dags/example_short_circuit_decorator.py for tasks to queue
[2023-12-09T14:12:52.350+0000] {logging_mixin.py:154} INFO - [2023-12-09T14:12:52.350+0000] {dagbag.py:536} INFO - Filling up the DagBag from /home/airflow/.local/lib/python3.8/site-packages/airflow/example_dags/example_short_circuit_decorator.py
[2023-12-09T14:12:52.356+0000] {processor.py:839} INFO - DAG(s) dict_keys(['example_short_circuit_decorator']) retrieved from /home/airflow/.local/lib/python3.8/site-packages/airflow/example_dags/example_short_circuit_decorator.py
[2023-12-09T14:12:52.369+0000] {logging_mixin.py:154} INFO - [2023-12-09T14:12:52.369+0000] {dag.py:2941} INFO - Sync 1 DAGs
[2023-12-09T14:12:52.381+0000] {logging_mixin.py:154} INFO - [2023-12-09T14:12:52.381+0000] {dag.py:3722} INFO - Setting next_dagrun for example_short_circuit_decorator to 2023-12-08T14:12:52.381608+00:00, run_after=2023-12-09T14:12:52.381608+00:00
[2023-12-09T14:12:52.390+0000] {processor.py:179} INFO - Processing /home/airflow/.local/lib/python3.8/site-packages/airflow/example_dags/example_short_circuit_decorator.py took 0.044 seconds
[2023-12-09T14:13:23.427+0000] {processor.py:157} INFO - Started process (PID=2666) to work on /home/airflow/.local/lib/python3.8/site-packages/airflow/example_dags/example_short_circuit_decorator.py
[2023-12-09T14:13:23.428+0000] {processor.py:829} INFO - Processing file /home/airflow/.local/lib/python3.8/site-packages/airflow/example_dags/example_short_circuit_decorator.py for tasks to queue
[2023-12-09T14:13:23.429+0000] {logging_mixin.py:154} INFO - [2023-12-09T14:13:23.428+0000] {dagbag.py:536} INFO - Filling up the DagBag from /home/airflow/.local/lib/python3.8/site-packages/airflow/example_dags/example_short_circuit_decorator.py
[2023-12-09T14:13:23.435+0000] {processor.py:839} INFO - DAG(s) dict_keys(['example_short_circuit_decorator']) retrieved from /home/airflow/.local/lib/python3.8/site-packages/airflow/example_dags/example_short_circuit_decorator.py
[2023-12-09T14:13:23.448+0000] {logging_mixin.py:154} INFO - [2023-12-09T14:13:23.448+0000] {dag.py:2941} INFO - Sync 1 DAGs
[2023-12-09T14:13:23.463+0000] {logging_mixin.py:154} INFO - [2023-12-09T14:13:23.463+0000] {dag.py:3722} INFO - Setting next_dagrun for example_short_circuit_decorator to 2023-12-08T14:13:23.462968+00:00, run_after=2023-12-09T14:13:23.462968+00:00
[2023-12-09T14:13:23.475+0000] {processor.py:179} INFO - Processing /home/airflow/.local/lib/python3.8/site-packages/airflow/example_dags/example_short_circuit_decorator.py took 0.050 seconds
[2023-12-09T14:13:54.153+0000] {processor.py:157} INFO - Started process (PID=2904) to work on /home/airflow/.local/lib/python3.8/site-packages/airflow/example_dags/example_short_circuit_decorator.py
[2023-12-09T14:13:54.155+0000] {processor.py:829} INFO - Processing file /home/airflow/.local/lib/python3.8/site-packages/airflow/example_dags/example_short_circuit_decorator.py for tasks to queue
[2023-12-09T14:13:54.155+0000] {logging_mixin.py:154} INFO - [2023-12-09T14:13:54.155+0000] {dagbag.py:536} INFO - Filling up the DagBag from /home/airflow/.local/lib/python3.8/site-packages/airflow/example_dags/example_short_circuit_decorator.py
[2023-12-09T14:13:54.161+0000] {processor.py:839} INFO - DAG(s) dict_keys(['example_short_circuit_decorator']) retrieved from /home/airflow/.local/lib/python3.8/site-packages/airflow/example_dags/example_short_circuit_decorator.py
[2023-12-09T14:13:54.176+0000] {logging_mixin.py:154} INFO - [2023-12-09T14:13:54.176+0000] {dag.py:2941} INFO - Sync 1 DAGs
[2023-12-09T14:13:54.188+0000] {logging_mixin.py:154} INFO - [2023-12-09T14:13:54.187+0000] {dag.py:3722} INFO - Setting next_dagrun for example_short_circuit_decorator to 2023-12-08T14:13:54.187809+00:00, run_after=2023-12-09T14:13:54.187809+00:00
[2023-12-09T14:13:54.198+0000] {processor.py:179} INFO - Processing /home/airflow/.local/lib/python3.8/site-packages/airflow/example_dags/example_short_circuit_decorator.py took 0.046 seconds
[2023-12-09T14:14:24.935+0000] {processor.py:157} INFO - Started process (PID=3144) to work on /home/airflow/.local/lib/python3.8/site-packages/airflow/example_dags/example_short_circuit_decorator.py
[2023-12-09T14:14:24.936+0000] {processor.py:829} INFO - Processing file /home/airflow/.local/lib/python3.8/site-packages/airflow/example_dags/example_short_circuit_decorator.py for tasks to queue
[2023-12-09T14:14:24.937+0000] {logging_mixin.py:154} INFO - [2023-12-09T14:14:24.936+0000] {dagbag.py:536} INFO - Filling up the DagBag from /home/airflow/.local/lib/python3.8/site-packages/airflow/example_dags/example_short_circuit_decorator.py
[2023-12-09T14:14:24.943+0000] {processor.py:839} INFO - DAG(s) dict_keys(['example_short_circuit_decorator']) retrieved from /home/airflow/.local/lib/python3.8/site-packages/airflow/example_dags/example_short_circuit_decorator.py
[2023-12-09T14:14:24.956+0000] {logging_mixin.py:154} INFO - [2023-12-09T14:14:24.955+0000] {dag.py:2941} INFO - Sync 1 DAGs
[2023-12-09T14:14:24.965+0000] {logging_mixin.py:154} INFO - [2023-12-09T14:14:24.965+0000] {dag.py:3722} INFO - Setting next_dagrun for example_short_circuit_decorator to 2023-12-08T14:14:24.965518+00:00, run_after=2023-12-09T14:14:24.965518+00:00
[2023-12-09T14:14:24.974+0000] {processor.py:179} INFO - Processing /home/airflow/.local/lib/python3.8/site-packages/airflow/example_dags/example_short_circuit_decorator.py took 0.040 seconds
[2023-12-09T14:14:55.733+0000] {processor.py:157} INFO - Started process (PID=3382) to work on /home/airflow/.local/lib/python3.8/site-packages/airflow/example_dags/example_short_circuit_decorator.py
[2023-12-09T14:14:55.734+0000] {processor.py:829} INFO - Processing file /home/airflow/.local/lib/python3.8/site-packages/airflow/example_dags/example_short_circuit_decorator.py for tasks to queue
[2023-12-09T14:14:55.734+0000] {logging_mixin.py:154} INFO - [2023-12-09T14:14:55.734+0000] {dagbag.py:536} INFO - Filling up the DagBag from /home/airflow/.local/lib/python3.8/site-packages/airflow/example_dags/example_short_circuit_decorator.py
[2023-12-09T14:14:55.740+0000] {processor.py:839} INFO - DAG(s) dict_keys(['example_short_circuit_decorator']) retrieved from /home/airflow/.local/lib/python3.8/site-packages/airflow/example_dags/example_short_circuit_decorator.py
[2023-12-09T14:14:55.753+0000] {logging_mixin.py:154} INFO - [2023-12-09T14:14:55.753+0000] {dag.py:2941} INFO - Sync 1 DAGs
[2023-12-09T14:14:55.763+0000] {logging_mixin.py:154} INFO - [2023-12-09T14:14:55.763+0000] {dag.py:3722} INFO - Setting next_dagrun for example_short_circuit_decorator to 2023-12-08T14:14:55.763150+00:00, run_after=2023-12-09T14:14:55.763150+00:00
[2023-12-09T14:14:55.772+0000] {processor.py:179} INFO - Processing /home/airflow/.local/lib/python3.8/site-packages/airflow/example_dags/example_short_circuit_decorator.py took 0.041 seconds
[2023-12-09T14:15:26.413+0000] {processor.py:157} INFO - Started process (PID=3618) to work on /home/airflow/.local/lib/python3.8/site-packages/airflow/example_dags/example_short_circuit_decorator.py
[2023-12-09T14:15:26.414+0000] {processor.py:829} INFO - Processing file /home/airflow/.local/lib/python3.8/site-packages/airflow/example_dags/example_short_circuit_decorator.py for tasks to queue
[2023-12-09T14:15:26.414+0000] {logging_mixin.py:154} INFO - [2023-12-09T14:15:26.414+0000] {dagbag.py:536} INFO - Filling up the DagBag from /home/airflow/.local/lib/python3.8/site-packages/airflow/example_dags/example_short_circuit_decorator.py
[2023-12-09T14:15:26.420+0000] {processor.py:839} INFO - DAG(s) dict_keys(['example_short_circuit_decorator']) retrieved from /home/airflow/.local/lib/python3.8/site-packages/airflow/example_dags/example_short_circuit_decorator.py
[2023-12-09T14:15:26.434+0000] {logging_mixin.py:154} INFO - [2023-12-09T14:15:26.434+0000] {dag.py:2941} INFO - Sync 1 DAGs
[2023-12-09T14:15:26.445+0000] {logging_mixin.py:154} INFO - [2023-12-09T14:15:26.445+0000] {dag.py:3722} INFO - Setting next_dagrun for example_short_circuit_decorator to 2023-12-08T14:15:26.445368+00:00, run_after=2023-12-09T14:15:26.445368+00:00
[2023-12-09T14:15:26.454+0000] {processor.py:179} INFO - Processing /home/airflow/.local/lib/python3.8/site-packages/airflow/example_dags/example_short_circuit_decorator.py took 0.043 seconds
[2023-12-09T14:15:57.467+0000] {processor.py:157} INFO - Started process (PID=3858) to work on /home/airflow/.local/lib/python3.8/site-packages/airflow/example_dags/example_short_circuit_decorator.py
[2023-12-09T14:15:57.468+0000] {processor.py:829} INFO - Processing file /home/airflow/.local/lib/python3.8/site-packages/airflow/example_dags/example_short_circuit_decorator.py for tasks to queue
[2023-12-09T14:15:57.469+0000] {logging_mixin.py:154} INFO - [2023-12-09T14:15:57.468+0000] {dagbag.py:536} INFO - Filling up the DagBag from /home/airflow/.local/lib/python3.8/site-packages/airflow/example_dags/example_short_circuit_decorator.py
[2023-12-09T14:15:57.475+0000] {processor.py:839} INFO - DAG(s) dict_keys(['example_short_circuit_decorator']) retrieved from /home/airflow/.local/lib/python3.8/site-packages/airflow/example_dags/example_short_circuit_decorator.py
[2023-12-09T14:15:57.488+0000] {logging_mixin.py:154} INFO - [2023-12-09T14:15:57.488+0000] {dag.py:2941} INFO - Sync 1 DAGs
[2023-12-09T14:15:57.501+0000] {logging_mixin.py:154} INFO - [2023-12-09T14:15:57.501+0000] {dag.py:3722} INFO - Setting next_dagrun for example_short_circuit_decorator to 2023-12-08T14:15:57.501001+00:00, run_after=2023-12-09T14:15:57.501001+00:00
[2023-12-09T14:15:57.511+0000] {processor.py:179} INFO - Processing /home/airflow/.local/lib/python3.8/site-packages/airflow/example_dags/example_short_circuit_decorator.py took 0.046 seconds
[2023-12-09T14:16:28.330+0000] {processor.py:157} INFO - Started process (PID=4094) to work on /home/airflow/.local/lib/python3.8/site-packages/airflow/example_dags/example_short_circuit_decorator.py
[2023-12-09T14:16:28.330+0000] {processor.py:829} INFO - Processing file /home/airflow/.local/lib/python3.8/site-packages/airflow/example_dags/example_short_circuit_decorator.py for tasks to queue
[2023-12-09T14:16:28.331+0000] {logging_mixin.py:154} INFO - [2023-12-09T14:16:28.331+0000] {dagbag.py:536} INFO - Filling up the DagBag from /home/airflow/.local/lib/python3.8/site-packages/airflow/example_dags/example_short_circuit_decorator.py
[2023-12-09T14:16:28.337+0000] {processor.py:839} INFO - DAG(s) dict_keys(['example_short_circuit_decorator']) retrieved from /home/airflow/.local/lib/python3.8/site-packages/airflow/example_dags/example_short_circuit_decorator.py
[2023-12-09T14:16:28.350+0000] {logging_mixin.py:154} INFO - [2023-12-09T14:16:28.350+0000] {dag.py:2941} INFO - Sync 1 DAGs
[2023-12-09T14:16:28.363+0000] {logging_mixin.py:154} INFO - [2023-12-09T14:16:28.363+0000] {dag.py:3722} INFO - Setting next_dagrun for example_short_circuit_decorator to 2023-12-08T14:16:28.362923+00:00, run_after=2023-12-09T14:16:28.362923+00:00
[2023-12-09T14:16:28.375+0000] {processor.py:179} INFO - Processing /home/airflow/.local/lib/python3.8/site-packages/airflow/example_dags/example_short_circuit_decorator.py took 0.048 seconds
[2023-12-09T14:16:59.042+0000] {processor.py:157} INFO - Started process (PID=4334) to work on /home/airflow/.local/lib/python3.8/site-packages/airflow/example_dags/example_short_circuit_decorator.py
[2023-12-09T14:16:59.043+0000] {processor.py:829} INFO - Processing file /home/airflow/.local/lib/python3.8/site-packages/airflow/example_dags/example_short_circuit_decorator.py for tasks to queue
[2023-12-09T14:16:59.043+0000] {logging_mixin.py:154} INFO - [2023-12-09T14:16:59.043+0000] {dagbag.py:536} INFO - Filling up the DagBag from /home/airflow/.local/lib/python3.8/site-packages/airflow/example_dags/example_short_circuit_decorator.py
[2023-12-09T14:16:59.050+0000] {processor.py:839} INFO - DAG(s) dict_keys(['example_short_circuit_decorator']) retrieved from /home/airflow/.local/lib/python3.8/site-packages/airflow/example_dags/example_short_circuit_decorator.py
[2023-12-09T14:16:59.063+0000] {logging_mixin.py:154} INFO - [2023-12-09T14:16:59.063+0000] {dag.py:2941} INFO - Sync 1 DAGs
[2023-12-09T14:16:59.074+0000] {logging_mixin.py:154} INFO - [2023-12-09T14:16:59.073+0000] {dag.py:3722} INFO - Setting next_dagrun for example_short_circuit_decorator to 2023-12-08T14:16:59.073760+00:00, run_after=2023-12-09T14:16:59.073760+00:00
[2023-12-09T14:16:59.083+0000] {processor.py:179} INFO - Processing /home/airflow/.local/lib/python3.8/site-packages/airflow/example_dags/example_short_circuit_decorator.py took 0.043 seconds
[2023-12-09T14:17:29.725+0000] {processor.py:157} INFO - Started process (PID=4572) to work on /home/airflow/.local/lib/python3.8/site-packages/airflow/example_dags/example_short_circuit_decorator.py
[2023-12-09T14:17:29.726+0000] {processor.py:829} INFO - Processing file /home/airflow/.local/lib/python3.8/site-packages/airflow/example_dags/example_short_circuit_decorator.py for tasks to queue
[2023-12-09T14:17:29.726+0000] {logging_mixin.py:154} INFO - [2023-12-09T14:17:29.726+0000] {dagbag.py:536} INFO - Filling up the DagBag from /home/airflow/.local/lib/python3.8/site-packages/airflow/example_dags/example_short_circuit_decorator.py
[2023-12-09T14:17:29.732+0000] {processor.py:839} INFO - DAG(s) dict_keys(['example_short_circuit_decorator']) retrieved from /home/airflow/.local/lib/python3.8/site-packages/airflow/example_dags/example_short_circuit_decorator.py
[2023-12-09T14:17:29.745+0000] {logging_mixin.py:154} INFO - [2023-12-09T14:17:29.745+0000] {dag.py:2941} INFO - Sync 1 DAGs
[2023-12-09T14:17:29.755+0000] {logging_mixin.py:154} INFO - [2023-12-09T14:17:29.755+0000] {dag.py:3722} INFO - Setting next_dagrun for example_short_circuit_decorator to 2023-12-08T14:17:29.755658+00:00, run_after=2023-12-09T14:17:29.755658+00:00
[2023-12-09T14:17:29.764+0000] {processor.py:179} INFO - Processing /home/airflow/.local/lib/python3.8/site-packages/airflow/example_dags/example_short_circuit_decorator.py took 0.041 seconds
[2023-12-09T14:18:00.548+0000] {processor.py:157} INFO - Started process (PID=4808) to work on /home/airflow/.local/lib/python3.8/site-packages/airflow/example_dags/example_short_circuit_decorator.py
[2023-12-09T14:18:00.549+0000] {processor.py:829} INFO - Processing file /home/airflow/.local/lib/python3.8/site-packages/airflow/example_dags/example_short_circuit_decorator.py for tasks to queue
[2023-12-09T14:18:00.549+0000] {logging_mixin.py:154} INFO - [2023-12-09T14:18:00.549+0000] {dagbag.py:536} INFO - Filling up the DagBag from /home/airflow/.local/lib/python3.8/site-packages/airflow/example_dags/example_short_circuit_decorator.py
[2023-12-09T14:18:00.556+0000] {processor.py:839} INFO - DAG(s) dict_keys(['example_short_circuit_decorator']) retrieved from /home/airflow/.local/lib/python3.8/site-packages/airflow/example_dags/example_short_circuit_decorator.py
[2023-12-09T14:18:00.570+0000] {logging_mixin.py:154} INFO - [2023-12-09T14:18:00.570+0000] {dag.py:2941} INFO - Sync 1 DAGs
[2023-12-09T14:18:00.582+0000] {logging_mixin.py:154} INFO - [2023-12-09T14:18:00.582+0000] {dag.py:3722} INFO - Setting next_dagrun for example_short_circuit_decorator to 2023-12-08T14:18:00.582415+00:00, run_after=2023-12-09T14:18:00.582415+00:00
[2023-12-09T14:18:00.593+0000] {processor.py:179} INFO - Processing /home/airflow/.local/lib/python3.8/site-packages/airflow/example_dags/example_short_circuit_decorator.py took 0.048 seconds
[2023-12-09T14:18:31.328+0000] {processor.py:157} INFO - Started process (PID=5046) to work on /home/airflow/.local/lib/python3.8/site-packages/airflow/example_dags/example_short_circuit_decorator.py
[2023-12-09T14:18:31.329+0000] {processor.py:829} INFO - Processing file /home/airflow/.local/lib/python3.8/site-packages/airflow/example_dags/example_short_circuit_decorator.py for tasks to queue
[2023-12-09T14:18:31.329+0000] {logging_mixin.py:154} INFO - [2023-12-09T14:18:31.329+0000] {dagbag.py:536} INFO - Filling up the DagBag from /home/airflow/.local/lib/python3.8/site-packages/airflow/example_dags/example_short_circuit_decorator.py
[2023-12-09T14:18:31.335+0000] {processor.py:839} INFO - DAG(s) dict_keys(['example_short_circuit_decorator']) retrieved from /home/airflow/.local/lib/python3.8/site-packages/airflow/example_dags/example_short_circuit_decorator.py
[2023-12-09T14:18:31.348+0000] {logging_mixin.py:154} INFO - [2023-12-09T14:18:31.348+0000] {dag.py:2941} INFO - Sync 1 DAGs
[2023-12-09T14:18:31.359+0000] {logging_mixin.py:154} INFO - [2023-12-09T14:18:31.359+0000] {dag.py:3722} INFO - Setting next_dagrun for example_short_circuit_decorator to 2023-12-08T14:18:31.359551+00:00, run_after=2023-12-09T14:18:31.359551+00:00
[2023-12-09T14:18:31.369+0000] {processor.py:179} INFO - Processing /home/airflow/.local/lib/python3.8/site-packages/airflow/example_dags/example_short_circuit_decorator.py took 0.043 seconds
[2023-12-09T14:19:02.013+0000] {processor.py:157} INFO - Started process (PID=5284) to work on /home/airflow/.local/lib/python3.8/site-packages/airflow/example_dags/example_short_circuit_decorator.py
[2023-12-09T14:19:02.014+0000] {processor.py:829} INFO - Processing file /home/airflow/.local/lib/python3.8/site-packages/airflow/example_dags/example_short_circuit_decorator.py for tasks to queue
[2023-12-09T14:19:02.014+0000] {logging_mixin.py:154} INFO - [2023-12-09T14:19:02.014+0000] {dagbag.py:536} INFO - Filling up the DagBag from /home/airflow/.local/lib/python3.8/site-packages/airflow/example_dags/example_short_circuit_decorator.py
[2023-12-09T14:19:02.020+0000] {processor.py:839} INFO - DAG(s) dict_keys(['example_short_circuit_decorator']) retrieved from /home/airflow/.local/lib/python3.8/site-packages/airflow/example_dags/example_short_circuit_decorator.py
[2023-12-09T14:19:02.033+0000] {logging_mixin.py:154} INFO - [2023-12-09T14:19:02.033+0000] {dag.py:2941} INFO - Sync 1 DAGs
[2023-12-09T14:19:02.045+0000] {logging_mixin.py:154} INFO - [2023-12-09T14:19:02.044+0000] {dag.py:3722} INFO - Setting next_dagrun for example_short_circuit_decorator to 2023-12-08T14:19:02.044786+00:00, run_after=2023-12-09T14:19:02.044786+00:00
[2023-12-09T14:19:02.054+0000] {processor.py:179} INFO - Processing /home/airflow/.local/lib/python3.8/site-packages/airflow/example_dags/example_short_circuit_decorator.py took 0.043 seconds
