[2023-12-09T14:08:17.355+0000] {processor.py:157} INFO - Started process (PID=186) to work on /home/airflow/.local/lib/python3.8/site-packages/airflow/example_dags/tutorial.py
[2023-12-09T14:08:17.355+0000] {processor.py:829} INFO - Processing file /home/airflow/.local/lib/python3.8/site-packages/airflow/example_dags/tutorial.py for tasks to queue
[2023-12-09T14:08:17.356+0000] {logging_mixin.py:154} INFO - [2023-12-09T14:08:17.356+0000] {dagbag.py:536} INFO - Filling up the DagBag from /home/airflow/.local/lib/python3.8/site-packages/airflow/example_dags/tutorial.py
[2023-12-09T14:08:17.364+0000] {processor.py:839} INFO - DAG(s) dict_keys(['tutorial']) retrieved from /home/airflow/.local/lib/python3.8/site-packages/airflow/example_dags/tutorial.py
[2023-12-09T14:08:17.379+0000] {logging_mixin.py:154} INFO - [2023-12-09T14:08:17.379+0000] {dag.py:2941} INFO - Sync 1 DAGs
[2023-12-09T14:08:17.394+0000] {logging_mixin.py:154} INFO - [2023-12-09T14:08:17.394+0000] {dag.py:3722} INFO - Setting next_dagrun for tutorial to 2023-12-08T14:08:17.394510+00:00, run_after=2023-12-09T14:08:17.394510+00:00
[2023-12-09T14:08:17.404+0000] {processor.py:179} INFO - Processing /home/airflow/.local/lib/python3.8/site-packages/airflow/example_dags/tutorial.py took 0.051 seconds
[2023-12-09T14:08:47.823+0000] {processor.py:157} INFO - Started process (PID=424) to work on /home/airflow/.local/lib/python3.8/site-packages/airflow/example_dags/tutorial.py
[2023-12-09T14:08:47.824+0000] {processor.py:829} INFO - Processing file /home/airflow/.local/lib/python3.8/site-packages/airflow/example_dags/tutorial.py for tasks to queue
[2023-12-09T14:08:47.824+0000] {logging_mixin.py:154} INFO - [2023-12-09T14:08:47.824+0000] {dagbag.py:536} INFO - Filling up the DagBag from /home/airflow/.local/lib/python3.8/site-packages/airflow/example_dags/tutorial.py
[2023-12-09T14:08:47.829+0000] {processor.py:839} INFO - DAG(s) dict_keys(['tutorial']) retrieved from /home/airflow/.local/lib/python3.8/site-packages/airflow/example_dags/tutorial.py
[2023-12-09T14:08:47.841+0000] {logging_mixin.py:154} INFO - [2023-12-09T14:08:47.840+0000] {dag.py:2941} INFO - Sync 1 DAGs
[2023-12-09T14:08:47.852+0000] {logging_mixin.py:154} INFO - [2023-12-09T14:08:47.852+0000] {dag.py:3722} INFO - Setting next_dagrun for tutorial to 2023-12-08T14:08:47.852660+00:00, run_after=2023-12-09T14:08:47.852660+00:00
[2023-12-09T14:08:47.862+0000] {processor.py:179} INFO - Processing /home/airflow/.local/lib/python3.8/site-packages/airflow/example_dags/tutorial.py took 0.041 seconds
[2023-12-09T14:09:18.599+0000] {processor.py:157} INFO - Started process (PID=662) to work on /home/airflow/.local/lib/python3.8/site-packages/airflow/example_dags/tutorial.py
[2023-12-09T14:09:18.600+0000] {processor.py:829} INFO - Processing file /home/airflow/.local/lib/python3.8/site-packages/airflow/example_dags/tutorial.py for tasks to queue
[2023-12-09T14:09:18.600+0000] {logging_mixin.py:154} INFO - [2023-12-09T14:09:18.600+0000] {dagbag.py:536} INFO - Filling up the DagBag from /home/airflow/.local/lib/python3.8/site-packages/airflow/example_dags/tutorial.py
[2023-12-09T14:09:18.604+0000] {processor.py:839} INFO - DAG(s) dict_keys(['tutorial']) retrieved from /home/airflow/.local/lib/python3.8/site-packages/airflow/example_dags/tutorial.py
[2023-12-09T14:09:18.615+0000] {logging_mixin.py:154} INFO - [2023-12-09T14:09:18.615+0000] {dag.py:2941} INFO - Sync 1 DAGs
[2023-12-09T14:09:18.627+0000] {logging_mixin.py:154} INFO - [2023-12-09T14:09:18.627+0000] {dag.py:3722} INFO - Setting next_dagrun for tutorial to 2023-12-08T14:09:18.627330+00:00, run_after=2023-12-09T14:09:18.627330+00:00
[2023-12-09T14:09:18.636+0000] {processor.py:179} INFO - Processing /home/airflow/.local/lib/python3.8/site-packages/airflow/example_dags/tutorial.py took 0.039 seconds
[2023-12-09T14:09:48.750+0000] {processor.py:157} INFO - Started process (PID=900) to work on /home/airflow/.local/lib/python3.8/site-packages/airflow/example_dags/tutorial.py
[2023-12-09T14:09:48.751+0000] {processor.py:829} INFO - Processing file /home/airflow/.local/lib/python3.8/site-packages/airflow/example_dags/tutorial.py for tasks to queue
[2023-12-09T14:09:48.752+0000] {logging_mixin.py:154} INFO - [2023-12-09T14:09:48.752+0000] {dagbag.py:536} INFO - Filling up the DagBag from /home/airflow/.local/lib/python3.8/site-packages/airflow/example_dags/tutorial.py
[2023-12-09T14:09:48.756+0000] {processor.py:839} INFO - DAG(s) dict_keys(['tutorial']) retrieved from /home/airflow/.local/lib/python3.8/site-packages/airflow/example_dags/tutorial.py
[2023-12-09T14:09:48.769+0000] {logging_mixin.py:154} INFO - [2023-12-09T14:09:48.769+0000] {dag.py:2941} INFO - Sync 1 DAGs
[2023-12-09T14:09:48.781+0000] {logging_mixin.py:154} INFO - [2023-12-09T14:09:48.781+0000] {dag.py:3722} INFO - Setting next_dagrun for tutorial to 2023-12-08T14:09:48.781318+00:00, run_after=2023-12-09T14:09:48.781318+00:00
[2023-12-09T14:09:48.790+0000] {processor.py:179} INFO - Processing /home/airflow/.local/lib/python3.8/site-packages/airflow/example_dags/tutorial.py took 0.042 seconds
[2023-12-09T14:10:18.878+0000] {processor.py:157} INFO - Started process (PID=1139) to work on /home/airflow/.local/lib/python3.8/site-packages/airflow/example_dags/tutorial.py
[2023-12-09T14:10:18.879+0000] {processor.py:829} INFO - Processing file /home/airflow/.local/lib/python3.8/site-packages/airflow/example_dags/tutorial.py for tasks to queue
[2023-12-09T14:10:18.879+0000] {logging_mixin.py:154} INFO - [2023-12-09T14:10:18.879+0000] {dagbag.py:536} INFO - Filling up the DagBag from /home/airflow/.local/lib/python3.8/site-packages/airflow/example_dags/tutorial.py
[2023-12-09T14:10:18.884+0000] {processor.py:839} INFO - DAG(s) dict_keys(['tutorial']) retrieved from /home/airflow/.local/lib/python3.8/site-packages/airflow/example_dags/tutorial.py
[2023-12-09T14:10:18.895+0000] {logging_mixin.py:154} INFO - [2023-12-09T14:10:18.895+0000] {dag.py:2941} INFO - Sync 1 DAGs
[2023-12-09T14:10:18.907+0000] {logging_mixin.py:154} INFO - [2023-12-09T14:10:18.907+0000] {dag.py:3722} INFO - Setting next_dagrun for tutorial to 2023-12-08T14:10:18.907301+00:00, run_after=2023-12-09T14:10:18.907301+00:00
[2023-12-09T14:10:18.916+0000] {processor.py:179} INFO - Processing /home/airflow/.local/lib/python3.8/site-packages/airflow/example_dags/tutorial.py took 0.040 seconds
[2023-12-09T14:10:49.747+0000] {processor.py:157} INFO - Started process (PID=1376) to work on /home/airflow/.local/lib/python3.8/site-packages/airflow/example_dags/tutorial.py
[2023-12-09T14:10:49.748+0000] {processor.py:829} INFO - Processing file /home/airflow/.local/lib/python3.8/site-packages/airflow/example_dags/tutorial.py for tasks to queue
[2023-12-09T14:10:49.748+0000] {logging_mixin.py:154} INFO - [2023-12-09T14:10:49.748+0000] {dagbag.py:536} INFO - Filling up the DagBag from /home/airflow/.local/lib/python3.8/site-packages/airflow/example_dags/tutorial.py
[2023-12-09T14:10:49.753+0000] {processor.py:839} INFO - DAG(s) dict_keys(['tutorial']) retrieved from /home/airflow/.local/lib/python3.8/site-packages/airflow/example_dags/tutorial.py
[2023-12-09T14:10:49.765+0000] {logging_mixin.py:154} INFO - [2023-12-09T14:10:49.765+0000] {dag.py:2941} INFO - Sync 1 DAGs
[2023-12-09T14:10:49.776+0000] {logging_mixin.py:154} INFO - [2023-12-09T14:10:49.776+0000] {dag.py:3722} INFO - Setting next_dagrun for tutorial to 2023-12-08T14:10:49.776684+00:00, run_after=2023-12-09T14:10:49.776684+00:00
[2023-12-09T14:10:49.785+0000] {processor.py:179} INFO - Processing /home/airflow/.local/lib/python3.8/site-packages/airflow/example_dags/tutorial.py took 0.041 seconds
[2023-12-09T14:11:20.578+0000] {processor.py:157} INFO - Started process (PID=1615) to work on /home/airflow/.local/lib/python3.8/site-packages/airflow/example_dags/tutorial.py
[2023-12-09T14:11:20.579+0000] {processor.py:829} INFO - Processing file /home/airflow/.local/lib/python3.8/site-packages/airflow/example_dags/tutorial.py for tasks to queue
[2023-12-09T14:11:20.580+0000] {logging_mixin.py:154} INFO - [2023-12-09T14:11:20.579+0000] {dagbag.py:536} INFO - Filling up the DagBag from /home/airflow/.local/lib/python3.8/site-packages/airflow/example_dags/tutorial.py
[2023-12-09T14:11:20.584+0000] {processor.py:839} INFO - DAG(s) dict_keys(['tutorial']) retrieved from /home/airflow/.local/lib/python3.8/site-packages/airflow/example_dags/tutorial.py
[2023-12-09T14:11:20.596+0000] {logging_mixin.py:154} INFO - [2023-12-09T14:11:20.596+0000] {dag.py:2941} INFO - Sync 1 DAGs
[2023-12-09T14:11:20.607+0000] {logging_mixin.py:154} INFO - [2023-12-09T14:11:20.607+0000] {dag.py:3722} INFO - Setting next_dagrun for tutorial to 2023-12-08T14:11:20.607620+00:00, run_after=2023-12-09T14:11:20.607620+00:00
[2023-12-09T14:11:20.617+0000] {processor.py:179} INFO - Processing /home/airflow/.local/lib/python3.8/site-packages/airflow/example_dags/tutorial.py took 0.041 seconds
[2023-12-09T14:11:50.690+0000] {processor.py:157} INFO - Started process (PID=1854) to work on /home/airflow/.local/lib/python3.8/site-packages/airflow/example_dags/tutorial.py
[2023-12-09T14:11:50.691+0000] {processor.py:829} INFO - Processing file /home/airflow/.local/lib/python3.8/site-packages/airflow/example_dags/tutorial.py for tasks to queue
[2023-12-09T14:11:50.691+0000] {logging_mixin.py:154} INFO - [2023-12-09T14:11:50.691+0000] {dagbag.py:536} INFO - Filling up the DagBag from /home/airflow/.local/lib/python3.8/site-packages/airflow/example_dags/tutorial.py
[2023-12-09T14:11:50.696+0000] {processor.py:839} INFO - DAG(s) dict_keys(['tutorial']) retrieved from /home/airflow/.local/lib/python3.8/site-packages/airflow/example_dags/tutorial.py
[2023-12-09T14:11:50.708+0000] {logging_mixin.py:154} INFO - [2023-12-09T14:11:50.708+0000] {dag.py:2941} INFO - Sync 1 DAGs
[2023-12-09T14:11:50.718+0000] {logging_mixin.py:154} INFO - [2023-12-09T14:11:50.718+0000] {dag.py:3722} INFO - Setting next_dagrun for tutorial to 2023-12-08T14:11:50.717893+00:00, run_after=2023-12-09T14:11:50.717893+00:00
[2023-12-09T14:11:50.726+0000] {processor.py:179} INFO - Processing /home/airflow/.local/lib/python3.8/site-packages/airflow/example_dags/tutorial.py took 0.039 seconds
[2023-12-09T14:12:20.864+0000] {processor.py:157} INFO - Started process (PID=2092) to work on /home/airflow/.local/lib/python3.8/site-packages/airflow/example_dags/tutorial.py
[2023-12-09T14:12:20.864+0000] {processor.py:829} INFO - Processing file /home/airflow/.local/lib/python3.8/site-packages/airflow/example_dags/tutorial.py for tasks to queue
[2023-12-09T14:12:20.865+0000] {logging_mixin.py:154} INFO - [2023-12-09T14:12:20.865+0000] {dagbag.py:536} INFO - Filling up the DagBag from /home/airflow/.local/lib/python3.8/site-packages/airflow/example_dags/tutorial.py
[2023-12-09T14:12:20.870+0000] {processor.py:839} INFO - DAG(s) dict_keys(['tutorial']) retrieved from /home/airflow/.local/lib/python3.8/site-packages/airflow/example_dags/tutorial.py
[2023-12-09T14:12:20.885+0000] {logging_mixin.py:154} INFO - [2023-12-09T14:12:20.885+0000] {dag.py:2941} INFO - Sync 1 DAGs
[2023-12-09T14:12:20.898+0000] {logging_mixin.py:154} INFO - [2023-12-09T14:12:20.898+0000] {dag.py:3722} INFO - Setting next_dagrun for tutorial to 2023-12-08T14:12:20.898034+00:00, run_after=2023-12-09T14:12:20.898034+00:00
[2023-12-09T14:12:20.910+0000] {processor.py:179} INFO - Processing /home/airflow/.local/lib/python3.8/site-packages/airflow/example_dags/tutorial.py took 0.048 seconds
[2023-12-09T14:12:51.549+0000] {processor.py:157} INFO - Started process (PID=2328) to work on /home/airflow/.local/lib/python3.8/site-packages/airflow/example_dags/tutorial.py
[2023-12-09T14:12:51.550+0000] {processor.py:829} INFO - Processing file /home/airflow/.local/lib/python3.8/site-packages/airflow/example_dags/tutorial.py for tasks to queue
[2023-12-09T14:12:51.550+0000] {logging_mixin.py:154} INFO - [2023-12-09T14:12:51.550+0000] {dagbag.py:536} INFO - Filling up the DagBag from /home/airflow/.local/lib/python3.8/site-packages/airflow/example_dags/tutorial.py
[2023-12-09T14:12:51.555+0000] {processor.py:839} INFO - DAG(s) dict_keys(['tutorial']) retrieved from /home/airflow/.local/lib/python3.8/site-packages/airflow/example_dags/tutorial.py
[2023-12-09T14:12:51.568+0000] {logging_mixin.py:154} INFO - [2023-12-09T14:12:51.568+0000] {dag.py:2941} INFO - Sync 1 DAGs
[2023-12-09T14:12:51.581+0000] {logging_mixin.py:154} INFO - [2023-12-09T14:12:51.581+0000] {dag.py:3722} INFO - Setting next_dagrun for tutorial to 2023-12-08T14:12:51.581361+00:00, run_after=2023-12-09T14:12:51.581361+00:00
[2023-12-09T14:12:51.591+0000] {processor.py:179} INFO - Processing /home/airflow/.local/lib/python3.8/site-packages/airflow/example_dags/tutorial.py took 0.044 seconds
[2023-12-09T14:13:21.679+0000] {processor.py:157} INFO - Started process (PID=2567) to work on /home/airflow/.local/lib/python3.8/site-packages/airflow/example_dags/tutorial.py
[2023-12-09T14:13:21.680+0000] {processor.py:829} INFO - Processing file /home/airflow/.local/lib/python3.8/site-packages/airflow/example_dags/tutorial.py for tasks to queue
[2023-12-09T14:13:21.680+0000] {logging_mixin.py:154} INFO - [2023-12-09T14:13:21.680+0000] {dagbag.py:536} INFO - Filling up the DagBag from /home/airflow/.local/lib/python3.8/site-packages/airflow/example_dags/tutorial.py
[2023-12-09T14:13:21.685+0000] {processor.py:839} INFO - DAG(s) dict_keys(['tutorial']) retrieved from /home/airflow/.local/lib/python3.8/site-packages/airflow/example_dags/tutorial.py
[2023-12-09T14:13:21.698+0000] {logging_mixin.py:154} INFO - [2023-12-09T14:13:21.698+0000] {dag.py:2941} INFO - Sync 1 DAGs
[2023-12-09T14:13:21.714+0000] {logging_mixin.py:154} INFO - [2023-12-09T14:13:21.714+0000] {dag.py:3722} INFO - Setting next_dagrun for tutorial to 2023-12-08T14:13:21.714052+00:00, run_after=2023-12-09T14:13:21.714052+00:00
[2023-12-09T14:13:21.723+0000] {processor.py:179} INFO - Processing /home/airflow/.local/lib/python3.8/site-packages/airflow/example_dags/tutorial.py took 0.047 seconds
[2023-12-09T14:13:52.506+0000] {processor.py:157} INFO - Started process (PID=2804) to work on /home/airflow/.local/lib/python3.8/site-packages/airflow/example_dags/tutorial.py
[2023-12-09T14:13:52.506+0000] {processor.py:829} INFO - Processing file /home/airflow/.local/lib/python3.8/site-packages/airflow/example_dags/tutorial.py for tasks to queue
[2023-12-09T14:13:52.507+0000] {logging_mixin.py:154} INFO - [2023-12-09T14:13:52.507+0000] {dagbag.py:536} INFO - Filling up the DagBag from /home/airflow/.local/lib/python3.8/site-packages/airflow/example_dags/tutorial.py
[2023-12-09T14:13:52.512+0000] {processor.py:839} INFO - DAG(s) dict_keys(['tutorial']) retrieved from /home/airflow/.local/lib/python3.8/site-packages/airflow/example_dags/tutorial.py
[2023-12-09T14:13:52.523+0000] {logging_mixin.py:154} INFO - [2023-12-09T14:13:52.523+0000] {dag.py:2941} INFO - Sync 1 DAGs
[2023-12-09T14:13:52.534+0000] {logging_mixin.py:154} INFO - [2023-12-09T14:13:52.534+0000] {dag.py:3722} INFO - Setting next_dagrun for tutorial to 2023-12-08T14:13:52.534279+00:00, run_after=2023-12-09T14:13:52.534279+00:00
[2023-12-09T14:13:52.543+0000] {processor.py:179} INFO - Processing /home/airflow/.local/lib/python3.8/site-packages/airflow/example_dags/tutorial.py took 0.040 seconds
[2023-12-09T14:14:23.240+0000] {processor.py:157} INFO - Started process (PID=3044) to work on /home/airflow/.local/lib/python3.8/site-packages/airflow/example_dags/tutorial.py
[2023-12-09T14:14:23.241+0000] {processor.py:829} INFO - Processing file /home/airflow/.local/lib/python3.8/site-packages/airflow/example_dags/tutorial.py for tasks to queue
[2023-12-09T14:14:23.242+0000] {logging_mixin.py:154} INFO - [2023-12-09T14:14:23.241+0000] {dagbag.py:536} INFO - Filling up the DagBag from /home/airflow/.local/lib/python3.8/site-packages/airflow/example_dags/tutorial.py
[2023-12-09T14:14:23.246+0000] {processor.py:839} INFO - DAG(s) dict_keys(['tutorial']) retrieved from /home/airflow/.local/lib/python3.8/site-packages/airflow/example_dags/tutorial.py
[2023-12-09T14:14:23.258+0000] {logging_mixin.py:154} INFO - [2023-12-09T14:14:23.257+0000] {dag.py:2941} INFO - Sync 1 DAGs
[2023-12-09T14:14:23.268+0000] {logging_mixin.py:154} INFO - [2023-12-09T14:14:23.268+0000] {dag.py:3722} INFO - Setting next_dagrun for tutorial to 2023-12-08T14:14:23.268440+00:00, run_after=2023-12-09T14:14:23.268440+00:00
[2023-12-09T14:14:23.277+0000] {processor.py:179} INFO - Processing /home/airflow/.local/lib/python3.8/site-packages/airflow/example_dags/tutorial.py took 0.039 seconds
[2023-12-09T14:14:54.023+0000] {processor.py:157} INFO - Started process (PID=3280) to work on /home/airflow/.local/lib/python3.8/site-packages/airflow/example_dags/tutorial.py
[2023-12-09T14:14:54.024+0000] {processor.py:829} INFO - Processing file /home/airflow/.local/lib/python3.8/site-packages/airflow/example_dags/tutorial.py for tasks to queue
[2023-12-09T14:14:54.024+0000] {logging_mixin.py:154} INFO - [2023-12-09T14:14:54.024+0000] {dagbag.py:536} INFO - Filling up the DagBag from /home/airflow/.local/lib/python3.8/site-packages/airflow/example_dags/tutorial.py
[2023-12-09T14:14:54.029+0000] {processor.py:839} INFO - DAG(s) dict_keys(['tutorial']) retrieved from /home/airflow/.local/lib/python3.8/site-packages/airflow/example_dags/tutorial.py
[2023-12-09T14:14:54.041+0000] {logging_mixin.py:154} INFO - [2023-12-09T14:14:54.040+0000] {dag.py:2941} INFO - Sync 1 DAGs
[2023-12-09T14:14:54.052+0000] {logging_mixin.py:154} INFO - [2023-12-09T14:14:54.052+0000] {dag.py:3722} INFO - Setting next_dagrun for tutorial to 2023-12-08T14:14:54.052032+00:00, run_after=2023-12-09T14:14:54.052032+00:00
[2023-12-09T14:14:54.061+0000] {processor.py:179} INFO - Processing /home/airflow/.local/lib/python3.8/site-packages/airflow/example_dags/tutorial.py took 0.040 seconds
[2023-12-09T14:15:24.749+0000] {processor.py:157} INFO - Started process (PID=3520) to work on /home/airflow/.local/lib/python3.8/site-packages/airflow/example_dags/tutorial.py
[2023-12-09T14:15:24.749+0000] {processor.py:829} INFO - Processing file /home/airflow/.local/lib/python3.8/site-packages/airflow/example_dags/tutorial.py for tasks to queue
[2023-12-09T14:15:24.750+0000] {logging_mixin.py:154} INFO - [2023-12-09T14:15:24.750+0000] {dagbag.py:536} INFO - Filling up the DagBag from /home/airflow/.local/lib/python3.8/site-packages/airflow/example_dags/tutorial.py
[2023-12-09T14:15:24.754+0000] {processor.py:839} INFO - DAG(s) dict_keys(['tutorial']) retrieved from /home/airflow/.local/lib/python3.8/site-packages/airflow/example_dags/tutorial.py
[2023-12-09T14:15:24.766+0000] {logging_mixin.py:154} INFO - [2023-12-09T14:15:24.766+0000] {dag.py:2941} INFO - Sync 1 DAGs
[2023-12-09T14:15:24.778+0000] {logging_mixin.py:154} INFO - [2023-12-09T14:15:24.777+0000] {dag.py:3722} INFO - Setting next_dagrun for tutorial to 2023-12-08T14:15:24.777773+00:00, run_after=2023-12-09T14:15:24.777773+00:00
[2023-12-09T14:15:24.786+0000] {processor.py:179} INFO - Processing /home/airflow/.local/lib/python3.8/site-packages/airflow/example_dags/tutorial.py took 0.040 seconds
[2023-12-09T14:15:55.451+0000] {processor.py:157} INFO - Started process (PID=3758) to work on /home/airflow/.local/lib/python3.8/site-packages/airflow/example_dags/tutorial.py
[2023-12-09T14:15:55.452+0000] {processor.py:829} INFO - Processing file /home/airflow/.local/lib/python3.8/site-packages/airflow/example_dags/tutorial.py for tasks to queue
[2023-12-09T14:15:55.484+0000] {logging_mixin.py:154} INFO - [2023-12-09T14:15:55.458+0000] {dagbag.py:536} INFO - Filling up the DagBag from /home/airflow/.local/lib/python3.8/site-packages/airflow/example_dags/tutorial.py
[2023-12-09T14:15:55.526+0000] {processor.py:839} INFO - DAG(s) dict_keys(['tutorial']) retrieved from /home/airflow/.local/lib/python3.8/site-packages/airflow/example_dags/tutorial.py
[2023-12-09T14:15:55.567+0000] {logging_mixin.py:154} INFO - [2023-12-09T14:15:55.567+0000] {dag.py:2941} INFO - Sync 1 DAGs
[2023-12-09T14:15:55.583+0000] {logging_mixin.py:154} INFO - [2023-12-09T14:15:55.583+0000] {dag.py:3722} INFO - Setting next_dagrun for tutorial to 2023-12-08T14:15:55.583268+00:00, run_after=2023-12-09T14:15:55.583268+00:00
[2023-12-09T14:15:55.596+0000] {processor.py:179} INFO - Processing /home/airflow/.local/lib/python3.8/site-packages/airflow/example_dags/tutorial.py took 0.148 seconds
[2023-12-09T14:16:25.660+0000] {processor.py:157} INFO - Started process (PID=3996) to work on /home/airflow/.local/lib/python3.8/site-packages/airflow/example_dags/tutorial.py
[2023-12-09T14:16:25.661+0000] {processor.py:829} INFO - Processing file /home/airflow/.local/lib/python3.8/site-packages/airflow/example_dags/tutorial.py for tasks to queue
[2023-12-09T14:16:25.662+0000] {logging_mixin.py:154} INFO - [2023-12-09T14:16:25.662+0000] {dagbag.py:536} INFO - Filling up the DagBag from /home/airflow/.local/lib/python3.8/site-packages/airflow/example_dags/tutorial.py
[2023-12-09T14:16:25.667+0000] {processor.py:839} INFO - DAG(s) dict_keys(['tutorial']) retrieved from /home/airflow/.local/lib/python3.8/site-packages/airflow/example_dags/tutorial.py
[2023-12-09T14:16:25.680+0000] {logging_mixin.py:154} INFO - [2023-12-09T14:16:25.679+0000] {dag.py:2941} INFO - Sync 1 DAGs
[2023-12-09T14:16:25.691+0000] {logging_mixin.py:154} INFO - [2023-12-09T14:16:25.691+0000] {dag.py:3722} INFO - Setting next_dagrun for tutorial to 2023-12-08T14:16:25.690876+00:00, run_after=2023-12-09T14:16:25.690876+00:00
[2023-12-09T14:16:25.699+0000] {processor.py:179} INFO - Processing /home/airflow/.local/lib/python3.8/site-packages/airflow/example_dags/tutorial.py took 0.040 seconds
[2023-12-09T14:16:56.318+0000] {processor.py:157} INFO - Started process (PID=4233) to work on /home/airflow/.local/lib/python3.8/site-packages/airflow/example_dags/tutorial.py
[2023-12-09T14:16:56.318+0000] {processor.py:829} INFO - Processing file /home/airflow/.local/lib/python3.8/site-packages/airflow/example_dags/tutorial.py for tasks to queue
[2023-12-09T14:16:56.319+0000] {logging_mixin.py:154} INFO - [2023-12-09T14:16:56.319+0000] {dagbag.py:536} INFO - Filling up the DagBag from /home/airflow/.local/lib/python3.8/site-packages/airflow/example_dags/tutorial.py
[2023-12-09T14:16:56.324+0000] {processor.py:839} INFO - DAG(s) dict_keys(['tutorial']) retrieved from /home/airflow/.local/lib/python3.8/site-packages/airflow/example_dags/tutorial.py
[2023-12-09T14:16:56.335+0000] {logging_mixin.py:154} INFO - [2023-12-09T14:16:56.335+0000] {dag.py:2941} INFO - Sync 1 DAGs
[2023-12-09T14:16:56.347+0000] {logging_mixin.py:154} INFO - [2023-12-09T14:16:56.346+0000] {dag.py:3722} INFO - Setting next_dagrun for tutorial to 2023-12-08T14:16:56.346721+00:00, run_after=2023-12-09T14:16:56.346721+00:00
[2023-12-09T14:16:56.356+0000] {processor.py:179} INFO - Processing /home/airflow/.local/lib/python3.8/site-packages/airflow/example_dags/tutorial.py took 0.040 seconds
[2023-12-09T14:17:26.982+0000] {processor.py:157} INFO - Started process (PID=4470) to work on /home/airflow/.local/lib/python3.8/site-packages/airflow/example_dags/tutorial.py
[2023-12-09T14:17:26.982+0000] {processor.py:829} INFO - Processing file /home/airflow/.local/lib/python3.8/site-packages/airflow/example_dags/tutorial.py for tasks to queue
[2023-12-09T14:17:26.983+0000] {logging_mixin.py:154} INFO - [2023-12-09T14:17:26.983+0000] {dagbag.py:536} INFO - Filling up the DagBag from /home/airflow/.local/lib/python3.8/site-packages/airflow/example_dags/tutorial.py
[2023-12-09T14:17:26.988+0000] {processor.py:839} INFO - DAG(s) dict_keys(['tutorial']) retrieved from /home/airflow/.local/lib/python3.8/site-packages/airflow/example_dags/tutorial.py
[2023-12-09T14:17:27.000+0000] {logging_mixin.py:154} INFO - [2023-12-09T14:17:27.000+0000] {dag.py:2941} INFO - Sync 1 DAGs
[2023-12-09T14:17:27.011+0000] {logging_mixin.py:154} INFO - [2023-12-09T14:17:27.011+0000] {dag.py:3722} INFO - Setting next_dagrun for tutorial to 2023-12-08T14:17:27.011124+00:00, run_after=2023-12-09T14:17:27.011124+00:00
[2023-12-09T14:17:27.020+0000] {processor.py:179} INFO - Processing /home/airflow/.local/lib/python3.8/site-packages/airflow/example_dags/tutorial.py took 0.040 seconds
[2023-12-09T14:17:57.757+0000] {processor.py:157} INFO - Started process (PID=4708) to work on /home/airflow/.local/lib/python3.8/site-packages/airflow/example_dags/tutorial.py
[2023-12-09T14:17:57.758+0000] {processor.py:829} INFO - Processing file /home/airflow/.local/lib/python3.8/site-packages/airflow/example_dags/tutorial.py for tasks to queue
[2023-12-09T14:17:57.759+0000] {logging_mixin.py:154} INFO - [2023-12-09T14:17:57.759+0000] {dagbag.py:536} INFO - Filling up the DagBag from /home/airflow/.local/lib/python3.8/site-packages/airflow/example_dags/tutorial.py
[2023-12-09T14:17:57.764+0000] {processor.py:839} INFO - DAG(s) dict_keys(['tutorial']) retrieved from /home/airflow/.local/lib/python3.8/site-packages/airflow/example_dags/tutorial.py
[2023-12-09T14:17:57.775+0000] {logging_mixin.py:154} INFO - [2023-12-09T14:17:57.775+0000] {dag.py:2941} INFO - Sync 1 DAGs
[2023-12-09T14:17:57.786+0000] {logging_mixin.py:154} INFO - [2023-12-09T14:17:57.785+0000] {dag.py:3722} INFO - Setting next_dagrun for tutorial to 2023-12-08T14:17:57.785839+00:00, run_after=2023-12-09T14:17:57.785839+00:00
[2023-12-09T14:17:57.795+0000] {processor.py:179} INFO - Processing /home/airflow/.local/lib/python3.8/site-packages/airflow/example_dags/tutorial.py took 0.040 seconds
[2023-12-09T14:18:28.601+0000] {processor.py:157} INFO - Started process (PID=4946) to work on /home/airflow/.local/lib/python3.8/site-packages/airflow/example_dags/tutorial.py
[2023-12-09T14:18:28.602+0000] {processor.py:829} INFO - Processing file /home/airflow/.local/lib/python3.8/site-packages/airflow/example_dags/tutorial.py for tasks to queue
[2023-12-09T14:18:28.602+0000] {logging_mixin.py:154} INFO - [2023-12-09T14:18:28.602+0000] {dagbag.py:536} INFO - Filling up the DagBag from /home/airflow/.local/lib/python3.8/site-packages/airflow/example_dags/tutorial.py
[2023-12-09T14:18:28.607+0000] {processor.py:839} INFO - DAG(s) dict_keys(['tutorial']) retrieved from /home/airflow/.local/lib/python3.8/site-packages/airflow/example_dags/tutorial.py
[2023-12-09T14:18:28.618+0000] {logging_mixin.py:154} INFO - [2023-12-09T14:18:28.618+0000] {dag.py:2941} INFO - Sync 1 DAGs
[2023-12-09T14:18:28.629+0000] {logging_mixin.py:154} INFO - [2023-12-09T14:18:28.629+0000] {dag.py:3722} INFO - Setting next_dagrun for tutorial to 2023-12-08T14:18:28.629017+00:00, run_after=2023-12-09T14:18:28.629017+00:00
[2023-12-09T14:18:28.637+0000] {processor.py:179} INFO - Processing /home/airflow/.local/lib/python3.8/site-packages/airflow/example_dags/tutorial.py took 0.038 seconds
[2023-12-09T14:18:59.280+0000] {processor.py:157} INFO - Started process (PID=5184) to work on /home/airflow/.local/lib/python3.8/site-packages/airflow/example_dags/tutorial.py
[2023-12-09T14:18:59.281+0000] {processor.py:829} INFO - Processing file /home/airflow/.local/lib/python3.8/site-packages/airflow/example_dags/tutorial.py for tasks to queue
[2023-12-09T14:18:59.282+0000] {logging_mixin.py:154} INFO - [2023-12-09T14:18:59.282+0000] {dagbag.py:536} INFO - Filling up the DagBag from /home/airflow/.local/lib/python3.8/site-packages/airflow/example_dags/tutorial.py
[2023-12-09T14:18:59.286+0000] {processor.py:839} INFO - DAG(s) dict_keys(['tutorial']) retrieved from /home/airflow/.local/lib/python3.8/site-packages/airflow/example_dags/tutorial.py
[2023-12-09T14:18:59.298+0000] {logging_mixin.py:154} INFO - [2023-12-09T14:18:59.298+0000] {dag.py:2941} INFO - Sync 1 DAGs
[2023-12-09T14:18:59.309+0000] {logging_mixin.py:154} INFO - [2023-12-09T14:18:59.309+0000] {dag.py:3722} INFO - Setting next_dagrun for tutorial to 2023-12-08T14:18:59.309097+00:00, run_after=2023-12-09T14:18:59.309097+00:00
[2023-12-09T14:18:59.318+0000] {processor.py:179} INFO - Processing /home/airflow/.local/lib/python3.8/site-packages/airflow/example_dags/tutorial.py took 0.040 seconds
