[2023-12-09T14:08:18.049+0000] {processor.py:157} INFO - Started process (PID=283) to work on /home/airflow/.local/lib/python3.8/site-packages/airflow/example_dags/tutorial_dag.py
[2023-12-09T14:08:18.050+0000] {processor.py:829} INFO - Processing file /home/airflow/.local/lib/python3.8/site-packages/airflow/example_dags/tutorial_dag.py for tasks to queue
[2023-12-09T14:08:18.051+0000] {logging_mixin.py:154} INFO - [2023-12-09T14:08:18.051+0000] {dagbag.py:536} INFO - Filling up the DagBag from /home/airflow/.local/lib/python3.8/site-packages/airflow/example_dags/tutorial_dag.py
[2023-12-09T14:08:18.056+0000] {processor.py:839} INFO - DAG(s) dict_keys(['tutorial_dag']) retrieved from /home/airflow/.local/lib/python3.8/site-packages/airflow/example_dags/tutorial_dag.py
[2023-12-09T14:08:18.064+0000] {logging_mixin.py:154} INFO - [2023-12-09T14:08:18.064+0000] {dag.py:2941} INFO - Sync 1 DAGs
[2023-12-09T14:08:18.074+0000] {logging_mixin.py:154} INFO - [2023-12-09T14:08:18.074+0000] {dag.py:3722} INFO - Setting next_dagrun for tutorial_dag to None, run_after=None
[2023-12-09T14:08:18.084+0000] {processor.py:179} INFO - Processing /home/airflow/.local/lib/python3.8/site-packages/airflow/example_dags/tutorial_dag.py took 0.038 seconds
[2023-12-09T14:08:48.492+0000] {processor.py:157} INFO - Started process (PID=519) to work on /home/airflow/.local/lib/python3.8/site-packages/airflow/example_dags/tutorial_dag.py
[2023-12-09T14:08:48.493+0000] {processor.py:829} INFO - Processing file /home/airflow/.local/lib/python3.8/site-packages/airflow/example_dags/tutorial_dag.py for tasks to queue
[2023-12-09T14:08:48.494+0000] {logging_mixin.py:154} INFO - [2023-12-09T14:08:48.493+0000] {dagbag.py:536} INFO - Filling up the DagBag from /home/airflow/.local/lib/python3.8/site-packages/airflow/example_dags/tutorial_dag.py
[2023-12-09T14:08:48.497+0000] {processor.py:839} INFO - DAG(s) dict_keys(['tutorial_dag']) retrieved from /home/airflow/.local/lib/python3.8/site-packages/airflow/example_dags/tutorial_dag.py
[2023-12-09T14:08:48.508+0000] {logging_mixin.py:154} INFO - [2023-12-09T14:08:48.508+0000] {dag.py:2941} INFO - Sync 1 DAGs
[2023-12-09T14:08:48.514+0000] {logging_mixin.py:154} INFO - [2023-12-09T14:08:48.514+0000] {dag.py:3722} INFO - Setting next_dagrun for tutorial_dag to None, run_after=None
[2023-12-09T14:08:48.523+0000] {processor.py:179} INFO - Processing /home/airflow/.local/lib/python3.8/site-packages/airflow/example_dags/tutorial_dag.py took 0.032 seconds
[2023-12-09T14:09:19.330+0000] {processor.py:157} INFO - Started process (PID=757) to work on /home/airflow/.local/lib/python3.8/site-packages/airflow/example_dags/tutorial_dag.py
[2023-12-09T14:09:19.331+0000] {processor.py:829} INFO - Processing file /home/airflow/.local/lib/python3.8/site-packages/airflow/example_dags/tutorial_dag.py for tasks to queue
[2023-12-09T14:09:19.332+0000] {logging_mixin.py:154} INFO - [2023-12-09T14:09:19.332+0000] {dagbag.py:536} INFO - Filling up the DagBag from /home/airflow/.local/lib/python3.8/site-packages/airflow/example_dags/tutorial_dag.py
[2023-12-09T14:09:19.335+0000] {processor.py:839} INFO - DAG(s) dict_keys(['tutorial_dag']) retrieved from /home/airflow/.local/lib/python3.8/site-packages/airflow/example_dags/tutorial_dag.py
[2023-12-09T14:09:19.348+0000] {logging_mixin.py:154} INFO - [2023-12-09T14:09:19.348+0000] {dag.py:2941} INFO - Sync 1 DAGs
[2023-12-09T14:09:19.356+0000] {logging_mixin.py:154} INFO - [2023-12-09T14:09:19.356+0000] {dag.py:3722} INFO - Setting next_dagrun for tutorial_dag to None, run_after=None
[2023-12-09T14:09:19.370+0000] {processor.py:179} INFO - Processing /home/airflow/.local/lib/python3.8/site-packages/airflow/example_dags/tutorial_dag.py took 0.042 seconds
[2023-12-09T14:09:49.483+0000] {processor.py:157} INFO - Started process (PID=995) to work on /home/airflow/.local/lib/python3.8/site-packages/airflow/example_dags/tutorial_dag.py
[2023-12-09T14:09:49.483+0000] {processor.py:829} INFO - Processing file /home/airflow/.local/lib/python3.8/site-packages/airflow/example_dags/tutorial_dag.py for tasks to queue
[2023-12-09T14:09:49.484+0000] {logging_mixin.py:154} INFO - [2023-12-09T14:09:49.484+0000] {dagbag.py:536} INFO - Filling up the DagBag from /home/airflow/.local/lib/python3.8/site-packages/airflow/example_dags/tutorial_dag.py
[2023-12-09T14:09:49.488+0000] {processor.py:839} INFO - DAG(s) dict_keys(['tutorial_dag']) retrieved from /home/airflow/.local/lib/python3.8/site-packages/airflow/example_dags/tutorial_dag.py
[2023-12-09T14:09:49.501+0000] {logging_mixin.py:154} INFO - [2023-12-09T14:09:49.501+0000] {dag.py:2941} INFO - Sync 1 DAGs
[2023-12-09T14:09:49.508+0000] {logging_mixin.py:154} INFO - [2023-12-09T14:09:49.508+0000] {dag.py:3722} INFO - Setting next_dagrun for tutorial_dag to None, run_after=None
[2023-12-09T14:09:49.518+0000] {processor.py:179} INFO - Processing /home/airflow/.local/lib/python3.8/site-packages/airflow/example_dags/tutorial_dag.py took 0.037 seconds
[2023-12-09T14:10:19.610+0000] {processor.py:157} INFO - Started process (PID=1233) to work on /home/airflow/.local/lib/python3.8/site-packages/airflow/example_dags/tutorial_dag.py
[2023-12-09T14:10:19.611+0000] {processor.py:829} INFO - Processing file /home/airflow/.local/lib/python3.8/site-packages/airflow/example_dags/tutorial_dag.py for tasks to queue
[2023-12-09T14:10:19.612+0000] {logging_mixin.py:154} INFO - [2023-12-09T14:10:19.611+0000] {dagbag.py:536} INFO - Filling up the DagBag from /home/airflow/.local/lib/python3.8/site-packages/airflow/example_dags/tutorial_dag.py
[2023-12-09T14:10:19.615+0000] {processor.py:839} INFO - DAG(s) dict_keys(['tutorial_dag']) retrieved from /home/airflow/.local/lib/python3.8/site-packages/airflow/example_dags/tutorial_dag.py
[2023-12-09T14:10:19.626+0000] {logging_mixin.py:154} INFO - [2023-12-09T14:10:19.626+0000] {dag.py:2941} INFO - Sync 1 DAGs
[2023-12-09T14:10:19.632+0000] {logging_mixin.py:154} INFO - [2023-12-09T14:10:19.632+0000] {dag.py:3722} INFO - Setting next_dagrun for tutorial_dag to None, run_after=None
[2023-12-09T14:10:19.643+0000] {processor.py:179} INFO - Processing /home/airflow/.local/lib/python3.8/site-packages/airflow/example_dags/tutorial_dag.py took 0.034 seconds
[2023-12-09T14:10:50.424+0000] {processor.py:157} INFO - Started process (PID=1471) to work on /home/airflow/.local/lib/python3.8/site-packages/airflow/example_dags/tutorial_dag.py
[2023-12-09T14:10:50.425+0000] {processor.py:829} INFO - Processing file /home/airflow/.local/lib/python3.8/site-packages/airflow/example_dags/tutorial_dag.py for tasks to queue
[2023-12-09T14:10:50.425+0000] {logging_mixin.py:154} INFO - [2023-12-09T14:10:50.425+0000] {dagbag.py:536} INFO - Filling up the DagBag from /home/airflow/.local/lib/python3.8/site-packages/airflow/example_dags/tutorial_dag.py
[2023-12-09T14:10:50.429+0000] {processor.py:839} INFO - DAG(s) dict_keys(['tutorial_dag']) retrieved from /home/airflow/.local/lib/python3.8/site-packages/airflow/example_dags/tutorial_dag.py
[2023-12-09T14:10:50.441+0000] {logging_mixin.py:154} INFO - [2023-12-09T14:10:50.441+0000] {dag.py:2941} INFO - Sync 1 DAGs
[2023-12-09T14:10:50.447+0000] {logging_mixin.py:154} INFO - [2023-12-09T14:10:50.447+0000] {dag.py:3722} INFO - Setting next_dagrun for tutorial_dag to None, run_after=None
[2023-12-09T14:10:50.456+0000] {processor.py:179} INFO - Processing /home/airflow/.local/lib/python3.8/site-packages/airflow/example_dags/tutorial_dag.py took 0.035 seconds
[2023-12-09T14:11:21.252+0000] {processor.py:157} INFO - Started process (PID=1709) to work on /home/airflow/.local/lib/python3.8/site-packages/airflow/example_dags/tutorial_dag.py
[2023-12-09T14:11:21.253+0000] {processor.py:829} INFO - Processing file /home/airflow/.local/lib/python3.8/site-packages/airflow/example_dags/tutorial_dag.py for tasks to queue
[2023-12-09T14:11:21.254+0000] {logging_mixin.py:154} INFO - [2023-12-09T14:11:21.254+0000] {dagbag.py:536} INFO - Filling up the DagBag from /home/airflow/.local/lib/python3.8/site-packages/airflow/example_dags/tutorial_dag.py
[2023-12-09T14:11:21.259+0000] {processor.py:839} INFO - DAG(s) dict_keys(['tutorial_dag']) retrieved from /home/airflow/.local/lib/python3.8/site-packages/airflow/example_dags/tutorial_dag.py
[2023-12-09T14:11:21.275+0000] {logging_mixin.py:154} INFO - [2023-12-09T14:11:21.275+0000] {dag.py:2941} INFO - Sync 1 DAGs
[2023-12-09T14:11:21.281+0000] {logging_mixin.py:154} INFO - [2023-12-09T14:11:21.281+0000] {dag.py:3722} INFO - Setting next_dagrun for tutorial_dag to None, run_after=None
[2023-12-09T14:11:21.292+0000] {processor.py:179} INFO - Processing /home/airflow/.local/lib/python3.8/site-packages/airflow/example_dags/tutorial_dag.py took 0.044 seconds
[2023-12-09T14:11:51.360+0000] {processor.py:157} INFO - Started process (PID=1942) to work on /home/airflow/.local/lib/python3.8/site-packages/airflow/example_dags/tutorial_dag.py
[2023-12-09T14:11:51.360+0000] {processor.py:829} INFO - Processing file /home/airflow/.local/lib/python3.8/site-packages/airflow/example_dags/tutorial_dag.py for tasks to queue
[2023-12-09T14:11:51.361+0000] {logging_mixin.py:154} INFO - [2023-12-09T14:11:51.361+0000] {dagbag.py:536} INFO - Filling up the DagBag from /home/airflow/.local/lib/python3.8/site-packages/airflow/example_dags/tutorial_dag.py
[2023-12-09T14:11:51.364+0000] {processor.py:839} INFO - DAG(s) dict_keys(['tutorial_dag']) retrieved from /home/airflow/.local/lib/python3.8/site-packages/airflow/example_dags/tutorial_dag.py
[2023-12-09T14:11:51.378+0000] {logging_mixin.py:154} INFO - [2023-12-09T14:11:51.377+0000] {dag.py:2941} INFO - Sync 1 DAGs
[2023-12-09T14:11:51.385+0000] {logging_mixin.py:154} INFO - [2023-12-09T14:11:51.385+0000] {dag.py:3722} INFO - Setting next_dagrun for tutorial_dag to None, run_after=None
[2023-12-09T14:11:51.395+0000] {processor.py:179} INFO - Processing /home/airflow/.local/lib/python3.8/site-packages/airflow/example_dags/tutorial_dag.py took 0.038 seconds
[2023-12-09T14:12:21.463+0000] {processor.py:157} INFO - Started process (PID=2180) to work on /home/airflow/.local/lib/python3.8/site-packages/airflow/example_dags/tutorial_dag.py
[2023-12-09T14:12:21.464+0000] {processor.py:829} INFO - Processing file /home/airflow/.local/lib/python3.8/site-packages/airflow/example_dags/tutorial_dag.py for tasks to queue
[2023-12-09T14:12:21.465+0000] {logging_mixin.py:154} INFO - [2023-12-09T14:12:21.464+0000] {dagbag.py:536} INFO - Filling up the DagBag from /home/airflow/.local/lib/python3.8/site-packages/airflow/example_dags/tutorial_dag.py
[2023-12-09T14:12:21.468+0000] {processor.py:839} INFO - DAG(s) dict_keys(['tutorial_dag']) retrieved from /home/airflow/.local/lib/python3.8/site-packages/airflow/example_dags/tutorial_dag.py
[2023-12-09T14:12:21.480+0000] {logging_mixin.py:154} INFO - [2023-12-09T14:12:21.479+0000] {dag.py:2941} INFO - Sync 1 DAGs
[2023-12-09T14:12:21.486+0000] {logging_mixin.py:154} INFO - [2023-12-09T14:12:21.486+0000] {dag.py:3722} INFO - Setting next_dagrun for tutorial_dag to None, run_after=None
[2023-12-09T14:12:21.495+0000] {processor.py:179} INFO - Processing /home/airflow/.local/lib/python3.8/site-packages/airflow/example_dags/tutorial_dag.py took 0.034 seconds
[2023-12-09T14:12:52.320+0000] {processor.py:157} INFO - Started process (PID=2423) to work on /home/airflow/.local/lib/python3.8/site-packages/airflow/example_dags/tutorial_dag.py
[2023-12-09T14:12:52.321+0000] {processor.py:829} INFO - Processing file /home/airflow/.local/lib/python3.8/site-packages/airflow/example_dags/tutorial_dag.py for tasks to queue
[2023-12-09T14:12:52.322+0000] {logging_mixin.py:154} INFO - [2023-12-09T14:12:52.321+0000] {dagbag.py:536} INFO - Filling up the DagBag from /home/airflow/.local/lib/python3.8/site-packages/airflow/example_dags/tutorial_dag.py
[2023-12-09T14:12:52.325+0000] {processor.py:839} INFO - DAG(s) dict_keys(['tutorial_dag']) retrieved from /home/airflow/.local/lib/python3.8/site-packages/airflow/example_dags/tutorial_dag.py
[2023-12-09T14:12:52.337+0000] {logging_mixin.py:154} INFO - [2023-12-09T14:12:52.337+0000] {dag.py:2941} INFO - Sync 1 DAGs
[2023-12-09T14:12:52.344+0000] {logging_mixin.py:154} INFO - [2023-12-09T14:12:52.344+0000] {dag.py:3722} INFO - Setting next_dagrun for tutorial_dag to None, run_after=None
[2023-12-09T14:12:52.354+0000] {processor.py:179} INFO - Processing /home/airflow/.local/lib/python3.8/site-packages/airflow/example_dags/tutorial_dag.py took 0.036 seconds
[2023-12-09T14:13:23.403+0000] {processor.py:157} INFO - Started process (PID=2661) to work on /home/airflow/.local/lib/python3.8/site-packages/airflow/example_dags/tutorial_dag.py
[2023-12-09T14:13:23.404+0000] {processor.py:829} INFO - Processing file /home/airflow/.local/lib/python3.8/site-packages/airflow/example_dags/tutorial_dag.py for tasks to queue
[2023-12-09T14:13:23.405+0000] {logging_mixin.py:154} INFO - [2023-12-09T14:13:23.404+0000] {dagbag.py:536} INFO - Filling up the DagBag from /home/airflow/.local/lib/python3.8/site-packages/airflow/example_dags/tutorial_dag.py
[2023-12-09T14:13:23.408+0000] {processor.py:839} INFO - DAG(s) dict_keys(['tutorial_dag']) retrieved from /home/airflow/.local/lib/python3.8/site-packages/airflow/example_dags/tutorial_dag.py
[2023-12-09T14:13:23.424+0000] {logging_mixin.py:154} INFO - [2023-12-09T14:13:23.423+0000] {dag.py:2941} INFO - Sync 1 DAGs
[2023-12-09T14:13:23.431+0000] {logging_mixin.py:154} INFO - [2023-12-09T14:13:23.431+0000] {dag.py:3722} INFO - Setting next_dagrun for tutorial_dag to None, run_after=None
[2023-12-09T14:13:23.441+0000] {processor.py:179} INFO - Processing /home/airflow/.local/lib/python3.8/site-packages/airflow/example_dags/tutorial_dag.py took 0.040 seconds
[2023-12-09T14:13:54.138+0000] {processor.py:157} INFO - Started process (PID=2899) to work on /home/airflow/.local/lib/python3.8/site-packages/airflow/example_dags/tutorial_dag.py
[2023-12-09T14:13:54.138+0000] {processor.py:829} INFO - Processing file /home/airflow/.local/lib/python3.8/site-packages/airflow/example_dags/tutorial_dag.py for tasks to queue
[2023-12-09T14:13:54.139+0000] {logging_mixin.py:154} INFO - [2023-12-09T14:13:54.139+0000] {dagbag.py:536} INFO - Filling up the DagBag from /home/airflow/.local/lib/python3.8/site-packages/airflow/example_dags/tutorial_dag.py
[2023-12-09T14:13:54.142+0000] {processor.py:839} INFO - DAG(s) dict_keys(['tutorial_dag']) retrieved from /home/airflow/.local/lib/python3.8/site-packages/airflow/example_dags/tutorial_dag.py
[2023-12-09T14:13:54.156+0000] {logging_mixin.py:154} INFO - [2023-12-09T14:13:54.155+0000] {dag.py:2941} INFO - Sync 1 DAGs
[2023-12-09T14:13:54.162+0000] {logging_mixin.py:154} INFO - [2023-12-09T14:13:54.162+0000] {dag.py:3722} INFO - Setting next_dagrun for tutorial_dag to None, run_after=None
[2023-12-09T14:13:54.172+0000] {processor.py:179} INFO - Processing /home/airflow/.local/lib/python3.8/site-packages/airflow/example_dags/tutorial_dag.py took 0.037 seconds
[2023-12-09T14:14:24.892+0000] {processor.py:157} INFO - Started process (PID=3139) to work on /home/airflow/.local/lib/python3.8/site-packages/airflow/example_dags/tutorial_dag.py
[2023-12-09T14:14:24.893+0000] {processor.py:829} INFO - Processing file /home/airflow/.local/lib/python3.8/site-packages/airflow/example_dags/tutorial_dag.py for tasks to queue
[2023-12-09T14:14:24.893+0000] {logging_mixin.py:154} INFO - [2023-12-09T14:14:24.893+0000] {dagbag.py:536} INFO - Filling up the DagBag from /home/airflow/.local/lib/python3.8/site-packages/airflow/example_dags/tutorial_dag.py
[2023-12-09T14:14:24.896+0000] {processor.py:839} INFO - DAG(s) dict_keys(['tutorial_dag']) retrieved from /home/airflow/.local/lib/python3.8/site-packages/airflow/example_dags/tutorial_dag.py
[2023-12-09T14:14:24.908+0000] {logging_mixin.py:154} INFO - [2023-12-09T14:14:24.908+0000] {dag.py:2941} INFO - Sync 1 DAGs
[2023-12-09T14:14:24.914+0000] {logging_mixin.py:154} INFO - [2023-12-09T14:14:24.914+0000] {dag.py:3722} INFO - Setting next_dagrun for tutorial_dag to None, run_after=None
[2023-12-09T14:14:24.922+0000] {processor.py:179} INFO - Processing /home/airflow/.local/lib/python3.8/site-packages/airflow/example_dags/tutorial_dag.py took 0.031 seconds
[2023-12-09T14:14:55.688+0000] {processor.py:157} INFO - Started process (PID=3377) to work on /home/airflow/.local/lib/python3.8/site-packages/airflow/example_dags/tutorial_dag.py
[2023-12-09T14:14:55.689+0000] {processor.py:829} INFO - Processing file /home/airflow/.local/lib/python3.8/site-packages/airflow/example_dags/tutorial_dag.py for tasks to queue
[2023-12-09T14:14:55.689+0000] {logging_mixin.py:154} INFO - [2023-12-09T14:14:55.689+0000] {dagbag.py:536} INFO - Filling up the DagBag from /home/airflow/.local/lib/python3.8/site-packages/airflow/example_dags/tutorial_dag.py
[2023-12-09T14:14:55.693+0000] {processor.py:839} INFO - DAG(s) dict_keys(['tutorial_dag']) retrieved from /home/airflow/.local/lib/python3.8/site-packages/airflow/example_dags/tutorial_dag.py
[2023-12-09T14:14:55.705+0000] {logging_mixin.py:154} INFO - [2023-12-09T14:14:55.705+0000] {dag.py:2941} INFO - Sync 1 DAGs
[2023-12-09T14:14:55.711+0000] {logging_mixin.py:154} INFO - [2023-12-09T14:14:55.711+0000] {dag.py:3722} INFO - Setting next_dagrun for tutorial_dag to None, run_after=None
[2023-12-09T14:14:55.718+0000] {processor.py:179} INFO - Processing /home/airflow/.local/lib/python3.8/site-packages/airflow/example_dags/tutorial_dag.py took 0.033 seconds
[2023-12-09T14:15:26.384+0000] {processor.py:157} INFO - Started process (PID=3613) to work on /home/airflow/.local/lib/python3.8/site-packages/airflow/example_dags/tutorial_dag.py
[2023-12-09T14:15:26.385+0000] {processor.py:829} INFO - Processing file /home/airflow/.local/lib/python3.8/site-packages/airflow/example_dags/tutorial_dag.py for tasks to queue
[2023-12-09T14:15:26.385+0000] {logging_mixin.py:154} INFO - [2023-12-09T14:15:26.385+0000] {dagbag.py:536} INFO - Filling up the DagBag from /home/airflow/.local/lib/python3.8/site-packages/airflow/example_dags/tutorial_dag.py
[2023-12-09T14:15:26.388+0000] {processor.py:839} INFO - DAG(s) dict_keys(['tutorial_dag']) retrieved from /home/airflow/.local/lib/python3.8/site-packages/airflow/example_dags/tutorial_dag.py
[2023-12-09T14:15:26.401+0000] {logging_mixin.py:154} INFO - [2023-12-09T14:15:26.401+0000] {dag.py:2941} INFO - Sync 1 DAGs
[2023-12-09T14:15:26.407+0000] {logging_mixin.py:154} INFO - [2023-12-09T14:15:26.407+0000] {dag.py:3722} INFO - Setting next_dagrun for tutorial_dag to None, run_after=None
[2023-12-09T14:15:26.417+0000] {processor.py:179} INFO - Processing /home/airflow/.local/lib/python3.8/site-packages/airflow/example_dags/tutorial_dag.py took 0.035 seconds
[2023-12-09T14:15:57.418+0000] {processor.py:157} INFO - Started process (PID=3851) to work on /home/airflow/.local/lib/python3.8/site-packages/airflow/example_dags/tutorial_dag.py
[2023-12-09T14:15:57.418+0000] {processor.py:829} INFO - Processing file /home/airflow/.local/lib/python3.8/site-packages/airflow/example_dags/tutorial_dag.py for tasks to queue
[2023-12-09T14:15:57.419+0000] {logging_mixin.py:154} INFO - [2023-12-09T14:15:57.419+0000] {dagbag.py:536} INFO - Filling up the DagBag from /home/airflow/.local/lib/python3.8/site-packages/airflow/example_dags/tutorial_dag.py
[2023-12-09T14:15:57.423+0000] {processor.py:839} INFO - DAG(s) dict_keys(['tutorial_dag']) retrieved from /home/airflow/.local/lib/python3.8/site-packages/airflow/example_dags/tutorial_dag.py
[2023-12-09T14:15:57.436+0000] {logging_mixin.py:154} INFO - [2023-12-09T14:15:57.435+0000] {dag.py:2941} INFO - Sync 1 DAGs
[2023-12-09T14:15:57.442+0000] {logging_mixin.py:154} INFO - [2023-12-09T14:15:57.442+0000] {dag.py:3722} INFO - Setting next_dagrun for tutorial_dag to None, run_after=None
[2023-12-09T14:15:57.451+0000] {processor.py:179} INFO - Processing /home/airflow/.local/lib/python3.8/site-packages/airflow/example_dags/tutorial_dag.py took 0.036 seconds
[2023-12-09T14:16:28.310+0000] {processor.py:157} INFO - Started process (PID=4089) to work on /home/airflow/.local/lib/python3.8/site-packages/airflow/example_dags/tutorial_dag.py
[2023-12-09T14:16:28.311+0000] {processor.py:829} INFO - Processing file /home/airflow/.local/lib/python3.8/site-packages/airflow/example_dags/tutorial_dag.py for tasks to queue
[2023-12-09T14:16:28.311+0000] {logging_mixin.py:154} INFO - [2023-12-09T14:16:28.311+0000] {dagbag.py:536} INFO - Filling up the DagBag from /home/airflow/.local/lib/python3.8/site-packages/airflow/example_dags/tutorial_dag.py
[2023-12-09T14:16:28.315+0000] {processor.py:839} INFO - DAG(s) dict_keys(['tutorial_dag']) retrieved from /home/airflow/.local/lib/python3.8/site-packages/airflow/example_dags/tutorial_dag.py
[2023-12-09T14:16:28.328+0000] {logging_mixin.py:154} INFO - [2023-12-09T14:16:28.328+0000] {dag.py:2941} INFO - Sync 1 DAGs
[2023-12-09T14:16:28.335+0000] {logging_mixin.py:154} INFO - [2023-12-09T14:16:28.335+0000] {dag.py:3722} INFO - Setting next_dagrun for tutorial_dag to None, run_after=None
[2023-12-09T14:16:28.345+0000] {processor.py:179} INFO - Processing /home/airflow/.local/lib/python3.8/site-packages/airflow/example_dags/tutorial_dag.py took 0.037 seconds
[2023-12-09T14:16:58.997+0000] {processor.py:157} INFO - Started process (PID=4329) to work on /home/airflow/.local/lib/python3.8/site-packages/airflow/example_dags/tutorial_dag.py
[2023-12-09T14:16:58.998+0000] {processor.py:829} INFO - Processing file /home/airflow/.local/lib/python3.8/site-packages/airflow/example_dags/tutorial_dag.py for tasks to queue
[2023-12-09T14:16:58.998+0000] {logging_mixin.py:154} INFO - [2023-12-09T14:16:58.998+0000] {dagbag.py:536} INFO - Filling up the DagBag from /home/airflow/.local/lib/python3.8/site-packages/airflow/example_dags/tutorial_dag.py
[2023-12-09T14:16:59.002+0000] {processor.py:839} INFO - DAG(s) dict_keys(['tutorial_dag']) retrieved from /home/airflow/.local/lib/python3.8/site-packages/airflow/example_dags/tutorial_dag.py
[2023-12-09T14:16:59.014+0000] {logging_mixin.py:154} INFO - [2023-12-09T14:16:59.013+0000] {dag.py:2941} INFO - Sync 1 DAGs
[2023-12-09T14:16:59.019+0000] {logging_mixin.py:154} INFO - [2023-12-09T14:16:59.019+0000] {dag.py:3722} INFO - Setting next_dagrun for tutorial_dag to None, run_after=None
[2023-12-09T14:16:59.028+0000] {processor.py:179} INFO - Processing /home/airflow/.local/lib/python3.8/site-packages/airflow/example_dags/tutorial_dag.py took 0.032 seconds
[2023-12-09T14:17:29.681+0000] {processor.py:157} INFO - Started process (PID=4567) to work on /home/airflow/.local/lib/python3.8/site-packages/airflow/example_dags/tutorial_dag.py
[2023-12-09T14:17:29.682+0000] {processor.py:829} INFO - Processing file /home/airflow/.local/lib/python3.8/site-packages/airflow/example_dags/tutorial_dag.py for tasks to queue
[2023-12-09T14:17:29.682+0000] {logging_mixin.py:154} INFO - [2023-12-09T14:17:29.682+0000] {dagbag.py:536} INFO - Filling up the DagBag from /home/airflow/.local/lib/python3.8/site-packages/airflow/example_dags/tutorial_dag.py
[2023-12-09T14:17:29.686+0000] {processor.py:839} INFO - DAG(s) dict_keys(['tutorial_dag']) retrieved from /home/airflow/.local/lib/python3.8/site-packages/airflow/example_dags/tutorial_dag.py
[2023-12-09T14:17:29.697+0000] {logging_mixin.py:154} INFO - [2023-12-09T14:17:29.697+0000] {dag.py:2941} INFO - Sync 1 DAGs
[2023-12-09T14:17:29.703+0000] {logging_mixin.py:154} INFO - [2023-12-09T14:17:29.703+0000] {dag.py:3722} INFO - Setting next_dagrun for tutorial_dag to None, run_after=None
[2023-12-09T14:17:29.711+0000] {processor.py:179} INFO - Processing /home/airflow/.local/lib/python3.8/site-packages/airflow/example_dags/tutorial_dag.py took 0.032 seconds
[2023-12-09T14:18:00.530+0000] {processor.py:157} INFO - Started process (PID=4803) to work on /home/airflow/.local/lib/python3.8/site-packages/airflow/example_dags/tutorial_dag.py
[2023-12-09T14:18:00.531+0000] {processor.py:829} INFO - Processing file /home/airflow/.local/lib/python3.8/site-packages/airflow/example_dags/tutorial_dag.py for tasks to queue
[2023-12-09T14:18:00.532+0000] {logging_mixin.py:154} INFO - [2023-12-09T14:18:00.531+0000] {dagbag.py:536} INFO - Filling up the DagBag from /home/airflow/.local/lib/python3.8/site-packages/airflow/example_dags/tutorial_dag.py
[2023-12-09T14:18:00.535+0000] {processor.py:839} INFO - DAG(s) dict_keys(['tutorial_dag']) retrieved from /home/airflow/.local/lib/python3.8/site-packages/airflow/example_dags/tutorial_dag.py
[2023-12-09T14:18:00.550+0000] {logging_mixin.py:154} INFO - [2023-12-09T14:18:00.550+0000] {dag.py:2941} INFO - Sync 1 DAGs
[2023-12-09T14:18:00.557+0000] {logging_mixin.py:154} INFO - [2023-12-09T14:18:00.557+0000] {dag.py:3722} INFO - Setting next_dagrun for tutorial_dag to None, run_after=None
[2023-12-09T14:18:00.567+0000] {processor.py:179} INFO - Processing /home/airflow/.local/lib/python3.8/site-packages/airflow/example_dags/tutorial_dag.py took 0.039 seconds
[2023-12-09T14:18:31.314+0000] {processor.py:157} INFO - Started process (PID=5041) to work on /home/airflow/.local/lib/python3.8/site-packages/airflow/example_dags/tutorial_dag.py
[2023-12-09T14:18:31.315+0000] {processor.py:829} INFO - Processing file /home/airflow/.local/lib/python3.8/site-packages/airflow/example_dags/tutorial_dag.py for tasks to queue
[2023-12-09T14:18:31.316+0000] {logging_mixin.py:154} INFO - [2023-12-09T14:18:31.315+0000] {dagbag.py:536} INFO - Filling up the DagBag from /home/airflow/.local/lib/python3.8/site-packages/airflow/example_dags/tutorial_dag.py
[2023-12-09T14:18:31.319+0000] {processor.py:839} INFO - DAG(s) dict_keys(['tutorial_dag']) retrieved from /home/airflow/.local/lib/python3.8/site-packages/airflow/example_dags/tutorial_dag.py
[2023-12-09T14:18:31.332+0000] {logging_mixin.py:154} INFO - [2023-12-09T14:18:31.332+0000] {dag.py:2941} INFO - Sync 1 DAGs
[2023-12-09T14:18:31.338+0000] {logging_mixin.py:154} INFO - [2023-12-09T14:18:31.338+0000] {dag.py:3722} INFO - Setting next_dagrun for tutorial_dag to None, run_after=None
[2023-12-09T14:18:31.347+0000] {processor.py:179} INFO - Processing /home/airflow/.local/lib/python3.8/site-packages/airflow/example_dags/tutorial_dag.py took 0.035 seconds
[2023-12-09T14:19:01.992+0000] {processor.py:157} INFO - Started process (PID=5279) to work on /home/airflow/.local/lib/python3.8/site-packages/airflow/example_dags/tutorial_dag.py
[2023-12-09T14:19:01.993+0000] {processor.py:829} INFO - Processing file /home/airflow/.local/lib/python3.8/site-packages/airflow/example_dags/tutorial_dag.py for tasks to queue
[2023-12-09T14:19:01.993+0000] {logging_mixin.py:154} INFO - [2023-12-09T14:19:01.993+0000] {dagbag.py:536} INFO - Filling up the DagBag from /home/airflow/.local/lib/python3.8/site-packages/airflow/example_dags/tutorial_dag.py
[2023-12-09T14:19:01.997+0000] {processor.py:839} INFO - DAG(s) dict_keys(['tutorial_dag']) retrieved from /home/airflow/.local/lib/python3.8/site-packages/airflow/example_dags/tutorial_dag.py
[2023-12-09T14:19:02.010+0000] {logging_mixin.py:154} INFO - [2023-12-09T14:19:02.010+0000] {dag.py:2941} INFO - Sync 1 DAGs
[2023-12-09T14:19:02.017+0000] {logging_mixin.py:154} INFO - [2023-12-09T14:19:02.017+0000] {dag.py:3722} INFO - Setting next_dagrun for tutorial_dag to None, run_after=None
[2023-12-09T14:19:02.026+0000] {processor.py:179} INFO - Processing /home/airflow/.local/lib/python3.8/site-packages/airflow/example_dags/tutorial_dag.py took 0.036 seconds
