[2023-12-12T00:00:35.764+0000] {taskinstance.py:1159} INFO - Dependencies all met for dep_context=non-requeueable deps ti=<TaskInstance: s3_hook_overview.upload_to_snowflake scheduled__2023-12-11T00:00:00+00:00 [queued]>
[2023-12-12T00:00:35.767+0000] {taskinstance.py:1159} INFO - Dependencies all met for dep_context=requeueable deps ti=<TaskInstance: s3_hook_overview.upload_to_snowflake scheduled__2023-12-11T00:00:00+00:00 [queued]>
[2023-12-12T00:00:35.768+0000] {taskinstance.py:1361} INFO - Starting attempt 1 of 2
[2023-12-12T00:00:35.774+0000] {taskinstance.py:1382} INFO - Executing <Task(PythonOperator): upload_to_snowflake> on 2023-12-11 00:00:00+00:00
[2023-12-12T00:00:35.777+0000] {standard_task_runner.py:57} INFO - Started process 4258 to run task
[2023-12-12T00:00:35.779+0000] {standard_task_runner.py:84} INFO - Running: ['***', 'tasks', 'run', 's3_hook_overview', 'upload_to_snowflake', 'scheduled__2023-12-11T00:00:00+00:00', '--job-id', '30', '--raw', '--subdir', 'DAGS_FOLDER/load_into_snowflake.py', '--cfg-path', '/tmp/tmpxdddw0nj']
[2023-12-12T00:00:35.781+0000] {standard_task_runner.py:85} INFO - Job 30: Subtask upload_to_snowflake
[2023-12-12T00:00:35.806+0000] {task_command.py:416} INFO - Running <TaskInstance: s3_hook_overview.upload_to_snowflake scheduled__2023-12-11T00:00:00+00:00 [running]> on host 7e4ff88a419b
[2023-12-12T00:00:35.840+0000] {taskinstance.py:1662} INFO - Exporting env vars: AIRFLOW_CTX_DAG_OWNER='***' AIRFLOW_CTX_DAG_ID='s3_hook_overview' AIRFLOW_CTX_TASK_ID='upload_to_snowflake' AIRFLOW_CTX_EXECUTION_DATE='2023-12-11T00:00:00+00:00' AIRFLOW_CTX_TRY_NUMBER='1' AIRFLOW_CTX_DAG_RUN_ID='scheduled__2023-12-11T00:00:00+00:00'
[2023-12-12T00:00:35.846+0000] {python.py:194} INFO - Done. Returned value was: None
[2023-12-12T00:00:35.851+0000] {taskinstance.py:1400} INFO - Marking task as SUCCESS. dag_id=s3_hook_overview, task_id=upload_to_snowflake, execution_date=20231211T000000, start_date=20231212T000035, end_date=20231212T000035
[2023-12-12T00:00:35.872+0000] {local_task_job_runner.py:228} INFO - Task exited with return code 0
[2023-12-12T00:00:35.882+0000] {taskinstance.py:2778} INFO - 0 downstream tasks scheduled from follow-on schedule check
[2023-12-12T06:35:38.369+0000] {taskinstance.py:1159} INFO - Dependencies all met for dep_context=non-requeueable deps ti=<TaskInstance: s3_hook_overview.upload_to_snowflake scheduled__2023-12-11T00:00:00+00:00 [queued]>
[2023-12-12T06:35:38.373+0000] {taskinstance.py:1159} INFO - Dependencies all met for dep_context=requeueable deps ti=<TaskInstance: s3_hook_overview.upload_to_snowflake scheduled__2023-12-11T00:00:00+00:00 [queued]>
[2023-12-12T06:35:38.374+0000] {taskinstance.py:1361} INFO - Starting attempt 1 of 2
[2023-12-12T06:35:38.379+0000] {taskinstance.py:1382} INFO - Executing <Task(PythonOperator): upload_to_snowflake> on 2023-12-11 00:00:00+00:00
[2023-12-12T06:35:38.384+0000] {standard_task_runner.py:57} INFO - Started process 199 to run task
[2023-12-12T06:35:38.387+0000] {standard_task_runner.py:84} INFO - Running: ['***', 'tasks', 'run', 's3_hook_overview', 'upload_to_snowflake', 'scheduled__2023-12-11T00:00:00+00:00', '--job-id', '15', '--raw', '--subdir', 'DAGS_FOLDER/load_into_snowflake.py', '--cfg-path', '/tmp/tmp4h91szm3']
[2023-12-12T06:35:38.389+0000] {standard_task_runner.py:85} INFO - Job 15: Subtask upload_to_snowflake
[2023-12-12T06:35:38.417+0000] {task_command.py:416} INFO - Running <TaskInstance: s3_hook_overview.upload_to_snowflake scheduled__2023-12-11T00:00:00+00:00 [running]> on host e1b4139dc6c9
[2023-12-12T06:35:38.455+0000] {taskinstance.py:1662} INFO - Exporting env vars: AIRFLOW_CTX_DAG_OWNER='***' AIRFLOW_CTX_DAG_ID='s3_hook_overview' AIRFLOW_CTX_TASK_ID='upload_to_snowflake' AIRFLOW_CTX_EXECUTION_DATE='2023-12-11T00:00:00+00:00' AIRFLOW_CTX_TRY_NUMBER='1' AIRFLOW_CTX_DAG_RUN_ID='scheduled__2023-12-11T00:00:00+00:00'
[2023-12-12T06:35:38.461+0000] {python.py:194} INFO - Done. Returned value was: None
[2023-12-12T06:35:38.467+0000] {taskinstance.py:1400} INFO - Marking task as SUCCESS. dag_id=s3_hook_overview, task_id=upload_to_snowflake, execution_date=20231211T000000, start_date=20231212T063538, end_date=20231212T063538
[2023-12-12T06:35:38.480+0000] {local_task_job_runner.py:228} INFO - Task exited with return code 0
[2023-12-12T06:35:38.491+0000] {taskinstance.py:2778} INFO - 0 downstream tasks scheduled from follow-on schedule check
