[2023-12-12T11:14:01.738+0000] {taskinstance.py:1159} INFO - Dependencies all met for dep_context=non-requeueable deps ti=<TaskInstance: pipeline.copy_into_snow_table manual__2023-12-12T11:13:54.130610+00:00 [queued]>
[2023-12-12T11:14:01.742+0000] {taskinstance.py:1159} INFO - Dependencies all met for dep_context=requeueable deps ti=<TaskInstance: pipeline.copy_into_snow_table manual__2023-12-12T11:13:54.130610+00:00 [queued]>
[2023-12-12T11:14:01.742+0000] {taskinstance.py:1361} INFO - Starting attempt 1 of 3
[2023-12-12T11:14:01.748+0000] {taskinstance.py:1382} INFO - Executing <Task(SnowflakeOperator): copy_into_snow_table> on 2023-12-12 11:13:54.130610+00:00
[2023-12-12T11:14:01.753+0000] {standard_task_runner.py:57} INFO - Started process 7407 to run task
[2023-12-12T11:14:01.755+0000] {standard_task_runner.py:84} INFO - Running: ['***', 'tasks', 'run', 'pipeline', 'copy_into_snow_table', 'manual__2023-12-12T11:13:54.130610+00:00', '--job-id', '55', '--raw', '--subdir', 'DAGS_FOLDER/s3_upload_dag.py', '--cfg-path', '/tmp/tmpvxmq74mq']
[2023-12-12T11:14:01.757+0000] {standard_task_runner.py:85} INFO - Job 55: Subtask copy_into_snow_table
[2023-12-12T11:14:01.782+0000] {task_command.py:416} INFO - Running <TaskInstance: pipeline.copy_into_snow_table manual__2023-12-12T11:13:54.130610+00:00 [running]> on host d50382fa2a13
[2023-12-12T11:14:01.825+0000] {taskinstance.py:1662} INFO - Exporting env vars: AIRFLOW_CTX_DAG_OWNER='sarthak' AIRFLOW_CTX_DAG_ID='pipeline' AIRFLOW_CTX_TASK_ID='copy_into_snow_table' AIRFLOW_CTX_EXECUTION_DATE='2023-12-12T11:13:54.130610+00:00' AIRFLOW_CTX_TRY_NUMBER='1' AIRFLOW_CTX_DAG_RUN_ID='manual__2023-12-12T11:13:54.130610+00:00'
[2023-12-12T11:14:01.826+0000] {sql.py:274} INFO - Executing: COPY INTO organizations (Index,Organization_Id,Name,Website,Country,Description,Founded,Industry,Number_of_employees)
FROM @my_s3_stage
FILE_FORMAT = (FORMAT_NAME = my_csv_format)
ON_ERROR=CONTINUE 
[2023-12-12T11:14:01.832+0000] {base.py:73} INFO - Using connection ID 'snowflake_default' for task execution.
[2023-12-12T11:14:01.837+0000] {base.py:73} INFO - Using connection ID 'snowflake_default' for task execution.
[2023-12-12T11:14:01.838+0000] {connection.py:334} INFO - Snowflake Connector for Python Version: 3.3.1, Python Version: 3.8.18, Platform: Linux-6.5.11-linuxkit-aarch64-with-glibc2.17
[2023-12-12T11:14:01.838+0000] {connection.py:1103} INFO - This connection is in OCSP Fail Open Mode. TLS Certificates would be checked for validity and revocation status. Any other Certificate Revocation related exceptions or OCSP Responder failures would be disregarded in favor of connectivity.
[2023-12-12T11:14:01.839+0000] {connection.py:1121} INFO - Setting use_openssl_only mode to False
[2023-12-12T11:14:02.477+0000] {cursor.py:833} INFO - query: [ALTER SESSION SET autocommit=False]
[2023-12-12T11:14:02.585+0000] {cursor.py:846} INFO - query execution done
[2023-12-12T11:14:02.586+0000] {cursor.py:988} INFO - Number of results in first chunk: 1
[2023-12-12T11:14:02.587+0000] {sql.py:418} INFO - Running statement: COPY INTO organizations (Index,Organization_Id,Name,Website,Country,Description,Founded,Industry,Number_of_employees)
FROM @my_s3_stage
FILE_FORMAT = (FORMAT_NAME = my_csv_format)
ON_ERROR=CONTINUE, parameters: None
[2023-12-12T11:14:02.587+0000] {cursor.py:833} INFO - query: [COPY INTO organizations (Index,Organization_Id,Name,Website,Country,Description,...]
[2023-12-12T11:14:05.124+0000] {cursor.py:846} INFO - query execution done
[2023-12-12T11:14:05.125+0000] {cursor.py:988} INFO - Number of results in first chunk: 1
[2023-12-12T11:14:05.126+0000] {sql.py:427} INFO - Rows affected: 1
[2023-12-12T11:14:05.127+0000] {snowflake.py:400} INFO - Rows affected: 1
[2023-12-12T11:14:05.128+0000] {snowflake.py:401} INFO - Snowflake query id: 01b0f002-3200-f5e3-0000-00074442e149
[2023-12-12T11:14:05.130+0000] {cursor.py:833} INFO - query: [COMMIT]
[2023-12-12T11:14:05.289+0000] {cursor.py:846} INFO - query execution done
[2023-12-12T11:14:05.290+0000] {cursor.py:988} INFO - Number of results in first chunk: 1
[2023-12-12T11:14:05.290+0000] {connection.py:677} INFO - closed
[2023-12-12T11:14:05.355+0000] {connection.py:683} INFO - No async queries seem to be running, deleting session
[2023-12-12T11:14:05.462+0000] {taskinstance.py:1400} INFO - Marking task as SUCCESS. dag_id=pipeline, task_id=copy_into_snow_table, execution_date=20231212T111354, start_date=20231212T111401, end_date=20231212T111405
[2023-12-12T11:14:05.506+0000] {local_task_job_runner.py:228} INFO - Task exited with return code 0
[2023-12-12T11:14:05.519+0000] {taskinstance.py:2778} INFO - 1 downstream tasks scheduled from follow-on schedule check
