[2023-12-13T10:33:13.227+0000] {taskinstance.py:1159} INFO - Dependencies all met for dep_context=non-requeueable deps ti=<TaskInstance: pipeline.data_transformation manual__2023-12-13T10:32:56.866461+00:00 [queued]>
[2023-12-13T10:33:13.231+0000] {taskinstance.py:1159} INFO - Dependencies all met for dep_context=requeueable deps ti=<TaskInstance: pipeline.data_transformation manual__2023-12-13T10:32:56.866461+00:00 [queued]>
[2023-12-13T10:33:13.231+0000] {taskinstance.py:1361} INFO - Starting attempt 1 of 3
[2023-12-13T10:33:13.237+0000] {taskinstance.py:1382} INFO - Executing <Task(SnowflakeOperator): data_transformation> on 2023-12-13 10:32:56.866461+00:00
[2023-12-13T10:33:13.240+0000] {standard_task_runner.py:57} INFO - Started process 1351 to run task
[2023-12-13T10:33:13.243+0000] {standard_task_runner.py:84} INFO - Running: ['***', 'tasks', 'run', 'pipeline', 'data_transformation', 'manual__2023-12-13T10:32:56.866461+00:00', '--job-id', '70', '--raw', '--subdir', 'DAGS_FOLDER/local_s3_snowflake.py', '--cfg-path', '/tmp/tmpznw4sxen']
[2023-12-13T10:33:13.244+0000] {standard_task_runner.py:85} INFO - Job 70: Subtask data_transformation
[2023-12-13T10:33:13.268+0000] {task_command.py:416} INFO - Running <TaskInstance: pipeline.data_transformation manual__2023-12-13T10:32:56.866461+00:00 [running]> on host 396cdce1f317
[2023-12-13T10:33:13.306+0000] {taskinstance.py:1662} INFO - Exporting env vars: AIRFLOW_CTX_DAG_OWNER='sarthak' AIRFLOW_CTX_DAG_ID='pipeline' AIRFLOW_CTX_TASK_ID='data_transformation' AIRFLOW_CTX_EXECUTION_DATE='2023-12-13T10:32:56.866461+00:00' AIRFLOW_CTX_TRY_NUMBER='1' AIRFLOW_CTX_DAG_RUN_ID='manual__2023-12-13T10:32:56.866461+00:00'
[2023-12-13T10:33:13.307+0000] {sql.py:274} INFO - Executing:  
CREATE OR REPLACE TABLE organizations_trans
  AS (SELECT Organization_Id,Name,Website,Country,Industry FROM organizations)
[2023-12-13T10:33:13.315+0000] {base.py:73} INFO - Using connection ID 'snowflake_default' for task execution.
[2023-12-13T10:33:13.321+0000] {base.py:73} INFO - Using connection ID 'snowflake_default' for task execution.
[2023-12-13T10:33:13.322+0000] {connection.py:334} INFO - Snowflake Connector for Python Version: 3.3.1, Python Version: 3.8.18, Platform: Linux-6.5.11-linuxkit-aarch64-with-glibc2.17
[2023-12-13T10:33:13.323+0000] {connection.py:1103} INFO - This connection is in OCSP Fail Open Mode. TLS Certificates would be checked for validity and revocation status. Any other Certificate Revocation related exceptions or OCSP Responder failures would be disregarded in favor of connectivity.
[2023-12-13T10:33:13.323+0000] {connection.py:1121} INFO - Setting use_openssl_only mode to False
[2023-12-13T10:33:14.184+0000] {cursor.py:833} INFO - query: [ALTER SESSION SET autocommit=False]
[2023-12-13T10:33:14.397+0000] {cursor.py:846} INFO - query execution done
[2023-12-13T10:33:14.398+0000] {cursor.py:988} INFO - Number of results in first chunk: 1
[2023-12-13T10:33:14.399+0000] {sql.py:418} INFO - Running statement: CREATE OR REPLACE TABLE organizations_trans
  AS (SELECT Organization_Id,Name,Website,Country,Industry FROM organizations), parameters: None
[2023-12-13T10:33:14.400+0000] {cursor.py:833} INFO - query: [CREATE OR REPLACE TABLE organizations_trans AS (SELECT Organization_Id,Name,Webs...]
[2023-12-13T10:33:15.286+0000] {cursor.py:846} INFO - query execution done
[2023-12-13T10:33:15.287+0000] {cursor.py:988} INFO - Number of results in first chunk: 1
[2023-12-13T10:33:15.288+0000] {sql.py:427} INFO - Rows affected: 1
[2023-12-13T10:33:15.289+0000] {snowflake.py:400} INFO - Rows affected: 1
[2023-12-13T10:33:15.289+0000] {snowflake.py:401} INFO - Snowflake query id: 01b0f579-3200-f61d-0007-444200011092
[2023-12-13T10:33:15.290+0000] {cursor.py:833} INFO - query: [COMMIT]
[2023-12-13T10:33:15.474+0000] {cursor.py:846} INFO - query execution done
[2023-12-13T10:33:15.476+0000] {cursor.py:988} INFO - Number of results in first chunk: 1
[2023-12-13T10:33:15.476+0000] {connection.py:677} INFO - closed
[2023-12-13T10:33:15.756+0000] {connection.py:683} INFO - No async queries seem to be running, deleting session
[2023-12-13T10:33:15.941+0000] {taskinstance.py:1400} INFO - Marking task as SUCCESS. dag_id=pipeline, task_id=data_transformation, execution_date=20231213T103256, start_date=20231213T103313, end_date=20231213T103315
[2023-12-13T10:33:16.003+0000] {local_task_job_runner.py:228} INFO - Task exited with return code 0
[2023-12-13T10:33:16.016+0000] {taskinstance.py:2778} INFO - 0 downstream tasks scheduled from follow-on schedule check
