[2023-12-14T11:50:35.689+0000] {taskinstance.py:1159} INFO - Dependencies all met for dep_context=non-requeueable deps ti=<TaskInstance: restapi-pipeline.copy_into_json_table_variant manual__2023-12-14T11:50:19.460445+00:00 [queued]>
[2023-12-14T11:50:35.695+0000] {taskinstance.py:1159} INFO - Dependencies all met for dep_context=requeueable deps ti=<TaskInstance: restapi-pipeline.copy_into_json_table_variant manual__2023-12-14T11:50:19.460445+00:00 [queued]>
[2023-12-14T11:50:35.695+0000] {taskinstance.py:1361} INFO - Starting attempt 1 of 3
[2023-12-14T11:50:35.702+0000] {taskinstance.py:1382} INFO - Executing <Task(SnowflakeOperator): copy_into_json_table_variant> on 2023-12-14 11:50:19.460445+00:00
[2023-12-14T11:50:35.706+0000] {standard_task_runner.py:57} INFO - Started process 7929 to run task
[2023-12-14T11:50:35.709+0000] {standard_task_runner.py:84} INFO - Running: ['***', 'tasks', 'run', 'restapi-pipeline', 'copy_into_json_table_variant', 'manual__2023-12-14T11:50:19.460445+00:00', '--job-id', '177', '--raw', '--subdir', 'DAGS_FOLDER/restapi.py', '--cfg-path', '/tmp/tmpukjlwf10']
[2023-12-14T11:50:35.711+0000] {standard_task_runner.py:85} INFO - Job 177: Subtask copy_into_json_table_variant
[2023-12-14T11:50:35.739+0000] {task_command.py:416} INFO - Running <TaskInstance: restapi-pipeline.copy_into_json_table_variant manual__2023-12-14T11:50:19.460445+00:00 [running]> on host b5f695589db2
[2023-12-14T11:50:35.781+0000] {taskinstance.py:1662} INFO - Exporting env vars: AIRFLOW_CTX_DAG_OWNER='sarthak' AIRFLOW_CTX_DAG_ID='restapi-pipeline' AIRFLOW_CTX_TASK_ID='copy_into_json_table_variant' AIRFLOW_CTX_EXECUTION_DATE='2023-12-14T11:50:19.460445+00:00' AIRFLOW_CTX_TRY_NUMBER='1' AIRFLOW_CTX_DAG_RUN_ID='manual__2023-12-14T11:50:19.460445+00:00'
[2023-12-14T11:50:35.782+0000] {sql.py:274} INFO - Executing: COPY INTO coin_price_json_variant
FROM @json_s3_stage
FILE_FORMAT = (FORMAT_NAME = my_json_format)
ON_ERROR=CONTINUE 
[2023-12-14T11:50:35.788+0000] {base.py:73} INFO - Using connection ID 'snowflake_default' for task execution.
[2023-12-14T11:50:35.797+0000] {base.py:73} INFO - Using connection ID 'snowflake_default' for task execution.
[2023-12-14T11:50:35.798+0000] {connection.py:334} INFO - Snowflake Connector for Python Version: 3.3.1, Python Version: 3.8.18, Platform: Linux-6.5.11-linuxkit-aarch64-with-glibc2.17
[2023-12-14T11:50:35.799+0000] {connection.py:1103} INFO - This connection is in OCSP Fail Open Mode. TLS Certificates would be checked for validity and revocation status. Any other Certificate Revocation related exceptions or OCSP Responder failures would be disregarded in favor of connectivity.
[2023-12-14T11:50:35.799+0000] {connection.py:1121} INFO - Setting use_openssl_only mode to False
[2023-12-14T11:50:36.341+0000] {cursor.py:833} INFO - query: [ALTER SESSION SET autocommit=False]
[2023-12-14T11:50:36.447+0000] {cursor.py:846} INFO - query execution done
[2023-12-14T11:50:36.448+0000] {cursor.py:988} INFO - Number of results in first chunk: 1
[2023-12-14T11:50:36.448+0000] {sql.py:418} INFO - Running statement: COPY INTO coin_price_json_variant
FROM @json_s3_stage
FILE_FORMAT = (FORMAT_NAME = my_json_format)
ON_ERROR=CONTINUE, parameters: None
[2023-12-14T11:50:36.449+0000] {cursor.py:833} INFO - query: [COPY INTO coin_price_json_variant FROM @json_s3_stage FILE_FORMAT = (FORMAT_NAME...]
[2023-12-14T11:50:39.682+0000] {cursor.py:846} INFO - query execution done
[2023-12-14T11:50:39.684+0000] {cursor.py:988} INFO - Number of results in first chunk: 1
[2023-12-14T11:50:39.685+0000] {sql.py:427} INFO - Rows affected: 1
[2023-12-14T11:50:39.686+0000] {snowflake.py:400} INFO - Rows affected: 1
[2023-12-14T11:50:39.687+0000] {snowflake.py:401} INFO - Snowflake query id: 01b0fb66-3200-f6a0-0007-44420001c1ee
[2023-12-14T11:50:39.687+0000] {cursor.py:833} INFO - query: [COMMIT]
[2023-12-14T11:50:39.967+0000] {cursor.py:846} INFO - query execution done
[2023-12-14T11:50:39.969+0000] {cursor.py:988} INFO - Number of results in first chunk: 1
[2023-12-14T11:50:39.970+0000] {connection.py:677} INFO - closed
[2023-12-14T11:50:40.044+0000] {connection.py:683} INFO - No async queries seem to be running, deleting session
[2023-12-14T11:50:40.169+0000] {taskinstance.py:1400} INFO - Marking task as SUCCESS. dag_id=restapi-pipeline, task_id=copy_into_json_table_variant, execution_date=20231214T115019, start_date=20231214T115035, end_date=20231214T115040
[2023-12-14T11:50:40.203+0000] {local_task_job_runner.py:228} INFO - Task exited with return code 0
[2023-12-14T11:50:40.219+0000] {taskinstance.py:2778} INFO - 1 downstream tasks scheduled from follow-on schedule check
