[2023-12-11T01:04:41.503+0000] {taskinstance.py:1159} INFO - Dependencies all met for dep_context=non-requeueable deps ti=<TaskInstance: s3_upload.upload_file scheduled__2023-12-10T00:00:00+00:00 [queued]>
[2023-12-11T01:04:41.506+0000] {taskinstance.py:1159} INFO - Dependencies all met for dep_context=requeueable deps ti=<TaskInstance: s3_upload.upload_file scheduled__2023-12-10T00:00:00+00:00 [queued]>
[2023-12-11T01:04:41.507+0000] {taskinstance.py:1361} INFO - Starting attempt 3 of 4
[2023-12-11T01:04:41.515+0000] {taskinstance.py:1382} INFO - Executing <Task(PythonOperator): upload_file> on 2023-12-10 00:00:00+00:00
[2023-12-11T01:04:41.520+0000] {standard_task_runner.py:57} INFO - Started process 1044 to run task
[2023-12-11T01:04:41.523+0000] {standard_task_runner.py:84} INFO - Running: ['***', 'tasks', 'run', 's3_upload', 'upload_file', 'scheduled__2023-12-10T00:00:00+00:00', '--job-id', '17', '--raw', '--subdir', 'DAGS_FOLDER/s3_upload_dag.py', '--cfg-path', '/tmp/tmptopxhu9q']
[2023-12-11T01:04:41.526+0000] {standard_task_runner.py:85} INFO - Job 17: Subtask upload_file
[2023-12-11T01:04:41.561+0000] {task_command.py:416} INFO - Running <TaskInstance: s3_upload.upload_file scheduled__2023-12-10T00:00:00+00:00 [running]> on host 524aa457b57f
[2023-12-11T01:04:41.603+0000] {taskinstance.py:1662} INFO - Exporting env vars: AIRFLOW_CTX_DAG_OWNER='sarthak' AIRFLOW_CTX_DAG_ID='s3_upload' AIRFLOW_CTX_TASK_ID='upload_file' AIRFLOW_CTX_EXECUTION_DATE='2023-12-10T00:00:00+00:00' AIRFLOW_CTX_TRY_NUMBER='3' AIRFLOW_CTX_DAG_RUN_ID='scheduled__2023-12-10T00:00:00+00:00'
[2023-12-11T01:04:41.806+0000] {taskinstance.py:1937} ERROR - Task failed with exception
Traceback (most recent call last):
  File "/home/airflow/.local/lib/python3.8/site-packages/airflow/operators/python.py", line 192, in execute
    return_value = self.execute_callable()
  File "/home/airflow/.local/lib/python3.8/site-packages/airflow/operators/python.py", line 209, in execute_callable
    return self.python_callable(*self.op_args, **self.op_kwargs)
  File "/opt/airflow/dags/s3_upload_dag.py", line 14, in upload_file
    client.upload_file('/Users/sarthakgarg/Downloads/organizations-500000.csv', 'my-bucket-sarthak-002', 'Organizations-file')
  File "/home/airflow/.local/lib/python3.8/site-packages/boto3/s3/inject.py", line 143, in upload_file
    return transfer.upload_file(
  File "/home/airflow/.local/lib/python3.8/site-packages/boto3/s3/transfer.py", line 292, in upload_file
    future.result()
  File "/home/airflow/.local/lib/python3.8/site-packages/s3transfer/futures.py", line 103, in result
    return self._coordinator.result()
  File "/home/airflow/.local/lib/python3.8/site-packages/s3transfer/futures.py", line 266, in result
    raise self._exception
  File "/home/airflow/.local/lib/python3.8/site-packages/s3transfer/tasks.py", line 269, in _main
    self._submit(transfer_future=transfer_future, **kwargs)
  File "/home/airflow/.local/lib/python3.8/site-packages/s3transfer/upload.py", line 591, in _submit
    upload_input_manager.provide_transfer_size(transfer_future)
  File "/home/airflow/.local/lib/python3.8/site-packages/s3transfer/upload.py", line 244, in provide_transfer_size
    self._osutil.get_file_size(transfer_future.meta.call_args.fileobj)
  File "/home/airflow/.local/lib/python3.8/site-packages/s3transfer/utils.py", line 247, in get_file_size
    return os.path.getsize(filename)
  File "/usr/local/lib/python3.8/genericpath.py", line 50, in getsize
    return os.stat(filename).st_size
FileNotFoundError: [Errno 2] No such file or directory: '/Users/sarthakgarg/Downloads/organizations-500000.csv'
[2023-12-11T01:04:41.812+0000] {taskinstance.py:1400} INFO - Marking task as UP_FOR_RETRY. dag_id=s3_upload, task_id=upload_file, execution_date=20231210T000000, start_date=20231211T010441, end_date=20231211T010441
[2023-12-11T01:04:41.817+0000] {standard_task_runner.py:104} ERROR - Failed to execute job 17 for task upload_file ([Errno 2] No such file or directory: '/Users/sarthakgarg/Downloads/organizations-500000.csv'; 1044)
[2023-12-11T01:04:41.861+0000] {local_task_job_runner.py:228} INFO - Task exited with return code 1
[2023-12-11T01:04:41.870+0000] {taskinstance.py:2778} INFO - 0 downstream tasks scheduled from follow-on schedule check
[2023-12-11T04:15:23.916+0000] {taskinstance.py:1159} INFO - Dependencies all met for dep_context=non-requeueable deps ti=<TaskInstance: s3_upload.upload_file scheduled__2023-12-10T00:00:00+00:00 [queued]>
[2023-12-11T04:15:23.921+0000] {taskinstance.py:1159} INFO - Dependencies all met for dep_context=requeueable deps ti=<TaskInstance: s3_upload.upload_file scheduled__2023-12-10T00:00:00+00:00 [queued]>
[2023-12-11T04:15:23.921+0000] {taskinstance.py:1361} INFO - Starting attempt 3 of 4
[2023-12-11T04:15:23.928+0000] {taskinstance.py:1382} INFO - Executing <Task(PythonOperator): upload_file> on 2023-12-10 00:00:00+00:00
[2023-12-11T04:15:23.931+0000] {standard_task_runner.py:57} INFO - Started process 226 to run task
[2023-12-11T04:15:23.934+0000] {standard_task_runner.py:84} INFO - Running: ['***', 'tasks', 'run', 's3_upload', 'upload_file', 'scheduled__2023-12-10T00:00:00+00:00', '--job-id', '7', '--raw', '--subdir', 'DAGS_FOLDER/s3_upload_dag.py', '--cfg-path', '/tmp/tmpc9ke_bqg']
[2023-12-11T04:15:23.936+0000] {standard_task_runner.py:85} INFO - Job 7: Subtask upload_file
[2023-12-11T04:15:23.964+0000] {task_command.py:416} INFO - Running <TaskInstance: s3_upload.upload_file scheduled__2023-12-10T00:00:00+00:00 [running]> on host 900665ffa878
[2023-12-11T04:15:24.015+0000] {taskinstance.py:1662} INFO - Exporting env vars: AIRFLOW_CTX_DAG_OWNER='sarthak' AIRFLOW_CTX_DAG_ID='s3_upload' AIRFLOW_CTX_TASK_ID='upload_file' AIRFLOW_CTX_EXECUTION_DATE='2023-12-10T00:00:00+00:00' AIRFLOW_CTX_TRY_NUMBER='3' AIRFLOW_CTX_DAG_RUN_ID='scheduled__2023-12-10T00:00:00+00:00'
[2023-12-11T04:15:24.199+0000] {taskinstance.py:1937} ERROR - Task failed with exception
Traceback (most recent call last):
  File "/home/airflow/.local/lib/python3.8/site-packages/airflow/operators/python.py", line 192, in execute
    return_value = self.execute_callable()
  File "/home/airflow/.local/lib/python3.8/site-packages/airflow/operators/python.py", line 209, in execute_callable
    return self.python_callable(*self.op_args, **self.op_kwargs)
  File "/opt/airflow/dags/s3_upload_dag.py", line 14, in upload_file
    client.upload_file('/opt/airflow/downloads/organizations-500000.csv', 'my-bucket-sarthak-002', 'Organizations-file')
  File "/home/airflow/.local/lib/python3.8/site-packages/boto3/s3/inject.py", line 143, in upload_file
    return transfer.upload_file(
  File "/home/airflow/.local/lib/python3.8/site-packages/boto3/s3/transfer.py", line 292, in upload_file
    future.result()
  File "/home/airflow/.local/lib/python3.8/site-packages/s3transfer/futures.py", line 103, in result
    return self._coordinator.result()
  File "/home/airflow/.local/lib/python3.8/site-packages/s3transfer/futures.py", line 266, in result
    raise self._exception
  File "/home/airflow/.local/lib/python3.8/site-packages/s3transfer/tasks.py", line 139, in __call__
    return self._execute_main(kwargs)
  File "/home/airflow/.local/lib/python3.8/site-packages/s3transfer/tasks.py", line 162, in _execute_main
    return_value = self._main(**kwargs)
  File "/home/airflow/.local/lib/python3.8/site-packages/s3transfer/tasks.py", line 348, in _main
    response = client.create_multipart_upload(
  File "/home/airflow/.local/lib/python3.8/site-packages/botocore/client.py", line 535, in _api_call
    return self._make_api_call(operation_name, kwargs)
  File "/home/airflow/.local/lib/python3.8/site-packages/botocore/client.py", line 963, in _make_api_call
    http, parsed_response = self._make_request(
  File "/home/airflow/.local/lib/python3.8/site-packages/botocore/client.py", line 986, in _make_request
    return self._endpoint.make_request(operation_model, request_dict)
  File "/home/airflow/.local/lib/python3.8/site-packages/botocore/endpoint.py", line 119, in make_request
    return self._send_request(request_dict, operation_model)
  File "/home/airflow/.local/lib/python3.8/site-packages/botocore/endpoint.py", line 198, in _send_request
    request = self.create_request(request_dict, operation_model)
  File "/home/airflow/.local/lib/python3.8/site-packages/botocore/endpoint.py", line 134, in create_request
    self._event_emitter.emit(
  File "/home/airflow/.local/lib/python3.8/site-packages/botocore/hooks.py", line 412, in emit
    return self._emitter.emit(aliased_event_name, **kwargs)
  File "/home/airflow/.local/lib/python3.8/site-packages/botocore/hooks.py", line 256, in emit
    return self._emit(event_name, kwargs)
  File "/home/airflow/.local/lib/python3.8/site-packages/botocore/hooks.py", line 239, in _emit
    response = handler(**kwargs)
  File "/home/airflow/.local/lib/python3.8/site-packages/botocore/signers.py", line 105, in handler
    return self.sign(operation_name, request)
  File "/home/airflow/.local/lib/python3.8/site-packages/botocore/signers.py", line 189, in sign
    auth.add_auth(request)
  File "/home/airflow/.local/lib/python3.8/site-packages/botocore/auth.py", line 418, in add_auth
    raise NoCredentialsError()
botocore.exceptions.NoCredentialsError: Unable to locate credentials
[2023-12-11T04:15:24.205+0000] {taskinstance.py:1400} INFO - Marking task as UP_FOR_RETRY. dag_id=s3_upload, task_id=upload_file, execution_date=20231210T000000, start_date=20231211T041523, end_date=20231211T041524
[2023-12-11T04:15:24.210+0000] {standard_task_runner.py:104} ERROR - Failed to execute job 7 for task upload_file (Unable to locate credentials; 226)
[2023-12-11T04:15:24.233+0000] {local_task_job_runner.py:228} INFO - Task exited with return code 1
[2023-12-11T04:15:24.245+0000] {taskinstance.py:2778} INFO - 0 downstream tasks scheduled from follow-on schedule check
[2023-12-11T08:45:16.503+0000] {taskinstance.py:1159} INFO - Dependencies all met for dep_context=non-requeueable deps ti=<TaskInstance: s3_upload.upload_file scheduled__2023-12-10T00:00:00+00:00 [queued]>
[2023-12-11T08:45:16.507+0000] {taskinstance.py:1159} INFO - Dependencies all met for dep_context=requeueable deps ti=<TaskInstance: s3_upload.upload_file scheduled__2023-12-10T00:00:00+00:00 [queued]>
[2023-12-11T08:45:16.508+0000] {taskinstance.py:1361} INFO - Starting attempt 3 of 4
[2023-12-11T08:45:16.514+0000] {taskinstance.py:1382} INFO - Executing <Task(PythonOperator): upload_file> on 2023-12-10 00:00:00+00:00
[2023-12-11T08:45:16.517+0000] {standard_task_runner.py:57} INFO - Started process 198 to run task
[2023-12-11T08:45:16.520+0000] {standard_task_runner.py:84} INFO - Running: ['***', 'tasks', 'run', 's3_upload', 'upload_file', 'scheduled__2023-12-10T00:00:00+00:00', '--job-id', '7', '--raw', '--subdir', 'DAGS_FOLDER/s3_upload_dag.py', '--cfg-path', '/tmp/tmpze_vxmgd']
[2023-12-11T08:45:16.522+0000] {standard_task_runner.py:85} INFO - Job 7: Subtask upload_file
[2023-12-11T08:45:16.550+0000] {task_command.py:416} INFO - Running <TaskInstance: s3_upload.upload_file scheduled__2023-12-10T00:00:00+00:00 [running]> on host d2ff3e8f0ec4
[2023-12-11T08:45:16.586+0000] {taskinstance.py:1662} INFO - Exporting env vars: AIRFLOW_CTX_DAG_OWNER='sarthak' AIRFLOW_CTX_DAG_ID='s3_upload' AIRFLOW_CTX_TASK_ID='upload_file' AIRFLOW_CTX_EXECUTION_DATE='2023-12-10T00:00:00+00:00' AIRFLOW_CTX_TRY_NUMBER='3' AIRFLOW_CTX_DAG_RUN_ID='scheduled__2023-12-10T00:00:00+00:00'
[2023-12-11T08:45:16.773+0000] {taskinstance.py:1937} ERROR - Task failed with exception
Traceback (most recent call last):
  File "/home/airflow/.local/lib/python3.8/site-packages/airflow/operators/python.py", line 192, in execute
    return_value = self.execute_callable()
  File "/home/airflow/.local/lib/python3.8/site-packages/airflow/operators/python.py", line 209, in execute_callable
    return self.python_callable(*self.op_args, **self.op_kwargs)
  File "/opt/airflow/dags/s3_upload_dag.py", line 14, in upload_file
    client.upload_file('~/files/organizations-500000.csv', 'my-bucket-sarthak-002', 'Organizations-file')
  File "/home/airflow/.local/lib/python3.8/site-packages/boto3/s3/inject.py", line 143, in upload_file
    return transfer.upload_file(
  File "/home/airflow/.local/lib/python3.8/site-packages/boto3/s3/transfer.py", line 292, in upload_file
    future.result()
  File "/home/airflow/.local/lib/python3.8/site-packages/s3transfer/futures.py", line 103, in result
    return self._coordinator.result()
  File "/home/airflow/.local/lib/python3.8/site-packages/s3transfer/futures.py", line 266, in result
    raise self._exception
  File "/home/airflow/.local/lib/python3.8/site-packages/s3transfer/tasks.py", line 269, in _main
    self._submit(transfer_future=transfer_future, **kwargs)
  File "/home/airflow/.local/lib/python3.8/site-packages/s3transfer/upload.py", line 591, in _submit
    upload_input_manager.provide_transfer_size(transfer_future)
  File "/home/airflow/.local/lib/python3.8/site-packages/s3transfer/upload.py", line 244, in provide_transfer_size
    self._osutil.get_file_size(transfer_future.meta.call_args.fileobj)
  File "/home/airflow/.local/lib/python3.8/site-packages/s3transfer/utils.py", line 247, in get_file_size
    return os.path.getsize(filename)
  File "/usr/local/lib/python3.8/genericpath.py", line 50, in getsize
    return os.stat(filename).st_size
FileNotFoundError: [Errno 2] No such file or directory: '~/files/organizations-500000.csv'
[2023-12-11T08:45:16.779+0000] {taskinstance.py:1400} INFO - Marking task as UP_FOR_RETRY. dag_id=s3_upload, task_id=upload_file, execution_date=20231210T000000, start_date=20231211T084516, end_date=20231211T084516
[2023-12-11T08:45:16.785+0000] {standard_task_runner.py:104} ERROR - Failed to execute job 7 for task upload_file ([Errno 2] No such file or directory: '~/files/organizations-500000.csv'; 198)
[2023-12-11T08:45:16.816+0000] {local_task_job_runner.py:228} INFO - Task exited with return code 1
[2023-12-11T08:45:16.826+0000] {taskinstance.py:2778} INFO - 0 downstream tasks scheduled from follow-on schedule check
[2023-12-11T09:34:22.668+0000] {taskinstance.py:1159} INFO - Dependencies all met for dep_context=non-requeueable deps ti=<TaskInstance: s3_upload.upload_file scheduled__2023-12-10T00:00:00+00:00 [queued]>
[2023-12-11T09:34:22.673+0000] {taskinstance.py:1159} INFO - Dependencies all met for dep_context=requeueable deps ti=<TaskInstance: s3_upload.upload_file scheduled__2023-12-10T00:00:00+00:00 [queued]>
[2023-12-11T09:34:22.674+0000] {taskinstance.py:1361} INFO - Starting attempt 3 of 4
[2023-12-11T09:34:22.682+0000] {taskinstance.py:1382} INFO - Executing <Task(PythonOperator): upload_file> on 2023-12-10 00:00:00+00:00
[2023-12-11T09:34:22.686+0000] {standard_task_runner.py:57} INFO - Started process 199 to run task
[2023-12-11T09:34:22.689+0000] {standard_task_runner.py:84} INFO - Running: ['***', 'tasks', 'run', 's3_upload', 'upload_file', 'scheduled__2023-12-10T00:00:00+00:00', '--job-id', '7', '--raw', '--subdir', 'DAGS_FOLDER/s3_upload_dag.py', '--cfg-path', '/tmp/tmp345mkdju']
[2023-12-11T09:34:22.691+0000] {standard_task_runner.py:85} INFO - Job 7: Subtask upload_file
[2023-12-11T09:34:22.717+0000] {task_command.py:416} INFO - Running <TaskInstance: s3_upload.upload_file scheduled__2023-12-10T00:00:00+00:00 [running]> on host 926eb853a40f
[2023-12-11T09:34:22.756+0000] {taskinstance.py:1662} INFO - Exporting env vars: AIRFLOW_CTX_DAG_OWNER='sarthak' AIRFLOW_CTX_DAG_ID='s3_upload' AIRFLOW_CTX_TASK_ID='upload_file' AIRFLOW_CTX_EXECUTION_DATE='2023-12-10T00:00:00+00:00' AIRFLOW_CTX_TRY_NUMBER='3' AIRFLOW_CTX_DAG_RUN_ID='scheduled__2023-12-10T00:00:00+00:00'
[2023-12-11T09:34:22.996+0000] {taskinstance.py:1937} ERROR - Task failed with exception
Traceback (most recent call last):
  File "/home/airflow/.local/lib/python3.8/site-packages/airflow/operators/python.py", line 192, in execute
    return_value = self.execute_callable()
  File "/home/airflow/.local/lib/python3.8/site-packages/airflow/operators/python.py", line 209, in execute_callable
    return self.python_callable(*self.op_args, **self.op_kwargs)
  File "/opt/airflow/dags/s3_upload_dag.py", line 14, in upload_file
    client.upload_file('opt/airflow/files/organizations_500000.csv', 'sarthak-aws-bucket-002', 'Organizations-file')
  File "/home/airflow/.local/lib/python3.8/site-packages/boto3/s3/inject.py", line 143, in upload_file
    return transfer.upload_file(
  File "/home/airflow/.local/lib/python3.8/site-packages/boto3/s3/transfer.py", line 292, in upload_file
    future.result()
  File "/home/airflow/.local/lib/python3.8/site-packages/s3transfer/futures.py", line 103, in result
    return self._coordinator.result()
  File "/home/airflow/.local/lib/python3.8/site-packages/s3transfer/futures.py", line 266, in result
    raise self._exception
  File "/home/airflow/.local/lib/python3.8/site-packages/s3transfer/tasks.py", line 269, in _main
    self._submit(transfer_future=transfer_future, **kwargs)
  File "/home/airflow/.local/lib/python3.8/site-packages/s3transfer/upload.py", line 591, in _submit
    upload_input_manager.provide_transfer_size(transfer_future)
  File "/home/airflow/.local/lib/python3.8/site-packages/s3transfer/upload.py", line 244, in provide_transfer_size
    self._osutil.get_file_size(transfer_future.meta.call_args.fileobj)
  File "/home/airflow/.local/lib/python3.8/site-packages/s3transfer/utils.py", line 247, in get_file_size
    return os.path.getsize(filename)
  File "/usr/local/lib/python3.8/genericpath.py", line 50, in getsize
    return os.stat(filename).st_size
FileNotFoundError: [Errno 2] No such file or directory: 'opt/airflow/files/organizations_500000.csv'
[2023-12-11T09:34:23.002+0000] {taskinstance.py:1400} INFO - Marking task as UP_FOR_RETRY. dag_id=s3_upload, task_id=upload_file, execution_date=20231210T000000, start_date=20231211T093422, end_date=20231211T093423
[2023-12-11T09:34:23.008+0000] {standard_task_runner.py:104} ERROR - Failed to execute job 7 for task upload_file ([Errno 2] No such file or directory: 'opt/airflow/files/organizations_500000.csv'; 199)
[2023-12-11T09:34:23.024+0000] {local_task_job_runner.py:228} INFO - Task exited with return code 1
[2023-12-11T09:34:23.036+0000] {taskinstance.py:2778} INFO - 0 downstream tasks scheduled from follow-on schedule check
[2023-12-11T09:38:22.045+0000] {taskinstance.py:1159} INFO - Dependencies all met for dep_context=non-requeueable deps ti=<TaskInstance: s3_upload.upload_file scheduled__2023-12-10T00:00:00+00:00 [queued]>
[2023-12-11T09:38:22.049+0000] {taskinstance.py:1159} INFO - Dependencies all met for dep_context=requeueable deps ti=<TaskInstance: s3_upload.upload_file scheduled__2023-12-10T00:00:00+00:00 [queued]>
[2023-12-11T09:38:22.049+0000] {taskinstance.py:1361} INFO - Starting attempt 3 of 4
[2023-12-11T09:38:22.057+0000] {taskinstance.py:1382} INFO - Executing <Task(PythonOperator): upload_file> on 2023-12-10 00:00:00+00:00
[2023-12-11T09:38:22.060+0000] {standard_task_runner.py:57} INFO - Started process 198 to run task
[2023-12-11T09:38:22.063+0000] {standard_task_runner.py:84} INFO - Running: ['***', 'tasks', 'run', 's3_upload', 'upload_file', 'scheduled__2023-12-10T00:00:00+00:00', '--job-id', '7', '--raw', '--subdir', 'DAGS_FOLDER/s3_upload_dag.py', '--cfg-path', '/tmp/tmp3etgldo7']
[2023-12-11T09:38:22.065+0000] {standard_task_runner.py:85} INFO - Job 7: Subtask upload_file
[2023-12-11T09:38:22.093+0000] {task_command.py:416} INFO - Running <TaskInstance: s3_upload.upload_file scheduled__2023-12-10T00:00:00+00:00 [running]> on host 9ddc40d2249c
[2023-12-11T09:38:22.132+0000] {taskinstance.py:1662} INFO - Exporting env vars: AIRFLOW_CTX_DAG_OWNER='sarthak' AIRFLOW_CTX_DAG_ID='s3_upload' AIRFLOW_CTX_TASK_ID='upload_file' AIRFLOW_CTX_EXECUTION_DATE='2023-12-10T00:00:00+00:00' AIRFLOW_CTX_TRY_NUMBER='3' AIRFLOW_CTX_DAG_RUN_ID='scheduled__2023-12-10T00:00:00+00:00'
[2023-12-11T09:38:22.318+0000] {taskinstance.py:1937} ERROR - Task failed with exception
Traceback (most recent call last):
  File "/home/airflow/.local/lib/python3.8/site-packages/airflow/operators/python.py", line 192, in execute
    return_value = self.execute_callable()
  File "/home/airflow/.local/lib/python3.8/site-packages/airflow/operators/python.py", line 209, in execute_callable
    return self.python_callable(*self.op_args, **self.op_kwargs)
  File "/opt/airflow/dags/s3_upload_dag.py", line 14, in upload_file
    client.upload_file('opt/airflow/files/organizations_500000.csv', 'sarthak-aws-bucket-002', 'Organizations-file')
  File "/home/airflow/.local/lib/python3.8/site-packages/boto3/s3/inject.py", line 143, in upload_file
    return transfer.upload_file(
  File "/home/airflow/.local/lib/python3.8/site-packages/boto3/s3/transfer.py", line 292, in upload_file
    future.result()
  File "/home/airflow/.local/lib/python3.8/site-packages/s3transfer/futures.py", line 103, in result
    return self._coordinator.result()
  File "/home/airflow/.local/lib/python3.8/site-packages/s3transfer/futures.py", line 266, in result
    raise self._exception
  File "/home/airflow/.local/lib/python3.8/site-packages/s3transfer/tasks.py", line 269, in _main
    self._submit(transfer_future=transfer_future, **kwargs)
  File "/home/airflow/.local/lib/python3.8/site-packages/s3transfer/upload.py", line 591, in _submit
    upload_input_manager.provide_transfer_size(transfer_future)
  File "/home/airflow/.local/lib/python3.8/site-packages/s3transfer/upload.py", line 244, in provide_transfer_size
    self._osutil.get_file_size(transfer_future.meta.call_args.fileobj)
  File "/home/airflow/.local/lib/python3.8/site-packages/s3transfer/utils.py", line 247, in get_file_size
    return os.path.getsize(filename)
  File "/usr/local/lib/python3.8/genericpath.py", line 50, in getsize
    return os.stat(filename).st_size
FileNotFoundError: [Errno 2] No such file or directory: 'opt/airflow/files/organizations_500000.csv'
[2023-12-11T09:38:22.327+0000] {taskinstance.py:1400} INFO - Marking task as UP_FOR_RETRY. dag_id=s3_upload, task_id=upload_file, execution_date=20231210T000000, start_date=20231211T093822, end_date=20231211T093822
[2023-12-11T09:38:22.333+0000] {standard_task_runner.py:104} ERROR - Failed to execute job 7 for task upload_file ([Errno 2] No such file or directory: 'opt/airflow/files/organizations_500000.csv'; 198)
[2023-12-11T09:38:22.362+0000] {local_task_job_runner.py:228} INFO - Task exited with return code 1
[2023-12-11T09:38:22.371+0000] {taskinstance.py:2778} INFO - 0 downstream tasks scheduled from follow-on schedule check
