[2023-12-11T00:47:23.314+0000] {taskinstance.py:1159} INFO - Dependencies all met for dep_context=non-requeueable deps ti=<TaskInstance: s3_upload.upload_file scheduled__2023-12-10T00:00:00+00:00 [queued]>
[2023-12-11T00:47:23.321+0000] {taskinstance.py:1159} INFO - Dependencies all met for dep_context=requeueable deps ti=<TaskInstance: s3_upload.upload_file scheduled__2023-12-10T00:00:00+00:00 [queued]>
[2023-12-11T00:47:23.321+0000] {taskinstance.py:1361} INFO - Starting attempt 2 of 4
[2023-12-11T00:47:23.339+0000] {taskinstance.py:1382} INFO - Executing <Task(PythonOperator): upload_file> on 2023-12-10 00:00:00+00:00
[2023-12-11T00:47:23.343+0000] {standard_task_runner.py:57} INFO - Started process 1036 to run task
[2023-12-11T00:47:23.347+0000] {standard_task_runner.py:84} INFO - Running: ['***', 'tasks', 'run', 's3_upload', 'upload_file', 'scheduled__2023-12-10T00:00:00+00:00', '--job-id', '16', '--raw', '--subdir', 'DAGS_FOLDER/s3_upload_dag.py', '--cfg-path', '/tmp/tmpd1y8qmbd']
[2023-12-11T00:47:23.350+0000] {standard_task_runner.py:85} INFO - Job 16: Subtask upload_file
[2023-12-11T00:47:23.386+0000] {task_command.py:416} INFO - Running <TaskInstance: s3_upload.upload_file scheduled__2023-12-10T00:00:00+00:00 [running]> on host 524aa457b57f
[2023-12-11T00:47:23.429+0000] {taskinstance.py:1662} INFO - Exporting env vars: AIRFLOW_CTX_DAG_OWNER='sarthak' AIRFLOW_CTX_DAG_ID='s3_upload' AIRFLOW_CTX_TASK_ID='upload_file' AIRFLOW_CTX_EXECUTION_DATE='2023-12-10T00:00:00+00:00' AIRFLOW_CTX_TRY_NUMBER='2' AIRFLOW_CTX_DAG_RUN_ID='scheduled__2023-12-10T00:00:00+00:00'
[2023-12-11T00:47:26.074+0000] {taskinstance.py:1937} ERROR - Task failed with exception
Traceback (most recent call last):
  File "/home/airflow/.local/lib/python3.8/site-packages/airflow/operators/python.py", line 192, in execute
    return_value = self.execute_callable()
  File "/home/airflow/.local/lib/python3.8/site-packages/airflow/operators/python.py", line 209, in execute_callable
    return self.python_callable(*self.op_args, **self.op_kwargs)
  File "/opt/airflow/dags/s3_upload_dag.py", line 14, in upload_file
    client.upload_file('/Users/sarthakgarg/Downloads/organizations-500000.csv', 'my-bucket-sarthak-002', 'Organizations-file')
  File "/home/airflow/.local/lib/python3.8/site-packages/boto3/s3/inject.py", line 143, in upload_file
    return transfer.upload_file(
  File "/home/airflow/.local/lib/python3.8/site-packages/boto3/s3/transfer.py", line 292, in upload_file
    future.result()
  File "/home/airflow/.local/lib/python3.8/site-packages/s3transfer/futures.py", line 103, in result
    return self._coordinator.result()
  File "/home/airflow/.local/lib/python3.8/site-packages/s3transfer/futures.py", line 266, in result
    raise self._exception
  File "/home/airflow/.local/lib/python3.8/site-packages/s3transfer/tasks.py", line 269, in _main
    self._submit(transfer_future=transfer_future, **kwargs)
  File "/home/airflow/.local/lib/python3.8/site-packages/s3transfer/upload.py", line 591, in _submit
    upload_input_manager.provide_transfer_size(transfer_future)
  File "/home/airflow/.local/lib/python3.8/site-packages/s3transfer/upload.py", line 244, in provide_transfer_size
    self._osutil.get_file_size(transfer_future.meta.call_args.fileobj)
  File "/home/airflow/.local/lib/python3.8/site-packages/s3transfer/utils.py", line 247, in get_file_size
    return os.path.getsize(filename)
  File "/usr/local/lib/python3.8/genericpath.py", line 50, in getsize
    return os.stat(filename).st_size
FileNotFoundError: [Errno 2] No such file or directory: '/Users/sarthakgarg/Downloads/organizations-500000.csv'
[2023-12-11T00:47:26.116+0000] {taskinstance.py:1400} INFO - Marking task as UP_FOR_RETRY. dag_id=s3_upload, task_id=upload_file, execution_date=20231210T000000, start_date=20231211T004723, end_date=20231211T004726
[2023-12-11T00:47:26.139+0000] {standard_task_runner.py:104} ERROR - Failed to execute job 16 for task upload_file ([Errno 2] No such file or directory: '/Users/sarthakgarg/Downloads/organizations-500000.csv'; 1036)
[2023-12-11T00:47:26.230+0000] {local_task_job_runner.py:228} INFO - Task exited with return code 1
[2023-12-11T00:47:26.292+0000] {taskinstance.py:2778} INFO - 0 downstream tasks scheduled from follow-on schedule check
[2023-12-11T04:15:00.523+0000] {taskinstance.py:1159} INFO - Dependencies all met for dep_context=non-requeueable deps ti=<TaskInstance: s3_upload.upload_file scheduled__2023-12-10T00:00:00+00:00 [queued]>
[2023-12-11T04:15:00.528+0000] {taskinstance.py:1159} INFO - Dependencies all met for dep_context=requeueable deps ti=<TaskInstance: s3_upload.upload_file scheduled__2023-12-10T00:00:00+00:00 [queued]>
[2023-12-11T04:15:00.528+0000] {taskinstance.py:1361} INFO - Starting attempt 2 of 4
[2023-12-11T04:15:00.535+0000] {taskinstance.py:1382} INFO - Executing <Task(PythonOperator): upload_file> on 2023-12-10 00:00:00+00:00
[2023-12-11T04:15:00.540+0000] {standard_task_runner.py:57} INFO - Started process 200 to run task
[2023-12-11T04:15:00.542+0000] {standard_task_runner.py:84} INFO - Running: ['***', 'tasks', 'run', 's3_upload', 'upload_file', 'scheduled__2023-12-10T00:00:00+00:00', '--job-id', '5', '--raw', '--subdir', 'DAGS_FOLDER/s3_upload_dag.py', '--cfg-path', '/tmp/tmp2bamz7e6']
[2023-12-11T04:15:00.545+0000] {standard_task_runner.py:85} INFO - Job 5: Subtask upload_file
[2023-12-11T04:15:00.578+0000] {task_command.py:416} INFO - Running <TaskInstance: s3_upload.upload_file scheduled__2023-12-10T00:00:00+00:00 [running]> on host 900665ffa878
[2023-12-11T04:15:00.617+0000] {taskinstance.py:1662} INFO - Exporting env vars: AIRFLOW_CTX_DAG_OWNER='sarthak' AIRFLOW_CTX_DAG_ID='s3_upload' AIRFLOW_CTX_TASK_ID='upload_file' AIRFLOW_CTX_EXECUTION_DATE='2023-12-10T00:00:00+00:00' AIRFLOW_CTX_TRY_NUMBER='2' AIRFLOW_CTX_DAG_RUN_ID='scheduled__2023-12-10T00:00:00+00:00'
[2023-12-11T04:15:03.006+0000] {taskinstance.py:1937} ERROR - Task failed with exception
Traceback (most recent call last):
  File "/home/airflow/.local/lib/python3.8/site-packages/airflow/operators/python.py", line 192, in execute
    return_value = self.execute_callable()
  File "/home/airflow/.local/lib/python3.8/site-packages/airflow/operators/python.py", line 209, in execute_callable
    return self.python_callable(*self.op_args, **self.op_kwargs)
  File "/opt/airflow/dags/s3_upload_dag.py", line 14, in upload_file
    client.upload_file('/opt/airflow/downloads/organizations-500000.csv', 'my-bucket-sarthak-002', 'Organizations-file')
  File "/home/airflow/.local/lib/python3.8/site-packages/boto3/s3/inject.py", line 143, in upload_file
    return transfer.upload_file(
  File "/home/airflow/.local/lib/python3.8/site-packages/boto3/s3/transfer.py", line 292, in upload_file
    future.result()
  File "/home/airflow/.local/lib/python3.8/site-packages/s3transfer/futures.py", line 103, in result
    return self._coordinator.result()
  File "/home/airflow/.local/lib/python3.8/site-packages/s3transfer/futures.py", line 266, in result
    raise self._exception
  File "/home/airflow/.local/lib/python3.8/site-packages/s3transfer/tasks.py", line 139, in __call__
    return self._execute_main(kwargs)
  File "/home/airflow/.local/lib/python3.8/site-packages/s3transfer/tasks.py", line 162, in _execute_main
    return_value = self._main(**kwargs)
  File "/home/airflow/.local/lib/python3.8/site-packages/s3transfer/tasks.py", line 348, in _main
    response = client.create_multipart_upload(
  File "/home/airflow/.local/lib/python3.8/site-packages/botocore/client.py", line 535, in _api_call
    return self._make_api_call(operation_name, kwargs)
  File "/home/airflow/.local/lib/python3.8/site-packages/botocore/client.py", line 963, in _make_api_call
    http, parsed_response = self._make_request(
  File "/home/airflow/.local/lib/python3.8/site-packages/botocore/client.py", line 986, in _make_request
    return self._endpoint.make_request(operation_model, request_dict)
  File "/home/airflow/.local/lib/python3.8/site-packages/botocore/endpoint.py", line 119, in make_request
    return self._send_request(request_dict, operation_model)
  File "/home/airflow/.local/lib/python3.8/site-packages/botocore/endpoint.py", line 198, in _send_request
    request = self.create_request(request_dict, operation_model)
  File "/home/airflow/.local/lib/python3.8/site-packages/botocore/endpoint.py", line 134, in create_request
    self._event_emitter.emit(
  File "/home/airflow/.local/lib/python3.8/site-packages/botocore/hooks.py", line 412, in emit
    return self._emitter.emit(aliased_event_name, **kwargs)
  File "/home/airflow/.local/lib/python3.8/site-packages/botocore/hooks.py", line 256, in emit
    return self._emit(event_name, kwargs)
  File "/home/airflow/.local/lib/python3.8/site-packages/botocore/hooks.py", line 239, in _emit
    response = handler(**kwargs)
  File "/home/airflow/.local/lib/python3.8/site-packages/botocore/signers.py", line 105, in handler
    return self.sign(operation_name, request)
  File "/home/airflow/.local/lib/python3.8/site-packages/botocore/signers.py", line 189, in sign
    auth.add_auth(request)
  File "/home/airflow/.local/lib/python3.8/site-packages/botocore/auth.py", line 418, in add_auth
    raise NoCredentialsError()
botocore.exceptions.NoCredentialsError: Unable to locate credentials
[2023-12-11T04:15:03.013+0000] {taskinstance.py:1400} INFO - Marking task as UP_FOR_RETRY. dag_id=s3_upload, task_id=upload_file, execution_date=20231210T000000, start_date=20231211T041500, end_date=20231211T041503
[2023-12-11T04:15:03.020+0000] {standard_task_runner.py:104} ERROR - Failed to execute job 5 for task upload_file (Unable to locate credentials; 200)
[2023-12-11T04:15:03.051+0000] {local_task_job_runner.py:228} INFO - Task exited with return code 1
[2023-12-11T04:15:03.061+0000] {taskinstance.py:2778} INFO - 0 downstream tasks scheduled from follow-on schedule check
[2023-12-11T08:45:10.494+0000] {taskinstance.py:1159} INFO - Dependencies all met for dep_context=non-requeueable deps ti=<TaskInstance: s3_upload.upload_file scheduled__2023-12-10T00:00:00+00:00 [queued]>
[2023-12-11T08:45:10.498+0000] {taskinstance.py:1159} INFO - Dependencies all met for dep_context=requeueable deps ti=<TaskInstance: s3_upload.upload_file scheduled__2023-12-10T00:00:00+00:00 [queued]>
[2023-12-11T08:45:10.498+0000] {taskinstance.py:1361} INFO - Starting attempt 2 of 4
[2023-12-11T08:45:10.505+0000] {taskinstance.py:1382} INFO - Executing <Task(PythonOperator): upload_file> on 2023-12-10 00:00:00+00:00
[2023-12-11T08:45:10.508+0000] {standard_task_runner.py:57} INFO - Started process 192 to run task
[2023-12-11T08:45:10.511+0000] {standard_task_runner.py:84} INFO - Running: ['***', 'tasks', 'run', 's3_upload', 'upload_file', 'scheduled__2023-12-10T00:00:00+00:00', '--job-id', '5', '--raw', '--subdir', 'DAGS_FOLDER/s3_upload_dag.py', '--cfg-path', '/tmp/tmpaiv8w80g']
[2023-12-11T08:45:10.513+0000] {standard_task_runner.py:85} INFO - Job 5: Subtask upload_file
[2023-12-11T08:45:10.539+0000] {task_command.py:416} INFO - Running <TaskInstance: s3_upload.upload_file scheduled__2023-12-10T00:00:00+00:00 [running]> on host d2ff3e8f0ec4
[2023-12-11T08:45:10.576+0000] {taskinstance.py:1662} INFO - Exporting env vars: AIRFLOW_CTX_DAG_OWNER='sarthak' AIRFLOW_CTX_DAG_ID='s3_upload' AIRFLOW_CTX_TASK_ID='upload_file' AIRFLOW_CTX_EXECUTION_DATE='2023-12-10T00:00:00+00:00' AIRFLOW_CTX_TRY_NUMBER='2' AIRFLOW_CTX_DAG_RUN_ID='scheduled__2023-12-10T00:00:00+00:00'
[2023-12-11T08:45:10.721+0000] {taskinstance.py:1937} ERROR - Task failed with exception
Traceback (most recent call last):
  File "/home/airflow/.local/lib/python3.8/site-packages/airflow/operators/python.py", line 192, in execute
    return_value = self.execute_callable()
  File "/home/airflow/.local/lib/python3.8/site-packages/airflow/operators/python.py", line 209, in execute_callable
    return self.python_callable(*self.op_args, **self.op_kwargs)
  File "/opt/airflow/dags/s3_upload_dag.py", line 14, in upload_file
    client.upload_file('~/files/organizations-500000.csv', 'my-bucket-sarthak-002', 'Organizations-file')
  File "/home/airflow/.local/lib/python3.8/site-packages/boto3/s3/inject.py", line 143, in upload_file
    return transfer.upload_file(
  File "/home/airflow/.local/lib/python3.8/site-packages/boto3/s3/transfer.py", line 292, in upload_file
    future.result()
  File "/home/airflow/.local/lib/python3.8/site-packages/s3transfer/futures.py", line 103, in result
    return self._coordinator.result()
  File "/home/airflow/.local/lib/python3.8/site-packages/s3transfer/futures.py", line 266, in result
    raise self._exception
  File "/home/airflow/.local/lib/python3.8/site-packages/s3transfer/tasks.py", line 269, in _main
    self._submit(transfer_future=transfer_future, **kwargs)
  File "/home/airflow/.local/lib/python3.8/site-packages/s3transfer/upload.py", line 591, in _submit
    upload_input_manager.provide_transfer_size(transfer_future)
  File "/home/airflow/.local/lib/python3.8/site-packages/s3transfer/upload.py", line 244, in provide_transfer_size
    self._osutil.get_file_size(transfer_future.meta.call_args.fileobj)
  File "/home/airflow/.local/lib/python3.8/site-packages/s3transfer/utils.py", line 247, in get_file_size
    return os.path.getsize(filename)
  File "/usr/local/lib/python3.8/genericpath.py", line 50, in getsize
    return os.stat(filename).st_size
FileNotFoundError: [Errno 2] No such file or directory: '~/files/organizations-500000.csv'
[2023-12-11T08:45:10.728+0000] {taskinstance.py:1400} INFO - Marking task as UP_FOR_RETRY. dag_id=s3_upload, task_id=upload_file, execution_date=20231210T000000, start_date=20231211T084510, end_date=20231211T084510
[2023-12-11T08:45:10.733+0000] {standard_task_runner.py:104} ERROR - Failed to execute job 5 for task upload_file ([Errno 2] No such file or directory: '~/files/organizations-500000.csv'; 192)
[2023-12-11T08:45:10.772+0000] {local_task_job_runner.py:228} INFO - Task exited with return code 1
[2023-12-11T08:45:10.792+0000] {taskinstance.py:2778} INFO - 0 downstream tasks scheduled from follow-on schedule check
[2023-12-11T09:34:16.658+0000] {taskinstance.py:1159} INFO - Dependencies all met for dep_context=non-requeueable deps ti=<TaskInstance: s3_upload.upload_file scheduled__2023-12-10T00:00:00+00:00 [queued]>
[2023-12-11T09:34:16.663+0000] {taskinstance.py:1159} INFO - Dependencies all met for dep_context=requeueable deps ti=<TaskInstance: s3_upload.upload_file scheduled__2023-12-10T00:00:00+00:00 [queued]>
[2023-12-11T09:34:16.663+0000] {taskinstance.py:1361} INFO - Starting attempt 2 of 4
[2023-12-11T09:34:16.671+0000] {taskinstance.py:1382} INFO - Executing <Task(PythonOperator): upload_file> on 2023-12-10 00:00:00+00:00
[2023-12-11T09:34:16.674+0000] {standard_task_runner.py:57} INFO - Started process 193 to run task
[2023-12-11T09:34:16.678+0000] {standard_task_runner.py:84} INFO - Running: ['***', 'tasks', 'run', 's3_upload', 'upload_file', 'scheduled__2023-12-10T00:00:00+00:00', '--job-id', '6', '--raw', '--subdir', 'DAGS_FOLDER/s3_upload_dag.py', '--cfg-path', '/tmp/tmp8xtjsgz2']
[2023-12-11T09:34:16.680+0000] {standard_task_runner.py:85} INFO - Job 6: Subtask upload_file
[2023-12-11T09:34:16.713+0000] {task_command.py:416} INFO - Running <TaskInstance: s3_upload.upload_file scheduled__2023-12-10T00:00:00+00:00 [running]> on host 926eb853a40f
[2023-12-11T09:34:16.751+0000] {taskinstance.py:1662} INFO - Exporting env vars: AIRFLOW_CTX_DAG_OWNER='sarthak' AIRFLOW_CTX_DAG_ID='s3_upload' AIRFLOW_CTX_TASK_ID='upload_file' AIRFLOW_CTX_EXECUTION_DATE='2023-12-10T00:00:00+00:00' AIRFLOW_CTX_TRY_NUMBER='2' AIRFLOW_CTX_DAG_RUN_ID='scheduled__2023-12-10T00:00:00+00:00'
[2023-12-11T09:34:16.935+0000] {taskinstance.py:1937} ERROR - Task failed with exception
Traceback (most recent call last):
  File "/home/airflow/.local/lib/python3.8/site-packages/airflow/operators/python.py", line 192, in execute
    return_value = self.execute_callable()
  File "/home/airflow/.local/lib/python3.8/site-packages/airflow/operators/python.py", line 209, in execute_callable
    return self.python_callable(*self.op_args, **self.op_kwargs)
  File "/opt/airflow/dags/s3_upload_dag.py", line 14, in upload_file
    client.upload_file('opt/airflow/files/organizations_500000.csv', 'sarthak-aws-bucket-002', 'Organizations-file')
  File "/home/airflow/.local/lib/python3.8/site-packages/boto3/s3/inject.py", line 143, in upload_file
    return transfer.upload_file(
  File "/home/airflow/.local/lib/python3.8/site-packages/boto3/s3/transfer.py", line 292, in upload_file
    future.result()
  File "/home/airflow/.local/lib/python3.8/site-packages/s3transfer/futures.py", line 103, in result
    return self._coordinator.result()
  File "/home/airflow/.local/lib/python3.8/site-packages/s3transfer/futures.py", line 266, in result
    raise self._exception
  File "/home/airflow/.local/lib/python3.8/site-packages/s3transfer/tasks.py", line 269, in _main
    self._submit(transfer_future=transfer_future, **kwargs)
  File "/home/airflow/.local/lib/python3.8/site-packages/s3transfer/upload.py", line 591, in _submit
    upload_input_manager.provide_transfer_size(transfer_future)
  File "/home/airflow/.local/lib/python3.8/site-packages/s3transfer/upload.py", line 244, in provide_transfer_size
    self._osutil.get_file_size(transfer_future.meta.call_args.fileobj)
  File "/home/airflow/.local/lib/python3.8/site-packages/s3transfer/utils.py", line 247, in get_file_size
    return os.path.getsize(filename)
  File "/usr/local/lib/python3.8/genericpath.py", line 50, in getsize
    return os.stat(filename).st_size
FileNotFoundError: [Errno 2] No such file or directory: 'opt/airflow/files/organizations_500000.csv'
[2023-12-11T09:34:16.943+0000] {taskinstance.py:1400} INFO - Marking task as UP_FOR_RETRY. dag_id=s3_upload, task_id=upload_file, execution_date=20231210T000000, start_date=20231211T093416, end_date=20231211T093416
[2023-12-11T09:34:16.952+0000] {standard_task_runner.py:104} ERROR - Failed to execute job 6 for task upload_file ([Errno 2] No such file or directory: 'opt/airflow/files/organizations_500000.csv'; 193)
[2023-12-11T09:34:16.973+0000] {local_task_job_runner.py:228} INFO - Task exited with return code 1
[2023-12-11T09:34:16.983+0000] {taskinstance.py:2778} INFO - 0 downstream tasks scheduled from follow-on schedule check
[2023-12-11T09:38:15.935+0000] {taskinstance.py:1159} INFO - Dependencies all met for dep_context=non-requeueable deps ti=<TaskInstance: s3_upload.upload_file scheduled__2023-12-10T00:00:00+00:00 [queued]>
[2023-12-11T09:38:15.941+0000] {taskinstance.py:1159} INFO - Dependencies all met for dep_context=requeueable deps ti=<TaskInstance: s3_upload.upload_file scheduled__2023-12-10T00:00:00+00:00 [queued]>
[2023-12-11T09:38:15.942+0000] {taskinstance.py:1361} INFO - Starting attempt 2 of 4
[2023-12-11T09:38:15.949+0000] {taskinstance.py:1382} INFO - Executing <Task(PythonOperator): upload_file> on 2023-12-10 00:00:00+00:00
[2023-12-11T09:38:15.956+0000] {standard_task_runner.py:57} INFO - Started process 187 to run task
[2023-12-11T09:38:15.960+0000] {standard_task_runner.py:84} INFO - Running: ['***', 'tasks', 'run', 's3_upload', 'upload_file', 'scheduled__2023-12-10T00:00:00+00:00', '--job-id', '5', '--raw', '--subdir', 'DAGS_FOLDER/s3_upload_dag.py', '--cfg-path', '/tmp/tmpss9t2inb']
[2023-12-11T09:38:15.962+0000] {standard_task_runner.py:85} INFO - Job 5: Subtask upload_file
[2023-12-11T09:38:15.994+0000] {task_command.py:416} INFO - Running <TaskInstance: s3_upload.upload_file scheduled__2023-12-10T00:00:00+00:00 [running]> on host 9ddc40d2249c
[2023-12-11T09:38:16.035+0000] {taskinstance.py:1662} INFO - Exporting env vars: AIRFLOW_CTX_DAG_OWNER='sarthak' AIRFLOW_CTX_DAG_ID='s3_upload' AIRFLOW_CTX_TASK_ID='upload_file' AIRFLOW_CTX_EXECUTION_DATE='2023-12-10T00:00:00+00:00' AIRFLOW_CTX_TRY_NUMBER='2' AIRFLOW_CTX_DAG_RUN_ID='scheduled__2023-12-10T00:00:00+00:00'
[2023-12-11T09:38:16.183+0000] {taskinstance.py:1937} ERROR - Task failed with exception
Traceback (most recent call last):
  File "/home/airflow/.local/lib/python3.8/site-packages/airflow/operators/python.py", line 192, in execute
    return_value = self.execute_callable()
  File "/home/airflow/.local/lib/python3.8/site-packages/airflow/operators/python.py", line 209, in execute_callable
    return self.python_callable(*self.op_args, **self.op_kwargs)
  File "/opt/airflow/dags/s3_upload_dag.py", line 14, in upload_file
    client.upload_file('opt/airflow/files/organizations_500000.csv', 'sarthak-aws-bucket-002', 'Organizations-file')
  File "/home/airflow/.local/lib/python3.8/site-packages/boto3/s3/inject.py", line 143, in upload_file
    return transfer.upload_file(
  File "/home/airflow/.local/lib/python3.8/site-packages/boto3/s3/transfer.py", line 292, in upload_file
    future.result()
  File "/home/airflow/.local/lib/python3.8/site-packages/s3transfer/futures.py", line 103, in result
    return self._coordinator.result()
  File "/home/airflow/.local/lib/python3.8/site-packages/s3transfer/futures.py", line 266, in result
    raise self._exception
  File "/home/airflow/.local/lib/python3.8/site-packages/s3transfer/tasks.py", line 269, in _main
    self._submit(transfer_future=transfer_future, **kwargs)
  File "/home/airflow/.local/lib/python3.8/site-packages/s3transfer/upload.py", line 591, in _submit
    upload_input_manager.provide_transfer_size(transfer_future)
  File "/home/airflow/.local/lib/python3.8/site-packages/s3transfer/upload.py", line 244, in provide_transfer_size
    self._osutil.get_file_size(transfer_future.meta.call_args.fileobj)
  File "/home/airflow/.local/lib/python3.8/site-packages/s3transfer/utils.py", line 247, in get_file_size
    return os.path.getsize(filename)
  File "/usr/local/lib/python3.8/genericpath.py", line 50, in getsize
    return os.stat(filename).st_size
FileNotFoundError: [Errno 2] No such file or directory: 'opt/airflow/files/organizations_500000.csv'
[2023-12-11T09:38:16.188+0000] {taskinstance.py:1400} INFO - Marking task as UP_FOR_RETRY. dag_id=s3_upload, task_id=upload_file, execution_date=20231210T000000, start_date=20231211T093815, end_date=20231211T093816
[2023-12-11T09:38:16.193+0000] {standard_task_runner.py:104} ERROR - Failed to execute job 5 for task upload_file ([Errno 2] No such file or directory: 'opt/airflow/files/organizations_500000.csv'; 187)
[2023-12-11T09:38:16.217+0000] {local_task_job_runner.py:228} INFO - Task exited with return code 1
[2023-12-11T09:38:16.226+0000] {taskinstance.py:2778} INFO - 0 downstream tasks scheduled from follow-on schedule check
