[2023-12-15T12:18:24.888+0000] {taskinstance.py:1159} INFO - Dependencies all met for dep_context=non-requeueable deps ti=<TaskInstance: snow_pipeline.joined_table manual__2023-12-15T12:18:14.095373+00:00 [queued]>
[2023-12-15T12:18:24.894+0000] {taskinstance.py:1159} INFO - Dependencies all met for dep_context=requeueable deps ti=<TaskInstance: snow_pipeline.joined_table manual__2023-12-15T12:18:14.095373+00:00 [queued]>
[2023-12-15T12:18:24.894+0000] {taskinstance.py:1361} INFO - Starting attempt 1 of 3
[2023-12-15T12:18:24.901+0000] {taskinstance.py:1382} INFO - Executing <Task(SnowflakeOperator): joined_table> on 2023-12-15 12:18:14.095373+00:00
[2023-12-15T12:18:24.904+0000] {standard_task_runner.py:57} INFO - Started process 455 to run task
[2023-12-15T12:18:24.907+0000] {standard_task_runner.py:84} INFO - Running: ['***', 'tasks', 'run', 'snow_pipeline', 'joined_table', 'manual__2023-12-15T12:18:14.095373+00:00', '--job-id', '246', '--raw', '--subdir', 'DAGS_FOLDER/snowflake_dag.py', '--cfg-path', '/tmp/tmpd2hb41vd']
[2023-12-15T12:18:24.909+0000] {standard_task_runner.py:85} INFO - Job 246: Subtask joined_table
[2023-12-15T12:18:24.939+0000] {task_command.py:416} INFO - Running <TaskInstance: snow_pipeline.joined_table manual__2023-12-15T12:18:14.095373+00:00 [running]> on host e65e9d73b232
[2023-12-15T12:18:25.009+0000] {taskinstance.py:1662} INFO - Exporting env vars: AIRFLOW_CTX_DAG_OWNER='sarthak' AIRFLOW_CTX_DAG_ID='snow_pipeline' AIRFLOW_CTX_TASK_ID='joined_table' AIRFLOW_CTX_EXECUTION_DATE='2023-12-15T12:18:14.095373+00:00' AIRFLOW_CTX_TRY_NUMBER='1' AIRFLOW_CTX_DAG_RUN_ID='manual__2023-12-15T12:18:14.095373+00:00'
[2023-12-15T12:18:25.010+0000] {sql.py:274} INFO - Executing: 
create or replace table webpage_total as
select wp.webpage_sk,wp.webpage_id,wp.url,wp.ad_count,wps.orderno,wps.qty,wps.net_profit from webpage wp
left join webpage_sales wps
on wp.webpage_sk=wps.webpage_sk;
[2023-12-15T12:18:25.016+0000] {base.py:73} INFO - Using connection ID 'snowflake_2' for task execution.
[2023-12-15T12:18:25.021+0000] {base.py:73} INFO - Using connection ID 'snowflake_2' for task execution.
[2023-12-15T12:18:25.022+0000] {connection.py:334} INFO - Snowflake Connector for Python Version: 3.3.1, Python Version: 3.8.18, Platform: Linux-6.5.11-linuxkit-aarch64-with-glibc2.17
[2023-12-15T12:18:25.022+0000] {connection.py:1103} INFO - This connection is in OCSP Fail Open Mode. TLS Certificates would be checked for validity and revocation status. Any other Certificate Revocation related exceptions or OCSP Responder failures would be disregarded in favor of connectivity.
[2023-12-15T12:18:25.022+0000] {connection.py:1121} INFO - Setting use_openssl_only mode to False
[2023-12-15T12:18:25.451+0000] {cursor.py:833} INFO - query: [ALTER SESSION SET autocommit=False]
[2023-12-15T12:18:25.556+0000] {cursor.py:846} INFO - query execution done
[2023-12-15T12:18:25.557+0000] {cursor.py:988} INFO - Number of results in first chunk: 1
[2023-12-15T12:18:25.557+0000] {sql.py:418} INFO - Running statement: create or replace table webpage_total as
select wp.webpage_sk,wp.webpage_id,wp.url,wp.ad_count,wps.orderno,wps.qty,wps.net_profit from webpage wp
left join webpage_sales wps
on wp.webpage_sk=wps.webpage_sk;, parameters: None
[2023-12-15T12:18:25.558+0000] {cursor.py:833} INFO - query: [create or replace table webpage_total as select wp.webpage_sk,wp.webpage_id,wp.u...]
[2023-12-15T12:18:26.271+0000] {cursor.py:846} INFO - query execution done
[2023-12-15T12:18:26.272+0000] {cursor.py:988} INFO - Number of results in first chunk: 1
[2023-12-15T12:18:26.273+0000] {sql.py:427} INFO - Rows affected: 1
[2023-12-15T12:18:26.273+0000] {snowflake.py:400} INFO - Rows affected: 1
[2023-12-15T12:18:26.274+0000] {snowflake.py:401} INFO - Snowflake query id: 01b10122-3200-f715-0007-44420002362a
[2023-12-15T12:18:26.274+0000] {cursor.py:833} INFO - query: [COMMIT]
[2023-12-15T12:18:26.366+0000] {cursor.py:846} INFO - query execution done
[2023-12-15T12:18:26.368+0000] {cursor.py:988} INFO - Number of results in first chunk: 1
[2023-12-15T12:18:26.369+0000] {connection.py:677} INFO - closed
[2023-12-15T12:18:26.445+0000] {connection.py:683} INFO - No async queries seem to be running, deleting session
[2023-12-15T12:18:26.557+0000] {taskinstance.py:1400} INFO - Marking task as SUCCESS. dag_id=snow_pipeline, task_id=joined_table, execution_date=20231215T121814, start_date=20231215T121824, end_date=20231215T121826
[2023-12-15T12:18:26.590+0000] {local_task_job_runner.py:228} INFO - Task exited with return code 0
[2023-12-15T12:18:26.606+0000] {taskinstance.py:2778} INFO - 0 downstream tasks scheduled from follow-on schedule check
