[2023-12-11T13:38:00.601+0000] {taskinstance.py:1159} INFO - Dependencies all met for dep_context=non-requeueable deps ti=<TaskInstance: s3_hook_overview.rename_file scheduled__2023-12-10T00:00:00+00:00 [queued]>
[2023-12-11T13:38:00.608+0000] {taskinstance.py:1159} INFO - Dependencies all met for dep_context=requeueable deps ti=<TaskInstance: s3_hook_overview.rename_file scheduled__2023-12-10T00:00:00+00:00 [queued]>
[2023-12-11T13:38:00.608+0000] {taskinstance.py:1361} INFO - Starting attempt 1 of 1
[2023-12-11T13:38:00.621+0000] {taskinstance.py:1382} INFO - Executing <Task(PythonOperator): rename_file> on 2023-12-10 00:00:00+00:00
[2023-12-11T13:38:00.628+0000] {standard_task_runner.py:57} INFO - Started process 5516 to run task
[2023-12-11T13:38:00.632+0000] {standard_task_runner.py:84} INFO - Running: ['***', 'tasks', 'run', 's3_hook_overview', 'rename_file', 'scheduled__2023-12-10T00:00:00+00:00', '--job-id', '24', '--raw', '--subdir', 'DAGS_FOLDER/load_into_snowflake.py', '--cfg-path', '/tmp/tmpxwj1asr_']
[2023-12-11T13:38:00.635+0000] {standard_task_runner.py:85} INFO - Job 24: Subtask rename_file
[2023-12-11T13:38:00.701+0000] {task_command.py:416} INFO - Running <TaskInstance: s3_hook_overview.rename_file scheduled__2023-12-10T00:00:00+00:00 [running]> on host 9ddc40d2249c
[2023-12-11T13:38:00.754+0000] {taskinstance.py:1662} INFO - Exporting env vars: AIRFLOW_CTX_DAG_OWNER='***' AIRFLOW_CTX_DAG_ID='s3_hook_overview' AIRFLOW_CTX_TASK_ID='rename_file' AIRFLOW_CTX_EXECUTION_DATE='2023-12-10T00:00:00+00:00' AIRFLOW_CTX_TRY_NUMBER='1' AIRFLOW_CTX_DAG_RUN_ID='scheduled__2023-12-10T00:00:00+00:00'
[2023-12-11T13:38:00.762+0000] {taskinstance.py:1937} ERROR - Task failed with exception
Traceback (most recent call last):
  File "/home/airflow/.local/lib/python3.8/site-packages/airflow/operators/python.py", line 192, in execute
    return_value = self.execute_callable()
  File "/home/airflow/.local/lib/python3.8/site-packages/airflow/operators/python.py", line 209, in execute_callable
    return self.python_callable(*self.op_args, **self.op_kwargs)
  File "/opt/airflow/dags/load_into_snowflake.py", line 49, in rename_file
    downloaded_file_name = list_of_args[0]
  File "/home/airflow/.local/lib/python3.8/site-packages/airflow/models/xcom.py", line 794, in __getitem__
    raise IndexError(key) from None
IndexError: 0
[2023-12-11T13:38:00.772+0000] {taskinstance.py:1400} INFO - Marking task as FAILED. dag_id=s3_hook_overview, task_id=rename_file, execution_date=20231210T000000, start_date=20231211T133800, end_date=20231211T133800
[2023-12-11T13:38:00.790+0000] {standard_task_runner.py:104} ERROR - Failed to execute job 24 for task rename_file (0; 5516)
[2023-12-11T13:38:00.807+0000] {local_task_job_runner.py:228} INFO - Task exited with return code 1
[2023-12-11T13:38:00.822+0000] {taskinstance.py:2778} INFO - 0 downstream tasks scheduled from follow-on schedule check
