[2023-12-11T21:10:23.543+0000] {taskinstance.py:1159} INFO - Dependencies all met for dep_context=non-requeueable deps ti=<TaskInstance: s3_hook_overview.upload_to_snowflake manual__2023-12-11T21:10:00.909775+00:00 [queued]>
[2023-12-11T21:10:23.547+0000] {taskinstance.py:1159} INFO - Dependencies all met for dep_context=requeueable deps ti=<TaskInstance: s3_hook_overview.upload_to_snowflake manual__2023-12-11T21:10:00.909775+00:00 [queued]>
[2023-12-11T21:10:23.548+0000] {taskinstance.py:1361} INFO - Starting attempt 1 of 2
[2023-12-11T21:10:23.553+0000] {taskinstance.py:1382} INFO - Executing <Task(PythonOperator): upload_to_snowflake> on 2023-12-11 21:10:00.909775+00:00
[2023-12-11T21:10:23.557+0000] {standard_task_runner.py:57} INFO - Started process 7980 to run task
[2023-12-11T21:10:23.559+0000] {standard_task_runner.py:84} INFO - Running: ['***', 'tasks', 'run', 's3_hook_overview', 'upload_to_snowflake', 'manual__2023-12-11T21:10:00.909775+00:00', '--job-id', '55', '--raw', '--subdir', 'DAGS_FOLDER/load_into_snowflake.py', '--cfg-path', '/tmp/tmpkshdnr_1']
[2023-12-11T21:10:23.561+0000] {standard_task_runner.py:85} INFO - Job 55: Subtask upload_to_snowflake
[2023-12-11T21:10:23.585+0000] {task_command.py:416} INFO - Running <TaskInstance: s3_hook_overview.upload_to_snowflake manual__2023-12-11T21:10:00.909775+00:00 [running]> on host a3992be7c3a0
[2023-12-11T21:10:23.625+0000] {taskinstance.py:1662} INFO - Exporting env vars: AIRFLOW_CTX_DAG_OWNER='***' AIRFLOW_CTX_DAG_ID='s3_hook_overview' AIRFLOW_CTX_TASK_ID='upload_to_snowflake' AIRFLOW_CTX_EXECUTION_DATE='2023-12-11T21:10:00.909775+00:00' AIRFLOW_CTX_TRY_NUMBER='1' AIRFLOW_CTX_DAG_RUN_ID='manual__2023-12-11T21:10:00.909775+00:00'
[2023-12-11T21:10:23.638+0000] {copy_into_snowflake.py:139} INFO - Executing COPY command...
[2023-12-11T21:10:23.641+0000] {base.py:73} INFO - Using connection ID 'snowflake_default' for task execution.
[2023-12-11T21:10:23.642+0000] {connection.py:334} INFO - Snowflake Connector for Python Version: 3.3.1, Python Version: 3.8.18, Platform: Linux-6.5.11-linuxkit-aarch64-with-glibc2.17
[2023-12-11T21:10:23.642+0000] {connection.py:1103} INFO - This connection is in OCSP Fail Open Mode. TLS Certificates would be checked for validity and revocation status. Any other Certificate Revocation related exceptions or OCSP Responder failures would be disregarded in favor of connectivity.
[2023-12-11T21:10:23.642+0000] {connection.py:1121} INFO - Setting use_openssl_only mode to False
[2023-12-11T21:10:24.195+0000] {cursor.py:833} INFO - query: [ALTER SESSION SET autocommit=True]
[2023-12-11T21:10:24.297+0000] {cursor.py:846} INFO - query execution done
[2023-12-11T21:10:24.299+0000] {cursor.py:988} INFO - Number of results in first chunk: 1
[2023-12-11T21:10:24.300+0000] {sql.py:418} INFO - Running statement: COPY INTO my_schema.organizations
             FROM  @my_s3_stage/
        
        PATTERN='.*[.]csv'
        FILE_FORMAT=my_csv_format
        on_error=continue, parameters: None
[2023-12-11T21:10:24.300+0000] {cursor.py:833} INFO - query: [COPY INTO my_schema.organizations FROM  @my_s3_stage/  PATTERN='.*[.]csv' FILE_F...]
[2023-12-11T21:10:26.691+0000] {cursor.py:846} INFO - query execution done
[2023-12-11T21:10:26.694+0000] {cursor.py:988} INFO - Number of results in first chunk: 1
[2023-12-11T21:10:26.695+0000] {sql.py:427} INFO - Rows affected: 1
[2023-12-11T21:10:26.696+0000] {snowflake.py:400} INFO - Rows affected: 1
[2023-12-11T21:10:26.696+0000] {snowflake.py:401} INFO - Snowflake query id: 01b0ecb6-3200-f5b6-0000-000744429175
[2023-12-11T21:10:26.697+0000] {connection.py:677} INFO - closed
[2023-12-11T21:10:26.761+0000] {connection.py:683} INFO - No async queries seem to be running, deleting session
[2023-12-11T21:10:26.834+0000] {copy_into_snowflake.py:141} INFO - COPY command completed
[2023-12-11T21:10:26.836+0000] {python.py:194} INFO - Done. Returned value was: None
[2023-12-11T21:10:26.871+0000] {taskinstance.py:1400} INFO - Marking task as SUCCESS. dag_id=s3_hook_overview, task_id=upload_to_snowflake, execution_date=20231211T211000, start_date=20231211T211023, end_date=20231211T211026
[2023-12-11T21:10:26.923+0000] {local_task_job_runner.py:228} INFO - Task exited with return code 0
[2023-12-11T21:10:26.947+0000] {taskinstance.py:2778} INFO - 0 downstream tasks scheduled from follow-on schedule check
