[2023-12-16T01:03:37.529+0000] {taskinstance.py:1159} INFO - Dependencies all met for dep_context=non-requeueable deps ti=<TaskInstance: snow_pipeline.data_loading_table1 scheduled__2023-12-15T00:00:00+00:00 [queued]>
[2023-12-16T01:03:37.533+0000] {taskinstance.py:1159} INFO - Dependencies all met for dep_context=requeueable deps ti=<TaskInstance: snow_pipeline.data_loading_table1 scheduled__2023-12-15T00:00:00+00:00 [queued]>
[2023-12-16T01:03:37.534+0000] {taskinstance.py:1361} INFO - Starting attempt 1 of 3
[2023-12-16T01:03:37.540+0000] {taskinstance.py:1382} INFO - Executing <Task(SnowflakeOperator): data_loading_table1> on 2023-12-15 00:00:00+00:00
[2023-12-16T01:03:37.543+0000] {standard_task_runner.py:57} INFO - Started process 6488 to run task
[2023-12-16T01:03:37.546+0000] {standard_task_runner.py:84} INFO - Running: ['***', 'tasks', 'run', 'snow_pipeline', 'data_loading_table1', 'scheduled__2023-12-15T00:00:00+00:00', '--job-id', '251', '--raw', '--subdir', 'DAGS_FOLDER/snowflake_dag.py', '--cfg-path', '/tmp/tmpmz9nlxbr']
[2023-12-16T01:03:37.549+0000] {standard_task_runner.py:85} INFO - Job 251: Subtask data_loading_table1
[2023-12-16T01:03:37.578+0000] {task_command.py:416} INFO - Running <TaskInstance: snow_pipeline.data_loading_table1 scheduled__2023-12-15T00:00:00+00:00 [running]> on host e65e9d73b232
[2023-12-16T01:03:37.617+0000] {taskinstance.py:1662} INFO - Exporting env vars: AIRFLOW_CTX_DAG_OWNER='sarthak' AIRFLOW_CTX_DAG_ID='snow_pipeline' AIRFLOW_CTX_TASK_ID='data_loading_table1' AIRFLOW_CTX_EXECUTION_DATE='2023-12-15T00:00:00+00:00' AIRFLOW_CTX_TRY_NUMBER='1' AIRFLOW_CTX_DAG_RUN_ID='scheduled__2023-12-15T00:00:00+00:00'
[2023-12-16T01:03:37.619+0000] {sql.py:274} INFO - Executing: 
insert into DEMO_DB2.DEMO_SCHEMA.webpage(webpage_sk,webpage_id,url,ad_count)
select WP_WEB_PAGE_SK,WP_WEB_PAGE_ID,WP_URL,WP_MAX_AD_COUNT from SNOWFLAKE_SAMPLE_DATA.TPCDS_SF100TCL.WEB_PAGE
limit 500;
[2023-12-16T01:03:37.624+0000] {base.py:73} INFO - Using connection ID 'snowflake_2' for task execution.
[2023-12-16T01:03:37.629+0000] {base.py:73} INFO - Using connection ID 'snowflake_2' for task execution.
[2023-12-16T01:03:37.629+0000] {connection.py:334} INFO - Snowflake Connector for Python Version: 3.3.1, Python Version: 3.8.18, Platform: Linux-6.5.11-linuxkit-aarch64-with-glibc2.17
[2023-12-16T01:03:37.630+0000] {connection.py:1103} INFO - This connection is in OCSP Fail Open Mode. TLS Certificates would be checked for validity and revocation status. Any other Certificate Revocation related exceptions or OCSP Responder failures would be disregarded in favor of connectivity.
[2023-12-16T01:03:37.630+0000] {connection.py:1121} INFO - Setting use_openssl_only mode to False
[2023-12-16T01:03:38.181+0000] {cursor.py:833} INFO - query: [ALTER SESSION SET autocommit=False]
[2023-12-16T01:03:38.309+0000] {cursor.py:846} INFO - query execution done
[2023-12-16T01:03:38.309+0000] {cursor.py:988} INFO - Number of results in first chunk: 1
[2023-12-16T01:03:38.310+0000] {sql.py:418} INFO - Running statement: insert into DEMO_DB2.DEMO_SCHEMA.webpage(webpage_sk,webpage_id,url,ad_count)
select WP_WEB_PAGE_SK,WP_WEB_PAGE_ID,WP_URL,WP_MAX_AD_COUNT from SNOWFLAKE_SAMPLE_DATA.TPCDS_SF100TCL.WEB_PAGE
limit 500;, parameters: None
[2023-12-16T01:03:38.310+0000] {cursor.py:833} INFO - query: [insert into DEMO_DB2.DEMO_SCHEMA.webpage(webpage_sk,webpage_id,url,ad_count) sel...]
[2023-12-16T02:24:56.679+0000] {cursor.py:846} INFO - query execution done
[2023-12-16T02:24:56.684+0000] {sql.py:427} INFO - Rows affected: 500
[2023-12-16T02:24:56.686+0000] {snowflake.py:400} INFO - Rows affected: 500
[2023-12-16T02:24:56.687+0000] {snowflake.py:401} INFO - Snowflake query id: 01b1044e-3200-f72f-0007-444200025012
[2023-12-16T02:24:56.688+0000] {cursor.py:833} INFO - query: [COMMIT]
[2023-12-16T02:24:56.972+0000] {cursor.py:846} INFO - query execution done
[2023-12-16T02:24:56.973+0000] {cursor.py:988} INFO - Number of results in first chunk: 1
[2023-12-16T02:24:56.973+0000] {connection.py:677} INFO - closed
[2023-12-16T02:24:57.033+0000] {connection.py:683} INFO - No async queries seem to be running, deleting session
[2023-12-16T02:24:57.148+0000] {taskinstance.py:1400} INFO - Marking task as SUCCESS. dag_id=snow_pipeline, task_id=data_loading_table1, execution_date=20231215T000000, start_date=20231216T010337, end_date=20231216T022457
[2023-12-16T02:24:57.209+0000] {local_task_job_runner.py:228} INFO - Task exited with return code 0
[2023-12-16T02:24:57.231+0000] {taskinstance.py:2778} INFO - 0 downstream tasks scheduled from follow-on schedule check
