[2023-12-14T09:04:11.246+0000] {taskinstance.py:1159} INFO - Dependencies all met for dep_context=non-requeueable deps ti=<TaskInstance: restapi-pipeline.create_csv_external_stage manual__2023-12-14T09:03:57.463043+00:00 [queued]>
[2023-12-14T09:04:11.252+0000] {taskinstance.py:1159} INFO - Dependencies all met for dep_context=requeueable deps ti=<TaskInstance: restapi-pipeline.create_csv_external_stage manual__2023-12-14T09:03:57.463043+00:00 [queued]>
[2023-12-14T09:04:11.252+0000] {taskinstance.py:1361} INFO - Starting attempt 1 of 3
[2023-12-14T09:04:11.259+0000] {taskinstance.py:1382} INFO - Executing <Task(SnowflakeOperator): create_csv_external_stage> on 2023-12-14 09:03:57.463043+00:00
[2023-12-14T09:04:11.263+0000] {standard_task_runner.py:57} INFO - Started process 1512 to run task
[2023-12-14T09:04:11.267+0000] {standard_task_runner.py:84} INFO - Running: ['***', 'tasks', 'run', 'restapi-pipeline', 'create_csv_external_stage', 'manual__2023-12-14T09:03:57.463043+00:00', '--job-id', '128', '--raw', '--subdir', 'DAGS_FOLDER/restapi.py', '--cfg-path', '/tmp/tmpcc94l71b']
[2023-12-14T09:04:11.269+0000] {standard_task_runner.py:85} INFO - Job 128: Subtask create_csv_external_stage
[2023-12-14T09:04:11.302+0000] {task_command.py:416} INFO - Running <TaskInstance: restapi-pipeline.create_csv_external_stage manual__2023-12-14T09:03:57.463043+00:00 [running]> on host b5f695589db2
[2023-12-14T09:04:11.354+0000] {taskinstance.py:1662} INFO - Exporting env vars: AIRFLOW_CTX_DAG_OWNER='sarthak' AIRFLOW_CTX_DAG_ID='restapi-pipeline' AIRFLOW_CTX_TASK_ID='create_csv_external_stage' AIRFLOW_CTX_EXECUTION_DATE='2023-12-14T09:03:57.463043+00:00' AIRFLOW_CTX_TRY_NUMBER='1' AIRFLOW_CTX_DAG_RUN_ID='manual__2023-12-14T09:03:57.463043+00:00'
[2023-12-14T09:04:11.355+0000] {sql.py:274} INFO - Executing: 
CREATE OR REPLACE STAGE csv_s3_stage
URL='s3://my-random-bucket-002/coin-price-csv'
CREDENTIALS=(AWS_KEY_ID='AKIA4SXCAFHSOCMPU7LX' AWS_SECRET_KEY='DYlOTEHyogLcr0JylaJV8RdHRhCbUw9GFRzT/aEO')
DIRECTORY = (ENABLE = TRUE)
FILE_FORMAT = my_csv_format;
[2023-12-14T09:04:11.361+0000] {base.py:73} INFO - Using connection ID 'snowflake_default' for task execution.
[2023-12-14T09:04:11.367+0000] {base.py:73} INFO - Using connection ID 'snowflake_default' for task execution.
[2023-12-14T09:04:11.367+0000] {connection.py:334} INFO - Snowflake Connector for Python Version: 3.3.1, Python Version: 3.8.18, Platform: Linux-6.5.11-linuxkit-aarch64-with-glibc2.17
[2023-12-14T09:04:11.368+0000] {connection.py:1103} INFO - This connection is in OCSP Fail Open Mode. TLS Certificates would be checked for validity and revocation status. Any other Certificate Revocation related exceptions or OCSP Responder failures would be disregarded in favor of connectivity.
[2023-12-14T09:04:11.368+0000] {connection.py:1121} INFO - Setting use_openssl_only mode to False
[2023-12-14T09:04:11.880+0000] {cursor.py:833} INFO - query: [ALTER SESSION SET autocommit=False]
[2023-12-14T09:04:11.983+0000] {cursor.py:846} INFO - query execution done
[2023-12-14T09:04:11.984+0000] {cursor.py:988} INFO - Number of results in first chunk: 1
[2023-12-14T09:04:11.984+0000] {sql.py:418} INFO - Running statement: CREATE OR REPLACE STAGE csv_s3_stage
URL='s3://my-random-bucket-002/coin-price-csv'
CREDENTIALS=(AWS_KEY_ID='AKIA4SXCAFHSOCMPU7LX' AWS_SECRET_KEY='DYlOTEHyogLcr0JylaJV8RdHRhCbUw9GFRzT/aEO')
DIRECTORY = (ENABLE = TRUE)
FILE_FORMAT = my_csv_format;, parameters: None
[2023-12-14T09:04:11.984+0000] {cursor.py:833} INFO - query: [CREATE OR REPLACE STAGE csv_s3_stage URL='s3://my-random-bucket-002/coin-price-c...]
[2023-12-14T09:04:13.383+0000] {cursor.py:846} INFO - query execution done
[2023-12-14T09:04:13.385+0000] {cursor.py:988} INFO - Number of results in first chunk: 1
[2023-12-14T09:04:13.386+0000] {sql.py:427} INFO - Rows affected: 1
[2023-12-14T09:04:13.387+0000] {snowflake.py:400} INFO - Rows affected: 1
[2023-12-14T09:04:13.388+0000] {snowflake.py:401} INFO - Snowflake query id: 01b0fac0-3200-f671-0007-44420001910e
[2023-12-14T09:04:13.389+0000] {cursor.py:833} INFO - query: [COMMIT]
[2023-12-14T09:04:13.531+0000] {cursor.py:846} INFO - query execution done
[2023-12-14T09:04:13.532+0000] {cursor.py:988} INFO - Number of results in first chunk: 1
[2023-12-14T09:04:13.534+0000] {connection.py:677} INFO - closed
[2023-12-14T09:04:13.604+0000] {connection.py:683} INFO - No async queries seem to be running, deleting session
[2023-12-14T09:04:13.708+0000] {taskinstance.py:1400} INFO - Marking task as SUCCESS. dag_id=restapi-pipeline, task_id=create_csv_external_stage, execution_date=20231214T090357, start_date=20231214T090411, end_date=20231214T090413
[2023-12-14T09:04:13.730+0000] {local_task_job_runner.py:228} INFO - Task exited with return code 0
[2023-12-14T09:04:13.744+0000] {taskinstance.py:2778} INFO - 1 downstream tasks scheduled from follow-on schedule check
