[2023-12-15T08:22:48.717+0000] {taskinstance.py:1159} INFO - Dependencies all met for dep_context=non-requeueable deps ti=<TaskInstance: snow_pipeline.creating_tables manual__2023-12-15T08:22:47.370789+00:00 [queued]>
[2023-12-15T08:22:48.722+0000] {taskinstance.py:1159} INFO - Dependencies all met for dep_context=requeueable deps ti=<TaskInstance: snow_pipeline.creating_tables manual__2023-12-15T08:22:47.370789+00:00 [queued]>
[2023-12-15T08:22:48.722+0000] {taskinstance.py:1361} INFO - Starting attempt 1 of 3
[2023-12-15T08:22:48.730+0000] {taskinstance.py:1382} INFO - Executing <Task(SnowflakeOperator): creating_tables> on 2023-12-15 08:22:47.370789+00:00
[2023-12-15T08:22:48.734+0000] {standard_task_runner.py:57} INFO - Started process 1317 to run task
[2023-12-15T08:22:48.736+0000] {standard_task_runner.py:84} INFO - Running: ['***', 'tasks', 'run', 'snow_pipeline', 'creating_tables', 'manual__2023-12-15T08:22:47.370789+00:00', '--job-id', '232', '--raw', '--subdir', 'DAGS_FOLDER/snowflake_dag.py', '--cfg-path', '/tmp/tmpx7e5jl_2']
[2023-12-15T08:22:48.739+0000] {standard_task_runner.py:85} INFO - Job 232: Subtask creating_tables
[2023-12-15T08:22:48.788+0000] {task_command.py:416} INFO - Running <TaskInstance: snow_pipeline.creating_tables manual__2023-12-15T08:22:47.370789+00:00 [running]> on host e65e9d73b232
[2023-12-15T08:22:48.847+0000] {taskinstance.py:1662} INFO - Exporting env vars: AIRFLOW_CTX_DAG_OWNER='sarthak' AIRFLOW_CTX_DAG_ID='snow_pipeline' AIRFLOW_CTX_TASK_ID='creating_tables' AIRFLOW_CTX_EXECUTION_DATE='2023-12-15T08:22:47.370789+00:00' AIRFLOW_CTX_TRY_NUMBER='1' AIRFLOW_CTX_DAG_RUN_ID='manual__2023-12-15T08:22:47.370789+00:00'
[2023-12-15T08:22:48.851+0000] {sql.py:274} INFO - Executing: 
create or replace table webpage(
webpage_sk int,
webpage_id varchar(20),
url varchar(100),
ad_count int);
create or replace table webpage_sales(
webpage_sk int,
orderno int,
qty int,
net_profit number(10,2)
);
[2023-12-15T08:22:48.892+0000] {base.py:73} INFO - Using connection ID 'snowflake_2' for task execution.
[2023-12-15T08:22:48.974+0000] {base.py:73} INFO - Using connection ID 'snowflake_2' for task execution.
[2023-12-15T08:22:48.985+0000] {connection.py:334} INFO - Snowflake Connector for Python Version: 3.3.1, Python Version: 3.8.18, Platform: Linux-6.5.11-linuxkit-aarch64-with-glibc2.17
[2023-12-15T08:22:48.987+0000] {connection.py:1103} INFO - This connection is in OCSP Fail Open Mode. TLS Certificates would be checked for validity and revocation status. Any other Certificate Revocation related exceptions or OCSP Responder failures would be disregarded in favor of connectivity.
[2023-12-15T08:22:48.988+0000] {connection.py:1121} INFO - Setting use_openssl_only mode to False
[2023-12-15T08:22:49.735+0000] {cursor.py:833} INFO - query: [ALTER SESSION SET autocommit=False]
[2023-12-15T08:22:49.883+0000] {cursor.py:846} INFO - query execution done
[2023-12-15T08:22:49.884+0000] {cursor.py:988} INFO - Number of results in first chunk: 1
[2023-12-15T08:22:49.884+0000] {sql.py:418} INFO - Running statement: create or replace table webpage(
webpage_sk int,
webpage_id varchar(20),
url varchar(100),
ad_count int);, parameters: None
[2023-12-15T08:22:49.884+0000] {cursor.py:833} INFO - query: [create or replace table webpage( webpage_sk int, webpage_id varchar(20), url var...]
[2023-12-15T08:22:50.075+0000] {cursor.py:846} INFO - query execution done
[2023-12-15T08:22:50.075+0000] {cursor.py:988} INFO - Number of results in first chunk: 1
[2023-12-15T08:22:50.075+0000] {sql.py:427} INFO - Rows affected: 1
[2023-12-15T08:22:50.076+0000] {snowflake.py:400} INFO - Rows affected: 1
[2023-12-15T08:22:50.076+0000] {snowflake.py:401} INFO - Snowflake query id: 01b10036-3200-f715-0007-44420002342e
[2023-12-15T08:22:50.076+0000] {sql.py:418} INFO - Running statement: create or replace table webpage_sales(
webpage_sk int,
orderno int,
qty int,
net_profit number(10,2)
);, parameters: None
[2023-12-15T08:22:50.076+0000] {cursor.py:833} INFO - query: [create or replace table webpage_sales( webpage_sk int, orderno int, qty int, net...]
[2023-12-15T08:22:50.243+0000] {cursor.py:846} INFO - query execution done
[2023-12-15T08:22:50.244+0000] {cursor.py:988} INFO - Number of results in first chunk: 1
[2023-12-15T08:22:50.244+0000] {sql.py:427} INFO - Rows affected: 1
[2023-12-15T08:22:50.244+0000] {snowflake.py:400} INFO - Rows affected: 1
[2023-12-15T08:22:50.244+0000] {snowflake.py:401} INFO - Snowflake query id: 01b10036-3200-f715-0007-444200023432
[2023-12-15T08:22:50.245+0000] {cursor.py:833} INFO - query: [COMMIT]
[2023-12-15T08:22:50.329+0000] {cursor.py:846} INFO - query execution done
[2023-12-15T08:22:50.329+0000] {cursor.py:988} INFO - Number of results in first chunk: 1
[2023-12-15T08:22:50.329+0000] {connection.py:677} INFO - closed
[2023-12-15T08:22:50.393+0000] {connection.py:683} INFO - No async queries seem to be running, deleting session
[2023-12-15T08:22:50.484+0000] {taskinstance.py:1400} INFO - Marking task as SUCCESS. dag_id=snow_pipeline, task_id=creating_tables, execution_date=20231215T082247, start_date=20231215T082248, end_date=20231215T082250
[2023-12-15T08:22:50.515+0000] {local_task_job_runner.py:228} INFO - Task exited with return code 0
[2023-12-15T08:22:50.531+0000] {taskinstance.py:2778} INFO - 2 downstream tasks scheduled from follow-on schedule check
