[2023-12-12T07:11:48.612+0000] {taskinstance.py:1159} INFO - Dependencies all met for dep_context=non-requeueable deps ti=<TaskInstance: pipeline.data_transformation manual__2023-12-12T07:10:33.744572+00:00 [queued]>
[2023-12-12T07:11:48.616+0000] {taskinstance.py:1159} INFO - Dependencies all met for dep_context=requeueable deps ti=<TaskInstance: pipeline.data_transformation manual__2023-12-12T07:10:33.744572+00:00 [queued]>
[2023-12-12T07:11:48.616+0000] {taskinstance.py:1361} INFO - Starting attempt 1 of 3
[2023-12-12T07:11:48.622+0000] {taskinstance.py:1382} INFO - Executing <Task(SnowflakeOperator): data_transformation> on 2023-12-12 07:10:33.744572+00:00
[2023-12-12T07:11:48.625+0000] {standard_task_runner.py:57} INFO - Started process 959 to run task
[2023-12-12T07:11:48.628+0000] {standard_task_runner.py:84} INFO - Running: ['***', 'tasks', 'run', 'pipeline', 'data_transformation', 'manual__2023-12-12T07:10:33.744572+00:00', '--job-id', '52', '--raw', '--subdir', 'DAGS_FOLDER/s3_upload_dag.py', '--cfg-path', '/tmp/tmpk2duvqte']
[2023-12-12T07:11:48.630+0000] {standard_task_runner.py:85} INFO - Job 52: Subtask data_transformation
[2023-12-12T07:11:48.654+0000] {task_command.py:416} INFO - Running <TaskInstance: pipeline.data_transformation manual__2023-12-12T07:10:33.744572+00:00 [running]> on host d50382fa2a13
[2023-12-12T07:11:48.695+0000] {taskinstance.py:1662} INFO - Exporting env vars: AIRFLOW_CTX_DAG_OWNER='sarthak' AIRFLOW_CTX_DAG_ID='pipeline' AIRFLOW_CTX_TASK_ID='data_transformation' AIRFLOW_CTX_EXECUTION_DATE='2023-12-12T07:10:33.744572+00:00' AIRFLOW_CTX_TRY_NUMBER='1' AIRFLOW_CTX_DAG_RUN_ID='manual__2023-12-12T07:10:33.744572+00:00'
[2023-12-12T07:11:48.696+0000] {sql.py:274} INFO - Executing:  
CREATE OR REPLACE TABLE organizations_trans
  AS (SELECT Organization_Id,Name,Website,Country,Industry FROM organizations)
[2023-12-12T07:11:48.705+0000] {base.py:73} INFO - Using connection ID 'snowflake_default' for task execution.
[2023-12-12T07:11:48.711+0000] {base.py:73} INFO - Using connection ID 'snowflake_default' for task execution.
[2023-12-12T07:11:48.711+0000] {connection.py:334} INFO - Snowflake Connector for Python Version: 3.3.1, Python Version: 3.8.18, Platform: Linux-6.5.11-linuxkit-aarch64-with-glibc2.17
[2023-12-12T07:11:48.712+0000] {connection.py:1103} INFO - This connection is in OCSP Fail Open Mode. TLS Certificates would be checked for validity and revocation status. Any other Certificate Revocation related exceptions or OCSP Responder failures would be disregarded in favor of connectivity.
[2023-12-12T07:11:48.712+0000] {connection.py:1121} INFO - Setting use_openssl_only mode to False
[2023-12-12T07:11:49.297+0000] {cursor.py:833} INFO - query: [ALTER SESSION SET autocommit=False]
[2023-12-12T07:11:49.429+0000] {cursor.py:846} INFO - query execution done
[2023-12-12T07:11:49.431+0000] {cursor.py:988} INFO - Number of results in first chunk: 1
[2023-12-12T07:11:49.433+0000] {sql.py:418} INFO - Running statement: CREATE OR REPLACE TABLE organizations_trans
  AS (SELECT Organization_Id,Name,Website,Country,Industry FROM organizations), parameters: None
[2023-12-12T07:11:49.435+0000] {cursor.py:833} INFO - query: [CREATE OR REPLACE TABLE organizations_trans AS (SELECT Organization_Id,Name,Webs...]
[2023-12-12T07:11:49.983+0000] {cursor.py:846} INFO - query execution done
[2023-12-12T07:11:49.985+0000] {cursor.py:988} INFO - Number of results in first chunk: 1
[2023-12-12T07:11:49.986+0000] {sql.py:427} INFO - Rows affected: 1
[2023-12-12T07:11:49.988+0000] {snowflake.py:400} INFO - Rows affected: 1
[2023-12-12T07:11:49.989+0000] {snowflake.py:401} INFO - Snowflake query id: 01b0ef0f-3200-f5fa-0000-00074442b189
[2023-12-12T07:11:49.989+0000] {cursor.py:833} INFO - query: [COMMIT]
[2023-12-12T07:11:50.094+0000] {cursor.py:846} INFO - query execution done
[2023-12-12T07:11:50.098+0000] {cursor.py:988} INFO - Number of results in first chunk: 1
[2023-12-12T07:11:50.099+0000] {connection.py:677} INFO - closed
[2023-12-12T07:11:50.175+0000] {connection.py:683} INFO - No async queries seem to be running, deleting session
[2023-12-12T07:11:50.304+0000] {taskinstance.py:1400} INFO - Marking task as SUCCESS. dag_id=pipeline, task_id=data_transformation, execution_date=20231212T071033, start_date=20231212T071148, end_date=20231212T071150
[2023-12-12T07:11:50.354+0000] {local_task_job_runner.py:228} INFO - Task exited with return code 0
[2023-12-12T07:11:50.367+0000] {taskinstance.py:2778} INFO - 0 downstream tasks scheduled from follow-on schedule check
