[2023-12-16T02:24:48.660+0000] {taskinstance.py:1159} INFO - Dependencies all met for dep_context=non-requeueable deps ti=<TaskInstance: pipeline.s3_file_upload scheduled__2023-12-15T00:00:00+00:00 [queued]>
[2023-12-16T02:24:48.665+0000] {taskinstance.py:1159} INFO - Dependencies all met for dep_context=requeueable deps ti=<TaskInstance: pipeline.s3_file_upload scheduled__2023-12-15T00:00:00+00:00 [queued]>
[2023-12-16T02:24:48.665+0000] {taskinstance.py:1361} INFO - Starting attempt 3 of 3
[2023-12-16T02:24:48.674+0000] {taskinstance.py:1382} INFO - Executing <Task(PythonOperator): s3_file_upload> on 2023-12-15 00:00:00+00:00
[2023-12-16T02:24:48.678+0000] {standard_task_runner.py:57} INFO - Started process 6523 to run task
[2023-12-16T02:24:48.681+0000] {standard_task_runner.py:84} INFO - Running: ['***', 'tasks', 'run', 'pipeline', 's3_file_upload', 'scheduled__2023-12-15T00:00:00+00:00', '--job-id', '256', '--raw', '--subdir', 'DAGS_FOLDER/local_s3_snowflake.py', '--cfg-path', '/tmp/tmp79jk3ti_']
[2023-12-16T02:24:48.683+0000] {standard_task_runner.py:85} INFO - Job 256: Subtask s3_file_upload
[2023-12-16T02:24:48.713+0000] {task_command.py:416} INFO - Running <TaskInstance: pipeline.s3_file_upload scheduled__2023-12-15T00:00:00+00:00 [running]> on host e65e9d73b232
[2023-12-16T02:24:48.760+0000] {taskinstance.py:1662} INFO - Exporting env vars: AIRFLOW_CTX_DAG_OWNER='sarthak' AIRFLOW_CTX_DAG_ID='pipeline' AIRFLOW_CTX_TASK_ID='s3_file_upload' AIRFLOW_CTX_EXECUTION_DATE='2023-12-15T00:00:00+00:00' AIRFLOW_CTX_TRY_NUMBER='3' AIRFLOW_CTX_DAG_RUN_ID='scheduled__2023-12-15T00:00:00+00:00'
[2023-12-16T02:24:50.161+0000] {taskinstance.py:1937} ERROR - Task failed with exception
Traceback (most recent call last):
  File "/home/airflow/.local/lib/python3.8/site-packages/boto3/s3/transfer.py", line 292, in upload_file
    future.result()
  File "/home/airflow/.local/lib/python3.8/site-packages/s3transfer/futures.py", line 103, in result
    return self._coordinator.result()
  File "/home/airflow/.local/lib/python3.8/site-packages/s3transfer/futures.py", line 266, in result
    raise self._exception
  File "/home/airflow/.local/lib/python3.8/site-packages/s3transfer/tasks.py", line 139, in __call__
    return self._execute_main(kwargs)
  File "/home/airflow/.local/lib/python3.8/site-packages/s3transfer/tasks.py", line 162, in _execute_main
    return_value = self._main(**kwargs)
  File "/home/airflow/.local/lib/python3.8/site-packages/s3transfer/upload.py", line 764, in _main
    client.put_object(Bucket=bucket, Key=key, Body=body, **extra_args)
  File "/home/airflow/.local/lib/python3.8/site-packages/botocore/client.py", line 535, in _api_call
    return self._make_api_call(operation_name, kwargs)
  File "/home/airflow/.local/lib/python3.8/site-packages/botocore/client.py", line 980, in _make_api_call
    raise error_class(parsed_response, operation_name)
botocore.exceptions.ClientError: An error occurred (InvalidAccessKeyId) when calling the PutObject operation: The AWS Access Key Id you provided does not exist in our records.

During handling of the above exception, another exception occurred:

Traceback (most recent call last):
  File "/home/airflow/.local/lib/python3.8/site-packages/airflow/operators/python.py", line 192, in execute
    return_value = self.execute_callable()
  File "/home/airflow/.local/lib/python3.8/site-packages/airflow/operators/python.py", line 209, in execute_callable
    return self.python_callable(*self.op_args, **self.op_kwargs)
  File "/opt/airflow/dags/local_s3_snowflake.py", line 32, in upload_file
    client.upload_file('/opt/airflow/files/organizations-100.csv', 'my-random-bucket-001', 'Organizations-file')
  File "/home/airflow/.local/lib/python3.8/site-packages/boto3/s3/inject.py", line 143, in upload_file
    return transfer.upload_file(
  File "/home/airflow/.local/lib/python3.8/site-packages/boto3/s3/transfer.py", line 298, in upload_file
    raise S3UploadFailedError(
boto3.exceptions.S3UploadFailedError: Failed to upload /opt/***/files/organizations-100.csv to my-random-bucket-001/Organizations-file: An error occurred (InvalidAccessKeyId) when calling the PutObject operation: The AWS Access Key Id you provided does not exist in our records.
[2023-12-16T02:24:50.177+0000] {taskinstance.py:1400} INFO - Marking task as FAILED. dag_id=pipeline, task_id=s3_file_upload, execution_date=20231215T000000, start_date=20231216T022448, end_date=20231216T022450
[2023-12-16T02:24:50.221+0000] {standard_task_runner.py:104} ERROR - Failed to execute job 256 for task s3_file_upload (Failed to upload /opt/***/files/organizations-100.csv to my-random-bucket-001/Organizations-file: An error occurred (InvalidAccessKeyId) when calling the PutObject operation: The AWS Access Key Id you provided does not exist in our records.; 6523)
[2023-12-16T02:24:50.234+0000] {local_task_job_runner.py:228} INFO - Task exited with return code 1
[2023-12-16T02:24:50.251+0000] {taskinstance.py:2778} INFO - 0 downstream tasks scheduled from follow-on schedule check
