[2023-12-16T06:41:21.691+0000] {processor.py:157} INFO - Started process (PID=7961) to work on /opt/airflow/dags/modified_rest_pipeline.py
[2023-12-16T06:41:21.692+0000] {processor.py:829} INFO - Processing file /opt/airflow/dags/modified_rest_pipeline.py for tasks to queue
[2023-12-16T06:41:21.694+0000] {logging_mixin.py:154} INFO - [2023-12-16T06:41:21.694+0000] {dagbag.py:536} INFO - Filling up the DagBag from /opt/airflow/dags/modified_rest_pipeline.py
[2023-12-16T06:41:21.738+0000] {processor.py:839} INFO - DAG(s) dict_keys(['restapi-pipeline']) retrieved from /opt/airflow/dags/modified_rest_pipeline.py
[2023-12-16T06:41:21.811+0000] {logging_mixin.py:154} INFO - [2023-12-16T06:41:21.811+0000] {dag.py:2941} INFO - Sync 1 DAGs
[2023-12-16T06:41:21.821+0000] {logging_mixin.py:154} INFO - [2023-12-16T06:41:21.821+0000] {dag.py:3722} INFO - Setting next_dagrun for restapi-pipeline to 2023-12-16T00:00:00+00:00, run_after=2023-12-17T00:00:00+00:00
[2023-12-16T06:41:21.831+0000] {processor.py:179} INFO - Processing /opt/airflow/dags/modified_rest_pipeline.py took 0.143 seconds
[2023-12-16T06:41:52.125+0000] {processor.py:157} INFO - Started process (PID=7988) to work on /opt/airflow/dags/modified_rest_pipeline.py
[2023-12-16T06:41:52.127+0000] {processor.py:829} INFO - Processing file /opt/airflow/dags/modified_rest_pipeline.py for tasks to queue
[2023-12-16T06:41:52.132+0000] {logging_mixin.py:154} INFO - [2023-12-16T06:41:52.132+0000] {dagbag.py:536} INFO - Filling up the DagBag from /opt/airflow/dags/modified_rest_pipeline.py
[2023-12-16T06:41:52.189+0000] {processor.py:839} INFO - DAG(s) dict_keys(['restapi-pipeline']) retrieved from /opt/airflow/dags/modified_rest_pipeline.py
[2023-12-16T06:41:52.206+0000] {logging_mixin.py:154} INFO - [2023-12-16T06:41:52.205+0000] {dag.py:2941} INFO - Sync 1 DAGs
[2023-12-16T06:41:52.219+0000] {logging_mixin.py:154} INFO - [2023-12-16T06:41:52.219+0000] {dag.py:3722} INFO - Setting next_dagrun for restapi-pipeline to 2023-12-16T00:00:00+00:00, run_after=2023-12-17T00:00:00+00:00
[2023-12-16T06:41:52.228+0000] {processor.py:179} INFO - Processing /opt/airflow/dags/modified_rest_pipeline.py took 0.108 seconds
[2023-12-16T06:42:22.665+0000] {processor.py:157} INFO - Started process (PID=8015) to work on /opt/airflow/dags/modified_rest_pipeline.py
[2023-12-16T06:42:22.667+0000] {processor.py:829} INFO - Processing file /opt/airflow/dags/modified_rest_pipeline.py for tasks to queue
[2023-12-16T06:42:22.671+0000] {logging_mixin.py:154} INFO - [2023-12-16T06:42:22.671+0000] {dagbag.py:536} INFO - Filling up the DagBag from /opt/airflow/dags/modified_rest_pipeline.py
[2023-12-16T06:42:22.737+0000] {processor.py:839} INFO - DAG(s) dict_keys(['restapi-pipeline']) retrieved from /opt/airflow/dags/modified_rest_pipeline.py
[2023-12-16T06:42:22.745+0000] {logging_mixin.py:154} INFO - [2023-12-16T06:42:22.744+0000] {dag.py:2941} INFO - Sync 1 DAGs
[2023-12-16T06:42:22.758+0000] {logging_mixin.py:154} INFO - [2023-12-16T06:42:22.757+0000] {dag.py:3722} INFO - Setting next_dagrun for restapi-pipeline to 2023-12-16T00:00:00+00:00, run_after=2023-12-17T00:00:00+00:00
[2023-12-16T06:42:22.765+0000] {processor.py:179} INFO - Processing /opt/airflow/dags/modified_rest_pipeline.py took 0.107 seconds
[2023-12-16T06:42:53.222+0000] {processor.py:157} INFO - Started process (PID=8042) to work on /opt/airflow/dags/modified_rest_pipeline.py
[2023-12-16T06:42:53.223+0000] {processor.py:829} INFO - Processing file /opt/airflow/dags/modified_rest_pipeline.py for tasks to queue
[2023-12-16T06:42:53.226+0000] {logging_mixin.py:154} INFO - [2023-12-16T06:42:53.226+0000] {dagbag.py:536} INFO - Filling up the DagBag from /opt/airflow/dags/modified_rest_pipeline.py
[2023-12-16T06:42:53.285+0000] {processor.py:839} INFO - DAG(s) dict_keys(['restapi-pipeline']) retrieved from /opt/airflow/dags/modified_rest_pipeline.py
[2023-12-16T06:42:53.339+0000] {logging_mixin.py:154} INFO - [2023-12-16T06:42:53.339+0000] {dag.py:2941} INFO - Sync 1 DAGs
[2023-12-16T06:42:53.349+0000] {logging_mixin.py:154} INFO - [2023-12-16T06:42:53.349+0000] {dag.py:3722} INFO - Setting next_dagrun for restapi-pipeline to 2023-12-16T00:00:00+00:00, run_after=2023-12-17T00:00:00+00:00
[2023-12-16T06:42:53.358+0000] {processor.py:179} INFO - Processing /opt/airflow/dags/modified_rest_pipeline.py took 0.142 seconds
[2023-12-16T06:43:23.739+0000] {processor.py:157} INFO - Started process (PID=8069) to work on /opt/airflow/dags/modified_rest_pipeline.py
[2023-12-16T06:43:23.741+0000] {processor.py:829} INFO - Processing file /opt/airflow/dags/modified_rest_pipeline.py for tasks to queue
[2023-12-16T06:43:23.743+0000] {logging_mixin.py:154} INFO - [2023-12-16T06:43:23.743+0000] {dagbag.py:536} INFO - Filling up the DagBag from /opt/airflow/dags/modified_rest_pipeline.py
[2023-12-16T06:43:23.790+0000] {processor.py:839} INFO - DAG(s) dict_keys(['restapi-pipeline']) retrieved from /opt/airflow/dags/modified_rest_pipeline.py
[2023-12-16T06:43:23.804+0000] {logging_mixin.py:154} INFO - [2023-12-16T06:43:23.804+0000] {dag.py:2941} INFO - Sync 1 DAGs
[2023-12-16T06:43:23.815+0000] {logging_mixin.py:154} INFO - [2023-12-16T06:43:23.815+0000] {dag.py:3722} INFO - Setting next_dagrun for restapi-pipeline to 2023-12-16T00:00:00+00:00, run_after=2023-12-17T00:00:00+00:00
[2023-12-16T06:43:23.823+0000] {processor.py:179} INFO - Processing /opt/airflow/dags/modified_rest_pipeline.py took 0.088 seconds
[2023-12-16T06:43:54.230+0000] {processor.py:157} INFO - Started process (PID=8096) to work on /opt/airflow/dags/modified_rest_pipeline.py
[2023-12-16T06:43:54.232+0000] {processor.py:829} INFO - Processing file /opt/airflow/dags/modified_rest_pipeline.py for tasks to queue
[2023-12-16T06:43:54.235+0000] {logging_mixin.py:154} INFO - [2023-12-16T06:43:54.235+0000] {dagbag.py:536} INFO - Filling up the DagBag from /opt/airflow/dags/modified_rest_pipeline.py
[2023-12-16T06:43:54.288+0000] {processor.py:839} INFO - DAG(s) dict_keys(['restapi-pipeline']) retrieved from /opt/airflow/dags/modified_rest_pipeline.py
[2023-12-16T06:43:54.294+0000] {logging_mixin.py:154} INFO - [2023-12-16T06:43:54.294+0000] {dag.py:2941} INFO - Sync 1 DAGs
[2023-12-16T06:43:54.306+0000] {logging_mixin.py:154} INFO - [2023-12-16T06:43:54.306+0000] {dag.py:3722} INFO - Setting next_dagrun for restapi-pipeline to 2023-12-16T00:00:00+00:00, run_after=2023-12-17T00:00:00+00:00
[2023-12-16T06:43:54.314+0000] {processor.py:179} INFO - Processing /opt/airflow/dags/modified_rest_pipeline.py took 0.089 seconds
[2023-12-16T06:44:24.763+0000] {processor.py:157} INFO - Started process (PID=8124) to work on /opt/airflow/dags/modified_rest_pipeline.py
[2023-12-16T06:44:24.764+0000] {processor.py:829} INFO - Processing file /opt/airflow/dags/modified_rest_pipeline.py for tasks to queue
[2023-12-16T06:44:24.766+0000] {logging_mixin.py:154} INFO - [2023-12-16T06:44:24.766+0000] {dagbag.py:536} INFO - Filling up the DagBag from /opt/airflow/dags/modified_rest_pipeline.py
[2023-12-16T06:44:24.814+0000] {processor.py:839} INFO - DAG(s) dict_keys(['restapi-pipeline']) retrieved from /opt/airflow/dags/modified_rest_pipeline.py
[2023-12-16T06:44:24.874+0000] {logging_mixin.py:154} INFO - [2023-12-16T06:44:24.874+0000] {dag.py:2941} INFO - Sync 1 DAGs
[2023-12-16T06:44:24.885+0000] {logging_mixin.py:154} INFO - [2023-12-16T06:44:24.885+0000] {dag.py:3722} INFO - Setting next_dagrun for restapi-pipeline to 2023-12-16T00:00:00+00:00, run_after=2023-12-17T00:00:00+00:00
[2023-12-16T06:44:24.894+0000] {processor.py:179} INFO - Processing /opt/airflow/dags/modified_rest_pipeline.py took 0.134 seconds
[2023-12-16T06:44:55.332+0000] {processor.py:157} INFO - Started process (PID=8151) to work on /opt/airflow/dags/modified_rest_pipeline.py
[2023-12-16T06:44:55.333+0000] {processor.py:829} INFO - Processing file /opt/airflow/dags/modified_rest_pipeline.py for tasks to queue
[2023-12-16T06:44:55.334+0000] {logging_mixin.py:154} INFO - [2023-12-16T06:44:55.334+0000] {dagbag.py:536} INFO - Filling up the DagBag from /opt/airflow/dags/modified_rest_pipeline.py
[2023-12-16T06:44:55.379+0000] {processor.py:839} INFO - DAG(s) dict_keys(['restapi-pipeline']) retrieved from /opt/airflow/dags/modified_rest_pipeline.py
[2023-12-16T06:44:55.397+0000] {logging_mixin.py:154} INFO - [2023-12-16T06:44:55.397+0000] {dag.py:2941} INFO - Sync 1 DAGs
[2023-12-16T06:44:55.414+0000] {logging_mixin.py:154} INFO - [2023-12-16T06:44:55.413+0000] {dag.py:3722} INFO - Setting next_dagrun for restapi-pipeline to 2023-12-16T00:00:00+00:00, run_after=2023-12-17T00:00:00+00:00
[2023-12-16T06:44:55.429+0000] {processor.py:179} INFO - Processing /opt/airflow/dags/modified_rest_pipeline.py took 0.100 seconds
[2023-12-16T06:45:25.850+0000] {processor.py:157} INFO - Started process (PID=8178) to work on /opt/airflow/dags/modified_rest_pipeline.py
[2023-12-16T06:45:25.851+0000] {processor.py:829} INFO - Processing file /opt/airflow/dags/modified_rest_pipeline.py for tasks to queue
[2023-12-16T06:45:25.853+0000] {logging_mixin.py:154} INFO - [2023-12-16T06:45:25.853+0000] {dagbag.py:536} INFO - Filling up the DagBag from /opt/airflow/dags/modified_rest_pipeline.py
[2023-12-16T06:45:25.903+0000] {processor.py:839} INFO - DAG(s) dict_keys(['restapi-pipeline']) retrieved from /opt/airflow/dags/modified_rest_pipeline.py
[2023-12-16T06:45:25.911+0000] {logging_mixin.py:154} INFO - [2023-12-16T06:45:25.910+0000] {dag.py:2941} INFO - Sync 1 DAGs
[2023-12-16T06:45:25.924+0000] {logging_mixin.py:154} INFO - [2023-12-16T06:45:25.924+0000] {dag.py:3722} INFO - Setting next_dagrun for restapi-pipeline to 2023-12-16T00:00:00+00:00, run_after=2023-12-17T00:00:00+00:00
[2023-12-16T06:45:25.933+0000] {processor.py:179} INFO - Processing /opt/airflow/dags/modified_rest_pipeline.py took 0.086 seconds
[2023-12-16T06:45:56.369+0000] {processor.py:157} INFO - Started process (PID=8205) to work on /opt/airflow/dags/modified_rest_pipeline.py
[2023-12-16T06:45:56.370+0000] {processor.py:829} INFO - Processing file /opt/airflow/dags/modified_rest_pipeline.py for tasks to queue
[2023-12-16T06:45:56.373+0000] {logging_mixin.py:154} INFO - [2023-12-16T06:45:56.373+0000] {dagbag.py:536} INFO - Filling up the DagBag from /opt/airflow/dags/modified_rest_pipeline.py
[2023-12-16T06:45:56.422+0000] {processor.py:839} INFO - DAG(s) dict_keys(['restapi-pipeline']) retrieved from /opt/airflow/dags/modified_rest_pipeline.py
[2023-12-16T06:45:56.476+0000] {logging_mixin.py:154} INFO - [2023-12-16T06:45:56.476+0000] {dag.py:2941} INFO - Sync 1 DAGs
[2023-12-16T06:45:56.486+0000] {logging_mixin.py:154} INFO - [2023-12-16T06:45:56.486+0000] {dag.py:3722} INFO - Setting next_dagrun for restapi-pipeline to 2023-12-16T00:00:00+00:00, run_after=2023-12-17T00:00:00+00:00
[2023-12-16T06:45:56.496+0000] {processor.py:179} INFO - Processing /opt/airflow/dags/modified_rest_pipeline.py took 0.131 seconds
[2023-12-16T06:46:09.636+0000] {processor.py:157} INFO - Started process (PID=8215) to work on /opt/airflow/dags/modified_rest_pipeline.py
[2023-12-16T06:46:09.637+0000] {processor.py:829} INFO - Processing file /opt/airflow/dags/modified_rest_pipeline.py for tasks to queue
[2023-12-16T06:46:09.640+0000] {logging_mixin.py:154} INFO - [2023-12-16T06:46:09.640+0000] {dagbag.py:536} INFO - Filling up the DagBag from /opt/airflow/dags/modified_rest_pipeline.py
[2023-12-16T06:46:09.692+0000] {processor.py:839} INFO - DAG(s) dict_keys(['restapi-pipeline']) retrieved from /opt/airflow/dags/modified_rest_pipeline.py
[2023-12-16T06:46:09.703+0000] {logging_mixin.py:154} INFO - [2023-12-16T06:46:09.702+0000] {dag.py:2941} INFO - Sync 1 DAGs
[2023-12-16T06:46:09.717+0000] {logging_mixin.py:154} INFO - [2023-12-16T06:46:09.717+0000] {dag.py:3722} INFO - Setting next_dagrun for restapi-pipeline to 2023-12-16T00:00:00+00:00, run_after=2023-12-17T00:00:00+00:00
[2023-12-16T06:46:09.727+0000] {processor.py:179} INFO - Processing /opt/airflow/dags/modified_rest_pipeline.py took 0.097 seconds
[2023-12-16T06:46:19.839+0000] {processor.py:157} INFO - Started process (PID=8237) to work on /opt/airflow/dags/modified_rest_pipeline.py
[2023-12-16T06:46:19.840+0000] {processor.py:829} INFO - Processing file /opt/airflow/dags/modified_rest_pipeline.py for tasks to queue
[2023-12-16T06:46:19.843+0000] {logging_mixin.py:154} INFO - [2023-12-16T06:46:19.843+0000] {dagbag.py:536} INFO - Filling up the DagBag from /opt/airflow/dags/modified_rest_pipeline.py
[2023-12-16T06:46:19.895+0000] {processor.py:839} INFO - DAG(s) dict_keys(['restapi-pipeline']) retrieved from /opt/airflow/dags/modified_rest_pipeline.py
[2023-12-16T06:46:19.902+0000] {logging_mixin.py:154} INFO - [2023-12-16T06:46:19.902+0000] {dag.py:2941} INFO - Sync 1 DAGs
[2023-12-16T06:46:19.915+0000] {logging_mixin.py:154} INFO - [2023-12-16T06:46:19.915+0000] {dag.py:3722} INFO - Setting next_dagrun for restapi-pipeline to 2023-12-16T00:00:00+00:00, run_after=2023-12-17T00:00:00+00:00
[2023-12-16T06:46:19.924+0000] {processor.py:179} INFO - Processing /opt/airflow/dags/modified_rest_pipeline.py took 0.090 seconds
[2023-12-16T06:46:50.338+0000] {processor.py:157} INFO - Started process (PID=8264) to work on /opt/airflow/dags/modified_rest_pipeline.py
[2023-12-16T06:46:50.340+0000] {processor.py:829} INFO - Processing file /opt/airflow/dags/modified_rest_pipeline.py for tasks to queue
[2023-12-16T06:46:50.343+0000] {logging_mixin.py:154} INFO - [2023-12-16T06:46:50.343+0000] {dagbag.py:536} INFO - Filling up the DagBag from /opt/airflow/dags/modified_rest_pipeline.py
[2023-12-16T06:46:50.395+0000] {processor.py:839} INFO - DAG(s) dict_keys(['restapi-pipeline']) retrieved from /opt/airflow/dags/modified_rest_pipeline.py
[2023-12-16T06:46:50.402+0000] {logging_mixin.py:154} INFO - [2023-12-16T06:46:50.402+0000] {dag.py:2941} INFO - Sync 1 DAGs
[2023-12-16T06:46:50.414+0000] {logging_mixin.py:154} INFO - [2023-12-16T06:46:50.414+0000] {dag.py:3722} INFO - Setting next_dagrun for restapi-pipeline to 2023-12-16T00:00:00+00:00, run_after=2023-12-17T00:00:00+00:00
[2023-12-16T06:46:50.422+0000] {processor.py:179} INFO - Processing /opt/airflow/dags/modified_rest_pipeline.py took 0.088 seconds
[2023-12-16T06:46:56.428+0000] {processor.py:157} INFO - Started process (PID=8269) to work on /opt/airflow/dags/modified_rest_pipeline.py
[2023-12-16T06:46:56.429+0000] {processor.py:829} INFO - Processing file /opt/airflow/dags/modified_rest_pipeline.py for tasks to queue
[2023-12-16T06:46:56.431+0000] {logging_mixin.py:154} INFO - [2023-12-16T06:46:56.431+0000] {dagbag.py:536} INFO - Filling up the DagBag from /opt/airflow/dags/modified_rest_pipeline.py
[2023-12-16T06:46:56.484+0000] {processor.py:839} INFO - DAG(s) dict_keys(['restapi-pipeline']) retrieved from /opt/airflow/dags/modified_rest_pipeline.py
[2023-12-16T06:46:56.490+0000] {logging_mixin.py:154} INFO - [2023-12-16T06:46:56.490+0000] {dag.py:2941} INFO - Sync 1 DAGs
[2023-12-16T06:46:56.502+0000] {logging_mixin.py:154} INFO - [2023-12-16T06:46:56.502+0000] {dag.py:3722} INFO - Setting next_dagrun for restapi-pipeline to 2023-12-16T00:00:00+00:00, run_after=2023-12-17T00:00:00+00:00
[2023-12-16T06:46:56.511+0000] {processor.py:179} INFO - Processing /opt/airflow/dags/modified_rest_pipeline.py took 0.089 seconds
[2023-12-16T06:46:59.499+0000] {processor.py:157} INFO - Started process (PID=8274) to work on /opt/airflow/dags/modified_rest_pipeline.py
[2023-12-16T06:46:59.499+0000] {processor.py:829} INFO - Processing file /opt/airflow/dags/modified_rest_pipeline.py for tasks to queue
[2023-12-16T06:46:59.501+0000] {logging_mixin.py:154} INFO - [2023-12-16T06:46:59.501+0000] {dagbag.py:536} INFO - Filling up the DagBag from /opt/airflow/dags/modified_rest_pipeline.py
[2023-12-16T06:46:59.542+0000] {processor.py:839} INFO - DAG(s) dict_keys(['restapi-pipeline']) retrieved from /opt/airflow/dags/modified_rest_pipeline.py
[2023-12-16T06:46:59.550+0000] {logging_mixin.py:154} INFO - [2023-12-16T06:46:59.550+0000] {dag.py:2941} INFO - Sync 1 DAGs
[2023-12-16T06:46:59.564+0000] {logging_mixin.py:154} INFO - [2023-12-16T06:46:59.563+0000] {dag.py:3722} INFO - Setting next_dagrun for restapi-pipeline to 2023-12-16T00:00:00+00:00, run_after=2023-12-17T00:00:00+00:00
[2023-12-16T06:46:59.575+0000] {processor.py:179} INFO - Processing /opt/airflow/dags/modified_rest_pipeline.py took 0.079 seconds
[2023-12-16T06:47:21.915+0000] {processor.py:157} INFO - Started process (PID=8301) to work on /opt/airflow/dags/modified_rest_pipeline.py
[2023-12-16T06:47:21.918+0000] {processor.py:829} INFO - Processing file /opt/airflow/dags/modified_rest_pipeline.py for tasks to queue
[2023-12-16T06:47:21.921+0000] {logging_mixin.py:154} INFO - [2023-12-16T06:47:21.921+0000] {dagbag.py:536} INFO - Filling up the DagBag from /opt/airflow/dags/modified_rest_pipeline.py
[2023-12-16T06:47:21.982+0000] {processor.py:839} INFO - DAG(s) dict_keys(['restapi-pipeline']) retrieved from /opt/airflow/dags/modified_rest_pipeline.py
[2023-12-16T06:47:22.035+0000] {logging_mixin.py:154} INFO - [2023-12-16T06:47:22.034+0000] {dag.py:2941} INFO - Sync 1 DAGs
[2023-12-16T06:47:22.045+0000] {logging_mixin.py:154} INFO - [2023-12-16T06:47:22.045+0000] {dag.py:3722} INFO - Setting next_dagrun for restapi-pipeline to 2023-12-16T00:00:00+00:00, run_after=2023-12-17T00:00:00+00:00
[2023-12-16T06:47:22.055+0000] {processor.py:179} INFO - Processing /opt/airflow/dags/modified_rest_pipeline.py took 0.146 seconds
[2023-12-16T06:47:52.340+0000] {processor.py:157} INFO - Started process (PID=8328) to work on /opt/airflow/dags/modified_rest_pipeline.py
[2023-12-16T06:47:52.342+0000] {processor.py:829} INFO - Processing file /opt/airflow/dags/modified_rest_pipeline.py for tasks to queue
[2023-12-16T06:47:52.346+0000] {logging_mixin.py:154} INFO - [2023-12-16T06:47:52.346+0000] {dagbag.py:536} INFO - Filling up the DagBag from /opt/airflow/dags/modified_rest_pipeline.py
[2023-12-16T06:47:52.403+0000] {processor.py:839} INFO - DAG(s) dict_keys(['restapi-pipeline']) retrieved from /opt/airflow/dags/modified_rest_pipeline.py
[2023-12-16T06:47:52.421+0000] {logging_mixin.py:154} INFO - [2023-12-16T06:47:52.420+0000] {dag.py:2941} INFO - Sync 1 DAGs
[2023-12-16T06:47:52.434+0000] {logging_mixin.py:154} INFO - [2023-12-16T06:47:52.434+0000] {dag.py:3722} INFO - Setting next_dagrun for restapi-pipeline to 2023-12-16T00:00:00+00:00, run_after=2023-12-17T00:00:00+00:00
[2023-12-16T06:47:52.442+0000] {processor.py:179} INFO - Processing /opt/airflow/dags/modified_rest_pipeline.py took 0.110 seconds
[2023-12-16T06:47:57.515+0000] {processor.py:157} INFO - Started process (PID=8333) to work on /opt/airflow/dags/modified_rest_pipeline.py
[2023-12-16T06:47:57.516+0000] {processor.py:829} INFO - Processing file /opt/airflow/dags/modified_rest_pipeline.py for tasks to queue
[2023-12-16T06:47:57.518+0000] {logging_mixin.py:154} INFO - [2023-12-16T06:47:57.518+0000] {dagbag.py:536} INFO - Filling up the DagBag from /opt/airflow/dags/modified_rest_pipeline.py
[2023-12-16T06:47:57.567+0000] {processor.py:839} INFO - DAG(s) dict_keys(['restapi-pipeline']) retrieved from /opt/airflow/dags/modified_rest_pipeline.py
[2023-12-16T06:47:57.616+0000] {logging_mixin.py:154} INFO - [2023-12-16T06:47:57.616+0000] {dag.py:2941} INFO - Sync 1 DAGs
[2023-12-16T06:47:57.626+0000] {logging_mixin.py:154} INFO - [2023-12-16T06:47:57.626+0000] {dag.py:3722} INFO - Setting next_dagrun for restapi-pipeline to 2023-12-16T00:00:00+00:00, run_after=2023-12-17T00:00:00+00:00
[2023-12-16T06:47:57.635+0000] {processor.py:179} INFO - Processing /opt/airflow/dags/modified_rest_pipeline.py took 0.125 seconds
[2023-12-16T06:47:58.690+0000] {processor.py:157} INFO - Started process (PID=8338) to work on /opt/airflow/dags/modified_rest_pipeline.py
[2023-12-16T06:47:58.691+0000] {processor.py:829} INFO - Processing file /opt/airflow/dags/modified_rest_pipeline.py for tasks to queue
[2023-12-16T06:47:58.694+0000] {logging_mixin.py:154} INFO - [2023-12-16T06:47:58.694+0000] {dagbag.py:536} INFO - Filling up the DagBag from /opt/airflow/dags/modified_rest_pipeline.py
[2023-12-16T06:47:58.747+0000] {processor.py:839} INFO - DAG(s) dict_keys(['restapi-pipeline']) retrieved from /opt/airflow/dags/modified_rest_pipeline.py
[2023-12-16T06:47:58.754+0000] {logging_mixin.py:154} INFO - [2023-12-16T06:47:58.753+0000] {dag.py:2941} INFO - Sync 1 DAGs
[2023-12-16T06:47:58.765+0000] {logging_mixin.py:154} INFO - [2023-12-16T06:47:58.765+0000] {dag.py:3722} INFO - Setting next_dagrun for restapi-pipeline to 2023-12-16T00:00:00+00:00, run_after=2023-12-17T00:00:00+00:00
[2023-12-16T06:47:58.774+0000] {processor.py:179} INFO - Processing /opt/airflow/dags/modified_rest_pipeline.py took 0.089 seconds
[2023-12-16T06:48:29.130+0000] {processor.py:157} INFO - Started process (PID=8365) to work on /opt/airflow/dags/modified_rest_pipeline.py
[2023-12-16T06:48:29.131+0000] {processor.py:829} INFO - Processing file /opt/airflow/dags/modified_rest_pipeline.py for tasks to queue
[2023-12-16T06:48:29.134+0000] {logging_mixin.py:154} INFO - [2023-12-16T06:48:29.134+0000] {dagbag.py:536} INFO - Filling up the DagBag from /opt/airflow/dags/modified_rest_pipeline.py
[2023-12-16T06:48:29.184+0000] {processor.py:839} INFO - DAG(s) dict_keys(['restapi-pipeline']) retrieved from /opt/airflow/dags/modified_rest_pipeline.py
[2023-12-16T06:48:29.198+0000] {logging_mixin.py:154} INFO - [2023-12-16T06:48:29.198+0000] {dag.py:2941} INFO - Sync 1 DAGs
[2023-12-16T06:48:29.209+0000] {logging_mixin.py:154} INFO - [2023-12-16T06:48:29.209+0000] {dag.py:3722} INFO - Setting next_dagrun for restapi-pipeline to 2023-12-16T00:00:00+00:00, run_after=2023-12-17T00:00:00+00:00
[2023-12-16T06:48:29.216+0000] {processor.py:179} INFO - Processing /opt/airflow/dags/modified_rest_pipeline.py took 0.091 seconds
[2023-12-16T06:48:59.702+0000] {processor.py:157} INFO - Started process (PID=8392) to work on /opt/airflow/dags/modified_rest_pipeline.py
[2023-12-16T06:48:59.704+0000] {processor.py:829} INFO - Processing file /opt/airflow/dags/modified_rest_pipeline.py for tasks to queue
[2023-12-16T06:48:59.707+0000] {logging_mixin.py:154} INFO - [2023-12-16T06:48:59.707+0000] {dagbag.py:536} INFO - Filling up the DagBag from /opt/airflow/dags/modified_rest_pipeline.py
[2023-12-16T06:48:59.762+0000] {processor.py:839} INFO - DAG(s) dict_keys(['restapi-pipeline']) retrieved from /opt/airflow/dags/modified_rest_pipeline.py
[2023-12-16T06:48:59.769+0000] {logging_mixin.py:154} INFO - [2023-12-16T06:48:59.769+0000] {dag.py:2941} INFO - Sync 1 DAGs
[2023-12-16T06:48:59.780+0000] {logging_mixin.py:154} INFO - [2023-12-16T06:48:59.780+0000] {dag.py:3722} INFO - Setting next_dagrun for restapi-pipeline to 2023-12-16T00:00:00+00:00, run_after=2023-12-17T00:00:00+00:00
[2023-12-16T06:48:59.788+0000] {processor.py:179} INFO - Processing /opt/airflow/dags/modified_rest_pipeline.py took 0.091 seconds
[2023-12-16T06:49:30.208+0000] {processor.py:157} INFO - Started process (PID=8419) to work on /opt/airflow/dags/modified_rest_pipeline.py
[2023-12-16T06:49:30.209+0000] {processor.py:829} INFO - Processing file /opt/airflow/dags/modified_rest_pipeline.py for tasks to queue
[2023-12-16T06:49:30.212+0000] {logging_mixin.py:154} INFO - [2023-12-16T06:49:30.212+0000] {dagbag.py:536} INFO - Filling up the DagBag from /opt/airflow/dags/modified_rest_pipeline.py
[2023-12-16T06:49:30.264+0000] {processor.py:839} INFO - DAG(s) dict_keys(['restapi-pipeline']) retrieved from /opt/airflow/dags/modified_rest_pipeline.py
[2023-12-16T06:49:30.319+0000] {logging_mixin.py:154} INFO - [2023-12-16T06:49:30.318+0000] {dag.py:2941} INFO - Sync 1 DAGs
[2023-12-16T06:49:30.329+0000] {logging_mixin.py:154} INFO - [2023-12-16T06:49:30.329+0000] {dag.py:3722} INFO - Setting next_dagrun for restapi-pipeline to 2023-12-16T00:00:00+00:00, run_after=2023-12-17T00:00:00+00:00
[2023-12-16T06:49:30.338+0000] {processor.py:179} INFO - Processing /opt/airflow/dags/modified_rest_pipeline.py took 0.134 seconds
[2023-12-16T06:50:00.662+0000] {processor.py:157} INFO - Started process (PID=8446) to work on /opt/airflow/dags/modified_rest_pipeline.py
[2023-12-16T06:50:00.664+0000] {processor.py:829} INFO - Processing file /opt/airflow/dags/modified_rest_pipeline.py for tasks to queue
[2023-12-16T06:50:00.667+0000] {logging_mixin.py:154} INFO - [2023-12-16T06:50:00.667+0000] {dagbag.py:536} INFO - Filling up the DagBag from /opt/airflow/dags/modified_rest_pipeline.py
[2023-12-16T06:50:00.720+0000] {processor.py:839} INFO - DAG(s) dict_keys(['restapi-pipeline']) retrieved from /opt/airflow/dags/modified_rest_pipeline.py
[2023-12-16T06:50:00.735+0000] {logging_mixin.py:154} INFO - [2023-12-16T06:50:00.735+0000] {dag.py:2941} INFO - Sync 1 DAGs
[2023-12-16T06:50:00.746+0000] {logging_mixin.py:154} INFO - [2023-12-16T06:50:00.746+0000] {dag.py:3722} INFO - Setting next_dagrun for restapi-pipeline to 2023-12-16T00:00:00+00:00, run_after=2023-12-17T00:00:00+00:00
[2023-12-16T06:50:00.754+0000] {processor.py:179} INFO - Processing /opt/airflow/dags/modified_rest_pipeline.py took 0.096 seconds
[2023-12-16T06:50:31.396+0000] {processor.py:157} INFO - Started process (PID=8473) to work on /opt/airflow/dags/modified_rest_pipeline.py
[2023-12-16T06:50:31.397+0000] {processor.py:829} INFO - Processing file /opt/airflow/dags/modified_rest_pipeline.py for tasks to queue
[2023-12-16T06:50:31.401+0000] {logging_mixin.py:154} INFO - [2023-12-16T06:50:31.401+0000] {dagbag.py:536} INFO - Filling up the DagBag from /opt/airflow/dags/modified_rest_pipeline.py
[2023-12-16T06:50:31.457+0000] {processor.py:839} INFO - DAG(s) dict_keys(['restapi-pipeline']) retrieved from /opt/airflow/dags/modified_rest_pipeline.py
[2023-12-16T06:50:31.467+0000] {logging_mixin.py:154} INFO - [2023-12-16T06:50:31.467+0000] {dag.py:2941} INFO - Sync 1 DAGs
[2023-12-16T06:50:31.481+0000] {logging_mixin.py:154} INFO - [2023-12-16T06:50:31.481+0000] {dag.py:3722} INFO - Setting next_dagrun for restapi-pipeline to 2023-12-16T00:00:00+00:00, run_after=2023-12-17T00:00:00+00:00
[2023-12-16T06:50:31.490+0000] {processor.py:179} INFO - Processing /opt/airflow/dags/modified_rest_pipeline.py took 0.103 seconds
[2023-12-16T06:51:22.186+0000] {processor.py:157} INFO - Started process (PID=8492) to work on /opt/airflow/dags/modified_rest_pipeline.py
[2023-12-16T06:51:22.187+0000] {processor.py:829} INFO - Processing file /opt/airflow/dags/modified_rest_pipeline.py for tasks to queue
[2023-12-16T06:51:22.190+0000] {logging_mixin.py:154} INFO - [2023-12-16T06:51:22.189+0000] {dagbag.py:536} INFO - Filling up the DagBag from /opt/airflow/dags/modified_rest_pipeline.py
[2023-12-16T06:51:22.237+0000] {processor.py:839} INFO - DAG(s) dict_keys(['restapi-pipeline']) retrieved from /opt/airflow/dags/modified_rest_pipeline.py
[2023-12-16T06:51:22.297+0000] {logging_mixin.py:154} INFO - [2023-12-16T06:51:22.297+0000] {dag.py:2941} INFO - Sync 1 DAGs
[2023-12-16T06:51:22.309+0000] {logging_mixin.py:154} INFO - [2023-12-16T06:51:22.309+0000] {dag.py:3722} INFO - Setting next_dagrun for restapi-pipeline to 2023-12-16T00:00:00+00:00, run_after=2023-12-17T00:00:00+00:00
[2023-12-16T06:51:22.319+0000] {processor.py:179} INFO - Processing /opt/airflow/dags/modified_rest_pipeline.py took 0.137 seconds
[2023-12-16T06:51:52.674+0000] {processor.py:157} INFO - Started process (PID=8520) to work on /opt/airflow/dags/modified_rest_pipeline.py
[2023-12-16T06:51:52.676+0000] {processor.py:829} INFO - Processing file /opt/airflow/dags/modified_rest_pipeline.py for tasks to queue
[2023-12-16T06:51:52.681+0000] {logging_mixin.py:154} INFO - [2023-12-16T06:51:52.681+0000] {dagbag.py:536} INFO - Filling up the DagBag from /opt/airflow/dags/modified_rest_pipeline.py
[2023-12-16T06:51:52.751+0000] {processor.py:839} INFO - DAG(s) dict_keys(['restapi-pipeline']) retrieved from /opt/airflow/dags/modified_rest_pipeline.py
[2023-12-16T06:51:52.772+0000] {logging_mixin.py:154} INFO - [2023-12-16T06:51:52.772+0000] {dag.py:2941} INFO - Sync 1 DAGs
[2023-12-16T06:51:52.790+0000] {logging_mixin.py:154} INFO - [2023-12-16T06:51:52.790+0000] {dag.py:3722} INFO - Setting next_dagrun for restapi-pipeline to 2023-12-16T00:00:00+00:00, run_after=2023-12-17T00:00:00+00:00
[2023-12-16T06:51:52.800+0000] {processor.py:179} INFO - Processing /opt/airflow/dags/modified_rest_pipeline.py took 0.132 seconds
[2023-12-16T06:52:23.186+0000] {processor.py:157} INFO - Started process (PID=8547) to work on /opt/airflow/dags/modified_rest_pipeline.py
[2023-12-16T06:52:23.188+0000] {processor.py:829} INFO - Processing file /opt/airflow/dags/modified_rest_pipeline.py for tasks to queue
[2023-12-16T06:52:23.193+0000] {logging_mixin.py:154} INFO - [2023-12-16T06:52:23.192+0000] {dagbag.py:536} INFO - Filling up the DagBag from /opt/airflow/dags/modified_rest_pipeline.py
[2023-12-16T06:52:23.251+0000] {processor.py:839} INFO - DAG(s) dict_keys(['restapi-pipeline']) retrieved from /opt/airflow/dags/modified_rest_pipeline.py
[2023-12-16T06:52:23.339+0000] {logging_mixin.py:154} INFO - [2023-12-16T06:52:23.339+0000] {dag.py:2941} INFO - Sync 1 DAGs
[2023-12-16T06:52:23.353+0000] {logging_mixin.py:154} INFO - [2023-12-16T06:52:23.353+0000] {dag.py:3722} INFO - Setting next_dagrun for restapi-pipeline to 2023-12-16T00:00:00+00:00, run_after=2023-12-17T00:00:00+00:00
[2023-12-16T06:52:23.364+0000] {processor.py:179} INFO - Processing /opt/airflow/dags/modified_rest_pipeline.py took 0.185 seconds
[2023-12-16T06:52:53.711+0000] {processor.py:157} INFO - Started process (PID=8574) to work on /opt/airflow/dags/modified_rest_pipeline.py
[2023-12-16T06:52:53.713+0000] {processor.py:829} INFO - Processing file /opt/airflow/dags/modified_rest_pipeline.py for tasks to queue
[2023-12-16T06:52:53.719+0000] {logging_mixin.py:154} INFO - [2023-12-16T06:52:53.718+0000] {dagbag.py:536} INFO - Filling up the DagBag from /opt/airflow/dags/modified_rest_pipeline.py
[2023-12-16T06:52:53.777+0000] {processor.py:839} INFO - DAG(s) dict_keys(['restapi-pipeline']) retrieved from /opt/airflow/dags/modified_rest_pipeline.py
[2023-12-16T06:52:53.796+0000] {logging_mixin.py:154} INFO - [2023-12-16T06:52:53.795+0000] {dag.py:2941} INFO - Sync 1 DAGs
[2023-12-16T06:52:53.810+0000] {logging_mixin.py:154} INFO - [2023-12-16T06:52:53.810+0000] {dag.py:3722} INFO - Setting next_dagrun for restapi-pipeline to 2023-12-16T00:00:00+00:00, run_after=2023-12-17T00:00:00+00:00
[2023-12-16T06:52:53.819+0000] {processor.py:179} INFO - Processing /opt/airflow/dags/modified_rest_pipeline.py took 0.116 seconds
[2023-12-16T06:53:24.216+0000] {processor.py:157} INFO - Started process (PID=8601) to work on /opt/airflow/dags/modified_rest_pipeline.py
[2023-12-16T06:53:24.218+0000] {processor.py:829} INFO - Processing file /opt/airflow/dags/modified_rest_pipeline.py for tasks to queue
[2023-12-16T06:53:24.221+0000] {logging_mixin.py:154} INFO - [2023-12-16T06:53:24.221+0000] {dagbag.py:536} INFO - Filling up the DagBag from /opt/airflow/dags/modified_rest_pipeline.py
[2023-12-16T06:53:24.285+0000] {processor.py:839} INFO - DAG(s) dict_keys(['restapi-pipeline']) retrieved from /opt/airflow/dags/modified_rest_pipeline.py
[2023-12-16T06:53:24.340+0000] {logging_mixin.py:154} INFO - [2023-12-16T06:53:24.339+0000] {dag.py:2941} INFO - Sync 1 DAGs
[2023-12-16T06:53:24.352+0000] {logging_mixin.py:154} INFO - [2023-12-16T06:53:24.352+0000] {dag.py:3722} INFO - Setting next_dagrun for restapi-pipeline to 2023-12-16T00:00:00+00:00, run_after=2023-12-17T00:00:00+00:00
[2023-12-16T06:53:24.361+0000] {processor.py:179} INFO - Processing /opt/airflow/dags/modified_rest_pipeline.py took 0.152 seconds
[2023-12-16T06:53:54.822+0000] {processor.py:157} INFO - Started process (PID=8628) to work on /opt/airflow/dags/modified_rest_pipeline.py
[2023-12-16T06:53:54.823+0000] {processor.py:829} INFO - Processing file /opt/airflow/dags/modified_rest_pipeline.py for tasks to queue
[2023-12-16T06:53:54.827+0000] {logging_mixin.py:154} INFO - [2023-12-16T06:53:54.827+0000] {dagbag.py:536} INFO - Filling up the DagBag from /opt/airflow/dags/modified_rest_pipeline.py
[2023-12-16T06:53:54.880+0000] {processor.py:839} INFO - DAG(s) dict_keys(['restapi-pipeline']) retrieved from /opt/airflow/dags/modified_rest_pipeline.py
[2023-12-16T06:53:54.896+0000] {logging_mixin.py:154} INFO - [2023-12-16T06:53:54.896+0000] {dag.py:2941} INFO - Sync 1 DAGs
[2023-12-16T06:53:54.908+0000] {logging_mixin.py:154} INFO - [2023-12-16T06:53:54.908+0000] {dag.py:3722} INFO - Setting next_dagrun for restapi-pipeline to 2023-12-16T00:00:00+00:00, run_after=2023-12-17T00:00:00+00:00
[2023-12-16T06:53:54.915+0000] {processor.py:179} INFO - Processing /opt/airflow/dags/modified_rest_pipeline.py took 0.099 seconds
[2023-12-16T06:54:25.318+0000] {processor.py:157} INFO - Started process (PID=8655) to work on /opt/airflow/dags/modified_rest_pipeline.py
[2023-12-16T06:54:25.320+0000] {processor.py:829} INFO - Processing file /opt/airflow/dags/modified_rest_pipeline.py for tasks to queue
[2023-12-16T06:54:25.324+0000] {logging_mixin.py:154} INFO - [2023-12-16T06:54:25.324+0000] {dagbag.py:536} INFO - Filling up the DagBag from /opt/airflow/dags/modified_rest_pipeline.py
[2023-12-16T06:54:25.378+0000] {processor.py:839} INFO - DAG(s) dict_keys(['restapi-pipeline']) retrieved from /opt/airflow/dags/modified_rest_pipeline.py
[2023-12-16T06:54:25.440+0000] {logging_mixin.py:154} INFO - [2023-12-16T06:54:25.440+0000] {dag.py:2941} INFO - Sync 1 DAGs
[2023-12-16T06:54:25.453+0000] {logging_mixin.py:154} INFO - [2023-12-16T06:54:25.453+0000] {dag.py:3722} INFO - Setting next_dagrun for restapi-pipeline to 2023-12-16T00:00:00+00:00, run_after=2023-12-17T00:00:00+00:00
[2023-12-16T06:54:25.462+0000] {processor.py:179} INFO - Processing /opt/airflow/dags/modified_rest_pipeline.py took 0.151 seconds
[2023-12-16T06:54:55.808+0000] {processor.py:157} INFO - Started process (PID=8682) to work on /opt/airflow/dags/modified_rest_pipeline.py
[2023-12-16T06:54:55.810+0000] {processor.py:829} INFO - Processing file /opt/airflow/dags/modified_rest_pipeline.py for tasks to queue
[2023-12-16T06:54:55.814+0000] {logging_mixin.py:154} INFO - [2023-12-16T06:54:55.813+0000] {dagbag.py:536} INFO - Filling up the DagBag from /opt/airflow/dags/modified_rest_pipeline.py
[2023-12-16T06:54:55.869+0000] {processor.py:839} INFO - DAG(s) dict_keys(['restapi-pipeline']) retrieved from /opt/airflow/dags/modified_rest_pipeline.py
[2023-12-16T06:54:55.888+0000] {logging_mixin.py:154} INFO - [2023-12-16T06:54:55.888+0000] {dag.py:2941} INFO - Sync 1 DAGs
[2023-12-16T06:54:55.914+0000] {logging_mixin.py:154} INFO - [2023-12-16T06:54:55.913+0000] {dag.py:3722} INFO - Setting next_dagrun for restapi-pipeline to 2023-12-16T00:00:00+00:00, run_after=2023-12-17T00:00:00+00:00
[2023-12-16T06:54:55.924+0000] {processor.py:179} INFO - Processing /opt/airflow/dags/modified_rest_pipeline.py took 0.121 seconds
[2023-12-16T06:55:26.337+0000] {processor.py:157} INFO - Started process (PID=8709) to work on /opt/airflow/dags/modified_rest_pipeline.py
[2023-12-16T06:55:26.339+0000] {processor.py:829} INFO - Processing file /opt/airflow/dags/modified_rest_pipeline.py for tasks to queue
[2023-12-16T06:55:26.345+0000] {logging_mixin.py:154} INFO - [2023-12-16T06:55:26.344+0000] {dagbag.py:536} INFO - Filling up the DagBag from /opt/airflow/dags/modified_rest_pipeline.py
[2023-12-16T06:55:26.395+0000] {processor.py:839} INFO - DAG(s) dict_keys(['restapi-pipeline']) retrieved from /opt/airflow/dags/modified_rest_pipeline.py
[2023-12-16T06:55:26.452+0000] {logging_mixin.py:154} INFO - [2023-12-16T06:55:26.451+0000] {dag.py:2941} INFO - Sync 1 DAGs
[2023-12-16T06:55:26.464+0000] {logging_mixin.py:154} INFO - [2023-12-16T06:55:26.463+0000] {dag.py:3722} INFO - Setting next_dagrun for restapi-pipeline to 2023-12-16T00:00:00+00:00, run_after=2023-12-17T00:00:00+00:00
[2023-12-16T06:55:26.473+0000] {processor.py:179} INFO - Processing /opt/airflow/dags/modified_rest_pipeline.py took 0.143 seconds
[2023-12-16T06:55:56.909+0000] {processor.py:157} INFO - Started process (PID=8736) to work on /opt/airflow/dags/modified_rest_pipeline.py
[2023-12-16T06:55:56.911+0000] {processor.py:829} INFO - Processing file /opt/airflow/dags/modified_rest_pipeline.py for tasks to queue
[2023-12-16T06:55:56.916+0000] {logging_mixin.py:154} INFO - [2023-12-16T06:55:56.916+0000] {dagbag.py:536} INFO - Filling up the DagBag from /opt/airflow/dags/modified_rest_pipeline.py
[2023-12-16T06:55:56.969+0000] {processor.py:839} INFO - DAG(s) dict_keys(['restapi-pipeline']) retrieved from /opt/airflow/dags/modified_rest_pipeline.py
[2023-12-16T06:55:56.988+0000] {logging_mixin.py:154} INFO - [2023-12-16T06:55:56.988+0000] {dag.py:2941} INFO - Sync 1 DAGs
[2023-12-16T06:55:57.003+0000] {logging_mixin.py:154} INFO - [2023-12-16T06:55:57.003+0000] {dag.py:3722} INFO - Setting next_dagrun for restapi-pipeline to 2023-12-16T00:00:00+00:00, run_after=2023-12-17T00:00:00+00:00
[2023-12-16T06:55:57.015+0000] {processor.py:179} INFO - Processing /opt/airflow/dags/modified_rest_pipeline.py took 0.113 seconds
[2023-12-16T06:56:27.465+0000] {processor.py:157} INFO - Started process (PID=8763) to work on /opt/airflow/dags/modified_rest_pipeline.py
[2023-12-16T06:56:27.466+0000] {processor.py:829} INFO - Processing file /opt/airflow/dags/modified_rest_pipeline.py for tasks to queue
[2023-12-16T06:56:27.471+0000] {logging_mixin.py:154} INFO - [2023-12-16T06:56:27.470+0000] {dagbag.py:536} INFO - Filling up the DagBag from /opt/airflow/dags/modified_rest_pipeline.py
[2023-12-16T06:56:27.526+0000] {processor.py:839} INFO - DAG(s) dict_keys(['restapi-pipeline']) retrieved from /opt/airflow/dags/modified_rest_pipeline.py
[2023-12-16T06:56:27.592+0000] {logging_mixin.py:154} INFO - [2023-12-16T06:56:27.592+0000] {dag.py:2941} INFO - Sync 1 DAGs
[2023-12-16T06:56:27.604+0000] {logging_mixin.py:154} INFO - [2023-12-16T06:56:27.604+0000] {dag.py:3722} INFO - Setting next_dagrun for restapi-pipeline to 2023-12-16T00:00:00+00:00, run_after=2023-12-17T00:00:00+00:00
[2023-12-16T06:56:27.613+0000] {processor.py:179} INFO - Processing /opt/airflow/dags/modified_rest_pipeline.py took 0.154 seconds
[2023-12-16T06:56:57.892+0000] {processor.py:157} INFO - Started process (PID=8790) to work on /opt/airflow/dags/modified_rest_pipeline.py
[2023-12-16T06:56:57.894+0000] {processor.py:829} INFO - Processing file /opt/airflow/dags/modified_rest_pipeline.py for tasks to queue
[2023-12-16T06:56:57.896+0000] {logging_mixin.py:154} INFO - [2023-12-16T06:56:57.896+0000] {dagbag.py:536} INFO - Filling up the DagBag from /opt/airflow/dags/modified_rest_pipeline.py
[2023-12-16T06:56:57.944+0000] {processor.py:839} INFO - DAG(s) dict_keys(['restapi-pipeline']) retrieved from /opt/airflow/dags/modified_rest_pipeline.py
[2023-12-16T06:56:57.960+0000] {logging_mixin.py:154} INFO - [2023-12-16T06:56:57.960+0000] {dag.py:2941} INFO - Sync 1 DAGs
[2023-12-16T06:56:57.971+0000] {logging_mixin.py:154} INFO - [2023-12-16T06:56:57.971+0000] {dag.py:3722} INFO - Setting next_dagrun for restapi-pipeline to 2023-12-16T00:00:00+00:00, run_after=2023-12-17T00:00:00+00:00
[2023-12-16T06:56:57.980+0000] {processor.py:179} INFO - Processing /opt/airflow/dags/modified_rest_pipeline.py took 0.093 seconds
[2023-12-16T06:57:28.425+0000] {processor.py:157} INFO - Started process (PID=8817) to work on /opt/airflow/dags/modified_rest_pipeline.py
[2023-12-16T06:57:28.428+0000] {processor.py:829} INFO - Processing file /opt/airflow/dags/modified_rest_pipeline.py for tasks to queue
[2023-12-16T06:57:28.432+0000] {logging_mixin.py:154} INFO - [2023-12-16T06:57:28.432+0000] {dagbag.py:536} INFO - Filling up the DagBag from /opt/airflow/dags/modified_rest_pipeline.py
[2023-12-16T06:57:28.489+0000] {processor.py:839} INFO - DAG(s) dict_keys(['restapi-pipeline']) retrieved from /opt/airflow/dags/modified_rest_pipeline.py
[2023-12-16T06:57:28.554+0000] {logging_mixin.py:154} INFO - [2023-12-16T06:57:28.554+0000] {dag.py:2941} INFO - Sync 1 DAGs
[2023-12-16T06:57:28.567+0000] {logging_mixin.py:154} INFO - [2023-12-16T06:57:28.566+0000] {dag.py:3722} INFO - Setting next_dagrun for restapi-pipeline to 2023-12-16T00:00:00+00:00, run_after=2023-12-17T00:00:00+00:00
[2023-12-16T06:57:28.577+0000] {processor.py:179} INFO - Processing /opt/airflow/dags/modified_rest_pipeline.py took 0.158 seconds
[2023-12-16T06:57:58.931+0000] {processor.py:157} INFO - Started process (PID=8844) to work on /opt/airflow/dags/modified_rest_pipeline.py
[2023-12-16T06:57:58.932+0000] {processor.py:829} INFO - Processing file /opt/airflow/dags/modified_rest_pipeline.py for tasks to queue
[2023-12-16T06:57:58.935+0000] {logging_mixin.py:154} INFO - [2023-12-16T06:57:58.934+0000] {dagbag.py:536} INFO - Filling up the DagBag from /opt/airflow/dags/modified_rest_pipeline.py
[2023-12-16T06:57:58.982+0000] {processor.py:839} INFO - DAG(s) dict_keys(['restapi-pipeline']) retrieved from /opt/airflow/dags/modified_rest_pipeline.py
[2023-12-16T06:57:58.997+0000] {logging_mixin.py:154} INFO - [2023-12-16T06:57:58.997+0000] {dag.py:2941} INFO - Sync 1 DAGs
[2023-12-16T06:57:59.010+0000] {logging_mixin.py:154} INFO - [2023-12-16T06:57:59.009+0000] {dag.py:3722} INFO - Setting next_dagrun for restapi-pipeline to 2023-12-16T00:00:00+00:00, run_after=2023-12-17T00:00:00+00:00
[2023-12-16T06:57:59.018+0000] {processor.py:179} INFO - Processing /opt/airflow/dags/modified_rest_pipeline.py took 0.091 seconds
[2023-12-16T06:58:29.424+0000] {processor.py:157} INFO - Started process (PID=8871) to work on /opt/airflow/dags/modified_rest_pipeline.py
[2023-12-16T06:58:29.425+0000] {processor.py:829} INFO - Processing file /opt/airflow/dags/modified_rest_pipeline.py for tasks to queue
[2023-12-16T06:58:29.429+0000] {logging_mixin.py:154} INFO - [2023-12-16T06:58:29.429+0000] {dagbag.py:536} INFO - Filling up the DagBag from /opt/airflow/dags/modified_rest_pipeline.py
[2023-12-16T06:58:29.481+0000] {processor.py:839} INFO - DAG(s) dict_keys(['restapi-pipeline']) retrieved from /opt/airflow/dags/modified_rest_pipeline.py
[2023-12-16T06:58:29.551+0000] {logging_mixin.py:154} INFO - [2023-12-16T06:58:29.550+0000] {dag.py:2941} INFO - Sync 1 DAGs
[2023-12-16T06:58:29.565+0000] {logging_mixin.py:154} INFO - [2023-12-16T06:58:29.564+0000] {dag.py:3722} INFO - Setting next_dagrun for restapi-pipeline to 2023-12-16T00:00:00+00:00, run_after=2023-12-17T00:00:00+00:00
[2023-12-16T06:58:29.576+0000] {processor.py:179} INFO - Processing /opt/airflow/dags/modified_rest_pipeline.py took 0.156 seconds
[2023-12-16T06:58:59.907+0000] {processor.py:157} INFO - Started process (PID=8898) to work on /opt/airflow/dags/modified_rest_pipeline.py
[2023-12-16T06:58:59.908+0000] {processor.py:829} INFO - Processing file /opt/airflow/dags/modified_rest_pipeline.py for tasks to queue
[2023-12-16T06:58:59.911+0000] {logging_mixin.py:154} INFO - [2023-12-16T06:58:59.911+0000] {dagbag.py:536} INFO - Filling up the DagBag from /opt/airflow/dags/modified_rest_pipeline.py
[2023-12-16T06:58:59.962+0000] {processor.py:839} INFO - DAG(s) dict_keys(['restapi-pipeline']) retrieved from /opt/airflow/dags/modified_rest_pipeline.py
[2023-12-16T06:58:59.981+0000] {logging_mixin.py:154} INFO - [2023-12-16T06:58:59.980+0000] {dag.py:2941} INFO - Sync 1 DAGs
[2023-12-16T06:58:59.995+0000] {logging_mixin.py:154} INFO - [2023-12-16T06:58:59.995+0000] {dag.py:3722} INFO - Setting next_dagrun for restapi-pipeline to 2023-12-16T00:00:00+00:00, run_after=2023-12-17T00:00:00+00:00
[2023-12-16T06:59:00.006+0000] {processor.py:179} INFO - Processing /opt/airflow/dags/modified_rest_pipeline.py took 0.103 seconds
[2023-12-16T06:59:15.278+0000] {processor.py:157} INFO - Started process (PID=8918) to work on /opt/airflow/dags/modified_rest_pipeline.py
[2023-12-16T06:59:15.279+0000] {processor.py:829} INFO - Processing file /opt/airflow/dags/modified_rest_pipeline.py for tasks to queue
[2023-12-16T06:59:15.283+0000] {logging_mixin.py:154} INFO - [2023-12-16T06:59:15.283+0000] {dagbag.py:536} INFO - Filling up the DagBag from /opt/airflow/dags/modified_rest_pipeline.py
[2023-12-16T06:59:15.342+0000] {processor.py:839} INFO - DAG(s) dict_keys(['restapi-pipeline']) retrieved from /opt/airflow/dags/modified_rest_pipeline.py
[2023-12-16T06:59:15.349+0000] {logging_mixin.py:154} INFO - [2023-12-16T06:59:15.349+0000] {dag.py:2941} INFO - Sync 1 DAGs
[2023-12-16T06:59:15.361+0000] {logging_mixin.py:154} INFO - [2023-12-16T06:59:15.361+0000] {dag.py:3722} INFO - Setting next_dagrun for restapi-pipeline to 2023-12-16T00:00:00+00:00, run_after=2023-12-17T00:00:00+00:00
[2023-12-16T06:59:15.371+0000] {processor.py:179} INFO - Processing /opt/airflow/dags/modified_rest_pipeline.py took 0.100 seconds
[2023-12-16T06:59:16.401+0000] {processor.py:157} INFO - Started process (PID=8923) to work on /opt/airflow/dags/modified_rest_pipeline.py
[2023-12-16T06:59:16.402+0000] {processor.py:829} INFO - Processing file /opt/airflow/dags/modified_rest_pipeline.py for tasks to queue
[2023-12-16T06:59:16.404+0000] {logging_mixin.py:154} INFO - [2023-12-16T06:59:16.404+0000] {dagbag.py:536} INFO - Filling up the DagBag from /opt/airflow/dags/modified_rest_pipeline.py
[2023-12-16T06:59:16.451+0000] {processor.py:839} INFO - DAG(s) dict_keys(['restapi-pipeline']) retrieved from /opt/airflow/dags/modified_rest_pipeline.py
[2023-12-16T06:59:16.462+0000] {logging_mixin.py:154} INFO - [2023-12-16T06:59:16.461+0000] {dag.py:2941} INFO - Sync 1 DAGs
[2023-12-16T06:59:16.521+0000] {logging_mixin.py:154} INFO - [2023-12-16T06:59:16.521+0000] {dag.py:3722} INFO - Setting next_dagrun for restapi-pipeline to 2023-12-16T00:00:00+00:00, run_after=2023-12-17T00:00:00+00:00
[2023-12-16T06:59:16.533+0000] {processor.py:179} INFO - Processing /opt/airflow/dags/modified_rest_pipeline.py took 0.136 seconds
[2023-12-16T06:59:37.816+0000] {processor.py:157} INFO - Started process (PID=8950) to work on /opt/airflow/dags/modified_rest_pipeline.py
[2023-12-16T06:59:37.818+0000] {processor.py:829} INFO - Processing file /opt/airflow/dags/modified_rest_pipeline.py for tasks to queue
[2023-12-16T06:59:37.820+0000] {logging_mixin.py:154} INFO - [2023-12-16T06:59:37.820+0000] {dagbag.py:536} INFO - Filling up the DagBag from /opt/airflow/dags/modified_rest_pipeline.py
[2023-12-16T06:59:37.870+0000] {processor.py:839} INFO - DAG(s) dict_keys(['restapi-pipeline']) retrieved from /opt/airflow/dags/modified_rest_pipeline.py
[2023-12-16T06:59:37.931+0000] {logging_mixin.py:154} INFO - [2023-12-16T06:59:37.930+0000] {dag.py:2941} INFO - Sync 1 DAGs
[2023-12-16T06:59:37.941+0000] {logging_mixin.py:154} INFO - [2023-12-16T06:59:37.941+0000] {dag.py:3722} INFO - Setting next_dagrun for restapi-pipeline to 2023-12-16T00:00:00+00:00, run_after=2023-12-17T00:00:00+00:00
[2023-12-16T06:59:37.952+0000] {processor.py:179} INFO - Processing /opt/airflow/dags/modified_rest_pipeline.py took 0.138 seconds
[2023-12-16T07:00:39.387+0000] {processor.py:157} INFO - Started process (PID=169) to work on /opt/airflow/dags/modified_rest_pipeline.py
[2023-12-16T07:00:39.388+0000] {processor.py:829} INFO - Processing file /opt/airflow/dags/modified_rest_pipeline.py for tasks to queue
[2023-12-16T07:00:39.391+0000] {logging_mixin.py:154} INFO - [2023-12-16T07:00:39.390+0000] {dagbag.py:536} INFO - Filling up the DagBag from /opt/airflow/dags/modified_rest_pipeline.py
[2023-12-16T07:00:39.567+0000] {processor.py:839} INFO - DAG(s) dict_keys(['restapi-pipeline']) retrieved from /opt/airflow/dags/modified_rest_pipeline.py
[2023-12-16T07:00:39.692+0000] {logging_mixin.py:154} INFO - [2023-12-16T07:00:39.692+0000] {dag.py:2941} INFO - Sync 1 DAGs
[2023-12-16T07:00:39.705+0000] {logging_mixin.py:154} INFO - [2023-12-16T07:00:39.705+0000] {dag.py:3722} INFO - Setting next_dagrun for restapi-pipeline to 2023-12-16T00:00:00+00:00, run_after=2023-12-17T00:00:00+00:00
[2023-12-16T07:00:39.718+0000] {processor.py:179} INFO - Processing /opt/airflow/dags/modified_rest_pipeline.py took 0.335 seconds
[2023-12-16T07:01:10.338+0000] {processor.py:157} INFO - Started process (PID=195) to work on /opt/airflow/dags/modified_rest_pipeline.py
[2023-12-16T07:01:10.339+0000] {processor.py:829} INFO - Processing file /opt/airflow/dags/modified_rest_pipeline.py for tasks to queue
[2023-12-16T07:01:10.344+0000] {logging_mixin.py:154} INFO - [2023-12-16T07:01:10.343+0000] {dagbag.py:536} INFO - Filling up the DagBag from /opt/airflow/dags/modified_rest_pipeline.py
[2023-12-16T07:01:10.404+0000] {processor.py:839} INFO - DAG(s) dict_keys(['restapi-pipeline']) retrieved from /opt/airflow/dags/modified_rest_pipeline.py
[2023-12-16T07:01:10.423+0000] {logging_mixin.py:154} INFO - [2023-12-16T07:01:10.422+0000] {dag.py:2941} INFO - Sync 1 DAGs
[2023-12-16T07:01:10.438+0000] {logging_mixin.py:154} INFO - [2023-12-16T07:01:10.438+0000] {dag.py:3722} INFO - Setting next_dagrun for restapi-pipeline to 2023-12-16T00:00:00+00:00, run_after=2023-12-17T00:00:00+00:00
[2023-12-16T07:01:10.446+0000] {processor.py:179} INFO - Processing /opt/airflow/dags/modified_rest_pipeline.py took 0.115 seconds
[2023-12-16T07:01:40.842+0000] {processor.py:157} INFO - Started process (PID=222) to work on /opt/airflow/dags/modified_rest_pipeline.py
[2023-12-16T07:01:40.844+0000] {processor.py:829} INFO - Processing file /opt/airflow/dags/modified_rest_pipeline.py for tasks to queue
[2023-12-16T07:01:40.847+0000] {logging_mixin.py:154} INFO - [2023-12-16T07:01:40.847+0000] {dagbag.py:536} INFO - Filling up the DagBag from /opt/airflow/dags/modified_rest_pipeline.py
[2023-12-16T07:01:40.910+0000] {processor.py:839} INFO - DAG(s) dict_keys(['restapi-pipeline']) retrieved from /opt/airflow/dags/modified_rest_pipeline.py
[2023-12-16T07:01:40.997+0000] {logging_mixin.py:154} INFO - [2023-12-16T07:01:40.996+0000] {dag.py:2941} INFO - Sync 1 DAGs
[2023-12-16T07:01:41.011+0000] {logging_mixin.py:154} INFO - [2023-12-16T07:01:41.011+0000] {dag.py:3722} INFO - Setting next_dagrun for restapi-pipeline to 2023-12-16T00:00:00+00:00, run_after=2023-12-17T00:00:00+00:00
[2023-12-16T07:01:41.022+0000] {processor.py:179} INFO - Processing /opt/airflow/dags/modified_rest_pipeline.py took 0.186 seconds
