[2023-12-16T01:03:17.263+0000] {processor.py:157} INFO - Started process (PID=6442) to work on /opt/airflow/dags/snowflake_dag.py
[2023-12-16T01:03:17.269+0000] {processor.py:829} INFO - Processing file /opt/airflow/dags/snowflake_dag.py for tasks to queue
[2023-12-16T01:03:17.278+0000] {logging_mixin.py:154} INFO - [2023-12-16T01:03:17.277+0000] {dagbag.py:536} INFO - Filling up the DagBag from /opt/airflow/dags/snowflake_dag.py
[2023-12-16T01:03:17.310+0000] {processor.py:839} INFO - DAG(s) dict_keys(['snow_pipeline']) retrieved from /opt/airflow/dags/snowflake_dag.py
[2023-12-16T01:03:17.370+0000] {logging_mixin.py:154} INFO - [2023-12-16T01:03:17.368+0000] {dag.py:2941} INFO - Sync 1 DAGs
[2023-12-16T01:03:17.408+0000] {logging_mixin.py:154} INFO - [2023-12-16T01:03:17.408+0000] {dag.py:3722} INFO - Setting next_dagrun for snow_pipeline to 2023-12-16T00:00:00+00:00, run_after=2023-12-17T00:00:00+00:00
[2023-12-16T01:03:17.464+0000] {processor.py:179} INFO - Processing /opt/airflow/dags/snowflake_dag.py took 0.233 seconds
[2023-12-16T02:24:47.349+0000] {processor.py:157} INFO - Started process (PID=6497) to work on /opt/airflow/dags/snowflake_dag.py
[2023-12-16T02:24:47.350+0000] {processor.py:829} INFO - Processing file /opt/airflow/dags/snowflake_dag.py for tasks to queue
[2023-12-16T02:24:47.353+0000] {logging_mixin.py:154} INFO - [2023-12-16T02:24:47.353+0000] {dagbag.py:536} INFO - Filling up the DagBag from /opt/airflow/dags/snowflake_dag.py
[2023-12-16T02:24:47.365+0000] {processor.py:839} INFO - DAG(s) dict_keys(['snow_pipeline']) retrieved from /opt/airflow/dags/snowflake_dag.py
[2023-12-16T02:24:47.382+0000] {logging_mixin.py:154} INFO - [2023-12-16T02:24:47.382+0000] {dag.py:2941} INFO - Sync 1 DAGs
[2023-12-16T02:24:47.395+0000] {logging_mixin.py:154} INFO - [2023-12-16T02:24:47.395+0000] {dag.py:3722} INFO - Setting next_dagrun for snow_pipeline to 2023-12-16T00:00:00+00:00, run_after=2023-12-17T00:00:00+00:00
[2023-12-16T02:24:47.407+0000] {processor.py:179} INFO - Processing /opt/airflow/dags/snowflake_dag.py took 0.061 seconds
[2023-12-16T03:16:38.953+0000] {processor.py:157} INFO - Started process (PID=6571) to work on /opt/airflow/dags/snowflake_dag.py
[2023-12-16T03:16:38.954+0000] {processor.py:829} INFO - Processing file /opt/airflow/dags/snowflake_dag.py for tasks to queue
[2023-12-16T03:16:38.956+0000] {logging_mixin.py:154} INFO - [2023-12-16T03:16:38.956+0000] {dagbag.py:536} INFO - Filling up the DagBag from /opt/airflow/dags/snowflake_dag.py
[2023-12-16T03:16:38.969+0000] {processor.py:839} INFO - DAG(s) dict_keys(['snow_pipeline']) retrieved from /opt/airflow/dags/snowflake_dag.py
[2023-12-16T03:16:39.000+0000] {logging_mixin.py:154} INFO - [2023-12-16T03:16:38.999+0000] {dag.py:2941} INFO - Sync 1 DAGs
[2023-12-16T03:16:39.021+0000] {logging_mixin.py:154} INFO - [2023-12-16T03:16:39.021+0000] {dag.py:3722} INFO - Setting next_dagrun for snow_pipeline to 2023-12-16T00:00:00+00:00, run_after=2023-12-17T00:00:00+00:00
[2023-12-16T03:16:39.049+0000] {processor.py:179} INFO - Processing /opt/airflow/dags/snowflake_dag.py took 0.100 seconds
[2023-12-16T04:21:56.884+0000] {processor.py:157} INFO - Started process (PID=6593) to work on /opt/airflow/dags/snowflake_dag.py
[2023-12-16T04:21:56.885+0000] {processor.py:829} INFO - Processing file /opt/airflow/dags/snowflake_dag.py for tasks to queue
[2023-12-16T04:21:56.888+0000] {logging_mixin.py:154} INFO - [2023-12-16T04:21:56.887+0000] {dagbag.py:536} INFO - Filling up the DagBag from /opt/airflow/dags/snowflake_dag.py
[2023-12-16T04:21:56.902+0000] {processor.py:839} INFO - DAG(s) dict_keys(['snow_pipeline']) retrieved from /opt/airflow/dags/snowflake_dag.py
[2023-12-16T04:21:56.921+0000] {logging_mixin.py:154} INFO - [2023-12-16T04:21:56.921+0000] {dag.py:2941} INFO - Sync 1 DAGs
[2023-12-16T04:21:56.952+0000] {logging_mixin.py:154} INFO - [2023-12-16T04:21:56.952+0000] {dag.py:3722} INFO - Setting next_dagrun for snow_pipeline to 2023-12-16T00:00:00+00:00, run_after=2023-12-17T00:00:00+00:00
[2023-12-16T04:21:56.962+0000] {processor.py:179} INFO - Processing /opt/airflow/dags/snowflake_dag.py took 0.082 seconds
[2023-12-16T04:55:14.618+0000] {processor.py:157} INFO - Started process (PID=6615) to work on /opt/airflow/dags/snowflake_dag.py
[2023-12-16T04:55:14.621+0000] {processor.py:829} INFO - Processing file /opt/airflow/dags/snowflake_dag.py for tasks to queue
[2023-12-16T04:55:14.629+0000] {logging_mixin.py:154} INFO - [2023-12-16T04:55:14.629+0000] {dagbag.py:536} INFO - Filling up the DagBag from /opt/airflow/dags/snowflake_dag.py
[2023-12-16T04:55:14.656+0000] {processor.py:839} INFO - DAG(s) dict_keys(['snow_pipeline']) retrieved from /opt/airflow/dags/snowflake_dag.py
[2023-12-16T04:55:14.708+0000] {logging_mixin.py:154} INFO - [2023-12-16T04:55:14.706+0000] {dag.py:2941} INFO - Sync 1 DAGs
[2023-12-16T04:55:14.757+0000] {logging_mixin.py:154} INFO - [2023-12-16T04:55:14.756+0000] {dag.py:3722} INFO - Setting next_dagrun for snow_pipeline to 2023-12-16T00:00:00+00:00, run_after=2023-12-17T00:00:00+00:00
[2023-12-16T04:55:14.809+0000] {processor.py:179} INFO - Processing /opt/airflow/dags/snowflake_dag.py took 0.200 seconds
[2023-12-16T05:11:13.011+0000] {processor.py:157} INFO - Started process (PID=6637) to work on /opt/airflow/dags/snowflake_dag.py
[2023-12-16T05:11:13.012+0000] {processor.py:829} INFO - Processing file /opt/airflow/dags/snowflake_dag.py for tasks to queue
[2023-12-16T05:11:13.016+0000] {logging_mixin.py:154} INFO - [2023-12-16T05:11:13.016+0000] {dagbag.py:536} INFO - Filling up the DagBag from /opt/airflow/dags/snowflake_dag.py
[2023-12-16T05:11:13.037+0000] {processor.py:839} INFO - DAG(s) dict_keys(['snow_pipeline']) retrieved from /opt/airflow/dags/snowflake_dag.py
[2023-12-16T05:11:13.059+0000] {logging_mixin.py:154} INFO - [2023-12-16T05:11:13.058+0000] {dag.py:2941} INFO - Sync 1 DAGs
[2023-12-16T05:11:13.076+0000] {logging_mixin.py:154} INFO - [2023-12-16T05:11:13.076+0000] {dag.py:3722} INFO - Setting next_dagrun for snow_pipeline to 2023-12-16T00:00:00+00:00, run_after=2023-12-17T00:00:00+00:00
[2023-12-16T05:11:13.086+0000] {processor.py:179} INFO - Processing /opt/airflow/dags/snowflake_dag.py took 0.080 seconds
[2023-12-16T05:12:13.350+0000] {processor.py:157} INFO - Started process (PID=6659) to work on /opt/airflow/dags/snowflake_dag.py
[2023-12-16T05:12:13.351+0000] {processor.py:829} INFO - Processing file /opt/airflow/dags/snowflake_dag.py for tasks to queue
[2023-12-16T05:12:13.361+0000] {logging_mixin.py:154} INFO - [2023-12-16T05:12:13.360+0000] {dagbag.py:536} INFO - Filling up the DagBag from /opt/airflow/dags/snowflake_dag.py
[2023-12-16T05:12:13.394+0000] {processor.py:839} INFO - DAG(s) dict_keys(['snow_pipeline']) retrieved from /opt/airflow/dags/snowflake_dag.py
[2023-12-16T05:12:13.417+0000] {logging_mixin.py:154} INFO - [2023-12-16T05:12:13.416+0000] {dag.py:2941} INFO - Sync 1 DAGs
[2023-12-16T05:12:13.432+0000] {logging_mixin.py:154} INFO - [2023-12-16T05:12:13.432+0000] {dag.py:3722} INFO - Setting next_dagrun for snow_pipeline to 2023-12-16T00:00:00+00:00, run_after=2023-12-17T00:00:00+00:00
[2023-12-16T05:12:13.441+0000] {processor.py:179} INFO - Processing /opt/airflow/dags/snowflake_dag.py took 0.096 seconds
[2023-12-16T05:35:03.181+0000] {processor.py:157} INFO - Started process (PID=6681) to work on /opt/airflow/dags/snowflake_dag.py
[2023-12-16T05:35:03.182+0000] {processor.py:829} INFO - Processing file /opt/airflow/dags/snowflake_dag.py for tasks to queue
[2023-12-16T05:35:03.187+0000] {logging_mixin.py:154} INFO - [2023-12-16T05:35:03.187+0000] {dagbag.py:536} INFO - Filling up the DagBag from /opt/airflow/dags/snowflake_dag.py
[2023-12-16T05:35:03.204+0000] {processor.py:839} INFO - DAG(s) dict_keys(['snow_pipeline']) retrieved from /opt/airflow/dags/snowflake_dag.py
[2023-12-16T05:35:03.227+0000] {logging_mixin.py:154} INFO - [2023-12-16T05:35:03.227+0000] {dag.py:2941} INFO - Sync 1 DAGs
[2023-12-16T05:35:03.244+0000] {logging_mixin.py:154} INFO - [2023-12-16T05:35:03.244+0000] {dag.py:3722} INFO - Setting next_dagrun for snow_pipeline to 2023-12-16T00:00:00+00:00, run_after=2023-12-17T00:00:00+00:00
[2023-12-16T05:35:03.253+0000] {processor.py:179} INFO - Processing /opt/airflow/dags/snowflake_dag.py took 0.078 seconds
[2023-12-16T06:16:19.998+0000] {processor.py:157} INFO - Started process (PID=6705) to work on /opt/airflow/dags/snowflake_dag.py
[2023-12-16T06:16:20.001+0000] {processor.py:829} INFO - Processing file /opt/airflow/dags/snowflake_dag.py for tasks to queue
[2023-12-16T06:16:20.009+0000] {logging_mixin.py:154} INFO - [2023-12-16T06:16:20.008+0000] {dagbag.py:536} INFO - Filling up the DagBag from /opt/airflow/dags/snowflake_dag.py
[2023-12-16T06:16:20.046+0000] {processor.py:839} INFO - DAG(s) dict_keys(['snow_pipeline']) retrieved from /opt/airflow/dags/snowflake_dag.py
[2023-12-16T06:16:20.106+0000] {logging_mixin.py:154} INFO - [2023-12-16T06:16:20.104+0000] {dag.py:2941} INFO - Sync 1 DAGs
[2023-12-16T06:16:20.148+0000] {logging_mixin.py:154} INFO - [2023-12-16T06:16:20.147+0000] {dag.py:3722} INFO - Setting next_dagrun for snow_pipeline to 2023-12-16T00:00:00+00:00, run_after=2023-12-17T00:00:00+00:00
[2023-12-16T06:16:20.184+0000] {processor.py:179} INFO - Processing /opt/airflow/dags/snowflake_dag.py took 0.191 seconds
[2023-12-16T06:16:50.613+0000] {processor.py:157} INFO - Started process (PID=6727) to work on /opt/airflow/dags/snowflake_dag.py
[2023-12-16T06:16:50.614+0000] {processor.py:829} INFO - Processing file /opt/airflow/dags/snowflake_dag.py for tasks to queue
[2023-12-16T06:16:50.618+0000] {logging_mixin.py:154} INFO - [2023-12-16T06:16:50.618+0000] {dagbag.py:536} INFO - Filling up the DagBag from /opt/airflow/dags/snowflake_dag.py
[2023-12-16T06:16:50.647+0000] {processor.py:839} INFO - DAG(s) dict_keys(['snow_pipeline']) retrieved from /opt/airflow/dags/snowflake_dag.py
[2023-12-16T06:16:50.667+0000] {logging_mixin.py:154} INFO - [2023-12-16T06:16:50.666+0000] {dag.py:2941} INFO - Sync 1 DAGs
[2023-12-16T06:16:50.684+0000] {logging_mixin.py:154} INFO - [2023-12-16T06:16:50.684+0000] {dag.py:3722} INFO - Setting next_dagrun for snow_pipeline to 2023-12-16T00:00:00+00:00, run_after=2023-12-17T00:00:00+00:00
[2023-12-16T06:16:50.693+0000] {processor.py:179} INFO - Processing /opt/airflow/dags/snowflake_dag.py took 0.086 seconds
[2023-12-16T06:17:21.115+0000] {processor.py:157} INFO - Started process (PID=6748) to work on /opt/airflow/dags/snowflake_dag.py
[2023-12-16T06:17:21.117+0000] {processor.py:829} INFO - Processing file /opt/airflow/dags/snowflake_dag.py for tasks to queue
[2023-12-16T06:17:21.121+0000] {logging_mixin.py:154} INFO - [2023-12-16T06:17:21.121+0000] {dagbag.py:536} INFO - Filling up the DagBag from /opt/airflow/dags/snowflake_dag.py
[2023-12-16T06:17:21.139+0000] {processor.py:839} INFO - DAG(s) dict_keys(['snow_pipeline']) retrieved from /opt/airflow/dags/snowflake_dag.py
[2023-12-16T06:17:21.160+0000] {logging_mixin.py:154} INFO - [2023-12-16T06:17:21.159+0000] {dag.py:2941} INFO - Sync 1 DAGs
[2023-12-16T06:17:21.175+0000] {logging_mixin.py:154} INFO - [2023-12-16T06:17:21.175+0000] {dag.py:3722} INFO - Setting next_dagrun for snow_pipeline to 2023-12-16T00:00:00+00:00, run_after=2023-12-17T00:00:00+00:00
[2023-12-16T06:17:21.185+0000] {processor.py:179} INFO - Processing /opt/airflow/dags/snowflake_dag.py took 0.076 seconds
[2023-12-16T06:17:51.577+0000] {processor.py:157} INFO - Started process (PID=6770) to work on /opt/airflow/dags/snowflake_dag.py
[2023-12-16T06:17:51.579+0000] {processor.py:829} INFO - Processing file /opt/airflow/dags/snowflake_dag.py for tasks to queue
[2023-12-16T06:17:51.584+0000] {logging_mixin.py:154} INFO - [2023-12-16T06:17:51.583+0000] {dagbag.py:536} INFO - Filling up the DagBag from /opt/airflow/dags/snowflake_dag.py
[2023-12-16T06:17:51.602+0000] {processor.py:839} INFO - DAG(s) dict_keys(['snow_pipeline']) retrieved from /opt/airflow/dags/snowflake_dag.py
[2023-12-16T06:17:51.623+0000] {logging_mixin.py:154} INFO - [2023-12-16T06:17:51.623+0000] {dag.py:2941} INFO - Sync 1 DAGs
[2023-12-16T06:17:51.639+0000] {logging_mixin.py:154} INFO - [2023-12-16T06:17:51.639+0000] {dag.py:3722} INFO - Setting next_dagrun for snow_pipeline to 2023-12-16T00:00:00+00:00, run_after=2023-12-17T00:00:00+00:00
[2023-12-16T06:17:51.649+0000] {processor.py:179} INFO - Processing /opt/airflow/dags/snowflake_dag.py took 0.079 seconds
[2023-12-16T06:18:22.039+0000] {processor.py:157} INFO - Started process (PID=6792) to work on /opt/airflow/dags/snowflake_dag.py
[2023-12-16T06:18:22.041+0000] {processor.py:829} INFO - Processing file /opt/airflow/dags/snowflake_dag.py for tasks to queue
[2023-12-16T06:18:22.047+0000] {logging_mixin.py:154} INFO - [2023-12-16T06:18:22.045+0000] {dagbag.py:536} INFO - Filling up the DagBag from /opt/airflow/dags/snowflake_dag.py
[2023-12-16T06:18:22.074+0000] {processor.py:839} INFO - DAG(s) dict_keys(['snow_pipeline']) retrieved from /opt/airflow/dags/snowflake_dag.py
[2023-12-16T06:18:22.101+0000] {logging_mixin.py:154} INFO - [2023-12-16T06:18:22.100+0000] {dag.py:2941} INFO - Sync 1 DAGs
[2023-12-16T06:18:22.118+0000] {logging_mixin.py:154} INFO - [2023-12-16T06:18:22.118+0000] {dag.py:3722} INFO - Setting next_dagrun for snow_pipeline to 2023-12-16T00:00:00+00:00, run_after=2023-12-17T00:00:00+00:00
[2023-12-16T06:18:22.129+0000] {processor.py:179} INFO - Processing /opt/airflow/dags/snowflake_dag.py took 0.094 seconds
[2023-12-16T06:18:52.469+0000] {processor.py:157} INFO - Started process (PID=6814) to work on /opt/airflow/dags/snowflake_dag.py
[2023-12-16T06:18:52.470+0000] {processor.py:829} INFO - Processing file /opt/airflow/dags/snowflake_dag.py for tasks to queue
[2023-12-16T06:18:52.473+0000] {logging_mixin.py:154} INFO - [2023-12-16T06:18:52.473+0000] {dagbag.py:536} INFO - Filling up the DagBag from /opt/airflow/dags/snowflake_dag.py
[2023-12-16T06:18:52.493+0000] {processor.py:839} INFO - DAG(s) dict_keys(['snow_pipeline']) retrieved from /opt/airflow/dags/snowflake_dag.py
[2023-12-16T06:18:52.519+0000] {logging_mixin.py:154} INFO - [2023-12-16T06:18:52.519+0000] {dag.py:2941} INFO - Sync 1 DAGs
[2023-12-16T06:18:52.538+0000] {logging_mixin.py:154} INFO - [2023-12-16T06:18:52.538+0000] {dag.py:3722} INFO - Setting next_dagrun for snow_pipeline to 2023-12-16T00:00:00+00:00, run_after=2023-12-17T00:00:00+00:00
[2023-12-16T06:18:52.551+0000] {processor.py:179} INFO - Processing /opt/airflow/dags/snowflake_dag.py took 0.088 seconds
[2023-12-16T06:19:22.954+0000] {processor.py:157} INFO - Started process (PID=6836) to work on /opt/airflow/dags/snowflake_dag.py
[2023-12-16T06:19:22.957+0000] {processor.py:829} INFO - Processing file /opt/airflow/dags/snowflake_dag.py for tasks to queue
[2023-12-16T06:19:22.963+0000] {logging_mixin.py:154} INFO - [2023-12-16T06:19:22.962+0000] {dagbag.py:536} INFO - Filling up the DagBag from /opt/airflow/dags/snowflake_dag.py
[2023-12-16T06:19:22.983+0000] {processor.py:839} INFO - DAG(s) dict_keys(['snow_pipeline']) retrieved from /opt/airflow/dags/snowflake_dag.py
[2023-12-16T06:19:23.006+0000] {logging_mixin.py:154} INFO - [2023-12-16T06:19:23.006+0000] {dag.py:2941} INFO - Sync 1 DAGs
[2023-12-16T06:19:23.034+0000] {logging_mixin.py:154} INFO - [2023-12-16T06:19:23.034+0000] {dag.py:3722} INFO - Setting next_dagrun for snow_pipeline to 2023-12-16T00:00:00+00:00, run_after=2023-12-17T00:00:00+00:00
[2023-12-16T06:19:23.046+0000] {processor.py:179} INFO - Processing /opt/airflow/dags/snowflake_dag.py took 0.101 seconds
[2023-12-16T06:19:53.435+0000] {processor.py:157} INFO - Started process (PID=6858) to work on /opt/airflow/dags/snowflake_dag.py
[2023-12-16T06:19:53.437+0000] {processor.py:829} INFO - Processing file /opt/airflow/dags/snowflake_dag.py for tasks to queue
[2023-12-16T06:19:53.442+0000] {logging_mixin.py:154} INFO - [2023-12-16T06:19:53.441+0000] {dagbag.py:536} INFO - Filling up the DagBag from /opt/airflow/dags/snowflake_dag.py
[2023-12-16T06:19:53.461+0000] {processor.py:839} INFO - DAG(s) dict_keys(['snow_pipeline']) retrieved from /opt/airflow/dags/snowflake_dag.py
[2023-12-16T06:19:53.483+0000] {logging_mixin.py:154} INFO - [2023-12-16T06:19:53.482+0000] {dag.py:2941} INFO - Sync 1 DAGs
[2023-12-16T06:19:53.497+0000] {logging_mixin.py:154} INFO - [2023-12-16T06:19:53.497+0000] {dag.py:3722} INFO - Setting next_dagrun for snow_pipeline to 2023-12-16T00:00:00+00:00, run_after=2023-12-17T00:00:00+00:00
[2023-12-16T06:19:53.507+0000] {processor.py:179} INFO - Processing /opt/airflow/dags/snowflake_dag.py took 0.079 seconds
[2023-12-16T06:20:23.950+0000] {processor.py:157} INFO - Started process (PID=6880) to work on /opt/airflow/dags/snowflake_dag.py
[2023-12-16T06:20:23.952+0000] {processor.py:829} INFO - Processing file /opt/airflow/dags/snowflake_dag.py for tasks to queue
[2023-12-16T06:20:23.957+0000] {logging_mixin.py:154} INFO - [2023-12-16T06:20:23.956+0000] {dagbag.py:536} INFO - Filling up the DagBag from /opt/airflow/dags/snowflake_dag.py
[2023-12-16T06:20:23.977+0000] {processor.py:839} INFO - DAG(s) dict_keys(['snow_pipeline']) retrieved from /opt/airflow/dags/snowflake_dag.py
[2023-12-16T06:20:24.001+0000] {logging_mixin.py:154} INFO - [2023-12-16T06:20:24.000+0000] {dag.py:2941} INFO - Sync 1 DAGs
[2023-12-16T06:20:24.017+0000] {logging_mixin.py:154} INFO - [2023-12-16T06:20:24.016+0000] {dag.py:3722} INFO - Setting next_dagrun for snow_pipeline to 2023-12-16T00:00:00+00:00, run_after=2023-12-17T00:00:00+00:00
[2023-12-16T06:20:24.027+0000] {processor.py:179} INFO - Processing /opt/airflow/dags/snowflake_dag.py took 0.083 seconds
[2023-12-16T06:20:54.435+0000] {processor.py:157} INFO - Started process (PID=6902) to work on /opt/airflow/dags/snowflake_dag.py
[2023-12-16T06:20:54.437+0000] {processor.py:829} INFO - Processing file /opt/airflow/dags/snowflake_dag.py for tasks to queue
[2023-12-16T06:20:54.440+0000] {logging_mixin.py:154} INFO - [2023-12-16T06:20:54.440+0000] {dagbag.py:536} INFO - Filling up the DagBag from /opt/airflow/dags/snowflake_dag.py
[2023-12-16T06:20:54.455+0000] {processor.py:839} INFO - DAG(s) dict_keys(['snow_pipeline']) retrieved from /opt/airflow/dags/snowflake_dag.py
[2023-12-16T06:20:54.475+0000] {logging_mixin.py:154} INFO - [2023-12-16T06:20:54.475+0000] {dag.py:2941} INFO - Sync 1 DAGs
[2023-12-16T06:20:54.488+0000] {logging_mixin.py:154} INFO - [2023-12-16T06:20:54.488+0000] {dag.py:3722} INFO - Setting next_dagrun for snow_pipeline to 2023-12-16T00:00:00+00:00, run_after=2023-12-17T00:00:00+00:00
[2023-12-16T06:20:54.496+0000] {processor.py:179} INFO - Processing /opt/airflow/dags/snowflake_dag.py took 0.068 seconds
[2023-12-16T06:21:24.914+0000] {processor.py:157} INFO - Started process (PID=6923) to work on /opt/airflow/dags/snowflake_dag.py
[2023-12-16T06:21:24.915+0000] {processor.py:829} INFO - Processing file /opt/airflow/dags/snowflake_dag.py for tasks to queue
[2023-12-16T06:21:24.919+0000] {logging_mixin.py:154} INFO - [2023-12-16T06:21:24.918+0000] {dagbag.py:536} INFO - Filling up the DagBag from /opt/airflow/dags/snowflake_dag.py
[2023-12-16T06:21:24.935+0000] {processor.py:839} INFO - DAG(s) dict_keys(['snow_pipeline']) retrieved from /opt/airflow/dags/snowflake_dag.py
[2023-12-16T06:21:24.955+0000] {logging_mixin.py:154} INFO - [2023-12-16T06:21:24.955+0000] {dag.py:2941} INFO - Sync 1 DAGs
[2023-12-16T06:21:24.969+0000] {logging_mixin.py:154} INFO - [2023-12-16T06:21:24.969+0000] {dag.py:3722} INFO - Setting next_dagrun for snow_pipeline to 2023-12-16T00:00:00+00:00, run_after=2023-12-17T00:00:00+00:00
[2023-12-16T06:21:24.977+0000] {processor.py:179} INFO - Processing /opt/airflow/dags/snowflake_dag.py took 0.069 seconds
[2023-12-16T06:21:55.353+0000] {processor.py:157} INFO - Started process (PID=6945) to work on /opt/airflow/dags/snowflake_dag.py
[2023-12-16T06:21:55.357+0000] {processor.py:829} INFO - Processing file /opt/airflow/dags/snowflake_dag.py for tasks to queue
[2023-12-16T06:21:55.365+0000] {logging_mixin.py:154} INFO - [2023-12-16T06:21:55.365+0000] {dagbag.py:536} INFO - Filling up the DagBag from /opt/airflow/dags/snowflake_dag.py
[2023-12-16T06:21:55.386+0000] {processor.py:839} INFO - DAG(s) dict_keys(['snow_pipeline']) retrieved from /opt/airflow/dags/snowflake_dag.py
[2023-12-16T06:21:55.418+0000] {logging_mixin.py:154} INFO - [2023-12-16T06:21:55.418+0000] {dag.py:2941} INFO - Sync 1 DAGs
[2023-12-16T06:21:55.440+0000] {logging_mixin.py:154} INFO - [2023-12-16T06:21:55.439+0000] {dag.py:3722} INFO - Setting next_dagrun for snow_pipeline to 2023-12-16T00:00:00+00:00, run_after=2023-12-17T00:00:00+00:00
[2023-12-16T06:21:55.452+0000] {processor.py:179} INFO - Processing /opt/airflow/dags/snowflake_dag.py took 0.109 seconds
[2023-12-16T06:22:25.831+0000] {processor.py:157} INFO - Started process (PID=6966) to work on /opt/airflow/dags/snowflake_dag.py
[2023-12-16T06:22:25.834+0000] {processor.py:829} INFO - Processing file /opt/airflow/dags/snowflake_dag.py for tasks to queue
[2023-12-16T06:22:25.838+0000] {logging_mixin.py:154} INFO - [2023-12-16T06:22:25.838+0000] {dagbag.py:536} INFO - Filling up the DagBag from /opt/airflow/dags/snowflake_dag.py
[2023-12-16T06:22:25.857+0000] {processor.py:839} INFO - DAG(s) dict_keys(['snow_pipeline']) retrieved from /opt/airflow/dags/snowflake_dag.py
[2023-12-16T06:22:25.881+0000] {logging_mixin.py:154} INFO - [2023-12-16T06:22:25.881+0000] {dag.py:2941} INFO - Sync 1 DAGs
[2023-12-16T06:22:25.898+0000] {logging_mixin.py:154} INFO - [2023-12-16T06:22:25.898+0000] {dag.py:3722} INFO - Setting next_dagrun for snow_pipeline to 2023-12-16T00:00:00+00:00, run_after=2023-12-17T00:00:00+00:00
[2023-12-16T06:22:25.909+0000] {processor.py:179} INFO - Processing /opt/airflow/dags/snowflake_dag.py took 0.084 seconds
[2023-12-16T06:22:56.303+0000] {processor.py:157} INFO - Started process (PID=6988) to work on /opt/airflow/dags/snowflake_dag.py
[2023-12-16T06:22:56.305+0000] {processor.py:829} INFO - Processing file /opt/airflow/dags/snowflake_dag.py for tasks to queue
[2023-12-16T06:22:56.308+0000] {logging_mixin.py:154} INFO - [2023-12-16T06:22:56.308+0000] {dagbag.py:536} INFO - Filling up the DagBag from /opt/airflow/dags/snowflake_dag.py
[2023-12-16T06:22:56.324+0000] {processor.py:839} INFO - DAG(s) dict_keys(['snow_pipeline']) retrieved from /opt/airflow/dags/snowflake_dag.py
[2023-12-16T06:22:56.347+0000] {logging_mixin.py:154} INFO - [2023-12-16T06:22:56.346+0000] {dag.py:2941} INFO - Sync 1 DAGs
[2023-12-16T06:22:56.361+0000] {logging_mixin.py:154} INFO - [2023-12-16T06:22:56.361+0000] {dag.py:3722} INFO - Setting next_dagrun for snow_pipeline to 2023-12-16T00:00:00+00:00, run_after=2023-12-17T00:00:00+00:00
[2023-12-16T06:22:56.370+0000] {processor.py:179} INFO - Processing /opt/airflow/dags/snowflake_dag.py took 0.074 seconds
[2023-12-16T06:23:26.790+0000] {processor.py:157} INFO - Started process (PID=7010) to work on /opt/airflow/dags/snowflake_dag.py
[2023-12-16T06:23:26.792+0000] {processor.py:829} INFO - Processing file /opt/airflow/dags/snowflake_dag.py for tasks to queue
[2023-12-16T06:23:26.797+0000] {logging_mixin.py:154} INFO - [2023-12-16T06:23:26.797+0000] {dagbag.py:536} INFO - Filling up the DagBag from /opt/airflow/dags/snowflake_dag.py
[2023-12-16T06:23:26.815+0000] {processor.py:839} INFO - DAG(s) dict_keys(['snow_pipeline']) retrieved from /opt/airflow/dags/snowflake_dag.py
[2023-12-16T06:23:26.842+0000] {logging_mixin.py:154} INFO - [2023-12-16T06:23:26.842+0000] {dag.py:2941} INFO - Sync 1 DAGs
[2023-12-16T06:23:26.859+0000] {logging_mixin.py:154} INFO - [2023-12-16T06:23:26.859+0000] {dag.py:3722} INFO - Setting next_dagrun for snow_pipeline to 2023-12-16T00:00:00+00:00, run_after=2023-12-17T00:00:00+00:00
[2023-12-16T06:23:26.869+0000] {processor.py:179} INFO - Processing /opt/airflow/dags/snowflake_dag.py took 0.087 seconds
[2023-12-16T06:23:57.275+0000] {processor.py:157} INFO - Started process (PID=7037) to work on /opt/airflow/dags/snowflake_dag.py
[2023-12-16T06:23:57.277+0000] {processor.py:829} INFO - Processing file /opt/airflow/dags/snowflake_dag.py for tasks to queue
[2023-12-16T06:23:57.283+0000] {logging_mixin.py:154} INFO - [2023-12-16T06:23:57.282+0000] {dagbag.py:536} INFO - Filling up the DagBag from /opt/airflow/dags/snowflake_dag.py
[2023-12-16T06:23:57.301+0000] {processor.py:839} INFO - DAG(s) dict_keys(['snow_pipeline']) retrieved from /opt/airflow/dags/snowflake_dag.py
[2023-12-16T06:23:57.335+0000] {logging_mixin.py:154} INFO - [2023-12-16T06:23:57.335+0000] {dag.py:2941} INFO - Sync 1 DAGs
[2023-12-16T06:23:57.352+0000] {logging_mixin.py:154} INFO - [2023-12-16T06:23:57.352+0000] {dag.py:3722} INFO - Setting next_dagrun for snow_pipeline to 2023-12-16T00:00:00+00:00, run_after=2023-12-17T00:00:00+00:00
[2023-12-16T06:23:57.365+0000] {processor.py:179} INFO - Processing /opt/airflow/dags/snowflake_dag.py took 0.097 seconds
[2023-12-16T06:24:27.748+0000] {processor.py:157} INFO - Started process (PID=7059) to work on /opt/airflow/dags/snowflake_dag.py
[2023-12-16T06:24:27.750+0000] {processor.py:829} INFO - Processing file /opt/airflow/dags/snowflake_dag.py for tasks to queue
[2023-12-16T06:24:27.754+0000] {logging_mixin.py:154} INFO - [2023-12-16T06:24:27.753+0000] {dagbag.py:536} INFO - Filling up the DagBag from /opt/airflow/dags/snowflake_dag.py
[2023-12-16T06:24:27.769+0000] {processor.py:839} INFO - DAG(s) dict_keys(['snow_pipeline']) retrieved from /opt/airflow/dags/snowflake_dag.py
[2023-12-16T06:24:27.788+0000] {logging_mixin.py:154} INFO - [2023-12-16T06:24:27.788+0000] {dag.py:2941} INFO - Sync 1 DAGs
[2023-12-16T06:24:27.801+0000] {logging_mixin.py:154} INFO - [2023-12-16T06:24:27.801+0000] {dag.py:3722} INFO - Setting next_dagrun for snow_pipeline to 2023-12-16T00:00:00+00:00, run_after=2023-12-17T00:00:00+00:00
[2023-12-16T06:24:27.809+0000] {processor.py:179} INFO - Processing /opt/airflow/dags/snowflake_dag.py took 0.066 seconds
[2023-12-16T06:24:58.207+0000] {processor.py:157} INFO - Started process (PID=7081) to work on /opt/airflow/dags/snowflake_dag.py
[2023-12-16T06:24:58.209+0000] {processor.py:829} INFO - Processing file /opt/airflow/dags/snowflake_dag.py for tasks to queue
[2023-12-16T06:24:58.215+0000] {logging_mixin.py:154} INFO - [2023-12-16T06:24:58.215+0000] {dagbag.py:536} INFO - Filling up the DagBag from /opt/airflow/dags/snowflake_dag.py
[2023-12-16T06:24:58.236+0000] {processor.py:839} INFO - DAG(s) dict_keys(['snow_pipeline']) retrieved from /opt/airflow/dags/snowflake_dag.py
[2023-12-16T06:24:58.254+0000] {logging_mixin.py:154} INFO - [2023-12-16T06:24:58.254+0000] {dag.py:2941} INFO - Sync 1 DAGs
[2023-12-16T06:24:58.266+0000] {logging_mixin.py:154} INFO - [2023-12-16T06:24:58.266+0000] {dag.py:3722} INFO - Setting next_dagrun for snow_pipeline to 2023-12-16T00:00:00+00:00, run_after=2023-12-17T00:00:00+00:00
[2023-12-16T06:24:58.275+0000] {processor.py:179} INFO - Processing /opt/airflow/dags/snowflake_dag.py took 0.076 seconds
[2023-12-16T06:25:28.663+0000] {processor.py:157} INFO - Started process (PID=7103) to work on /opt/airflow/dags/snowflake_dag.py
[2023-12-16T06:25:28.666+0000] {processor.py:829} INFO - Processing file /opt/airflow/dags/snowflake_dag.py for tasks to queue
[2023-12-16T06:25:28.671+0000] {logging_mixin.py:154} INFO - [2023-12-16T06:25:28.671+0000] {dagbag.py:536} INFO - Filling up the DagBag from /opt/airflow/dags/snowflake_dag.py
[2023-12-16T06:25:28.690+0000] {processor.py:839} INFO - DAG(s) dict_keys(['snow_pipeline']) retrieved from /opt/airflow/dags/snowflake_dag.py
[2023-12-16T06:25:28.715+0000] {logging_mixin.py:154} INFO - [2023-12-16T06:25:28.715+0000] {dag.py:2941} INFO - Sync 1 DAGs
[2023-12-16T06:25:28.734+0000] {logging_mixin.py:154} INFO - [2023-12-16T06:25:28.734+0000] {dag.py:3722} INFO - Setting next_dagrun for snow_pipeline to 2023-12-16T00:00:00+00:00, run_after=2023-12-17T00:00:00+00:00
[2023-12-16T06:25:28.745+0000] {processor.py:179} INFO - Processing /opt/airflow/dags/snowflake_dag.py took 0.090 seconds
[2023-12-16T06:25:59.089+0000] {processor.py:157} INFO - Started process (PID=7125) to work on /opt/airflow/dags/snowflake_dag.py
[2023-12-16T06:25:59.091+0000] {processor.py:829} INFO - Processing file /opt/airflow/dags/snowflake_dag.py for tasks to queue
[2023-12-16T06:25:59.096+0000] {logging_mixin.py:154} INFO - [2023-12-16T06:25:59.095+0000] {dagbag.py:536} INFO - Filling up the DagBag from /opt/airflow/dags/snowflake_dag.py
[2023-12-16T06:25:59.113+0000] {processor.py:839} INFO - DAG(s) dict_keys(['snow_pipeline']) retrieved from /opt/airflow/dags/snowflake_dag.py
[2023-12-16T06:25:59.147+0000] {logging_mixin.py:154} INFO - [2023-12-16T06:25:59.146+0000] {dag.py:2941} INFO - Sync 1 DAGs
[2023-12-16T06:25:59.166+0000] {logging_mixin.py:154} INFO - [2023-12-16T06:25:59.166+0000] {dag.py:3722} INFO - Setting next_dagrun for snow_pipeline to 2023-12-16T00:00:00+00:00, run_after=2023-12-17T00:00:00+00:00
[2023-12-16T06:25:59.178+0000] {processor.py:179} INFO - Processing /opt/airflow/dags/snowflake_dag.py took 0.094 seconds
[2023-12-16T06:26:29.567+0000] {processor.py:157} INFO - Started process (PID=7147) to work on /opt/airflow/dags/snowflake_dag.py
[2023-12-16T06:26:29.569+0000] {processor.py:829} INFO - Processing file /opt/airflow/dags/snowflake_dag.py for tasks to queue
[2023-12-16T06:26:29.572+0000] {logging_mixin.py:154} INFO - [2023-12-16T06:26:29.571+0000] {dagbag.py:536} INFO - Filling up the DagBag from /opt/airflow/dags/snowflake_dag.py
[2023-12-16T06:26:29.588+0000] {processor.py:839} INFO - DAG(s) dict_keys(['snow_pipeline']) retrieved from /opt/airflow/dags/snowflake_dag.py
[2023-12-16T06:26:29.607+0000] {logging_mixin.py:154} INFO - [2023-12-16T06:26:29.607+0000] {dag.py:2941} INFO - Sync 1 DAGs
[2023-12-16T06:26:29.620+0000] {logging_mixin.py:154} INFO - [2023-12-16T06:26:29.620+0000] {dag.py:3722} INFO - Setting next_dagrun for snow_pipeline to 2023-12-16T00:00:00+00:00, run_after=2023-12-17T00:00:00+00:00
[2023-12-16T06:26:29.629+0000] {processor.py:179} INFO - Processing /opt/airflow/dags/snowflake_dag.py took 0.067 seconds
[2023-12-16T06:26:59.973+0000] {processor.py:157} INFO - Started process (PID=7169) to work on /opt/airflow/dags/snowflake_dag.py
[2023-12-16T06:26:59.975+0000] {processor.py:829} INFO - Processing file /opt/airflow/dags/snowflake_dag.py for tasks to queue
[2023-12-16T06:26:59.978+0000] {logging_mixin.py:154} INFO - [2023-12-16T06:26:59.978+0000] {dagbag.py:536} INFO - Filling up the DagBag from /opt/airflow/dags/snowflake_dag.py
[2023-12-16T06:26:59.993+0000] {processor.py:839} INFO - DAG(s) dict_keys(['snow_pipeline']) retrieved from /opt/airflow/dags/snowflake_dag.py
[2023-12-16T06:27:00.013+0000] {logging_mixin.py:154} INFO - [2023-12-16T06:27:00.012+0000] {dag.py:2941} INFO - Sync 1 DAGs
[2023-12-16T06:27:00.028+0000] {logging_mixin.py:154} INFO - [2023-12-16T06:27:00.028+0000] {dag.py:3722} INFO - Setting next_dagrun for snow_pipeline to 2023-12-16T00:00:00+00:00, run_after=2023-12-17T00:00:00+00:00
[2023-12-16T06:27:00.038+0000] {processor.py:179} INFO - Processing /opt/airflow/dags/snowflake_dag.py took 0.069 seconds
[2023-12-16T06:27:30.419+0000] {processor.py:157} INFO - Started process (PID=7191) to work on /opt/airflow/dags/snowflake_dag.py
[2023-12-16T06:27:30.421+0000] {processor.py:829} INFO - Processing file /opt/airflow/dags/snowflake_dag.py for tasks to queue
[2023-12-16T06:27:30.424+0000] {logging_mixin.py:154} INFO - [2023-12-16T06:27:30.424+0000] {dagbag.py:536} INFO - Filling up the DagBag from /opt/airflow/dags/snowflake_dag.py
[2023-12-16T06:27:30.441+0000] {processor.py:839} INFO - DAG(s) dict_keys(['snow_pipeline']) retrieved from /opt/airflow/dags/snowflake_dag.py
[2023-12-16T06:27:30.465+0000] {logging_mixin.py:154} INFO - [2023-12-16T06:27:30.465+0000] {dag.py:2941} INFO - Sync 1 DAGs
[2023-12-16T06:27:30.482+0000] {logging_mixin.py:154} INFO - [2023-12-16T06:27:30.481+0000] {dag.py:3722} INFO - Setting next_dagrun for snow_pipeline to 2023-12-16T00:00:00+00:00, run_after=2023-12-17T00:00:00+00:00
[2023-12-16T06:27:30.492+0000] {processor.py:179} INFO - Processing /opt/airflow/dags/snowflake_dag.py took 0.078 seconds
[2023-12-16T06:28:00.795+0000] {processor.py:157} INFO - Started process (PID=7245) to work on /opt/airflow/dags/snowflake_dag.py
[2023-12-16T06:28:00.795+0000] {processor.py:829} INFO - Processing file /opt/airflow/dags/snowflake_dag.py for tasks to queue
[2023-12-16T06:28:00.797+0000] {logging_mixin.py:154} INFO - [2023-12-16T06:28:00.797+0000] {dagbag.py:536} INFO - Filling up the DagBag from /opt/airflow/dags/snowflake_dag.py
[2023-12-16T06:28:00.805+0000] {processor.py:839} INFO - DAG(s) dict_keys(['snow_pipeline']) retrieved from /opt/airflow/dags/snowflake_dag.py
[2023-12-16T06:28:00.821+0000] {logging_mixin.py:154} INFO - [2023-12-16T06:28:00.821+0000] {dag.py:2941} INFO - Sync 1 DAGs
[2023-12-16T06:28:00.835+0000] {logging_mixin.py:154} INFO - [2023-12-16T06:28:00.835+0000] {dag.py:3722} INFO - Setting next_dagrun for snow_pipeline to 2023-12-16T00:00:00+00:00, run_after=2023-12-17T00:00:00+00:00
[2023-12-16T06:28:00.847+0000] {processor.py:179} INFO - Processing /opt/airflow/dags/snowflake_dag.py took 0.054 seconds
[2023-12-16T06:28:31.139+0000] {processor.py:157} INFO - Started process (PID=7285) to work on /opt/airflow/dags/snowflake_dag.py
[2023-12-16T06:28:31.141+0000] {processor.py:829} INFO - Processing file /opt/airflow/dags/snowflake_dag.py for tasks to queue
[2023-12-16T06:28:31.143+0000] {logging_mixin.py:154} INFO - [2023-12-16T06:28:31.143+0000] {dagbag.py:536} INFO - Filling up the DagBag from /opt/airflow/dags/snowflake_dag.py
[2023-12-16T06:28:31.157+0000] {processor.py:839} INFO - DAG(s) dict_keys(['snow_pipeline']) retrieved from /opt/airflow/dags/snowflake_dag.py
[2023-12-16T06:28:31.176+0000] {logging_mixin.py:154} INFO - [2023-12-16T06:28:31.175+0000] {dag.py:2941} INFO - Sync 1 DAGs
[2023-12-16T06:28:31.189+0000] {logging_mixin.py:154} INFO - [2023-12-16T06:28:31.188+0000] {dag.py:3722} INFO - Setting next_dagrun for snow_pipeline to 2023-12-16T00:00:00+00:00, run_after=2023-12-17T00:00:00+00:00
[2023-12-16T06:28:31.197+0000] {processor.py:179} INFO - Processing /opt/airflow/dags/snowflake_dag.py took 0.063 seconds
[2023-12-16T06:29:01.586+0000] {processor.py:157} INFO - Started process (PID=7307) to work on /opt/airflow/dags/snowflake_dag.py
[2023-12-16T06:29:01.590+0000] {processor.py:829} INFO - Processing file /opt/airflow/dags/snowflake_dag.py for tasks to queue
[2023-12-16T06:29:01.597+0000] {logging_mixin.py:154} INFO - [2023-12-16T06:29:01.596+0000] {dagbag.py:536} INFO - Filling up the DagBag from /opt/airflow/dags/snowflake_dag.py
[2023-12-16T06:29:01.615+0000] {processor.py:839} INFO - DAG(s) dict_keys(['snow_pipeline']) retrieved from /opt/airflow/dags/snowflake_dag.py
[2023-12-16T06:29:01.639+0000] {logging_mixin.py:154} INFO - [2023-12-16T06:29:01.638+0000] {dag.py:2941} INFO - Sync 1 DAGs
[2023-12-16T06:29:01.654+0000] {logging_mixin.py:154} INFO - [2023-12-16T06:29:01.654+0000] {dag.py:3722} INFO - Setting next_dagrun for snow_pipeline to 2023-12-16T00:00:00+00:00, run_after=2023-12-17T00:00:00+00:00
[2023-12-16T06:29:01.665+0000] {processor.py:179} INFO - Processing /opt/airflow/dags/snowflake_dag.py took 0.093 seconds
[2023-12-16T06:29:32.055+0000] {processor.py:157} INFO - Started process (PID=7329) to work on /opt/airflow/dags/snowflake_dag.py
[2023-12-16T06:29:32.057+0000] {processor.py:829} INFO - Processing file /opt/airflow/dags/snowflake_dag.py for tasks to queue
[2023-12-16T06:29:32.060+0000] {logging_mixin.py:154} INFO - [2023-12-16T06:29:32.059+0000] {dagbag.py:536} INFO - Filling up the DagBag from /opt/airflow/dags/snowflake_dag.py
[2023-12-16T06:29:32.075+0000] {processor.py:839} INFO - DAG(s) dict_keys(['snow_pipeline']) retrieved from /opt/airflow/dags/snowflake_dag.py
[2023-12-16T06:29:32.094+0000] {logging_mixin.py:154} INFO - [2023-12-16T06:29:32.093+0000] {dag.py:2941} INFO - Sync 1 DAGs
[2023-12-16T06:29:32.107+0000] {logging_mixin.py:154} INFO - [2023-12-16T06:29:32.107+0000] {dag.py:3722} INFO - Setting next_dagrun for snow_pipeline to 2023-12-16T00:00:00+00:00, run_after=2023-12-17T00:00:00+00:00
[2023-12-16T06:29:32.116+0000] {processor.py:179} INFO - Processing /opt/airflow/dags/snowflake_dag.py took 0.066 seconds
[2023-12-16T06:30:02.591+0000] {processor.py:157} INFO - Started process (PID=7361) to work on /opt/airflow/dags/snowflake_dag.py
[2023-12-16T06:30:02.592+0000] {processor.py:829} INFO - Processing file /opt/airflow/dags/snowflake_dag.py for tasks to queue
[2023-12-16T06:30:02.595+0000] {logging_mixin.py:154} INFO - [2023-12-16T06:30:02.594+0000] {dagbag.py:536} INFO - Filling up the DagBag from /opt/airflow/dags/snowflake_dag.py
[2023-12-16T06:30:02.608+0000] {processor.py:839} INFO - DAG(s) dict_keys(['snow_pipeline']) retrieved from /opt/airflow/dags/snowflake_dag.py
[2023-12-16T06:30:02.627+0000] {logging_mixin.py:154} INFO - [2023-12-16T06:30:02.627+0000] {dag.py:2941} INFO - Sync 1 DAGs
[2023-12-16T06:30:02.642+0000] {logging_mixin.py:154} INFO - [2023-12-16T06:30:02.642+0000] {dag.py:3722} INFO - Setting next_dagrun for snow_pipeline to 2023-12-16T00:00:00+00:00, run_after=2023-12-17T00:00:00+00:00
[2023-12-16T06:30:02.652+0000] {processor.py:179} INFO - Processing /opt/airflow/dags/snowflake_dag.py took 0.065 seconds
[2023-12-16T06:30:32.917+0000] {processor.py:157} INFO - Started process (PID=7421) to work on /opt/airflow/dags/snowflake_dag.py
[2023-12-16T06:30:32.920+0000] {processor.py:829} INFO - Processing file /opt/airflow/dags/snowflake_dag.py for tasks to queue
[2023-12-16T06:30:32.924+0000] {logging_mixin.py:154} INFO - [2023-12-16T06:30:32.924+0000] {dagbag.py:536} INFO - Filling up the DagBag from /opt/airflow/dags/snowflake_dag.py
[2023-12-16T06:30:32.941+0000] {processor.py:839} INFO - DAG(s) dict_keys(['snow_pipeline']) retrieved from /opt/airflow/dags/snowflake_dag.py
[2023-12-16T06:30:32.959+0000] {logging_mixin.py:154} INFO - [2023-12-16T06:30:32.959+0000] {dag.py:2941} INFO - Sync 1 DAGs
[2023-12-16T06:30:32.972+0000] {logging_mixin.py:154} INFO - [2023-12-16T06:30:32.972+0000] {dag.py:3722} INFO - Setting next_dagrun for snow_pipeline to 2023-12-16T00:00:00+00:00, run_after=2023-12-17T00:00:00+00:00
[2023-12-16T06:30:32.981+0000] {processor.py:179} INFO - Processing /opt/airflow/dags/snowflake_dag.py took 0.069 seconds
[2023-12-16T06:31:03.264+0000] {processor.py:157} INFO - Started process (PID=7455) to work on /opt/airflow/dags/snowflake_dag.py
[2023-12-16T06:31:03.266+0000] {processor.py:829} INFO - Processing file /opt/airflow/dags/snowflake_dag.py for tasks to queue
[2023-12-16T06:31:03.269+0000] {logging_mixin.py:154} INFO - [2023-12-16T06:31:03.268+0000] {dagbag.py:536} INFO - Filling up the DagBag from /opt/airflow/dags/snowflake_dag.py
[2023-12-16T06:31:03.282+0000] {processor.py:839} INFO - DAG(s) dict_keys(['snow_pipeline']) retrieved from /opt/airflow/dags/snowflake_dag.py
[2023-12-16T06:31:03.302+0000] {logging_mixin.py:154} INFO - [2023-12-16T06:31:03.301+0000] {dag.py:2941} INFO - Sync 1 DAGs
[2023-12-16T06:31:03.316+0000] {logging_mixin.py:154} INFO - [2023-12-16T06:31:03.316+0000] {dag.py:3722} INFO - Setting next_dagrun for snow_pipeline to 2023-12-16T00:00:00+00:00, run_after=2023-12-17T00:00:00+00:00
[2023-12-16T06:31:03.326+0000] {processor.py:179} INFO - Processing /opt/airflow/dags/snowflake_dag.py took 0.068 seconds
[2023-12-16T06:31:33.889+0000] {processor.py:157} INFO - Started process (PID=7477) to work on /opt/airflow/dags/snowflake_dag.py
[2023-12-16T06:31:33.891+0000] {processor.py:829} INFO - Processing file /opt/airflow/dags/snowflake_dag.py for tasks to queue
[2023-12-16T06:31:33.895+0000] {logging_mixin.py:154} INFO - [2023-12-16T06:31:33.894+0000] {dagbag.py:536} INFO - Filling up the DagBag from /opt/airflow/dags/snowflake_dag.py
[2023-12-16T06:31:33.910+0000] {processor.py:839} INFO - DAG(s) dict_keys(['snow_pipeline']) retrieved from /opt/airflow/dags/snowflake_dag.py
[2023-12-16T06:31:33.930+0000] {logging_mixin.py:154} INFO - [2023-12-16T06:31:33.929+0000] {dag.py:2941} INFO - Sync 1 DAGs
[2023-12-16T06:31:33.943+0000] {logging_mixin.py:154} INFO - [2023-12-16T06:31:33.943+0000] {dag.py:3722} INFO - Setting next_dagrun for snow_pipeline to 2023-12-16T00:00:00+00:00, run_after=2023-12-17T00:00:00+00:00
[2023-12-16T06:31:33.954+0000] {processor.py:179} INFO - Processing /opt/airflow/dags/snowflake_dag.py took 0.072 seconds
[2023-12-16T06:32:04.280+0000] {processor.py:157} INFO - Started process (PID=7499) to work on /opt/airflow/dags/snowflake_dag.py
[2023-12-16T06:32:04.281+0000] {processor.py:829} INFO - Processing file /opt/airflow/dags/snowflake_dag.py for tasks to queue
[2023-12-16T06:32:04.283+0000] {logging_mixin.py:154} INFO - [2023-12-16T06:32:04.282+0000] {dagbag.py:536} INFO - Filling up the DagBag from /opt/airflow/dags/snowflake_dag.py
[2023-12-16T06:32:04.292+0000] {processor.py:839} INFO - DAG(s) dict_keys(['snow_pipeline']) retrieved from /opt/airflow/dags/snowflake_dag.py
[2023-12-16T06:32:04.309+0000] {logging_mixin.py:154} INFO - [2023-12-16T06:32:04.309+0000] {dag.py:2941} INFO - Sync 1 DAGs
[2023-12-16T06:32:04.322+0000] {logging_mixin.py:154} INFO - [2023-12-16T06:32:04.322+0000] {dag.py:3722} INFO - Setting next_dagrun for snow_pipeline to 2023-12-16T00:00:00+00:00, run_after=2023-12-17T00:00:00+00:00
[2023-12-16T06:32:04.331+0000] {processor.py:179} INFO - Processing /opt/airflow/dags/snowflake_dag.py took 0.053 seconds
[2023-12-16T06:32:34.636+0000] {processor.py:157} INFO - Started process (PID=7521) to work on /opt/airflow/dags/snowflake_dag.py
[2023-12-16T06:32:34.637+0000] {processor.py:829} INFO - Processing file /opt/airflow/dags/snowflake_dag.py for tasks to queue
[2023-12-16T06:32:34.640+0000] {logging_mixin.py:154} INFO - [2023-12-16T06:32:34.639+0000] {dagbag.py:536} INFO - Filling up the DagBag from /opt/airflow/dags/snowflake_dag.py
[2023-12-16T06:32:34.652+0000] {processor.py:839} INFO - DAG(s) dict_keys(['snow_pipeline']) retrieved from /opt/airflow/dags/snowflake_dag.py
[2023-12-16T06:32:34.669+0000] {logging_mixin.py:154} INFO - [2023-12-16T06:32:34.668+0000] {dag.py:2941} INFO - Sync 1 DAGs
[2023-12-16T06:32:34.681+0000] {logging_mixin.py:154} INFO - [2023-12-16T06:32:34.681+0000] {dag.py:3722} INFO - Setting next_dagrun for snow_pipeline to 2023-12-16T00:00:00+00:00, run_after=2023-12-17T00:00:00+00:00
[2023-12-16T06:32:34.690+0000] {processor.py:179} INFO - Processing /opt/airflow/dags/snowflake_dag.py took 0.057 seconds
[2023-12-16T06:33:05.035+0000] {processor.py:157} INFO - Started process (PID=7543) to work on /opt/airflow/dags/snowflake_dag.py
[2023-12-16T06:33:05.037+0000] {processor.py:829} INFO - Processing file /opt/airflow/dags/snowflake_dag.py for tasks to queue
[2023-12-16T06:33:05.040+0000] {logging_mixin.py:154} INFO - [2023-12-16T06:33:05.040+0000] {dagbag.py:536} INFO - Filling up the DagBag from /opt/airflow/dags/snowflake_dag.py
[2023-12-16T06:33:05.064+0000] {processor.py:839} INFO - DAG(s) dict_keys(['snow_pipeline']) retrieved from /opt/airflow/dags/snowflake_dag.py
[2023-12-16T06:33:05.120+0000] {logging_mixin.py:154} INFO - [2023-12-16T06:33:05.119+0000] {dag.py:2941} INFO - Sync 1 DAGs
[2023-12-16T06:33:05.136+0000] {logging_mixin.py:154} INFO - [2023-12-16T06:33:05.136+0000] {dag.py:3722} INFO - Setting next_dagrun for snow_pipeline to 2023-12-16T00:00:00+00:00, run_after=2023-12-17T00:00:00+00:00
[2023-12-16T06:33:05.148+0000] {processor.py:179} INFO - Processing /opt/airflow/dags/snowflake_dag.py took 0.118 seconds
[2023-12-16T06:33:35.519+0000] {processor.py:157} INFO - Started process (PID=7565) to work on /opt/airflow/dags/snowflake_dag.py
[2023-12-16T06:33:35.521+0000] {processor.py:829} INFO - Processing file /opt/airflow/dags/snowflake_dag.py for tasks to queue
[2023-12-16T06:33:35.524+0000] {logging_mixin.py:154} INFO - [2023-12-16T06:33:35.523+0000] {dagbag.py:536} INFO - Filling up the DagBag from /opt/airflow/dags/snowflake_dag.py
[2023-12-16T06:33:35.538+0000] {processor.py:839} INFO - DAG(s) dict_keys(['snow_pipeline']) retrieved from /opt/airflow/dags/snowflake_dag.py
[2023-12-16T06:33:35.557+0000] {logging_mixin.py:154} INFO - [2023-12-16T06:33:35.557+0000] {dag.py:2941} INFO - Sync 1 DAGs
[2023-12-16T06:33:35.571+0000] {logging_mixin.py:154} INFO - [2023-12-16T06:33:35.571+0000] {dag.py:3722} INFO - Setting next_dagrun for snow_pipeline to 2023-12-16T00:00:00+00:00, run_after=2023-12-17T00:00:00+00:00
[2023-12-16T06:33:35.579+0000] {processor.py:179} INFO - Processing /opt/airflow/dags/snowflake_dag.py took 0.065 seconds
[2023-12-16T06:34:05.899+0000] {processor.py:157} INFO - Started process (PID=7587) to work on /opt/airflow/dags/snowflake_dag.py
[2023-12-16T06:34:05.901+0000] {processor.py:829} INFO - Processing file /opt/airflow/dags/snowflake_dag.py for tasks to queue
[2023-12-16T06:34:05.905+0000] {logging_mixin.py:154} INFO - [2023-12-16T06:34:05.904+0000] {dagbag.py:536} INFO - Filling up the DagBag from /opt/airflow/dags/snowflake_dag.py
[2023-12-16T06:34:05.922+0000] {processor.py:839} INFO - DAG(s) dict_keys(['snow_pipeline']) retrieved from /opt/airflow/dags/snowflake_dag.py
[2023-12-16T06:34:05.942+0000] {logging_mixin.py:154} INFO - [2023-12-16T06:34:05.942+0000] {dag.py:2941} INFO - Sync 1 DAGs
[2023-12-16T06:34:05.955+0000] {logging_mixin.py:154} INFO - [2023-12-16T06:34:05.955+0000] {dag.py:3722} INFO - Setting next_dagrun for snow_pipeline to 2023-12-16T00:00:00+00:00, run_after=2023-12-17T00:00:00+00:00
[2023-12-16T06:34:05.964+0000] {processor.py:179} INFO - Processing /opt/airflow/dags/snowflake_dag.py took 0.072 seconds
[2023-12-16T06:34:36.318+0000] {processor.py:157} INFO - Started process (PID=7609) to work on /opt/airflow/dags/snowflake_dag.py
[2023-12-16T06:34:36.319+0000] {processor.py:829} INFO - Processing file /opt/airflow/dags/snowflake_dag.py for tasks to queue
[2023-12-16T06:34:36.321+0000] {logging_mixin.py:154} INFO - [2023-12-16T06:34:36.321+0000] {dagbag.py:536} INFO - Filling up the DagBag from /opt/airflow/dags/snowflake_dag.py
[2023-12-16T06:34:36.334+0000] {processor.py:839} INFO - DAG(s) dict_keys(['snow_pipeline']) retrieved from /opt/airflow/dags/snowflake_dag.py
[2023-12-16T06:34:36.359+0000] {logging_mixin.py:154} INFO - [2023-12-16T06:34:36.358+0000] {dag.py:2941} INFO - Sync 1 DAGs
[2023-12-16T06:34:36.387+0000] {logging_mixin.py:154} INFO - [2023-12-16T06:34:36.386+0000] {dag.py:3722} INFO - Setting next_dagrun for snow_pipeline to 2023-12-16T00:00:00+00:00, run_after=2023-12-17T00:00:00+00:00
[2023-12-16T06:34:36.409+0000] {processor.py:179} INFO - Processing /opt/airflow/dags/snowflake_dag.py took 0.095 seconds
[2023-12-16T06:35:06.709+0000] {processor.py:157} INFO - Started process (PID=7631) to work on /opt/airflow/dags/snowflake_dag.py
[2023-12-16T06:35:06.711+0000] {processor.py:829} INFO - Processing file /opt/airflow/dags/snowflake_dag.py for tasks to queue
[2023-12-16T06:35:06.716+0000] {logging_mixin.py:154} INFO - [2023-12-16T06:35:06.715+0000] {dagbag.py:536} INFO - Filling up the DagBag from /opt/airflow/dags/snowflake_dag.py
[2023-12-16T06:35:06.733+0000] {processor.py:839} INFO - DAG(s) dict_keys(['snow_pipeline']) retrieved from /opt/airflow/dags/snowflake_dag.py
[2023-12-16T06:35:06.753+0000] {logging_mixin.py:154} INFO - [2023-12-16T06:35:06.753+0000] {dag.py:2941} INFO - Sync 1 DAGs
[2023-12-16T06:35:06.767+0000] {logging_mixin.py:154} INFO - [2023-12-16T06:35:06.767+0000] {dag.py:3722} INFO - Setting next_dagrun for snow_pipeline to 2023-12-16T00:00:00+00:00, run_after=2023-12-17T00:00:00+00:00
[2023-12-16T06:35:06.777+0000] {processor.py:179} INFO - Processing /opt/airflow/dags/snowflake_dag.py took 0.077 seconds
[2023-12-16T06:35:37.051+0000] {processor.py:157} INFO - Started process (PID=7653) to work on /opt/airflow/dags/snowflake_dag.py
[2023-12-16T06:35:37.052+0000] {processor.py:829} INFO - Processing file /opt/airflow/dags/snowflake_dag.py for tasks to queue
[2023-12-16T06:35:37.056+0000] {logging_mixin.py:154} INFO - [2023-12-16T06:35:37.055+0000] {dagbag.py:536} INFO - Filling up the DagBag from /opt/airflow/dags/snowflake_dag.py
[2023-12-16T06:35:37.071+0000] {processor.py:839} INFO - DAG(s) dict_keys(['snow_pipeline']) retrieved from /opt/airflow/dags/snowflake_dag.py
[2023-12-16T06:35:37.091+0000] {logging_mixin.py:154} INFO - [2023-12-16T06:35:37.090+0000] {dag.py:2941} INFO - Sync 1 DAGs
[2023-12-16T06:35:37.106+0000] {logging_mixin.py:154} INFO - [2023-12-16T06:35:37.106+0000] {dag.py:3722} INFO - Setting next_dagrun for snow_pipeline to 2023-12-16T00:00:00+00:00, run_after=2023-12-17T00:00:00+00:00
[2023-12-16T06:35:37.116+0000] {processor.py:179} INFO - Processing /opt/airflow/dags/snowflake_dag.py took 0.071 seconds
[2023-12-16T06:36:07.349+0000] {processor.py:157} INFO - Started process (PID=7719) to work on /opt/airflow/dags/snowflake_dag.py
[2023-12-16T06:36:07.352+0000] {processor.py:829} INFO - Processing file /opt/airflow/dags/snowflake_dag.py for tasks to queue
[2023-12-16T06:36:07.357+0000] {logging_mixin.py:154} INFO - [2023-12-16T06:36:07.356+0000] {dagbag.py:536} INFO - Filling up the DagBag from /opt/airflow/dags/snowflake_dag.py
[2023-12-16T06:36:07.376+0000] {processor.py:839} INFO - DAG(s) dict_keys(['snow_pipeline']) retrieved from /opt/airflow/dags/snowflake_dag.py
[2023-12-16T06:36:07.399+0000] {logging_mixin.py:154} INFO - [2023-12-16T06:36:07.399+0000] {dag.py:2941} INFO - Sync 1 DAGs
[2023-12-16T06:36:07.414+0000] {logging_mixin.py:154} INFO - [2023-12-16T06:36:07.414+0000] {dag.py:3722} INFO - Setting next_dagrun for snow_pipeline to 2023-12-16T00:00:00+00:00, run_after=2023-12-17T00:00:00+00:00
[2023-12-16T06:36:07.424+0000] {processor.py:179} INFO - Processing /opt/airflow/dags/snowflake_dag.py took 0.082 seconds
[2023-12-16T06:36:37.813+0000] {processor.py:157} INFO - Started process (PID=7747) to work on /opt/airflow/dags/snowflake_dag.py
[2023-12-16T06:36:37.815+0000] {processor.py:829} INFO - Processing file /opt/airflow/dags/snowflake_dag.py for tasks to queue
[2023-12-16T06:36:37.819+0000] {logging_mixin.py:154} INFO - [2023-12-16T06:36:37.818+0000] {dagbag.py:536} INFO - Filling up the DagBag from /opt/airflow/dags/snowflake_dag.py
[2023-12-16T06:36:37.837+0000] {processor.py:839} INFO - DAG(s) dict_keys(['snow_pipeline']) retrieved from /opt/airflow/dags/snowflake_dag.py
[2023-12-16T06:36:37.863+0000] {logging_mixin.py:154} INFO - [2023-12-16T06:36:37.862+0000] {dag.py:2941} INFO - Sync 1 DAGs
[2023-12-16T06:36:37.883+0000] {logging_mixin.py:154} INFO - [2023-12-16T06:36:37.883+0000] {dag.py:3722} INFO - Setting next_dagrun for snow_pipeline to 2023-12-16T00:00:00+00:00, run_after=2023-12-17T00:00:00+00:00
[2023-12-16T06:36:37.897+0000] {processor.py:179} INFO - Processing /opt/airflow/dags/snowflake_dag.py took 0.090 seconds
[2023-12-16T06:37:08.393+0000] {processor.py:157} INFO - Started process (PID=7769) to work on /opt/airflow/dags/snowflake_dag.py
[2023-12-16T06:37:08.396+0000] {processor.py:829} INFO - Processing file /opt/airflow/dags/snowflake_dag.py for tasks to queue
[2023-12-16T06:37:08.401+0000] {logging_mixin.py:154} INFO - [2023-12-16T06:37:08.401+0000] {dagbag.py:536} INFO - Filling up the DagBag from /opt/airflow/dags/snowflake_dag.py
[2023-12-16T06:37:08.418+0000] {processor.py:839} INFO - DAG(s) dict_keys(['snow_pipeline']) retrieved from /opt/airflow/dags/snowflake_dag.py
[2023-12-16T06:37:08.438+0000] {logging_mixin.py:154} INFO - [2023-12-16T06:37:08.438+0000] {dag.py:2941} INFO - Sync 1 DAGs
[2023-12-16T06:37:08.452+0000] {logging_mixin.py:154} INFO - [2023-12-16T06:37:08.452+0000] {dag.py:3722} INFO - Setting next_dagrun for snow_pipeline to 2023-12-16T00:00:00+00:00, run_after=2023-12-17T00:00:00+00:00
[2023-12-16T06:37:08.462+0000] {processor.py:179} INFO - Processing /opt/airflow/dags/snowflake_dag.py took 0.076 seconds
[2023-12-16T06:37:38.768+0000] {processor.py:157} INFO - Started process (PID=7791) to work on /opt/airflow/dags/snowflake_dag.py
[2023-12-16T06:37:38.769+0000] {processor.py:829} INFO - Processing file /opt/airflow/dags/snowflake_dag.py for tasks to queue
[2023-12-16T06:37:38.771+0000] {logging_mixin.py:154} INFO - [2023-12-16T06:37:38.771+0000] {dagbag.py:536} INFO - Filling up the DagBag from /opt/airflow/dags/snowflake_dag.py
[2023-12-16T06:37:38.781+0000] {processor.py:839} INFO - DAG(s) dict_keys(['snow_pipeline']) retrieved from /opt/airflow/dags/snowflake_dag.py
[2023-12-16T06:37:38.797+0000] {logging_mixin.py:154} INFO - [2023-12-16T06:37:38.796+0000] {dag.py:2941} INFO - Sync 1 DAGs
[2023-12-16T06:37:38.809+0000] {logging_mixin.py:154} INFO - [2023-12-16T06:37:38.809+0000] {dag.py:3722} INFO - Setting next_dagrun for snow_pipeline to 2023-12-16T00:00:00+00:00, run_after=2023-12-17T00:00:00+00:00
[2023-12-16T06:37:38.818+0000] {processor.py:179} INFO - Processing /opt/airflow/dags/snowflake_dag.py took 0.054 seconds
[2023-12-16T06:38:09.108+0000] {processor.py:157} INFO - Started process (PID=7813) to work on /opt/airflow/dags/snowflake_dag.py
[2023-12-16T06:38:09.109+0000] {processor.py:829} INFO - Processing file /opt/airflow/dags/snowflake_dag.py for tasks to queue
[2023-12-16T06:38:09.111+0000] {logging_mixin.py:154} INFO - [2023-12-16T06:38:09.111+0000] {dagbag.py:536} INFO - Filling up the DagBag from /opt/airflow/dags/snowflake_dag.py
[2023-12-16T06:38:09.123+0000] {processor.py:839} INFO - DAG(s) dict_keys(['snow_pipeline']) retrieved from /opt/airflow/dags/snowflake_dag.py
[2023-12-16T06:38:09.142+0000] {logging_mixin.py:154} INFO - [2023-12-16T06:38:09.141+0000] {dag.py:2941} INFO - Sync 1 DAGs
[2023-12-16T06:38:09.156+0000] {logging_mixin.py:154} INFO - [2023-12-16T06:38:09.156+0000] {dag.py:3722} INFO - Setting next_dagrun for snow_pipeline to 2023-12-16T00:00:00+00:00, run_after=2023-12-17T00:00:00+00:00
[2023-12-16T06:38:09.167+0000] {processor.py:179} INFO - Processing /opt/airflow/dags/snowflake_dag.py took 0.062 seconds
[2023-12-16T06:38:39.522+0000] {processor.py:157} INFO - Started process (PID=7835) to work on /opt/airflow/dags/snowflake_dag.py
[2023-12-16T06:38:39.524+0000] {processor.py:829} INFO - Processing file /opt/airflow/dags/snowflake_dag.py for tasks to queue
[2023-12-16T06:38:39.530+0000] {logging_mixin.py:154} INFO - [2023-12-16T06:38:39.530+0000] {dagbag.py:536} INFO - Filling up the DagBag from /opt/airflow/dags/snowflake_dag.py
[2023-12-16T06:38:39.556+0000] {processor.py:839} INFO - DAG(s) dict_keys(['snow_pipeline']) retrieved from /opt/airflow/dags/snowflake_dag.py
[2023-12-16T06:38:39.586+0000] {logging_mixin.py:154} INFO - [2023-12-16T06:38:39.586+0000] {dag.py:2941} INFO - Sync 1 DAGs
[2023-12-16T06:38:39.605+0000] {logging_mixin.py:154} INFO - [2023-12-16T06:38:39.605+0000] {dag.py:3722} INFO - Setting next_dagrun for snow_pipeline to 2023-12-16T00:00:00+00:00, run_after=2023-12-17T00:00:00+00:00
[2023-12-16T06:38:39.617+0000] {processor.py:179} INFO - Processing /opt/airflow/dags/snowflake_dag.py took 0.102 seconds
[2023-12-16T06:39:09.958+0000] {processor.py:157} INFO - Started process (PID=7857) to work on /opt/airflow/dags/snowflake_dag.py
[2023-12-16T06:39:09.960+0000] {processor.py:829} INFO - Processing file /opt/airflow/dags/snowflake_dag.py for tasks to queue
[2023-12-16T06:39:09.966+0000] {logging_mixin.py:154} INFO - [2023-12-16T06:39:09.966+0000] {dagbag.py:536} INFO - Filling up the DagBag from /opt/airflow/dags/snowflake_dag.py
[2023-12-16T06:39:09.990+0000] {processor.py:839} INFO - DAG(s) dict_keys(['snow_pipeline']) retrieved from /opt/airflow/dags/snowflake_dag.py
[2023-12-16T06:39:10.014+0000] {logging_mixin.py:154} INFO - [2023-12-16T06:39:10.013+0000] {dag.py:2941} INFO - Sync 1 DAGs
[2023-12-16T06:39:10.035+0000] {logging_mixin.py:154} INFO - [2023-12-16T06:39:10.034+0000] {dag.py:3722} INFO - Setting next_dagrun for snow_pipeline to 2023-12-16T00:00:00+00:00, run_after=2023-12-17T00:00:00+00:00
[2023-12-16T06:39:10.048+0000] {processor.py:179} INFO - Processing /opt/airflow/dags/snowflake_dag.py took 0.098 seconds
[2023-12-16T06:39:40.366+0000] {processor.py:157} INFO - Started process (PID=7879) to work on /opt/airflow/dags/snowflake_dag.py
[2023-12-16T06:39:40.367+0000] {processor.py:829} INFO - Processing file /opt/airflow/dags/snowflake_dag.py for tasks to queue
[2023-12-16T06:39:40.369+0000] {logging_mixin.py:154} INFO - [2023-12-16T06:39:40.369+0000] {dagbag.py:536} INFO - Filling up the DagBag from /opt/airflow/dags/snowflake_dag.py
[2023-12-16T06:39:40.382+0000] {processor.py:839} INFO - DAG(s) dict_keys(['snow_pipeline']) retrieved from /opt/airflow/dags/snowflake_dag.py
[2023-12-16T06:39:40.401+0000] {logging_mixin.py:154} INFO - [2023-12-16T06:39:40.400+0000] {dag.py:2941} INFO - Sync 1 DAGs
[2023-12-16T06:39:40.414+0000] {logging_mixin.py:154} INFO - [2023-12-16T06:39:40.414+0000] {dag.py:3722} INFO - Setting next_dagrun for snow_pipeline to 2023-12-16T00:00:00+00:00, run_after=2023-12-17T00:00:00+00:00
[2023-12-16T06:39:40.423+0000] {processor.py:179} INFO - Processing /opt/airflow/dags/snowflake_dag.py took 0.062 seconds
[2023-12-16T06:40:10.740+0000] {processor.py:157} INFO - Started process (PID=7901) to work on /opt/airflow/dags/snowflake_dag.py
[2023-12-16T06:40:10.741+0000] {processor.py:829} INFO - Processing file /opt/airflow/dags/snowflake_dag.py for tasks to queue
[2023-12-16T06:40:10.744+0000] {logging_mixin.py:154} INFO - [2023-12-16T06:40:10.744+0000] {dagbag.py:536} INFO - Filling up the DagBag from /opt/airflow/dags/snowflake_dag.py
[2023-12-16T06:40:10.755+0000] {processor.py:839} INFO - DAG(s) dict_keys(['snow_pipeline']) retrieved from /opt/airflow/dags/snowflake_dag.py
[2023-12-16T06:40:10.772+0000] {logging_mixin.py:154} INFO - [2023-12-16T06:40:10.772+0000] {dag.py:2941} INFO - Sync 1 DAGs
[2023-12-16T06:40:10.784+0000] {logging_mixin.py:154} INFO - [2023-12-16T06:40:10.784+0000] {dag.py:3722} INFO - Setting next_dagrun for snow_pipeline to 2023-12-16T00:00:00+00:00, run_after=2023-12-17T00:00:00+00:00
[2023-12-16T06:40:10.792+0000] {processor.py:179} INFO - Processing /opt/airflow/dags/snowflake_dag.py took 0.057 seconds
[2023-12-16T06:40:41.112+0000] {processor.py:157} INFO - Started process (PID=7923) to work on /opt/airflow/dags/snowflake_dag.py
[2023-12-16T06:40:41.114+0000] {processor.py:829} INFO - Processing file /opt/airflow/dags/snowflake_dag.py for tasks to queue
[2023-12-16T06:40:41.119+0000] {logging_mixin.py:154} INFO - [2023-12-16T06:40:41.119+0000] {dagbag.py:536} INFO - Filling up the DagBag from /opt/airflow/dags/snowflake_dag.py
[2023-12-16T06:40:41.141+0000] {processor.py:839} INFO - DAG(s) dict_keys(['snow_pipeline']) retrieved from /opt/airflow/dags/snowflake_dag.py
[2023-12-16T06:40:41.164+0000] {logging_mixin.py:154} INFO - [2023-12-16T06:40:41.164+0000] {dag.py:2941} INFO - Sync 1 DAGs
[2023-12-16T06:40:41.180+0000] {logging_mixin.py:154} INFO - [2023-12-16T06:40:41.180+0000] {dag.py:3722} INFO - Setting next_dagrun for snow_pipeline to 2023-12-16T00:00:00+00:00, run_after=2023-12-17T00:00:00+00:00
[2023-12-16T06:40:41.191+0000] {processor.py:179} INFO - Processing /opt/airflow/dags/snowflake_dag.py took 0.086 seconds
[2023-12-16T06:41:11.490+0000] {processor.py:157} INFO - Started process (PID=7945) to work on /opt/airflow/dags/snowflake_dag.py
[2023-12-16T06:41:11.492+0000] {processor.py:829} INFO - Processing file /opt/airflow/dags/snowflake_dag.py for tasks to queue
[2023-12-16T06:41:11.495+0000] {logging_mixin.py:154} INFO - [2023-12-16T06:41:11.495+0000] {dagbag.py:536} INFO - Filling up the DagBag from /opt/airflow/dags/snowflake_dag.py
[2023-12-16T06:41:11.512+0000] {processor.py:839} INFO - DAG(s) dict_keys(['snow_pipeline']) retrieved from /opt/airflow/dags/snowflake_dag.py
[2023-12-16T06:41:11.530+0000] {logging_mixin.py:154} INFO - [2023-12-16T06:41:11.530+0000] {dag.py:2941} INFO - Sync 1 DAGs
[2023-12-16T06:41:11.543+0000] {logging_mixin.py:154} INFO - [2023-12-16T06:41:11.543+0000] {dag.py:3722} INFO - Setting next_dagrun for snow_pipeline to 2023-12-16T00:00:00+00:00, run_after=2023-12-17T00:00:00+00:00
[2023-12-16T06:41:11.553+0000] {processor.py:179} INFO - Processing /opt/airflow/dags/snowflake_dag.py took 0.069 seconds
[2023-12-16T06:41:41.907+0000] {processor.py:157} INFO - Started process (PID=7978) to work on /opt/airflow/dags/snowflake_dag.py
[2023-12-16T06:41:41.908+0000] {processor.py:829} INFO - Processing file /opt/airflow/dags/snowflake_dag.py for tasks to queue
[2023-12-16T06:41:41.911+0000] {logging_mixin.py:154} INFO - [2023-12-16T06:41:41.910+0000] {dagbag.py:536} INFO - Filling up the DagBag from /opt/airflow/dags/snowflake_dag.py
[2023-12-16T06:41:41.923+0000] {processor.py:839} INFO - DAG(s) dict_keys(['snow_pipeline']) retrieved from /opt/airflow/dags/snowflake_dag.py
[2023-12-16T06:41:41.943+0000] {logging_mixin.py:154} INFO - [2023-12-16T06:41:41.942+0000] {dag.py:2941} INFO - Sync 1 DAGs
[2023-12-16T06:41:41.956+0000] {logging_mixin.py:154} INFO - [2023-12-16T06:41:41.956+0000] {dag.py:3722} INFO - Setting next_dagrun for snow_pipeline to 2023-12-16T00:00:00+00:00, run_after=2023-12-17T00:00:00+00:00
[2023-12-16T06:41:41.965+0000] {processor.py:179} INFO - Processing /opt/airflow/dags/snowflake_dag.py took 0.062 seconds
[2023-12-16T06:42:12.466+0000] {processor.py:157} INFO - Started process (PID=8005) to work on /opt/airflow/dags/snowflake_dag.py
[2023-12-16T06:42:12.468+0000] {processor.py:829} INFO - Processing file /opt/airflow/dags/snowflake_dag.py for tasks to queue
[2023-12-16T06:42:12.472+0000] {logging_mixin.py:154} INFO - [2023-12-16T06:42:12.472+0000] {dagbag.py:536} INFO - Filling up the DagBag from /opt/airflow/dags/snowflake_dag.py
[2023-12-16T06:42:12.487+0000] {processor.py:839} INFO - DAG(s) dict_keys(['snow_pipeline']) retrieved from /opt/airflow/dags/snowflake_dag.py
[2023-12-16T06:42:12.505+0000] {logging_mixin.py:154} INFO - [2023-12-16T06:42:12.505+0000] {dag.py:2941} INFO - Sync 1 DAGs
[2023-12-16T06:42:12.517+0000] {logging_mixin.py:154} INFO - [2023-12-16T06:42:12.517+0000] {dag.py:3722} INFO - Setting next_dagrun for snow_pipeline to 2023-12-16T00:00:00+00:00, run_after=2023-12-17T00:00:00+00:00
[2023-12-16T06:42:12.527+0000] {processor.py:179} INFO - Processing /opt/airflow/dags/snowflake_dag.py took 0.068 seconds
[2023-12-16T06:42:43.008+0000] {processor.py:157} INFO - Started process (PID=8032) to work on /opt/airflow/dags/snowflake_dag.py
[2023-12-16T06:42:43.010+0000] {processor.py:829} INFO - Processing file /opt/airflow/dags/snowflake_dag.py for tasks to queue
[2023-12-16T06:42:43.014+0000] {logging_mixin.py:154} INFO - [2023-12-16T06:42:43.013+0000] {dagbag.py:536} INFO - Filling up the DagBag from /opt/airflow/dags/snowflake_dag.py
[2023-12-16T06:42:43.052+0000] {processor.py:839} INFO - DAG(s) dict_keys(['snow_pipeline']) retrieved from /opt/airflow/dags/snowflake_dag.py
[2023-12-16T06:42:43.079+0000] {logging_mixin.py:154} INFO - [2023-12-16T06:42:43.078+0000] {dag.py:2941} INFO - Sync 1 DAGs
[2023-12-16T06:42:43.093+0000] {logging_mixin.py:154} INFO - [2023-12-16T06:42:43.093+0000] {dag.py:3722} INFO - Setting next_dagrun for snow_pipeline to 2023-12-16T00:00:00+00:00, run_after=2023-12-17T00:00:00+00:00
[2023-12-16T06:42:43.103+0000] {processor.py:179} INFO - Processing /opt/airflow/dags/snowflake_dag.py took 0.101 seconds
[2023-12-16T06:43:13.568+0000] {processor.py:157} INFO - Started process (PID=8059) to work on /opt/airflow/dags/snowflake_dag.py
[2023-12-16T06:43:13.571+0000] {processor.py:829} INFO - Processing file /opt/airflow/dags/snowflake_dag.py for tasks to queue
[2023-12-16T06:43:13.576+0000] {logging_mixin.py:154} INFO - [2023-12-16T06:43:13.575+0000] {dagbag.py:536} INFO - Filling up the DagBag from /opt/airflow/dags/snowflake_dag.py
[2023-12-16T06:43:13.594+0000] {processor.py:839} INFO - DAG(s) dict_keys(['snow_pipeline']) retrieved from /opt/airflow/dags/snowflake_dag.py
[2023-12-16T06:43:13.613+0000] {logging_mixin.py:154} INFO - [2023-12-16T06:43:13.612+0000] {dag.py:2941} INFO - Sync 1 DAGs
[2023-12-16T06:43:13.626+0000] {logging_mixin.py:154} INFO - [2023-12-16T06:43:13.625+0000] {dag.py:3722} INFO - Setting next_dagrun for snow_pipeline to 2023-12-16T00:00:00+00:00, run_after=2023-12-17T00:00:00+00:00
[2023-12-16T06:43:13.638+0000] {processor.py:179} INFO - Processing /opt/airflow/dags/snowflake_dag.py took 0.078 seconds
[2023-12-16T06:43:44.029+0000] {processor.py:157} INFO - Started process (PID=8086) to work on /opt/airflow/dags/snowflake_dag.py
[2023-12-16T06:43:44.031+0000] {processor.py:829} INFO - Processing file /opt/airflow/dags/snowflake_dag.py for tasks to queue
[2023-12-16T06:43:44.035+0000] {logging_mixin.py:154} INFO - [2023-12-16T06:43:44.035+0000] {dagbag.py:536} INFO - Filling up the DagBag from /opt/airflow/dags/snowflake_dag.py
[2023-12-16T06:43:44.055+0000] {processor.py:839} INFO - DAG(s) dict_keys(['snow_pipeline']) retrieved from /opt/airflow/dags/snowflake_dag.py
[2023-12-16T06:43:44.077+0000] {logging_mixin.py:154} INFO - [2023-12-16T06:43:44.076+0000] {dag.py:2941} INFO - Sync 1 DAGs
[2023-12-16T06:43:44.094+0000] {logging_mixin.py:154} INFO - [2023-12-16T06:43:44.093+0000] {dag.py:3722} INFO - Setting next_dagrun for snow_pipeline to 2023-12-16T00:00:00+00:00, run_after=2023-12-17T00:00:00+00:00
[2023-12-16T06:43:44.104+0000] {processor.py:179} INFO - Processing /opt/airflow/dags/snowflake_dag.py took 0.080 seconds
[2023-12-16T06:44:14.577+0000] {processor.py:157} INFO - Started process (PID=8114) to work on /opt/airflow/dags/snowflake_dag.py
[2023-12-16T06:44:14.578+0000] {processor.py:829} INFO - Processing file /opt/airflow/dags/snowflake_dag.py for tasks to queue
[2023-12-16T06:44:14.582+0000] {logging_mixin.py:154} INFO - [2023-12-16T06:44:14.581+0000] {dagbag.py:536} INFO - Filling up the DagBag from /opt/airflow/dags/snowflake_dag.py
[2023-12-16T06:44:14.598+0000] {processor.py:839} INFO - DAG(s) dict_keys(['snow_pipeline']) retrieved from /opt/airflow/dags/snowflake_dag.py
[2023-12-16T06:44:14.616+0000] {logging_mixin.py:154} INFO - [2023-12-16T06:44:14.616+0000] {dag.py:2941} INFO - Sync 1 DAGs
[2023-12-16T06:44:14.629+0000] {logging_mixin.py:154} INFO - [2023-12-16T06:44:14.629+0000] {dag.py:3722} INFO - Setting next_dagrun for snow_pipeline to 2023-12-16T00:00:00+00:00, run_after=2023-12-17T00:00:00+00:00
[2023-12-16T06:44:14.638+0000] {processor.py:179} INFO - Processing /opt/airflow/dags/snowflake_dag.py took 0.068 seconds
[2023-12-16T06:44:45.155+0000] {processor.py:157} INFO - Started process (PID=8141) to work on /opt/airflow/dags/snowflake_dag.py
[2023-12-16T06:44:45.158+0000] {processor.py:829} INFO - Processing file /opt/airflow/dags/snowflake_dag.py for tasks to queue
[2023-12-16T06:44:45.163+0000] {logging_mixin.py:154} INFO - [2023-12-16T06:44:45.162+0000] {dagbag.py:536} INFO - Filling up the DagBag from /opt/airflow/dags/snowflake_dag.py
[2023-12-16T06:44:45.184+0000] {processor.py:839} INFO - DAG(s) dict_keys(['snow_pipeline']) retrieved from /opt/airflow/dags/snowflake_dag.py
[2023-12-16T06:44:45.210+0000] {logging_mixin.py:154} INFO - [2023-12-16T06:44:45.209+0000] {dag.py:2941} INFO - Sync 1 DAGs
[2023-12-16T06:44:45.224+0000] {logging_mixin.py:154} INFO - [2023-12-16T06:44:45.224+0000] {dag.py:3722} INFO - Setting next_dagrun for snow_pipeline to 2023-12-16T00:00:00+00:00, run_after=2023-12-17T00:00:00+00:00
[2023-12-16T06:44:45.234+0000] {processor.py:179} INFO - Processing /opt/airflow/dags/snowflake_dag.py took 0.086 seconds
[2023-12-16T06:45:15.661+0000] {processor.py:157} INFO - Started process (PID=8168) to work on /opt/airflow/dags/snowflake_dag.py
[2023-12-16T06:45:15.663+0000] {processor.py:829} INFO - Processing file /opt/airflow/dags/snowflake_dag.py for tasks to queue
[2023-12-16T06:45:15.669+0000] {logging_mixin.py:154} INFO - [2023-12-16T06:45:15.669+0000] {dagbag.py:536} INFO - Filling up the DagBag from /opt/airflow/dags/snowflake_dag.py
[2023-12-16T06:45:15.693+0000] {processor.py:839} INFO - DAG(s) dict_keys(['snow_pipeline']) retrieved from /opt/airflow/dags/snowflake_dag.py
[2023-12-16T06:45:15.715+0000] {logging_mixin.py:154} INFO - [2023-12-16T06:45:15.715+0000] {dag.py:2941} INFO - Sync 1 DAGs
[2023-12-16T06:45:15.731+0000] {logging_mixin.py:154} INFO - [2023-12-16T06:45:15.731+0000] {dag.py:3722} INFO - Setting next_dagrun for snow_pipeline to 2023-12-16T00:00:00+00:00, run_after=2023-12-17T00:00:00+00:00
[2023-12-16T06:45:15.741+0000] {processor.py:179} INFO - Processing /opt/airflow/dags/snowflake_dag.py took 0.088 seconds
[2023-12-16T06:45:46.177+0000] {processor.py:157} INFO - Started process (PID=8195) to work on /opt/airflow/dags/snowflake_dag.py
[2023-12-16T06:45:46.179+0000] {processor.py:829} INFO - Processing file /opt/airflow/dags/snowflake_dag.py for tasks to queue
[2023-12-16T06:45:46.183+0000] {logging_mixin.py:154} INFO - [2023-12-16T06:45:46.182+0000] {dagbag.py:536} INFO - Filling up the DagBag from /opt/airflow/dags/snowflake_dag.py
[2023-12-16T06:45:46.201+0000] {processor.py:839} INFO - DAG(s) dict_keys(['snow_pipeline']) retrieved from /opt/airflow/dags/snowflake_dag.py
[2023-12-16T06:45:46.221+0000] {logging_mixin.py:154} INFO - [2023-12-16T06:45:46.221+0000] {dag.py:2941} INFO - Sync 1 DAGs
[2023-12-16T06:45:46.235+0000] {logging_mixin.py:154} INFO - [2023-12-16T06:45:46.235+0000] {dag.py:3722} INFO - Setting next_dagrun for snow_pipeline to 2023-12-16T00:00:00+00:00, run_after=2023-12-17T00:00:00+00:00
[2023-12-16T06:45:46.244+0000] {processor.py:179} INFO - Processing /opt/airflow/dags/snowflake_dag.py took 0.074 seconds
[2023-12-16T06:46:16.708+0000] {processor.py:157} INFO - Started process (PID=8227) to work on /opt/airflow/dags/snowflake_dag.py
[2023-12-16T06:46:16.710+0000] {processor.py:829} INFO - Processing file /opt/airflow/dags/snowflake_dag.py for tasks to queue
[2023-12-16T06:46:16.715+0000] {logging_mixin.py:154} INFO - [2023-12-16T06:46:16.715+0000] {dagbag.py:536} INFO - Filling up the DagBag from /opt/airflow/dags/snowflake_dag.py
[2023-12-16T06:46:16.735+0000] {processor.py:839} INFO - DAG(s) dict_keys(['snow_pipeline']) retrieved from /opt/airflow/dags/snowflake_dag.py
[2023-12-16T06:46:16.757+0000] {logging_mixin.py:154} INFO - [2023-12-16T06:46:16.757+0000] {dag.py:2941} INFO - Sync 1 DAGs
[2023-12-16T06:46:16.774+0000] {logging_mixin.py:154} INFO - [2023-12-16T06:46:16.774+0000] {dag.py:3722} INFO - Setting next_dagrun for snow_pipeline to 2023-12-16T00:00:00+00:00, run_after=2023-12-17T00:00:00+00:00
[2023-12-16T06:46:16.784+0000] {processor.py:179} INFO - Processing /opt/airflow/dags/snowflake_dag.py took 0.081 seconds
[2023-12-16T06:46:47.213+0000] {processor.py:157} INFO - Started process (PID=8254) to work on /opt/airflow/dags/snowflake_dag.py
[2023-12-16T06:46:47.215+0000] {processor.py:829} INFO - Processing file /opt/airflow/dags/snowflake_dag.py for tasks to queue
[2023-12-16T06:46:47.217+0000] {logging_mixin.py:154} INFO - [2023-12-16T06:46:47.217+0000] {dagbag.py:536} INFO - Filling up the DagBag from /opt/airflow/dags/snowflake_dag.py
[2023-12-16T06:46:47.233+0000] {processor.py:839} INFO - DAG(s) dict_keys(['snow_pipeline']) retrieved from /opt/airflow/dags/snowflake_dag.py
[2023-12-16T06:46:47.256+0000] {logging_mixin.py:154} INFO - [2023-12-16T06:46:47.255+0000] {dag.py:2941} INFO - Sync 1 DAGs
[2023-12-16T06:46:47.270+0000] {logging_mixin.py:154} INFO - [2023-12-16T06:46:47.270+0000] {dag.py:3722} INFO - Setting next_dagrun for snow_pipeline to 2023-12-16T00:00:00+00:00, run_after=2023-12-17T00:00:00+00:00
[2023-12-16T06:46:47.282+0000] {processor.py:179} INFO - Processing /opt/airflow/dags/snowflake_dag.py took 0.074 seconds
[2023-12-16T06:47:17.762+0000] {processor.py:157} INFO - Started process (PID=8291) to work on /opt/airflow/dags/snowflake_dag.py
[2023-12-16T06:47:17.764+0000] {processor.py:829} INFO - Processing file /opt/airflow/dags/snowflake_dag.py for tasks to queue
[2023-12-16T06:47:17.767+0000] {logging_mixin.py:154} INFO - [2023-12-16T06:47:17.767+0000] {dagbag.py:536} INFO - Filling up the DagBag from /opt/airflow/dags/snowflake_dag.py
[2023-12-16T06:47:17.784+0000] {processor.py:839} INFO - DAG(s) dict_keys(['snow_pipeline']) retrieved from /opt/airflow/dags/snowflake_dag.py
[2023-12-16T06:47:17.804+0000] {logging_mixin.py:154} INFO - [2023-12-16T06:47:17.803+0000] {dag.py:2941} INFO - Sync 1 DAGs
[2023-12-16T06:47:17.819+0000] {logging_mixin.py:154} INFO - [2023-12-16T06:47:17.819+0000] {dag.py:3722} INFO - Setting next_dagrun for snow_pipeline to 2023-12-16T00:00:00+00:00, run_after=2023-12-17T00:00:00+00:00
[2023-12-16T06:47:17.831+0000] {processor.py:179} INFO - Processing /opt/airflow/dags/snowflake_dag.py took 0.073 seconds
[2023-12-16T06:47:48.194+0000] {processor.py:157} INFO - Started process (PID=8318) to work on /opt/airflow/dags/snowflake_dag.py
[2023-12-16T06:47:48.196+0000] {processor.py:829} INFO - Processing file /opt/airflow/dags/snowflake_dag.py for tasks to queue
[2023-12-16T06:47:48.199+0000] {logging_mixin.py:154} INFO - [2023-12-16T06:47:48.199+0000] {dagbag.py:536} INFO - Filling up the DagBag from /opt/airflow/dags/snowflake_dag.py
[2023-12-16T06:47:48.217+0000] {processor.py:839} INFO - DAG(s) dict_keys(['snow_pipeline']) retrieved from /opt/airflow/dags/snowflake_dag.py
[2023-12-16T06:47:48.237+0000] {logging_mixin.py:154} INFO - [2023-12-16T06:47:48.236+0000] {dag.py:2941} INFO - Sync 1 DAGs
[2023-12-16T06:47:48.249+0000] {logging_mixin.py:154} INFO - [2023-12-16T06:47:48.249+0000] {dag.py:3722} INFO - Setting next_dagrun for snow_pipeline to 2023-12-16T00:00:00+00:00, run_after=2023-12-17T00:00:00+00:00
[2023-12-16T06:47:48.258+0000] {processor.py:179} INFO - Processing /opt/airflow/dags/snowflake_dag.py took 0.070 seconds
[2023-12-16T06:48:18.921+0000] {processor.py:157} INFO - Started process (PID=8355) to work on /opt/airflow/dags/snowflake_dag.py
[2023-12-16T06:48:18.923+0000] {processor.py:829} INFO - Processing file /opt/airflow/dags/snowflake_dag.py for tasks to queue
[2023-12-16T06:48:18.928+0000] {logging_mixin.py:154} INFO - [2023-12-16T06:48:18.927+0000] {dagbag.py:536} INFO - Filling up the DagBag from /opt/airflow/dags/snowflake_dag.py
[2023-12-16T06:48:18.948+0000] {processor.py:839} INFO - DAG(s) dict_keys(['snow_pipeline']) retrieved from /opt/airflow/dags/snowflake_dag.py
[2023-12-16T06:48:18.970+0000] {logging_mixin.py:154} INFO - [2023-12-16T06:48:18.970+0000] {dag.py:2941} INFO - Sync 1 DAGs
[2023-12-16T06:48:18.985+0000] {logging_mixin.py:154} INFO - [2023-12-16T06:48:18.985+0000] {dag.py:3722} INFO - Setting next_dagrun for snow_pipeline to 2023-12-16T00:00:00+00:00, run_after=2023-12-17T00:00:00+00:00
[2023-12-16T06:48:18.995+0000] {processor.py:179} INFO - Processing /opt/airflow/dags/snowflake_dag.py took 0.080 seconds
[2023-12-16T06:48:49.482+0000] {processor.py:157} INFO - Started process (PID=8382) to work on /opt/airflow/dags/snowflake_dag.py
[2023-12-16T06:48:49.484+0000] {processor.py:829} INFO - Processing file /opt/airflow/dags/snowflake_dag.py for tasks to queue
[2023-12-16T06:48:49.488+0000] {logging_mixin.py:154} INFO - [2023-12-16T06:48:49.488+0000] {dagbag.py:536} INFO - Filling up the DagBag from /opt/airflow/dags/snowflake_dag.py
[2023-12-16T06:48:49.508+0000] {processor.py:839} INFO - DAG(s) dict_keys(['snow_pipeline']) retrieved from /opt/airflow/dags/snowflake_dag.py
[2023-12-16T06:48:49.530+0000] {logging_mixin.py:154} INFO - [2023-12-16T06:48:49.530+0000] {dag.py:2941} INFO - Sync 1 DAGs
[2023-12-16T06:48:49.544+0000] {logging_mixin.py:154} INFO - [2023-12-16T06:48:49.544+0000] {dag.py:3722} INFO - Setting next_dagrun for snow_pipeline to 2023-12-16T00:00:00+00:00, run_after=2023-12-17T00:00:00+00:00
[2023-12-16T06:48:49.554+0000] {processor.py:179} INFO - Processing /opt/airflow/dags/snowflake_dag.py took 0.079 seconds
[2023-12-16T06:49:20.008+0000] {processor.py:157} INFO - Started process (PID=8409) to work on /opt/airflow/dags/snowflake_dag.py
[2023-12-16T06:49:20.009+0000] {processor.py:829} INFO - Processing file /opt/airflow/dags/snowflake_dag.py for tasks to queue
[2023-12-16T06:49:20.013+0000] {logging_mixin.py:154} INFO - [2023-12-16T06:49:20.012+0000] {dagbag.py:536} INFO - Filling up the DagBag from /opt/airflow/dags/snowflake_dag.py
[2023-12-16T06:49:20.028+0000] {processor.py:839} INFO - DAG(s) dict_keys(['snow_pipeline']) retrieved from /opt/airflow/dags/snowflake_dag.py
[2023-12-16T06:49:20.047+0000] {logging_mixin.py:154} INFO - [2023-12-16T06:49:20.046+0000] {dag.py:2941} INFO - Sync 1 DAGs
[2023-12-16T06:49:20.060+0000] {logging_mixin.py:154} INFO - [2023-12-16T06:49:20.060+0000] {dag.py:3722} INFO - Setting next_dagrun for snow_pipeline to 2023-12-16T00:00:00+00:00, run_after=2023-12-17T00:00:00+00:00
[2023-12-16T06:49:20.068+0000] {processor.py:179} INFO - Processing /opt/airflow/dags/snowflake_dag.py took 0.066 seconds
[2023-12-16T06:49:50.453+0000] {processor.py:157} INFO - Started process (PID=8436) to work on /opt/airflow/dags/snowflake_dag.py
[2023-12-16T06:49:50.455+0000] {processor.py:829} INFO - Processing file /opt/airflow/dags/snowflake_dag.py for tasks to queue
[2023-12-16T06:49:50.458+0000] {logging_mixin.py:154} INFO - [2023-12-16T06:49:50.458+0000] {dagbag.py:536} INFO - Filling up the DagBag from /opt/airflow/dags/snowflake_dag.py
[2023-12-16T06:49:50.475+0000] {processor.py:839} INFO - DAG(s) dict_keys(['snow_pipeline']) retrieved from /opt/airflow/dags/snowflake_dag.py
[2023-12-16T06:49:50.495+0000] {logging_mixin.py:154} INFO - [2023-12-16T06:49:50.494+0000] {dag.py:2941} INFO - Sync 1 DAGs
[2023-12-16T06:49:50.508+0000] {logging_mixin.py:154} INFO - [2023-12-16T06:49:50.508+0000] {dag.py:3722} INFO - Setting next_dagrun for snow_pipeline to 2023-12-16T00:00:00+00:00, run_after=2023-12-17T00:00:00+00:00
[2023-12-16T06:49:50.519+0000] {processor.py:179} INFO - Processing /opt/airflow/dags/snowflake_dag.py took 0.071 seconds
[2023-12-16T06:50:21.090+0000] {processor.py:157} INFO - Started process (PID=8463) to work on /opt/airflow/dags/snowflake_dag.py
[2023-12-16T06:50:21.106+0000] {processor.py:829} INFO - Processing file /opt/airflow/dags/snowflake_dag.py for tasks to queue
[2023-12-16T06:50:21.138+0000] {logging_mixin.py:154} INFO - [2023-12-16T06:50:21.138+0000] {dagbag.py:536} INFO - Filling up the DagBag from /opt/airflow/dags/snowflake_dag.py
[2023-12-16T06:50:21.179+0000] {processor.py:839} INFO - DAG(s) dict_keys(['snow_pipeline']) retrieved from /opt/airflow/dags/snowflake_dag.py
[2023-12-16T06:50:21.221+0000] {logging_mixin.py:154} INFO - [2023-12-16T06:50:21.220+0000] {dag.py:2941} INFO - Sync 1 DAGs
[2023-12-16T06:50:21.241+0000] {logging_mixin.py:154} INFO - [2023-12-16T06:50:21.241+0000] {dag.py:3722} INFO - Setting next_dagrun for snow_pipeline to 2023-12-16T00:00:00+00:00, run_after=2023-12-17T00:00:00+00:00
[2023-12-16T06:50:21.253+0000] {processor.py:179} INFO - Processing /opt/airflow/dags/snowflake_dag.py took 0.233 seconds
[2023-12-16T06:51:22.293+0000] {processor.py:157} INFO - Started process (PID=8500) to work on /opt/airflow/dags/snowflake_dag.py
[2023-12-16T06:51:22.293+0000] {processor.py:829} INFO - Processing file /opt/airflow/dags/snowflake_dag.py for tasks to queue
[2023-12-16T06:51:22.295+0000] {logging_mixin.py:154} INFO - [2023-12-16T06:51:22.295+0000] {dagbag.py:536} INFO - Filling up the DagBag from /opt/airflow/dags/snowflake_dag.py
[2023-12-16T06:51:22.303+0000] {processor.py:839} INFO - DAG(s) dict_keys(['snow_pipeline']) retrieved from /opt/airflow/dags/snowflake_dag.py
[2023-12-16T06:51:22.319+0000] {logging_mixin.py:154} INFO - [2023-12-16T06:51:22.318+0000] {dag.py:2941} INFO - Sync 1 DAGs
[2023-12-16T06:51:22.332+0000] {logging_mixin.py:154} INFO - [2023-12-16T06:51:22.332+0000] {dag.py:3722} INFO - Setting next_dagrun for snow_pipeline to 2023-12-16T00:00:00+00:00, run_after=2023-12-17T00:00:00+00:00
[2023-12-16T06:51:22.341+0000] {processor.py:179} INFO - Processing /opt/airflow/dags/snowflake_dag.py took 0.051 seconds
[2023-12-16T06:51:52.817+0000] {processor.py:157} INFO - Started process (PID=8528) to work on /opt/airflow/dags/snowflake_dag.py
[2023-12-16T06:51:52.818+0000] {processor.py:829} INFO - Processing file /opt/airflow/dags/snowflake_dag.py for tasks to queue
[2023-12-16T06:51:52.820+0000] {logging_mixin.py:154} INFO - [2023-12-16T06:51:52.820+0000] {dagbag.py:536} INFO - Filling up the DagBag from /opt/airflow/dags/snowflake_dag.py
[2023-12-16T06:51:52.829+0000] {processor.py:839} INFO - DAG(s) dict_keys(['snow_pipeline']) retrieved from /opt/airflow/dags/snowflake_dag.py
[2023-12-16T06:51:52.847+0000] {logging_mixin.py:154} INFO - [2023-12-16T06:51:52.847+0000] {dag.py:2941} INFO - Sync 1 DAGs
[2023-12-16T06:51:52.861+0000] {logging_mixin.py:154} INFO - [2023-12-16T06:51:52.861+0000] {dag.py:3722} INFO - Setting next_dagrun for snow_pipeline to 2023-12-16T00:00:00+00:00, run_after=2023-12-17T00:00:00+00:00
[2023-12-16T06:51:52.870+0000] {processor.py:179} INFO - Processing /opt/airflow/dags/snowflake_dag.py took 0.055 seconds
[2023-12-16T06:52:23.326+0000] {processor.py:157} INFO - Started process (PID=8555) to work on /opt/airflow/dags/snowflake_dag.py
[2023-12-16T06:52:23.328+0000] {processor.py:829} INFO - Processing file /opt/airflow/dags/snowflake_dag.py for tasks to queue
[2023-12-16T06:52:23.331+0000] {logging_mixin.py:154} INFO - [2023-12-16T06:52:23.331+0000] {dagbag.py:536} INFO - Filling up the DagBag from /opt/airflow/dags/snowflake_dag.py
[2023-12-16T06:52:23.346+0000] {processor.py:839} INFO - DAG(s) dict_keys(['snow_pipeline']) retrieved from /opt/airflow/dags/snowflake_dag.py
[2023-12-16T06:52:23.363+0000] {logging_mixin.py:154} INFO - [2023-12-16T06:52:23.363+0000] {dag.py:2941} INFO - Sync 1 DAGs
[2023-12-16T06:52:23.377+0000] {logging_mixin.py:154} INFO - [2023-12-16T06:52:23.377+0000] {dag.py:3722} INFO - Setting next_dagrun for snow_pipeline to 2023-12-16T00:00:00+00:00, run_after=2023-12-17T00:00:00+00:00
[2023-12-16T06:52:23.388+0000] {processor.py:179} INFO - Processing /opt/airflow/dags/snowflake_dag.py took 0.065 seconds
[2023-12-16T06:52:53.836+0000] {processor.py:157} INFO - Started process (PID=8582) to work on /opt/airflow/dags/snowflake_dag.py
[2023-12-16T06:52:53.837+0000] {processor.py:829} INFO - Processing file /opt/airflow/dags/snowflake_dag.py for tasks to queue
[2023-12-16T06:52:53.838+0000] {logging_mixin.py:154} INFO - [2023-12-16T06:52:53.838+0000] {dagbag.py:536} INFO - Filling up the DagBag from /opt/airflow/dags/snowflake_dag.py
[2023-12-16T06:52:53.847+0000] {processor.py:839} INFO - DAG(s) dict_keys(['snow_pipeline']) retrieved from /opt/airflow/dags/snowflake_dag.py
[2023-12-16T06:52:53.862+0000] {logging_mixin.py:154} INFO - [2023-12-16T06:52:53.862+0000] {dag.py:2941} INFO - Sync 1 DAGs
[2023-12-16T06:52:53.875+0000] {logging_mixin.py:154} INFO - [2023-12-16T06:52:53.875+0000] {dag.py:3722} INFO - Setting next_dagrun for snow_pipeline to 2023-12-16T00:00:00+00:00, run_after=2023-12-17T00:00:00+00:00
[2023-12-16T06:52:53.884+0000] {processor.py:179} INFO - Processing /opt/airflow/dags/snowflake_dag.py took 0.050 seconds
[2023-12-16T06:53:24.338+0000] {processor.py:157} INFO - Started process (PID=8609) to work on /opt/airflow/dags/snowflake_dag.py
[2023-12-16T06:53:24.339+0000] {processor.py:829} INFO - Processing file /opt/airflow/dags/snowflake_dag.py for tasks to queue
[2023-12-16T06:53:24.340+0000] {logging_mixin.py:154} INFO - [2023-12-16T06:53:24.340+0000] {dagbag.py:536} INFO - Filling up the DagBag from /opt/airflow/dags/snowflake_dag.py
[2023-12-16T06:53:24.349+0000] {processor.py:839} INFO - DAG(s) dict_keys(['snow_pipeline']) retrieved from /opt/airflow/dags/snowflake_dag.py
[2023-12-16T06:53:24.364+0000] {logging_mixin.py:154} INFO - [2023-12-16T06:53:24.364+0000] {dag.py:2941} INFO - Sync 1 DAGs
[2023-12-16T06:53:24.377+0000] {logging_mixin.py:154} INFO - [2023-12-16T06:53:24.377+0000] {dag.py:3722} INFO - Setting next_dagrun for snow_pipeline to 2023-12-16T00:00:00+00:00, run_after=2023-12-17T00:00:00+00:00
[2023-12-16T06:53:24.386+0000] {processor.py:179} INFO - Processing /opt/airflow/dags/snowflake_dag.py took 0.050 seconds
[2023-12-16T06:53:54.931+0000] {processor.py:157} INFO - Started process (PID=8636) to work on /opt/airflow/dags/snowflake_dag.py
[2023-12-16T06:53:54.932+0000] {processor.py:829} INFO - Processing file /opt/airflow/dags/snowflake_dag.py for tasks to queue
[2023-12-16T06:53:54.933+0000] {logging_mixin.py:154} INFO - [2023-12-16T06:53:54.933+0000] {dagbag.py:536} INFO - Filling up the DagBag from /opt/airflow/dags/snowflake_dag.py
[2023-12-16T06:53:54.942+0000] {processor.py:839} INFO - DAG(s) dict_keys(['snow_pipeline']) retrieved from /opt/airflow/dags/snowflake_dag.py
[2023-12-16T06:53:54.957+0000] {logging_mixin.py:154} INFO - [2023-12-16T06:53:54.956+0000] {dag.py:2941} INFO - Sync 1 DAGs
[2023-12-16T06:53:54.969+0000] {logging_mixin.py:154} INFO - [2023-12-16T06:53:54.969+0000] {dag.py:3722} INFO - Setting next_dagrun for snow_pipeline to 2023-12-16T00:00:00+00:00, run_after=2023-12-17T00:00:00+00:00
[2023-12-16T06:53:54.979+0000] {processor.py:179} INFO - Processing /opt/airflow/dags/snowflake_dag.py took 0.050 seconds
[2023-12-16T06:54:25.436+0000] {processor.py:157} INFO - Started process (PID=8663) to work on /opt/airflow/dags/snowflake_dag.py
[2023-12-16T06:54:25.436+0000] {processor.py:829} INFO - Processing file /opt/airflow/dags/snowflake_dag.py for tasks to queue
[2023-12-16T06:54:25.438+0000] {logging_mixin.py:154} INFO - [2023-12-16T06:54:25.438+0000] {dagbag.py:536} INFO - Filling up the DagBag from /opt/airflow/dags/snowflake_dag.py
[2023-12-16T06:54:25.446+0000] {processor.py:839} INFO - DAG(s) dict_keys(['snow_pipeline']) retrieved from /opt/airflow/dags/snowflake_dag.py
[2023-12-16T06:54:25.462+0000] {logging_mixin.py:154} INFO - [2023-12-16T06:54:25.462+0000] {dag.py:2941} INFO - Sync 1 DAGs
[2023-12-16T06:54:25.475+0000] {logging_mixin.py:154} INFO - [2023-12-16T06:54:25.475+0000] {dag.py:3722} INFO - Setting next_dagrun for snow_pipeline to 2023-12-16T00:00:00+00:00, run_after=2023-12-17T00:00:00+00:00
[2023-12-16T06:54:25.484+0000] {processor.py:179} INFO - Processing /opt/airflow/dags/snowflake_dag.py took 0.050 seconds
[2023-12-16T06:54:55.942+0000] {processor.py:157} INFO - Started process (PID=8690) to work on /opt/airflow/dags/snowflake_dag.py
[2023-12-16T06:54:55.942+0000] {processor.py:829} INFO - Processing file /opt/airflow/dags/snowflake_dag.py for tasks to queue
[2023-12-16T06:54:55.944+0000] {logging_mixin.py:154} INFO - [2023-12-16T06:54:55.944+0000] {dagbag.py:536} INFO - Filling up the DagBag from /opt/airflow/dags/snowflake_dag.py
[2023-12-16T06:54:55.953+0000] {processor.py:839} INFO - DAG(s) dict_keys(['snow_pipeline']) retrieved from /opt/airflow/dags/snowflake_dag.py
[2023-12-16T06:54:55.969+0000] {logging_mixin.py:154} INFO - [2023-12-16T06:54:55.969+0000] {dag.py:2941} INFO - Sync 1 DAGs
[2023-12-16T06:54:55.982+0000] {logging_mixin.py:154} INFO - [2023-12-16T06:54:55.982+0000] {dag.py:3722} INFO - Setting next_dagrun for snow_pipeline to 2023-12-16T00:00:00+00:00, run_after=2023-12-17T00:00:00+00:00
[2023-12-16T06:54:55.991+0000] {processor.py:179} INFO - Processing /opt/airflow/dags/snowflake_dag.py took 0.052 seconds
[2023-12-16T06:55:26.448+0000] {processor.py:157} INFO - Started process (PID=8717) to work on /opt/airflow/dags/snowflake_dag.py
[2023-12-16T06:55:26.448+0000] {processor.py:829} INFO - Processing file /opt/airflow/dags/snowflake_dag.py for tasks to queue
[2023-12-16T06:55:26.450+0000] {logging_mixin.py:154} INFO - [2023-12-16T06:55:26.450+0000] {dagbag.py:536} INFO - Filling up the DagBag from /opt/airflow/dags/snowflake_dag.py
[2023-12-16T06:55:26.458+0000] {processor.py:839} INFO - DAG(s) dict_keys(['snow_pipeline']) retrieved from /opt/airflow/dags/snowflake_dag.py
[2023-12-16T06:55:26.474+0000] {logging_mixin.py:154} INFO - [2023-12-16T06:55:26.474+0000] {dag.py:2941} INFO - Sync 1 DAGs
[2023-12-16T06:55:26.487+0000] {logging_mixin.py:154} INFO - [2023-12-16T06:55:26.487+0000] {dag.py:3722} INFO - Setting next_dagrun for snow_pipeline to 2023-12-16T00:00:00+00:00, run_after=2023-12-17T00:00:00+00:00
[2023-12-16T06:55:26.498+0000] {processor.py:179} INFO - Processing /opt/airflow/dags/snowflake_dag.py took 0.052 seconds
[2023-12-16T06:55:57.030+0000] {processor.py:157} INFO - Started process (PID=8744) to work on /opt/airflow/dags/snowflake_dag.py
[2023-12-16T06:55:57.031+0000] {processor.py:829} INFO - Processing file /opt/airflow/dags/snowflake_dag.py for tasks to queue
[2023-12-16T06:55:57.033+0000] {logging_mixin.py:154} INFO - [2023-12-16T06:55:57.033+0000] {dagbag.py:536} INFO - Filling up the DagBag from /opt/airflow/dags/snowflake_dag.py
[2023-12-16T06:55:57.041+0000] {processor.py:839} INFO - DAG(s) dict_keys(['snow_pipeline']) retrieved from /opt/airflow/dags/snowflake_dag.py
[2023-12-16T06:55:57.060+0000] {logging_mixin.py:154} INFO - [2023-12-16T06:55:57.059+0000] {dag.py:2941} INFO - Sync 1 DAGs
[2023-12-16T06:55:57.073+0000] {logging_mixin.py:154} INFO - [2023-12-16T06:55:57.073+0000] {dag.py:3722} INFO - Setting next_dagrun for snow_pipeline to 2023-12-16T00:00:00+00:00, run_after=2023-12-17T00:00:00+00:00
[2023-12-16T06:55:57.082+0000] {processor.py:179} INFO - Processing /opt/airflow/dags/snowflake_dag.py took 0.053 seconds
[2023-12-16T06:56:27.587+0000] {processor.py:157} INFO - Started process (PID=8771) to work on /opt/airflow/dags/snowflake_dag.py
[2023-12-16T06:56:27.588+0000] {processor.py:829} INFO - Processing file /opt/airflow/dags/snowflake_dag.py for tasks to queue
[2023-12-16T06:56:27.590+0000] {logging_mixin.py:154} INFO - [2023-12-16T06:56:27.589+0000] {dagbag.py:536} INFO - Filling up the DagBag from /opt/airflow/dags/snowflake_dag.py
[2023-12-16T06:56:27.598+0000] {processor.py:839} INFO - DAG(s) dict_keys(['snow_pipeline']) retrieved from /opt/airflow/dags/snowflake_dag.py
[2023-12-16T06:56:27.614+0000] {logging_mixin.py:154} INFO - [2023-12-16T06:56:27.614+0000] {dag.py:2941} INFO - Sync 1 DAGs
[2023-12-16T06:56:27.628+0000] {logging_mixin.py:154} INFO - [2023-12-16T06:56:27.628+0000] {dag.py:3722} INFO - Setting next_dagrun for snow_pipeline to 2023-12-16T00:00:00+00:00, run_after=2023-12-17T00:00:00+00:00
[2023-12-16T06:56:27.637+0000] {processor.py:179} INFO - Processing /opt/airflow/dags/snowflake_dag.py took 0.052 seconds
[2023-12-16T06:56:57.995+0000] {processor.py:157} INFO - Started process (PID=8798) to work on /opt/airflow/dags/snowflake_dag.py
[2023-12-16T06:56:57.996+0000] {processor.py:829} INFO - Processing file /opt/airflow/dags/snowflake_dag.py for tasks to queue
[2023-12-16T06:56:57.997+0000] {logging_mixin.py:154} INFO - [2023-12-16T06:56:57.997+0000] {dagbag.py:536} INFO - Filling up the DagBag from /opt/airflow/dags/snowflake_dag.py
[2023-12-16T06:56:58.006+0000] {processor.py:839} INFO - DAG(s) dict_keys(['snow_pipeline']) retrieved from /opt/airflow/dags/snowflake_dag.py
[2023-12-16T06:56:58.021+0000] {logging_mixin.py:154} INFO - [2023-12-16T06:56:58.021+0000] {dag.py:2941} INFO - Sync 1 DAGs
[2023-12-16T06:56:58.033+0000] {logging_mixin.py:154} INFO - [2023-12-16T06:56:58.033+0000] {dag.py:3722} INFO - Setting next_dagrun for snow_pipeline to 2023-12-16T00:00:00+00:00, run_after=2023-12-17T00:00:00+00:00
[2023-12-16T06:56:58.043+0000] {processor.py:179} INFO - Processing /opt/airflow/dags/snowflake_dag.py took 0.050 seconds
[2023-12-16T06:57:28.551+0000] {processor.py:157} INFO - Started process (PID=8825) to work on /opt/airflow/dags/snowflake_dag.py
[2023-12-16T06:57:28.552+0000] {processor.py:829} INFO - Processing file /opt/airflow/dags/snowflake_dag.py for tasks to queue
[2023-12-16T06:57:28.554+0000] {logging_mixin.py:154} INFO - [2023-12-16T06:57:28.554+0000] {dagbag.py:536} INFO - Filling up the DagBag from /opt/airflow/dags/snowflake_dag.py
[2023-12-16T06:57:28.562+0000] {processor.py:839} INFO - DAG(s) dict_keys(['snow_pipeline']) retrieved from /opt/airflow/dags/snowflake_dag.py
[2023-12-16T06:57:28.579+0000] {logging_mixin.py:154} INFO - [2023-12-16T06:57:28.578+0000] {dag.py:2941} INFO - Sync 1 DAGs
[2023-12-16T06:57:28.592+0000] {logging_mixin.py:154} INFO - [2023-12-16T06:57:28.592+0000] {dag.py:3722} INFO - Setting next_dagrun for snow_pipeline to 2023-12-16T00:00:00+00:00, run_after=2023-12-17T00:00:00+00:00
[2023-12-16T06:57:28.601+0000] {processor.py:179} INFO - Processing /opt/airflow/dags/snowflake_dag.py took 0.051 seconds
[2023-12-16T06:57:59.034+0000] {processor.py:157} INFO - Started process (PID=8852) to work on /opt/airflow/dags/snowflake_dag.py
[2023-12-16T06:57:59.034+0000] {processor.py:829} INFO - Processing file /opt/airflow/dags/snowflake_dag.py for tasks to queue
[2023-12-16T06:57:59.036+0000] {logging_mixin.py:154} INFO - [2023-12-16T06:57:59.036+0000] {dagbag.py:536} INFO - Filling up the DagBag from /opt/airflow/dags/snowflake_dag.py
[2023-12-16T06:57:59.044+0000] {processor.py:839} INFO - DAG(s) dict_keys(['snow_pipeline']) retrieved from /opt/airflow/dags/snowflake_dag.py
[2023-12-16T06:57:59.059+0000] {logging_mixin.py:154} INFO - [2023-12-16T06:57:59.059+0000] {dag.py:2941} INFO - Sync 1 DAGs
[2023-12-16T06:57:59.072+0000] {logging_mixin.py:154} INFO - [2023-12-16T06:57:59.072+0000] {dag.py:3722} INFO - Setting next_dagrun for snow_pipeline to 2023-12-16T00:00:00+00:00, run_after=2023-12-17T00:00:00+00:00
[2023-12-16T06:57:59.081+0000] {processor.py:179} INFO - Processing /opt/airflow/dags/snowflake_dag.py took 0.049 seconds
[2023-12-16T06:58:29.547+0000] {processor.py:157} INFO - Started process (PID=8879) to work on /opt/airflow/dags/snowflake_dag.py
[2023-12-16T06:58:29.548+0000] {processor.py:829} INFO - Processing file /opt/airflow/dags/snowflake_dag.py for tasks to queue
[2023-12-16T06:58:29.549+0000] {logging_mixin.py:154} INFO - [2023-12-16T06:58:29.549+0000] {dagbag.py:536} INFO - Filling up the DagBag from /opt/airflow/dags/snowflake_dag.py
[2023-12-16T06:58:29.560+0000] {processor.py:839} INFO - DAG(s) dict_keys(['snow_pipeline']) retrieved from /opt/airflow/dags/snowflake_dag.py
[2023-12-16T06:58:29.577+0000] {logging_mixin.py:154} INFO - [2023-12-16T06:58:29.577+0000] {dag.py:2941} INFO - Sync 1 DAGs
[2023-12-16T06:58:29.591+0000] {logging_mixin.py:154} INFO - [2023-12-16T06:58:29.590+0000] {dag.py:3722} INFO - Setting next_dagrun for snow_pipeline to 2023-12-16T00:00:00+00:00, run_after=2023-12-17T00:00:00+00:00
[2023-12-16T06:58:29.600+0000] {processor.py:179} INFO - Processing /opt/airflow/dags/snowflake_dag.py took 0.057 seconds
[2023-12-16T06:59:00.023+0000] {processor.py:157} INFO - Started process (PID=8906) to work on /opt/airflow/dags/snowflake_dag.py
[2023-12-16T06:59:00.024+0000] {processor.py:829} INFO - Processing file /opt/airflow/dags/snowflake_dag.py for tasks to queue
[2023-12-16T06:59:00.025+0000] {logging_mixin.py:154} INFO - [2023-12-16T06:59:00.025+0000] {dagbag.py:536} INFO - Filling up the DagBag from /opt/airflow/dags/snowflake_dag.py
[2023-12-16T06:59:00.033+0000] {processor.py:839} INFO - DAG(s) dict_keys(['snow_pipeline']) retrieved from /opt/airflow/dags/snowflake_dag.py
[2023-12-16T06:59:00.049+0000] {logging_mixin.py:154} INFO - [2023-12-16T06:59:00.049+0000] {dag.py:2941} INFO - Sync 1 DAGs
[2023-12-16T06:59:00.063+0000] {logging_mixin.py:154} INFO - [2023-12-16T06:59:00.063+0000] {dag.py:3722} INFO - Setting next_dagrun for snow_pipeline to 2023-12-16T00:00:00+00:00, run_after=2023-12-17T00:00:00+00:00
[2023-12-16T06:59:00.072+0000] {processor.py:179} INFO - Processing /opt/airflow/dags/snowflake_dag.py took 0.051 seconds
[2023-12-16T06:59:30.508+0000] {processor.py:157} INFO - Started process (PID=8938) to work on /opt/airflow/dags/snowflake_dag.py
[2023-12-16T06:59:30.509+0000] {processor.py:829} INFO - Processing file /opt/airflow/dags/snowflake_dag.py for tasks to queue
[2023-12-16T06:59:30.510+0000] {logging_mixin.py:154} INFO - [2023-12-16T06:59:30.510+0000] {dagbag.py:536} INFO - Filling up the DagBag from /opt/airflow/dags/snowflake_dag.py
[2023-12-16T06:59:30.525+0000] {processor.py:839} INFO - DAG(s) dict_keys(['snow_pipeline']) retrieved from /opt/airflow/dags/snowflake_dag.py
[2023-12-16T06:59:30.565+0000] {logging_mixin.py:154} INFO - [2023-12-16T06:59:30.564+0000] {dag.py:2941} INFO - Sync 1 DAGs
[2023-12-16T06:59:30.583+0000] {logging_mixin.py:154} INFO - [2023-12-16T06:59:30.583+0000] {dag.py:3722} INFO - Setting next_dagrun for snow_pipeline to 2023-12-16T00:00:00+00:00, run_after=2023-12-17T00:00:00+00:00
[2023-12-16T06:59:30.597+0000] {processor.py:179} INFO - Processing /opt/airflow/dags/snowflake_dag.py took 0.093 seconds
[2023-12-16T07:00:39.738+0000] {processor.py:157} INFO - Started process (PID=177) to work on /opt/airflow/dags/snowflake_dag.py
[2023-12-16T07:00:39.738+0000] {processor.py:829} INFO - Processing file /opt/airflow/dags/snowflake_dag.py for tasks to queue
[2023-12-16T07:00:39.740+0000] {logging_mixin.py:154} INFO - [2023-12-16T07:00:39.740+0000] {dagbag.py:536} INFO - Filling up the DagBag from /opt/airflow/dags/snowflake_dag.py
[2023-12-16T07:00:39.748+0000] {processor.py:839} INFO - DAG(s) dict_keys(['snow_pipeline']) retrieved from /opt/airflow/dags/snowflake_dag.py
[2023-12-16T07:00:39.803+0000] {logging_mixin.py:154} INFO - [2023-12-16T07:00:39.802+0000] {dag.py:2941} INFO - Sync 1 DAGs
[2023-12-16T07:00:39.816+0000] {logging_mixin.py:154} INFO - [2023-12-16T07:00:39.816+0000] {dag.py:3722} INFO - Setting next_dagrun for snow_pipeline to 2023-12-16T00:00:00+00:00, run_after=2023-12-17T00:00:00+00:00
[2023-12-16T07:00:39.825+0000] {processor.py:179} INFO - Processing /opt/airflow/dags/snowflake_dag.py took 0.090 seconds
[2023-12-16T07:01:10.463+0000] {processor.py:157} INFO - Started process (PID=203) to work on /opt/airflow/dags/snowflake_dag.py
[2023-12-16T07:01:10.464+0000] {processor.py:829} INFO - Processing file /opt/airflow/dags/snowflake_dag.py for tasks to queue
[2023-12-16T07:01:10.466+0000] {logging_mixin.py:154} INFO - [2023-12-16T07:01:10.466+0000] {dagbag.py:536} INFO - Filling up the DagBag from /opt/airflow/dags/snowflake_dag.py
[2023-12-16T07:01:10.475+0000] {processor.py:839} INFO - DAG(s) dict_keys(['snow_pipeline']) retrieved from /opt/airflow/dags/snowflake_dag.py
[2023-12-16T07:01:10.497+0000] {logging_mixin.py:154} INFO - [2023-12-16T07:01:10.495+0000] {dag.py:2941} INFO - Sync 1 DAGs
[2023-12-16T07:01:10.510+0000] {logging_mixin.py:154} INFO - [2023-12-16T07:01:10.510+0000] {dag.py:3722} INFO - Setting next_dagrun for snow_pipeline to 2023-12-16T00:00:00+00:00, run_after=2023-12-17T00:00:00+00:00
[2023-12-16T07:01:10.522+0000] {processor.py:179} INFO - Processing /opt/airflow/dags/snowflake_dag.py took 0.060 seconds
[2023-12-16T07:01:40.999+0000] {processor.py:157} INFO - Started process (PID=230) to work on /opt/airflow/dags/snowflake_dag.py
[2023-12-16T07:01:41.000+0000] {processor.py:829} INFO - Processing file /opt/airflow/dags/snowflake_dag.py for tasks to queue
[2023-12-16T07:01:41.002+0000] {logging_mixin.py:154} INFO - [2023-12-16T07:01:41.001+0000] {dagbag.py:536} INFO - Filling up the DagBag from /opt/airflow/dags/snowflake_dag.py
[2023-12-16T07:01:41.014+0000] {processor.py:839} INFO - DAG(s) dict_keys(['snow_pipeline']) retrieved from /opt/airflow/dags/snowflake_dag.py
[2023-12-16T07:01:41.032+0000] {logging_mixin.py:154} INFO - [2023-12-16T07:01:41.031+0000] {dag.py:2941} INFO - Sync 1 DAGs
[2023-12-16T07:01:41.047+0000] {logging_mixin.py:154} INFO - [2023-12-16T07:01:41.047+0000] {dag.py:3722} INFO - Setting next_dagrun for snow_pipeline to 2023-12-16T00:00:00+00:00, run_after=2023-12-17T00:00:00+00:00
[2023-12-16T07:01:41.057+0000] {processor.py:179} INFO - Processing /opt/airflow/dags/snowflake_dag.py took 0.060 seconds
