[2023-12-15T08:09:44.312+0000] {taskinstance.py:1159} INFO - Dependencies all met for dep_context=non-requeueable deps ti=<TaskInstance: snow_pipeline.creating_tables manual__2023-12-15T08:09:31.795561+00:00 [queued]>
[2023-12-15T08:09:44.317+0000] {taskinstance.py:1159} INFO - Dependencies all met for dep_context=requeueable deps ti=<TaskInstance: snow_pipeline.creating_tables manual__2023-12-15T08:09:31.795561+00:00 [queued]>
[2023-12-15T08:09:44.317+0000] {taskinstance.py:1361} INFO - Starting attempt 2 of 3
[2023-12-15T08:09:44.324+0000] {taskinstance.py:1382} INFO - Executing <Task(SnowflakeOperator): creating_tables> on 2023-12-15 08:09:31.795561+00:00
[2023-12-15T08:09:44.329+0000] {standard_task_runner.py:57} INFO - Started process 656 to run task
[2023-12-15T08:09:44.331+0000] {standard_task_runner.py:84} INFO - Running: ['***', 'tasks', 'run', 'snow_pipeline', 'creating_tables', 'manual__2023-12-15T08:09:31.795561+00:00', '--job-id', '216', '--raw', '--subdir', 'DAGS_FOLDER/snowflake_dag.py', '--cfg-path', '/tmp/tmpnvvtjh53']
[2023-12-15T08:09:44.334+0000] {standard_task_runner.py:85} INFO - Job 216: Subtask creating_tables
[2023-12-15T08:09:44.361+0000] {task_command.py:416} INFO - Running <TaskInstance: snow_pipeline.creating_tables manual__2023-12-15T08:09:31.795561+00:00 [running]> on host e65e9d73b232
[2023-12-15T08:09:44.406+0000] {taskinstance.py:1662} INFO - Exporting env vars: AIRFLOW_CTX_DAG_OWNER='sarthak' AIRFLOW_CTX_DAG_ID='snow_pipeline' AIRFLOW_CTX_TASK_ID='creating_tables' AIRFLOW_CTX_EXECUTION_DATE='2023-12-15T08:09:31.795561+00:00' AIRFLOW_CTX_TRY_NUMBER='2' AIRFLOW_CTX_DAG_RUN_ID='manual__2023-12-15T08:09:31.795561+00:00'
[2023-12-15T08:09:44.407+0000] {sql.py:274} INFO - Executing: 
create or replace table webpage(
webpage_sk int,
webpage_id varchar(20),
url varchar(100),
ad_count int);
create or replace table webpage_sales(
webpage_sk int,
orderno int,
qty int,
net_profit number(10,2)
);
[2023-12-15T08:09:44.419+0000] {taskinstance.py:1937} ERROR - Task failed with exception
Traceback (most recent call last):
  File "/home/airflow/.local/lib/python3.8/site-packages/airflow/providers/common/sql/operators/sql.py", line 275, in execute
    hook = self.get_db_hook()
  File "/home/airflow/.local/lib/python3.8/site-packages/airflow/providers/common/sql/operators/sql.py", line 186, in get_db_hook
    return self._hook
  File "/usr/local/lib/python3.8/functools.py", line 967, in __get__
    val = self.func(instance)
  File "/home/airflow/.local/lib/python3.8/site-packages/airflow/providers/common/sql/operators/sql.py", line 148, in _hook
    conn = BaseHook.get_connection(conn_id)
  File "/home/airflow/.local/lib/python3.8/site-packages/airflow/hooks/base.py", line 72, in get_connection
    conn = Connection.get_connection_from_secrets(conn_id)
  File "/home/airflow/.local/lib/python3.8/site-packages/airflow/models/connection.py", line 477, in get_connection_from_secrets
    raise AirflowNotFoundException(f"The conn_id `{conn_id}` isn't defined")
airflow.exceptions.AirflowNotFoundException: The conn_id `snowflake2` isn't defined
[2023-12-15T08:09:44.424+0000] {taskinstance.py:1400} INFO - Marking task as UP_FOR_RETRY. dag_id=snow_pipeline, task_id=creating_tables, execution_date=20231215T080931, start_date=20231215T080944, end_date=20231215T080944
[2023-12-15T08:09:44.433+0000] {standard_task_runner.py:104} ERROR - Failed to execute job 216 for task creating_tables (The conn_id `snowflake2` isn't defined; 656)
[2023-12-15T08:09:44.464+0000] {local_task_job_runner.py:228} INFO - Task exited with return code 1
[2023-12-15T08:09:44.474+0000] {taskinstance.py:2778} INFO - 0 downstream tasks scheduled from follow-on schedule check
