[2023-12-14T12:18:01.104+0000] {taskinstance.py:1159} INFO - Dependencies all met for dep_context=non-requeueable deps ti=<TaskInstance: restapi-pipeline.copy_into_csv_table manual__2023-12-14T12:17:43.467514+00:00 [queued]>
[2023-12-14T12:18:01.110+0000] {taskinstance.py:1159} INFO - Dependencies all met for dep_context=requeueable deps ti=<TaskInstance: restapi-pipeline.copy_into_csv_table manual__2023-12-14T12:17:43.467514+00:00 [queued]>
[2023-12-14T12:18:01.111+0000] {taskinstance.py:1361} INFO - Starting attempt 1 of 3
[2023-12-14T12:18:01.119+0000] {taskinstance.py:1382} INFO - Executing <Task(SnowflakeOperator): copy_into_csv_table> on 2023-12-14 12:17:43.467514+00:00
[2023-12-14T12:18:01.124+0000] {standard_task_runner.py:57} INFO - Started process 326 to run task
[2023-12-14T12:18:01.128+0000] {standard_task_runner.py:84} INFO - Running: ['***', 'tasks', 'run', 'restapi-pipeline', 'copy_into_csv_table', 'manual__2023-12-14T12:17:43.467514+00:00', '--job-id', '198', '--raw', '--subdir', 'DAGS_FOLDER/restapi.py', '--cfg-path', '/tmp/tmpb86092rm']
[2023-12-14T12:18:01.131+0000] {standard_task_runner.py:85} INFO - Job 198: Subtask copy_into_csv_table
[2023-12-14T12:18:01.174+0000] {task_command.py:416} INFO - Running <TaskInstance: restapi-pipeline.copy_into_csv_table manual__2023-12-14T12:17:43.467514+00:00 [running]> on host 263446271fd4
[2023-12-14T12:18:01.232+0000] {taskinstance.py:1662} INFO - Exporting env vars: AIRFLOW_CTX_DAG_OWNER='sarthak' AIRFLOW_CTX_DAG_ID='restapi-pipeline' AIRFLOW_CTX_TASK_ID='copy_into_csv_table' AIRFLOW_CTX_EXECUTION_DATE='2023-12-14T12:17:43.467514+00:00' AIRFLOW_CTX_TRY_NUMBER='1' AIRFLOW_CTX_DAG_RUN_ID='manual__2023-12-14T12:17:43.467514+00:00'
[2023-12-14T12:18:01.232+0000] {sql.py:274} INFO - Executing: COPY INTO coin_price_csv (uuid,symbol,name ,color ,iconUrl ,marketCap,price ,
listedAt ,tier ,change ,ranking ,sparkline,lowVolume ,coinrankingUrl ,dayVolume ,btcPrice )
FROM @csv_s3_stage
FILE_FORMAT = (FORMAT_NAME = my_csv_format)
ON_ERROR=CONTINUE 
[2023-12-14T12:18:01.238+0000] {base.py:73} INFO - Using connection ID 'snowflake_default' for task execution.
[2023-12-14T12:18:01.243+0000] {base.py:73} INFO - Using connection ID 'snowflake_default' for task execution.
[2023-12-14T12:18:01.244+0000] {connection.py:334} INFO - Snowflake Connector for Python Version: 3.3.1, Python Version: 3.8.18, Platform: Linux-6.5.11-linuxkit-aarch64-with-glibc2.17
[2023-12-14T12:18:01.244+0000] {connection.py:1103} INFO - This connection is in OCSP Fail Open Mode. TLS Certificates would be checked for validity and revocation status. Any other Certificate Revocation related exceptions or OCSP Responder failures would be disregarded in favor of connectivity.
[2023-12-14T12:18:01.245+0000] {connection.py:1121} INFO - Setting use_openssl_only mode to False
[2023-12-14T12:18:01.776+0000] {cursor.py:833} INFO - query: [ALTER SESSION SET autocommit=False]
[2023-12-14T12:18:01.884+0000] {cursor.py:846} INFO - query execution done
[2023-12-14T12:18:01.885+0000] {cursor.py:988} INFO - Number of results in first chunk: 1
[2023-12-14T12:18:01.885+0000] {sql.py:418} INFO - Running statement: COPY INTO coin_price_csv (uuid,symbol,name ,color ,iconUrl ,marketCap,price ,
listedAt ,tier ,change ,ranking ,sparkline,lowVolume ,coinrankingUrl ,dayVolume ,btcPrice )
FROM @csv_s3_stage
FILE_FORMAT = (FORMAT_NAME = my_csv_format)
ON_ERROR=CONTINUE, parameters: None
[2023-12-14T12:18:01.885+0000] {cursor.py:833} INFO - query: [COPY INTO coin_price_csv (uuid,symbol,name ,color ,iconUrl ,marketCap,price , li...]
[2023-12-14T12:18:05.292+0000] {cursor.py:846} INFO - query execution done
[2023-12-14T12:18:05.295+0000] {cursor.py:988} INFO - Number of results in first chunk: 1
[2023-12-14T12:18:05.296+0000] {sql.py:427} INFO - Rows affected: 1
[2023-12-14T12:18:05.298+0000] {snowflake.py:400} INFO - Rows affected: 1
[2023-12-14T12:18:05.298+0000] {snowflake.py:401} INFO - Snowflake query id: 01b0fb82-3200-f6a0-0007-44420001c242
[2023-12-14T12:18:05.299+0000] {cursor.py:833} INFO - query: [COMMIT]
[2023-12-14T12:18:05.576+0000] {cursor.py:846} INFO - query execution done
[2023-12-14T12:18:05.577+0000] {cursor.py:988} INFO - Number of results in first chunk: 1
[2023-12-14T12:18:05.578+0000] {connection.py:677} INFO - closed
[2023-12-14T12:18:05.641+0000] {connection.py:683} INFO - No async queries seem to be running, deleting session
[2023-12-14T12:18:05.741+0000] {taskinstance.py:1400} INFO - Marking task as SUCCESS. dag_id=restapi-pipeline, task_id=copy_into_csv_table, execution_date=20231214T121743, start_date=20231214T121801, end_date=20231214T121805
[2023-12-14T12:18:05.770+0000] {local_task_job_runner.py:228} INFO - Task exited with return code 0
[2023-12-14T12:18:05.788+0000] {taskinstance.py:2778} INFO - 0 downstream tasks scheduled from follow-on schedule check
